FILE_TYPE=LIBRARY_PARTS;
TIME=' COMPILATION ON FRI FEB 18 18:15:13 1994  ';
primitive 'SNODISC';
  pin
    'PEN4':
      PIN_NUMBER='(69)';
      INPUT_LOAD='(-0.01,0.01)';
    'PEN3':
      PIN_NUMBER='(59)';
      INPUT_LOAD='(-0.01,0.01)';
    'PEN2':
      PIN_NUMBER='(27)';
      INPUT_LOAD='(-0.01,0.01)';
    'PEN1':
      PIN_NUMBER='(17)';
      INPUT_LOAD='(-0.01,0.01)';
    'RMPUP':
      PIN_NUMBER='(13)';
      INPUT_LOAD='(-0.01,0.01)';
    'ITWK':
      PIN_NUMBER='(71)';
      INPUT_LOAD='(-0.01,0.01)';
    'RMP':
      PIN_NUMBER='(12)';
      INPUT_LOAD='(-0.01,0.01)';
    'VLI':
      PIN_NUMBER='(74)';
      INPUT_LOAD='(-0.01,0.01)';
    'VSI':
      PIN_NUMBER='(73)';
      INPUT_LOAD='(-0.01,0.01)';
    'INTMB4':
      PIN_NUMBER='(81)';
      INPUT_LOAD='(-0.01,0.01)';
    'INTB4':
      PIN_NUMBER='(80)';
      INPUT_LOAD='(-0.01,0.01)';
    'INTMB3':
      PIN_NUMBER='(47)';
      INPUT_LOAD='(-0.01,0.01)';
    'INTB3':
      PIN_NUMBER='(48)';
      INPUT_LOAD='(-0.01,0.01)';
    'INTMB2':
      PIN_NUMBER='(39)';
      INPUT_LOAD='(-0.01,0.01)';
    'INTB2':
      PIN_NUMBER='(38)';
      INPUT_LOAD='(-0.01,0.01)';
    'INTMB1':
      PIN_NUMBER='(5)';
      INPUT_LOAD='(-0.01,0.01)';
    'INTB1':
      PIN_NUMBER='(6)';
      INPUT_LOAD='(-0.01,0.01)';
    'INTMA4':
      PIN_NUMBER='(78)';
      INPUT_LOAD='(-0.01,0.01)';
    'INTA4':
      PIN_NUMBER='(77)';
      INPUT_LOAD='(-0.01,0.01)';
    'INTMA3':
      PIN_NUMBER='(50)';
      INPUT_LOAD='(-0.01,0.01)';
    'INTA3':
      PIN_NUMBER='(51)';
      INPUT_LOAD='(-0.01,0.01)';
    'INTMA2':
      PIN_NUMBER='(36)';
      INPUT_LOAD='(-0.01,0.01)';
    'INTA2':
      PIN_NUMBER='(35)';
      INPUT_LOAD='(-0.01,0.01)';
    'INTMA1':
      PIN_NUMBER='(8)';
      INPUT_LOAD='(-0.01,0.01)';
    'INTA1':
      PIN_NUMBER='(9)';
      INPUT_LOAD='(-0.01,0.01)';
    'INB4':
      PIN_NUMBER='(84)';
      INPUT_LOAD='(-0.01,0.01)';
    'INA4':
      PIN_NUMBER='(83)';
      INPUT_LOAD='(-0.01,0.01)';
    'RAMP4':
      PIN_NUMBER='(72)';
      INPUT_LOAD='(-0.01,0.01)';
    'VTH4':
      PIN_NUMBER='(82)';
      INPUT_LOAD='(-0.01,0.01)';
    'RESB4':
      PIN_NUMBER='(68)';
      INPUT_LOAD='(-0.01,0.01)';
    'SAMA4':
      PIN_NUMBER='(65)';
      OUTPUT_LOAD='(1.0,-1.0)';
    'SAMB4':
      PIN_NUMBER='(66)';
      OUTPUT_LOAD='(1.0,-1.0)';
    'RESA4':
      PIN_NUMBER='(67)';
      OUTPUT_LOAD='(1.0,-1.0)';
    'INB3':
      PIN_NUMBER='(44)';
      INPUT_LOAD='(-0.01,0.01)';
    'VTH3':
      PIN_NUMBER='(46)';
      INPUT_LOAD='(-0.01,0.01)';
    'RAMP3':
      PIN_NUMBER='(56)';
      INPUT_LOAD='(-0.01,0.01)';
    'INA3':
      PIN_NUMBER='(45)';
      INPUT_LOAD='(-0.01,0.01)';
    'RESB3':
      PIN_NUMBER='(60)';
      OUTPUT_LOAD='(1.0,-1.0)';
    'SAMB3':
      PIN_NUMBER='(62)';
      OUTPUT_LOAD='(1.0,-1.0)';
    'RESA3':
      PIN_NUMBER='(61)';
      OUTPUT_LOAD='(1.0,-1.0)';
    'SAMA3':
      PIN_NUMBER='(63)';
      OUTPUT_LOAD='(1.0,-1.0)';
    'PEDA':
      PIN_NUMBER='(31)';
      INPUT_LOAD='(-0.01,0.01)';
    'PEDB':
      PIN_NUMBER='(32)';
      INPUT_LOAD='(-0.01,0.01)';
    'SAMB2':
      PIN_NUMBER='(24)';
      OUTPUT_LOAD='(1.0,-1.0)';
    'SAMA2':
      PIN_NUMBER='(23)';
      OUTPUT_LOAD='(1.0,-1.0)';
    'RESA2':
      PIN_NUMBER='(25)';
      OUTPUT_LOAD='(1.0,-1.0)';
    'RESB2':
      PIN_NUMBER='(26)';
      OUTPUT_LOAD='(1.0,-1.0)';
    'VTH2':
      PIN_NUMBER='(40)';
      INPUT_LOAD='(-0.01,0.01)';
    'INA2':
      PIN_NUMBER='(41)';
      INPUT_LOAD='(-0.01,0.01)';
    'INB2':
      PIN_NUMBER='(42)';
      INPUT_LOAD='(-0.01,0.01)';
    'RAMP2':
      PIN_NUMBER='(30)';
      INPUT_LOAD='(-0.01,0.01)';
    'RAMP1':
      PIN_NUMBER='(14)';
      INPUT_LOAD='(-0.01,0.01)';
    'RESB1':
      PIN_NUMBER='(18)';
      OUTPUT_LOAD='(1.0,-1.0)';
    'RESA1':
      PIN_NUMBER='(19)';
      OUTPUT_LOAD='(1.0,-1.0)';
    'SAMB1':
      PIN_NUMBER='(20)';
      OUTPUT_LOAD='(1.0,-1.0)';
    'SAMA1':
      PIN_NUMBER='(21)';
      OUTPUT_LOAD='(1.0,-1.0)';
    'VTH1':
      PIN_NUMBER='(4)';
      INPUT_LOAD='(-0.01,0.01)';
    'INB1':
      PIN_NUMBER='(2)';
      INPUT_LOAD='(-0.01,0.01)';
    'INA1':
      PIN_NUMBER='(3)';
      INPUT_LOAD='(-0.01,0.01)';
    'SUBA1':
      PIN_NUMBER='(1)';
      INPUT_LOAD='(-0.01,0.01)';
    'SUBA2':
      PIN_NUMBER='(43)';
      INPUT_LOAD='(-0.01,0.01)';
    'SUBD1':
      PIN_NUMBER='(22)';
      INPUT_LOAD='(-0.01,0.01)';
    'SUBD2':
      PIN_NUMBER='(64)';
      INPUT_LOAD='(-0.01,0.01)';
  end_pin;
  body
    JEDEC_TYPE='PLCC84';
    CLASS='IC';
    POWER_PINS='(GND:7,11,15,34,37,49,53,57,75,79)';
    POWER_PINS='(PLUS3:16)';
    POWER_PINS='(MINUS3:28,58,76)';
    POWER_PINS='(PLUS7:10,52,29,70,33)';
    NC_PINS='(54,55)';
  end_body;
end_primitive;
END.
