temp/xxnedtmp19/event.log NEWFILE1
temp/xxnedtmp19/text.log NEWFILE2
temp/xxnedtmp19/environ.log NEWFILE3
C:\Cadence\SPB_16.6\share\cdssetup/concept/concepthdl.scr FILE4
C:\Users\QGPWindowsVB\Downloads\orebi\SPB_Data\TUBII3\cds.lib FILE5
C:\Users\QGPWindowsVB\Downloads\orebi\SPB_Data\TUBII3\worklib\tubii\sch_1\page1.csb FILE6
C:\Users\QGPWindowsVB\Downloads\orebi\SPB_Data\TUBII3\worklib\tubii\sch_1\page1_csb.lck NEWFILE7
temp/xxnedtmp19/undo1.log NEWFILE8
C:\Users\QGPWindowsVB\Downloads\orebi\Parts\parts\misc\penn#20b#20size#20page\sym_1\symbol.css FILE9
C:\Users\QGPWindowsVB\Downloads\orebi\Parts\parts\resistors\rsmd0805\sym_1\symbol.css FILE10
C:\Users\QGPWindowsVB\Downloads\orebi\SPB_Data\TUBII3\worklib\tubii_clks\sym_1\symbol.css FILE11
C:\Users\QGPWindowsVB\Downloads\orebi\Parts\parts\ecl\10h116\sym_1\symbol.css FILE12
C:\Users\QGPWindowsVB\Downloads\orebi\Parts\parts\misc\testpoint_l\sym_1\symbol.css FILE13
C:\Users\QGPWindowsVB\Downloads\orebi\Parts\parts\misc\gnd\sym_1\symbol.css FILE14
C:\Users\QGPWindowsVB\Downloads\orebi\SPB_Data\TUBII3\worklib\ttl_progdelay\sym_1\symbol.css FILE15
C:\Users\QGPWindowsVB\Downloads\orebi\SPB_Data\TUBII3\worklib\select_lo_src\sym_1\symbol.css FILE16
C:\Users\QGPWindowsVB\Downloads\orebi\SPB_Data\TUBII3\worklib\async_puls_gen\sym_1\symbol.css FILE17
C:\Users\QGPWindowsVB\Downloads\orebi\SPB_Data\TUBII3\worklib\async_pulse_gen\sym_1\symbol.css FILE18
C:\Users\QGPWindowsVB\Downloads\orebi\SPB_Data\TUBII3\worklib\base_mon\sym_1\symbol.css FILE19
C:\Users\QGPWindowsVB\Downloads\orebi\SPB_Data\TUBII3\worklib\pulse_inverter\sym_1\symbol.css FILE20
C:\Users\QGPWindowsVB\Downloads\orebi\SPB_Data\TUBII3\worklib\clk_leds\sym_1\symbol.css FILE21
C:\Users\QGPWindowsVB\Downloads\orebi\SPB_Data\TUBII3\worklib\caen_coms\sym_1\symbol.css FILE22
C:\Users\QGPWindowsVB\Downloads\orebi\SPB_Data\TUBII3\worklib\progdelay\sym_1\symbol.css FILE23
C:\Users\QGPWindowsVB\Downloads\orebi\Parts\parts\standard\3#20merge\sym_1\symbol.css FILE24
C:\Users\QGPWindowsVB\Downloads\orebi\Parts\parts\ttl\hct238\sym_1\symbol.css FILE25
C:\Users\QGPWindowsVB\Downloads\orebi\SPB_Data\TUBII3\worklib\caen_select\sym_1\symbol.css FILE26
C:\Users\QGPWindowsVB\Downloads\orebi\SPB_Data\TUBII3\worklib\microzedconnection\sym_1\symbol.css FILE27
C:\Users\QGPWindowsVB\Downloads\orebi\Parts\parts\ecl\10h124\sym_1\symbol.css FILE28
C:\Users\QGPWindowsVB\Downloads\orebi\SPB_Data\TUBII3\worklib\fastcomp\sym_1\symbol.css FILE29
C:\Users\QGPWindowsVB\Downloads\orebi\SPB_Data\TUBII3\worklib\tuncomp\sym_1\symbol.css FILE30
C:\Users\QGPWindowsVB\Downloads\orebi\SPB_Data\TUBII3\worklib\ttl#2dto#2decl#2din\sym_1\symbol.css FILE31
C:\Users\QGPWindowsVB\Downloads\orebi\SPB_Data\TUBII3\worklib\datain\sym_1\symbol.css FILE32
C:\Users\QGPWindowsVB\Downloads\orebi\SPB_Data\TUBII3\worklib\asyncdelays\sym_1\symbol.css FILE33
C:\Users\QGPWindowsVB\Downloads\orebi\SPB_Data\TUBII3\worklib\ribbondelay\sym_1\symbol.css FILE34
C:\Users\QGPWindowsVB\Downloads\orebi\SPB_Data\TUBII3\worklib\ellie_comms\sym_1\symbol.css FILE35
C:\Users\QGPWindowsVB\Downloads\orebi\SPB_Data\TUBII3\worklib\tubiigt\sym_1\symbol.css FILE36
C:\Users\QGPWindowsVB\Downloads\orebi\SPB_Data\TUBII3\worklib\bursttrig\sym_1\symbol.css FILE37
C:\Users\QGPWindowsVB\Downloads\orebi\SPB_Data\TUBII3\worklib\tubii_time\sym_1\symbol.css FILE38
C:\Users\QGPWindowsVB\Downloads\orebi\SPB_Data\TUBII3\worklib\prescaletrig\sym_1\symbol.css FILE39
C:\Users\QGPWindowsVB\Downloads\orebi\SPB_Data\TUBII3\worklib\lvds#2decl\sym_1\symbol.css FILE40
C:\Users\QGPWindowsVB\Downloads\orebi\SPB_Data\TUBII3\worklib\ecl#2dlvds\sym_1\symbol.css FILE41
C:\Users\QGPWindowsVB\Downloads\orebi\SPB_Data\TUBII3\worklib\ttl#2decl\sym_1\symbol.css FILE42
C:\Users\QGPWindowsVB\Downloads\orebi\SPB_Data\TUBII3\worklib\ecl#2dttl\sym_1\symbol.css FILE43
C:\Users\QGPWindowsVB\Downloads\orebi\SPB_Data\TUBII3\worklib\ecl#2dnim\sym_1\symbol.css FILE44
C:\Users\QGPWindowsVB\Downloads\orebi\SPB_Data\TUBII3\worklib\nim#2decl\sym_1\symbol.css FILE45
C:\Users\QGPWindowsVB\Downloads\orebi\SPB_Data\TUBII3\worklib\latchexttrig\sym_1\symbol.css FILE46
C:\Users\QGPWindowsVB\Downloads\orebi\SPB_Data\TUBII3\worklib\powers\sym_1\symbol.css FILE47
C:\Users\QGPWindowsVB\Downloads\orebi\SPB_Data\TUBII3\worklib\exttrig\sym_1\symbol.css FILE48
C:\Users\QGPWindowsVB\Downloads\orebi\Parts\parts\ecl\10e116\sym_1\symbol.css FILE49
C:\Users\QGPWindowsVB\Downloads\orebi\SPB_Data\TUBII3\worklib\caen_chat\sym_1\symbol.css FILE50
C:\Users\QGPWindowsVB\Downloads\orebi\SPB_Data\TUBII3\worklib\tubii\sch_1\page1_csa.lck NEWFILE51
C:/Users/QGPWindowsVB/Downloads/orebi/SPB_Data/TUBII3/worklib/tubii/sch_1/tubii.xcon FILE52
C:/Users/QGPWindowsVB/Downloads/orebi/SPB_Data/TUBII3/worklib/tubii/sch_1/tubii.dcf FILE53
C:\Users\QGPWindowsVB\Downloads\orebi\SPB_Data\TUBII3\worklib\fastcomp\sch_1\page1.csb FILE54
C:\Users\QGPWindowsVB\Downloads\orebi\SPB_Data\TUBII3\worklib\fastcomp\sch_1\page1_csb.lck NEWFILE55
C:\Users\QGPWindowsVB\Downloads\orebi\Parts\parts\ttl\f74\sym_1\symbol.css FILE56
C:\Users\QGPWindowsVB\Downloads\orebi\Parts\parts\misc\ad7243\sym_1\symbol.css FILE57
C:\Users\QGPWindowsVB\Downloads\orebi\Parts\parts\ttl\f06\sym_1\symbol.css FILE58
C:\Users\QGPWindowsVB\Downloads\orebi\Parts\parts\ecl\10h104\sym_1\symbol.css FILE59
C:\Users\QGPWindowsVB\Downloads\orebi\Parts\parts\ecl\10e131\sym_1\symbol.css FILE60
C:\Users\QGPWindowsVB\Downloads\orebi\Parts\parts\ecl\10e101\sym_1\symbol.css FILE61
C:\Users\QGPWindowsVB\Downloads\orebi\Parts\parts\ecl\100el05\sym_1\symbol.css FILE62
C:\Users\QGPWindowsVB\Downloads\orebi\Parts\parts\capacitors\csmd0805\sym_1\symbol.css FILE63
C:\Users\QGPWindowsVB\Downloads\orebi\Parts\parts\misc\hct123\sym_1\symbol.css FILE64
C:\Users\QGPWindowsVB\Downloads\orebi\Parts\parts\misc\adcmp566\sym_1\symbol.css FILE65
C:\Users\QGPWindowsVB\Downloads\orebi\Parts\parts\ecl\10h125\sym_1\symbol.css FILE66
C:\Users\QGPWindowsVB\Downloads\orebi\Parts\parts\misc\led_1206\sym_1\symbol.css FILE67
C:\Users\QGPWindowsVB\Downloads\orebi\SPB_Data\TUBII3\worklib\fastcomp\sch_1\page1_csa.lck NEWFILE68
C:\Users\QGPWindowsVB\Downloads\orebi\SPB_Data\TUBII3\worklib\prescaletrig\sch_1\page1.csb FILE69
C:\Users\QGPWindowsVB\Downloads\orebi\SPB_Data\TUBII3\worklib\prescaletrig\sch_1\page1_csb.lck NEWFILE70
C:\Users\QGPWindowsVB\Downloads\orebi\Parts\parts\ttl\f07\sym_1\symbol.css FILE71
C:\Users\QGPWindowsVB\Downloads\orebi\Parts\parts\standard\4#20merge\sym_1\symbol.css FILE72
C:\Users\QGPWindowsVB\Downloads\orebi\SPB_Data\TUBII3\worklib\caen_chat\sch_1\page1.csb FILE73
C:\Users\QGPWindowsVB\Downloads\orebi\SPB_Data\TUBII3\worklib\caen_chat\sch_1\page1_csb.lck NEWFILE74
C:\Users\QGPWindowsVB\Downloads\orebi\SPB_Data\TUBII3\worklib\prescaletrig\sch_1\page1_csa.lck NEWFILE75
C:\Users\QGPWindowsVB\Downloads\orebi\Parts\parts\transistors\mmbth10\sym_1\symbol.css FILE76
C:\Users\QGPWindowsVB\Downloads\orebi\Parts\parts\misc\lvds_driver_ds10\sym_1\symbol.css FILE77
C:\Users\QGPWindowsVB\Downloads\orebi\Parts\parts\misc\ids_c10\sym_1\symbol.css FILE78
C:\Users\QGPWindowsVB\Downloads\orebi\Parts\parts\transistors\mmbth81lt1\sym_1\symbol.css FILE79
C:\Users\QGPWindowsVB\Downloads\orebi\SPB_Data\TUBII3\worklib\caen_chat\sch_1\page1_csa.lck NEWFILE80
temp/xxnedtmp19/undo2.log NEWFILE81
C:\Users\QGPWindowsVB\Downloads\orebi\SPB_Data\TUBII3\worklib\bursttrig\sch_1\page1.csb FILE82
C:\Users\QGPWindowsVB\Downloads\orebi\SPB_Data\TUBII3\worklib\bursttrig\sch_1\page1_csb.lck NEWFILE83
C:\Users\QGPWindowsVB\Downloads\orebi\SPB_Data\TUBII3\worklib\bursttrig\sch_1\page1_csa.lck NEWFILE84
C:\Users\QGPWindowsVB\Downloads\orebi\SPB_Data\TUBII3\worklib\asyncdelays\sch_1\page1.csb FILE85
C:\Users\QGPWindowsVB\Downloads\orebi\SPB_Data\TUBII3\worklib\asyncdelays\sch_1\page1_csb.lck NEWFILE86
C:\Users\QGPWindowsVB\Downloads\orebi\Parts\parts\ttl\ds102350\sym_1\symbol.css FILE87
C:\Users\QGPWindowsVB\Downloads\orebi\Parts\parts\ecl\10elt24\sym_1\symbol.css FILE88
C:\Users\QGPWindowsVB\Downloads\orebi\Parts\parts\ttl\ds1023500\sym_1\symbol.css FILE89
C:\Users\QGPWindowsVB\Downloads\orebi\Parts\parts\capacitors\cap_l\sym_1\symbol.css FILE90
C:\Users\QGPWindowsVB\Downloads\orebi\Parts\parts\resistors\res_l\sym_1\symbol.css FILE91
C:\Users\QGPWindowsVB\Downloads\orebi\Parts\parts\resistors\rsmd0603\sym_1\symbol.css FILE92
C:\Users\QGPWindowsVB\Downloads\orebi\SPB_Data\TUBII3\worklib\asyncdelays\sch_1\page1_csa.lck NEWFILE93
temp/xxnedtmp19/undo3.log NEWFILE94
C:\Users\QGPWindowsVB\Downloads\orebi\SPB_Data\TUBII3\worklib\base_mon\sch_1\page1.csb FILE95
C:\Users\QGPWindowsVB\Downloads\orebi\SPB_Data\TUBII3\worklib\base_mon\sch_1\page1_csb.lck NEWFILE96
C:\Users\QGPWindowsVB\Downloads\orebi\Parts\parts\misc\opa2277\sym_1\symbol.css FILE97
C:\Users\QGPWindowsVB\Downloads\orebi\Parts\parts\misc\opa4277\sym_1\symbol.css FILE98
C:\Users\QGPWindowsVB\Downloads\orebi\SPB_Data\TUBII3\worklib\base_mon\sch_1\page1_csa.lck NEWFILE99
C:\Users\QGPWindowsVB\Downloads\orebi\SPB_Data\TUBII3\worklib\ttl#2dto#2decl#2din\sch_1\page1.csb FILE100
C:\Users\QGPWindowsVB\Downloads\orebi\SPB_Data\TUBII3\worklib\ttl#2dto#2decl#2din\sch_1\page1_csb.lck NEWFILE101
C:\Users\QGPWindowsVB\Downloads\orebi\Parts\parts\standard\8#20merge\sym_1\symbol.css FILE102
C:\Users\QGPWindowsVB\Downloads\orebi\Parts\parts\misc\hc574f\sym_1\symbol.css FILE103
C:\Users\QGPWindowsVB\Downloads\orebi\SPB_Data\TUBII3\worklib\ttl#2dto#2decl#2din\sch_1\page1_csa.lck NEWFILE104
C:\Users\QGPWindowsVB\Downloads\orebi\SPB_Data\TUBII3\worklib\microzedconnection\sym_1\symbol_css.lck NEWFILE105
temp/xxnedtmp19/undo4.log NEWFILE106
C:\Users\QGPWindowsVB\Downloads\orebi\Parts\parts\standard\origin\sym_1\symbol.css FILE107
C:\Users\QGPWindowsVB\Downloads\orebi\SPB_Data\TUBII3\worklib\tubii_time\sch_1\page1.csb FILE108
C:\Users\QGPWindowsVB\Downloads\orebi\SPB_Data\TUBII3\worklib\tubii_time\sch_1\page1_csb.lck NEWFILE109
temp/xxnedtmp19/undo5.log NEWFILE110
C:\Users\QGPWindowsVB\Downloads\orebi\Parts\parts\ecl\10e016\sym_1\symbol.css FILE111
C:\Users\QGPWindowsVB\Downloads\orebi\Parts\parts\ttl\f273\sym_1\symbol.css FILE112
C:\Users\QGPWindowsVB\Downloads\orebi\Parts\parts\misc\74f164\sym_1\symbol.css FILE113
C:\Users\QGPWindowsVB\Downloads\orebi\Parts\parts\ecl\100el34\sym_1\symbol.css FILE114
C:\Users\QGPWindowsVB\Downloads\orebi\SPB_Data\TUBII3\worklib\tubii_time\sch_1\page1_csa.lck NEWFILE115
C:\Users\QGPWindowsVB\Downloads\orebi\SPB_Data\TUBII3\worklib\tuncomp\sym_1\symbol_css.lck NEWFILE116
temp/xxnedtmp19/undo6.log NEWFILE117
C:\Users\QGPWindowsVB\Downloads\orebi\SPB_Data\TUBII3\worklib\bursttrig\sym_1\symbol_css.lck NEWFILE118
temp/xxnedtmp19/undo7.log NEWFILE119
C:\Users\QGPWindowsVB\Downloads\orebi\SPB_Data\TUBII3\worklib\ecl#2dlvds\sch_1\page1.csb FILE120
C:\Users\QGPWindowsVB\Downloads\orebi\SPB_Data\TUBII3\worklib\ecl#2dlvds\sch_1\page1_csb.lck NEWFILE121
C:\Users\QGPWindowsVB\Downloads\orebi\Parts\parts\ecl\100e101\sym_1\symbol.css FILE122
C:\Users\QGPWindowsVB\Downloads\orebi\SPB_Data\TUBII3\worklib\ecl#2dlvds\sch_1\page1_csa.lck NEWFILE123
C:\Users\QGPWindowsVB\Downloads\orebi\SPB_Data\TUBII3\worklib\latchexttrig\sch_1\page1.csb FILE124
C:\Users\QGPWindowsVB\Downloads\orebi\SPB_Data\TUBII3\worklib\latchexttrig\sch_1\page1_csb.lck NEWFILE125
C:\Users\QGPWindowsVB\Downloads\orebi\SPB_Data\TUBII3\worklib\latchexttrig\sch_1\page1_csa.lck NEWFILE126
C:\Users\QGPWindowsVB\Downloads\orebi\SPB_Data\TUBII3\worklib\latchexttrig\sym_1\symbol_css.lck NEWFILE127
C:\Users\QGPWindowsVB\Downloads\orebi\SPB_Data\TUBII3\worklib\select_lo_src\sch_1\page1.csb FILE128
C:\Users\QGPWindowsVB\Downloads\orebi\SPB_Data\TUBII3\worklib\select_lo_src\sch_1\page1_csb.lck NEWFILE129
temp/xxnedtmp19/undo8.log NEWFILE130
C:\Users\QGPWindowsVB\Downloads\orebi\SPB_Data\TUBII3\worklib\powers\sch_1\page1.csb FILE131
C:\Users\QGPWindowsVB\Downloads\orebi\SPB_Data\TUBII3\worklib\powers\sch_1\page1_csb.lck NEWFILE132
temp/xxnedtmp19/undo9.log NEWFILE133
C:\Users\QGPWindowsVB\Downloads\orebi\Parts\parts\capacitors\tant0805\sym_1\symbol.css FILE134
C:\Users\QGPWindowsVB\Downloads\orebi\Parts\parts\misc\inductor_l\sym_1\symbol.css FILE135
C:\Users\QGPWindowsVB\Downloads\orebi\Parts\parts\regulators\lm1117\sym_1\symbol.css FILE136
C:\Users\QGPWindowsVB\Downloads\orebi\Parts\parts\regulators\lm337t_l\sym_1\symbol.css FILE137
C:\Users\QGPWindowsVB\Downloads\orebi\Parts\parts\diodes\mur105\sym_1\symbol.css FILE138
C:\Users\QGPWindowsVB\Downloads\orebi\SPB_Data\TUBII3\worklib\powers\sch_1\page1_csa.lck NEWFILE139
C:\Users\QGPWindowsVB\Downloads\orebi\SPB_Data\TUBII3\worklib\ellie_comms\sch_1\page1.csb FILE140
C:\Users\QGPWindowsVB\Downloads\orebi\SPB_Data\TUBII3\worklib\ellie_comms\sch_1\page1_csb.lck NEWFILE141
C:\Users\QGPWindowsVB\Downloads\orebi\Parts\parts\ttl\f269\sym_1\symbol.css FILE142
C:\Users\QGPWindowsVB\Downloads\orebi\Parts\parts\ttl\f08\sym_1\symbol.css FILE143
C:\Users\QGPWindowsVB\Downloads\orebi\SPB_Data\TUBII3\worklib\tubiigt\sch_1\page1.csb FILE144
C:\Users\QGPWindowsVB\Downloads\orebi\SPB_Data\TUBII3\worklib\tubiigt\sch_1\page1_csb.lck NEWFILE145
C:\Users\QGPWindowsVB\Downloads\orebi\SPB_Data\TUBII3\worklib\ellie_comms\sch_1\page1_csa.lck NEWFILE146
C:\Users\QGPWindowsVB\Downloads\orebi\SPB_Data\TUBII3\worklib\tubiigt\sch_1\page1_csa.lck NEWFILE147
C:\Users\QGPWindowsVB\Downloads\orebi\SPB_Data\TUBII3\worklib\async_pulse_gen\sch_1\page1.csb FILE148
C:\Users\QGPWindowsVB\Downloads\orebi\SPB_Data\TUBII3\worklib\async_pulse_gen\sch_1\page1_csb.lck NEWFILE149
C:\Users\QGPWindowsVB\Downloads\orebi\SPB_Data\TUBII3\worklib\async_puls_gen\sch_1\page1.csb FILE150
C:\Users\QGPWindowsVB\Downloads\orebi\SPB_Data\TUBII3\worklib\async_puls_gen\sch_1\page1_csb.lck NEWFILE151
C:\Users\QGPWindowsVB\Downloads\orebi\SPB_Data\TUBII3\worklib\async_pulse_gen\sch_1\page1_csa.lck NEWFILE152
C:\Users\QGPWindowsVB\Downloads\orebi\SPB_Data\TUBII3\worklib\async_puls_gen\sch_1\page1_csa.lck NEWFILE153
temp/xxnedtmp19/undo10.log NEWFILE154
temp/xxnedtmp19/undo11.log NEWFILE155
temp/xxnedtmp19/undo12.log NEWFILE156
temp/xxnedtmp19/concept.mkr NEWFILE157
C:\Users\QGPWindowsVB\Downloads\orebi\SPB_Data\TUBII3\worklib\ellie_talk\sym_1\symbol.css NEWFILE158
C:\Users\QGPWindowsVB\Downloads\orebi\SPB_Data\TUBII3\worklib\ellie_talk\sym_1\symbol_css.lck NEWFILE159
temp/xxnedtmp19/csnetlister.mkr NEWFILE160
C:\Users\QGPWindowsVB\Downloads\orebi\SPB_Data\TUBII3\worklib\ellie_talk\sch_1\page1.csa NEWFILE161
C:\Users\QGPWindowsVB\Downloads\orebi\SPB_Data\TUBII3\worklib\ellie_talk\sch_1\page1.csv NEWFILE162
C:\Users\QGPWindowsVB\Downloads\orebi\SPB_Data\TUBII3\worklib\ellie_talk\sch_1\pc.db NEWFILE163
C:\Users\QGPWindowsVB\Downloads\orebi\SPB_Data\TUBII3\worklib\ellie_talk\sch_1\page1_csa.lck NEWFILE164
C:/Users/QGPWindowsVB/Downloads/orebi/SPB_Data/TUBII3/worklib/ellie_talk/sch_1/ellie_talk_xcon.lck NEWFILE165
C:/Users/QGPWindowsVB/Downloads/orebi/SPB_Data/TUBII3/worklib/ellie_talk/sch_1/ellie_talk_dcf.lck NEWFILE166
C:/Users/QGPWIN~1/AppData/Local/Temp/con70EE.tmp FILE167
C:/Users/QGPWIN~1/AppData/Local/Temp/conD0DE.tmp FILE168
C:/Users/QGPWIN~1/AppData/Local/Temp/con7018.tmp FILE169
C:/Cadence/SPB_16.6/tools/language/config.dat FILE170
C:/Cadence/SPB_16.6/tools/language/pack_type_rename.dat NEWFILE171
temp/xxnedtmp19/../testpoint_l.mkr NEWFILE172
temp/xxnedtmp19/../rsmd0805.mkr NEWFILE173
temp/xxnedtmp19/../10e116.mkr NEWFILE174
temp/xxnedtmp19/../10h125.mkr NEWFILE175
temp/xxnedtmp19/../10h124.mkr NEWFILE176
temp/xxnedtmp19/../penn#20b#20size#20page.mkr NEWFILE177
C:\Users\QGPWindowsVB\Downloads\orebi\SPB_Data\TUBII3\worklib\ellie_talk\sch_1\page1.csb NEWFILE178
C:\Users\QGPWindowsVB\Downloads\orebi\SPB_Data\TUBII3\worklib\ellie_talk\sch_1\page1_csb.lck NEWFILE179
temp/xxnedtmp19/../ellie_talk.mkr NEWFILE180
temp/xxnedtmp19/../latchexttrig.mkr NEWFILE181
temp/xxnedtmp19/../tubii_time.mkr NEWFILE182
temp/xxnedtmp19/../async_puls_gen.mkr NEWFILE183
temp/xxnedtmp19/../microzedconnection.mkr FILE184
temp/xxnedtmp19/../tubii_clks.mkr NEWFILE185
temp/xxnedtmp19/../powers.mkr NEWFILE186
temp/xxnedtmp19/../caen_chat.mkr NEWFILE187
temp/xxnedtmp19/../select_lo_src.mkr FILE188
temp/xxnedtmp19/../10h116.mkr NEWFILE189
temp/xxnedtmp19/../caen_coms.mkr NEWFILE190
temp/xxnedtmp19/../base_mon.mkr NEWFILE191
temp/xxnedtmp19/../tuncomp.mkr NEWFILE192
temp/xxnedtmp19/../3#20merge.mkr NEWFILE193
temp/xxnedtmp19/../hct238.mkr NEWFILE194
temp/xxnedtmp19/../fastcomp.mkr NEWFILE195
temp/xxnedtmp19/../ecl#2dlvds.mkr NEWFILE196
temp/xxnedtmp19/../asyncdelays.mkr NEWFILE197
temp/xxnedtmp19/../prescaletrig.mkr NEWFILE198
temp/xxnedtmp19/../ttl#2decl.mkr NEWFILE199
temp/xxnedtmp19/../pulse_inverter.mkr NEWFILE200
temp/xxnedtmp19/../ribbondelay.mkr NEWFILE201
temp/xxnedtmp19/../ttl#2dto#2decl#2din.mkr NEWFILE202
C:\Users\QGPWindowsVB\Downloads\orebi\SPB_Data\TUBII3\worklib\bursttrig\sch_1\page1.csa FILE203
C:\Users\QGPWindowsVB\Downloads\orebi\SPB_Data\TUBII3\worklib\bursttrig\sch_1\page1.csv FILE204
C:\Users\QGPWindowsVB\Downloads\orebi\SPB_Data\TUBII3\worklib\bursttrig\sch_1\pc.db FILE205
C:/Users/QGPWindowsVB/Downloads/orebi/SPB_Data/TUBII3/worklib/bursttrig/sch_1/bursttrig_xcon.lck NEWFILE206
C:/Users/QGPWindowsVB/Downloads/orebi/SPB_Data/TUBII3/worklib/bursttrig/sch_1/bursttrig_dcf.lck NEWFILE207
temp/xxnedtmp19/../bursttrig.mkr NEWFILE208
temp/xxnedtmp19/../gnd.mkr NEWFILE209
temp/xxnedtmp19/../ttl_progdelay.mkr NEWFILE210
temp/xxnedtmp19/../async_pulse_gen.mkr NEWFILE211
temp/xxnedtmp19/../clk_leds.mkr FILE212
temp/xxnedtmp19/../progdelay.mkr NEWFILE213
temp/xxnedtmp19/../caen_select.mkr NEWFILE214
temp/xxnedtmp19/../datain.mkr NEWFILE215
temp/xxnedtmp19/../ellie_comms.mkr NEWFILE216
temp/xxnedtmp19/../tubiigt.mkr NEWFILE217
temp/xxnedtmp19/../lvds#2decl.mkr NEWFILE218
temp/xxnedtmp19/../ecl#2dttl.mkr NEWFILE219
temp/xxnedtmp19/../ecl#2dnim.mkr NEWFILE220
temp/xxnedtmp19/../nim#2decl.mkr NEWFILE221
temp/xxnedtmp19/../exttrig.mkr NEWFILE222
C:\Users\QGPWindowsVB\Downloads\orebi\SPB_Data\TUBII3\worklib\tubii\sch_1\page1.csa FILE223
C:\Users\QGPWindowsVB\Downloads\orebi\SPB_Data\TUBII3\worklib\tubii\sch_1\page1.csv FILE224
C:\Users\QGPWindowsVB\Downloads\orebi\SPB_Data\TUBII3\worklib\tubii\sch_1\pc.db FILE225
C:/Users/QGPWindowsVB/Downloads/orebi/SPB_Data/TUBII3/worklib/tubii/sch_1/tubii_xcon.lck NEWFILE226
C:/Users/QGPWindowsVB/Downloads/orebi/SPB_Data/TUBII3/worklib/tubii/sch_1/tubii_dcf.lck NEWFILE227
C:\Users\QGPWindowsVB\Downloads\orebi\SPB_Data\TUBII3\worklib\tuncomp\sch_1\page1.csb FILE228
C:\Users\QGPWindowsVB\Downloads\orebi\SPB_Data\TUBII3\worklib\tuncomp\sch_1\page1_csb.lck NEWFILE229
C:\Users\QGPWindowsVB\Downloads\orebi\Parts\parts\misc\ad96687\sym_1\symbol.css FILE230
C:\Users\QGPWindowsVB\Downloads\orebi\SPB_Data\TUBII3\worklib\caen_coms\sch_1\page1.csb FILE231
C:\Users\QGPWindowsVB\Downloads\orebi\SPB_Data\TUBII3\worklib\caen_coms\sch_1\page1_csb.lck NEWFILE232
C:\Users\QGPWindowsVB\Downloads\orebi\Parts\parts\misc\prma1c05b\sym_1\symbol.css FILE233
C:\Users\QGPWindowsVB\Downloads\orebi\Parts\parts\ttl\hct374\sym_1\symbol.css FILE234
C:\Users\QGPWindowsVB\Downloads\orebi\SPB_Data\TUBII3\worklib\caen_buffer\sym_1\symbol.css FILE235
C:\Users\QGPWindowsVB\Downloads\orebi\Parts\parts\misc\74f164\sym_2\symbol.css FILE236
C:\Users\QGPWindowsVB\Downloads\orebi\SPB_Data\TUBII3\worklib\caen_coms\sch_1\page1_csa.lck NEWFILE237
temp/xxnedtmp19/undo13.log NEWFILE238
C:\Users\QGPWindowsVB\Downloads\orebi\SPB_Data\TUBII3\worklib\ecal_control\sym_1\symbol.css NEWFILE239
C:\Users\QGPWindowsVB\Downloads\orebi\SPB_Data\TUBII3\worklib\ecal_control\sym_1\symbol_css.lck NEWFILE240
C:\Users\QGPWindowsVB\Downloads\orebi\SPB_Data\TUBII3\worklib\ecal_control\sch_1\page1.csa NEWFILE241
C:\Users\QGPWindowsVB\Downloads\orebi\SPB_Data\TUBII3\worklib\ecal_control\sch_1\page1.csv NEWFILE242
C:\Users\QGPWindowsVB\Downloads\orebi\SPB_Data\TUBII3\worklib\ecal_control\sch_1\pc.db NEWFILE243
C:\Users\QGPWindowsVB\Downloads\orebi\SPB_Data\TUBII3\worklib\ecal_control\sch_1\page1_csa.lck NEWFILE244
C:/Users/QGPWindowsVB/Downloads/orebi/SPB_Data/TUBII3/worklib/ecal_control/sch_1/ecal_control_xcon.lck NEWFILE245
C:/Users/QGPWindowsVB/Downloads/orebi/SPB_Data/TUBII3/worklib/ecal_control/sch_1/ecal_control_dcf.lck NEWFILE246
C:/Users/QGPWIN~1/AppData/Local/Temp/con602E.tmp FILE247
C:/Users/QGPWIN~1/AppData/Local/Temp/con9420.tmp FILE248
temp/xxnedtmp19/../mmbth10.mkr NEWFILE249
temp/xxnedtmp19/../csmd0805.mkr NEWFILE250
temp/xxnedtmp19/../lvds_driver_ds10.mkr NEWFILE251
temp/xxnedtmp19/../ids_c10.mkr NEWFILE252
temp/xxnedtmp19/../mmbth81lt1.mkr NEWFILE253
C:\Users\QGPWindowsVB\Downloads\orebi\SPB_Data\TUBII3\worklib\caen_chat\sch_1\page1.csa FILE254
C:\Users\QGPWindowsVB\Downloads\orebi\SPB_Data\TUBII3\worklib\caen_chat\sch_1\page1.csv FILE255
C:\Users\QGPWindowsVB\Downloads\orebi\SPB_Data\TUBII3\worklib\caen_chat\sch_1\pc.db FILE256
C:/Users/QGPWindowsVB/Downloads/orebi/SPB_Data/TUBII3/worklib/caen_chat/sch_1/caen_chat_xcon.lck NEWFILE257
C:/Users/QGPWindowsVB/Downloads/orebi/SPB_Data/TUBII3/worklib/caen_chat/sch_1/caen_chat_dcf.lck NEWFILE258
C:/Users/QGPWIN~1/AppData/Local/Temp/con7B0C.tmp FILE259
C:\Users\QGPWindowsVB\Downloads\orebi\Parts\parts\misc\testpoint_l\sym_1\symbol_css.lck NEWFILE260
temp/xxnedtmp19/undo14.log NEWFILE261
temp/xxnedtmp19/undo15.log NEWFILE262
temp/xxnedtmp19/undo16.log NEWFILE263
C:\Users\QGPWindowsVB\Downloads\orebi\SPB_Data\TUBII3\worklib\new_triggers\sym_1\symbol.css NEWFILE264
C:\Users\QGPWindowsVB\Downloads\orebi\SPB_Data\TUBII3\worklib\new_triggers\sym_1\symbol_css.lck NEWFILE265
C:\Users\QGPWindowsVB\Downloads\orebi\SPB_Data\TUBII3\worklib\new_triggers\sch_1\page1.csa NEWFILE266
C:\Users\QGPWindowsVB\Downloads\orebi\SPB_Data\TUBII3\worklib\new_triggers\sch_1\page1.csv NEWFILE267
C:\Users\QGPWindowsVB\Downloads\orebi\SPB_Data\TUBII3\worklib\new_triggers\sch_1\pc.db NEWFILE268
C:\Users\QGPWindowsVB\Downloads\orebi\SPB_Data\TUBII3\worklib\new_triggers\sch_1\page1_csa.lck NEWFILE269
C:/Users/QGPWindowsVB/Downloads/orebi/SPB_Data/TUBII3/worklib/new_triggers/sch_1/new_triggers_xcon.lck NEWFILE270
C:/Users/QGPWindowsVB/Downloads/orebi/SPB_Data/TUBII3/worklib/new_triggers/sch_1/new_triggers_dcf.lck NEWFILE271
C:/Users/QGPWIN~1/AppData/Local/Temp/conC69E.tmp FILE272
C:\Users\QGPWindowsVB\Downloads\orebi\SPB_Data\TUBII3\worklib\tubii_triggers\sym_1\symbol.css NEWFILE273
C:\Users\QGPWindowsVB\Downloads\orebi\SPB_Data\TUBII3\worklib\tubii_triggers\sym_1\symbol_css.lck NEWFILE274
C:\Users\QGPWindowsVB\Downloads\orebi\SPB_Data\TUBII3\worklib\tubii_triggers\sch_1\page1.csa NEWFILE275
C:\Users\QGPWindowsVB\Downloads\orebi\SPB_Data\TUBII3\worklib\tubii_triggers\sch_1\page1.csv NEWFILE276
C:\Users\QGPWindowsVB\Downloads\orebi\SPB_Data\TUBII3\worklib\tubii_triggers\sch_1\pc.db NEWFILE277
C:\Users\QGPWindowsVB\Downloads\orebi\SPB_Data\TUBII3\worklib\tubii_triggers\sch_1\page1_csa.lck NEWFILE278
C:/Users/QGPWindowsVB/Downloads/orebi/SPB_Data/TUBII3/worklib/tubii_triggers/sch_1/tubii_triggers_xcon.lck NEWFILE279
C:/Users/QGPWindowsVB/Downloads/orebi/SPB_Data/TUBII3/worklib/tubii_triggers/sch_1/tubii_triggers_dcf.lck NEWFILE280
C:/Users/QGPWIN~1/AppData/Local/Temp/conF451.tmp FILE281
C:/Users/QGPWIN~1/AppData/Local/Temp/conADAB.tmp FILE282
C:/Users/QGPWIN~1/AppData/Local/Temp/conA383.tmp FILE283
C:\Users\QGPWindowsVB\Downloads\orebi\SPB_Data\TUBII3\worklib\tubii_triggers\sch_1\page1.csb NEWFILE284
C:\Users\QGPWindowsVB\Downloads\orebi\SPB_Data\TUBII3\worklib\tubii_triggers\sch_1\page1_csb.lck NEWFILE285
temp/xxnedtmp19/../tubii_triggers.mkr FILE286
temp/xxnedtmp19/../ecal_control.mkr NEWFILE287
C:/Users/QGPWIN~1/AppData/Local/Temp/conD714.tmp FILE288
C:/Users/QGPWIN~1/AppData/Local/Temp/conE515.tmp FILE289
C:/Users/QGPWIN~1/AppData/Local/Temp/conFB6.tmp FILE290
C:/Users/QGPWIN~1/AppData/Local/Temp/conD04E.tmp FILE291
C:/Users/QGPWIN~1/AppData/Local/Temp/con2750.tmp FILE292
C:/Users/QGPWIN~1/AppData/Local/Temp/con38E5.tmp FILE293
C:/Users/QGPWIN~1/AppData/Local/Temp/con4087.tmp FILE294
C:/Users/QGPWIN~1/AppData/Local/Temp/con4887.tmp FILE295
C:/Users/QGPWIN~1/AppData/Local/Temp/conCB4B.tmp FILE296
C:/Users/QGPWIN~1/AppData/Local/Temp/con4907.tmp FILE297
C:/Users/QGPWIN~1/AppData/Local/Temp/conC826.tmp FILE298
C:/Users/QGPWIN~1/AppData/Local/Temp/con9FCC.tmp FILE299
C:/Users/QGPWIN~1/AppData/Local/Temp/con101B.tmp FILE300
C:/Users/QGPWIN~1/AppData/Local/Temp/con1C70.tmp FILE301
C:/Users/QGPWIN~1/AppData/Local/Temp/con62FB.tmp FILE302
C:\Users\QGPWindowsVB\Downloads\orebi\Parts\parts\ecl\10h125\sym_1\symbol_css.lck NEWFILE303
temp/xxnedtmp19/../4#20merge.mkr NEWFILE304
 NEWFILE305
temp/xxnedtmp19/../f07.mkr NEWFILE306
C:\Users\QGPWindowsVB\Downloads\orebi\SPB_Data\TUBII3\worklib\prescaletrig\sch_1\page1.csa FILE307
C:\Users\QGPWindowsVB\Downloads\orebi\SPB_Data\TUBII3\worklib\prescaletrig\sch_1\page1.csv FILE308
C:\Users\QGPWindowsVB\Downloads\orebi\SPB_Data\TUBII3\worklib\prescaletrig\sch_1\pc.db FILE309
C:/Users/QGPWindowsVB/Downloads/orebi/SPB_Data/TUBII3/worklib/prescaletrig/sch_1/prescaletrig_xcon.lck NEWFILE310
C:/Users/QGPWindowsVB/Downloads/orebi/SPB_Data/TUBII3/worklib/prescaletrig/sch_1/prescaletrig_dcf.lck NEWFILE311
temp/xxnedtmp19/../hct123.mkr NEWFILE312
temp/xxnedtmp19/../ds1023500.mkr NEWFILE313
temp/xxnedtmp19/../f06.mkr NEWFILE314
temp/xxnedtmp19/../10elt24.mkr NEWFILE315
temp/xxnedtmp19/../ds102350.mkr NEWFILE316
temp/xxnedtmp19/../cap_l.mkr NEWFILE317
temp/xxnedtmp19/../res_l.mkr NEWFILE318
temp/xxnedtmp19/../rsmd0603.mkr NEWFILE319
C:\Users\QGPWindowsVB\Downloads\orebi\SPB_Data\TUBII3\worklib\asyncdelays\sch_1\page1.csa FILE320
C:\Users\QGPWindowsVB\Downloads\orebi\SPB_Data\TUBII3\worklib\asyncdelays\sch_1\page1.csv FILE321
C:/Users/QGPWindowsVB/Downloads/orebi/SPB_Data/TUBII3/worklib/asyncdelays/sch_1/asyncdelays_xcon.lck NEWFILE322
C:/Users/QGPWindowsVB/Downloads/orebi/SPB_Data/TUBII3/worklib/asyncdelays/sch_1/asyncdelays_dcf.lck NEWFILE323
C:\Users\QGPWindowsVB\Downloads\orebi\SPB_Data\TUBII3\worklib\block7\sym_1\symbol.css NEWFILE324
C:\Users\QGPWindowsVB\Downloads\orebi\SPB_Data\TUBII3\worklib\block7\sym_1\symbol_css.lck NEWFILE325
C:\Users\QGPWindowsVB\Downloads\orebi\SPB_Data\TUBII3\worklib\block7\sch_1\page1.csa NEWFILE326
C:\Users\QGPWindowsVB\Downloads\orebi\SPB_Data\TUBII3\worklib\block7\sch_1\page1.csv NEWFILE327
C:\Users\QGPWindowsVB\Downloads\orebi\SPB_Data\TUBII3\worklib\block7\sch_1\pc.db NEWFILE328
C:\Users\QGPWindowsVB\Downloads\orebi\SPB_Data\TUBII3\worklib\block7\sch_1\page1_csa.lck NEWFILE329
C:/Users/QGPWindowsVB/Downloads/orebi/SPB_Data/TUBII3/worklib/block7/sch_1/block7_xcon.lck NEWFILE330
C:/Users/QGPWindowsVB/Downloads/orebi/SPB_Data/TUBII3/worklib/block7/sch_1/block7_dcf.lck NEWFILE331
temp/xxnedtmp19/../f74.mkr NEWFILE332
temp/xxnedtmp19/../ad7243.mkr NEWFILE333
temp/xxnedtmp19/../adcmp566.mkr NEWFILE334
temp/xxnedtmp19/../10h104.mkr NEWFILE335
temp/xxnedtmp19/../10e131.mkr NEWFILE336
temp/xxnedtmp19/../10e101.mkr NEWFILE337
temp/xxnedtmp19/../100el05.mkr NEWFILE338
temp/xxnedtmp19/../led_1206.mkr NEWFILE339
C:\Users\QGPWindowsVB\Downloads\orebi\SPB_Data\TUBII3\worklib\fastcomp\sch_1\page1.csa FILE340
C:\Users\QGPWindowsVB\Downloads\orebi\SPB_Data\TUBII3\worklib\fastcomp\sch_1\page1.csv FILE341
C:/Users/QGPWindowsVB/Downloads/orebi/SPB_Data/TUBII3/worklib/fastcomp/sch_1/fastcomp_xcon.lck NEWFILE342
C:/Users/QGPWindowsVB/Downloads/orebi/SPB_Data/TUBII3/worklib/fastcomp/sch_1/fastcomp_dcf.lck NEWFILE343
temp/xxnedtmp19/../ad96687.mkr NEWFILE344
C:\Users\QGPWindowsVB\Downloads\orebi\SPB_Data\TUBII3\worklib\tuncomp\sch_1\page1.csa FILE345
C:\Users\QGPWindowsVB\Downloads\orebi\SPB_Data\TUBII3\worklib\tuncomp\sch_1\page1.csv FILE346
C:/Users/QGPWindowsVB/Downloads/orebi/SPB_Data/TUBII3/worklib/tuncomp/sch_1/tuncomp_xcon.lck NEWFILE347
C:/Users/QGPWindowsVB/Downloads/orebi/SPB_Data/TUBII3/worklib/tuncomp/sch_1/tuncomp_dcf.lck NEWFILE348
C:\Users\QGPWindowsVB\Downloads\orebi\SPB_Data\TUBII3\worklib\ecal_control\sch_1\page1.csb NEWFILE349
C:\Users\QGPWindowsVB\Downloads\orebi\SPB_Data\TUBII3\worklib\ecal_control\sch_1\page1_csb.lck NEWFILE350
C:\Users\QGPWindowsVB\Downloads\orebi\SPB_Data\TUBII3\worklib\select_lo_src\sch_1\page1.csa FILE351
C:\Users\QGPWindowsVB\Downloads\orebi\SPB_Data\TUBII3\worklib\select_lo_src\sch_1\page1.csv FILE352
C:/Users/QGPWindowsVB/Downloads/orebi/SPB_Data/TUBII3/worklib/select_lo_src/sch_1/select_lo_src_xcon.lck NEWFILE353
C:/Users/QGPWindowsVB/Downloads/orebi/SPB_Data/TUBII3/worklib/select_lo_src/sch_1/select_lo_src_dcf.lck NEWFILE354
C:\Users\QGPWindowsVB\Downloads\orebi\SPB_Data\TUBII3\worklib\new_triggers\sch_1\page1.csb NEWFILE355
C:\Users\QGPWindowsVB\Downloads\orebi\SPB_Data\TUBII3\worklib\new_triggers\sch_1\page1_csb.lck NEWFILE356
C:\Users\QGPWindowsVB\Downloads\orebi\SPB_Data\TUBII3\worklib\tuncomp\sch_1\page1_csa.lck NEWFILE357
C:\Users\QGPWindowsVB\Downloads\orebi\SPB_Data\TUBII3\worklib\select_lo_src\sch_1\page1_csa.lck NEWFILE358
