Allegro Design Entry HDL 16.6-p007 (v16-6-112F) 10/10/2012
Copyright 2011 Cadence Design Systems, Inc

WARNING(SPCOCN-1474): You must specify a window that contains a drawing.
WARNING(SPCOCN-1474): You must specify a window that contains a drawing.
WARNING(SPCOCN-1474): You must specify a window that contains a drawing.
WARNING(SPCOCN-1474): You must specify a window that contains a drawing.
WARNING(SPCOCN-1474): You must specify a window that contains a drawing.
WARNING(SPCOCN-1474): You must specify a window that contains a drawing.
WARNING(SPCOCN-1474): You must specify a window that contains a drawing.
WARNING(SPCOCN-2040): Specify the command "page forcereset all" to reset logical page numbers of all pages of this block.
WARNING(SPCOCN-1523): Invalid set option: <search_history_count>
INFO(SPCOCN-1177): Unexpected text: <5>
WARNING(SPCOCN-1523): Invalid set option: <search_history>
INFO(SPCOCN-1177): Unexpected text: <100EL34/>
WARNING(SPCOCN-1523): Invalid set option: <search_toolbar_lookin>
INFO(SPCOCN-1177): Unexpected text: <PAGE>
WARNING(SPCOCN-1523): Invalid set option: <modify_quick_reset_filters>
INFO(SPCOCN-1177): Unexpected text: <OFF>
WARNING(SPCOCN-1523): Invalid set option: <hss_distribute_ports_count>
INFO(SPCOCN-1177): Unexpected text: <25>
WARNING(SPCOCN-1523): Invalid set option: <hss_distribute_port_pattern>
WARNING(SPCOCN-1523): Invalid set option: <hss_distribute_property_name>
WARNING(SPCOCN-1474): You must specify a window that contains a drawing.
WARNING(SPCOCN-1474): You must specify a window that contains a drawing.
WARNING(SPCOCN-1474): You must specify a window that contains a drawing.
WARNING(SPCOCN-1474): You must specify a window that contains a drawing.
WARNING(SPCOCN-1474): You must specify a window that contains a drawing.
WARNING(SPCOCN-1474): You must specify a window that contains a drawing.
INFO(SPCOCN-1737): Reading C:\Users\QGPWindowsVB\Downloads\orebi\SPB_Data\TUBII3\cds.lib file.
WARNING(SPCOCN-674): Error(s) in C:\Users\QGPWindowsVB\Downloads\orebi\SPB_Data\TUBII3\cds.lib
WARNING(SPCOCN-675):   Invalid path: C:\Users\QGPWindowsVB\Downloads\orebi\ugboard\ugboard\newtub\10k on line 14.
WARNING(SPCOCN-675):   Invalid path: C:\Users\QGPWindowsVB\Downloads\orebi\ugboard\ugboard\newtub\10kh on line 16.
WARNING(SPCOCN-675):   Invalid path: C:\Users\QGPWindowsVB\Downloads\orebi\ugboard\ugboard\newtub\54fct on line 18.
WARNING(SPCOCN-675):   Invalid path: C:\Users\QGPWindowsVB\Downloads\orebi\ugboard\ugboard\newtub\100e on line 20.
WARNING(SPCOCN-675):   Invalid path: C:\Users\QGPWindowsVB\Downloads\orebi\ugboard\ugboard\newtub\fast on line 22.
WARNING(SPCOCN-675):   Invalid path: C:\Users\QGPWindowsVB\Downloads\orebi\ugboard\ugboard\newtub\hcmos on line 24.
ERROR(SPCOCN-1334): Library 100e not found in cds.lib list.
ERROR(SPCOCN-1334): Library 10k not found in cds.lib list.
ERROR(SPCOCN-1334): Library 10kh not found in cds.lib list.
ERROR(SPCOCN-1334): Library 54fct not found in cds.lib list.
ERROR(SPCOCN-1334): Library fast not found in cds.lib list.
ERROR(SPCOCN-1334): Library hcmos not found in cds.lib list.
WARNING(SPCOCN-1474): You must specify a window that contains a drawing.
INFO(SPCOCN-1445): Reading TUBII.SCH.1.1 into drawing #1.
INFO(SPCOCN-195): The following file will be used to identify the list of modules to be excluded: 'C:\Cadence\SPB_16.6\share\cdssetup\xmodules.dat'.
INFO(SPCOCN-1445): Reading TUBII.SCH.1.1 into drawing #1.
INFO(SPCOCN-1001): Component: I47 selected.
INFO(SPCOCN-1445): Reading FASTCOMP.SCH.1.1 into drawing #1.
INFO(SPCOCN-1445): Reading TUBII.SCH.1.1 into drawing #1.
INFO(SPCOCN-1001): Component: I27 selected.
INFO(SPCOCN-1001): Component: I27 selected.
INFO(SPCOCN-1445): Reading PRESCALETRIG.SCH.1.1 into drawing #1.
WARNING(SPCOCN-1343): Design Name: <tubii_lib>PRESCALETRIG.SCH.1.1Component F07.SYM.1.1 not found in library fast, added from library ttl.
WARNING(SPCOCN-1343): Design Name: <tubii_lib>PRESCALETRIG.SCH.1.1Component F07.SYM.1.1 not found in library fast, added from library ttl.
WARNING(SPCOCN-1343): Design Name: <tubii_lib>PRESCALETRIG.SCH.1.1Component F07.SYM.1.1 not found in library fast, added from library ttl.
WARNING(SPCOCN-1343): Design Name: <tubii_lib>PRESCALETRIG.SCH.1.1Component F07.SYM.1.1 not found in library fast, added from library ttl.
INFO(SPCOCN-1445): Reading CAEN_CHAT.SCH.1.1 into drawing #1.
WARNING(SPCOCN-503): The specified stroke shape '9375' is not recognized. Ensure that you specify a known shape.
INFO(SPCOCN-1445): Reading PRESCALETRIG.SCH.1.1 into drawing #1.
WARNING(SPCOCN-1343): Design Name: <tubii_lib>PRESCALETRIG.SCH.1.1Component F07.SYM.1.1 not found in library fast, added from library ttl.
WARNING(SPCOCN-1343): Design Name: <tubii_lib>PRESCALETRIG.SCH.1.1Component F07.SYM.1.1 not found in library fast, added from library ttl.
WARNING(SPCOCN-1343): Design Name: <tubii_lib>PRESCALETRIG.SCH.1.1Component F07.SYM.1.1 not found in library fast, added from library ttl.
WARNING(SPCOCN-1343): Design Name: <tubii_lib>PRESCALETRIG.SCH.1.1Component F07.SYM.1.1 not found in library fast, added from library ttl.
INFO(SPCOCN-1446): New schematic PRESCALETRIG.SCH.1.2 started as drawing #1.
INFO(SPCOCN-1445): Reading PRESCALETRIG.SCH.1.1 into drawing #1.
WARNING(SPCOCN-1343): Design Name: <tubii_lib>PRESCALETRIG.SCH.1.1Component F07.SYM.1.1 not found in library fast, added from library ttl.
WARNING(SPCOCN-1343): Design Name: <tubii_lib>PRESCALETRIG.SCH.1.1Component F07.SYM.1.1 not found in library fast, added from library ttl.
WARNING(SPCOCN-1343): Design Name: <tubii_lib>PRESCALETRIG.SCH.1.1Component F07.SYM.1.1 not found in library fast, added from library ttl.
WARNING(SPCOCN-1343): Design Name: <tubii_lib>PRESCALETRIG.SCH.1.1Component F07.SYM.1.1 not found in library fast, added from library ttl.
WARNING(SPCOCN-982): The operation could not be performed because no object on the drawing was selected.
INFO(SPCOCN-1854): The drawing PRESCALETRIG.SCH.1.1
INFO(SPCOCN-578): will be retained as drawing #1.
INFO(SPCOCN-1445): Reading TUBII.SCH.1.1 into drawing #2.
INFO(SPCOCN-1001): Component: I32 selected.
INFO(SPCOCN-1445): Reading BURSTTRIG.SCH.1.1 into drawing #2.
WARNING(SPCOCN-1343): Design Name: <tubii_lib>BURSTTRIG.SCH.1.1Component F07.SYM.1.1 not found in library fast, added from library ttl.
WARNING(SPCOCN-1343): Design Name: <tubii_lib>BURSTTRIG.SCH.1.1Component F07.SYM.1.1 not found in library fast, added from library ttl.
WARNING(SPCOCN-1343): Design Name: <tubii_lib>BURSTTRIG.SCH.1.1Component F07.SYM.1.1 not found in library fast, added from library ttl.
WARNING(SPCOCN-1343): Design Name: <tubii_lib>BURSTTRIG.SCH.1.1Component F07.SYM.1.1 not found in library fast, added from library ttl.
WARNING(SPCOCN-1343): Design Name: <tubii_lib>BURSTTRIG.SCH.1.1Component F07.SYM.1.1 not found in library fast, added from library ttl.
INFO(SPCOCN-1445): Reading TUBII.SCH.1.1 into drawing #2.
INFO(SPCOCN-1001): Component: I1 selected.
INFO(SPCOCN-1445): Reading CAEN_CHAT.SCH.1.1 into drawing #2.
INFO(SPCOCN-1445): Reading TUBII.SCH.1.1 into drawing #2.
INFO(SPCOCN-1001): Component: I37 selected.
INFO(SPCOCN-1445): Reading ASYNCDELAYS.SCH.1.1 into drawing #2.
INFO(SPCOCN-1445): Reading TUBII.SCH.1.1 into drawing #2.
INFO(SPCOCN-1001): Component: I32 selected.
INFO(SPCOCN-1001): Component: I32 selected.
INFO(SPCOCN-1001): Component: I32 selected.
INFO(SPCOCN-1445): Reading BURSTTRIG.SCH.1.1 into drawing #2.
WARNING(SPCOCN-1343): Design Name: <tubii_lib>BURSTTRIG.SCH.1.1Component F07.SYM.1.1 not found in library fast, added from library ttl.
WARNING(SPCOCN-1343): Design Name: <tubii_lib>BURSTTRIG.SCH.1.1Component F07.SYM.1.1 not found in library fast, added from library ttl.
WARNING(SPCOCN-1343): Design Name: <tubii_lib>BURSTTRIG.SCH.1.1Component F07.SYM.1.1 not found in library fast, added from library ttl.
WARNING(SPCOCN-1343): Design Name: <tubii_lib>BURSTTRIG.SCH.1.1Component F07.SYM.1.1 not found in library fast, added from library ttl.
WARNING(SPCOCN-1343): Design Name: <tubii_lib>BURSTTRIG.SCH.1.1Component F07.SYM.1.1 not found in library fast, added from library ttl.
WARNING(SPCOCN-982): The operation could not be performed because no object on the drawing was selected.
WARNING(SPCOCN-982): The operation could not be performed because no object on the drawing was selected.
WARNING(SPCOCN-1914): Default body properties not deleted.
INFO(SPCOCN-1854): The drawing BURSTTRIG.SCH.1.1
INFO(SPCOCN-578): will be retained as drawing #2.
INFO(SPCOCN-1445): Reading TUBII.SCH.1.1 into drawing #3.
INFO(SPCOCN-1001): Component: I65 selected.
INFO(SPCOCN-1001): Component: I65 selected.
INFO(SPCOCN-1001): Component: I65 selected.
INFO(SPCOCN-1445): Reading BASE_MON.SCH.1.1 into drawing #3.
INFO(SPCOCN-1445): Reading TUBII.SCH.1.1 into drawing #3.
INFO(SPCOCN-1001): Component: I40 selected.
INFO(SPCOCN-1001): Component: I40 selected.
INFO(SPCOCN-1001): Component: I40 selected.
INFO(SPCOCN-1445): Reading TTL-TO-ECL-IN.SCH.1.1 into drawing #3.
INFO(SPCOCN-1445): Reading TUBII.SCH.1.1 into drawing #3.
INFO(SPCOCN-1001): Component: I3 selected.
INFO(SPCOCN-1854): The drawing TUBII.SCH.1.1
INFO(SPCOCN-578): will be retained as drawing #3.
INFO(SPCOCN-1445): Reading TUBII_TIME.SCH.1.1 into drawing #5.
INFO(SPCOCN-1443): TUBII.SCH.1.1 has been previously edited as drawing #3.
INFO(SPCOCN-1001): Component: I47 selected.
INFO(SPCOCN-1001): Component: I47 selected.
INFO(SPCOCN-1854): The drawing TUBII.SCH.1.1
INFO(SPCOCN-578): will be retained as drawing #3.
INFO(SPCOCN-1445): Reading FASTCOMP.SCH.1.1 into drawing #6.
INFO(SPCOCN-1443): TUBII.SCH.1.1 has been previously edited as drawing #3.
INFO(SPCOCN-1001): Component: I32 selected.
INFO(SPCOCN-1443): BURSTTRIG.SCH.1.1 has been previously edited as drawing #2.
WARNING(SPCOCN-982): The operation could not be performed because no object on the drawing was selected.
INFO(SPCOCN-1443): TUBII.SCH.1.1 has been previously edited as drawing #3.
INFO(SPCOCN-1001): Component: I1 selected.
INFO(SPCOCN-1001): Component: I1 selected.
INFO(SPCOCN-1001): Component: I1 selected.
INFO(SPCOCN-1854): The drawing TUBII.SCH.1.1
INFO(SPCOCN-578): will be retained as drawing #3.
INFO(SPCOCN-1445): Reading CAEN_CHAT.SCH.1.1 into drawing #7.
INFO(SPCOCN-1443): TUBII.SCH.1.1 has been previously edited as drawing #3.
INFO(SPCOCN-1001): Component: I32 selected.
INFO(SPCOCN-1443): BURSTTRIG.SCH.1.1 has been previously edited as drawing #2.
INFO(SPCOCN-1443): TUBII.SCH.1.1 has been previously edited as drawing #3.
INFO(SPCOCN-1001): Component: I27 selected.
INFO(SPCOCN-1001): Component: I27 selected.
INFO(SPCOCN-1001): Component: I27 selected.
INFO(SPCOCN-1001): Component: I27 selected.
INFO(SPCOCN-1443): PRESCALETRIG.SCH.1.1 has been previously edited as drawing #1.
INFO(SPCOCN-1443): TUBII.SCH.1.1 has been previously edited as drawing #3.
INFO(SPCOCN-1001): Component: I25 selected.
INFO(SPCOCN-1001): Component: I25 selected.
INFO(SPCOCN-1854): The drawing TUBII.SCH.1.1
INFO(SPCOCN-578): will be retained as drawing #3.
INFO(SPCOCN-1445): Reading ECL-LVDS.SCH.1.1 into drawing #7.
INFO(SPCOCN-1001): Component: ??? selected.
INFO(SPCOCN-1443): TUBII.SCH.1.1 has been previously edited as drawing #3.
INFO(SPCOCN-1001): Component: I20 selected.
INFO(SPCOCN-1854): The drawing TUBII.SCH.1.1
INFO(SPCOCN-578): will be retained as drawing #3.
INFO(SPCOCN-1445): Reading LATCHEXTTRIG.SCH.1.1 into drawing #7.
INFO(SPCOCN-1443): TUBII.SCH.1.1 has been previously edited as drawing #3.
INFO(SPCOCN-1001): Component: I56 selected.
INFO(SPCOCN-1001): Component: I68 selected.
INFO(SPCOCN-1001): Component: I68 selected.
INFO(SPCOCN-1001): Component: I68 selected.
INFO(SPCOCN-1854): The drawing TUBII.SCH.1.1
INFO(SPCOCN-578): will be retained as drawing #3.
INFO(SPCOCN-1445): Reading SELECT_LO_SRC.SCH.1.1 into drawing #8.
INFO(SPCOCN-1443): TUBII.SCH.1.1 has been previously edited as drawing #3.
INFO(SPCOCN-1001): Component: I2 selected.
INFO(SPCOCN-1854): The drawing TUBII.SCH.1.1
INFO(SPCOCN-578): will be retained as drawing #3.
INFO(SPCOCN-1445): Reading POWERS.SCH.1.1 into drawing #9.
INFO(SPCOCN-1443): TUBII.SCH.1.1 has been previously edited as drawing #3.
INFO(SPCOCN-1854): The drawing TUBII.SCH.1.1
INFO(SPCOCN-578): will be retained as drawing #3.
INFO(SPCOCN-1445): Reading ELLIE_COMMS.SCH.1.1 into drawing #9.
INFO(SPCOCN-1445): Reading TUBIIGT.SCH.1.1 into drawing #9.
INFO(SPCOCN-1445): Reading ELLIE_COMMS.SCH.1.1 into drawing #9.
INFO(SPCOCN-1443): TUBII.SCH.1.1 has been previously edited as drawing #3.
INFO(SPCOCN-1854): The drawing TUBII.SCH.1.1
INFO(SPCOCN-578): will be retained as drawing #3.
INFO(SPCOCN-1445): Reading ASYNC_PULSE_GEN.SCH.1.1 into drawing #9.
INFO(SPCOCN-1445): Reading ASYNC_PULS_GEN.SCH.1.1 into drawing #9.
INFO(SPCOCN-1445): Reading ASYNC_PULSE_GEN.SCH.1.1 into drawing #9.
INFO(SPCOCN-1445): Reading ASYNC_PULS_GEN.SCH.1.1 into drawing #9.
INFO(SPCOCN-1445): Reading ASYNC_PULSE_GEN.SCH.1.1 into drawing #9.
INFO(SPCOCN-1443): TUBII.SCH.1.1 has been previously edited as drawing #3.
INFO(SPCOCN-1001): Component: I90 selected.
WARNING(SPCOCN-2041): Block rename command can be used to rename a block at the time of creation of the block. It cannot update the canonical paths of the objects of a block for which design is already captured. To rename or create a copy of the existing block, use the Copy Project functionality of Project Manager.
INFO(SPCOCN-1001): Component: I90 selected.
INFO(SPCOCN-1001): Component: I90 selected.
INFO(SPCOCN-1443): ELLIE_TALK.SYM.1.1 has been previously edited as drawing #11.
INFO(SPCOCN-1070): Checking drawing...
INFO(SPCOCN-1028): writing <tubii_lib>ELLIE_TALK.SYM.1.1:
INFO(SPCOCN-1051): writing body file...
INFO(SPCOCN-1054): ...written
No netlisting errors found. 

INFO(SPCOCN-1640): writing occurrence data...
INFO(SPCOCN-1028): writing <tubii_lib>ELLIE_TALK.SCH.1.1:
INFO(SPCOCN-1044): writing binary file...
INFO(SPCOCN-1049): writing ASCII file...
INFO(SPCOCN-1053): writing connectivity file...
INFO(SPCOCN-1054): ...written

CSDirect 16.6-p007 (v16-6-112F)

Netlisting block ellie_talk

Processing page 1

No netlisting errors found. 

INFO(SPCOCN-1054): ...written
INFO(SPCOCN-1443): TUBII.SCH.1.1 has been previously edited as drawing #3.
INFO(SPCOCN-1001): Component: I90 selected.
INFO(SPCOCN-1854): The drawing TUBII.SCH.1.1
INFO(SPCOCN-578): will be retained as drawing #3.
INFO(SPCOCN-1445): Reading ELLIE_TALK.SCH.1.1 into drawing #9.
INFO(SPCOCN-1445): Reading POWERS.SCH.1.1 into drawing #11.
INFO(SPCOCN-1001): Component: ??? selected.
INFO(SPCOCN-1443): TUBII.SCH.1.1 has been previously edited as drawing #3.
INFO(SPCOCN-1001): Component: I90 selected.
INFO(SPCOCN-1443): ELLIE_TALK.SCH.1.1 has been previously edited as drawing #9.
INFO(SPCOCN-1507): Adding version 1 of part 10H124 from library ecl
INFO(SPCOCN-1507): Adding version 1 of part 10H124 from library ecl
INFO(SPCOCN-1507): Adding version 1 of part TESTPOINT_L from library misc
INFO(SPCOCN-1507): Adding version 1 of part TESTPOINT_L from library misc
INFO(SPCOCN-1507): Adding version 1 of part TESTPOINT_L from library misc
INFO(SPCOCN-1507): Adding version 1 of part TESTPOINT_L from library misc
INFO(SPCOCN-1507): Adding version 1 of part TESTPOINT_L from library misc
INFO(SPCOCN-1507): Adding version 1 of part TESTPOINT_L from library misc
INFO(SPCOCN-1001): Component: I8 selected.
INFO(SPCOCN-1001): Component: I7 selected.
INFO(SPCOCN-1507): Adding version 1 of part 10E116 from library ecl
INFO(SPCOCN-1507): Adding version 1 of part 10H125 from library ecl
INFO(SPCOCN-1507): Adding version 1 of part 10H125 from library ecl
INFO(SPCOCN-1445): Reading TUBII_TIME.SCH.1.1 into drawing #11.
WARNING(SPCOCN-1200): Using group A
INFO(SPCOCN-1195): Group "A" contains:   4 bodies   75 properties   0 notes   4 wires   0 dots   0 images
WARNING(SPCOCN-939): While copying a group of objects on the schematic, 5 properties were left out because the component to which these properties are attached (property owner) was not selected. Ensure that when copying properties, you always select the component to which the properties are attached.
ERROR(SPCOCN-1521): Specify a signal name before selecting point.
WARNING(SPCOCN-1200): Using group A
INFO(SPCOCN-1195): Group "A" contains:   3 bodies   54 properties   0 notes   3 wires   0 dots   0 images
INFO(SPCOCN-1070): Checking drawing...
INFO(SPCOCN-1028): writing <tubii_lib>ELLIE_TALK.SCH.1.1:
INFO(SPCOCN-1044): writing binary file...
INFO(SPCOCN-1049): writing ASCII file...
INFO(SPCOCN-1053): writing connectivity file...
INFO(SPCOCN-1054): ...written

CSDirect 16.6-p007 (v16-6-112F)

Netlisting block ellie_talk

Processing page 1

INFO(SPCOCN-1640): writing occurrence data...
INFO(SPCOCN-1054): ...written
INFO(SPCOCN-1443): TUBII.SCH.1.1 has been previously edited as drawing #3.
INFO(SPCOCN-1070): Checking drawing...
INFO(SPCOCN-1028): writing <tubii_lib>ELLIE_TALK.SYM.1.1:
INFO(SPCOCN-1051): writing body file...
INFO(SPCOCN-1054): ...written
INFO(SPCOCN-1028): writing <tubii_lib>ELLIE_TALK.SCH.1.1:
INFO(SPCOCN-1044): writing binary file...
INFO(SPCOCN-1049): writing ASCII file...
INFO(SPCOCN-1053): writing connectivity file...
INFO(SPCOCN-1054): ...written

CSDirect 16.6-p007 (v16-6-112F)

Netlisting block ellie_talk

Processing page 1

No netlisting errors found. 

INFO(SPCOCN-1028): writing <tubii_lib>LATCHEXTTRIG.SYM.1.1:
INFO(SPCOCN-1051): writing body file...
INFO(SPCOCN-1054): ...written
No netlisting errors found. 

INFO(SPCOCN-1028): writing <tubii_lib>MICROZEDCONNECTION.SYM.1.1:
INFO(SPCOCN-1051): writing body file...
INFO(SPCOCN-1054): ...written
WARNING(SPCOCN-1080): Block 'MICROZEDCONNECTION' Errors/Warnings found during save operation.  Load the following marker file:temp/microzedconnection.mkr.
WARNING(SPCOCN-1080): Block 'SELECT_LO_SRC' Errors/Warnings found during save operation.  Load the following marker file:temp/select_lo_src.mkr.
INFO(SPCOCN-1028): writing <tubii_lib>TUNCOMP.SYM.1.1:
INFO(SPCOCN-1051): writing body file...
INFO(SPCOCN-1054): ...written
No netlisting errors found. 

INFO(SPCOCN-1028): writing <tubii_lib>BURSTTRIG.SYM.1.1:
INFO(SPCOCN-1051): writing body file...
INFO(SPCOCN-1054): ...written
INFO(SPCOCN-1028): writing <tubii_lib>BURSTTRIG.SCH.1.1:
INFO(SPCOCN-1044): writing binary file...
INFO(SPCOCN-1049): writing ASCII file...
INFO(SPCOCN-1053): writing connectivity file...
INFO(SPCOCN-1054): ...written

CSDirect 16.6-p007 (v16-6-112F)

Netlisting block bursttrig

Processing page 1

No netlisting errors found. 

WARNING(SPCOCN-1080): Block 'CLK_LEDS' Errors/Warnings found during save operation.  Load the following marker file:temp/clk_leds.mkr.
INFO(SPCOCN-1070): Checking drawing...
INFO(SPCOCN-1028): writing <tubii_lib>TUBII.SCH.1.1:
INFO(SPCOCN-1044): writing binary file...
INFO(SPCOCN-1049): writing ASCII file...
INFO(SPCOCN-1053): writing connectivity file...
INFO(SPCOCN-1054): ...written

CSDirect 16.6-p007 (v16-6-112F)

Netlisting block tubii

Processing page 1

INFO(SPCOCN-1640): writing occurrence data...
INFO(SPCOCN-1054): ...written
INFO(SPCOCN-1070): Checking drawing...
INFO(SPCOCN-1028): writing <tubii_lib>ELLIE_TALK.SCH.1.1:
INFO(SPCOCN-1044): writing binary file...
INFO(SPCOCN-1049): writing ASCII file...
INFO(SPCOCN-1053): writing connectivity file...
INFO(SPCOCN-1054): ...written

CSDirect 16.6-p007 (v16-6-112F)

Netlisting block ellie_talk

Processing page 1

No netlisting errors found. 

INFO(SPCOCN-1640): writing occurrence data...
INFO(SPCOCN-1054): ...written
INFO(SPCOCN-1445): Reading TUBII.SCH.1.1 into drawing #9.
INFO(SPCOCN-1001): Component: I1 selected.
INFO(SPCOCN-1854): The drawing TUBII.SCH.1.1
INFO(SPCOCN-578): will be retained as drawing #9.
INFO(SPCOCN-1445): Reading CAEN_CHAT.SCH.1.1 into drawing #2.
INFO(SPCOCN-1443): TUBII.SCH.1.1 has been previously edited as drawing #3.
INFO(SPCOCN-1001): Component: I68 selected.
INFO(SPCOCN-1443): SELECT_LO_SRC.SCH.1.1 has been previously edited as drawing #8.
INFO(SPCOCN-1443): TUBII.SCH.1.1 has been previously edited as drawing #3.
INFO(SPCOCN-1001): Component: I37 selected.
INFO(SPCOCN-1854): The drawing TUBII.SCH.1.1
INFO(SPCOCN-578): will be retained as drawing #3.
INFO(SPCOCN-1445): Reading ASYNCDELAYS.SCH.1.1 into drawing #2.
INFO(SPCOCN-1443): TUBII.SCH.1.1 has been previously edited as drawing #3.
INFO(SPCOCN-1001): Component: I47 selected.
INFO(SPCOCN-1854): The drawing TUBII.SCH.1.1
INFO(SPCOCN-578): will be retained as drawing #3.
INFO(SPCOCN-1445): Reading FASTCOMP.SCH.1.1 into drawing #5.
INFO(SPCOCN-1443): TUBII.SCH.1.1 has been previously edited as drawing #3.
INFO(SPCOCN-1001): Component: I41 selected.
INFO(SPCOCN-1854): The drawing TUBII.SCH.1.1
INFO(SPCOCN-578): will be retained as drawing #3.
INFO(SPCOCN-1445): Reading TUNCOMP.SCH.1.1 into drawing #6.
INFO(SPCOCN-1443): TUBII.SCH.1.1 has been previously edited as drawing #3.
INFO(SPCOCN-1001): Component: I20 selected.
INFO(SPCOCN-1854): The drawing TUBII.SCH.1.1
INFO(SPCOCN-578): will be retained as drawing #3.
INFO(SPCOCN-1445): Reading LATCHEXTTRIG.SCH.1.1 into drawing #7.
INFO(SPCOCN-1443): TUBII.SCH.1.1 has been previously edited as drawing #3.
INFO(SPCOCN-1001): Component: I1 selected.
INFO(SPCOCN-1854): The drawing TUBII.SCH.1.1
INFO(SPCOCN-578): will be retained as drawing #3.
INFO(SPCOCN-1445): Reading CAEN_CHAT.SCH.1.1 into drawing #7.
INFO(SPCOCN-1443): TUBII.SCH.1.1 has been previously edited as drawing #3.
INFO(SPCOCN-1001): Component: I37 selected.
INFO(SPCOCN-1443): ASYNCDELAYS.SCH.1.1 has been previously edited as drawing #2.
INFO(SPCOCN-1443): TUBII.SCH.1.1 has been previously edited as drawing #3.
INFO(SPCOCN-1001): Component: I62 selected.
INFO(SPCOCN-1854): The drawing TUBII.SCH.1.1
INFO(SPCOCN-578): will be retained as drawing #3.
INFO(SPCOCN-1445): Reading CAEN_COMS.SCH.1.1 into drawing #7.
INFO(SPCOCN-1443): TUBII.SCH.1.1 has been previously edited as drawing #3.
INFO(SPCOCN-1001): Component: I90 selected.
INFO(SPCOCN-1001): Component: I90 selected.
INFO(SPCOCN-1001): Component: I65 selected.
INFO(SPCOCN-1854): The drawing TUBII.SCH.1.1
INFO(SPCOCN-578): will be retained as drawing #3.
INFO(SPCOCN-1445): Reading BASE_MON.SCH.1.1 into drawing #7.
INFO(SPCOCN-1443): TUBII.SCH.1.1 has been previously edited as drawing #3.
INFO(SPCOCN-1001): Component: I91 selected.
WARNING(SPCOCN-2041): Block rename command can be used to rename a block at the time of creation of the block. It cannot update the canonical paths of the objects of a block for which design is already captured. To rename or create a copy of the existing block, use the Copy Project functionality of Project Manager.
INFO(SPCOCN-1001): Component: I91 selected.
WARNING(SPCOCN-2041): Block rename command can be used to rename a block at the time of creation of the block. It cannot update the canonical paths of the objects of a block for which design is already captured. To rename or create a copy of the existing block, use the Copy Project functionality of Project Manager.
INFO(SPCOCN-1001): Component: I91 selected.
INFO(SPCOCN-1001): Component: I91 selected.
INFO(SPCOCN-1443): ECAL_CONTROL.SYM.1.1 has been previously edited as drawing #7.
INFO(SPCOCN-1070): Checking drawing...
INFO(SPCOCN-1028): writing <tubii_lib>ECAL_CONTROL.SYM.1.1:
INFO(SPCOCN-1051): writing body file...
INFO(SPCOCN-1054): ...written
No netlisting errors found. 

INFO(SPCOCN-1640): writing occurrence data...
INFO(SPCOCN-1028): writing <tubii_lib>ECAL_CONTROL.SCH.1.1:
INFO(SPCOCN-1044): writing binary file...
INFO(SPCOCN-1049): writing ASCII file...
INFO(SPCOCN-1053): writing connectivity file...
INFO(SPCOCN-1054): ...written

CSDirect 16.6-p007 (v16-6-112F)

Netlisting block ecal_control

Processing page 1

No netlisting errors found. 

INFO(SPCOCN-1054): ...written
INFO(SPCOCN-1001): Component: ??? selected.
INFO(SPCOCN-1443): TUBII.SCH.1.1 has been previously edited as drawing #3.
INFO(SPCOCN-1001): Component: I91 selected.
INFO(SPCOCN-1854): The drawing TUBII.SCH.1.1
INFO(SPCOCN-578): will be retained as drawing #3.
INFO(SPCOCN-1445): Reading ECAL_CONTROL.SCH.1.1 into drawing #7.
INFO(SPCOCN-1001): Component: I32 selected.
INFO(SPCOCN-1854): The drawing TUBII.SCH.1.1
INFO(SPCOCN-578): will be retained as drawing #3.
INFO(SPCOCN-1445): Reading BURSTTRIG.SCH.1.1 into drawing #11.
INFO(SPCOCN-1443): TUBII.SCH.1.1 has been previously edited as drawing #3.
INFO(SPCOCN-1001): Component: I32 selected.
INFO(SPCOCN-1854): The drawing TUBII.SCH.1.1
INFO(SPCOCN-578): will be retained as drawing #3.
INFO(SPCOCN-1445): Reading BURSTTRIG.SCH.1.1 into drawing #11.
WARNING(SPCOCN-982): The operation could not be performed because no object on the drawing was selected.
INFO(SPCOCN-1443): TUBII.SCH.1.1 has been previously edited as drawing #3.
INFO(SPCOCN-1001): Component: I37 selected.
INFO(SPCOCN-1001): Component: I37 selected.
INFO(SPCOCN-1001): Component: I37 selected.
INFO(SPCOCN-1443): ASYNCDELAYS.SCH.1.1 has been previously edited as drawing #2.
INFO(SPCOCN-1443): TUBII.SCH.1.1 has been previously edited as drawing #3.
INFO(SPCOCN-1001): Component: I1 selected.
INFO(SPCOCN-1854): The drawing TUBII.SCH.1.1
INFO(SPCOCN-578): will be retained as drawing #3.
INFO(SPCOCN-1445): Reading CAEN_CHAT.SCH.1.1 into drawing #13.
INFO(SPCOCN-1507): Adding version 1 of part 10H125 from library ecl
INFO(SPCOCN-1070): Checking drawing...
INFO(SPCOCN-1028): writing <tubii_lib>CAEN_CHAT.SCH.1.1:
INFO(SPCOCN-1044): writing binary file...
INFO(SPCOCN-1049): writing ASCII file...
INFO(SPCOCN-1053): writing connectivity file...
INFO(SPCOCN-1054): ...written

CSDirect 16.6-p007 (v16-6-112F)

Netlisting block caen_chat

Processing page 1

No netlisting errors found. 

INFO(SPCOCN-1640): writing occurrence data...
INFO(SPCOCN-1054): ...written
INFO(SPCOCN-1070): Checking drawing...
INFO(SPCOCN-1028): writing <tubii_lib>CAEN_CHAT.SCH.1.1:
INFO(SPCOCN-1044): writing binary file...
INFO(SPCOCN-1049): writing ASCII file...
INFO(SPCOCN-1053): writing connectivity file...
INFO(SPCOCN-1054): ...written

CSDirect 16.6-p007 (v16-6-112F)

Netlisting block caen_chat

Processing page 1

No netlisting errors found. 

INFO(SPCOCN-1640): writing occurrence data...
INFO(SPCOCN-1054): ...written
INFO(SPCOCN-1001): Component: I1 selected.
INFO(SPCOCN-1507): Adding version 1 of part TESTPOINT_L from library misc
INFO(SPCOCN-1507): Adding version 1 of part TESTPOINT_L from library misc
INFO(SPCOCN-1854): The drawing ECAL_CONTROL.SCH.1.1
INFO(SPCOCN-578): will be retained as drawing #7.
INFO(SPCOCN-1445): Reading TESTPOINT_L.SYM.1.1 into drawing #14.
INFO(SPCOCN-1443): ECAL_CONTROL.SCH.1.1 has been previously edited as drawing #7.
INFO(SPCOCN-1000): Pin: I1.A selected.
INFO(SPCOCN-1001): Component: I2 selected.
INFO(SPCOCN-1854): The drawing ECAL_CONTROL.SCH.1.1
INFO(SPCOCN-578): will be retained as drawing #7.
INFO(SPCOCN-1445): Reading TESTPOINT_L.SYM.1.1 into drawing #14.
INFO(SPCOCN-1443): ECAL_CONTROL.SCH.1.1 has been previously edited as drawing #7.
INFO(SPCOCN-1507): Adding version 1 of part GND from library misc
INFO(SPCOCN-1507): Adding version 1 of part 10H124 from library ecl
INFO(SPCOCN-1443): TUBII.SCH.1.1 has been previously edited as drawing #3.
INFO(SPCOCN-1443): BLOCK7.SYM.1.1 has been previously edited as drawing #14.
INFO(SPCOCN-1443): TUBII.SCH.1.1 has been previously edited as drawing #3.
INFO(SPCOCN-1001): Component: I92 selected.
WARNING(SPCOCN-2041): Block rename command can be used to rename a block at the time of creation of the block. It cannot update the canonical paths of the objects of a block for which design is already captured. To rename or create a copy of the existing block, use the Copy Project functionality of Project Manager.
INFO(SPCOCN-1001): Component: I92 selected.
INFO(SPCOCN-1443): NEW_TRIGGERS.SYM.1.1 has been previously edited as drawing #15.
INFO(SPCOCN-1070): Checking drawing...
INFO(SPCOCN-1028): writing <tubii_lib>NEW_TRIGGERS.SYM.1.1:
INFO(SPCOCN-1051): writing body file...
INFO(SPCOCN-1054): ...written
No netlisting errors found. 

INFO(SPCOCN-1640): writing occurrence data...
INFO(SPCOCN-1028): writing <tubii_lib>NEW_TRIGGERS.SCH.1.1:
INFO(SPCOCN-1044): writing binary file...
INFO(SPCOCN-1049): writing ASCII file...
INFO(SPCOCN-1053): writing connectivity file...
INFO(SPCOCN-1054): ...written

CSDirect 16.6-p007 (v16-6-112F)

Netlisting block new_triggers

Processing page 1

No netlisting errors found. 

INFO(SPCOCN-1054): ...written
INFO(SPCOCN-1443): TUBII.SCH.1.1 has been previously edited as drawing #3.
INFO(SPCOCN-1001): Component: I32 selected.
INFO(SPCOCN-1443): BURSTTRIG.SCH.1.1 has been previously edited as drawing #11.
INFO(SPCOCN-1443): TUBII.SCH.1.1 has been previously edited as drawing #3.
INFO(SPCOCN-1001): Component: I92 selected.
INFO(SPCOCN-1854): The drawing TUBII.SCH.1.1
INFO(SPCOCN-578): will be retained as drawing #3.
INFO(SPCOCN-1445): Reading NEW_TRIGGERS.SCH.1.1 into drawing #13.
WARNING(SPCOCN-1200): Using group A
INFO(SPCOCN-1195): Group "A" contains:   42 bodies   537 properties   12 notes   88 wires   16 dots   0 images
INFO(SPCOCN-1443): TUBII.SCH.1.1 has been previously edited as drawing #3.
INFO(SPCOCN-1001): Component: I92 selected.
WARNING(SPCOCN-2041): Block rename command can be used to rename a block at the time of creation of the block. It cannot update the canonical paths of the objects of a block for which design is already captured. To rename or create a copy of the existing block, use the Copy Project functionality of Project Manager.
WARNING(SPCOCN-958): The block NEW_TRIGGERS might be instantiated elsewhere in the design. Renaming this block might lead to discrepancies in the design. It is recommended that you delete the block.
INFO(SPCOCN-1001): Component: I92 selected.
INFO(SPCOCN-1443): TUBII_TRIGGERS.SYM.1.1 has been previously edited as drawing #14.
INFO(SPCOCN-1070): Checking drawing...
INFO(SPCOCN-1028): writing <tubii_lib>TUBII_TRIGGERS.SYM.1.1:
INFO(SPCOCN-1051): writing body file...
INFO(SPCOCN-1054): ...written
No netlisting errors found. 

INFO(SPCOCN-1640): writing occurrence data...
INFO(SPCOCN-1028): writing <tubii_lib>TUBII_TRIGGERS.SCH.1.1:
INFO(SPCOCN-1044): writing binary file...
INFO(SPCOCN-1049): writing ASCII file...
INFO(SPCOCN-1053): writing connectivity file...
INFO(SPCOCN-1054): ...written

CSDirect 16.6-p007 (v16-6-112F)

Netlisting block tubii_triggers

Processing page 1

No netlisting errors found. 

INFO(SPCOCN-1054): ...written
INFO(SPCOCN-1443): TUBII.SCH.1.1 has been previously edited as drawing #3.
INFO(SPCOCN-1001): Component: I92 selected.
INFO(SPCOCN-1854): The drawing TUBII.SCH.1.1
INFO(SPCOCN-578): will be retained as drawing #3.
INFO(SPCOCN-1445): Reading TUBII_TRIGGERS.SCH.1.1 into drawing #14.
WARNING(SPCOCN-1200): Using group A
INFO(SPCOCN-1195): Group "A" contains:   42 bodies   540 properties   15 notes   89 wires   16 dots   0 images
WARNING(SPCOCN-982): The operation could not be performed because no object on the drawing was selected.
INFO(SPCOCN-1443): TUBII.SCH.1.1 has been previously edited as drawing #3.
INFO(SPCOCN-1001): Component: I32 selected.
INFO(SPCOCN-1443): BURSTTRIG.SCH.1.1 has been previously edited as drawing #11.
INFO(SPCOCN-1443): TUBII.SCH.1.1 has been previously edited as drawing #3.
INFO(SPCOCN-1001): Component: I62 selected.
INFO(SPCOCN-1854): The drawing TUBII.SCH.1.1
INFO(SPCOCN-578): will be retained as drawing #3.
INFO(SPCOCN-1445): Reading CAEN_COMS.SCH.1.1 into drawing #16.
INFO(SPCOCN-1443): TUBII.SCH.1.1 has been previously edited as drawing #3.
INFO(SPCOCN-1001): Component: I47 selected.
INFO(SPCOCN-1443): FASTCOMP.SCH.1.1 has been previously edited as drawing #5.
INFO(SPCOCN-1443): TUBII.SCH.1.1 has been previously edited as drawing #3.
INFO(SPCOCN-1001): Component: I68 selected.
INFO(SPCOCN-1001): Component: I68 selected.
INFO(SPCOCN-1001): Component: I68 selected.
INFO(SPCOCN-1443): SELECT_LO_SRC.SCH.1.1 has been previously edited as drawing #8.
INFO(SPCOCN-1443): TUBII.SCH.1.1 has been previously edited as drawing #3.
INFO(SPCOCN-1001): Component: I92 selected.
WARNING(SPCOCN-964): The block pin could not be renamed because you clicked on an area that lies outside of the block. Ensure that you click only on the pin that needs to be renamed.
INFO(SPCOCN-1001): Component: I92 selected.
INFO(SPCOCN-1443): TUBII_TRIGGERS.SCH.1.1 has been previously edited as drawing #14.
WARNING(SPCOCN-503): The specified stroke shape '9375' is not recognized. Ensure that you specify a known shape.
zoom right; 
zoom down; 
INFO(SPCOCN-1000): Pin: I8.B selected.
INFO(SPCOCN-1000): Pin: I43.C selected.
INFO(SPCOCN-1443): TUBII.SCH.1.1 has been previously edited as drawing #3.
INFO(SPCOCN-999): Signal: COMBO_TRIG selected.
WARNING(SPCOCN-982): The operation could not be performed because no object on the drawing was selected.
INFO(SPCOCN-1070): Checking drawing...
INFO(SPCOCN-1024): Drawing not written.
INFO(SPCOCN-1070): Checking drawing...
INFO(SPCOCN-1028): writing <tubii_lib>MICROZEDCONNECTION.SYM.1.1:
INFO(SPCOCN-1051): writing body file...
INFO(SPCOCN-1054): ...written
WARNING(SPCOCN-1080): Block 'MICROZEDCONNECTION' Errors/Warnings found during save operation.  Load the following marker file:temp/microzedconnection.mkr.
INFO(SPCOCN-1028): writing <tubii_lib>TUBII_TRIGGERS.SYM.1.1:
INFO(SPCOCN-1051): writing body file...
INFO(SPCOCN-1054): ...written
INFO(SPCOCN-1028): writing <tubii_lib>TUBII_TRIGGERS.SCH.1.1:
INFO(SPCOCN-1044): writing binary file...
INFO(SPCOCN-1049): writing ASCII file...
INFO(SPCOCN-1053): writing connectivity file...
INFO(SPCOCN-1054): ...written

CSDirect 16.6-p007 (v16-6-112F)

Netlisting block tubii_triggers

Processing page 1

WARNING(SPCOCN-1080): Block 'TUBII_TRIGGERS' Errors/Warnings found during save operation.  Load the following marker file:temp/tubii_triggers.mkr.
WARNING(SPCOCN-1080): Block 'SELECT_LO_SRC' Errors/Warnings found during save operation.  Load the following marker file:temp/select_lo_src.mkr.
WARNING(SPCOCN-1080): Block 'CLK_LEDS' Errors/Warnings found during save operation.  Load the following marker file:temp/clk_leds.mkr.
INFO(SPCOCN-1070): Checking drawing...
INFO(SPCOCN-1028): writing <tubii_lib>TUBII.SCH.1.1:
INFO(SPCOCN-1044): writing binary file...
INFO(SPCOCN-1049): writing ASCII file...
INFO(SPCOCN-1053): writing connectivity file...
INFO(SPCOCN-1054): ...written

CSDirect 16.6-p007 (v16-6-112F)

Netlisting block tubii

Processing page 1

INFO(SPCOCN-1640): writing occurrence data...
INFO(SPCOCN-1054): ...written
INFO(SPCOCN-1001): Component: I32 selected.
INFO(SPCOCN-1443): BURSTTRIG.SCH.1.1 has been previously edited as drawing #11.
WARNING(SPCOCN-1200): Using group A
INFO(SPCOCN-1195): Group "A" contains:   32 bodies   371 properties   16 notes   56 wires   8 dots   0 images
WARNING(SPCOCN-1200): Using group A
WARNING(SPCOCN-1196): Group  "A" is empty.
WARNING(SPCOCN-1200): Using group A
INFO(SPCOCN-1195): Group "A" contains:   33 bodies   371 properties   16 notes   60 wires   8 dots   0 images
WARNING(SPCOCN-982): The operation could not be performed because no object on the drawing was selected.
zoom left; 
INFO(SPCOCN-1001): Component: I49 selected.
WARNING(SPCOCN-982): The operation could not be performed because no object on the drawing was selected.
WARNING(SPCOCN-1200): Using group A
INFO(SPCOCN-1195): Group "A" contains:   33 bodies   247 properties   2 notes   59 wires   9 dots   0 images
WARNING(SPCOCN-1200): Using group A
INFO(SPCOCN-1195): Group "A" contains:   32 bodies   233 properties   2 notes   56 wires   9 dots   0 images
WARNING(SPCOCN-1200): Using group A
INFO(SPCOCN-1195): Group "A" contains:   33 bodies   244 properties   2 notes   55 wires   9 dots   0 images
WARNING(SPCOCN-1200): Using group A
INFO(SPCOCN-1195): Group "A" contains:   32 bodies   234 properties   2 notes   56 wires   9 dots   0 images
INFO(SPCOCN-1001): Component: I72 selected.
WARNING(SPCOCN-982): The operation could not be performed because no object on the drawing was selected.
WARNING(SPCOCN-1200): Using group A
INFO(SPCOCN-1195): Group "A" contains:   6 bodies   4 properties   0 notes   0 wires   0 dots   0 images
WARNING(SPCOCN-1200): Using group A
INFO(SPCOCN-1195): Group "A" contains:   6 bodies   12 properties   0 notes   4 wires   0 dots   0 images
WARNING(SPCOCN-1200): Using group A
INFO(SPCOCN-1195): Group "A" contains:   6 bodies   10 properties   0 notes   3 wires   0 dots   0 images
WARNING(SPCOCN-1200): Using group A
INFO(SPCOCN-1195): Group "A" contains:   32 bodies   205 properties   2 notes   45 wires   9 dots   0 images
INFO(SPCOCN-1195): Group "A" contains:   32 bodies   236 properties   2 notes   56 wires   9 dots   0 images
WARNING(SPCOCN-1200): Using group A
INFO(SPCOCN-1195): Group "A" contains:   16 bodies   55 properties   0 notes   12 wires   0 dots   0 images
WARNING(SPCOCN-982): The operation could not be performed because no object on the drawing was selected.
WARNING(SPCOCN-1200): Using group A
INFO(SPCOCN-1195): Group "A" contains:   4 bodies   1 properties   0 notes   2 wires   0 dots   0 images
ERROR(SPCOCN-1464): Component GND already present at location (3450,1475)You are not allowed to place another component at the same location
INFO(SPCOCN-1001): Component: I112 selected.
ERROR(SPCOCN-1521): Specify a signal name before selecting point.
INFO(SPCOCN-1854): The drawing BURSTTRIG.SCH.1.1
INFO(SPCOCN-578): will be retained as drawing #11.
INFO(SPCOCN-1445): Reading TUBII.SCH.1.1 into drawing #3.
INFO(SPCOCN-1001): Component: I20 selected.
INFO(SPCOCN-1445): Reading LATCHEXTTRIG.SCH.1.1 into drawing #3.
INFO(SPCOCN-1443): TUBII.SCH.1.1 has been previously edited as drawing #9.
INFO(SPCOCN-1001): Component: I32 selected.
INFO(SPCOCN-1001): Component: I125 selected.
INFO(SPCOCN-1854): The drawing TUBII_TRIGGERS.SCH.1.1
INFO(SPCOCN-578): will be retained as drawing #14.
INFO(SPCOCN-1445): Reading 10H125.SYM.1.1 into drawing #3.
INFO(SPCOCN-1443): TUBII_TRIGGERS.SCH.1.1 has been previously edited as drawing #14.
INFO(SPCOCN-1001): Component: I36 selected.
WARNING(SPCOCN-982): The operation could not be performed because no object on the drawing was selected.
INFO(SPCOCN-1070): Checking drawing...
INFO(SPCOCN-1028): writing <tubii_lib>TUBII_TRIGGERS.SCH.1.1:
INFO(SPCOCN-1044): writing binary file...
INFO(SPCOCN-1049): writing ASCII file...
INFO(SPCOCN-1053): writing connectivity file...
INFO(SPCOCN-1054): ...written

CSDirect 16.6-p007 (v16-6-112F)

Netlisting block tubii_triggers

Processing page 1

No netlisting errors found. 

INFO(SPCOCN-1640): writing occurrence data...
INFO(SPCOCN-1054): ...written
INFO(SPCOCN-1507): Adding version 1 of part TUBIIGT from library tubii_lib
INFO(SPCOCN-1001): Component: I91 selected.
INFO(SPCOCN-1854): The drawing TUBII.SCH.1.1
INFO(SPCOCN-578): will be retained as drawing #9.
INFO(SPCOCN-1445): Reading TUBIIGT.SCH.1.1 into drawing #3.
INFO(SPCOCN-1443): TUBII.SCH.1.1 has been previously edited as drawing #9.
INFO(SPCOCN-1001): Component: I91 selected.
WARNING(SPCOCN-2041): Block rename command can be used to rename a block at the time of creation of the block. It cannot update the canonical paths of the objects of a block for which design is already captured. To rename or create a copy of the existing block, use the Copy Project functionality of Project Manager.
WARNING(SPCOCN-951): Block named TUBII_TRIGGERS already exists in library tubii_lib, and is not writable. Select another name for the block.
INFO(SPCOCN-1070): Checking drawing...
INFO(SPCOCN-357): The drawing <tubii_lib>TUBII.SCH.1.1 has changed since it was last read.
INFO(SPCOCN-359): Do you want to save it anyway?
INFO(SPCOCN-1024): Drawing not written.
WARNING(SPCOCN-982): The operation could not be performed because no object on the drawing was selected.
INFO(SPCOCN-1070): Checking drawing...
INFO(SPCOCN-1028): writing <tubii_lib>TUBII_TRIGGERS.SCH.1.1:
INFO(SPCOCN-1044): writing binary file...
INFO(SPCOCN-1049): writing ASCII file...
INFO(SPCOCN-1053): writing connectivity file...
INFO(SPCOCN-1054): ...written

CSDirect 16.6-p007 (v16-6-112F)

Netlisting block tubii_triggers

Processing page 1

No netlisting errors found. 

INFO(SPCOCN-1640): writing occurrence data...
INFO(SPCOCN-1054): ...written
INFO(SPCOCN-1070): Checking drawing...
INFO(SPCOCN-357): The drawing <tubii_lib>TUBII.SCH.1.1 has changed since it was last read.
INFO(SPCOCN-359): Do you want to save it anyway?
INFO(SPCOCN-1070): Checking drawing...
INFO(SPCOCN-1028): writing <tubii_lib>MICROZEDCONNECTION.SYM.1.1:
INFO(SPCOCN-1051): writing body file...
INFO(SPCOCN-1054): ...written
WARNING(SPCOCN-1080): Block 'MICROZEDCONNECTION' Errors/Warnings found during save operation.  Load the following marker file:temp/microzedconnection.mkr.
WARNING(SPCOCN-1080): Block 'SELECT_LO_SRC' Errors/Warnings found during save operation.  Load the following marker file:temp/select_lo_src.mkr.
WARNING(SPCOCN-1080): Block 'CLK_LEDS' Errors/Warnings found during save operation.  Load the following marker file:temp/clk_leds.mkr.
INFO(SPCOCN-1070): Checking drawing...
INFO(SPCOCN-1028): writing <tubii_lib>TUBII.SCH.1.1:
INFO(SPCOCN-1044): writing binary file...
INFO(SPCOCN-1049): writing ASCII file...
INFO(SPCOCN-1053): writing connectivity file...
INFO(SPCOCN-1054): ...written

CSDirect 16.6-p007 (v16-6-112F)

Netlisting block tubii

Processing page 1

INFO(SPCOCN-1640): writing occurrence data...
INFO(SPCOCN-1054): ...written
INFO(SPCOCN-1070): Checking drawing...
INFO(SPCOCN-1028): writing <tubii_lib>PRESCALETRIG.SCH.1.1:
INFO(SPCOCN-1044): writing binary file...
INFO(SPCOCN-1049): writing ASCII file...
INFO(SPCOCN-1053): writing connectivity file...
INFO(SPCOCN-1054): ...written

CSDirect 16.6-p007 (v16-6-112F)

Netlisting block prescaletrig

Processing page 1

No netlisting errors found. 

INFO(SPCOCN-1640): writing occurrence data...
INFO(SPCOCN-1054): ...written
INFO(SPCOCN-1070): Checking drawing...
INFO(SPCOCN-1028): writing <tubii_lib>ASYNCDELAYS.SCH.1.1:
INFO(SPCOCN-1044): writing binary file...
INFO(SPCOCN-1049): writing ASCII file...
INFO(SPCOCN-1053): writing connectivity file...
INFO(SPCOCN-1054): ...written

CSDirect 16.6-p007 (v16-6-112F)

Netlisting block asyncdelays

Processing page 1

No netlisting errors found. 

INFO(SPCOCN-1640): writing occurrence data...
INFO(SPCOCN-1054): ...written
INFO(SPCOCN-1070): Checking drawing...
INFO(SPCOCN-1028): writing <tubii_lib>BLOCK7.SYM.1.1:
INFO(SPCOCN-1051): writing body file...
INFO(SPCOCN-1054): ...written
No netlisting errors found. 

INFO(SPCOCN-1640): writing occurrence data...
INFO(SPCOCN-1028): writing <tubii_lib>BLOCK7.SCH.1.1:
INFO(SPCOCN-1044): writing binary file...
INFO(SPCOCN-1049): writing ASCII file...
INFO(SPCOCN-1053): writing connectivity file...
INFO(SPCOCN-1054): ...written

CSDirect 16.6-p007 (v16-6-112F)

Netlisting block block7

Processing page 1

No netlisting errors found. 

INFO(SPCOCN-1054): ...written
INFO(SPCOCN-1070): Checking drawing...
INFO(SPCOCN-1028): writing <tubii_lib>FASTCOMP.SCH.1.1:
INFO(SPCOCN-1044): writing binary file...
INFO(SPCOCN-1049): writing ASCII file...
INFO(SPCOCN-1053): writing connectivity file...
INFO(SPCOCN-1054): ...written

CSDirect 16.6-p007 (v16-6-112F)

Netlisting block fastcomp

Processing page 1

No netlisting errors found. 

INFO(SPCOCN-1640): writing occurrence data...
INFO(SPCOCN-1054): ...written
INFO(SPCOCN-1070): Checking drawing...
INFO(SPCOCN-1028): writing <tubii_lib>TUNCOMP.SCH.1.1:
INFO(SPCOCN-1044): writing binary file...
INFO(SPCOCN-1049): writing ASCII file...
INFO(SPCOCN-1053): writing connectivity file...
INFO(SPCOCN-1054): ...written

CSDirect 16.6-p007 (v16-6-112F)

Netlisting block tuncomp

Processing page 1

No netlisting errors found. 

INFO(SPCOCN-1640): writing occurrence data...
INFO(SPCOCN-1054): ...written
INFO(SPCOCN-1070): Checking drawing...
INFO(SPCOCN-1028): writing <tubii_lib>ECAL_CONTROL.SCH.1.1:
INFO(SPCOCN-1044): writing binary file...
INFO(SPCOCN-1049): writing ASCII file...
INFO(SPCOCN-1053): writing connectivity file...
INFO(SPCOCN-1054): ...written

CSDirect 16.6-p007 (v16-6-112F)

Netlisting block ecal_control

Processing page 1

INFO(SPCOCN-1640): writing occurrence data...
INFO(SPCOCN-1054): ...written
INFO(SPCOCN-1070): Checking drawing...
INFO(SPCOCN-1028): writing <tubii_lib>SELECT_LO_SRC.SCH.1.1:
INFO(SPCOCN-1044): writing binary file...
INFO(SPCOCN-1049): writing ASCII file...
INFO(SPCOCN-1053): writing connectivity file...
INFO(SPCOCN-1054): ...written

CSDirect 16.6-p007 (v16-6-112F)

Netlisting block select_lo_src

Processing page 1

INFO(SPCOCN-1640): writing occurrence data...
INFO(SPCOCN-1054): ...written
INFO(SPCOCN-1070): Checking drawing...
INFO(SPCOCN-1028): writing <tubii_lib>BURSTTRIG.SCH.1.1:
INFO(SPCOCN-1044): writing binary file...
INFO(SPCOCN-1049): writing ASCII file...
INFO(SPCOCN-1053): writing connectivity file...
INFO(SPCOCN-1054): ...written

CSDirect 16.6-p007 (v16-6-112F)

Netlisting block bursttrig

Processing page 1

INFO(SPCOCN-1640): writing occurrence data...
INFO(SPCOCN-1054): ...written
INFO(SPCOCN-1070): Checking drawing...
INFO(SPCOCN-1028): writing <tubii_lib>NEW_TRIGGERS.SCH.1.1:
INFO(SPCOCN-1044): writing binary file...
INFO(SPCOCN-1049): writing ASCII file...
INFO(SPCOCN-1053): writing connectivity file...
INFO(SPCOCN-1054): ...written

CSDirect 16.6-p007 (v16-6-112F)

Netlisting block new_triggers

Processing page 1

INFO(SPCOCN-1640): writing occurrence data...
INFO(SPCOCN-1054): ...written
