FILE_TYPE=LIBRARY_PARTS ;
TIME=' Compilation on Thu Sep 21 14:42:06 1989  ';
PRIMITIVE 'RES_J';
 PIN
  'A'<0>:
   PIN_NUMBER='(1)';
   PIN_GROUP='1';
  'B'<0>:
   PIN_NUMBER='(2)';
   PIN_GROUP='1';
 END_PIN;
 BODY
  COMP_TYPE= 'RES';
  JEDEC_TYPE='RES400';
  LEADOUT_TYPE='RES400';
  PATH='2P';
  DRAWING='ELEMENTCHIPS.LOGIC.1.1';
  PRIM_TYPE='CHIPS_PRT';
  PRIM_FILE='/modeler/build/awbged/element/resistor/chips_prt';
  VER='1';
  XY='(1350,1350)';
  PHYS_DES_PREFIX='R';
  DIR='ELEMENT.LIB';
  ROT='0';
  CLASS='DISCRETE';
  PINCOUNT='2';
  SIZE='1';
 END_BODY;
END_PRIMITIVE;
END.
