FILE_TYPE=LIBRARY_PARTS;
TIME=' COMPILATION ON MON FEB 21 16:27:35 1994  ';
primitive 'CONN96';
  pin
    'C32':
      PIN_NUMBER='(96)';
      INPUT_LOAD='(-0.01,0.01)';
      OUTPUT_LOAD='(1.0,-1.0)';
      OUTPUT_TYPE='(TS,TS)';
      BIDIRECTIONAL='TRUE';
      ALLOW_CONNECT='TRUE';
      NO_LOAD_CHECK='TRUE';
    'C31':
      PIN_NUMBER='(95)';
      INPUT_LOAD='(-0.01,0.01)';
      OUTPUT_LOAD='(1.0,-1.0)';
      OUTPUT_TYPE='(TS,TS)';
      BIDIRECTIONAL='TRUE';
      ALLOW_CONNECT='TRUE';
      NO_LOAD_CHECK='TRUE';
    'C30':
      PIN_NUMBER='(94)';
      INPUT_LOAD='(-0.01,0.01)';
      OUTPUT_LOAD='(1.0,-1.0)';
      OUTPUT_TYPE='(TS,TS)';
      BIDIRECTIONAL='TRUE';
      ALLOW_CONNECT='TRUE';
      NO_LOAD_CHECK='TRUE';
    'C29':
      PIN_NUMBER='(93)';
      INPUT_LOAD='(-0.01,0.01)';
      OUTPUT_LOAD='(1.0,-1.0)';
      OUTPUT_TYPE='(TS,TS)';
      BIDIRECTIONAL='TRUE';
      ALLOW_CONNECT='TRUE';
      NO_LOAD_CHECK='TRUE';
    'C28':
      PIN_NUMBER='(92)';
      INPUT_LOAD='(-0.01,0.01)';
      OUTPUT_LOAD='(1.0,-1.0)';
      OUTPUT_TYPE='(TS,TS)';
      BIDIRECTIONAL='TRUE';
      ALLOW_CONNECT='TRUE';
      NO_LOAD_CHECK='TRUE';
    'C27':
      PIN_NUMBER='(91)';
      INPUT_LOAD='(-0.01,0.01)';
      OUTPUT_LOAD='(1.0,-1.0)';
      OUTPUT_TYPE='(TS,TS)';
      BIDIRECTIONAL='TRUE';
      ALLOW_CONNECT='TRUE';
      NO_LOAD_CHECK='TRUE';
    'C26':
      PIN_NUMBER='(90)';
      INPUT_LOAD='(-0.01,0.01)';
      OUTPUT_LOAD='(1.0,-1.0)';
      OUTPUT_TYPE='(TS,TS)';
      BIDIRECTIONAL='TRUE';
      ALLOW_CONNECT='TRUE';
      NO_LOAD_CHECK='TRUE';
    'C25':
      PIN_NUMBER='(89)';
      INPUT_LOAD='(-0.01,0.01)';
      OUTPUT_LOAD='(1.0,-1.0)';
      OUTPUT_TYPE='(TS,TS)';
      BIDIRECTIONAL='TRUE';
      ALLOW_CONNECT='TRUE';
      NO_LOAD_CHECK='TRUE';
    'C24':
      PIN_NUMBER='(88)';
      INPUT_LOAD='(-0.01,0.01)';
      OUTPUT_LOAD='(1.0,-1.0)';
      OUTPUT_TYPE='(TS,TS)';
      BIDIRECTIONAL='TRUE';
      ALLOW_CONNECT='TRUE';
      NO_LOAD_CHECK='TRUE';
    'C23':
      PIN_NUMBER='(87)';
      INPUT_LOAD='(-0.01,0.01)';
      OUTPUT_LOAD='(1.0,-1.0)';
      OUTPUT_TYPE='(TS,TS)';
      BIDIRECTIONAL='TRUE';
      ALLOW_CONNECT='TRUE';
      NO_LOAD_CHECK='TRUE';
    'C22':
      PIN_NUMBER='(86)';
      INPUT_LOAD='(-0.01,0.01)';
      OUTPUT_LOAD='(1.0,-1.0)';
      OUTPUT_TYPE='(TS,TS)';
      BIDIRECTIONAL='TRUE';
      ALLOW_CONNECT='TRUE';
      NO_LOAD_CHECK='TRUE';
    'C21':
      PIN_NUMBER='(85)';
      INPUT_LOAD='(-0.01,0.01)';
      OUTPUT_LOAD='(1.0,-1.0)';
      OUTPUT_TYPE='(TS,TS)';
      BIDIRECTIONAL='TRUE';
      ALLOW_CONNECT='TRUE';
      NO_LOAD_CHECK='TRUE';
    'C20':
      PIN_NUMBER='(84)';
      INPUT_LOAD='(-0.01,0.01)';
      OUTPUT_LOAD='(1.0,-1.0)';
      OUTPUT_TYPE='(TS,TS)';
      BIDIRECTIONAL='TRUE';
      ALLOW_CONNECT='TRUE';
      NO_LOAD_CHECK='TRUE';
    'C19':
      PIN_NUMBER='(83)';
      INPUT_LOAD='(-0.01,0.01)';
      OUTPUT_LOAD='(1.0,-1.0)';
      OUTPUT_TYPE='(TS,TS)';
      BIDIRECTIONAL='TRUE';
      ALLOW_CONNECT='TRUE';
      NO_LOAD_CHECK='TRUE';
    'C18':
      PIN_NUMBER='(82)';
      INPUT_LOAD='(-0.01,0.01)';
      OUTPUT_LOAD='(1.0,-1.0)';
      OUTPUT_TYPE='(TS,TS)';
      BIDIRECTIONAL='TRUE';
      ALLOW_CONNECT='TRUE';
      NO_LOAD_CHECK='TRUE';
    'C17':
      PIN_NUMBER='(81)';
      INPUT_LOAD='(-0.01,0.01)';
      OUTPUT_LOAD='(1.0,-1.0)';
      OUTPUT_TYPE='(TS,TS)';
      BIDIRECTIONAL='TRUE';
      ALLOW_CONNECT='TRUE';
      NO_LOAD_CHECK='TRUE';
    'C16':
      PIN_NUMBER='(80)';
      INPUT_LOAD='(-0.01,0.01)';
      OUTPUT_LOAD='(1.0,-1.0)';
      OUTPUT_TYPE='(TS,TS)';
      BIDIRECTIONAL='TRUE';
      ALLOW_CONNECT='TRUE';
      NO_LOAD_CHECK='TRUE';
    'C15':
      PIN_NUMBER='(79)';
      INPUT_LOAD='(-0.01,0.01)';
      OUTPUT_LOAD='(1.0,-1.0)';
      OUTPUT_TYPE='(TS,TS)';
      BIDIRECTIONAL='TRUE';
      ALLOW_CONNECT='TRUE';
      NO_LOAD_CHECK='TRUE';
    'C14':
      PIN_NUMBER='(78)';
      INPUT_LOAD='(-0.01,0.01)';
      OUTPUT_LOAD='(1.0,-1.0)';
      OUTPUT_TYPE='(TS,TS)';
      BIDIRECTIONAL='TRUE';
      ALLOW_CONNECT='TRUE';
      NO_LOAD_CHECK='TRUE';
    'C13':
      PIN_NUMBER='(77)';
      INPUT_LOAD='(-0.01,0.01)';
      OUTPUT_LOAD='(1.0,-1.0)';
      OUTPUT_TYPE='(TS,TS)';
      BIDIRECTIONAL='TRUE';
      ALLOW_CONNECT='TRUE';
      NO_LOAD_CHECK='TRUE';
    'C12':
      PIN_NUMBER='(76)';
      INPUT_LOAD='(-0.01,0.01)';
      OUTPUT_LOAD='(1.0,-1.0)';
      OUTPUT_TYPE='(TS,TS)';
      BIDIRECTIONAL='TRUE';
      ALLOW_CONNECT='TRUE';
      NO_LOAD_CHECK='TRUE';
    'C11':
      PIN_NUMBER='(75)';
      INPUT_LOAD='(-0.01,0.01)';
      OUTPUT_LOAD='(1.0,-1.0)';
      OUTPUT_TYPE='(TS,TS)';
      BIDIRECTIONAL='TRUE';
      ALLOW_CONNECT='TRUE';
      NO_LOAD_CHECK='TRUE';
    'C10':
      PIN_NUMBER='(74)';
      INPUT_LOAD='(-0.01,0.01)';
      OUTPUT_LOAD='(1.0,-1.0)';
      OUTPUT_TYPE='(TS,TS)';
      BIDIRECTIONAL='TRUE';
      ALLOW_CONNECT='TRUE';
      NO_LOAD_CHECK='TRUE';
    'C9':
      PIN_NUMBER='(73)';
      INPUT_LOAD='(-0.01,0.01)';
      OUTPUT_LOAD='(1.0,-1.0)';
      OUTPUT_TYPE='(TS,TS)';
      BIDIRECTIONAL='TRUE';
      ALLOW_CONNECT='TRUE';
      NO_LOAD_CHECK='TRUE';
    'C8':
      PIN_NUMBER='(72)';
      INPUT_LOAD='(-0.01,0.01)';
      OUTPUT_LOAD='(1.0,-1.0)';
      OUTPUT_TYPE='(TS,TS)';
      BIDIRECTIONAL='TRUE';
      ALLOW_CONNECT='TRUE';
      NO_LOAD_CHECK='TRUE';
    'C7':
      PIN_NUMBER='(71)';
      INPUT_LOAD='(-0.01,0.01)';
      OUTPUT_LOAD='(1.0,-1.0)';
      OUTPUT_TYPE='(TS,TS)';
      BIDIRECTIONAL='TRUE';
      ALLOW_CONNECT='TRUE';
      NO_LOAD_CHECK='TRUE';
    'C6':
      PIN_NUMBER='(70)';
      INPUT_LOAD='(-0.01,0.01)';
      OUTPUT_LOAD='(1.0,-1.0)';
      OUTPUT_TYPE='(TS,TS)';
      BIDIRECTIONAL='TRUE';
      ALLOW_CONNECT='TRUE';
      NO_LOAD_CHECK='TRUE';
    'C5':
      PIN_NUMBER='(69)';
      INPUT_LOAD='(-0.01,0.01)';
      OUTPUT_LOAD='(1.0,-1.0)';
      OUTPUT_TYPE='(TS,TS)';
      BIDIRECTIONAL='TRUE';
      ALLOW_CONNECT='TRUE';
      NO_LOAD_CHECK='TRUE';
    'C4':
      PIN_NUMBER='(68)';
      INPUT_LOAD='(-0.01,0.01)';
      OUTPUT_LOAD='(1.0,-1.0)';
      OUTPUT_TYPE='(TS,TS)';
      BIDIRECTIONAL='TRUE';
      ALLOW_CONNECT='TRUE';
      NO_LOAD_CHECK='TRUE';
    'C3':
      PIN_NUMBER='(67)';
      INPUT_LOAD='(-0.01,0.01)';
      OUTPUT_LOAD='(1.0,-1.0)';
      OUTPUT_TYPE='(TS,TS)';
      BIDIRECTIONAL='TRUE';
      ALLOW_CONNECT='TRUE';
      NO_LOAD_CHECK='TRUE';
    'C2':
      PIN_NUMBER='(66)';
      INPUT_LOAD='(-0.01,0.01)';
      OUTPUT_LOAD='(1.0,-1.0)';
      OUTPUT_TYPE='(TS,TS)';
      BIDIRECTIONAL='TRUE';
      ALLOW_CONNECT='TRUE';
      NO_LOAD_CHECK='TRUE';
    'C1':
      PIN_NUMBER='(65)';
      INPUT_LOAD='(-0.01,0.01)';
      OUTPUT_LOAD='(1.0,-1.0)';
      OUTPUT_TYPE='(TS,TS)';
      BIDIRECTIONAL='TRUE';
      ALLOW_CONNECT='TRUE';
      NO_LOAD_CHECK='TRUE';
    'B32':
      PIN_NUMBER='(64)';
      INPUT_LOAD='(-0.01,0.01)';
      OUTPUT_LOAD='(1.0,-1.0)';
      OUTPUT_TYPE='(TS,TS)';
      BIDIRECTIONAL='TRUE';
      ALLOW_CONNECT='TRUE';
      NO_LOAD_CHECK='TRUE';
    'B31':
      PIN_NUMBER='(63)';
      INPUT_LOAD='(-0.01,0.01)';
      OUTPUT_LOAD='(1.0,-1.0)';
      OUTPUT_TYPE='(TS,TS)';
      BIDIRECTIONAL='TRUE';
      ALLOW_CONNECT='TRUE';
      NO_LOAD_CHECK='TRUE';
    'B30':
      PIN_NUMBER='(62)';
      INPUT_LOAD='(-0.01,0.01)';
      OUTPUT_LOAD='(1.0,-1.0)';
      OUTPUT_TYPE='(TS,TS)';
      BIDIRECTIONAL='TRUE';
      ALLOW_CONNECT='TRUE';
      NO_LOAD_CHECK='TRUE';
    'B29':
      PIN_NUMBER='(61)';
      INPUT_LOAD='(-0.01,0.01)';
      OUTPUT_LOAD='(1.0,-1.0)';
      OUTPUT_TYPE='(TS,TS)';
      BIDIRECTIONAL='TRUE';
      ALLOW_CONNECT='TRUE';
      NO_LOAD_CHECK='TRUE';
    'B28':
      PIN_NUMBER='(60)';
      INPUT_LOAD='(-0.01,0.01)';
      OUTPUT_LOAD='(1.0,-1.0)';
      OUTPUT_TYPE='(TS,TS)';
      BIDIRECTIONAL='TRUE';
      ALLOW_CONNECT='TRUE';
      NO_LOAD_CHECK='TRUE';
    'B27':
      PIN_NUMBER='(59)';
      INPUT_LOAD='(-0.01,0.01)';
      OUTPUT_LOAD='(1.0,-1.0)';
      OUTPUT_TYPE='(TS,TS)';
      BIDIRECTIONAL='TRUE';
      ALLOW_CONNECT='TRUE';
      NO_LOAD_CHECK='TRUE';
    'B26':
      PIN_NUMBER='(58)';
      INPUT_LOAD='(-0.01,0.01)';
      OUTPUT_LOAD='(1.0,-1.0)';
      OUTPUT_TYPE='(TS,TS)';
      BIDIRECTIONAL='TRUE';
      ALLOW_CONNECT='TRUE';
      NO_LOAD_CHECK='TRUE';
    'B25':
      PIN_NUMBER='(57)';
      INPUT_LOAD='(-0.01,0.01)';
      OUTPUT_LOAD='(1.0,-1.0)';
      OUTPUT_TYPE='(TS,TS)';
      BIDIRECTIONAL='TRUE';
      ALLOW_CONNECT='TRUE';
      NO_LOAD_CHECK='TRUE';
    'B24':
      PIN_NUMBER='(56)';
      INPUT_LOAD='(-0.01,0.01)';
      OUTPUT_LOAD='(1.0,-1.0)';
      OUTPUT_TYPE='(TS,TS)';
      BIDIRECTIONAL='TRUE';
      ALLOW_CONNECT='TRUE';
      NO_LOAD_CHECK='TRUE';
    'B23':
      PIN_NUMBER='(55)';
      INPUT_LOAD='(-0.01,0.01)';
      OUTPUT_LOAD='(1.0,-1.0)';
      OUTPUT_TYPE='(TS,TS)';
      BIDIRECTIONAL='TRUE';
      ALLOW_CONNECT='TRUE';
      NO_LOAD_CHECK='TRUE';
    'B22':
      PIN_NUMBER='(54)';
      INPUT_LOAD='(-0.01,0.01)';
      OUTPUT_LOAD='(1.0,-1.0)';
      OUTPUT_TYPE='(TS,TS)';
      BIDIRECTIONAL='TRUE';
      ALLOW_CONNECT='TRUE';
      NO_LOAD_CHECK='TRUE';
    'B21':
      PIN_NUMBER='(53)';
      INPUT_LOAD='(-0.01,0.01)';
      OUTPUT_LOAD='(1.0,-1.0)';
      OUTPUT_TYPE='(TS,TS)';
      BIDIRECTIONAL='TRUE';
      ALLOW_CONNECT='TRUE';
      NO_LOAD_CHECK='TRUE';
    'B20':
      PIN_NUMBER='(52)';
      INPUT_LOAD='(-0.01,0.01)';
      OUTPUT_LOAD='(1.0,-1.0)';
      OUTPUT_TYPE='(TS,TS)';
      BIDIRECTIONAL='TRUE';
      ALLOW_CONNECT='TRUE';
      NO_LOAD_CHECK='TRUE';
    'B19':
      PIN_NUMBER='(51)';
      INPUT_LOAD='(-0.01,0.01)';
      OUTPUT_LOAD='(1.0,-1.0)';
      OUTPUT_TYPE='(TS,TS)';
      BIDIRECTIONAL='TRUE';
      ALLOW_CONNECT='TRUE';
      NO_LOAD_CHECK='TRUE';
    'B18':
      PIN_NUMBER='(50)';
      INPUT_LOAD='(-0.01,0.01)';
      OUTPUT_LOAD='(1.0,-1.0)';
      OUTPUT_TYPE='(TS,TS)';
      BIDIRECTIONAL='TRUE';
      ALLOW_CONNECT='TRUE';
      NO_LOAD_CHECK='TRUE';
    'B17':
      PIN_NUMBER='(49)';
      INPUT_LOAD='(-0.01,0.01)';
      OUTPUT_LOAD='(1.0,-1.0)';
      OUTPUT_TYPE='(TS,TS)';
      BIDIRECTIONAL='TRUE';
      ALLOW_CONNECT='TRUE';
      NO_LOAD_CHECK='TRUE';
    'B16':
      PIN_NUMBER='(48)';
      INPUT_LOAD='(-0.01,0.01)';
      OUTPUT_LOAD='(1.0,-1.0)';
      OUTPUT_TYPE='(TS,TS)';
      BIDIRECTIONAL='TRUE';
      ALLOW_CONNECT='TRUE';
      NO_LOAD_CHECK='TRUE';
    'B15':
      PIN_NUMBER='(47)';
      INPUT_LOAD='(-0.01,0.01)';
      OUTPUT_LOAD='(1.0,-1.0)';
      OUTPUT_TYPE='(TS,TS)';
      BIDIRECTIONAL='TRUE';
      ALLOW_CONNECT='TRUE';
      NO_LOAD_CHECK='TRUE';
    'B14':
      PIN_NUMBER='(46)';
      INPUT_LOAD='(-0.01,0.01)';
      OUTPUT_LOAD='(1.0,-1.0)';
      OUTPUT_TYPE='(TS,TS)';
      BIDIRECTIONAL='TRUE';
      ALLOW_CONNECT='TRUE';
      NO_LOAD_CHECK='TRUE';
    'B13':
      PIN_NUMBER='(45)';
      INPUT_LOAD='(-0.01,0.01)';
      OUTPUT_LOAD='(1.0,-1.0)';
      OUTPUT_TYPE='(TS,TS)';
      BIDIRECTIONAL='TRUE';
      ALLOW_CONNECT='TRUE';
      NO_LOAD_CHECK='TRUE';
    'B12':
      PIN_NUMBER='(44)';
      INPUT_LOAD='(-0.01,0.01)';
      OUTPUT_LOAD='(1.0,-1.0)';
      OUTPUT_TYPE='(TS,TS)';
      BIDIRECTIONAL='TRUE';
      ALLOW_CONNECT='TRUE';
      NO_LOAD_CHECK='TRUE';
    'B11':
      PIN_NUMBER='(43)';
      INPUT_LOAD='(-0.01,0.01)';
      OUTPUT_LOAD='(1.0,-1.0)';
      OUTPUT_TYPE='(TS,TS)';
      BIDIRECTIONAL='TRUE';
      ALLOW_CONNECT='TRUE';
      NO_LOAD_CHECK='TRUE';
    'B10':
      PIN_NUMBER='(42)';
      INPUT_LOAD='(-0.01,0.01)';
      OUTPUT_LOAD='(1.0,-1.0)';
      OUTPUT_TYPE='(TS,TS)';
      BIDIRECTIONAL='TRUE';
      ALLOW_CONNECT='TRUE';
      NO_LOAD_CHECK='TRUE';
    'B9':
      PIN_NUMBER='(41)';
      INPUT_LOAD='(-0.01,0.01)';
      OUTPUT_LOAD='(1.0,-1.0)';
      OUTPUT_TYPE='(TS,TS)';
      BIDIRECTIONAL='TRUE';
      ALLOW_CONNECT='TRUE';
      NO_LOAD_CHECK='TRUE';
    'B8':
      PIN_NUMBER='(40)';
      INPUT_LOAD='(-0.01,0.01)';
      OUTPUT_LOAD='(1.0,-1.0)';
      OUTPUT_TYPE='(TS,TS)';
      BIDIRECTIONAL='TRUE';
      ALLOW_CONNECT='TRUE';
      NO_LOAD_CHECK='TRUE';
    'B7':
      PIN_NUMBER='(39)';
      INPUT_LOAD='(-0.01,0.01)';
      OUTPUT_LOAD='(1.0,-1.0)';
      OUTPUT_TYPE='(TS,TS)';
      BIDIRECTIONAL='TRUE';
      ALLOW_CONNECT='TRUE';
      NO_LOAD_CHECK='TRUE';
    'B6':
      PIN_NUMBER='(38)';
      INPUT_LOAD='(-0.01,0.01)';
      OUTPUT_LOAD='(1.0,-1.0)';
      OUTPUT_TYPE='(TS,TS)';
      BIDIRECTIONAL='TRUE';
      ALLOW_CONNECT='TRUE';
      NO_LOAD_CHECK='TRUE';
    'B5':
      PIN_NUMBER='(37)';
      INPUT_LOAD='(-0.01,0.01)';
      OUTPUT_LOAD='(1.0,-1.0)';
      OUTPUT_TYPE='(TS,TS)';
      BIDIRECTIONAL='TRUE';
      ALLOW_CONNECT='TRUE';
      NO_LOAD_CHECK='TRUE';
    'B4':
      PIN_NUMBER='(36)';
      INPUT_LOAD='(-0.01,0.01)';
      OUTPUT_LOAD='(1.0,-1.0)';
      OUTPUT_TYPE='(TS,TS)';
      BIDIRECTIONAL='TRUE';
      ALLOW_CONNECT='TRUE';
      NO_LOAD_CHECK='TRUE';
    'B3':
      PIN_NUMBER='(35)';
      INPUT_LOAD='(-0.01,0.01)';
      OUTPUT_LOAD='(1.0,-1.0)';
      OUTPUT_TYPE='(TS,TS)';
      BIDIRECTIONAL='TRUE';
      ALLOW_CONNECT='TRUE';
      NO_LOAD_CHECK='TRUE';
    'B2':
      PIN_NUMBER='(34)';
      INPUT_LOAD='(-0.01,0.01)';
      OUTPUT_LOAD='(1.0,-1.0)';
      OUTPUT_TYPE='(TS,TS)';
      BIDIRECTIONAL='TRUE';
      ALLOW_CONNECT='TRUE';
      NO_LOAD_CHECK='TRUE';
    'B1':
      PIN_NUMBER='(33)';
      INPUT_LOAD='(-0.01,0.01)';
      OUTPUT_LOAD='(1.0,-1.0)';
      OUTPUT_TYPE='(TS,TS)';
      BIDIRECTIONAL='TRUE';
      ALLOW_CONNECT='TRUE';
      NO_LOAD_CHECK='TRUE';
    'A32':
      PIN_NUMBER='(32)';
      INPUT_LOAD='(-0.01,0.01)';
      OUTPUT_LOAD='(1.0,-1.0)';
      OUTPUT_TYPE='(TS,TS)';
      BIDIRECTIONAL='TRUE';
      ALLOW_CONNECT='TRUE';
      NO_LOAD_CHECK='TRUE';
    'A31':
      PIN_NUMBER='(31)';
      INPUT_LOAD='(-0.01,0.01)';
      OUTPUT_LOAD='(1.0,-1.0)';
      OUTPUT_TYPE='(TS,TS)';
      BIDIRECTIONAL='TRUE';
      ALLOW_CONNECT='TRUE';
      NO_LOAD_CHECK='TRUE';
    'A30':
      PIN_NUMBER='(30)';
      INPUT_LOAD='(-0.01,0.01)';
      OUTPUT_LOAD='(1.0,-1.0)';
      OUTPUT_TYPE='(TS,TS)';
      BIDIRECTIONAL='TRUE';
      ALLOW_CONNECT='TRUE';
      NO_LOAD_CHECK='TRUE';
    'A29':
      PIN_NUMBER='(29)';
      INPUT_LOAD='(-0.01,0.01)';
      OUTPUT_LOAD='(1.0,-1.0)';
      OUTPUT_TYPE='(TS,TS)';
      BIDIRECTIONAL='TRUE';
      ALLOW_CONNECT='TRUE';
      NO_LOAD_CHECK='TRUE';
    'A28':
      PIN_NUMBER='(28)';
      INPUT_LOAD='(-0.01,0.01)';
      OUTPUT_LOAD='(1.0,-1.0)';
      OUTPUT_TYPE='(TS,TS)';
      BIDIRECTIONAL='TRUE';
      ALLOW_CONNECT='TRUE';
      NO_LOAD_CHECK='TRUE';
    'A27':
      PIN_NUMBER='(27)';
      INPUT_LOAD='(-0.01,0.01)';
      OUTPUT_LOAD='(1.0,-1.0)';
      OUTPUT_TYPE='(TS,TS)';
      BIDIRECTIONAL='TRUE';
      ALLOW_CONNECT='TRUE';
      NO_LOAD_CHECK='TRUE';
    'A26':
      PIN_NUMBER='(26)';
      INPUT_LOAD='(-0.01,0.01)';
      OUTPUT_LOAD='(1.0,-1.0)';
      OUTPUT_TYPE='(TS,TS)';
      BIDIRECTIONAL='TRUE';
      ALLOW_CONNECT='TRUE';
      NO_LOAD_CHECK='TRUE';
    'A25':
      PIN_NUMBER='(25)';
      INPUT_LOAD='(-0.01,0.01)';
      OUTPUT_LOAD='(1.0,-1.0)';
      OUTPUT_TYPE='(TS,TS)';
      BIDIRECTIONAL='TRUE';
      ALLOW_CONNECT='TRUE';
      NO_LOAD_CHECK='TRUE';
    'A24':
      PIN_NUMBER='(24)';
      INPUT_LOAD='(-0.01,0.01)';
      OUTPUT_LOAD='(1.0,-1.0)';
      OUTPUT_TYPE='(TS,TS)';
      BIDIRECTIONAL='TRUE';
      ALLOW_CONNECT='TRUE';
      NO_LOAD_CHECK='TRUE';
    'A23':
      PIN_NUMBER='(23)';
      INPUT_LOAD='(-0.01,0.01)';
      OUTPUT_LOAD='(1.0,-1.0)';
      OUTPUT_TYPE='(TS,TS)';
      BIDIRECTIONAL='TRUE';
      ALLOW_CONNECT='TRUE';
      NO_LOAD_CHECK='TRUE';
    'A22':
      PIN_NUMBER='(22)';
      INPUT_LOAD='(-0.01,0.01)';
      OUTPUT_LOAD='(1.0,-1.0)';
      OUTPUT_TYPE='(TS,TS)';
      BIDIRECTIONAL='TRUE';
      ALLOW_CONNECT='TRUE';
      NO_LOAD_CHECK='TRUE';
    'A21':
      PIN_NUMBER='(21)';
      INPUT_LOAD='(-0.01,0.01)';
      OUTPUT_LOAD='(1.0,-1.0)';
      OUTPUT_TYPE='(TS,TS)';
      BIDIRECTIONAL='TRUE';
      ALLOW_CONNECT='TRUE';
      NO_LOAD_CHECK='TRUE';
    'A20':
      PIN_NUMBER='(20)';
      INPUT_LOAD='(-0.01,0.01)';
      OUTPUT_LOAD='(1.0,-1.0)';
      OUTPUT_TYPE='(TS,TS)';
      BIDIRECTIONAL='TRUE';
      ALLOW_CONNECT='TRUE';
      NO_LOAD_CHECK='TRUE';
    'A19':
      PIN_NUMBER='(19)';
      INPUT_LOAD='(-0.01,0.01)';
      OUTPUT_LOAD='(1.0,-1.0)';
      OUTPUT_TYPE='(TS,TS)';
      BIDIRECTIONAL='TRUE';
      ALLOW_CONNECT='TRUE';
      NO_LOAD_CHECK='TRUE';
    'A18':
      PIN_NUMBER='(18)';
      INPUT_LOAD='(-0.01,0.01)';
      OUTPUT_LOAD='(1.0,-1.0)';
      OUTPUT_TYPE='(TS,TS)';
      BIDIRECTIONAL='TRUE';
      ALLOW_CONNECT='TRUE';
      NO_LOAD_CHECK='TRUE';
    'A17':
      PIN_NUMBER='(17)';
      INPUT_LOAD='(-0.01,0.01)';
      OUTPUT_LOAD='(1.0,-1.0)';
      OUTPUT_TYPE='(TS,TS)';
      BIDIRECTIONAL='TRUE';
      ALLOW_CONNECT='TRUE';
      NO_LOAD_CHECK='TRUE';
    'A16':
      PIN_NUMBER='(16)';
      INPUT_LOAD='(-0.01,0.01)';
      OUTPUT_LOAD='(1.0,-1.0)';
      OUTPUT_TYPE='(TS,TS)';
      BIDIRECTIONAL='TRUE';
      ALLOW_CONNECT='TRUE';
      NO_LOAD_CHECK='TRUE';
    'A15':
      PIN_NUMBER='(15)';
      INPUT_LOAD='(-0.01,0.01)';
      OUTPUT_LOAD='(1.0,-1.0)';
      OUTPUT_TYPE='(TS,TS)';
      BIDIRECTIONAL='TRUE';
      ALLOW_CONNECT='TRUE';
      NO_LOAD_CHECK='TRUE';
    'A14':
      PIN_NUMBER='(14)';
      INPUT_LOAD='(-0.01,0.01)';
      OUTPUT_LOAD='(1.0,-1.0)';
      OUTPUT_TYPE='(TS,TS)';
      BIDIRECTIONAL='TRUE';
      ALLOW_CONNECT='TRUE';
      NO_LOAD_CHECK='TRUE';
    'A13':
      PIN_NUMBER='(13)';
      INPUT_LOAD='(-0.01,0.01)';
      OUTPUT_LOAD='(1.0,-1.0)';
      OUTPUT_TYPE='(TS,TS)';
      BIDIRECTIONAL='TRUE';
      ALLOW_CONNECT='TRUE';
      NO_LOAD_CHECK='TRUE';
    'A12':
      PIN_NUMBER='(12)';
      INPUT_LOAD='(-0.01,0.01)';
      OUTPUT_LOAD='(1.0,-1.0)';
      OUTPUT_TYPE='(TS,TS)';
      BIDIRECTIONAL='TRUE';
      ALLOW_CONNECT='TRUE';
      NO_LOAD_CHECK='TRUE';
    'A11':
      PIN_NUMBER='(11)';
      INPUT_LOAD='(-0.01,0.01)';
      OUTPUT_LOAD='(1.0,-1.0)';
      OUTPUT_TYPE='(TS,TS)';
      BIDIRECTIONAL='TRUE';
      ALLOW_CONNECT='TRUE';
      NO_LOAD_CHECK='TRUE';
    'A10':
      PIN_NUMBER='(10)';
      INPUT_LOAD='(-0.01,0.01)';
      OUTPUT_LOAD='(1.0,-1.0)';
      OUTPUT_TYPE='(TS,TS)';
      BIDIRECTIONAL='TRUE';
      ALLOW_CONNECT='TRUE';
      NO_LOAD_CHECK='TRUE';
    'A9':
      PIN_NUMBER='(9)';
      INPUT_LOAD='(-0.01,0.01)';
      OUTPUT_LOAD='(1.0,-1.0)';
      OUTPUT_TYPE='(TS,TS)';
      BIDIRECTIONAL='TRUE';
      ALLOW_CONNECT='TRUE';
      NO_LOAD_CHECK='TRUE';
    'A8':
      PIN_NUMBER='(8)';
      INPUT_LOAD='(-0.01,0.01)';
      OUTPUT_LOAD='(1.0,-1.0)';
      OUTPUT_TYPE='(TS,TS)';
      BIDIRECTIONAL='TRUE';
      ALLOW_CONNECT='TRUE';
      NO_LOAD_CHECK='TRUE';
    'A7':
      PIN_NUMBER='(7)';
      INPUT_LOAD='(-0.01,0.01)';
      OUTPUT_LOAD='(1.0,-1.0)';
      OUTPUT_TYPE='(TS,TS)';
      BIDIRECTIONAL='TRUE';
      ALLOW_CONNECT='TRUE';
      NO_LOAD_CHECK='TRUE';
    'A6':
      PIN_NUMBER='(6)';
      INPUT_LOAD='(-0.01,0.01)';
      OUTPUT_LOAD='(1.0,-1.0)';
      OUTPUT_TYPE='(TS,TS)';
      BIDIRECTIONAL='TRUE';
      ALLOW_CONNECT='TRUE';
      NO_LOAD_CHECK='TRUE';
    'A5':
      PIN_NUMBER='(5)';
      INPUT_LOAD='(-0.01,0.01)';
      OUTPUT_LOAD='(1.0,-1.0)';
      OUTPUT_TYPE='(TS,TS)';
      BIDIRECTIONAL='TRUE';
      ALLOW_CONNECT='TRUE';
      NO_LOAD_CHECK='TRUE';
    'A4':
      PIN_NUMBER='(4)';
      INPUT_LOAD='(-0.01,0.01)';
      OUTPUT_LOAD='(1.0,-1.0)';
      OUTPUT_TYPE='(TS,TS)';
      BIDIRECTIONAL='TRUE';
      ALLOW_CONNECT='TRUE';
      NO_LOAD_CHECK='TRUE';
    'A3':
      PIN_NUMBER='(3)';
      INPUT_LOAD='(-0.01,0.01)';
      OUTPUT_LOAD='(1.0,-1.0)';
      OUTPUT_TYPE='(TS,TS)';
      BIDIRECTIONAL='TRUE';
      ALLOW_CONNECT='TRUE';
      NO_LOAD_CHECK='TRUE';
    'A2':
      PIN_NUMBER='(2)';
      INPUT_LOAD='(-0.01,0.01)';
      OUTPUT_LOAD='(1.0,-1.0)';
      OUTPUT_TYPE='(TS,TS)';
      BIDIRECTIONAL='TRUE';
      ALLOW_CONNECT='TRUE';
      NO_LOAD_CHECK='TRUE';
    'A1':
      PIN_NUMBER='(1)';
      INPUT_LOAD='(-0.01,0.01)';
      OUTPUT_LOAD='(1.0,-1.0)';
      OUTPUT_TYPE='(TS,TS)';
      BIDIRECTIONAL='TRUE';
      ALLOW_CONNECT='TRUE';
      NO_LOAD_CHECK='TRUE';
  end_pin;
  body
    JEDEC_TYPE='CONN96';
    CLASS='IO';
    PHYS_DES_PREFIX='J';
    NC_PINS='(97,98)';
  end_body;
end_primitive;
END.
