temp/xxnedtmp25/event.log NEWFILE1
temp/xxnedtmp25/text.log NEWFILE2
temp/xxnedtmp25/environ.log NEWFILE3
C:\Cadence\SPB_16.6\share\cdssetup/concept/concepthdl.scr FILE4
C:\Users\QGPWindowsVB\Downloads\orebi\SPB_Data\TUBII5\cds.lib FILE5
C:\Users\QGPWindowsVB\Downloads\orebi\SPB_Data\TUBII5\worklib\tubii\sch_1\page1.csb FILE6
C:\Users\QGPWindowsVB\Downloads\orebi\SPB_Data\TUBII5\worklib\tubii\sch_1\page1_csb.lck FILE7
temp/xxnedtmp25/undo1.log NEWFILE8
C:\Users\QGPWindowsVB\Downloads\orebi\Parts\parts\misc\penn#20b#20size#20page\sym_1\symbol.css FILE9
C:\Users\QGPWindowsVB\Downloads\orebi\SPB_Data\TUBII5\worklib\tubii\sch_1\page1_csa.lck NEWFILE10
C:/Users/QGPWindowsVB/Downloads/orebi/SPB_Data/TUBII5/worklib/tubii/sch_1/tubii.xcon FILE11
C:/Users/QGPWindowsVB/Downloads/orebi/SPB_Data/TUBII5/worklib/tubii/sch_1/tubii.dcf FILE12
C:\Users\QGPWindowsVB\Downloads\orebi\SPB_Data\TUBII5\worklib\trigger_utility_board_mkii\sch_1\page1.csb FILE13
C:\Users\QGPWindowsVB\Downloads\orebi\SPB_Data\TUBII5\worklib\trigger_utility_board_mkii\sch_1\page1_csb.lck NEWFILE14
C:\Users\QGPWindowsVB\Downloads\orebi\SPB_Data\TUBII5\worklib\tubii_spkr\sym_1\symbol.css FILE15
C:\Users\QGPWindowsVB\Downloads\orebi\Parts\parts\standard\3#20merge\sym_1\symbol.css FILE16
C:\Users\QGPWindowsVB\Downloads\orebi\SPB_Data\TUBII5\worklib\ecal_control\sym_1\symbol.css FILE17
C:\Users\QGPWindowsVB\Downloads\orebi\Parts\parts\ttl\hct238\sym_1\symbol.css FILE18
C:\Users\QGPWindowsVB\Downloads\orebi\SPB_Data\TUBII5\worklib\gt_delays\sym_1\symbol.css FILE19
C:\Users\QGPWindowsVB\Downloads\orebi\SPB_Data\TUBII5\worklib\caen\sym_1\symbol.css FILE20
C:\Users\QGPWindowsVB\Downloads\orebi\SPB_Data\TUBII5\worklib\cntrl_register\sym_1\symbol.css FILE21
C:\Users\QGPWindowsVB\Downloads\orebi\SPB_Data\TUBII5\worklib\clocks\sym_1\symbol.css FILE22
C:\Users\QGPWindowsVB\Downloads\orebi\SPB_Data\TUBII5\worklib\powers\sym_1\symbol.css FILE23
C:\Users\QGPWindowsVB\Downloads\orebi\SPB_Data\TUBII5\worklib\comparators\sym_1\symbol.css FILE24
C:\Users\QGPWindowsVB\Downloads\orebi\SPB_Data\TUBII5\worklib\generic_utilities\sym_1\symbol.css FILE25
C:\Users\QGPWindowsVB\Downloads\orebi\SPB_Data\TUBII5\worklib\microzedconnection\sym_1\symbol.css FILE26
C:\Users\QGPWindowsVB\Downloads\orebi\SPB_Data\TUBII5\worklib\base_mon\sym_1\symbol.css FILE27
C:\Users\QGPWindowsVB\Downloads\orebi\SPB_Data\TUBII5\worklib\caen\sch_1\page1.csb FILE28
C:\Users\QGPWindowsVB\Downloads\orebi\SPB_Data\TUBII5\worklib\caen\sch_1\page1_csb.lck NEWFILE29
C:\Users\QGPWindowsVB\Downloads\orebi\SPB_Data\TUBII5\worklib\trigger_utility_board_mkii\sch_1\page1_csa.lck NEWFILE30
C:\Users\QGPWindowsVB\Downloads\orebi\SPB_Data\TUBII5\worklib\caen_coms\sym_1\symbol.css FILE31
C:\Users\QGPWindowsVB\Downloads\orebi\SPB_Data\TUBII5\worklib\caen_chat\sym_1\symbol.css FILE32
C:\Users\QGPWindowsVB\Downloads\orebi\SPB_Data\TUBII5\worklib\caen_chat\sch_1\page1.csb FILE33
C:\Users\QGPWindowsVB\Downloads\orebi\SPB_Data\TUBII5\worklib\caen_chat\sch_1\page1_csb.lck NEWFILE34
C:\Users\QGPWindowsVB\Downloads\orebi\SPB_Data\TUBII5\worklib\caen\sch_1\page1_csa.lck NEWFILE35
C:\Users\QGPWindowsVB\Downloads\orebi\Parts\parts\resistors\rsmd0805\sym_1\symbol.css FILE36
C:\Users\QGPWindowsVB\Downloads\orebi\Parts\parts\misc\testpoint_l\sym_1\symbol.css FILE37
C:\Users\QGPWindowsVB\Downloads\orebi\Parts\parts\ecl\10ep90\sym_1\symbol.css FILE38
C:\Users\QGPWindowsVB\Downloads\orebi\Parts\parts\misc\max9376\sym_2\symbol.css FILE39
C:\Users\QGPWindowsVB\Downloads\orebi\Parts\parts\misc\lvds_driver_ds10\sym_1\symbol.css FILE40
C:\Users\QGPWindowsVB\Downloads\orebi\Parts\parts\transistors\mmbth81lt1\sym_1\symbol.css FILE41
C:\Users\QGPWindowsVB\Downloads\orebi\Parts\parts\ecl\10h116\sym_1\symbol.css FILE42
C:\Users\QGPWindowsVB\Downloads\orebi\Parts\parts\misc\gnd\sym_1\symbol.css FILE43
C:\Users\QGPWindowsVB\Downloads\orebi\SPB_Data\TUBII5\worklib\caen_chat\sch_1\page1_csa.lck NEWFILE44
C:\Users\QGPWindowsVB\Downloads\orebi\SPB_Data\TUBII5\worklib\caen_coms\sch_1\page1.csb FILE45
C:\Users\QGPWindowsVB\Downloads\orebi\SPB_Data\TUBII5\worklib\caen_coms\sch_1\page1_csb.lck NEWFILE46
C:\Users\QGPWindowsVB\Downloads\orebi\Parts\parts\misc\prma1c05b\sym_1\symbol.css FILE47
C:\Users\QGPWindowsVB\Downloads\orebi\Parts\parts\misc\led_l\sym_1\symbol.css FILE48
C:\Users\QGPWindowsVB\Downloads\orebi\Parts\parts\ttl\hct374\sym_1\symbol.css FILE49
C:\Users\QGPWindowsVB\Downloads\orebi\SPB_Data\TUBII5\worklib\caen_buffer\sym_1\symbol.css FILE50
C:\Users\QGPWindowsVB\Downloads\orebi\Parts\parts\misc\74f164\sym_2\symbol.css FILE51
C:\Users\QGPWindowsVB\Downloads\orebi\Parts\parts\resistors\res_l\sym_1\symbol.css FILE52
C:\Users\QGPWindowsVB\Downloads\orebi\Parts\parts\ttl\f07\sym_1\symbol.css FILE53
C:\Users\QGPWindowsVB\Downloads\orebi\SPB_Data\TUBII5\worklib\caen_buffer\sch_1\page1.csb FILE54
C:\Users\QGPWindowsVB\Downloads\orebi\SPB_Data\TUBII5\worklib\caen_buffer\sch_1\page1_csb.lck NEWFILE55
C:\Users\QGPWindowsVB\Downloads\orebi\SPB_Data\TUBII5\worklib\caen_coms\sch_1\page1_csa.lck NEWFILE56
C:\Users\QGPWindowsVB\Downloads\orebi\Parts\parts\misc\ths3062\sym_1\symbol.css FILE57
C:\Users\QGPWindowsVB\Downloads\orebi\Parts\parts\standard\gnd_power\sym_1\symbol.css FILE58
C:\Users\QGPWindowsVB\Downloads\orebi\Parts\parts\diodes\1n4448\sym_1\symbol.css FILE59
C:\Users\QGPWindowsVB\Downloads\orebi\Parts\parts\misc\coto2342\sym_1\symbol.css FILE60
C:\Users\QGPWindowsVB\Downloads\orebi\Parts\parts\capacitors\csmd0805\sym_1\symbol.css FILE61
C:/Cadence/SPB_16.6/tools/language/config.dat FILE62
temp/xxnedtmp25/concept.mkr NEWFILE63
C:/Cadence/SPB_16.6/tools/language/pack_type_rename.dat NEWFILE64
temp/xxnedtmp25/../csmd0805.mkr NEWFILE65
temp/xxnedtmp25/../penn#20b#20size#20page.mkr NEWFILE66
temp/xxnedtmp25/../ths3062.mkr NEWFILE67
temp/xxnedtmp25/../res_l.mkr NEWFILE68
temp/xxnedtmp25/../coto2342.mkr NEWFILE69
temp/xxnedtmp25/../1n4448.mkr NEWFILE70
temp/xxnedtmp25/../gnd_power.mkr NEWFILE71
C:\Users\QGPWindowsVB\Downloads\orebi\SPB_Data\TUBII5\worklib\caen_buffer\sch_1\page1.csa FILE72
C:\Users\QGPWindowsVB\Downloads\orebi\SPB_Data\TUBII5\worklib\caen_buffer\sch_1\page1.csv FILE73
C:\Users\QGPWindowsVB\Downloads\orebi\SPB_Data\TUBII5\worklib\caen_buffer\sch_1\pc.db FILE74
C:/Users/QGPWindowsVB/Downloads/orebi/SPB_Data/TUBII5/worklib/caen_buffer/sch_1/caen_buffer_xcon.lck NEWFILE75
C:/Users/QGPWindowsVB/Downloads/orebi/SPB_Data/TUBII5/worklib/caen_buffer/sch_1/caen_buffer_dcf.lck NEWFILE76
temp/xxnedtmp25/csnetlister.mkr NEWFILE77
C:/Users/QGPWIN~1/AppData/Local/Temp/con8E9E.tmp FILE78
temp/xxnedtmp25/../rsmd0805.mkr NEWFILE79
C:\Users\QGPWindowsVB\Downloads\orebi\SPB_Data\TUBII5\worklib\caen_buffer\sch_1\page1_csa.lck NEWFILE80
C:\Users\QGPWindowsVB\Downloads\orebi\SPB_Data\TUBII5\worklib\microzedconnection\sym_1\symbol_css.lck NEWFILE81
temp/xxnedtmp25/undo2.log NEWFILE82
C:\Users\QGPWindowsVB\Downloads\orebi\Parts\parts\standard\origin\sym_1\symbol.css FILE83
C:\Users\QGPWindowsVB\Downloads\orebi\SPB_Data\TUBII5\worklib\microzedconnection\sch_1\page1.csb FILE84
C:\Users\QGPWindowsVB\Downloads\orebi\SPB_Data\TUBII5\worklib\microzedconnection\sch_1\page1_csb.lck NEWFILE85
temp/xxnedtmp25/undo3.log NEWFILE86
C:\Users\QGPWindowsVB\Downloads\orebi\Parts\parts\standard\drawing\sym_1\symbol.css FILE87
C:\Users\QGPWindowsVB\Downloads\orebi\Parts\parts\misc\fci_61083#2d101400lf\sym_1\symbol.css FILE88
C:\Users\QGPWindowsVB\Downloads\orebi\Parts\parts\capacitors\csmd0603\sym_1\symbol.css FILE89
C:\Users\QGPWindowsVB\Downloads\orebi\SPB_Data\TUBII5\worklib\microzedconnection\sch_1\page1_csa.lck NEWFILE90
C:\Users\QGPWindowsVB\Downloads\orebi\SPB_Data\TUBII5\worklib\cntrl_register\sch_1\page1.csb FILE91
C:\Users\QGPWindowsVB\Downloads\orebi\SPB_Data\TUBII5\worklib\cntrl_register\sch_1\page1_csb.lck NEWFILE92
C:\Users\QGPWindowsVB\Downloads\orebi\Parts\parts\ttl\74hct165\sym_1\symbol.css FILE93
C:\Users\QGPWindowsVB\Downloads\orebi\SPB_Data\TUBII5\worklib\cntrl_register\sch_1\page1_csa.lck NEWFILE94
C:\Users\QGPWindowsVB\Downloads\orebi\SPB_Data\TUBII5\worklib\tubii\sch_1\page2.csb FILE95
C:\Users\QGPWindowsVB\Downloads\orebi\SPB_Data\TUBII5\worklib\tubii\sch_1\page2_csb.lck NEWFILE96
C:\Users\QGPWindowsVB\Downloads\orebi\SPB_Data\TUBII5\worklib\ports2\sym_1\symbol.css FILE97
C:\Users\QGPWindowsVB\Downloads\orebi\SPB_Data\TUBII5\worklib\ports\sym_1\symbol.css FILE98
C:\Users\QGPWindowsVB\Downloads\orebi\SPB_Data\TUBII5\worklib\trigger_utility_board_mkii\sym_1\symbol.css FILE99
C:\Users\QGPWindowsVB\Downloads\orebi\SPB_Data\TUBII5\worklib\ports\sch_1\page1.csb FILE100
C:\Users\QGPWindowsVB\Downloads\orebi\SPB_Data\TUBII5\worklib\ports\sch_1\page1_csb.lck NEWFILE101
C:\Users\QGPWindowsVB\Downloads\orebi\SPB_Data\TUBII5\worklib\tubii\sch_1\page2_csa.lck NEWFILE102
C:\Users\QGPWindowsVB\Downloads\orebi\Parts\parts\misc\ids_c10\sym_1\symbol.css FILE103
C:\Users\QGPWindowsVB\Downloads\orebi\SPB_Data\TUBII5\worklib\gt_delays_ports\sym_1\symbol.css FILE104
C:\Users\QGPWindowsVB\Downloads\orebi\SPB_Data\TUBII5\worklib\generic_utilities_ports\sym_1\symbol.css FILE105
C:\Users\QGPWindowsVB\Downloads\orebi\SPB_Data\TUBII5\worklib\comparator_ports\sym_1\symbol.css FILE106
C:\Users\QGPWindowsVB\Downloads\orebi\SPB_Data\TUBII5\worklib\caen_ports\sym_1\symbol.css FILE107
C:\Users\QGPWindowsVB\Downloads\orebi\SPB_Data\TUBII5\worklib\translators\sym_1\symbol.css FILE108
C:\Users\QGPWindowsVB\Downloads\orebi\Parts\parts\standard\8#20merge\sym_1\symbol.css FILE109
C:\Users\QGPWindowsVB\Downloads\orebi\SPB_Data\TUBII5\worklib\ports\sch_1\page1_csa.lck NEWFILE110
C:\Users\QGPWindowsVB\Downloads\orebi\Parts\parts\ecl\10h125\sym_1\symbol.css FILE111
temp/xxnedtmp25/undo4.log NEWFILE112
C:\Users\QGPWindowsVB\Downloads\orebi\SPB_Data\TUBII5\worklib\caen_ports\sch_1\page1.csb FILE113
C:\Users\QGPWindowsVB\Downloads\orebi\SPB_Data\TUBII5\worklib\caen_ports\sch_1\page1_csb.lck NEWFILE114
C:\Users\QGPWindowsVB\Downloads\orebi\Parts\parts\standard\2#20merge\sym_1\symbol.css FILE115
C:\Users\QGPWindowsVB\Downloads\orebi\Parts\parts\standard\4#20merge\sym_1\symbol.css FILE116
C:\Users\QGPWindowsVB\Downloads\orebi\SPB_Data\TUBII5\worklib\caen_ports\sch_1\page1_csa.lck NEWFILE117
C:\Users\QGPWindowsVB\Downloads\orebi\SPB_Data\TUBII5\worklib\comparator_ports\sch_1\page1.csb FILE118
C:\Users\QGPWindowsVB\Downloads\orebi\SPB_Data\TUBII5\worklib\comparator_ports\sch_1\page1_csb.lck NEWFILE119
C:\Users\QGPWindowsVB\Downloads\orebi\SPB_Data\TUBII5\worklib\comparator_ports\sch_1\page1_csa.lck NEWFILE120
C:\Users\QGPWindowsVB\Downloads\orebi\SPB_Data\TUBII5\worklib\gt_delays_ports\sch_1\page1.csb FILE121
C:\Users\QGPWindowsVB\Downloads\orebi\SPB_Data\TUBII5\worklib\gt_delays_ports\sch_1\page1_csb.lck NEWFILE122
C:\Users\QGPWindowsVB\Downloads\orebi\SPB_Data\TUBII5\worklib\gt_delays_ports\sch_1\page1_csa.lck NEWFILE123
C:\Users\QGPWindowsVB\Downloads\orebi\SPB_Data\TUBII5\worklib\generic_utilities_ports\sch_1\page1.csb FILE124
C:\Users\QGPWindowsVB\Downloads\orebi\SPB_Data\TUBII5\worklib\generic_utilities_ports\sch_1\page1_csb.lck NEWFILE125
C:\Users\QGPWindowsVB\Downloads\orebi\Parts\parts\ecl\10h124\sym_1\symbol.css FILE126
C:\Users\QGPWindowsVB\Downloads\orebi\SPB_Data\TUBII5\worklib\generic_utilities_ports\sch_1\page1_csa.lck NEWFILE127
C:\Users\QGPWindowsVB\Downloads\orebi\SPB_Data\TUBII5\worklib\ecal_control\sch_1\page1.csb FILE128
C:\Users\QGPWindowsVB\Downloads\orebi\SPB_Data\TUBII5\worklib\ecal_control\sch_1\page1_csb.lck NEWFILE129
C:\Users\QGPWindowsVB\Downloads\orebi\Parts\parts\ecl\10e101\sym_1\symbol.css FILE130
C:\Users\QGPWindowsVB\Downloads\orebi\Parts\parts\ecl\10h104\sym_1\symbol.css FILE131
C:\Users\QGPWindowsVB\Downloads\orebi\Parts\parts\misc\led_1206\sym_1\symbol.css FILE132
C:\Users\QGPWindowsVB\Downloads\orebi\SPB_Data\TUBII5\worklib\ecal_control\sch_1\page1_csa.lck NEWFILE133
C:\Users\QGPWindowsVB\Downloads\orebi\SPB_Data\TUBII5\worklib\ports\sym_1\symbol_css.lck NEWFILE134
C:\Users\QGPWindowsVB\Downloads\orebi\SPB_Data\TUBII5\worklib\ports2\sym_1\symbol_css.lck NEWFILE135
temp/xxnedtmp25/undo5.log NEWFILE136
temp/xxnedtmp25/../trigger_utility_board_mkii.mkr NEWFILE137
temp/xxnedtmp25/../ports2.mkr NEWFILE138
temp/xxnedtmp25/../ports.mkr NEWFILE139
C:\Users\QGPWindowsVB\Downloads\orebi\SPB_Data\TUBII5\worklib\tubii\sch_1\page2.csa FILE140
C:\Users\QGPWindowsVB\Downloads\orebi\SPB_Data\TUBII5\worklib\tubii\sch_1\page2.csv FILE141
C:/Users/QGPWindowsVB/Downloads/orebi/SPB_Data/TUBII5/worklib/tubii/sch_1/tubii_xcon.lck NEWFILE142
C:/Users/QGPWindowsVB/Downloads/orebi/SPB_Data/TUBII5/worklib/tubii/sch_1/tubii_dcf.lck NEWFILE143
