FILE_TYPE=LIBRARY_PARTS;
TIME=' COMPILATION ON FRI OCT 20 12:37:33 1995';
primitive 'SEQUENCER32';
  pin
    'P1':
      PIN_NUMBER='(1)';
      INPUT_LOAD='(*,*)';
      OUTPUT_LOAD='(*,*)';
      OUTPUT_TYPE='(TS,TS)';
      BIDIRECTIONAL='TRUE';
    'P2':
      PIN_NUMBER='(2)';
      INPUT_LOAD='(*,*)';
      OUTPUT_LOAD='(*,*)';
      OUTPUT_TYPE='(TS,TS)';
      BIDIRECTIONAL='TRUE';
    'P3':
      PIN_NUMBER='(3)';
      INPUT_LOAD='(*,*)';
      OUTPUT_LOAD='(*,*)';
      OUTPUT_TYPE='(TS,TS)';
      BIDIRECTIONAL='TRUE';
    'P6':
      PIN_NUMBER='(6)';
      INPUT_LOAD='(*,*)';
      OUTPUT_LOAD='(*,*)';
      OUTPUT_TYPE='(TS,TS)';
      BIDIRECTIONAL='TRUE';
    'P7':
      PIN_NUMBER='(7)';
      INPUT_LOAD='(*,*)';
      OUTPUT_LOAD='(*,*)';
      OUTPUT_TYPE='(TS,TS)';
      BIDIRECTIONAL='TRUE';
    'P21':
      PIN_NUMBER='(21)';
      INPUT_LOAD='(*,*)';
      OUTPUT_LOAD='(*,*)';
      OUTPUT_TYPE='(TS,TS)';
      BIDIRECTIONAL='TRUE';
    'P37':
      PIN_NUMBER='(37)';
      INPUT_LOAD='(*,*)';
      OUTPUT_LOAD='(*,*)';
      OUTPUT_TYPE='(TS,TS)';
      BIDIRECTIONAL='TRUE';
    'P38':
      PIN_NUMBER='(38)';
      INPUT_LOAD='(*,*)';
      OUTPUT_LOAD='(*,*)';
      OUTPUT_TYPE='(TS,TS)';
      BIDIRECTIONAL='TRUE';
    'P39':
      PIN_NUMBER='(39)';
      INPUT_LOAD='(*,*)';
      OUTPUT_LOAD='(*,*)';
      OUTPUT_TYPE='(TS,TS)';
      BIDIRECTIONAL='TRUE';
    '-RDATA':
      PIN_NUMBER='(40)';
      OUTPUT_LOAD='(*,*)';
    'RTRIG':
      PIN_NUMBER='(42)';
      INPUT_LOAD='(*,*)';
    'P44':
      PIN_NUMBER='(44)';
      INPUT_LOAD='(*,*)';
      OUTPUT_LOAD='(*,*)';
      OUTPUT_TYPE='(TS,TS)';
      BIDIRECTIONAL='TRUE';
    'P50':
      PIN_NUMBER='(50)';
      INPUT_LOAD='(*,*)';
      OUTPUT_LOAD='(*,*)';
      OUTPUT_TYPE='(TS,TS)';
      BIDIRECTIONAL='TRUE';
    'P51':
      PIN_NUMBER='(51)';
      INPUT_LOAD='(*,*)';
      OUTPUT_LOAD='(*,*)';
      OUTPUT_TYPE='(TS,TS)';
      BIDIRECTIONAL='TRUE';
    'P70':
      PIN_NUMBER='(70)';
      INPUT_LOAD='(*,*)';
      OUTPUT_LOAD='(*,*)';
      OUTPUT_TYPE='(TS,TS)';
      BIDIRECTIONAL='TRUE';
    'P71':
      PIN_NUMBER='(71)';
      INPUT_LOAD='(*,*)';
      OUTPUT_LOAD='(*,*)';
      OUTPUT_TYPE='(TS,TS)';
      BIDIRECTIONAL='TRUE';
    'P74':
      PIN_NUMBER='(74)';
      INPUT_LOAD='(*,*)';
      OUTPUT_LOAD='(*,*)';
      OUTPUT_TYPE='(TS,TS)';
      BIDIRECTIONAL='TRUE';
    'P75':
      PIN_NUMBER='(75)';
      INPUT_LOAD='(*,*)';
      OUTPUT_LOAD='(*,*)';
      OUTPUT_TYPE='(TS,TS)';
      BIDIRECTIONAL='TRUE';
    'P76':
      PIN_NUMBER='(76)';
      INPUT_LOAD='(*,*)';
      OUTPUT_LOAD='(*,*)';
      OUTPUT_TYPE='(TS,TS)';
      BIDIRECTIONAL='TRUE';
    '-PROGRAM':
      PIN_NUMBER='(80)';
      INPUT_LOAD='(*,*)';
    'P81':
      PIN_NUMBER='(81)';
      INPUT_LOAD='(*,*)';
      OUTPUT_LOAD='(*,*)';
      OUTPUT_TYPE='(TS,TS)';
      BIDIRECTIONAL='TRUE';
    'P82':
      PIN_NUMBER='(82)';
      INPUT_LOAD='(*,*)';
      OUTPUT_LOAD='(*,*)';
      OUTPUT_TYPE='(TS,TS)';
      BIDIRECTIONAL='TRUE';
    'P83':
      PIN_NUMBER='(83)';
      INPUT_LOAD='(*,*)';
      OUTPUT_LOAD='(*,*)';
      OUTPUT_TYPE='(TS,TS)';
      BIDIRECTIONAL='TRUE';
    'P85':
      PIN_NUMBER='(85)';
      INPUT_LOAD='(*,*)';
      OUTPUT_LOAD='(*,*)';
      OUTPUT_TYPE='(TS,TS)';
      BIDIRECTIONAL='TRUE';
    'P94':
      PIN_NUMBER='(94)';
      INPUT_LOAD='(*,*)';
      OUTPUT_LOAD='(*,*)';
      OUTPUT_TYPE='(TS,TS)';
      BIDIRECTIONAL='TRUE';
    'P95':
      PIN_NUMBER='(95)';
      INPUT_LOAD='(*,*)';
      OUTPUT_LOAD='(*,*)';
      OUTPUT_TYPE='(TS,TS)';
      BIDIRECTIONAL='TRUE';
    'P104':
      PIN_NUMBER='(104)';
      INPUT_LOAD='(*,*)';
      OUTPUT_LOAD='(*,*)';
      OUTPUT_TYPE='(TS,TS)';
      BIDIRECTIONAL='TRUE';
    'P106':
      PIN_NUMBER='(106)';
      INPUT_LOAD='(*,*)';
      OUTPUT_LOAD='(*,*)';
      OUTPUT_TYPE='(TS,TS)';
      BIDIRECTIONAL='TRUE';
    'P107':
      PIN_NUMBER='(107)';
      INPUT_LOAD='(*,*)';
      OUTPUT_LOAD='(*,*)';
      OUTPUT_TYPE='(TS,TS)';
      BIDIRECTIONAL='TRUE';
    'P114':
      PIN_NUMBER='(114)';
      INPUT_LOAD='(*,*)';
      OUTPUT_LOAD='(*,*)';
      OUTPUT_TYPE='(TS,TS)';
      BIDIRECTIONAL='TRUE';
    'P115':
      PIN_NUMBER='(115)';
      INPUT_LOAD='(*,*)';
      OUTPUT_LOAD='(*,*)';
      OUTPUT_TYPE='(TS,TS)';
      BIDIRECTIONAL='TRUE';
    'P118':
      PIN_NUMBER='(118)';
      INPUT_LOAD='(*,*)';
      OUTPUT_LOAD='(*,*)';
      OUTPUT_TYPE='(TS,TS)';
      BIDIRECTIONAL='TRUE';
    'P119':
      PIN_NUMBER='(119)';
      INPUT_LOAD='(*,*)';
      OUTPUT_LOAD='(*,*)';
      OUTPUT_TYPE='(TS,TS)';
      BIDIRECTIONAL='TRUE';
    'P120':
      PIN_NUMBER='(120)';
      INPUT_LOAD='(*,*)';
      OUTPUT_LOAD='(*,*)';
      OUTPUT_TYPE='(TS,TS)';
      BIDIRECTIONAL='TRUE';
    'CCLK':
      PIN_NUMBER='(121)';
      INPUT_LOAD='(*,*)';
    'P125':
      PIN_NUMBER='(125)';
      INPUT_LOAD='(*,*)';
      OUTPUT_LOAD='(*,*)';
      OUTPUT_TYPE='(TS,TS)';
      BIDIRECTIONAL='TRUE';
    'P131':
      PIN_NUMBER='(131)';
      INPUT_LOAD='(*,*)';
      OUTPUT_LOAD='(*,*)';
      OUTPUT_TYPE='(TS,TS)';
      BIDIRECTIONAL='TRUE';
    'P132':
      PIN_NUMBER='(132)';
      INPUT_LOAD='(*,*)';
      OUTPUT_LOAD='(*,*)';
      OUTPUT_TYPE='(TS,TS)';
      BIDIRECTIONAL='TRUE';
    'P133':
      PIN_NUMBER='(133)';
      INPUT_LOAD='(*,*)';
      OUTPUT_LOAD='(*,*)';
      OUTPUT_TYPE='(TS,TS)';
      BIDIRECTIONAL='TRUE';
    'P138':
      PIN_NUMBER='(138)';
      INPUT_LOAD='(*,*)';
      OUTPUT_LOAD='(*,*)';
      OUTPUT_TYPE='(TS,TS)';
      BIDIRECTIONAL='TRUE';
    'P143':
      PIN_NUMBER='(143)';
      INPUT_LOAD='(*,*)';
      OUTPUT_LOAD='(*,*)';
      OUTPUT_TYPE='(TS,TS)';
      BIDIRECTIONAL='TRUE';
    'P144':
      PIN_NUMBER='(144)';
      INPUT_LOAD='(*,*)';
      OUTPUT_LOAD='(*,*)';
      OUTPUT_TYPE='(TS,TS)';
      BIDIRECTIONAL='TRUE';
    'P151':
      PIN_NUMBER='(151)';
      INPUT_LOAD='(*,*)';
      OUTPUT_LOAD='(*,*)';
      OUTPUT_TYPE='(TS,TS)';
      BIDIRECTIONAL='TRUE';
    'P154':
      PIN_NUMBER='(154)';
      INPUT_LOAD='(*,*)';
      OUTPUT_LOAD='(*,*)';
      OUTPUT_TYPE='(TS,TS)';
      BIDIRECTIONAL='TRUE';
    '-PWRDWN':
      PIN_NUMBER='(159)';
      INPUT_LOAD='(*,*)';
    'SDOUT':
      PIN_NUMBER='(73)';
      OUTPUT_LOAD='(*,*)';
    'SDIN':
      PIN_NUMBER='(72)';
      INPUT_LOAD='(*,*)';
    'M2':
      PIN_NUMBER='(33)';
      OUTPUT_LOAD='(*,*)';
    '-RESET':
      PIN_NUMBER='(78)';
      INPUT_LOAD='(*,*)';
    '-BXREG_WR':
      PIN_NUMBER='(66)';
      INPUT_LOAD='(*,*)';
    'BXREG_SEL'<2>:
      PIN_NUMBER='(65)';
      INPUT_LOAD='(*,*)';
    'BXREG_SEL'<1>:
      PIN_NUMBER='(68)';
      INPUT_LOAD='(*,*)';
    'BXREG_SEL'<0>:
      PIN_NUMBER='(64)';
      INPUT_LOAD='(*,*)';
    '-BXREG_RD':
      PIN_NUMBER='(156)';
      INPUT_LOAD='(*,*)';
    'BXDT'<31>:
      PIN_NUMBER='(8)';
      INPUT_LOAD='(*,*)';
      OUTPUT_LOAD='(*,*)';
      OUTPUT_TYPE='(TS,TS)';
      BIDIRECTIONAL='TRUE';
    'BXDT'<30>:
      PIN_NUMBER='(10)';
      INPUT_LOAD='(*,*)';
      OUTPUT_LOAD='(*,*)';
      OUTPUT_TYPE='(TS,TS)';
      BIDIRECTIONAL='TRUE';
    'BXDT'<29>:
      PIN_NUMBER='(16)';
      INPUT_LOAD='(*,*)';
      OUTPUT_LOAD='(*,*)';
      OUTPUT_TYPE='(TS,TS)';
      BIDIRECTIONAL='TRUE';
    'BXDT'<28>:
      PIN_NUMBER='(18)';
      INPUT_LOAD='(*,*)';
      OUTPUT_LOAD='(*,*)';
      OUTPUT_TYPE='(TS,TS)';
      BIDIRECTIONAL='TRUE';
    'BXDT'<27>:
      PIN_NUMBER='(12)';
      INPUT_LOAD='(*,*)';
      OUTPUT_LOAD='(*,*)';
      OUTPUT_TYPE='(TS,TS)';
      BIDIRECTIONAL='TRUE';
    'BXDT'<26>:
      PIN_NUMBER='(13)';
      INPUT_LOAD='(*,*)';
      OUTPUT_LOAD='(*,*)';
      OUTPUT_TYPE='(TS,TS)';
      BIDIRECTIONAL='TRUE';
    'BXDT'<25>:
      PIN_NUMBER='(24)';
      INPUT_LOAD='(*,*)';
      OUTPUT_LOAD='(*,*)';
      OUTPUT_TYPE='(TS,TS)';
      BIDIRECTIONAL='TRUE';
    'BXDT'<24>:
      PIN_NUMBER='(25)';
      INPUT_LOAD='(*,*)';
      OUTPUT_LOAD='(*,*)';
      OUTPUT_TYPE='(TS,TS)';
      BIDIRECTIONAL='TRUE';
    'BXDT'<23>:
      PIN_NUMBER='(111)';
      INPUT_LOAD='(*,*)';
      OUTPUT_LOAD='(*,*)';
      OUTPUT_TYPE='(TS,TS)';
      BIDIRECTIONAL='TRUE';
    'BXDT'<22>:
      PIN_NUMBER='(109)';
      INPUT_LOAD='(*,*)';
      OUTPUT_LOAD='(*,*)';
      OUTPUT_TYPE='(TS,TS)';
      BIDIRECTIONAL='TRUE';
    'BXDT'<21>:
      PIN_NUMBER='(98)';
      INPUT_LOAD='(*,*)';
      OUTPUT_LOAD='(*,*)';
      OUTPUT_TYPE='(TS,TS)';
      BIDIRECTIONAL='TRUE';
    'BXDT'<20>:
      PIN_NUMBER='(103)';
      INPUT_LOAD='(*,*)';
      OUTPUT_LOAD='(*,*)';
      OUTPUT_TYPE='(TS,TS)';
      BIDIRECTIONAL='TRUE';
    'BXDT'<19>:
      PIN_NUMBER='(96)';
      INPUT_LOAD='(*,*)';
      OUTPUT_LOAD='(*,*)';
      OUTPUT_TYPE='(TS,TS)';
      BIDIRECTIONAL='TRUE';
    'BXDT'<18>:
      PIN_NUMBER='(90)';
      INPUT_LOAD='(*,*)';
      OUTPUT_LOAD='(*,*)';
      OUTPUT_TYPE='(TS,TS)';
      BIDIRECTIONAL='TRUE';
    'BXDT'<17>:
      PIN_NUMBER='(89)';
      INPUT_LOAD='(*,*)';
      OUTPUT_LOAD='(*,*)';
      OUTPUT_TYPE='(TS,TS)';
      BIDIRECTIONAL='TRUE';
    'BXDT'<16>:
      PIN_NUMBER='(92)';
      INPUT_LOAD='(*,*)';
      OUTPUT_LOAD='(*,*)';
      OUTPUT_TYPE='(TS,TS)';
      BIDIRECTIONAL='TRUE';
    'BXDT'<15>:
      PIN_NUMBER='(142)';
      INPUT_LOAD='(*,*)';
      OUTPUT_LOAD='(*,*)';
      OUTPUT_TYPE='(TS,TS)';
      BIDIRECTIONAL='TRUE';
    'BXDT'<14>:
      PIN_NUMBER='(146)';
      INPUT_LOAD='(*,*)';
      OUTPUT_LOAD='(*,*)';
      OUTPUT_TYPE='(TS,TS)';
      BIDIRECTIONAL='TRUE';
    'BXDT'<13>:
      PIN_NUMBER='(4)';
      INPUT_LOAD='(*,*)';
      OUTPUT_LOAD='(*,*)';
      OUTPUT_TYPE='(TS,TS)';
      BIDIRECTIONAL='TRUE';
    'BXDT'<12>:
      PIN_NUMBER='(5)';
      INPUT_LOAD='(*,*)';
      OUTPUT_LOAD='(*,*)';
      OUTPUT_TYPE='(TS,TS)';
      BIDIRECTIONAL='TRUE';
    'BXDT'<11>:
      PIN_NUMBER='(127)';
      INPUT_LOAD='(*,*)';
      OUTPUT_LOAD='(*,*)';
      OUTPUT_TYPE='(TS,TS)';
      BIDIRECTIONAL='TRUE';
    'BXDT'<10>:
      PIN_NUMBER='(126)';
      INPUT_LOAD='(*,*)';
      OUTPUT_LOAD='(*,*)';
      OUTPUT_TYPE='(TS,TS)';
      BIDIRECTIONAL='TRUE';
    'BXDT'<9>:
      PIN_NUMBER='(112)';
      INPUT_LOAD='(*,*)';
      OUTPUT_LOAD='(*,*)';
      OUTPUT_TYPE='(TS,TS)';
      BIDIRECTIONAL='TRUE';
    'BXDT'<8>:
      PIN_NUMBER='(116)';
      INPUT_LOAD='(*,*)';
      OUTPUT_LOAD='(*,*)';
      OUTPUT_TYPE='(TS,TS)';
      BIDIRECTIONAL='TRUE';
    'BXDT'<7>:
      PIN_NUMBER='(86)';
      INPUT_LOAD='(*,*)';
      OUTPUT_LOAD='(*,*)';
      OUTPUT_TYPE='(TS,TS)';
      BIDIRECTIONAL='TRUE';
    'BXDT'<6>:
      PIN_NUMBER='(84)';
      INPUT_LOAD='(*,*)';
      OUTPUT_LOAD='(*,*)';
      OUTPUT_TYPE='(TS,TS)';
      BIDIRECTIONAL='TRUE';
    'BXDT'<5>:
      PIN_NUMBER='(35)';
      INPUT_LOAD='(*,*)';
      OUTPUT_LOAD='(*,*)';
      OUTPUT_TYPE='(TS,TS)';
      BIDIRECTIONAL='TRUE';
    'BXDT'<4>:
      PIN_NUMBER='(34)';
      INPUT_LOAD='(*,*)';
      OUTPUT_LOAD='(*,*)';
      OUTPUT_TYPE='(TS,TS)';
      BIDIRECTIONAL='TRUE';
    'BXDT'<3>:
      PIN_NUMBER='(53)';
      INPUT_LOAD='(*,*)';
      OUTPUT_LOAD='(*,*)';
      OUTPUT_TYPE='(TS,TS)';
      BIDIRECTIONAL='TRUE';
    'BXDT'<2>:
      PIN_NUMBER='(52)';
      INPUT_LOAD='(*,*)';
      OUTPUT_LOAD='(*,*)';
      OUTPUT_TYPE='(TS,TS)';
      BIDIRECTIONAL='TRUE';
    'BXDT'<1>:
      PIN_NUMBER='(36)';
      INPUT_LOAD='(*,*)';
      OUTPUT_LOAD='(*,*)';
      OUTPUT_TYPE='(TS,TS)';
      BIDIRECTIONAL='TRUE';
    'BXDT'<0>:
      PIN_NUMBER='(31)';
      INPUT_LOAD='(*,*)';
      OUTPUT_LOAD='(*,*)';
      OUTPUT_TYPE='(TS,TS)';
      BIDIRECTIONAL='TRUE';
    'BTAG'<4>:
      PIN_NUMBER='(69)';
      OUTPUT_LOAD='(*,*)';
    'BTAG'<3>:
      PIN_NUMBER='(134)';
      OUTPUT_LOAD='(*,*)';
    'BTAG'<2>:
      PIN_NUMBER='(128)';
      OUTPUT_LOAD='(*,*)';
    'BTAG'<1>:
      PIN_NUMBER='(124)';
      OUTPUT_LOAD='(*,*)';
    'BTAG'<0>:
      PIN_NUMBER='(155)';
      OUTPUT_LOAD='(*,*)';
    'BSEQ_RESET':
      PIN_NUMBER='(130)';
      INPUT_LOAD='(*,*)';
    'BRD_STROBE':
      PIN_NUMBER='(46)';
      OUTPUT_LOAD='(*,*)';
    'BN_ENW'<3>:
      PIN_NUMBER='(148)';
      OUTPUT_LOAD='(*,*)';
    'BN_ENW'<2>:
      PIN_NUMBER='(147)';
      OUTPUT_LOAD='(*,*)';
    'BN_ENW'<1>:
      PIN_NUMBER='(149)';
      OUTPUT_LOAD='(*,*)';
    '-BMEMREQ2':
      PIN_NUMBER='(150)';
      OUTPUT_LOAD='(*,*)';
    '-BMEMACK2':
      PIN_NUMBER='(62)';
      INPUT_LOAD='(*,*)';
    'BLATCH'<4>:
      PIN_NUMBER='(45)';
      OUTPUT_LOAD='(*,*)';
    'BLATCH'<3>:
      PIN_NUMBER='(48)';
      OUTPUT_LOAD='(*,*)';
    'BLATCH'<2>:
      PIN_NUMBER='(32)';
      OUTPUT_LOAD='(*,*)';
    'BLATCH'<1>:
      PIN_NUMBER='(49)';
      OUTPUT_LOAD='(*,*)';
    'BFECBUSY':
      PIN_NUMBER='(55)';
      OUTPUT_LOAD='(*,*)';
    'BDAVAIL'<32>:
      PIN_NUMBER='(9)';
      INPUT_LOAD='(*,*)';
    'BDAVAIL'<31>:
      PIN_NUMBER='(11)';
      INPUT_LOAD='(*,*)';
    'BDAVAIL'<30>:
      PIN_NUMBER='(23)';
      INPUT_LOAD='(*,*)';
    'BDAVAIL'<29>:
      PIN_NUMBER='(17)';
      INPUT_LOAD='(*,*)';
    'BDAVAIL'<28>:
      PIN_NUMBER='(14)';
      INPUT_LOAD='(*,*)';
    'BDAVAIL'<27>:
      PIN_NUMBER='(15)';
      INPUT_LOAD='(*,*)';
    'BDAVAIL'<26>:
      PIN_NUMBER='(27)';
      INPUT_LOAD='(*,*)';
    'BDAVAIL'<25>:
      PIN_NUMBER='(22)';
      INPUT_LOAD='(*,*)';
    'BDAVAIL'<24>:
      PIN_NUMBER='(110)';
      INPUT_LOAD='(*,*)';
    'BDAVAIL'<23>:
      PIN_NUMBER='(105)';
      INPUT_LOAD='(*,*)';
    'BDAVAIL'<22>:
      PIN_NUMBER='(99)';
      INPUT_LOAD='(*,*)';
    'BDAVAIL'<21>:
      PIN_NUMBER='(102)';
      INPUT_LOAD='(*,*)';
    'BDAVAIL'<20>:
      PIN_NUMBER='(97)';
      INPUT_LOAD='(*,*)';
    'BDAVAIL'<19>:
      PIN_NUMBER='(87)';
      INPUT_LOAD='(*,*)';
    'BDAVAIL'<18>:
      PIN_NUMBER='(88)';
      INPUT_LOAD='(*,*)';
    'BDAVAIL'<17>:
      PIN_NUMBER='(93)';
      INPUT_LOAD='(*,*)';
    'BDAVAIL'<16>:
      PIN_NUMBER='(135)';
      INPUT_LOAD='(*,*)';
    'BDAVAIL'<15>:
      PIN_NUMBER='(136)';
      INPUT_LOAD='(*,*)';
    'BDAVAIL'<14>:
      PIN_NUMBER='(141)';
      INPUT_LOAD='(*,*)';
    'BDAVAIL'<13>:
      PIN_NUMBER='(137)';
      INPUT_LOAD='(*,*)';
    'BDAVAIL'<12>:
      PIN_NUMBER='(129)';
      INPUT_LOAD='(*,*)';
    'BDAVAIL'<11>:
      PIN_NUMBER='(108)';
      INPUT_LOAD='(*,*)';
    'BDAVAIL'<10>:
      PIN_NUMBER='(113)';
      INPUT_LOAD='(*,*)';
    'BDAVAIL'<9>:
      PIN_NUMBER='(117)';
      INPUT_LOAD='(*,*)';
    'BDAVAIL'<8>:
      PIN_NUMBER='(91)';
      INPUT_LOAD='(*,*)';
    'BDAVAIL'<7>:
      PIN_NUMBER='(67)';
      INPUT_LOAD='(*,*)';
    'BDAVAIL'<6>:
      PIN_NUMBER='(63)';
      INPUT_LOAD='(*,*)';
    'BDAVAIL'<5>:
      PIN_NUMBER='(59)';
      INPUT_LOAD='(*,*)';
    'BDAVAIL'<4>:
      PIN_NUMBER='(57)';
      INPUT_LOAD='(*,*)';
    'BDAVAIL'<3>:
      PIN_NUMBER='(56)';
      INPUT_LOAD='(*,*)';
    'BDAVAIL'<2>:
      PIN_NUMBER='(58)';
      INPUT_LOAD='(*,*)';
    'BDAVAIL'<1>:
      PIN_NUMBER='(29)';
      INPUT_LOAD='(*,*)';
    'BCREGSEL':
      PIN_NUMBER='(30)';
      OUTPUT_LOAD='(*,*)';
    'BCREG_REQ':
      PIN_NUMBER='(26)';
      INPUT_LOAD='(*,*)';
    'BCONV_DONE':
      PIN_NUMBER='(153)';
      OUTPUT_LOAD='(*,*)';
    'BCLKA':
      PIN_NUMBER='(47)';
      INPUT_LOAD='(*,*)';
    'BCLK':
      PIN_NUMBER='(160)';
      INPUT_LOAD='(*,*)';
    '-BCHOLD':
      PIN_NUMBER='(28)';
      OUTPUT_LOAD='(*,*)';
    'BCHIP_SEL_EN':
      PIN_NUMBER='(54)';
      OUTPUT_LOAD='(*,*)';
    'BCAD_EN':
      PIN_NUMBER='(152)';
      OUTPUT_LOAD='(*,*)';
    '-BADC_CONVERT':
      PIN_NUMBER='(145)';
      OUTPUT_LOAD='(*,*)';
  end_pin;
  body 
    BODY_NAME='sequencer32';
    PINCOUNT='160';
    JEDEC_TYPE='PQFP160';
    CLASS='IC';
    POWER_PINS='(VCC:20,43,60,79,100,122,140,157;GND:19,41,61,77,101,123,139,158)';
  end_body;
end_primitive;
END.
