FILE_TYPE=LIBRARY_PARTS;
TIME=' COMPILATION ON TUE JUL 23 22:23:04 1996  ';
primitive 'IDT7282';
  pin
    '-FFA':
      PIN_NUMBER='(1*9)';
      OUTPUT_LOAD='(8.00,-2.00)';
    'QA'<0>:
      PIN_NUMBER='(2,3,4,5,9,10,11,12,6)';
      OUTPUT_LOAD='(8.0,-2.0)';
    '-RA':
      PIN_NUMBER='(8*9)';
      INPUT_LOAD='(-0.001,0.001)';
    '-XOA/HFA':
      PIN_NUMBER='(13*9)';
      OUTPUT_LOAD='(8.0,-2.0)';
    '-EFA':
      PIN_NUMBER='(14*9)';
      OUTPUT_LOAD='(8.0,-2.0)';
    '-FFB':
      PIN_NUMBER='(15*9)';
      OUTPUT_LOAD='(8.0,-2.0)';
    'QB'<0>:
      PIN_NUMBER='(16,17,18,19,23,24,25,26,20)';
      OUTPUT_LOAD='(8.0,-2.0)';
    '-RB':
      PIN_NUMBER='(22*9)';
      INPUT_LOAD='(-0.001,0.001)';
    '-XOB/HFB':
      PIN_NUMBER='(27*9)';
      OUTPUT_LOAD='(8.0,-2.0)';
    '-EFB':
      PIN_NUMBER='(28*9)';
      OUTPUT_LOAD='(8.0,-2.0)';
    '-RSB':
      PIN_NUMBER='(29*9)';
      INPUT_LOAD='(-0.001,0.001)';
    '-FLB/RTB':
      PIN_NUMBER='(30*9)';
      INPUT_LOAD='(-0.001,0.001)';
    'DB'<0>:
      PIN_NUMBER='(41,40,39,38,34,33,32,31,37)';
      INPUT_LOAD='(-0.001,0.001)';
    '-WB':
      PIN_NUMBER='(36*9)';
      INPUT_LOAD='(-0.001,0.001)';
    '-XIB':
      PIN_NUMBER='(42*9)';
      INPUT_LOAD='(-0.001,0.001)';
    '-RSA':
      PIN_NUMBER='(43*9)';
      INPUT_LOAD='(-0.001,0.001)';
    '-FLA/RTA':
      PIN_NUMBER='(44*9)';
      INPUT_LOAD='(-0.001,0.001)';
    'DA'<0>:
      PIN_NUMBER='(55,54,53,52,48,47,46,45,51)';
      INPUT_LOAD='(-0.001,0.001)';
    '-WA':
      PIN_NUMBER='(50*9)';
      INPUT_LOAD='(-0.001,0.001)';
    '-XIA':
      PIN_NUMBER='(56*9)';
      INPUT_LOAD='(-0.001,0.001)';
  end_pin;
  body
    JEDEC_TYPE='TSSOP';
    POWER_PINS='(GND:7,21)';
    POWER_PINS='(VCC:35,49)';
  end_body;
end_primitive;
END.
