FILE_TYPE=LIBRARY_PARTS;
TIME=' COMPILATION ON TUE FEB  1 19:02:04 1994  ';
primitive 'MAX120';
  pin
    'MODE':
      PIN_NUMBER='(1)';
      INPUT_LOAD='(-0.01,0.01)';
    '-CONV':
      PIN_NUMBER='(20)';
      INPUT_LOAD='(-0.01,0.01)';
    'AIN':
      PIN_NUMBER='(4)';
      PIN_TYPE='ANALOG';
      NO_LOAD_CHECK='BOTH';
      UNKNOWN_LOADING='TRUE';
    'CLKIN':
      PIN_NUMBER='(21)';
      INPUT_LOAD='(-0.01,0.01)';
    '-CS':
      PIN_NUMBER='(23)';
      INPUT_LOAD='(-0.01,0.01)';
    '-RD':
      PIN_NUMBER='(24)';
      INPUT_LOAD='(-0.01,0.01)';
    'VREF':
      PIN_NUMBER='(5)';
      PIN_TYPE='ANALOG';
      NO_LOAD_CHECK='BOTH';
      UNKNOWN_LOADING='TRUE';
    'VSS':
      PIN_NUMBER='(2)';
      INPUT_LOAD='(-0.01,0.01)';
    'DGND':
      PIN_NUMBER='(12)';
      INPUT_LOAD='(-0.01,0.01)';
    'AGND':
      PIN_NUMBER='(6)';
      INPUT_LOAD='(-0.01,0.01)';
    'VDD':
      PIN_NUMBER='(3)';
      INPUT_LOAD='(-0.01,0.01)';
    '-BUSY':
      PIN_NUMBER='(22)';
      OUTPUT_LOAD='(1.0,-1.0)';
    'D11':
      PIN_NUMBER='(7)';
      OUTPUT_LOAD='(1.0,-1.0)';
      OUTPUT_TYPE='(TS,TS)';
    'D10':
      PIN_NUMBER='(8)';
      OUTPUT_LOAD='(1.0,-1.0)';
      OUTPUT_TYPE='(TS,TS)';
    'D9':
      PIN_NUMBER='(9)';
      OUTPUT_LOAD='(1.0,-1.0)';
      OUTPUT_TYPE='(TS,TS)';
    'D8':
      PIN_NUMBER='(10)';
      OUTPUT_LOAD='(1.0,-1.0)';
      OUTPUT_TYPE='(TS,TS)';
    'D7':
      PIN_NUMBER='(11)';
      OUTPUT_LOAD='(1.0,-1.0)';
      OUTPUT_TYPE='(TS,TS)';
    'D6':
      PIN_NUMBER='(13)';
      OUTPUT_LOAD='(1.0,-1.0)';
      OUTPUT_TYPE='(TS,TS)';
    'D5':
      PIN_NUMBER='(14)';
      OUTPUT_LOAD='(1.0,-1.0)';
      OUTPUT_TYPE='(TS,TS)';
    'D4':
      PIN_NUMBER='(15)';
      OUTPUT_LOAD='(1.0,-1.0)';
      OUTPUT_TYPE='(TS,TS)';
    'D3':
      PIN_NUMBER='(16)';
      OUTPUT_LOAD='(1.0,-1.0)';
      OUTPUT_TYPE='(TS,TS)';
    'D2':
      PIN_NUMBER='(17)';
      OUTPUT_LOAD='(1.0,-1.0)';
      OUTPUT_TYPE='(TS,TS)';
    'D1':
      PIN_NUMBER='(18)';
      OUTPUT_LOAD='(1.0,-1.0)';
      OUTPUT_TYPE='(TS,TS)';
    'D0':
      PIN_NUMBER='(19)';
      OUTPUT_LOAD='(1.0,-1.0)';
      OUTPUT_TYPE='(TS,TS)';
  end_pin;
  body
    JEDEC_TYPE='SOIC24W';
    CLASS='IC';
  end_body;
end_primitive;
END.
