FILE_TYPE=LIBRARY_PARTS;
TIME=' COMPILATION ON SAT MAR 18 18:53:44 1995  ';
primitive 'MAX529';
  pin
    'REFL1':
      PIN_NUMBER='(1)';
      PIN_GROUP='refs';
      PIN_TYPE='ANALOG';
      NO_LOAD_CHECK='BOTH';
      UNKNOWN_LOADING='TRUE';
    'REFL2':
      PIN_NUMBER='(20)';
      PIN_GROUP='refs';
      PIN_TYPE='ANALOG';
      NO_LOAD_CHECK='BOTH';
      UNKNOWN_LOADING='TRUE';
    'REFH1':
      PIN_NUMBER='(2)';
      PIN_GROUP='refs';
      PIN_TYPE='ANALOG';
      NO_LOAD_CHECK='BOTH';
      UNKNOWN_LOADING='TRUE';
    'REFH2':
      PIN_NUMBER='(19)';
      PIN_GROUP='refs';
      PIN_TYPE='ANALOG';
      NO_LOAD_CHECK='BOTH';
      UNKNOWN_LOADING='TRUE';
    'OUT'<7>:
      PIN_NUMBER='(18)';
      PIN_TYPE='ANALOG';
      NO_LOAD_CHECK='BOTH';
      UNKNOWN_LOADING='TRUE';
    'OUT'<6>:
      PIN_NUMBER='(17)';
      PIN_TYPE='ANALOG';
      NO_LOAD_CHECK='BOTH';
      UNKNOWN_LOADING='TRUE';
    'OUT'<5>:
      PIN_NUMBER='(16)';
      PIN_TYPE='ANALOG';
      NO_LOAD_CHECK='BOTH';
      UNKNOWN_LOADING='TRUE';
    'OUT'<4>:
      PIN_NUMBER='(15)';
      PIN_TYPE='ANALOG';
      NO_LOAD_CHECK='BOTH';
      UNKNOWN_LOADING='TRUE';
    'OUT'<3>:
      PIN_NUMBER='(6)';
      PIN_TYPE='ANALOG';
      NO_LOAD_CHECK='BOTH';
      UNKNOWN_LOADING='TRUE';
    'OUT'<2>:
      PIN_NUMBER='(5)';
      PIN_TYPE='ANALOG';
      NO_LOAD_CHECK='BOTH';
      UNKNOWN_LOADING='TRUE';
    'OUT'<1>:
      PIN_NUMBER='(4)';
      PIN_TYPE='ANALOG';
      NO_LOAD_CHECK='BOTH';
      UNKNOWN_LOADING='TRUE';
    'OUT'<0>:
      PIN_NUMBER='(3)';
      PIN_TYPE='ANALOG';
      NO_LOAD_CHECK='BOTH';
      UNKNOWN_LOADING='TRUE';
    'VDD':
      PIN_NUMBER='(7)';
      PIN_GROUP='vs';
      PIN_TYPE='ANALOG';
      NO_LOAD_CHECK='BOTH';
      UNKNOWN_LOADING='TRUE';
    'VSS':
      PIN_NUMBER='(14)';
      PIN_GROUP='vs';
      PIN_TYPE='ANALOG';
      NO_LOAD_CHECK='BOTH';
      UNKNOWN_LOADING='TRUE';
    'DIN':
      PIN_NUMBER='(8)';
      INPUT_LOAD='(-0.01,0.01)';
    'DOUT':
      PIN_NUMBER='(10)';
      OUTPUT_LOAD='(1.0,-1.0)';
    'CLK':
      PIN_NUMBER='(9)';
      INPUT_LOAD='(-0.01,0.01)';
    '-SHDN':
      PIN_NUMBER='(13)';
      INPUT_LOAD='(-0.01,0.01)';
    '-CS':
      PIN_NUMBER='(12)';
      INPUT_LOAD='(-0.01,0.01)';
  end_pin;
  body
    JEDEC_TYPE='DIP20_3';
    CLASS='IC';
    PART_NAME='MAX529';
    BODY_NAME='MAX529';
    POWER_PINS='(GND:11)';
  end_body;
end_primitive;

primitive 'MAX529_SOIC';
  pin
    'REFL1':
      PIN_NUMBER='(2)';
      PIN_GROUP='refs';
      PIN_TYPE='ANALOG';
      NO_LOAD_CHECK='BOTH';
      UNKNOWN_LOADING='TRUE';
    'REFL2':
      PIN_NUMBER='(23)';
      PIN_GROUP='refs';
      PIN_TYPE='ANALOG';
      NO_LOAD_CHECK='BOTH';
      UNKNOWN_LOADING='TRUE';
    'REFH1':
      PIN_NUMBER='(3)';
      PIN_GROUP='refs';
      PIN_TYPE='ANALOG';
      NO_LOAD_CHECK='BOTH';
      UNKNOWN_LOADING='TRUE';
    'REFH2':
      PIN_NUMBER='(22)';
      PIN_GROUP='refs';
      PIN_TYPE='ANALOG';
      NO_LOAD_CHECK='BOTH';
      UNKNOWN_LOADING='TRUE';
    'OUT'<7>:
      PIN_NUMBER='(21)';
      PIN_TYPE='ANALOG';
      NO_LOAD_CHECK='BOTH';
      UNKNOWN_LOADING='TRUE';
    'OUT'<6>:
      PIN_NUMBER='(20)';
      PIN_TYPE='ANALOG';
      NO_LOAD_CHECK='BOTH';
      UNKNOWN_LOADING='TRUE';
    'OUT'<5>:
      PIN_NUMBER='(19)';
      PIN_TYPE='ANALOG';
      NO_LOAD_CHECK='BOTH';
      UNKNOWN_LOADING='TRUE';
    'OUT'<4>:
      PIN_NUMBER='(18)';
      PIN_TYPE='ANALOG';
      NO_LOAD_CHECK='BOTH';
      UNKNOWN_LOADING='TRUE';
    'OUT'<3>:
      PIN_NUMBER='(7)';
      PIN_TYPE='ANALOG';
      NO_LOAD_CHECK='BOTH';
      UNKNOWN_LOADING='TRUE';
    'OUT'<2>:
      PIN_NUMBER='(6)';
      PIN_TYPE='ANALOG';
      NO_LOAD_CHECK='BOTH';
      UNKNOWN_LOADING='TRUE';
    'OUT'<1>:
      PIN_NUMBER='(5)';
      PIN_TYPE='ANALOG';
      NO_LOAD_CHECK='BOTH';
      UNKNOWN_LOADING='TRUE';
    'OUT'<0>:
      PIN_NUMBER='(4)';
      PIN_TYPE='ANALOG';
      NO_LOAD_CHECK='BOTH';
      UNKNOWN_LOADING='TRUE';
    'VDD':
      PIN_NUMBER='(8)';
      PIN_GROUP='vs';
      PIN_TYPE='ANALOG';
      NO_LOAD_CHECK='BOTH';
      UNKNOWN_LOADING='TRUE';
    'VSS':
      PIN_NUMBER='(17)';
      PIN_GROUP='vs';
      PIN_TYPE='ANALOG';
      NO_LOAD_CHECK='BOTH';
      UNKNOWN_LOADING='TRUE';
    'DIN':
      PIN_NUMBER='(9)';
      INPUT_LOAD='(-0.01,0.01)';
    'DOUT':
      PIN_NUMBER='(11)';
      OUTPUT_LOAD='(1.0,-1.0)';
    'CLK':
      PIN_NUMBER='(10)';
      INPUT_LOAD='(-0.01,0.01)';
    '-SHDN':
      PIN_NUMBER='(16)';
      INPUT_LOAD='(-0.01,0.01)';
    '-CS':
      PIN_NUMBER='(15)';
      INPUT_LOAD='(-0.01,0.01)';
  end_pin;
  body
    JEDEC_TYPE='SOIC24W';
    CLASS='IC';
    PART_NAME='MAX529';
    BODY_NAME='MAX529';
    POWER_PINS='(GND:14)';
    NC_PINS='(1,12,13,24)';
  end_body;
end_primitive;
END.
