FILE_TYPE=LIBRARY_PARTS;
TIME=' COMPILATION ON FRI DEC  6 13:54:08 1996  ';
primitive 'AD7243';
  pin
    'SDIN':
      PIN_NUMBER='(6)';
      INPUT_LOAD='(-0.01,0.01)';
    'SCLK':
      PIN_NUMBER='(5)';
      INPUT_LOAD='(-0.01,0.01)';
    '-SYNC':
      PIN_NUMBER='(7)';
      INPUT_LOAD='(-0.01,0.01)';
    '-CLR':
      PIN_NUMBER='(3)';
      INPUT_LOAD='(-0.01,0.01)';
    'VOUT':
      PIN_NUMBER='(14)';
      OUTPUT_LOAD='(1.0,-1.0)';
    'SDO':
      PIN_NUMBER='(11)';
      OUTPUT_LOAD='(1.0,-1.0)';
    'BNCP':
      PIN_NUMBER='(4)';
      INPUT_LOAD='(-0.01,0.01)';
    '-LDAC':
      PIN_NUMBER='(9)';
      INPUT_LOAD='(-0.01,0.01)';
    'DCEN':
      PIN_NUMBER='(10)';
      INPUT_LOAD='(-0.01,0.01)';
    'AGND':
      PIN_NUMBER='(12)';
      PIN_TYPE='POWER';
      NO_LOAD_CHECK='BOTH';
      UNKNOWN_LOADING='TRUE';
    'DGND':
      PIN_NUMBER='(8)';
      PIN_TYPE='POWER';
      NO_LOAD_CHECK='BOTH';
      UNKNOWN_LOADING='TRUE';
    'VDD':
      PIN_NUMBER='(16)';
      PIN_TYPE='POWER';
      NO_LOAD_CHECK='BOTH';
      UNKNOWN_LOADING='TRUE';
    'VSS':
      PIN_NUMBER='(15)';
      PIN_TYPE='POWER';
      NO_LOAD_CHECK='BOTH';
      UNKNOWN_LOADING='TRUE';
    'REFIN':
      PIN_NUMBER='(1)';
      INPUT_LOAD='(-0.01,0.01)';
    'REFOUT':
      PIN_NUMBER='(2)';
      OUTPUT_LOAD='(1.0,-1.0)';
    'ROFS':
      PIN_NUMBER='(13)';
      PIN_TYPE='POWER';
      NO_LOAD_CHECK='BOTH';
      UNKNOWN_LOADING='TRUE';
  end_pin;
  body
    JEDEC_TYPE='SOIC16';
  end_body;
end_primitive;
END.
