temp/xxnedtmp11/event.log NEWFILE1
temp/xxnedtmp11/text.log NEWFILE2
temp/xxnedtmp11/environ.log NEWFILE3
C:\Cadence\SPB_16.6\share\cdssetup/concept/concepthdl.scr FILE4
C:\Users\HEP\Desktop\orebi\SPB_Data\TUBII1\cds.lib FILE5
C:\Users\HEP\Desktop\orebi\SPB_Data\TUBII1\worklib\tubii\sch_1\page1.csb FILE6
C:\Users\HEP\Desktop\orebi\SPB_Data\TUBII1\worklib\tubii\sch_1\page1_csb.lck NEWFILE7
temp/xxnedtmp11/undo1.log NEWFILE8
C:\Users\HEP\Desktop\orebi\Parts\parts\misc\penn#20b#20size#20page\sym_1\symbol.css FILE9
C:\Users\HEP\Desktop\orebi\Parts\parts\resistors\rsmd0805\sym_1\symbol.css FILE10
C:\Users\HEP\Desktop\orebi\SPB_Data\TUBII1\worklib\ttl_progdelay\sym_1\symbol.css FILE11
C:\Users\HEP\Desktop\orebi\SPB_Data\TUBII1\worklib\progdelay\sym_1\symbol.css FILE12
C:\Users\HEP\Desktop\orebi\Parts\parts\ecl\10h124\sym_1\symbol.css FILE13
C:\Users\HEP\Desktop\orebi\Parts\parts\misc\gnd\sym_1\symbol.css FILE14
C:\Users\HEP\Desktop\orebi\Parts\parts\misc\testpoint_l\sym_1\symbol.css FILE15
C:\Users\HEP\Desktop\orebi\SPB_Data\TUBII1\worklib\fastcomp\sym_1\symbol.css FILE16
C:\Users\HEP\Desktop\orebi\Parts\parts\ecl\10h116\sym_1\symbol.css FILE17
C:\Users\HEP\Desktop\orebi\SPB_Data\TUBII1\worklib\tuncomp\sym_1\symbol.css FILE18
C:\Users\HEP\Desktop\orebi\SPB_Data\TUBII1\worklib\ttl#2dto#2decl#2din\sym_1\symbol.css FILE19
C:\Users\HEP\Desktop\orebi\SPB_Data\TUBII1\worklib\datain\sym_1\symbol.css FILE20
C:\Users\HEP\Desktop\orebi\SPB_Data\TUBII1\worklib\asyncdelaybig\sym_1\symbol.css FILE21
C:\Users\HEP\Desktop\orebi\SPB_Data\TUBII1\worklib\asyncdelay\sym_1\symbol.css FILE22
C:\Users\HEP\Desktop\orebi\SPB_Data\TUBII1\worklib\ribbondelay\sym_1\symbol.css FILE23
C:\Users\HEP\Desktop\orebi\SPB_Data\TUBII1\worklib\ellie_comms\sym_1\symbol.css FILE24
C:\Users\HEP\Desktop\orebi\SPB_Data\TUBII1\worklib\tubiigt\sym_1\symbol.css FILE25
C:\Users\HEP\Desktop\orebi\SPB_Data\TUBII1\worklib\bursttrig\sym_1\symbol.css FILE26
C:\Users\HEP\Desktop\orebi\SPB_Data\TUBII1\worklib\tubii_time\sym_1\symbol.css FILE27
C:\Users\HEP\Desktop\orebi\SPB_Data\TUBII1\worklib\prescaletrig\sym_1\symbol.css FILE28
C:\Users\HEP\Desktop\orebi\SPB_Data\TUBII1\worklib\lvds#2decl\sym_1\symbol.css FILE29
C:\Users\HEP\Desktop\orebi\SPB_Data\TUBII1\worklib\ecl#2dlvds\sym_1\symbol.css FILE30
C:\Users\HEP\Desktop\orebi\SPB_Data\TUBII1\worklib\ttl#2decl\sym_1\symbol.css FILE31
C:\Users\HEP\Desktop\orebi\SPB_Data\TUBII1\worklib\ecl#2dttl\sym_1\symbol.css FILE32
C:\Users\HEP\Desktop\orebi\SPB_Data\TUBII1\worklib\ecl#2dnim\sym_1\symbol.css FILE33
C:\Users\HEP\Desktop\orebi\SPB_Data\TUBII1\worklib\nim#2decl\sym_1\symbol.css FILE34
C:\Users\HEP\Desktop\orebi\SPB_Data\TUBII1\worklib\latchexttrig\sym_1\symbol.css FILE35
C:\Users\HEP\Desktop\orebi\SPB_Data\TUBII1\worklib\powers\sym_1\symbol.css FILE36
C:\Users\HEP\Desktop\orebi\SPB_Data\TUBII1\worklib\exttrig\sym_1\symbol.css FILE37
C:\Users\HEP\Desktop\orebi\Parts\parts\ecl\10e116\sym_1\symbol.css FILE38
C:\Users\HEP\Desktop\orebi\SPB_Data\TUBII1\worklib\caen_chat\sym_1\symbol.css FILE39
C:\Users\HEP\Desktop\orebi\SPB_Data\TUBII1\worklib\tubii\sch_1\page1_csa.lck NEWFILE40
C:/Users/HEP/Desktop/orebi/SPB_Data/TUBII1/worklib/tubii/sch_1/tubii.xcon FILE41
C:/Users/HEP/Desktop/orebi/SPB_Data/TUBII1/worklib/tubii/sch_1/tubii.dcf FILE42
C:\Users\HEP\Desktop\orebi\SPB_Data\TUBII1\worklib\nim#2decl\sch_1\page1.csb FILE43
C:\Users\HEP\Desktop\orebi\SPB_Data\TUBII1\worklib\nim#2decl\sch_1\page1_csb.lck NEWFILE44
C:\Users\HEP\Desktop\orebi\Parts\parts\capacitors\csmd0805\sym_1\symbol.css FILE45
C:\Users\HEP\Desktop\orebi\Parts\parts\transistors\mmbth10\sym_1\symbol.css FILE46
C:\Users\HEP\Desktop\orebi\SPB_Data\TUBII1\worklib\nim#2decl\sch_1\page1_csa.lck NEWFILE47
C:\Users\HEP\Desktop\orebi\SPB_Data\TUBII1\worklib\tubii_time\sch_1\page1.csb FILE48
C:\Users\HEP\Desktop\orebi\SPB_Data\TUBII1\worklib\tubii_time\sch_1\page1_csb.lck NEWFILE49
C:\Users\HEP\Desktop\orebi\Parts\parts\ecl\100el05\sym_1\symbol.css FILE50
C:\Users\HEP\Desktop\orebi\Parts\parts\ecl\10e131\sym_1\symbol.css FILE51
C:\Users\HEP\Desktop\orebi\Parts\parts\ecl\10e101\sym_1\symbol.css FILE52
C:\Users\HEP\Desktop\orebi\Parts\parts\ecl\10e016\sym_1\symbol.css FILE53
C:\Users\HEP\Desktop\orebi\Parts\parts\misc\led_1206\sym_1\symbol.css FILE54
C:\Users\HEP\Desktop\orebi\Parts\parts\misc\hct123\sym_1\symbol.css FILE55
C:\Users\HEP\Desktop\orebi\Parts\parts\ecl\10h125\sym_1\symbol.css FILE56
C:\Users\HEP\Desktop\orebi\Parts\parts\ecl\el91l\sym_1\symbol.css FILE57
C:\Users\HEP\Desktop\orebi\Parts\parts\misc\foxclock\sym_1\symbol.css FILE58
C:\Users\HEP\Desktop\orebi\SPB_Data\TUBII1\worklib\tubii_time\sch_1\page1_csa.lck NEWFILE59
C:\Users\HEP\Desktop\orebi\Parts\parts\misc\foxclock\sym_1\symbol_css.lck NEWFILE60
C:\Users\HEP\Desktop\orebi\Parts\parts\standard\origin\sym_1\symbol.css FILE61
C:\Users\HEP\Desktop\orebi\Parts\parts\misc\hct123\sym_1\symbol_css.lck NEWFILE62
temp/xxnedtmp11/undo2.log NEWFILE63
temp/xxnedtmp11/undo3.log NEWFILE64
temp/xxnedtmp11/undo4.log NEWFILE65
C:\Users\HEP\Desktop\orebi\SPB_Data\TUBII1\worklib\ellie_comms\sym_1\symbol_css.lck NEWFILE66
temp/xxnedtmp11/undo5.log NEWFILE67
C:\Users\HEP\Desktop\orebi\SPB_Data\TUBII1\worklib\ellie_comms\sch_1\page1.csb FILE68
C:\Users\HEP\Desktop\orebi\SPB_Data\TUBII1\worklib\ellie_comms\sch_1\page1_csb.lck NEWFILE69
temp/xxnedtmp11/undo6.log NEWFILE70
C:\Users\HEP\Desktop\orebi\Parts\parts\ttl\f06\sym_1\symbol.css FILE71
C:\Users\HEP\Desktop\orebi\SPB_Data\TUBII1\worklib\ellie_comms\sch_1\page1_csa.lck NEWFILE72
temp/xxnedtmp11/undo7.log NEWFILE73
temp/xxnedtmp11/undo8.log NEWFILE74
temp/xxnedtmp11/undo9.log NEWFILE75
temp/xxnedtmp11/undo10.log NEWFILE76
C:\Users\HEP\Desktop\orebi\SPB_Data\TUBII1\worklib\progdelay\sch_1\page1.csb FILE77
C:\Users\HEP\Desktop\orebi\SPB_Data\TUBII1\worklib\progdelay\sch_1\page1_csb.lck NEWFILE78
C:\Users\HEP\Desktop\orebi\SPB_Data\TUBII1\worklib\progdelay\sch_1\page1_csa.lck NEWFILE79
C:\Users\HEP\Desktop\orebi\SPB_Data\TUBII1\worklib\caen_chat\sch_1\page1.csb FILE80
C:\Users\HEP\Desktop\orebi\SPB_Data\TUBII1\worklib\caen_chat\sch_1\page1_csb.lck NEWFILE81
C:\Users\HEP\Desktop\orebi\Parts\parts\misc\lvds_driver_ds10\sym_1\symbol.css FILE82
C:\Users\HEP\Desktop\orebi\Parts\parts\misc\ids_c10\sym_1\symbol.css FILE83
C:\Users\HEP\Desktop\orebi\Parts\parts\transistors\mmbth81lt1\sym_1\symbol.css FILE84
C:\Users\HEP\Desktop\orebi\SPB_Data\TUBII1\worklib\caen_chat\sch_1\page1_csa.lck NEWFILE85
C:/Cadence/SPB_16.6/tools/language/config.dat FILE86
C:\Users\HEP\Desktop\orebi\Parts\parts\standard\ctap\sym_1\symbol.css FILE87
C:\Users\HEP\Desktop\orebi\SPB_Data\TUBII1\worklib\fastcomp\sch_1\page1.csb FILE88
C:\Users\HEP\Desktop\orebi\SPB_Data\TUBII1\worklib\fastcomp\sch_1\page1_csb.lck NEWFILE89
C:\Users\HEP\Desktop\orebi\Parts\parts\misc\adcmp566\sym_1\symbol.css FILE90
C:\Users\HEP\Desktop\orebi\Parts\parts\standard\8#20merge\sym_1\symbol.css FILE91
C:\Users\HEP\Desktop\orebi\Parts\parts\misc\ad7249\sym_1\symbol.css FILE92
C:\Users\HEP\Desktop\orebi\SPB_Data\TUBII1\worklib\fastcomp\sch_1\page1_csa.lck NEWFILE93
temp/xxnedtmp11/undo11.log NEWFILE94
C:\Users\HEP\Desktop\orebi\SPB_Data\TUBII1\worklib\latchexttrig\sch_1\page1.csb FILE95
C:\Users\HEP\Desktop\orebi\SPB_Data\TUBII1\worklib\latchexttrig\sch_1\page1_csb.lck NEWFILE96
C:\Users\HEP\Desktop\orebi\SPB_Data\TUBII1\worklib\latchexttrig\sch_1\page1_csa.lck NEWFILE97
