FILE_TYPE=LIBRARY_PARTS;
TIME=' COMPILATION ON MON JUL 22 23:15:48 1996  ';
primitive '10EL34';
  pin
    '-EN':
      PIN_NUMBER='(15)';
      INPUT_LOAD='(0.0005,0.150)';
    'CLK':
      PIN_NUMBER='(13)';
      INPUT_LOAD='(0.0005,0.150)';
    '-CLK':
      PIN_NUMBER='(12)';
      INPUT_LOAD='(0.0005,0.150)';
    'MR':
      PIN_NUMBER='(10)';
      INPUT_LOAD='(0.0005,0.150)';
    'Q0':
      PIN_NUMBER='(1)';
      OUTPUT_LOAD='(-7.6,-22.0)';
    '-Q0':
      PIN_NUMBER='(2)';
      OUTPUT_LOAD='(-7.6,-22.0)';
    'Q1':
      PIN_NUMBER='(4)';
      OUTPUT_LOAD='(-7.6,-22.0)';
    '-Q1':
      PIN_NUMBER='(5)';
      OUTPUT_LOAD='(-7.6,-22.0)';
    'Q2':
      PIN_NUMBER='(7)';
      OUTPUT_LOAD='(-7.6,-22.0)';
    '-Q2':
      PIN_NUMBER='(8)';
      OUTPUT_LOAD='(-7.6,-22.0)';
    'VBB':
      PIN_NUMBER='(11)';
      OUTPUT_LOAD='(-0.5,-0.5)';
  end_pin;
  body
    JEDEC_TYPE='SOIC16';
    POWER_PINS='(GND:3,6,16)';
    POWER_PINS='(NC:14)';
    POWER_PINS='(VEE:9)';
  end_body;
end_primitive;
END.
