FILE_TYPE=LIBRARY_PARTS;
TIME=' COMPILATION ON THU JUN 22 18:20:35 1995  ';
primitive 'SNOINT2';
  pin
    'GND1H':
      PIN_NUMBER='(3)';
      PIN_TYPE='POWER';
      NO_LOAD_CHECK='BOTH';
      UNKNOWN_LOADING='TRUE';
    'ING1H':
      PIN_NUMBER='(4)';
      PIN_TYPE='ANALOG';
      NO_LOAD_CHECK='BOTH';
      UNKNOWN_LOADING='TRUE';
    'GND1L':
      PIN_NUMBER='(5)';
      PIN_TYPE='POWER';
      NO_LOAD_CHECK='BOTH';
      UNKNOWN_LOADING='TRUE';
    'ING1L':
      PIN_NUMBER='(6)';
      PIN_TYPE='ANALOG';
      NO_LOAD_CHECK='BOTH';
      UNKNOWN_LOADING='TRUE';
    'GND2H':
      PIN_NUMBER='(7)';
      PIN_TYPE='POWER';
      NO_LOAD_CHECK='BOTH';
      UNKNOWN_LOADING='TRUE';
    'ING2H':
      PIN_NUMBER='(8)';
      PIN_TYPE='ANALOG';
      NO_LOAD_CHECK='BOTH';
      UNKNOWN_LOADING='TRUE';
    'GND2L':
      PIN_NUMBER='(9)';
      PIN_TYPE='POWER';
      NO_LOAD_CHECK='BOTH';
      UNKNOWN_LOADING='TRUE';
    'ING2L':
      PIN_NUMBER='(10)';
      PIN_TYPE='ANALOG';
      NO_LOAD_CHECK='BOTH';
      UNKNOWN_LOADING='TRUE';
    'GND3H':
      PIN_NUMBER='(11)';
      PIN_TYPE='POWER';
      NO_LOAD_CHECK='BOTH';
      UNKNOWN_LOADING='TRUE';
    'ING3H':
      PIN_NUMBER='(12)';
      PIN_TYPE='ANALOG';
      NO_LOAD_CHECK='BOTH';
      UNKNOWN_LOADING='TRUE';
    'GND3L':
      PIN_NUMBER='(13)';
      PIN_TYPE='POWER';
      NO_LOAD_CHECK='BOTH';
      UNKNOWN_LOADING='TRUE';
    'ING3L':
      PIN_NUMBER='(14)';
      PIN_TYPE='ANALOG';
      NO_LOAD_CHECK='BOTH';
      UNKNOWN_LOADING='TRUE';
    'GND4H':
      PIN_NUMBER='(15)';
      PIN_TYPE='POWER';
      NO_LOAD_CHECK='BOTH';
      UNKNOWN_LOADING='TRUE';
    'ING4H':
      PIN_NUMBER='(16)';
      PIN_TYPE='ANALOG';
      NO_LOAD_CHECK='BOTH';
      UNKNOWN_LOADING='TRUE';
    'GND4L':
      PIN_NUMBER='(17)';
      PIN_TYPE='POWER';
      NO_LOAD_CHECK='BOTH';
      UNKNOWN_LOADING='TRUE';
    'ING4L':
      PIN_NUMBER='(18)';
      PIN_TYPE='ANALOG';
      NO_LOAD_CHECK='BOTH';
      UNKNOWN_LOADING='TRUE';
    'SUB2':
      PIN_NUMBER='(19)';
      PIN_TYPE='ANALOG';
      NO_LOAD_CHECK='BOTH';
      UNKNOWN_LOADING='TRUE';
    'VCC2':
      PIN_NUMBER='(20)';
      PIN_TYPE='POWER';
      NO_LOAD_CHECK='BOTH';
      UNKNOWN_LOADING='TRUE';
    'VEE2':
      PIN_NUMBER='(21)';
      PIN_TYPE='POWER';
      NO_LOAD_CHECK='BOTH';
      UNKNOWN_LOADING='TRUE';
    'VDMP2':
      PIN_NUMBER='(22)';
      PIN_TYPE='POWER';
      NO_LOAD_CHECK='BOTH';
      UNKNOWN_LOADING='TRUE';
    'XIADJ2':
      PIN_NUMBER='(23)';
      PIN_TYPE='ANALOG';
      NO_LOAD_CHECK='BOTH';
      UNKNOWN_LOADING='TRUE';
    'VBAL3H':
      PIN_NUMBER='(24)';
      PIN_TYPE='ANALOG';
      NO_LOAD_CHECK='BOTH';
      UNKNOWN_LOADING='TRUE';
    'VBAL3L':
      PIN_NUMBER='(25)';
      PIN_TYPE='ANALOG';
      NO_LOAD_CHECK='BOTH';
      UNKNOWN_LOADING='TRUE';
    'VBAL4H':
      PIN_NUMBER='(26)';
      PIN_TYPE='ANALOG';
      NO_LOAD_CHECK='BOTH';
      UNKNOWN_LOADING='TRUE';
    'VBAL4L':
      PIN_NUMBER='(27)';
      PIN_TYPE='ANALOG';
      NO_LOAD_CHECK='BOTH';
      UNKNOWN_LOADING='TRUE';
    'P4BEL':
      PIN_NUMBER='(28)';
      PIN_TYPE='ANALOG';
      NO_LOAD_CHECK='BOTH';
      UNKNOWN_LOADING='TRUE';
    'OUTSUM_LO':
      PIN_NUMBER='(29)';
      PIN_TYPE='ANALOG';
      NO_LOAD_CHECK='BOTH';
      UNKNOWN_LOADING='TRUE';
    'SUB1':
      PIN_NUMBER='(31)';
      PIN_TYPE='ANALOG';
      NO_LOAD_CHECK='BOTH';
      UNKNOWN_LOADING='TRUE';
    'NC3':
      PIN_NUMBER='(32)';
      PIN_TYPE='NC';
      NO_LOAD_CHECK='BOTH';
      UNKNOWN_LOADING='TRUE';
    'Q4L':
      PIN_NUMBER='(33)';
      PIN_TYPE='ANALOG';
      NO_LOAD_CHECK='BOTH';
      UNKNOWN_LOADING='TRUE';
    'C4L':
      PIN_NUMBER='(34)';
      PIN_TYPE='ANALOG';
      NO_LOAD_CHECK='BOTH';
      UNKNOWN_LOADING='TRUE';
    'Q4H':
      PIN_NUMBER='(35)';
      PIN_TYPE='ANALOG';
      NO_LOAD_CHECK='BOTH';
      UNKNOWN_LOADING='TRUE';
    'C4H':
      PIN_NUMBER='(36)';
      PIN_TYPE='ANALOG';
      NO_LOAD_CHECK='BOTH';
      UNKNOWN_LOADING='TRUE';
    'NC4':
      PIN_NUMBER='(37)';
      PIN_TYPE='NC';
      NO_LOAD_CHECK='BOTH';
      UNKNOWN_LOADING='TRUE';
    'Q3L':
      PIN_NUMBER='(38)';
      PIN_TYPE='ANALOG';
      NO_LOAD_CHECK='BOTH';
      UNKNOWN_LOADING='TRUE';
    'C3L':
      PIN_NUMBER='(39)';
      PIN_TYPE='ANALOG';
      NO_LOAD_CHECK='BOTH';
      UNKNOWN_LOADING='TRUE';
    'Q3H':
      PIN_NUMBER='(40)';
      PIN_TYPE='ANALOG';
      NO_LOAD_CHECK='BOTH';
      UNKNOWN_LOADING='TRUE';
    'C3H':
      PIN_NUMBER='(41)';
      PIN_TYPE='ANALOG';
      NO_LOAD_CHECK='BOTH';
      UNKNOWN_LOADING='TRUE';
    'NC5':
      PIN_NUMBER='(42)';
      PIN_TYPE='NC';
      NO_LOAD_CHECK='BOTH';
      UNKNOWN_LOADING='TRUE';
    'Q2L':
      PIN_NUMBER='(43)';
      PIN_TYPE='ANALOG';
      NO_LOAD_CHECK='BOTH';
      UNKNOWN_LOADING='TRUE';
    'C2L':
      PIN_NUMBER='(44)';
      PIN_TYPE='ANALOG';
      NO_LOAD_CHECK='BOTH';
      UNKNOWN_LOADING='TRUE';
    'Q2H':
      PIN_NUMBER='(45)';
      PIN_TYPE='ANALOG';
      NO_LOAD_CHECK='BOTH';
      UNKNOWN_LOADING='TRUE';
    'C2H':
      PIN_NUMBER='(46)';
      PIN_TYPE='ANALOG';
      NO_LOAD_CHECK='BOTH';
      UNKNOWN_LOADING='TRUE';
    'NC6':
      PIN_NUMBER='(47)';
      PIN_TYPE='NC';
      NO_LOAD_CHECK='BOTH';
      UNKNOWN_LOADING='TRUE';
    'Q1L':
      PIN_NUMBER='(48)';
      PIN_TYPE='ANALOG';
      NO_LOAD_CHECK='BOTH';
      UNKNOWN_LOADING='TRUE';
    'C1L':
      PIN_NUMBER='(49)';
      PIN_TYPE='ANALOG';
      NO_LOAD_CHECK='BOTH';
      UNKNOWN_LOADING='TRUE';
    'Q1H':
      PIN_NUMBER='(50)';
      PIN_TYPE='ANALOG';
      NO_LOAD_CHECK='BOTH';
      UNKNOWN_LOADING='TRUE';
    'C1H':
      PIN_NUMBER='(51)';
      PIN_TYPE='ANALOG';
      NO_LOAD_CHECK='BOTH';
      UNKNOWN_LOADING='TRUE';
    'VCC1':
      PIN_NUMBER='(52)';
      PIN_TYPE='POWER';
      NO_LOAD_CHECK='BOTH';
      UNKNOWN_LOADING='TRUE';
    'GND':
      PIN_NUMBER='(53)';
      PIN_TYPE='POWER';
      NO_LOAD_CHECK='BOTH';
      UNKNOWN_LOADING='TRUE';
    'OUTSUM_HI':
      PIN_NUMBER='(54)';
      PIN_TYPE='ANALOG';
      NO_LOAD_CHECK='BOTH';
      UNKNOWN_LOADING='TRUE';
    'P4BEH':
      PIN_NUMBER='(55)';
      PIN_TYPE='ANALOG';
      NO_LOAD_CHECK='BOTH';
      UNKNOWN_LOADING='TRUE';
    'VBAL1H':
      PIN_NUMBER='(56)';
      PIN_TYPE='ANALOG';
      NO_LOAD_CHECK='BOTH';
      UNKNOWN_LOADING='TRUE';
    'VBAL1L':
      PIN_NUMBER='(57)';
      PIN_TYPE='ANALOG';
      NO_LOAD_CHECK='BOTH';
      UNKNOWN_LOADING='TRUE';
    'VBAL2H':
      PIN_NUMBER='(58)';
      PIN_TYPE='ANALOG';
      NO_LOAD_CHECK='BOTH';
      UNKNOWN_LOADING='TRUE';
    'VBAL2L':
      PIN_NUMBER='(59)';
      PIN_TYPE='ANALOG';
      NO_LOAD_CHECK='BOTH';
      UNKNOWN_LOADING='TRUE';
    'XIADJ1':
      PIN_NUMBER='(60)';
      PIN_TYPE='ANALOG';
      NO_LOAD_CHECK='BOTH';
      UNKNOWN_LOADING='TRUE';
    'SUB3':
      PIN_NUMBER='(64)';
      PIN_TYPE='POWER';
      NO_LOAD_CHECK='BOTH';
      UNKNOWN_LOADING='TRUE';
    'VDMP1':
      PIN_NUMBER='(61)';
      PIN_TYPE='POWER';
      NO_LOAD_CHECK='BOTH';
      UNKNOWN_LOADING='TRUE';
    'VEE1':
      PIN_NUMBER='(30)';
      PIN_TYPE='POWER';
      NO_LOAD_CHECK='BOTH';
      UNKNOWN_LOADING='TRUE';
    'VEE3':
      PIN_NUMBER='(62)';
      PIN_TYPE='POWER';
      NO_LOAD_CHECK='BOTH';
      UNKNOWN_LOADING='TRUE';
    'VCC3':
      PIN_NUMBER='(63)';
      PIN_TYPE='POWER';
      NO_LOAD_CHECK='BOTH';
      UNKNOWN_LOADING='TRUE';
    'NC1':
      PIN_NUMBER='(1)';
      PIN_TYPE='NC';
      NO_LOAD_CHECK='BOTH';
      UNKNOWN_LOADING='TRUE';
    'NC2':
      PIN_NUMBER='(2)';
      PIN_TYPE='NC';
      NO_LOAD_CHECK='BOTH';
      UNKNOWN_LOADING='TRUE';
  end_pin;
  body
    CLASS='IC';
    JEDEC_TYPE='SNOINT2';
  end_body;
end_primitive;
END.
