temp/xxnedtmp1/event.log NEWFILE1
temp/xxnedtmp1/text.log NEWFILE2
temp/xxnedtmp1/environ.log NEWFILE3
G:\Cadence\SPB_16.3\share\cdssetup/concept/concepthdl.scr FILE4
.\cds.lib FILE5
G:\My Dropbox\SNO+\TUBii\SPB_Data\TUBII1\worklib\tubii\sch_1\page1.csb FILE6
G:\My Dropbox\SNO+\TUBii\SPB_Data\TUBII1\worklib\tubii\sch_1\page1_csb.lck NEWFILE7
temp/xxnedtmp1/undo1.log NEWFILE8
G:\My Dropbox\SNO+\TUBii\Parts\parts\misc\penn#20b#20size#20page\sym_1\symbol.css FILE9
G:\My Dropbox\SNO+\TUBii\SPB_Data\TUBII1\worklib\progdelay\sym_1\symbol.css FILE10
G:\My Dropbox\SNO+\TUBii\SPB_Data\TUBII1\worklib\progdel\sym_1\symbol.css FILE11
G:\My Dropbox\SNO+\TUBii\SPB_Data\TUBII1\worklib\tubii_time\sym_1\symbol.css FILE12
G:\My Dropbox\SNO+\TUBii\SPB_Data\TUBII1\worklib\powers\sym_1\symbol.css FILE13
G:\My Dropbox\SNO+\TUBii\SPB_Data\TUBII1\worklib\caen_chat\sym_1\symbol.css FILE14
G:\My Dropbox\SNO+\TUBii\SPB_Data\TUBII1\worklib\progdel\sch_1\page1.csb FILE15
G:\My Dropbox\SNO+\TUBii\SPB_Data\TUBII1\worklib\progdel\sch_1\page1_csb.lck NEWFILE16
G:\My Dropbox\SNO+\TUBii\SPB_Data\TUBII1\worklib\tubii\sch_1\page1_csa.lck NEWFILE17
G:\My Dropbox\SNO+\TUBii\Parts\parts\misc\gnd\sym_1\symbol.css FILE18
G:\My Dropbox\SNO+\TUBii\Parts\parts\capacitors\csmd0805\sym_1\symbol.css FILE19
G:\My Dropbox\SNO+\TUBii\Parts\parts\ecl\10e116\sym_1\symbol.css FILE20
G:\My Dropbox\SNO+\TUBii\Parts\parts\ecl\10e016\sym_1\symbol.css FILE21
G:\My Dropbox\SNO+\TUBii\Parts\parts\resistors\rsmd0805\sym_1\symbol.css FILE22
G:\My Dropbox\SNO+\TUBii\Parts\parts\ecl\10e101\sym_1\symbol.css FILE23
G:\My Dropbox\SNO+\TUBii\ugboard\ugboard\newtub\10kh\10h104\sym_1\symbol.css FILE24
G:\My Dropbox\SNO+\TUBii\Parts\parts\ecl\10e131\sym_1\symbol.css FILE25
G:\My Dropbox\SNO+\TUBii\SPB_Data\TUBII1\worklib\datain\sym_1\symbol.css FILE26
C:/DOCUME~1/GABRIE~1/LOCALS~1/Temp/con59.tmp FILE27
G:\My Dropbox\SNO+\TUBii\SPB_Data\TUBII1\worklib\progdelay\sch_1\page1.csb FILE28
G:\My Dropbox\SNO+\TUBii\SPB_Data\TUBII1\worklib\progdelay\sch_1\page1_csb.lck NEWFILE29
G:\My Dropbox\SNO+\TUBii\SPB_Data\TUBII1\worklib\progdel\sch_1\page1_csa.lck NEWFILE30
temp/xxnedtmp1/undo2.log NEWFILE31
G:\My Dropbox\SNO+\TUBii\SPB_Data\TUBII1\worklib\progdelay\sch_1\page1_csa.lck NEWFILE32
C:/DOCUME~1/GABRIE~1/LOCALS~1/Temp/con5A.tmp FILE33
G:/Cadence/SPB_16.3/tools/language/config.dat FILE34
temp/xxnedtmp1/concept.mkr NEWFILE35
G:/Cadence/SPB_16.3/tools/language/pack_type_rename.dat NEWFILE36
temp/xxnedtmp1/../penn#20b#20size#20page.mkr NEWFILE37
temp/xxnedtmp1/../gnd.mkr NEWFILE38
temp/xxnedtmp1/../csmd0805.mkr NEWFILE39
temp/xxnedtmp1/../10e116.mkr NEWFILE40
temp/xxnedtmp1/../rsmd0805.mkr NEWFILE41
temp/xxnedtmp1/../10h104.mkr NEWFILE42
temp/xxnedtmp1/../10e131.mkr NEWFILE43
temp/xxnedtmp1/../10e101.mkr NEWFILE44
temp/xxnedtmp1/../10e016.mkr NEWFILE45
temp/xxnedtmp1/../datain.mkr NEWFILE46
G:\My Dropbox\SNO+\TUBii\SPB_Data\TUBII1\worklib\progdelay\sch_1\page1.csa FILE47
G:\My Dropbox\SNO+\TUBii\SPB_Data\TUBII1\worklib\progdelay\sch_1\page1.csv FILE48
G:\My Dropbox\SNO+\TUBii\SPB_Data\TUBII1\worklib\progdelay\sch_1\pc.db FILE49
temp/xxnedtmp1/netlister.mkr NEWFILE50
temp/xxnedtmp1/../progdelay.mkr NEWFILE51
temp/xxnedtmp1/../caen_chat.mkr NEWFILE52
temp/xxnedtmp1/../tubii_time.mkr NEWFILE53
temp/xxnedtmp1/../powers.mkr NEWFILE54
G:\My Dropbox\SNO+\TUBii\SPB_Data\TUBII1\worklib\tubii\sch_1\page1.csa FILE55
G:\My Dropbox\SNO+\TUBii\SPB_Data\TUBII1\worklib\tubii\sch_1\page1.csv FILE56
G:\My Dropbox\SNO+\TUBii\SPB_Data\TUBII1\worklib\tubii\sch_1\pc.db FILE57
