FILE_TYPE=LIBRARY_PARTS;
TIME=' COMPILATION ON TUE JUL 30 14:30:17 1996';
primitive 'SEQ96T';
  pin
    '-RDATA':
      PIN_NUMBER='(40)';
      OUTPUT_LOAD='(*,*)';
    'RTRIG':
      PIN_NUMBER='(42)';
      INPUT_LOAD='(*,*)';
    '-PROGRAM':
      PIN_NUMBER='(80)';
      INPUT_LOAD='(*,*)';
    'CCLK':
      PIN_NUMBER='(121)';
      INPUT_LOAD='(*,*)';
    '-PWRDWN':
      PIN_NUMBER='(159)';
      INPUT_LOAD='(*,*)';
    '-SQXREG_WR':
      PIN_NUMBER='(6)';
      INPUT_LOAD='(*,*)';
    'SQXREG_SEL'<2>:
      PIN_NUMBER='(5)';
      INPUT_LOAD='(*,*)';
    'SQXREG_SEL'<1>:
      PIN_NUMBER='(4)';
      INPUT_LOAD='(*,*)';
    'SQXREG_SEL'<0>:
      PIN_NUMBER='(156)';
      INPUT_LOAD='(*,*)';
    '-SQXREG_RD':
      PIN_NUMBER='(7)';
      INPUT_LOAD='(*,*)';
    'SQTAG'<4>:
      PIN_NUMBER='(27)';
      OUTPUT_LOAD='(*,*)';
    'SQTAG'<3>:
      PIN_NUMBER='(29)';
      OUTPUT_LOAD='(*,*)';
    'SQTAG'<2>:
      PIN_NUMBER='(28)';
      OUTPUT_LOAD='(*,*)';
    'SQTAG'<1>:
      PIN_NUMBER='(31)';
      OUTPUT_LOAD='(*,*)';
    'SQTAG'<0>:
      PIN_NUMBER='(32)';
      OUTPUT_LOAD='(*,*)';
    '-SQRD_STROBE':
      PIN_NUMBER='(56)';
      OUTPUT_LOAD='(*,*)';
    '-SQMEMORY_REQUEST':
      PIN_NUMBER='(23)';
      OUTPUT_LOAD='(*,*)';
    '-SQMEMORY_ACK':
      PIN_NUMBER='(18)';
      INPUT_LOAD='(*,*)';
    'SQLATCH'<4>:
      PIN_NUMBER='(53)';
      OUTPUT_LOAD='(*,*)';
    'SQLATCH'<3>:
      PIN_NUMBER='(49)';
      OUTPUT_LOAD='(*,*)';
    'SQLATCH'<2>:
      PIN_NUMBER='(52)';
      OUTPUT_LOAD='(*,*)';
    'SQLATCH'<1>:
      PIN_NUMBER='(35)';
      OUTPUT_LOAD='(*,*)';
    'SQFECBUSY':
      PIN_NUMBER='(30)';
      OUTPUT_LOAD='(*,*)';
    'SQENW-'<3>:
      PIN_NUMBER='(22)';
      OUTPUT_LOAD='(*,*)';
    'SQENW-'<2>:
      PIN_NUMBER='(25)';
      OUTPUT_LOAD='(*,*)';
    'SQENW-'<1>:
      PIN_NUMBER='(17)';
      OUTPUT_LOAD='(*,*)';
    'SQDAV32OR':
      PIN_NUMBER='(110)';
      OUTPUT_LOAD='(*,*)';
    'SQDAV'<32>:
      PIN_NUMBER='(58)';
      INPUT_LOAD='(*,*)';
    'SQDAV'<31>:
      PIN_NUMBER='(64)';
      INPUT_LOAD='(*,*)';
    'SQDAV'<30>:
      PIN_NUMBER='(66)';
      INPUT_LOAD='(*,*)';
    'SQDAV'<29>:
      PIN_NUMBER='(63)';
      INPUT_LOAD='(*,*)';
    'SQDAV'<28>:
      PIN_NUMBER='(68)';
      INPUT_LOAD='(*,*)';
    'SQDAV'<27>:
      PIN_NUMBER='(70)';
      INPUT_LOAD='(*,*)';
    'SQDAV'<26>:
      PIN_NUMBER='(72)';
      INPUT_LOAD='(*,*)';
    'SQDAV'<25>:
      PIN_NUMBER='(71)';
      INPUT_LOAD='(*,*)';
    'SQDAV'<24>:
      PIN_NUMBER='(127)';
      INPUT_LOAD='(*,*)';
    'SQDAV'<23>:
      PIN_NUMBER='(117)';
      INPUT_LOAD='(*,*)';
    'SQDAV'<22>:
      PIN_NUMBER='(125)';
      INPUT_LOAD='(*,*)';
    'SQDAV'<21>:
      PIN_NUMBER='(126)';
      INPUT_LOAD='(*,*)';
    'SQDAV'<20>:
      PIN_NUMBER='(133)';
      INPUT_LOAD='(*,*)';
    'SQDAV'<19>:
      PIN_NUMBER='(132)';
      INPUT_LOAD='(*,*)';
    'SQDAV'<18>:
      PIN_NUMBER='(134)';
      INPUT_LOAD='(*,*)';
    'SQDAV'<17>:
      PIN_NUMBER='(137)';
      INPUT_LOAD='(*,*)';
    'SQDAV'<16>:
      PIN_NUMBER='(93)';
      INPUT_LOAD='(*,*)';
    'SQDAV'<15>:
      PIN_NUMBER='(91)';
      INPUT_LOAD='(*,*)';
    'SQDAV'<14>:
      PIN_NUMBER='(99)';
      INPUT_LOAD='(*,*)';
    'SQDAV'<13>:
      PIN_NUMBER='(97)';
      INPUT_LOAD='(*,*)';
    'SQDAV'<12>:
      PIN_NUMBER='(109)';
      INPUT_LOAD='(*,*)';
    'SQDAV'<11>:
      PIN_NUMBER='(111)';
      INPUT_LOAD='(*,*)';
    'SQDAV'<10>:
      PIN_NUMBER='(105)';
      INPUT_LOAD='(*,*)';
    'SQDAV'<9>:
      PIN_NUMBER='(103)';
      INPUT_LOAD='(*,*)';
    'SQDAV'<8>:
      PIN_NUMBER='(15)';
      INPUT_LOAD='(*,*)';
    'SQDAV'<7>:
      PIN_NUMBER='(13)';
      INPUT_LOAD='(*,*)';
    'SQDAV'<6>:
      PIN_NUMBER='(9)';
      INPUT_LOAD='(*,*)';
    'SQDAV'<5>:
      PIN_NUMBER='(11)';
      INPUT_LOAD='(*,*)';
    'SQDAV'<4>:
      PIN_NUMBER='(150)';
      INPUT_LOAD='(*,*)';
    'SQDAV'<3>:
      PIN_NUMBER='(147)';
      INPUT_LOAD='(*,*)';
    'SQDAV'<2>:
      PIN_NUMBER='(145)';
      INPUT_LOAD='(*,*)';
    'SQDAV'<1>:
      PIN_NUMBER='(148)';
      INPUT_LOAD='(*,*)';
    'SQD'<31>:
      PIN_NUMBER='(62)';
      INPUT_LOAD='(*,*)';
      OUTPUT_LOAD='(*,*)';
      OUTPUT_TYPE='(TS,TS)';
      BIDIRECTIONAL='TRUE';
    'SQD'<30>:
      PIN_NUMBER='(57)';
      INPUT_LOAD='(*,*)';
      OUTPUT_LOAD='(*,*)';
      OUTPUT_TYPE='(TS,TS)';
      BIDIRECTIONAL='TRUE';
    'SQD'<29>:
      PIN_NUMBER='(65)';
      INPUT_LOAD='(*,*)';
      OUTPUT_LOAD='(*,*)';
      OUTPUT_TYPE='(TS,TS)';
      BIDIRECTIONAL='TRUE';
    'SQD'<28>:
      PIN_NUMBER='(59)';
      INPUT_LOAD='(*,*)';
      OUTPUT_LOAD='(*,*)';
      OUTPUT_TYPE='(TS,TS)';
      BIDIRECTIONAL='TRUE';
    'SQD'<27>:
      PIN_NUMBER='(69)';
      INPUT_LOAD='(*,*)';
      OUTPUT_LOAD='(*,*)';
      OUTPUT_TYPE='(TS,TS)';
      BIDIRECTIONAL='TRUE';
    'SQD'<26>:
      PIN_NUMBER='(67)';
      INPUT_LOAD='(*,*)';
      OUTPUT_LOAD='(*,*)';
      OUTPUT_TYPE='(TS,TS)';
      BIDIRECTIONAL='TRUE';
    'SQD'<25>:
      PIN_NUMBER='(86)';
      INPUT_LOAD='(*,*)';
      OUTPUT_LOAD='(*,*)';
      OUTPUT_TYPE='(TS,TS)';
      BIDIRECTIONAL='TRUE';
    'SQD'<24>:
      PIN_NUMBER='(84)';
      INPUT_LOAD='(*,*)';
      OUTPUT_LOAD='(*,*)';
      OUTPUT_TYPE='(TS,TS)';
      BIDIRECTIONAL='TRUE';
    'SQD'<23>:
      PIN_NUMBER='(128)';
      INPUT_LOAD='(*,*)';
      OUTPUT_LOAD='(*,*)';
      OUTPUT_TYPE='(TS,TS)';
      BIDIRECTIONAL='TRUE';
    'SQD'<22>:
      PIN_NUMBER='(130)';
      INPUT_LOAD='(*,*)';
      OUTPUT_LOAD='(*,*)';
      OUTPUT_TYPE='(TS,TS)';
      BIDIRECTIONAL='TRUE';
    'SQD'<21>:
      PIN_NUMBER='(115)';
      INPUT_LOAD='(*,*)';
      OUTPUT_LOAD='(*,*)';
      OUTPUT_TYPE='(TS,TS)';
      BIDIRECTIONAL='TRUE';
    'SQD'<20>:
      PIN_NUMBER='(116)';
      INPUT_LOAD='(*,*)';
      OUTPUT_LOAD='(*,*)';
      OUTPUT_TYPE='(TS,TS)';
      BIDIRECTIONAL='TRUE';
    'SQD'<19>:
      PIN_NUMBER='(131)';
      INPUT_LOAD='(*,*)';
      OUTPUT_LOAD='(*,*)';
      OUTPUT_TYPE='(TS,TS)';
      BIDIRECTIONAL='TRUE';
    'SQD'<18>:
      PIN_NUMBER='(135)';
      INPUT_LOAD='(*,*)';
      OUTPUT_LOAD='(*,*)';
      OUTPUT_TYPE='(TS,TS)';
      BIDIRECTIONAL='TRUE';
    'SQD'<17>:
      PIN_NUMBER='(136)';
      INPUT_LOAD='(*,*)';
      OUTPUT_LOAD='(*,*)';
      OUTPUT_TYPE='(TS,TS)';
      BIDIRECTIONAL='TRUE';
    'SQD'<16>:
      PIN_NUMBER='(141)';
      INPUT_LOAD='(*,*)';
      OUTPUT_LOAD='(*,*)';
      OUTPUT_TYPE='(TS,TS)';
      BIDIRECTIONAL='TRUE';
    'SQD'<15>:
      PIN_NUMBER='(96)';
      INPUT_LOAD='(*,*)';
      OUTPUT_LOAD='(*,*)';
      OUTPUT_TYPE='(TS,TS)';
      BIDIRECTIONAL='TRUE';
    'SQD'<14>:
      PIN_NUMBER='(92)';
      INPUT_LOAD='(*,*)';
      OUTPUT_LOAD='(*,*)';
      OUTPUT_TYPE='(TS,TS)';
      BIDIRECTIONAL='TRUE';
    'SQD'<13>:
      PIN_NUMBER='(102)';
      INPUT_LOAD='(*,*)';
      OUTPUT_LOAD='(*,*)';
      OUTPUT_TYPE='(TS,TS)';
      BIDIRECTIONAL='TRUE';
    'SQD'<12>:
      PIN_NUMBER='(98)';
      INPUT_LOAD='(*,*)';
      OUTPUT_LOAD='(*,*)';
      OUTPUT_TYPE='(TS,TS)';
      BIDIRECTIONAL='TRUE';
    'SQD'<11>:
      PIN_NUMBER='(113)';
      INPUT_LOAD='(*,*)';
      OUTPUT_LOAD='(*,*)';
      OUTPUT_TYPE='(TS,TS)';
      BIDIRECTIONAL='TRUE';
    'SQD'<10>:
      PIN_NUMBER='(112)';
      INPUT_LOAD='(*,*)';
      OUTPUT_LOAD='(*,*)';
      OUTPUT_TYPE='(TS,TS)';
      BIDIRECTIONAL='TRUE';
    'SQD'<9>:
      PIN_NUMBER='(108)';
      INPUT_LOAD='(*,*)';
      OUTPUT_LOAD='(*,*)';
      OUTPUT_TYPE='(TS,TS)';
      BIDIRECTIONAL='TRUE';
    'SQD'<8>:
      PIN_NUMBER='(104)';
      INPUT_LOAD='(*,*)';
      OUTPUT_LOAD='(*,*)';
      OUTPUT_TYPE='(TS,TS)';
      BIDIRECTIONAL='TRUE';
    'SQD'<7>:
      PIN_NUMBER='(14)';
      INPUT_LOAD='(*,*)';
      OUTPUT_LOAD='(*,*)';
      OUTPUT_TYPE='(TS,TS)';
      BIDIRECTIONAL='TRUE';
    'SQD'<6>:
      PIN_NUMBER='(12)';
      INPUT_LOAD='(*,*)';
      OUTPUT_LOAD='(*,*)';
      OUTPUT_TYPE='(TS,TS)';
      BIDIRECTIONAL='TRUE';
    'SQD'<5>:
      PIN_NUMBER='(8)';
      INPUT_LOAD='(*,*)';
      OUTPUT_LOAD='(*,*)';
      OUTPUT_TYPE='(TS,TS)';
      BIDIRECTIONAL='TRUE';
    'SQD'<4>:
      PIN_NUMBER='(10)';
      INPUT_LOAD='(*,*)';
      OUTPUT_LOAD='(*,*)';
      OUTPUT_TYPE='(TS,TS)';
      BIDIRECTIONAL='TRUE';
    'SQD'<3>:
      PIN_NUMBER='(149)';
      INPUT_LOAD='(*,*)';
      OUTPUT_LOAD='(*,*)';
      OUTPUT_TYPE='(TS,TS)';
      BIDIRECTIONAL='TRUE';
    'SQD'<2>:
      PIN_NUMBER='(151)';
      INPUT_LOAD='(*,*)';
      OUTPUT_LOAD='(*,*)';
      OUTPUT_TYPE='(TS,TS)';
      BIDIRECTIONAL='TRUE';
    'SQD'<1>:
      PIN_NUMBER='(142)';
      INPUT_LOAD='(*,*)';
      OUTPUT_LOAD='(*,*)';
      OUTPUT_TYPE='(TS,TS)';
      BIDIRECTIONAL='TRUE';
    'SQD'<0>:
      PIN_NUMBER='(146)';
      INPUT_LOAD='(*,*)';
      OUTPUT_LOAD='(*,*)';
      OUTPUT_TYPE='(TS,TS)';
      BIDIRECTIONAL='TRUE';
    'SQCREG_SEL':
      PIN_NUMBER='(47)';
      OUTPUT_LOAD='(*,*)';
    'SQCREG_REQ':
      PIN_NUMBER='(45)';
      INPUT_LOAD='(*,*)';
    '-SQCONVERT_START':
      PIN_NUMBER='(54)';
      OUTPUT_LOAD='(*,*)';
    'SQCLK':
      PIN_NUMBER='(160)';
      INPUT_LOAD='(*,*)';
    '-SQCHOLD':
      PIN_NUMBER='(55)';
      OUTPUT_LOAD='(*,*)';
    '-SQCHIP_SEL_EN':
      PIN_NUMBER='(88)';
      OUTPUT_LOAD='(*,*)';
    'SQCADD_ENABLE':
      PIN_NUMBER='(48)';
      OUTPUT_LOAD='(*,*)';
    '-SQADC_BUSY':
      PIN_NUMBER='(33)';
      INPUT_LOAD='(*,*)';
    'SDOUT':
      PIN_NUMBER='(120)';
      OUTPUT_LOAD='(*,*)';
    'SDIN':
      PIN_NUMBER='(119)';
      INPUT_LOAD='(*,*)';
    'M2':
      PIN_NUMBER='(44)';
      OUTPUT_LOAD='(*,*)';
    '-RESET':
      PIN_NUMBER='(78)';
      INPUT_LOAD='(*,*)';
  end_pin;
  body 
    BODY_NAME='seq96t';
    PINCOUNT='160';
    JEDEC_TYPE='PQFP160';
    CLASS='IC';
    NC_PINS='(1,2,3,16,21,24,26,34,36,37,38,39,46,50,51,73,74,75,76,81,82)';
    NC_PINS='(83,85,87,89,90,94,95,106,107,114,118,124,129,138,143,144,152)';
    NC_PINS='(153,154,155)';
    POWER_PINS='(VCC:20,43,60,79,100,122,140,157;GND:19,41,61,77,101,123,139,158)';
  end_body;
end_primitive;
END.
