FILE_TYPE=LIBRARY_PARTS;
TIME=' COMPILATION ON THU FEB 10 17:34:55 1994  ';
primitive 'VME2000';
  pin
    '-MODSEL':
      PIN_NUMBER='(16)';
      OUTPUT_LOAD='(1.0,-1.0)';
    '-INTACK':
      PIN_NUMBER='(22)';
      INPUT_LOAD='(-0.01,0.01)';
    '-ERR':
      PIN_NUMBER='(11)';
      INPUT_LOAD='(-0.01,0.01)';
    '-ACK':
      PIN_NUMBER='(7)';
      INPUT_LOAD='(-0.01,0.01)';
    '-D1EN':
      PIN_NUMBER='(17)';
      OUTPUT_LOAD='(1.0,-1.0)';
    '-D0EN':
      PIN_NUMBER='(19)';
      OUTPUT_LOAD='(1.0,-1.0)';
    '-DS':
      PIN_NUMBER='(21)';
      OUTPUT_LOAD='(1.0,-1.0)';
    '-DS0':
      PIN_NUMBER='(9)';
      INPUT_LOAD='(-0.01,0.01)';
    '-ADEN':
      PIN_NUMBER='(8)';
      INPUT_LOAD='(-0.01,0.01)';
    '-AS':
      PIN_NUMBER='(6)';
      INPUT_LOAD='(-0.01,0.01)';
    '-DTACK':
      PIN_NUMBER='(15)';
      OUTPUT_LOAD='(1.0,-1.0)';
    '-BERR':
      PIN_NUMBER='(13)';
      OUTPUT_LOAD='(1.0,-1.0)';
    'AM2':
      PIN_NUMBER='(3)';
      INPUT_LOAD='(-0.01,0.01)';
    '-DS1':
      PIN_NUMBER='(10)';
      INPUT_LOAD='(-0.01,0.01)';
    '-IACK':
      PIN_NUMBER='(5)';
      INPUT_LOAD='(-0.01,0.01)';
    'SU':
      PIN_NUMBER='(2)';
      INPUT_LOAD='(-0.01,0.01)';
    'BC':
      PIN_NUMBER='(4)';
      INPUT_LOAD='(-0.01,0.01)';
  end_pin;
  body
    JEDEC_TYPE='DIP24_3';
    CLASS='IC';
    POWER_PINS='(VCC:1,24)';
    POWER_PINS='(GND:12,18,20)';
    NC_PINS='(14,23)';
  end_body;
end_primitive;
END.
