FILE_TYPE=LIBRARY_PARTS;
TIME=' COMPILATION ON FRI DEC 13 11:34:40 1996';
primitive 'XVMETRIG3T';
  pin
    '-RDATA':
      PIN_NUMBER='(40)';
      OUTPUT_LOAD='(*,*)';
    'RTRIG':
      PIN_NUMBER='(42)';
      INPUT_LOAD='(*,*)';
    '-RESET':
      PIN_NUMBER='(78)';
      INPUT_LOAD='(*,*)';
    '-PROGRAM':
      PIN_NUMBER='(80)';
      INPUT_LOAD='(*,*)';
    'CCLK':
      PIN_NUMBER='(121)';
      INPUT_LOAD='(*,*)';
    '-PWRDWN':
      PIN_NUMBER='(159)';
      INPUT_LOAD='(*,*)';
    'XVME_DIR':
      PIN_NUMBER='(13)';
      OUTPUT_LOAD='(*,*)';
    'XREGWR_LA'<31>:
      PIN_NUMBER='(82)';
      OUTPUT_LOAD='(*,*)';
    'XREGWR_LA'<30>:
      PIN_NUMBER='(109)';
      OUTPUT_LOAD='(*,*)';
    'XREGWR_LA'<29>:
      PIN_NUMBER='(87)';
      OUTPUT_LOAD='(*,*)';
    'XREGWR_LA'<28>:
      PIN_NUMBER='(154)';
      OUTPUT_LOAD='(*,*)';
    'XREGWR_LA'<27>:
      PIN_NUMBER='(104)';
      OUTPUT_LOAD='(*,*)';
    'XREGWR_LA'<26>:
      PIN_NUMBER='(57)';
      OUTPUT_LOAD='(*,*)';
    'XREGWR_LA'<25>:
      PIN_NUMBER='(67)';
      OUTPUT_LOAD='(*,*)';
    'XREGWR_LA'<24>:
      PIN_NUMBER='(127)';
      OUTPUT_LOAD='(*,*)';
    'XREGWR_LA'<23>:
      PIN_NUMBER='(141)';
      OUTPUT_LOAD='(*,*)';
    'XREGWR_LA'<22>:
      PIN_NUMBER='(93)';
      OUTPUT_LOAD='(*,*)';
    'XREGWR_LA'<21>:
      PIN_NUMBER='(64)';
      OUTPUT_LOAD='(*,*)';
    'XREGWR_LA'<20>:
      PIN_NUMBER='(58)';
      OUTPUT_LOAD='(*,*)';
    'XREGWR_LA'<19>:
      PIN_NUMBER='(146)';
      OUTPUT_LOAD='(*,*)';
    'XREGWR_LA'<18>:
      PIN_NUMBER='(150)';
      OUTPUT_LOAD='(*,*)';
    'XREGWR_LA'<17>:
      PIN_NUMBER='(90)';
      OUTPUT_LOAD='(*,*)';
    'XREGWR_LA'<16>:
      PIN_NUMBER='(117)';
      OUTPUT_LOAD='(*,*)';
    'XREGWR_LA'<15>:
      PIN_NUMBER='(151)';
      OUTPUT_LOAD='(*,*)';
    'XREGWR_LA'<14>:
      PIN_NUMBER='(147)';
      OUTPUT_LOAD='(*,*)';
    'XREGWR_LA'<13>:
      PIN_NUMBER='(129)';
      OUTPUT_LOAD='(*,*)';
    'XREGWR_LA'<12>:
      PIN_NUMBER='(137)';
      OUTPUT_LOAD='(*,*)';
    'XREGWR_LA'<11>:
      PIN_NUMBER='(113)';
      OUTPUT_LOAD='(*,*)';
    'XREGWR_LA'<10>:
      PIN_NUMBER='(15)';
      OUTPUT_LOAD='(*,*)';
    'XREGWR_LA'<9>:
      PIN_NUMBER='(132)';
      OUTPUT_LOAD='(*,*)';
    'XREGWR_LA'<8>:
      PIN_NUMBER='(97)';
      OUTPUT_LOAD='(*,*)';
    'XREGWR_LA'<7>:
      PIN_NUMBER='(133)';
      OUTPUT_LOAD='(*,*)';
    'XREGWR_LA'<6>:
      PIN_NUMBER='(145)';
      OUTPUT_LOAD='(*,*)';
    'XREGWR_LA'<5>:
      PIN_NUMBER='(55)';
      OUTPUT_LOAD='(*,*)';
    'XREGWR_LA'<4>:
      PIN_NUMBER='(130)';
      OUTPUT_LOAD='(*,*)';
    'XREGWR_LA'<3>:
      PIN_NUMBER='(88)';
      OUTPUT_LOAD='(*,*)';
    'XREGWR_LA'<2>:
      PIN_NUMBER='(112)';
      OUTPUT_LOAD='(*,*)';
    'XREGWR_LA'<1>:
      PIN_NUMBER='(110)';
      OUTPUT_LOAD='(*,*)';
    'XREGWR_LA'<0>:
      PIN_NUMBER='(96)';
      OUTPUT_LOAD='(*,*)';
    'XREGRD_LA'<31>:
      PIN_NUMBER='(86)';
      OUTPUT_LOAD='(*,*)';
    'XREGRD_LA'<30>:
      PIN_NUMBER='(116)';
      OUTPUT_LOAD='(*,*)';
    'XREGRD_LA'<29>:
      PIN_NUMBER='(99)';
      OUTPUT_LOAD='(*,*)';
    'XREGRD_LA'<28>:
      PIN_NUMBER='(134)';
      OUTPUT_LOAD='(*,*)';
    'XREGRD_LA'<27>:
      PIN_NUMBER='(102)';
      OUTPUT_LOAD='(*,*)';
    'XREGRD_LA'<26>:
      PIN_NUMBER='(152)';
      OUTPUT_LOAD='(*,*)';
    'XREGRD_LA'<25>:
      PIN_NUMBER='(136)';
      OUTPUT_LOAD='(*,*)';
    'XREGRD_LA'<24>:
      PIN_NUMBER='(103)';
      OUTPUT_LOAD='(*,*)';
    'XREGRD_LA'<23>:
      PIN_NUMBER='(135)';
      OUTPUT_LOAD='(*,*)';
    'XREGRD_LA'<22>:
      PIN_NUMBER='(63)';
      OUTPUT_LOAD='(*,*)';
    'XREGRD_LA'<21>:
      PIN_NUMBER='(98)';
      OUTPUT_LOAD='(*,*)';
    'XREGRD_LA'<20>:
      PIN_NUMBER='(131)';
      OUTPUT_LOAD='(*,*)';
    'XREGRD_LA'<19>:
      PIN_NUMBER='(91)';
      OUTPUT_LOAD='(*,*)';
    'XREGRD_LA'<18>:
      PIN_NUMBER='(108)';
      OUTPUT_LOAD='(*,*)';
    'XREGRD_LA'<17>:
      PIN_NUMBER='(89)';
      OUTPUT_LOAD='(*,*)';
    'XREGRD_LA'<16>:
      PIN_NUMBER='(92)';
      OUTPUT_LOAD='(*,*)';
    'XREGRD_LA'<15>:
      PIN_NUMBER='(155)';
      OUTPUT_LOAD='(*,*)';
    'XREGRD_LA'<14>:
      PIN_NUMBER='(105)';
      OUTPUT_LOAD='(*,*)';
    'XREGRD_LA'<13>:
      PIN_NUMBER='(8)';
      OUTPUT_LOAD='(*,*)';
    'XREGRD_LA'<12>:
      PIN_NUMBER='(14)';
      OUTPUT_LOAD='(*,*)';
    'XREGRD_LA'<11>:
      PIN_NUMBER='(18)';
      OUTPUT_LOAD='(*,*)';
    'XREGRD_LA'<10>:
      PIN_NUMBER='(142)';
      OUTPUT_LOAD='(*,*)';
    'XREGRD_LA'<9>:
      PIN_NUMBER='(59)';
      OUTPUT_LOAD='(*,*)';
    'XREGRD_LA'<8>:
      PIN_NUMBER='(115)';
      OUTPUT_LOAD='(*,*)';
    'XREGRD_LA'<7>:
      PIN_NUMBER='(149)';
      OUTPUT_LOAD='(*,*)';
    'XREGRD_LA'<6>:
      PIN_NUMBER='(62)';
      OUTPUT_LOAD='(*,*)';
    'XREGRD_LA'<5>:
      PIN_NUMBER='(56)';
      OUTPUT_LOAD='(*,*)';
    'XREGRD_LA'<4>:
      PIN_NUMBER='(111)';
      OUTPUT_LOAD='(*,*)';
    'XREGRD_LA'<3>:
      PIN_NUMBER='(148)';
      OUTPUT_LOAD='(*,*)';
    'XREGRD_LA'<2>:
      PIN_NUMBER='(11)';
      OUTPUT_LOAD='(*,*)';
    'XREGRD_LA'<1>:
      PIN_NUMBER='(31)';
      OUTPUT_LOAD='(*,*)';
    'XREGRD_LA'<0>:
      PIN_NUMBER='(153)';
      OUTPUT_LOAD='(*,*)';
    '-XMODSEL':
      PIN_NUMBER='(30)';
      OUTPUT_LOAD='(*,*)';
    '-XMEMSPACE':
      PIN_NUMBER='(33)';
      OUTPUT_LOAD='(*,*)';
    '-XMEMACK1':
      PIN_NUMBER='(65)';
      INPUT_LOAD='(*,*)';
    '-XLWORD':
      PIN_NUMBER='(27)';
      INPUT_LOAD='(*,*)';
    '-XDTACK':
      PIN_NUMBER='(66)';
      OUTPUT_LOAD='(*,*)';
    '-XDT_EN':
      PIN_NUMBER='(54)';
      OUTPUT_LOAD='(*,*)';
    '-XBRW':
      PIN_NUMBER='(12)';
      INPUT_LOAD='(*,*)';
    '-XBDS1':
      PIN_NUMBER='(25)';
      INPUT_LOAD='(*,*)';
    '-XBDS0':
      PIN_NUMBER='(28)';
      INPUT_LOAD='(*,*)';
    'XBAM'<5>:
      PIN_NUMBER='(32)';
      INPUT_LOAD='(*,*)';
    'XBAM'<4>:
      PIN_NUMBER='(81)';
      INPUT_LOAD='(*,*)';
    'XBAM'<3>:
      PIN_NUMBER='(71)';
      INPUT_LOAD='(*,*)';
    'XBAM'<2>:
      PIN_NUMBER='(72)';
      INPUT_LOAD='(*,*)';
    'XBAM'<1>:
      PIN_NUMBER='(73)';
      INPUT_LOAD='(*,*)';
    'XBAM'<0>:
      PIN_NUMBER='(69)';
      INPUT_LOAD='(*,*)';
    'XBA'<31>:
      PIN_NUMBER='(47)';
      INPUT_LOAD='(*,*)';
    'XBA'<30>:
      PIN_NUMBER='(46)';
      INPUT_LOAD='(*,*)';
    'XBA'<29>:
      PIN_NUMBER='(45)';
      INPUT_LOAD='(*,*)';
    'XBA'<28>:
      PIN_NUMBER='(53)';
      INPUT_LOAD='(*,*)';
    'XBA'<27>:
      PIN_NUMBER='(49)';
      INPUT_LOAD='(*,*)';
    'XBA'<26>:
      PIN_NUMBER='(52)';
      INPUT_LOAD='(*,*)';
    'XBA'<25>:
      PIN_NUMBER='(48)';
      INPUT_LOAD='(*,*)';
    'XBA'<24>:
      PIN_NUMBER='(35)';
      INPUT_LOAD='(*,*)';
    'XBA'<23>:
      PIN_NUMBER='(37)';
      INPUT_LOAD='(*,*)';
    'XBA'<22>:
      PIN_NUMBER='(34)';
      INPUT_LOAD='(*,*)';
    'XBA'<21>:
      PIN_NUMBER='(36)';
      INPUT_LOAD='(*,*)';
    'XBA'<20>:
      PIN_NUMBER='(24)';
      INPUT_LOAD='(*,*)';
    'XBA'<19>:
      PIN_NUMBER='(4)';
      INPUT_LOAD='(*,*)';
    'XBA'<18>:
      PIN_NUMBER='(156)';
      INPUT_LOAD='(*,*)';
    'XBA'<17>:
      PIN_NUMBER='(5)';
      INPUT_LOAD='(*,*)';
    'XBA'<16>:
      PIN_NUMBER='(7)';
      INPUT_LOAD='(*,*)';
    'XBA'<15>:
      PIN_NUMBER='(26)';
      INPUT_LOAD='(*,*)';
    'XBA'<14>:
      PIN_NUMBER='(16)';
      INPUT_LOAD='(*,*)';
    'XBA'<13>:
      PIN_NUMBER='(17)';
      INPUT_LOAD='(*,*)';
    'XBA'<12>:
      PIN_NUMBER='(23)';
      INPUT_LOAD='(*,*)';
    'XBA'<11>:
      PIN_NUMBER='(22)';
      INPUT_LOAD='(*,*)';
    'XBA'<10>:
      PIN_NUMBER='(126)';
      INPUT_LOAD='(*,*)';
    'XBA'<9>:
      PIN_NUMBER='(9)';
      INPUT_LOAD='(*,*)';
    'XBA'<8>:
      PIN_NUMBER='(10)';
      INPUT_LOAD='(*,*)';
    'XBA'<7>:
      PIN_NUMBER='(6)';
      INPUT_LOAD='(*,*)';
    'XBA'<6>:
      PIN_NUMBER='(125)';
      INPUT_LOAD='(*,*)';
    'XBA'<5>:
      PIN_NUMBER='(85)';
      INPUT_LOAD='(*,*)';
    'XBA'<4>:
      PIN_NUMBER='(84)';
      INPUT_LOAD='(*,*)';
    'XBA'<3>:
      PIN_NUMBER='(128)';
      INPUT_LOAD='(*,*)';
    'XBA'<2>:
      PIN_NUMBER='(160)';
      INPUT_LOAD='(*,*)';
    'XBA'<1>:
      PIN_NUMBER='(114)';
      INPUT_LOAD='(*,*)';
    'XBA'<0>:
      PIN_NUMBER='(29)';
      INPUT_LOAD='(*,*)';
    'SPARES'<3>:
      PIN_NUMBER='(68)';
      INPUT_LOAD='(*,*)';
    'SPARES'<2>:
      PIN_NUMBER='(76)';
      INPUT_LOAD='(*,*)';
    'SPARES'<1>:
      PIN_NUMBER='(70)';
      OUTPUT_LOAD='(*,*)';
    'SPARES'<0>:
      PIN_NUMBER='(74)';
      OUTPUT_LOAD='(*,*)';
    'SDOUT':
      PIN_NUMBER='(120)';
      OUTPUT_LOAD='(*,*)';
    'SDIN':
      PIN_NUMBER='(119)';
      INPUT_LOAD='(*,*)';
    'M2':
      PIN_NUMBER='(44)';
      OUTPUT_LOAD='(*,*)';
    'DUMMY_OUT':
      PIN_NUMBER='(124)';
      OUTPUT_LOAD='(*,*)';
  end_pin;
  body 
    BODY_NAME='xvmetrig3t';
    PINCOUNT='160';
    JEDEC_TYPE='PQFP160';
    CLASS='IC';
    NC_PINS='(1,2,3,21,38,39,50,51,75,83,94,95,106,107,118,138,143,144)';
    POWER_PINS='(VCC:20,43,60,79,100,122,140,157;GND:19,41,61,77,101,123,139,158)';
  end_body;
end_primitive;
END.
