FILE_TYPE=LIBRARY_PARTS;
TIME=' COMPILATION ON THU FEB 17 18:28:26 1994  ';
primitive 'SIP10';
  pin
    'P1':
      PIN_NUMBER='(1)';
      NO_LOAD_CHECK='BOTH';
      UNKNOWN_LOADING='TRUE';
    'P2':
      PIN_NUMBER='(2)';
      NO_LOAD_CHECK='BOTH';
      UNKNOWN_LOADING='TRUE';
    'P3':
      PIN_NUMBER='(3)';
      NO_LOAD_CHECK='BOTH';
      UNKNOWN_LOADING='TRUE';
    'P4':
      PIN_NUMBER='(4)';
      NO_LOAD_CHECK='BOTH';
      UNKNOWN_LOADING='TRUE';
    'P5':
      PIN_NUMBER='(5)';
      NO_LOAD_CHECK='BOTH';
      UNKNOWN_LOADING='TRUE';
    'P6':
      PIN_NUMBER='(6)';
      NO_LOAD_CHECK='BOTH';
      UNKNOWN_LOADING='TRUE';
    'P7':
      PIN_NUMBER='(7)';
      NO_LOAD_CHECK='BOTH';
      UNKNOWN_LOADING='TRUE';
    'P8':
      PIN_NUMBER='(8)';
      NO_LOAD_CHECK='BOTH';
      UNKNOWN_LOADING='TRUE';
    'P9':
      PIN_NUMBER='(9)';
      NO_LOAD_CHECK='BOTH';
      UNKNOWN_LOADING='TRUE';
    'P10':
      PIN_NUMBER='(10)';
      NO_LOAD_CHECK='BOTH';
      UNKNOWN_LOADING='TRUE';
  end_pin;
  body
    JEDEC_TYPE='SIP10';
    ALT_SYMBOLS='(SMSIP,SMSIP_NEW)';
    CLASS='IC';
    PHYS_DES_PREFIX='SP';
  end_body;
end_primitive;
END.
