temp/xxnedtmp18/event.log NEWFILE1
temp/xxnedtmp18/text.log NEWFILE2
temp/xxnedtmp18/environ.log NEWFILE3
C:\Cadence\SPB_16.6\share\cdssetup/concept/concepthdl.scr FILE4
C:\Users\QGPWindowsVB\Downloads\orebi\SPB_Data\TUBII3\cds.lib FILE5
C:\Users\QGPWindowsVB\Downloads\orebi\SPB_Data\TUBII3\worklib\tubii\sch_1\page1.csb FILE6
C:\Users\QGPWindowsVB\Downloads\orebi\SPB_Data\TUBII3\worklib\tubii\sch_1\page1_csb.lck NEWFILE7
temp/xxnedtmp18/undo1.log NEWFILE8
C:\Users\QGPWindowsVB\Downloads\orebi\Parts\parts\misc\penn#20b#20size#20page\sym_1\symbol.css FILE9
C:\Users\QGPWindowsVB\Downloads\orebi\Parts\parts\resistors\rsmd0805\sym_1\symbol.css FILE10
C:\Users\QGPWindowsVB\Downloads\orebi\Parts\parts\ecl\10h116\sym_1\symbol.css FILE11
C:\Users\QGPWindowsVB\Downloads\orebi\Parts\parts\misc\testpoint_l\sym_1\symbol.css FILE12
C:\Users\QGPWindowsVB\Downloads\orebi\Parts\parts\misc\gnd\sym_1\symbol.css FILE13
C:\Users\QGPWindowsVB\Downloads\orebi\SPB_Data\TUBII3\worklib\ttl_progdelay\sym_1\symbol.css FILE14
C:\Users\QGPWindowsVB\Downloads\orebi\SPB_Data\TUBII3\worklib\select_lo_src\sym_1\symbol.css FILE15
C:\Users\QGPWindowsVB\Downloads\orebi\SPB_Data\TUBII3\worklib\async_puls_gen\sym_1\symbol.css FILE16
C:\Users\QGPWindowsVB\Downloads\orebi\SPB_Data\TUBII3\worklib\async_pulse_gen\sym_1\symbol.css FILE17
C:\Users\QGPWindowsVB\Downloads\orebi\SPB_Data\TUBII3\worklib\base_mon\sym_1\symbol.css FILE18
C:\Users\QGPWindowsVB\Downloads\orebi\SPB_Data\TUBII3\worklib\pulse_inverter\sym_1\symbol.css FILE19
C:\Users\QGPWindowsVB\Downloads\orebi\SPB_Data\TUBII3\worklib\clk_leds\sym_1\symbol.css FILE20
C:\Users\QGPWindowsVB\Downloads\orebi\SPB_Data\TUBII3\worklib\caen_coms\sym_1\symbol.css FILE21
C:\Users\QGPWindowsVB\Downloads\orebi\SPB_Data\TUBII3\worklib\ellie_comm\sym_1\symbol.css FILE22
C:\Users\QGPWindowsVB\Downloads\orebi\SPB_Data\TUBII3\worklib\progdelay\sym_1\symbol.css FILE23
C:\Users\QGPWindowsVB\Downloads\orebi\Parts\parts\standard\3#20merge\sym_1\symbol.css FILE24
C:\Users\QGPWindowsVB\Downloads\orebi\Parts\parts\ttl\hct238\sym_1\symbol.css FILE25
C:\Users\QGPWindowsVB\Downloads\orebi\SPB_Data\TUBII3\worklib\caen_select\sym_1\symbol.css FILE26
C:\Users\QGPWindowsVB\Downloads\orebi\SPB_Data\TUBII3\worklib\microzedconnection\sym_1\symbol.css FILE27
C:\Users\QGPWindowsVB\Downloads\orebi\Parts\parts\ecl\10h124\sym_1\symbol.css FILE28
C:\Users\QGPWindowsVB\Downloads\orebi\SPB_Data\TUBII3\worklib\fastcomp\sym_1\symbol.css FILE29
C:\Users\QGPWindowsVB\Downloads\orebi\SPB_Data\TUBII3\worklib\tuncomp\sym_1\symbol.css FILE30
C:\Users\QGPWindowsVB\Downloads\orebi\SPB_Data\TUBII3\worklib\ttl#2dto#2decl#2din\sym_1\symbol.css FILE31
C:\Users\QGPWindowsVB\Downloads\orebi\SPB_Data\TUBII3\worklib\datain\sym_1\symbol.css FILE32
C:\Users\QGPWindowsVB\Downloads\orebi\SPB_Data\TUBII3\worklib\asyncdelays\sym_1\symbol.css FILE33
C:\Users\QGPWindowsVB\Downloads\orebi\SPB_Data\TUBII3\worklib\ribbondelay\sym_1\symbol.css FILE34
C:\Users\QGPWindowsVB\Downloads\orebi\SPB_Data\TUBII3\worklib\ellie_comms\sym_1\symbol.css FILE35
C:\Users\QGPWindowsVB\Downloads\orebi\SPB_Data\TUBII3\worklib\tubiigt\sym_1\symbol.css FILE36
C:\Users\QGPWindowsVB\Downloads\orebi\SPB_Data\TUBII3\worklib\bursttrig\sym_1\symbol.css FILE37
C:\Users\QGPWindowsVB\Downloads\orebi\SPB_Data\TUBII3\worklib\tubii_time\sym_1\symbol.css FILE38
C:\Users\QGPWindowsVB\Downloads\orebi\SPB_Data\TUBII3\worklib\prescaletrig\sym_1\symbol.css FILE39
C:\Users\QGPWindowsVB\Downloads\orebi\SPB_Data\TUBII3\worklib\lvds#2decl\sym_1\symbol.css FILE40
C:\Users\QGPWindowsVB\Downloads\orebi\SPB_Data\TUBII3\worklib\ecl#2dlvds\sym_1\symbol.css FILE41
C:\Users\QGPWindowsVB\Downloads\orebi\SPB_Data\TUBII3\worklib\ttl#2decl\sym_1\symbol.css FILE42
C:\Users\QGPWindowsVB\Downloads\orebi\SPB_Data\TUBII3\worklib\ecl#2dttl\sym_1\symbol.css FILE43
C:\Users\QGPWindowsVB\Downloads\orebi\SPB_Data\TUBII3\worklib\ecl#2dnim\sym_1\symbol.css FILE44
C:\Users\QGPWindowsVB\Downloads\orebi\SPB_Data\TUBII3\worklib\nim#2decl\sym_1\symbol.css FILE45
C:\Users\QGPWindowsVB\Downloads\orebi\SPB_Data\TUBII3\worklib\latchexttrig\sym_1\symbol.css FILE46
C:\Users\QGPWindowsVB\Downloads\orebi\SPB_Data\TUBII3\worklib\powers\sym_1\symbol.css FILE47
C:\Users\QGPWindowsVB\Downloads\orebi\SPB_Data\TUBII3\worklib\exttrig\sym_1\symbol.css FILE48
C:\Users\QGPWindowsVB\Downloads\orebi\Parts\parts\ecl\10e116\sym_1\symbol.css FILE49
C:\Users\QGPWindowsVB\Downloads\orebi\SPB_Data\TUBII3\worklib\caen_chat\sym_1\symbol.css FILE50
C:\Users\QGPWindowsVB\Downloads\orebi\SPB_Data\TUBII3\worklib\tubii\sch_1\page1_csa.lck NEWFILE51
C:/Users/QGPWindowsVB/Downloads/orebi/SPB_Data/TUBII3/worklib/tubii/sch_1/tubii.xcon FILE52
C:/Users/QGPWindowsVB/Downloads/orebi/SPB_Data/TUBII3/worklib/tubii/sch_1/tubii.dcf FILE53
C:\Users\QGPWindowsVB\Downloads\orebi\SPB_Data\TUBII3\worklib\tubii_time\sch_1\page1.csb FILE54
C:\Users\QGPWindowsVB\Downloads\orebi\SPB_Data\TUBII3\worklib\tubii_time\sch_1\page1_csb.lck NEWFILE55
C:\Users\QGPWindowsVB\Downloads\orebi\Parts\parts\ecl\100el05\sym_1\symbol.css FILE56
C:\Users\QGPWindowsVB\Downloads\orebi\Parts\parts\ecl\10e131\sym_1\symbol.css FILE57
C:\Users\QGPWindowsVB\Downloads\orebi\Parts\parts\capacitors\csmd0805\sym_1\symbol.css FILE58
C:\Users\QGPWindowsVB\Downloads\orebi\Parts\parts\ecl\10e101\sym_1\symbol.css FILE59
C:\Users\QGPWindowsVB\Downloads\orebi\Parts\parts\ecl\10h104\sym_1\symbol.css FILE60
C:\Users\QGPWindowsVB\Downloads\orebi\Parts\parts\ecl\10e016\sym_1\symbol.css FILE61
C:\Users\QGPWindowsVB\Downloads\orebi\Parts\parts\misc\led_1206\sym_1\symbol.css FILE62
C:\Users\QGPWindowsVB\Downloads\orebi\Parts\parts\ttl\f273\sym_1\symbol.css FILE63
C:\Users\QGPWindowsVB\Downloads\orebi\Parts\parts\misc\hct123\sym_1\symbol.css FILE64
C:\Users\QGPWindowsVB\Downloads\orebi\Parts\parts\ecl\10h125\sym_1\symbol.css FILE65
C:\Users\QGPWindowsVB\Downloads\orebi\Parts\parts\ecl\el91l\sym_1\symbol.css FILE66
C:\Users\QGPWindowsVB\Downloads\orebi\Parts\parts\misc\foxclock\sym_1\symbol.css FILE67
C:\Users\QGPWindowsVB\Downloads\orebi\Parts\parts\ecl\100el34\sym_1\symbol.css FILE68
C:\Users\QGPWindowsVB\Downloads\orebi\Parts\parts\misc\hct123\sym_1\symbol_css.lck NEWFILE69
temp/xxnedtmp18/undo2.log NEWFILE70
C:\Users\QGPWindowsVB\Downloads\orebi\Parts\parts\standard\origin\sym_1\symbol.css FILE71
temp/xxnedtmp18/concept.mkr NEWFILE72
temp/xxnedtmp18/csnetlister.mkr NEWFILE73
C:\Users\QGPWindowsVB\Downloads\orebi\Parts\parts\ttl\f273\sym_1\symbol_css.lck NEWFILE74
C:\Users\QGPWindowsVB\Downloads\orebi\SPB_Data\TUBII3\worklib\ttl#2dto#2decl#2din\sch_1\page1.csb FILE75
C:\Users\QGPWindowsVB\Downloads\orebi\SPB_Data\TUBII3\worklib\ttl#2dto#2decl#2din\sch_1\page1_csb.lck NEWFILE76
C:\Users\QGPWindowsVB\Downloads\orebi\Parts\parts\standard\8#20merge\sym_1\symbol.css FILE77
C:\Users\QGPWindowsVB\Downloads\orebi\Parts\parts\misc\hc574f\sym_1\symbol.css FILE78
C:\Users\QGPWindowsVB\Downloads\orebi\Parts\parts\ttl\f06\sym_1\symbol.css FILE79
C:\Users\QGPWindowsVB\Downloads\orebi\SPB_Data\TUBII3\worklib\ttl#2dto#2decl#2din\sch_1\page1_csa.lck NEWFILE80
C:\Users\QGPWindowsVB\Downloads\orebi\SPB_Data\TUBII3\worklib\microzedconnection\sym_1\symbol_css.lck NEWFILE81
temp/xxnedtmp18/undo3.log NEWFILE82
C:\Users\QGPWindowsVB\Downloads\orebi\SPB_Data\TUBII3\worklib\async_puls_gen\sch_1\page1.csb FILE83
C:\Users\QGPWindowsVB\Downloads\orebi\SPB_Data\TUBII3\worklib\async_puls_gen\sch_1\page1_csb.lck NEWFILE84
temp/xxnedtmp18/undo4.log NEWFILE85
C:\Users\QGPWindowsVB\Downloads\orebi\Parts\parts\ttl\ds102350\sym_1\symbol.css FILE86
C:\Users\QGPWindowsVB\Downloads\orebi\SPB_Data\TUBII3\worklib\async_puls_gen\sch_1\page1_csa.lck NEWFILE87
C:\Users\QGPWindowsVB\Downloads\orebi\SPB_Data\TUBII3\worklib\tubii_time\sym_1\symbol_css.lck NEWFILE88
C:\Users\QGPWindowsVB\Downloads\orebi\SPB_Data\TUBII3\worklib\caen_coms\sch_1\page1.csb FILE89
C:\Users\QGPWindowsVB\Downloads\orebi\SPB_Data\TUBII3\worklib\caen_coms\sch_1\page1_csb.lck NEWFILE90
temp/xxnedtmp18/undo5.log NEWFILE91
C:\Users\QGPWindowsVB\Downloads\orebi\Parts\parts\misc\prma1c05b\sym_1\symbol.css FILE92
C:\Users\QGPWindowsVB\Downloads\orebi\Parts\parts\resistors\res_l\sym_1\symbol.css FILE93
C:\Users\QGPWindowsVB\Downloads\orebi\Parts\parts\ttl\hct374\sym_1\symbol.css FILE94
C:\Users\QGPWindowsVB\Downloads\orebi\SPB_Data\TUBII3\worklib\caen_buffer\sym_1\symbol.css FILE95
C:\Users\QGPWindowsVB\Downloads\orebi\Parts\parts\misc\74f164\sym_2\symbol.css FILE96
C:\Users\QGPWindowsVB\Downloads\orebi\Parts\parts\ttl\f07\sym_1\symbol.css FILE97
C:\Users\QGPWindowsVB\Downloads\orebi\SPB_Data\TUBII3\worklib\caen_coms\sch_1\page1_csa.lck NEWFILE98
C:\Users\QGPWindowsVB\Downloads\orebi\Parts\parts\misc\74f164\sym_1\symbol.css FILE99
temp/xxnedtmp18/undo6.log NEWFILE100
temp/xxnedtmp18/undo7.log NEWFILE101
temp/xxnedtmp18/undo8.log NEWFILE102
C:\Users\QGPWindowsVB\Downloads\orebi\SPB_Data\TUBII3\worklib\tubii_clks\sym_1\symbol.css NEWFILE103
C:\Users\QGPWindowsVB\Downloads\orebi\SPB_Data\TUBII3\worklib\tubii_clks\sym_1\symbol_css.lck NEWFILE104
C:\Users\QGPWindowsVB\Downloads\orebi\SPB_Data\TUBII3\worklib\tubii_clks\sch_1\page1.csa NEWFILE105
C:\Users\QGPWindowsVB\Downloads\orebi\SPB_Data\TUBII3\worklib\tubii_clks\sch_1\page1.csv NEWFILE106
C:\Users\QGPWindowsVB\Downloads\orebi\SPB_Data\TUBII3\worklib\tubii_clks\sch_1\pc.db NEWFILE107
C:\Users\QGPWindowsVB\Downloads\orebi\SPB_Data\TUBII3\worklib\tubii_clks\sch_1\page1_csa.lck NEWFILE108
C:/Users/QGPWindowsVB/Downloads/orebi/SPB_Data/TUBII3/worklib/tubii_clks/sch_1/tubii_clks_xcon.lck NEWFILE109
C:/Users/QGPWindowsVB/Downloads/orebi/SPB_Data/TUBII3/worklib/tubii_clks/sch_1/tubii_clks_dcf.lck NEWFILE110
C:/Users/QGPWIN~1/AppData/Local/Temp/conB534.tmp FILE111
C:/Users/QGPWIN~1/AppData/Local/Temp/conBE39.tmp FILE112
C:/Users/QGPWIN~1/AppData/Local/Temp/con5CBC.tmp FILE113
C:/Users/QGPWIN~1/AppData/Local/Temp/conCF77.tmp FILE114
C:/Users/QGPWIN~1/AppData/Local/Temp/conD49A.tmp FILE115
C:/Users/QGPWIN~1/AppData/Local/Temp/conC125.tmp FILE116
C:/Users/QGPWIN~1/AppData/Local/Temp/conAF26.tmp FILE117
C:\Users\QGPWindowsVB\Downloads\orebi\SPB_Data\TUBII3\worklib\asyncdelays\sch_1\page1.csb FILE118
C:\Users\QGPWindowsVB\Downloads\orebi\SPB_Data\TUBII3\worklib\asyncdelays\sch_1\page1_csb.lck NEWFILE119
C:\Users\QGPWindowsVB\Downloads\orebi\Parts\parts\ecl\10elt24\sym_1\symbol.css FILE120
C:\Users\QGPWindowsVB\Downloads\orebi\Parts\parts\ttl\ds1023500\sym_1\symbol.css FILE121
C:\Users\QGPWindowsVB\Downloads\orebi\Parts\parts\capacitors\cap_l\sym_1\symbol.css FILE122
C:\Users\QGPWindowsVB\Downloads\orebi\Parts\parts\resistors\rsmd0603\sym_1\symbol.css FILE123
C:/Cadence/SPB_16.6/tools/language/config.dat FILE124
C:/Cadence/SPB_16.6/tools/language/pack_type_rename.dat NEWFILE125
temp/xxnedtmp18/../10e116.mkr NEWFILE126
temp/xxnedtmp18/../10h104.mkr NEWFILE127
temp/xxnedtmp18/../10h125.mkr NEWFILE128
temp/xxnedtmp18/../testpoint_l.mkr NEWFILE129
temp/xxnedtmp18/../f273.mkr NEWFILE130
temp/xxnedtmp18/../rsmd0805.mkr NEWFILE131
temp/xxnedtmp18/../led_1206.mkr NEWFILE132
temp/xxnedtmp18/../gnd.mkr NEWFILE133
temp/xxnedtmp18/../100el34.mkr NEWFILE134
temp/xxnedtmp18/../10h116.mkr NEWFILE135
temp/xxnedtmp18/../10e101.mkr NEWFILE136
temp/xxnedtmp18/../csmd0805.mkr NEWFILE137
temp/xxnedtmp18/../penn#20b#20size#20page.mkr NEWFILE138
temp/xxnedtmp18/../el91l.mkr NEWFILE139
temp/xxnedtmp18/../foxclock.mkr NEWFILE140
temp/xxnedtmp18/../10e131.mkr NEWFILE141
temp/xxnedtmp18/../10e016.mkr NEWFILE142
temp/xxnedtmp18/../hct123.mkr NEWFILE143
temp/xxnedtmp18/../74f164.mkr NEWFILE144
temp/xxnedtmp18/../100el05.mkr NEWFILE145
temp/xxnedtmp18/../10h124.mkr NEWFILE146
C:\Users\QGPWindowsVB\Downloads\orebi\SPB_Data\TUBII3\worklib\tubii_time\sch_1\page1.csa FILE147
C:\Users\QGPWindowsVB\Downloads\orebi\SPB_Data\TUBII3\worklib\tubii_time\sch_1\page1.csv FILE148
C:\Users\QGPWindowsVB\Downloads\orebi\SPB_Data\TUBII3\worklib\tubii_time\sch_1\pc.db FILE149
C:/Users/QGPWindowsVB/Downloads/orebi/SPB_Data/TUBII3/worklib/tubii_time/sch_1/tubii_time_xcon.lck NEWFILE150
C:/Users/QGPWindowsVB/Downloads/orebi/SPB_Data/TUBII3/worklib/tubii_time/sch_1/tubii_time_dcf.lck NEWFILE151
C:\Users\QGPWindowsVB\Downloads\orebi\SPB_Data\TUBII3\worklib\tubii\sch_1\page1.csa FILE152
C:\Users\QGPWindowsVB\Downloads\orebi\SPB_Data\TUBII3\worklib\tubii\sch_1\page1.csv FILE153
C:\Users\QGPWindowsVB\Downloads\orebi\SPB_Data\TUBII3\worklib\tubii\sch_1\pc.db FILE154
C:/Users/QGPWindowsVB/Downloads/orebi/SPB_Data/TUBII3/worklib/tubii/sch_1/tubii_xcon.lck NEWFILE155
C:/Users/QGPWindowsVB/Downloads/orebi/SPB_Data/TUBII3/worklib/tubii/sch_1/tubii_dcf.lck NEWFILE156
C:\Users\QGPWindowsVB\Downloads\orebi\SPB_Data\TUBII3\worklib\tubii_time\sch_1\page1_csa.lck NEWFILE157
C:\Users\QGPWindowsVB\Downloads\orebi\SPB_Data\TUBII3\worklib\asyncdelays\sch_1\page1_csa.lck NEWFILE158
C:\Users\QGPWindowsVB\Downloads\orebi\SPB_Data\TUBII3\worklib\nim#2decl\sch_1\page1.csb FILE159
C:\Users\QGPWindowsVB\Downloads\orebi\SPB_Data\TUBII3\worklib\nim#2decl\sch_1\page1_csb.lck NEWFILE160
C:\Users\QGPWindowsVB\Downloads\orebi\Parts\parts\transistors\mmbth10\sym_1\symbol.css FILE161
C:\Users\QGPWindowsVB\Downloads\orebi\SPB_Data\TUBII3\worklib\nim#2decl\sch_1\page1_csa.lck NEWFILE162
C:\Users\QGPWindowsVB\Downloads\orebi\SPB_Data\TUBII3\worklib\ecl#2dlvds\sch_1\page1.csb FILE163
C:\Users\QGPWindowsVB\Downloads\orebi\SPB_Data\TUBII3\worklib\ecl#2dlvds\sch_1\page1_csb.lck NEWFILE164
C:\Users\QGPWindowsVB\Downloads\orebi\Parts\parts\ecl\100e101\sym_1\symbol.css FILE165
C:\Users\QGPWindowsVB\Downloads\orebi\Parts\parts\misc\lvds_driver_ds10\sym_1\symbol.css FILE166
C:\Users\QGPWindowsVB\Downloads\orebi\SPB_Data\TUBII3\worklib\ecl#2dlvds\sch_1\page1_csa.lck NEWFILE167
C:\Users\QGPWindowsVB\Downloads\orebi\SPB_Data\TUBII3\worklib\tubii_clks\sch_1\page1.csb NEWFILE168
C:\Users\QGPWindowsVB\Downloads\orebi\SPB_Data\TUBII3\worklib\tubii_clks\sch_1\page1_csb.lck NEWFILE169
temp/xxnedtmp18/../tubii_clks.mkr FILE170
temp/xxnedtmp18/../ttl_progdelay.mkr NEWFILE171
temp/xxnedtmp18/../select_lo_src.mkr FILE172
temp/xxnedtmp18/../async_puls_gen.mkr NEWFILE173
temp/xxnedtmp18/../async_pulse_gen.mkr NEWFILE174
temp/xxnedtmp18/../base_mon.mkr NEWFILE175
temp/xxnedtmp18/../pulse_inverter.mkr NEWFILE176
temp/xxnedtmp18/../clk_leds.mkr FILE177
temp/xxnedtmp18/../caen_coms.mkr NEWFILE178
temp/xxnedtmp18/../ellie_comm.mkr NEWFILE179
temp/xxnedtmp18/../progdelay.mkr NEWFILE180
temp/xxnedtmp18/../3#20merge.mkr NEWFILE181
temp/xxnedtmp18/../hct238.mkr NEWFILE182
temp/xxnedtmp18/../caen_select.mkr NEWFILE183
temp/xxnedtmp18/../microzedconnection.mkr FILE184
temp/xxnedtmp18/../fastcomp.mkr NEWFILE185
temp/xxnedtmp18/../tuncomp.mkr FILE186
temp/xxnedtmp18/../ttl#2dto#2decl#2din.mkr NEWFILE187
temp/xxnedtmp18/../datain.mkr NEWFILE188
temp/xxnedtmp18/../asyncdelays.mkr NEWFILE189
temp/xxnedtmp18/../ribbondelay.mkr NEWFILE190
temp/xxnedtmp18/../ellie_comms.mkr NEWFILE191
temp/xxnedtmp18/../tubiigt.mkr NEWFILE192
temp/xxnedtmp18/../bursttrig.mkr NEWFILE193
temp/xxnedtmp18/../tubii_time.mkr NEWFILE194
temp/xxnedtmp18/../prescaletrig.mkr NEWFILE195
temp/xxnedtmp18/../lvds#2decl.mkr NEWFILE196
temp/xxnedtmp18/../ecl#2dlvds.mkr NEWFILE197
temp/xxnedtmp18/../ttl#2decl.mkr NEWFILE198
temp/xxnedtmp18/../ecl#2dttl.mkr NEWFILE199
temp/xxnedtmp18/../ecl#2dnim.mkr NEWFILE200
temp/xxnedtmp18/../nim#2decl.mkr NEWFILE201
temp/xxnedtmp18/../latchexttrig.mkr NEWFILE202
temp/xxnedtmp18/../powers.mkr NEWFILE203
temp/xxnedtmp18/../exttrig.mkr NEWFILE204
temp/xxnedtmp18/../caen_chat.mkr NEWFILE205
