Allegro Design Entry HDL 16.6-p007 (v16-6-112F) 10/10/2012
Copyright 2011 Cadence Design Systems, Inc

WARNING(SPCOCN-1474): You must specify a window that contains a drawing.
WARNING(SPCOCN-1474): You must specify a window that contains a drawing.
WARNING(SPCOCN-1474): You must specify a window that contains a drawing.
WARNING(SPCOCN-1474): You must specify a window that contains a drawing.
WARNING(SPCOCN-1474): You must specify a window that contains a drawing.
WARNING(SPCOCN-1474): You must specify a window that contains a drawing.
WARNING(SPCOCN-1474): You must specify a window that contains a drawing.
WARNING(SPCOCN-2040): Specify the command "page forcereset all" to reset logical page numbers of all pages of this block.
WARNING(SPCOCN-1523): Invalid set option: <search_history_count>
INFO(SPCOCN-1177): Unexpected text: <5>
WARNING(SPCOCN-1523): Invalid set option: <search_history>
INFO(SPCOCN-1177): Unexpected text: <100EL34/>
WARNING(SPCOCN-1523): Invalid set option: <search_toolbar_lookin>
INFO(SPCOCN-1177): Unexpected text: <PAGE>
WARNING(SPCOCN-1523): Invalid set option: <modify_quick_reset_filters>
INFO(SPCOCN-1177): Unexpected text: <OFF>
WARNING(SPCOCN-1523): Invalid set option: <hss_distribute_ports_count>
INFO(SPCOCN-1177): Unexpected text: <25>
WARNING(SPCOCN-1523): Invalid set option: <hss_distribute_port_pattern>
WARNING(SPCOCN-1523): Invalid set option: <hss_distribute_property_name>
WARNING(SPCOCN-1474): You must specify a window that contains a drawing.
WARNING(SPCOCN-1474): You must specify a window that contains a drawing.
WARNING(SPCOCN-1474): You must specify a window that contains a drawing.
WARNING(SPCOCN-1474): You must specify a window that contains a drawing.
WARNING(SPCOCN-1474): You must specify a window that contains a drawing.
WARNING(SPCOCN-1474): You must specify a window that contains a drawing.
INFO(SPCOCN-1737): Reading C:\Users\QGPWindowsVB\Downloads\orebi\SPB_Data\TUBII3\cds.lib file.
WARNING(SPCOCN-674): Error(s) in C:\Users\QGPWindowsVB\Downloads\orebi\SPB_Data\TUBII3\cds.lib
WARNING(SPCOCN-675):   Invalid path: C:\Users\QGPWindowsVB\Downloads\orebi\ugboard\ugboard\newtub\10k on line 14.
WARNING(SPCOCN-675):   Invalid path: C:\Users\QGPWindowsVB\Downloads\orebi\ugboard\ugboard\newtub\10kh on line 16.
WARNING(SPCOCN-675):   Invalid path: C:\Users\QGPWindowsVB\Downloads\orebi\ugboard\ugboard\newtub\54fct on line 18.
WARNING(SPCOCN-675):   Invalid path: C:\Users\QGPWindowsVB\Downloads\orebi\ugboard\ugboard\newtub\100e on line 20.
WARNING(SPCOCN-675):   Invalid path: C:\Users\QGPWindowsVB\Downloads\orebi\ugboard\ugboard\newtub\fast on line 22.
WARNING(SPCOCN-675):   Invalid path: C:\Users\QGPWindowsVB\Downloads\orebi\ugboard\ugboard\newtub\hcmos on line 24.
ERROR(SPCOCN-1334): Library 100e not found in cds.lib list.
ERROR(SPCOCN-1334): Library 10k not found in cds.lib list.
ERROR(SPCOCN-1334): Library 10kh not found in cds.lib list.
ERROR(SPCOCN-1334): Library 54fct not found in cds.lib list.
ERROR(SPCOCN-1334): Library fast not found in cds.lib list.
ERROR(SPCOCN-1334): Library hcmos not found in cds.lib list.
WARNING(SPCOCN-1474): You must specify a window that contains a drawing.
INFO(SPCOCN-1445): Reading TUBII.SCH.1.1 into drawing #1.
INFO(SPCOCN-195): The following file will be used to identify the list of modules to be excluded: 'C:\Cadence\SPB_16.6\share\cdssetup\xmodules.dat'.
INFO(SPCOCN-1445): Reading TUBII.SCH.1.1 into drawing #1.
INFO(SPCOCN-1001): Component: I3 selected.
INFO(SPCOCN-1445): Reading TUBII_TIME.SCH.1.1 into drawing #1.
INFO(SPCOCN-1001): Component: I1 selected.
INFO(SPCOCN-1001): Component: I41 selected.
INFO(SPCOCN-1001): Component: I41 selected.
INFO(SPCOCN-1001): Component: I41 selected.
INFO(SPCOCN-1854): The drawing TUBII_TIME.SCH.1.1
INFO(SPCOCN-578): will be retained as drawing #1.
INFO(SPCOCN-1445): Reading HCT123.SYM.1.1 into drawing #2.
INFO(SPCOCN-1070): Checking drawing...
INFO(SPCOCN-1028): writing <misc>HCT123.SYM.1.1:
INFO(SPCOCN-1051): writing body file...
INFO(SPCOCN-1054): ...written
No netlisting errors found. 

INFO(SPCOCN-1640): writing occurrence data...
INFO(SPCOCN-1054): ...written
INFO(SPCOCN-1443): TUBII_TIME.SCH.1.1 has been previously edited as drawing #1.
INFO(SPCOCN-1001): Component: I50 selected.
INFO(SPCOCN-1001): Component: I50 selected.
INFO(SPCOCN-1001): Component: I50 selected.
INFO(SPCOCN-1854): The drawing TUBII_TIME.SCH.1.1
INFO(SPCOCN-578): will be retained as drawing #1.
INFO(SPCOCN-1445): Reading F273.SYM.1.1 into drawing #2.
INFO(SPCOCN-1070): Checking drawing...
INFO(SPCOCN-1028): writing <ttl>F273.SYM.1.1:
INFO(SPCOCN-1051): writing body file...
INFO(SPCOCN-1054): ...written
No netlisting errors found. 

INFO(SPCOCN-1640): writing occurrence data...
INFO(SPCOCN-1054): ...written
INFO(SPCOCN-1443): TUBII_TIME.SCH.1.1 has been previously edited as drawing #1.
INFO(SPCOCN-1854): The drawing TUBII_TIME.SCH.1.1
INFO(SPCOCN-578): will be retained as drawing #1.
INFO(SPCOCN-1445): Reading TUBII.SCH.1.1 into drawing #2.
zoom right; 
zoom 
; 
INFO(SPCOCN-1443): TUBII_TIME.SCH.1.1 has been previously edited as drawing #1.
INFO(SPCOCN-1001): Component: I142 selected.
INFO(SPCOCN-1854): The drawing TUBII_TIME.SCH.1.1
INFO(SPCOCN-578): will be retained as drawing #1.
INFO(SPCOCN-1445): Reading TTL-TO-ECL-IN.SCH.1.1 into drawing #2.
INFO(SPCOCN-1443): TUBII_TIME.SCH.1.1 has been previously edited as drawing #1.
INFO(SPCOCN-1001): Component: I142 selected.
INFO(SPCOCN-1854): The drawing TUBII_TIME.SCH.1.1
INFO(SPCOCN-578): will be retained as drawing #1.
INFO(SPCOCN-1445): Reading TTL-TO-ECL-IN.SCH.1.1 into drawing #2.
INFO(SPCOCN-1443): TUBII_TIME.SCH.1.1 has been previously edited as drawing #1.
INFO(SPCOCN-1854): The drawing TUBII_TIME.SCH.1.1
INFO(SPCOCN-578): will be retained as drawing #1.
INFO(SPCOCN-1445): Reading TUBII.SCH.1.1 into drawing #2.
INFO(SPCOCN-1001): Component: I3 selected.
INFO(SPCOCN-1001): Component: I3 selected.
INFO(SPCOCN-1001): Component: I3 selected.
INFO(SPCOCN-1443): TUBII_TIME.SCH.1.1 has been previously edited as drawing #1.
INFO(SPCOCN-1001): Component: I24 selected.
INFO(SPCOCN-1443): TUBII.SCH.1.1 has been previously edited as drawing #2.
INFO(SPCOCN-1001): Component: I3 selected.
INFO(SPCOCN-1001): Component: I3 selected.
INFO(SPCOCN-1001): Component: I3 selected.
INFO(SPCOCN-1001): Component: I3 selected.
INFO(SPCOCN-1443): TUBII_TIME.SCH.1.1 has been previously edited as drawing #1.
INFO(SPCOCN-1443): TUBII.SCH.1.1 has been previously edited as drawing #2.
INFO(SPCOCN-1001): Component: I67 selected.
INFO(SPCOCN-1854): The drawing TUBII.SCH.1.1
INFO(SPCOCN-578): will be retained as drawing #2.
INFO(SPCOCN-1445): Reading ASYNC_PULS_GEN.SCH.1.1 into drawing #4.
INFO(SPCOCN-1443): TUBII.SCH.1.1 has been previously edited as drawing #2.
INFO(SPCOCN-1001): Component: I3 selected.
INFO(SPCOCN-1443): TUBII_TIME.SCH.1.1 has been previously edited as drawing #1.
INFO(SPCOCN-1443): TUBII.SCH.1.1 has been previously edited as drawing #2.
INFO(SPCOCN-1001): Component: I3 selected.
INFO(SPCOCN-1001): Component: I3 selected.
INFO(SPCOCN-1001): Component: I3 selected.
INFO(SPCOCN-1001): Component: I3 selected.
INFO(SPCOCN-1443): TUBII_TIME.SCH.1.1 has been previously edited as drawing #1.
INFO(SPCOCN-1443): TUBII.SCH.1.1 has been previously edited as drawing #2.
INFO(SPCOCN-1001): Component: I62 selected.
INFO(SPCOCN-1001): Component: I62 selected.
INFO(SPCOCN-1001): Component: I62 selected.
INFO(SPCOCN-1001): Component: I62 selected.
INFO(SPCOCN-1001): Component: I62 selected.
INFO(SPCOCN-1854): The drawing TUBII.SCH.1.1
INFO(SPCOCN-578): will be retained as drawing #2.
INFO(SPCOCN-1445): Reading CAEN_COMS.SCH.1.1 into drawing #5.
INFO(SPCOCN-1443): TUBII.SCH.1.1 has been previously edited as drawing #2.
INFO(SPCOCN-1001): Component: I3 selected.
INFO(SPCOCN-1443): TUBII_TIME.SCH.1.1 has been previously edited as drawing #1.
INFO(SPCOCN-1507): Adding version 1 of part 74F164 from library misc
INFO(SPCOCN-1443): TUBII.SCH.1.1 has been previously edited as drawing #2.
INFO(SPCOCN-1001): Component: I62 selected.
INFO(SPCOCN-1854): The drawing TUBII.SCH.1.1
INFO(SPCOCN-578): will be retained as drawing #2.
INFO(SPCOCN-1445): Reading CAEN_COMS.SCH.1.1 into drawing #5.
INFO(SPCOCN-1443): TUBII.SCH.1.1 has been previously edited as drawing #2.
INFO(SPCOCN-1001): Component: I3 selected.
INFO(SPCOCN-1443): TUBII_TIME.SCH.1.1 has been previously edited as drawing #1.
INFO(SPCOCN-1443): TUBII.SCH.1.1 has been previously edited as drawing #2.
INFO(SPCOCN-1001): Component: I3 selected.
INFO(SPCOCN-1001): Component: I3 selected.
INFO(SPCOCN-1001): Component: I3 selected.
INFO(SPCOCN-1443): TUBII_TIME.SCH.1.1 has been previously edited as drawing #1.
INFO(SPCOCN-1443): TUBII.SCH.1.1 has been previously edited as drawing #2.
INFO(SPCOCN-1443): TUBII_TIME.SCH.1.1 has been previously edited as drawing #1.
INFO(SPCOCN-1001): Component: I89 selected.
WARNING(SPCOCN-2041): Block rename command can be used to rename a block at the time of creation of the block. It cannot update the canonical paths of the objects of a block for which design is already captured. To rename or create a copy of the existing block, use the Copy Project functionality of Project Manager.
INFO(SPCOCN-1001): Component: I89 selected.
INFO(SPCOCN-1443): TUBII_CLKS.SYM.1.1 has been previously edited as drawing #7.
INFO(SPCOCN-1070): Checking drawing...
INFO(SPCOCN-1028): writing <tubii_lib>TUBII_CLKS.SYM.1.1:
INFO(SPCOCN-1051): writing body file...
INFO(SPCOCN-1054): ...written
No netlisting errors found. 

INFO(SPCOCN-1640): writing occurrence data...
INFO(SPCOCN-1028): writing <tubii_lib>TUBII_CLKS.SCH.1.1:
INFO(SPCOCN-1044): writing binary file...
INFO(SPCOCN-1049): writing ASCII file...
INFO(SPCOCN-1053): writing connectivity file...
INFO(SPCOCN-1054): ...written

CSDirect 16.6-p007 (v16-6-112F)

Netlisting block tubii_clks

Processing page 1

No netlisting errors found. 

INFO(SPCOCN-1054): ...written
INFO(SPCOCN-1443): TUBII.SCH.1.1 has been previously edited as drawing #2.
INFO(SPCOCN-1001): Component: I89 selected.
INFO(SPCOCN-1001): Component: I89 selected.
INFO(SPCOCN-1854): The drawing TUBII.SCH.1.1
INFO(SPCOCN-578): will be retained as drawing #2.
INFO(SPCOCN-1445): Reading TUBII_CLKS.SCH.1.1 into drawing #5.
INFO(SPCOCN-1001): Component: ??? selected.
INFO(SPCOCN-1001): Component: I15 selected.
select 
WARNING(SPCOCN-1200): Using group B
INFO(SPCOCN-1195): Group "B" contains:   1 bodies   6 properties   0 notes   2 wires   0 dots   0 images
; 
WARNING(SPCOCN-503): The specified stroke shape '65517' is not recognized. Ensure that you specify a known shape.
WARNING(SPCOCN-1200): Using group A
INFO(SPCOCN-1195): Group "A" contains:   6 bodies   102 properties   1 notes   20 wires   4 dots   0 images
WARNING(SPCOCN-1200): Using group A
INFO(SPCOCN-1195): Group "A" contains:   6 bodies   118 properties   0 notes   20 wires   4 dots   0 images
WARNING(SPCOCN-1200): Using group A
INFO(SPCOCN-1195): Group "A" contains:   9 bodies   145 properties   0 notes   36 wires   7 dots   0 images
WARNING(SPCOCN-1200): Using group A
INFO(SPCOCN-1195): Group "A" contains:   15 bodies   252 properties   0 notes   54 wires   11 dots   0 images
INFO(SPCOCN-1507): Adding version 1 of part TESTPOINT_L from library misc
INFO(SPCOCN-1507): Adding version 1 of part TESTPOINT_L from library misc
WARNING(SPCOCN-1200): Using group A
INFO(SPCOCN-1195): Group "A" contains:   14 bodies   192 properties   4 notes   36 wires   7 dots   0 images
INFO(SPCOCN-1507): Adding version 1 of part 10H116 from library ecl
INFO(SPCOCN-1507): Adding version 1 of part 10H125 from library ecl
INFO(SPCOCN-1507): Adding version 1 of part 10H125 from library ecl
INFO(SPCOCN-1443): TUBII.SCH.1.1 has been previously edited as drawing #2.
INFO(SPCOCN-1001): Component: I89 selected.
INFO(SPCOCN-1001): Component: I89 selected.
INFO(SPCOCN-1001): Component: I89 selected.
INFO(SPCOCN-1443): TUBII_CLKS.SCH.1.1 has been previously edited as drawing #5.
INFO(SPCOCN-1507): Adding version 1 of part GND from library misc
WARNING(SPCOCN-982): The operation could not be performed because no object on the drawing was selected.
INFO(SPCOCN-1001): Component: I34 selected.
INFO(SPCOCN-1443): TUBII.SCH.1.1 has been previously edited as drawing #2.
INFO(SPCOCN-1001): Component: I37 selected.
INFO(SPCOCN-1854): The drawing TUBII.SCH.1.1
INFO(SPCOCN-578): will be retained as drawing #2.
INFO(SPCOCN-1445): Reading ASYNCDELAYS.SCH.1.1 into drawing #8.
INFO(SPCOCN-1070): Checking drawing...
INFO(SPCOCN-1028): writing <tubii_lib>TUBII_TIME.SCH.1.1:
INFO(SPCOCN-1044): writing binary file...
INFO(SPCOCN-1049): writing ASCII file...
INFO(SPCOCN-1053): writing connectivity file...
INFO(SPCOCN-1054): ...written

CSDirect 16.6-p007 (v16-6-112F)

Netlisting block tubii_time

Processing page 1

Following ports were added to the block 'tubii_time' : 
		clk
		data
		data_rdy
		le
The connectivity of parent blocks will be updated by saving the following pages:
		Block: tubii	Page: 1

INFO(SPCOCN-1028): writing <tubii_lib>tubii.SCH.1.1:
INFO(SPCOCN-1044): writing binary file...
INFO(SPCOCN-1049): writing ASCII file...
INFO(SPCOCN-1053): writing connectivity file...
INFO(SPCOCN-1054): ...written

CSDirect 16.6-p007 (v16-6-112F)

Netlisting block tubii

Processing page 1

WARNING(SPCOCN-2106): Errors and warnings were found while updating connectivity of pages due to port addition. 
Check the following markers file for errors and warnings:
temp/tubii_time.sch_1.mkr


INFO(SPCOCN-1640): writing occurrence data...
INFO(SPCOCN-1054): ...written
INFO(SPCOCN-1445): Reading TUBII.SCH.1.1 into drawing #8.
INFO(SPCOCN-1001): Component: I21 selected.
INFO(SPCOCN-1001): Component: I21 selected.
INFO(SPCOCN-1001): Component: I21 selected.
INFO(SPCOCN-1445): Reading NIM-ECL.SCH.1.1 into drawing #8.
INFO(SPCOCN-1445): Reading TUBII.SCH.1.1 into drawing #8.
INFO(SPCOCN-1001): Component: I25 selected.
INFO(SPCOCN-1445): Reading ECL-LVDS.SCH.1.1 into drawing #8.
INFO(SPCOCN-1195): Group contains:   4 bodies   26 properties   0 notes   8 wires   1 dots   0 images
INFO(SPCOCN-1445): Reading TUBII.SCH.1.1 into drawing #8.
INFO(SPCOCN-1070): Checking drawing...
INFO(SPCOCN-1028): writing <tubii_lib>TUBII_CLKS.SYM.1.1:
INFO(SPCOCN-1051): writing body file...
INFO(SPCOCN-1054): ...written
INFO(SPCOCN-1028): writing <tubii_lib>TUBII_CLKS.SCH.1.1:
INFO(SPCOCN-1044): writing binary file...
INFO(SPCOCN-1049): writing ASCII file...
INFO(SPCOCN-1053): writing connectivity file...
INFO(SPCOCN-1054): ...written

CSDirect 16.6-p007 (v16-6-112F)

Netlisting block tubii_clks

Processing page 1

WARNING(SPCOCN-1080): Block 'TUBII_CLKS' Errors/Warnings found during save operation.  Load the following marker file:temp/tubii_clks.mkr.
WARNING(SPCOCN-1080): Block 'SELECT_LO_SRC' Errors/Warnings found during save operation.  Load the following marker file:temp/select_lo_src.mkr.
WARNING(SPCOCN-1080): Block 'CLK_LEDS' Errors/Warnings found during save operation.  Load the following marker file:temp/clk_leds.mkr.
INFO(SPCOCN-1028): writing <tubii_lib>MICROZEDCONNECTION.SYM.1.1:
INFO(SPCOCN-1051): writing body file...
INFO(SPCOCN-1054): ...written
WARNING(SPCOCN-1080): Block 'MICROZEDCONNECTION' Errors/Warnings found during save operation.  Load the following marker file:temp/microzedconnection.mkr.
WARNING(SPCOCN-1080): Block 'TUNCOMP' Errors/Warnings found during save operation.  Load the following marker file:temp/tuncomp.mkr.
INFO(SPCOCN-1028): writing <tubii_lib>TUBII_TIME.SYM.1.1:
INFO(SPCOCN-1051): writing body file...
INFO(SPCOCN-1054): ...written
No netlisting errors found. 

INFO(SPCOCN-1070): Checking drawing...
INFO(SPCOCN-1028): writing <tubii_lib>TUBII.SCH.1.1:
INFO(SPCOCN-1044): writing binary file...
INFO(SPCOCN-1049): writing ASCII file...
INFO(SPCOCN-1053): writing connectivity file...
INFO(SPCOCN-1054): ...written

CSDirect 16.6-p007 (v16-6-112F)

Netlisting block tubii

Processing page 1

Following ports were added to the block 'tubii_clks' : 
		clock100
		clock200
		tub_clock
The connectivity of parent blocks will be updated by saving the following pages:
		Block: tubii	Page: 1

INFO(SPCOCN-1028): writing <tubii_lib>tubii.SCH.1.1:
INFO(SPCOCN-1044): writing binary file...
INFO(SPCOCN-1049): writing ASCII file...
INFO(SPCOCN-1053): writing connectivity file...
INFO(SPCOCN-1054): ...written

CSDirect 16.6-p007 (v16-6-112F)

Netlisting block tubii

Processing page 1

WARNING(SPCOCN-2106): Errors and warnings were found while updating connectivity of pages due to port addition. 
Check the following markers file for errors and warnings:
temp/tubii.sch_1.mkr


INFO(SPCOCN-1640): writing occurrence data...
INFO(SPCOCN-1054): ...written
