FILE_TYPE=LIBRARY_PARTS;
TIME=' COMPILATION ON MON SEP  9 16:05:10 1996  ';
primitive 'conn25to26';
  pin
    'PIN1':
      PIN_NUMBER='(1)';
      PIN_GROUP='(A)';
      PIN_TYPE='ANALOG';
      NO_LOAD_CHECK='BOTH';
      UNKNOWN_LOADING='TRUE';
    'PIN2':
      PIN_NUMBER='(2)';
      PIN_GROUP='(A)';
      PIN_TYPE='ANALOG';
      NO_LOAD_CHECK='BOTH';
      UNKNOWN_LOADING='TRUE';
    'PIN3':
      PIN_NUMBER='(3)';
      PIN_GROUP='(A)';
      PIN_TYPE='ANALOG';
      NO_LOAD_CHECK='BOTH';
      UNKNOWN_LOADING='TRUE';
    'PIN4':
      PIN_NUMBER='(4)';
      PIN_GROUP='(A)';
      PIN_TYPE='ANALOG';
      NO_LOAD_CHECK='BOTH';
      UNKNOWN_LOADING='TRUE';
    'PIN5':
      PIN_NUMBER='(5)';
      PIN_GROUP='(A)';
      PIN_TYPE='ANALOG';
      NO_LOAD_CHECK='BOTH';
      UNKNOWN_LOADING='TRUE';
    'PIN6':
      PIN_NUMBER='(6)';
      PIN_GROUP='(A)';
      PIN_TYPE='ANALOG';
      NO_LOAD_CHECK='BOTH';
      UNKNOWN_LOADING='TRUE';
    'PIN7':
      PIN_NUMBER='(7)';
      PIN_GROUP='(A)';
      PIN_TYPE='ANALOG';
      NO_LOAD_CHECK='BOTH';
      UNKNOWN_LOADING='TRUE';
    'PIN8':
      PIN_NUMBER='(8)';
      PIN_GROUP='(A)';
      PIN_TYPE='ANALOG';
      NO_LOAD_CHECK='BOTH';
      UNKNOWN_LOADING='TRUE';
    'PIN9':
      PIN_NUMBER='(9)';
      PIN_GROUP='(A)';
      PIN_TYPE='ANALOG';
      NO_LOAD_CHECK='BOTH';
      UNKNOWN_LOADING='TRUE';
    'PIN10':
      PIN_NUMBER='(10)';
      PIN_GROUP='(A)';
      PIN_TYPE='ANALOG';
      NO_LOAD_CHECK='BOTH';
      UNKNOWN_LOADING='TRUE';
    'PIN11':
      PIN_NUMBER='(11)';
      PIN_GROUP='(A)';
      PIN_TYPE='ANALOG';
      NO_LOAD_CHECK='BOTH';
      UNKNOWN_LOADING='TRUE';
    'PIN12':
      PIN_NUMBER='(12)';
      PIN_GROUP='(A)';
      PIN_TYPE='ANALOG';
      NO_LOAD_CHECK='BOTH';
      UNKNOWN_LOADING='TRUE';
    'PIN13':
      PIN_NUMBER='(13)';
      PIN_GROUP='(A)';
      PIN_TYPE='ANALOG';
      NO_LOAD_CHECK='BOTH';
      UNKNOWN_LOADING='TRUE';
    'PIN14':
      PIN_NUMBER='(14)';
      PIN_GROUP='(A)';
      PIN_TYPE='ANALOG';
      NO_LOAD_CHECK='BOTH';
      UNKNOWN_LOADING='TRUE';
    'PIN15':
      PIN_NUMBER='(15)';
      PIN_GROUP='(A)';
      PIN_TYPE='ANALOG';
      NO_LOAD_CHECK='BOTH';
      UNKNOWN_LOADING='TRUE';
    'PIN16':
      PIN_NUMBER='(16)';
      PIN_GROUP='(A)';
      PIN_TYPE='ANALOG';
      NO_LOAD_CHECK='BOTH';
      UNKNOWN_LOADING='TRUE';
    'PIN17':
      PIN_NUMBER='(17)';
      PIN_GROUP='(A)';
      PIN_TYPE='ANALOG';
      NO_LOAD_CHECK='BOTH';
      UNKNOWN_LOADING='TRUE';
    'PIN18':
      PIN_NUMBER='(18)';
      PIN_GROUP='(A)';
      PIN_TYPE='ANALOG';
      NO_LOAD_CHECK='BOTH';
      UNKNOWN_LOADING='TRUE';
    'PIN19':
      PIN_NUMBER='(19)';
      PIN_GROUP='(A)';
      PIN_TYPE='ANALOG';
      NO_LOAD_CHECK='BOTH';
      UNKNOWN_LOADING='TRUE';
    'PIN20':
      PIN_NUMBER='(20)';
      PIN_GROUP='(A)';
      PIN_TYPE='ANALOG';
      NO_LOAD_CHECK='BOTH';
      UNKNOWN_LOADING='TRUE';
    'PIN21':
      PIN_NUMBER='(21)';
      PIN_GROUP='(A)';
      PIN_TYPE='ANALOG';
      NO_LOAD_CHECK='BOTH';
      UNKNOWN_LOADING='TRUE';
    'PIN22':
      PIN_NUMBER='(22)';
      PIN_GROUP='(A)';
      PIN_TYPE='ANALOG';
      NO_LOAD_CHECK='BOTH';
      UNKNOWN_LOADING='TRUE';
    'PIN23':
      PIN_NUMBER='(23)';
      PIN_GROUP='(A)';
      PIN_TYPE='ANALOG';
      NO_LOAD_CHECK='BOTH';
      UNKNOWN_LOADING='TRUE';
    'PIN24':
      PIN_NUMBER='(24)';
      PIN_GROUP='(A)';
      PIN_TYPE='ANALOG';
      NO_LOAD_CHECK='BOTH';
      UNKNOWN_LOADING='TRUE';
    'PIN25':
      PIN_NUMBER='(25)';
      PIN_GROUP='(A)';
      PIN_TYPE='ANALOG';
      NO_LOAD_CHECK='BOTH';
      UNKNOWN_LOADING='TRUE';
  end_pin;
  body
    JEDEC_TYPE='conn25to26';
    CLASS='DISCRETE';
    PHYS_DES_PREFIX='J';
    NC_PINS='(26)';
  end_body;
end_primitive;
END.
