FILE_TYPE=LIBRARY_PARTS;
TIME=' COMPILATION ON FRI MAR 17 13:52:09 1995  ';
primitive 'MAX506';
  pin
    'A1':
      PIN_NUMBER='(16)';
      ALLOW_CONNECT='TRUE';
      INPUT_LOAD='(-0.01,0.01)';
    'A0':
      PIN_NUMBER='(17)';
      ALLOW_CONNECT='TRUE';
      INPUT_LOAD='(-0.01,0.01)';
    '-WR':
      PIN_NUMBER='(15)';
      ALLOW_CONNECT='TRUE';
      INPUT_LOAD='(-0.01,0.01)';
    'D5':
      PIN_NUMBER='(9)';
      ALLOW_CONNECT='TRUE';
      INPUT_LOAD='(-0.01,0.01)';
    'D6':
      PIN_NUMBER='(8)';
      ALLOW_CONNECT='TRUE';
      INPUT_LOAD='(-0.01,0.01)';
    'D7':
      PIN_NUMBER='(7)';
      ALLOW_CONNECT='TRUE';
      INPUT_LOAD='(-0.01,0.01)';
    'D4':
      PIN_NUMBER='(10)';
      ALLOW_CONNECT='TRUE';
      INPUT_LOAD='(-0.01,0.01)';
    'D3':
      PIN_NUMBER='(11)';
      ALLOW_CONNECT='TRUE';
      INPUT_LOAD='(-0.01,0.01)';
    'D2':
      PIN_NUMBER='(12)';
      ALLOW_CONNECT='TRUE';
      INPUT_LOAD='(-0.01,0.01)';
    'D0':
      PIN_NUMBER='(14)';
      ALLOW_CONNECT='TRUE';
      INPUT_LOAD='(-0.01,0.01)';
    'D1':
      PIN_NUMBER='(13)';
      ALLOW_CONNECT='TRUE';
      INPUT_LOAD='(-0.01,0.01)';
    'VOUTD':
      PIN_NUMBER='(19)';
      ALLOW_CONNECT='TRUE';
      OUTPUT_LOAD='(1.0,-1.0)';
    'VOUTC':
      PIN_NUMBER='(20)';
      ALLOW_CONNECT='TRUE';
      OUTPUT_LOAD='(1.0,-1.0)';
    'VOUTB':
      PIN_NUMBER='(1)';
      ALLOW_CONNECT='TRUE';
      OUTPUT_LOAD='(1.0,-1.0)';
    'VOUTA':
      PIN_NUMBER='(2)';
      ALLOW_CONNECT='TRUE';
      OUTPUT_LOAD='(1.0,-1.0)';
    'AGND':
      PIN_NUMBER='(5)';
      ALLOW_CONNECT='TRUE';
      INPUT_LOAD='(-0.01,0.01)';
    'DGND':
      PIN_NUMBER='(6)';
      ALLOW_CONNECT='TRUE';
      INPUT_LOAD='(-0.01,0.01)';
    'VREF':
      PIN_NUMBER='(4)';
      ALLOW_CONNECT='TRUE';
      INPUT_LOAD='(-0.01,0.01)';
    'VSS':
      PIN_NUMBER='(3)';
      ALLOW_CONNECT='TRUE';
      INPUT_LOAD='(-0.01,0.01)';
    'VDD':
      PIN_NUMBER='(18)';
      ALLOW_CONNECT='TRUE';
      INPUT_LOAD='(-0.01,0.01)';
  end_pin;
  body
    JEDEC_TYPE='DIP20_3';
    CLASS='IC';
  end_body;
end_primitive;
END.
