temp/xxnedtmp15/event.log NEWFILE1
temp/xxnedtmp15/text.log NEWFILE2
temp/xxnedtmp15/environ.log NEWFILE3
C:\Cadence\SPB_16.6\share\cdssetup/concept/concepthdl.scr FILE4
C:\Users\QGPWindowsVB\Downloads\orebi\SPB_Data\TUBII2\cds.lib FILE5
C:\Users\QGPWindowsVB\Downloads\orebi\SPB_Data\TUBII2\worklib\tubii\sch_1\page1.csb FILE6
C:\Users\QGPWindowsVB\Downloads\orebi\SPB_Data\TUBII2\worklib\tubii\sch_1\page1_csb.lck NEWFILE7
temp/xxnedtmp15/undo1.log NEWFILE8
C:\Users\QGPWindowsVB\Downloads\orebi\Parts\parts\misc\penn#20b#20size#20page\sym_1\symbol.css FILE9
C:\Users\QGPWindowsVB\Downloads\orebi\Parts\parts\resistors\rsmd0805\sym_1\symbol.css FILE10
C:\Users\QGPWindowsVB\Downloads\orebi\SPB_Data\TUBII2\worklib\ttl_progdelay\sym_1\symbol.css FILE11
C:\Users\QGPWindowsVB\Downloads\orebi\SPB_Data\TUBII2\worklib\progdelay\sym_1\symbol.css FILE12
C:\Users\QGPWindowsVB\Downloads\orebi\SPB_Data\TUBII2\worklib\caen_select\sym_1\symbol.css FILE13
C:\Users\QGPWindowsVB\Downloads\orebi\SPB_Data\TUBII2\worklib\microzedconnection\sym_1\symbol.css FILE14
C:\Users\QGPWindowsVB\Downloads\orebi\Parts\parts\ecl\10h124\sym_1\symbol.css FILE15
C:\Users\QGPWindowsVB\Downloads\orebi\Parts\parts\misc\gnd\sym_1\symbol.css FILE16
C:\Users\QGPWindowsVB\Downloads\orebi\Parts\parts\misc\testpoint_l\sym_1\symbol.css FILE17
C:\Users\QGPWindowsVB\Downloads\orebi\SPB_Data\TUBII2\worklib\fastcomp\sym_1\symbol.css FILE18
C:\Users\QGPWindowsVB\Downloads\orebi\Parts\parts\ecl\10h116\sym_1\symbol.css FILE19
C:\Users\QGPWindowsVB\Downloads\orebi\SPB_Data\TUBII2\worklib\tuncomp\sym_1\symbol.css FILE20
C:\Users\QGPWindowsVB\Downloads\orebi\SPB_Data\TUBII2\worklib\ttl#2dto#2decl#2din\sym_1\symbol.css FILE21
C:\Users\QGPWindowsVB\Downloads\orebi\SPB_Data\TUBII2\worklib\datain\sym_1\symbol.css FILE22
C:\Users\QGPWindowsVB\Downloads\orebi\SPB_Data\TUBII2\worklib\asyncdelaybig\sym_1\symbol.css FILE23
C:\Users\QGPWindowsVB\Downloads\orebi\SPB_Data\TUBII2\worklib\asyncdelay\sym_1\symbol.css FILE24
C:\Users\QGPWindowsVB\Downloads\orebi\SPB_Data\TUBII2\worklib\ribbondelay\sym_1\symbol.css FILE25
C:\Users\QGPWindowsVB\Downloads\orebi\SPB_Data\TUBII2\worklib\ellie_comms\sym_1\symbol.css FILE26
C:\Users\QGPWindowsVB\Downloads\orebi\SPB_Data\TUBII2\worklib\tubiigt\sym_1\symbol.css FILE27
C:\Users\QGPWindowsVB\Downloads\orebi\SPB_Data\TUBII2\worklib\bursttrig\sym_1\symbol.css FILE28
C:\Users\QGPWindowsVB\Downloads\orebi\SPB_Data\TUBII2\worklib\tubii_time\sym_1\symbol.css FILE29
C:\Users\QGPWindowsVB\Downloads\orebi\SPB_Data\TUBII2\worklib\prescaletrig\sym_1\symbol.css FILE30
C:\Users\QGPWindowsVB\Downloads\orebi\SPB_Data\TUBII2\worklib\lvds#2decl\sym_1\symbol.css FILE31
C:\Users\QGPWindowsVB\Downloads\orebi\SPB_Data\TUBII2\worklib\ecl#2dlvds\sym_1\symbol.css FILE32
C:\Users\QGPWindowsVB\Downloads\orebi\SPB_Data\TUBII2\worklib\ttl#2decl\sym_1\symbol.css FILE33
C:\Users\QGPWindowsVB\Downloads\orebi\SPB_Data\TUBII2\worklib\ecl#2dttl\sym_1\symbol.css FILE34
C:\Users\QGPWindowsVB\Downloads\orebi\SPB_Data\TUBII2\worklib\ecl#2dnim\sym_1\symbol.css FILE35
C:\Users\QGPWindowsVB\Downloads\orebi\SPB_Data\TUBII2\worklib\nim#2decl\sym_1\symbol.css FILE36
C:\Users\QGPWindowsVB\Downloads\orebi\SPB_Data\TUBII2\worklib\latchexttrig\sym_1\symbol.css FILE37
C:\Users\QGPWindowsVB\Downloads\orebi\SPB_Data\TUBII2\worklib\powers\sym_1\symbol.css FILE38
C:\Users\QGPWindowsVB\Downloads\orebi\SPB_Data\TUBII2\worklib\exttrig\sym_1\symbol.css FILE39
C:\Users\QGPWindowsVB\Downloads\orebi\Parts\parts\ecl\10e116\sym_1\symbol.css FILE40
C:\Users\QGPWindowsVB\Downloads\orebi\SPB_Data\TUBII2\worklib\caen_chat\sym_1\symbol.css FILE41
C:\Users\QGPWindowsVB\Downloads\orebi\SPB_Data\TUBII2\worklib\caen_mux\sch_1\page1.csb FILE42
C:\Users\QGPWindowsVB\Downloads\orebi\SPB_Data\TUBII2\worklib\caen_mux\sch_1\page1_csb.lck NEWFILE43
C:\Users\QGPWindowsVB\Downloads\orebi\SPB_Data\TUBII2\worklib\tubii\sch_1\page1_csa.lck NEWFILE44
C:\Users\QGPWindowsVB\Downloads\orebi\Parts\parts\standard\ctap\sym_1\symbol.css FILE45
C:\Users\QGPWindowsVB\Downloads\orebi\Parts\parts\misc\adg1208\sym_1\symbol.css FILE46
C:\Users\QGPWindowsVB\Downloads\orebi\SPB_Data\TUBII2\worklib\caen_buffer\sch_1\page1.csb FILE47
C:\Users\QGPWindowsVB\Downloads\orebi\SPB_Data\TUBII2\worklib\caen_buffer\sch_1\page1_csb.lck NEWFILE48
C:\Users\QGPWindowsVB\Downloads\orebi\SPB_Data\TUBII2\worklib\caen_mux\sch_1\page1_csa.lck NEWFILE49
C:\Users\QGPWindowsVB\Downloads\orebi\Parts\parts\resistors\res_l\sym_1\symbol.css FILE50
C:\Users\QGPWindowsVB\Downloads\orebi\Parts\parts\standard\gnd_power\sym_1\symbol.css FILE51
C:\Users\QGPWindowsVB\Downloads\orebi\Parts\parts\diodes\1n4448\sym_1\symbol.css FILE52
C:\Users\QGPWindowsVB\Downloads\orebi\Parts\parts\misc\lm7171\sym_1\symbol.css FILE53
C:\Users\QGPWindowsVB\Downloads\orebi\Parts\parts\misc\coto2342\sym_1\symbol.css FILE54
C:\Users\QGPWindowsVB\Downloads\orebi\SPB_Data\TUBII2\worklib\caen_buffer\sch_1\page1_csa.lck NEWFILE55
C:\Users\QGPWindowsVB\Downloads\orebi\SPB_Data\TUBII2\worklib\caen_select\sch_1\page1.csb FILE56
C:\Users\QGPWindowsVB\Downloads\orebi\SPB_Data\TUBII2\worklib\caen_select\sch_1\page1_csb.lck FILE57
C:\Users\QGPWindowsVB\Downloads\orebi\SPB_Data\TUBII2\worklib\caen_mux\sym_1\symbol.css FILE58
C:\Users\QGPWindowsVB\Downloads\orebi\Parts\parts\standard\2#20merge\sym_1\symbol.css FILE59
C:\Users\QGPWindowsVB\Downloads\orebi\Parts\parts\standard\8#20merge\sym_1\symbol.css FILE60
C:\Users\QGPWindowsVB\Downloads\orebi\SPB_Data\TUBII2\worklib\caen_buffer\sym_1\symbol.css FILE61
C:/Users/QGPWIN~1/AppData/Local/Temp/conDC7B.tmp FILE62
C:\Users\QGPWindowsVB\Downloads\orebi\SPB_Data\TUBII2\worklib\caen_select\sch_1\page1_csa.lck NEWFILE63
C:/Users/QGPWindowsVB/Downloads/orebi/SPB_Data/TUBII2/worklib/tubii/sch_1/tubii.xcon FILE64
C:/Users/QGPWindowsVB/Downloads/orebi/SPB_Data/TUBII2/worklib/tubii/sch_1/tubii.dcf FILE65
C:/Users/QGPWIN~1/AppData/Local/Temp/con3470.tmp FILE66
C:/Users/QGPWIN~1/AppData/Local/Temp/conB663.tmp FILE67
C:/Cadence/SPB_16.6/tools/language/config.dat FILE68
temp/xxnedtmp15/concept.mkr NEWFILE69
C:/Cadence/SPB_16.6/tools/language/pack_type_rename.dat NEWFILE70
temp/xxnedtmp15/../caen_buffer.mkr NEWFILE71
temp/xxnedtmp15/../penn#20b#20size#20page.mkr NEWFILE72
temp/xxnedtmp15/../caen_mux.mkr NEWFILE73
temp/xxnedtmp15/../testpoint_l.mkr NEWFILE74
temp/xxnedtmp15/../ctap.mkr NEWFILE75
temp/xxnedtmp15/../2#20merge.mkr NEWFILE76
temp/xxnedtmp15/../8#20merge.mkr NEWFILE77
C:\Users\QGPWindowsVB\Downloads\orebi\SPB_Data\TUBII2\worklib\caen_select\sch_1\page1.csa FILE78
C:\Users\QGPWindowsVB\Downloads\orebi\SPB_Data\TUBII2\worklib\caen_select\sch_1\page1.csv FILE79
C:\Users\QGPWindowsVB\Downloads\orebi\SPB_Data\TUBII2\worklib\caen_select\sch_1\pc.db FILE80
C:/Users/QGPWindowsVB/Downloads/orebi/SPB_Data/TUBII2/worklib/caen_select/sch_1/caen_select_xcon.lck NEWFILE81
C:/Users/QGPWindowsVB/Downloads/orebi/SPB_Data/TUBII2/worklib/caen_select/sch_1/caen_select_dcf.lck NEWFILE82
temp/xxnedtmp15/csnetlister.mkr NEWFILE83
C:/Users/QGPWIN~1/AppData/Local/Temp/con530E.tmp FILE84
C:/Users/QGPWIN~1/AppData/Local/Temp/con658D.tmp FILE85
C:/Users/QGPWIN~1/AppData/Local/Temp/con8E82.tmp FILE86
C:/Users/QGPWIN~1/AppData/Local/Temp/con2749.tmp FILE87
C:\Users\QGPWindowsVB\Downloads\orebi\SPB_Data\TUBII2\worklib\ttl#2dto#2decl#2din\sch_1\page1.csb FILE88
C:\Users\QGPWindowsVB\Downloads\orebi\SPB_Data\TUBII2\worklib\ttl#2dto#2decl#2din\sch_1\page1_csb.lck NEWFILE89
temp/xxnedtmp15/undo2.log NEWFILE90
C:\Users\QGPWindowsVB\Downloads\orebi\Parts\parts\misc\hc574f\sym_1\symbol.css FILE91
C:\Users\QGPWindowsVB\Downloads\orebi\Parts\parts\ttl\f06\sym_1\symbol.css FILE92
C:\Users\QGPWindowsVB\Downloads\orebi\SPB_Data\TUBII2\worklib\datain\sch_1\page1.csb FILE93
C:\Users\QGPWindowsVB\Downloads\orebi\SPB_Data\TUBII2\worklib\datain\sch_1\page1_csb.lck NEWFILE94
C:\Users\QGPWindowsVB\Downloads\orebi\SPB_Data\TUBII2\worklib\ttl#2dto#2decl#2din\sch_1\page1_csa.lck NEWFILE95
C:\Users\QGPWindowsVB\Downloads\orebi\Parts\parts\ecl\10e131\sym_1\symbol.css FILE96
C:\Users\QGPWindowsVB\Downloads\orebi\Parts\parts\misc\ids_c10\sym_1\symbol.css FILE97
C:\Users\QGPWindowsVB\Downloads\orebi\SPB_Data\TUBII2\worklib\ellie_comms\sch_1\page1.csb FILE98
C:\Users\QGPWindowsVB\Downloads\orebi\SPB_Data\TUBII2\worklib\ellie_comms\sch_1\page1_csb.lck NEWFILE99
C:\Users\QGPWindowsVB\Downloads\orebi\SPB_Data\TUBII2\worklib\datain\sch_1\page1_csa.lck NEWFILE100
C:\Users\QGPWindowsVB\Downloads\orebi\Parts\parts\ttl\f269\sym_1\symbol.css FILE101
C:\Users\QGPWindowsVB\Downloads\orebi\Parts\parts\ttl\f08\sym_1\symbol.css FILE102
C:\Users\QGPWindowsVB\Downloads\orebi\Parts\parts\ttl\f74\sym_1\symbol.css FILE103
C:\Users\QGPWindowsVB\Downloads\orebi\Parts\parts\ecl\10h125\sym_1\symbol.css FILE104
C:\Users\QGPWindowsVB\Downloads\orebi\SPB_Data\TUBII2\worklib\ellie_comms\sch_1\page1_csa.lck NEWFILE105
temp/xxnedtmp15/../1n4448.mkr NEWFILE106
temp/xxnedtmp15/../res_l.mkr NEWFILE107
temp/xxnedtmp15/../gnd_power.mkr NEWFILE108
temp/xxnedtmp15/../lm7171.mkr NEWFILE109
temp/xxnedtmp15/../coto2342.mkr NEWFILE110
C:\Users\QGPWindowsVB\Downloads\orebi\SPB_Data\TUBII2\worklib\caen_buffer\sch_1\page1.csa FILE111
C:\Users\QGPWindowsVB\Downloads\orebi\SPB_Data\TUBII2\worklib\caen_buffer\sch_1\page1.csv FILE112
C:/Users/QGPWindowsVB/Downloads/orebi/SPB_Data/TUBII2/worklib/caen_buffer/sch_1/caen_buffer_xcon.lck NEWFILE113
C:/Users/QGPWindowsVB/Downloads/orebi/SPB_Data/TUBII2/worklib/caen_buffer/sch_1/caen_buffer_dcf.lck NEWFILE114
C:\Users\QGPWindowsVB\Downloads\orebi\Parts\parts\standard\ctap\sym_1\symbol_css.lck NEWFILE115
C:\Users\QGPWindowsVB\Downloads\orebi\Parts\parts\standard\origin\sym_1\symbol.css FILE116
C:\Users\QGPWindowsVB\Downloads\orebi\Parts\parts\standard\tap\sym_1\symbol.css FILE117
temp/xxnedtmp15/../tap.mkr NEWFILE118
C:\Users\QGPWindowsVB\Downloads\orebi\Parts\parts\standard\tap\sym_1\symbol_css.lck NEWFILE119
C:\Users\QGPWindowsVB\Downloads\orebi\SPB_Data\TUBII2\worklib\tubii\sch_1\page1.csa FILE120
C:\Users\QGPWindowsVB\Downloads\orebi\SPB_Data\TUBII2\worklib\tubii\sch_1\page1.csv FILE121
C:/Users/QGPWindowsVB/Downloads/orebi/SPB_Data/TUBII2/worklib/tubii/sch_1/tubii_xcon.lck NEWFILE122
C:/Users/QGPWindowsVB/Downloads/orebi/SPB_Data/TUBII2/worklib/tubii/sch_1/tubii_dcf.lck NEWFILE123
C:\Users\QGPWindowsVB\Downloads\orebi\Parts\parts\standard\bit#20tap\sym_1\symbol.css FILE124
temp/xxnedtmp15/../adg1208.mkr NEWFILE125
C:\Users\QGPWindowsVB\Downloads\orebi\SPB_Data\TUBII2\worklib\caen_mux\sch_1\page1.csa FILE126
C:\Users\QGPWindowsVB\Downloads\orebi\SPB_Data\TUBII2\worklib\caen_mux\sch_1\page1.csv FILE127
C:/Users/QGPWindowsVB/Downloads/orebi/SPB_Data/TUBII2/worklib/caen_mux/sch_1/caen_mux_xcon.lck NEWFILE128
C:/Users/QGPWindowsVB/Downloads/orebi/SPB_Data/TUBII2/worklib/caen_mux/sch_1/caen_mux_dcf.lck NEWFILE129
C:\Users\QGPWindowsVB\Downloads\orebi\Parts\parts\standard\lsb#20tap\sym_1\symbol.css FILE130
C:\Users\QGPWindowsVB\Downloads\orebi\SPB_Data\TUBII2\worklib\latchexttrig\sch_1\page1.csb FILE131
C:\Users\QGPWindowsVB\Downloads\orebi\SPB_Data\TUBII2\worklib\latchexttrig\sch_1\page1_csb.lck NEWFILE132
C:\Users\QGPWindowsVB\Downloads\orebi\Parts\parts\ttl\f07\sym_1\symbol.css FILE133
C:\Users\QGPWindowsVB\Downloads\orebi\Parts\parts\capacitors\csmd0805\sym_1\symbol.css FILE134
C:\Users\QGPWindowsVB\Downloads\orebi\SPB_Data\TUBII2\worklib\progdelay\sch_1\page1.csb FILE135
C:\Users\QGPWindowsVB\Downloads\orebi\SPB_Data\TUBII2\worklib\progdelay\sch_1\page1_csb.lck NEWFILE136
C:\Users\QGPWindowsVB\Downloads\orebi\SPB_Data\TUBII2\worklib\latchexttrig\sch_1\page1_csa.lck NEWFILE137
C:\Users\QGPWindowsVB\Downloads\orebi\Parts\parts\ecl\10h104\sym_1\symbol.css FILE138
C:\Users\QGPWindowsVB\Downloads\orebi\Parts\parts\ecl\10e101\sym_1\symbol.css FILE139
C:\Users\QGPWindowsVB\Downloads\orebi\Parts\parts\ecl\10e016\sym_1\symbol.css FILE140
C:\Users\QGPWindowsVB\Downloads\orebi\SPB_Data\TUBII2\worklib\ttl_progdelay\sch_1\page1.csb FILE141
C:\Users\QGPWindowsVB\Downloads\orebi\SPB_Data\TUBII2\worklib\ttl_progdelay\sch_1\page1_csb.lck NEWFILE142
C:\Users\QGPWindowsVB\Downloads\orebi\SPB_Data\TUBII2\worklib\progdelay\sch_1\page1_csa.lck NEWFILE143
C:\Users\QGPWindowsVB\Downloads\orebi\SPB_Data\TUBII2\worklib\ttl_progdelay\sch_1\page1_csa.lck NEWFILE144
C:\Users\QGPWindowsVB\Downloads\orebi\SPB_Data\TUBII2\worklib\prescaletrig\sch_1\page1.csb FILE145
C:\Users\QGPWindowsVB\Downloads\orebi\SPB_Data\TUBII2\worklib\prescaletrig\sch_1\page1_csb.lck NEWFILE146
C:\Users\QGPWindowsVB\Downloads\orebi\Parts\parts\standard\4#20merge\sym_1\symbol.css FILE147
C:\Users\QGPWindowsVB\Downloads\orebi\SPB_Data\TUBII2\worklib\prescaletrig\sch_1\page1_csa.lck NEWFILE148
C:/Users/QGPWIN~1/AppData/Local/Temp/con7967.tmp FILE149
C:/Users/QGPWIN~1/AppData/Local/Temp/con63E7.tmp FILE150
C:/Users/QGPWIN~1/AppData/Local/Temp/conB706.tmp FILE151
C:/Users/QGPWIN~1/AppData/Local/Temp/con1441.tmp FILE152
C:/Users/QGPWIN~1/AppData/Local/Temp/conE8B.tmp FILE153
C:/Users/QGPWIN~1/AppData/Local/Temp/con8DB5.tmp FILE154
C:/Users/QGPWIN~1/AppData/Local/Temp/conDEA5.tmp FILE155
C:/Users/QGPWIN~1/AppData/Local/Temp/con4762.tmp FILE156
C:/Users/QGPWIN~1/AppData/Local/Temp/con82B2.tmp FILE157
C:/Users/QGPWIN~1/AppData/Local/Temp/conF45F.tmp FILE158
C:/Users/QGPWIN~1/AppData/Local/Temp/conD76.tmp FILE159
C:/Users/QGPWIN~1/AppData/Local/Temp/con1E01.tmp FILE160
C:\Users\QGPWindowsVB\Downloads\orebi\SPB_Data\TUBII2\worklib\caen_select\sym_1\symbol_css.lck NEWFILE161
temp/xxnedtmp15/undo3.log NEWFILE162
C:/Users/QGPWIN~1/AppData/Local/Temp/con4E6.tmp FILE163
C:\Users\QGPWindowsVB\Downloads\orebi\SPB_Data\TUBII2\worklib\caen_mux\sch_1\pc.db FILE164
temp/xxnedtmp15/undo4.log NEWFILE165
temp/xxnedtmp15/../microzedconnection.mkr FILE166
temp/xxnedtmp15/../asyncdelay.mkr NEWFILE167
temp/xxnedtmp15/../latchexttrig.mkr NEWFILE168
temp/xxnedtmp15/../caen_select.mkr NEWFILE169
temp/xxnedtmp15/../progdelay.mkr NEWFILE170
temp/xxnedtmp15/../fastcomp.mkr NEWFILE171
temp/xxnedtmp15/../ellie_comms.mkr NEWFILE172
temp/xxnedtmp15/../10e116.mkr NEWFILE173
temp/xxnedtmp15/../rsmd0805.mkr NEWFILE174
temp/xxnedtmp15/../ttl_progdelay.mkr NEWFILE175
temp/xxnedtmp15/../10h124.mkr NEWFILE176
temp/xxnedtmp15/../gnd.mkr NEWFILE177
temp/xxnedtmp15/../10h116.mkr NEWFILE178
temp/xxnedtmp15/../tuncomp.mkr NEWFILE179
temp/xxnedtmp15/../ttl#2dto#2decl#2din.mkr NEWFILE180
temp/xxnedtmp15/../datain.mkr NEWFILE181
temp/xxnedtmp15/../asyncdelaybig.mkr NEWFILE182
temp/xxnedtmp15/../ribbondelay.mkr NEWFILE183
temp/xxnedtmp15/../tubiigt.mkr NEWFILE184
temp/xxnedtmp15/../bursttrig.mkr NEWFILE185
temp/xxnedtmp15/../tubii_time.mkr NEWFILE186
temp/xxnedtmp15/../prescaletrig.mkr NEWFILE187
temp/xxnedtmp15/../lvds#2decl.mkr NEWFILE188
temp/xxnedtmp15/../ecl#2dlvds.mkr NEWFILE189
temp/xxnedtmp15/../ttl#2decl.mkr NEWFILE190
temp/xxnedtmp15/../ecl#2dttl.mkr NEWFILE191
temp/xxnedtmp15/../ecl#2dnim.mkr NEWFILE192
temp/xxnedtmp15/../nim#2decl.mkr NEWFILE193
temp/xxnedtmp15/../powers.mkr NEWFILE194
temp/xxnedtmp15/../exttrig.mkr NEWFILE195
temp/xxnedtmp15/../caen_chat.mkr NEWFILE196
