FILE_TYPE=LIBRARY_PARTS;
TIME=' COMPILATION ON MON FEB 27 13:09:38 1995  ';
primitive 'ZPACK_A';
  pin
    'A'<0>:
      PIN_NUMBER='(1..22)';
      PIN_TYPE='ANALOG';
      NO_LOAD_CHECK='BOTH';
      UNKNOWN_LOADING='TRUE';
    'B'<0>:
      PIN_NUMBER='(23..44)';
      PIN_TYPE='ANALOG';
      NO_LOAD_CHECK='BOTH';
      UNKNOWN_LOADING='TRUE';
    'C'<0>:
      PIN_NUMBER='(45..66)';
      PIN_TYPE='ANALOG';
      NO_LOAD_CHECK='BOTH';
      UNKNOWN_LOADING='TRUE';
    'D'<0>:
      PIN_NUMBER='(67..88)';
      PIN_TYPE='ANALOG';
      NO_LOAD_CHECK='BOTH';
      UNKNOWN_LOADING='TRUE';
    'E'<0>:
      PIN_NUMBER='(89..110)';
      PIN_TYPE='ANALOG';
      NO_LOAD_CHECK='BOTH';
      UNKNOWN_LOADING='TRUE';
  end_pin;
  body
    CLASS='IC';
  end_body;
end_primitive;
END.
