FILE_TYPE=LIBRARY_PARTS;
TIME=' COMPILATION ON THU MAY 25 10:34:44 1995  ';
primitive 'ADREF02C_L';
  pin
    'VIN':
      PIN_NUMBER='(2)';
      PIN_TYPE='ANALOG';
      NO_LOAD_CHECK='BOTH';
      UNKNOWN_LOADING='TRUE';
    'GND':
      PIN_NUMBER='(4)';
      PIN_TYPE='ANALOG';
      NO_LOAD_CHECK='BOTH';
      UNKNOWN_LOADING='TRUE';
    'TRIM':
      PIN_NUMBER='(5)';
      PIN_TYPE='POWER';
      NO_LOAD_CHECK='BOTH';
      UNKNOWN_LOADING='TRUE';
    'VOUT':
      PIN_NUMBER='(6)';
      PIN_TYPE='ANALOG';
      NO_LOAD_CHECK='BOTH';
      UNKNOWN_LOADING='TRUE';
  end_pin;
  body
    JEDEC_TYPE='SOIC8';
    CLASS='IC';
    PART_NAME='ADREF02C_L';
    BODY_NAME='ADREF02C_L';
    NC_PINS='(1,3,7,8)';
  end_body;
end_primitive;
END.
