(---------------------------------------------------------------------)
(                                                                     )
(    Allegro Netrev Import Logic                                      )
(                                                                     )
(    Drawing          : tubii_v2.brd                                  )
(    Software Version : 16.6P004                                      )
(    Date/Time        : Wed Nov 05 17:38:34 2014                      )
(                                                                     )
(---------------------------------------------------------------------)


------ Directives ------

RIPUP_ETCH FALSE;
RIPUP_DELETE_FIRST_SEGMENT FALSE;
RIPUP_RETAIN_BONDWIRE FALSE;
RIPUP_SYMBOLS ALWAYS;
Missing symbol has error FALSE;
SCHEMATIC_DIRECTORY 'C:\Users\QGPWindowsVB\Downloads\orebi\SPB_Data\TUBII5\worklib\caen_buffer\packaged';
BOARD_DIRECTORY '';
OLD_BOARD_NAME 'C:/Users/QGPWindowsVB/Downloads/orebi/SPB_Data/TUBII5/worklib/tubii/physical/tubii_v2.brd';
NEW_BOARD_NAME 'CAEN_BUFFER.brd';

CmdLine: netrev -proj C:\Users\QGPWindowsVB\Downloads\orebi\SPB_Data\TUBII5\tubii.cpm -y 1 -O C:\Users\QGPWindowsVB\Downloads\orebi\SPB_Data\TUBII5\worklib\tubii\physical\tubii_v2.brd C:\Users\QGPWindowsVB\Downloads\orebi\SPB_Data\TUBII5\worklib\tubii\physical\CAEN_BUFFER -$

------ Preparing to read pst files ------

Starting to read C:/Users/QGPWindowsVB/Downloads/orebi/SPB_Data/TUBII5/worklib/caen_buffer/packaged/pstchip.dat 
   Finished reading C:/Users/QGPWindowsVB/Downloads/orebi/SPB_Data/TUBII5/worklib/caen_buffer/packaged/pstchip.dat (00:00:01.92)
Starting to read C:/Users/QGPWindowsVB/Downloads/orebi/SPB_Data/TUBII5/worklib/caen_buffer/packaged/pstxprt.dat 
   Finished reading C:/Users/QGPWindowsVB/Downloads/orebi/SPB_Data/TUBII5/worklib/caen_buffer/packaged/pstxprt.dat (00:00:00.01)
Starting to read C:/Users/QGPWindowsVB/Downloads/orebi/SPB_Data/TUBII5/worklib/caen_buffer/packaged/pstxnet.dat 
   Finished reading C:/Users/QGPWindowsVB/Downloads/orebi/SPB_Data/TUBII5/worklib/caen_buffer/packaged/pstxnet.dat (00:00:00.01)

------ Oversights/Warnings/Errors ------




===========================================================
Start Constraint Diff3 Import
	Constraint File:    C:/Users/QGPWindowsVB/Downloads/orebi/SPB_Data/TUBII5/worklib/caen_buffer/packaged/pstcmdb.dat
	Allegro Baseline:   C:/Users/QGPWIN~1/AppData/Local/Temp/#Taaaaad01816.tmp
	Start time: Wed Nov 05 17:38:35 2014
===========================================================
===========================================================
Finished Constraint Update	Time: Wed Nov 05 17:38:38 2014
===========================================================

------ Library Paths ------
MODULEPATH =  . 
           C:/Cadence/SPB_16.6/share/local/pcb/modules 

PSMPATH =  . 
           symbols 
           .. 
           ../symbols 
           C:/Cadence/SPB_16.6/share/local/pcb/symbols 
           C:/Cadence/SPB_16.6/share/pcb/pcb_lib/symbols 
           C:/Cadence/SPB_16.6/share/pcb/allegrolib/symbols 

PADPATH =  . 
           symbols 
           .. 
           ../symbols 
           C:/Cadence/SPB_16.6/share/local/pcb/padstacks 
           C:/Cadence/SPB_16.6/share/pcb/pcb_lib/symbols 
           C:/Cadence/SPB_16.6/share/pcb/allegrolib/symbols 


------ Summary Statistics ------


netrev run on Nov 5 17:38:32 2014
   DESIGN NAME : 'CAEN_BUFFER'
   PACKAGING ON 05-Nov-2014 AT 17:38:21

   COMPILE 'logic'
   CHECK_PIN_NAMES OFF
   CROSS_REFERENCE OFF
   DIRECTORIES  <none>
   FEEDBACK OFF
   INCREMENTAL OFF
   INTERFACE_TYPE PHYSICAL
   LIBRARIES  'tubii_lib' 'standard' 'capacitors' 'diodes' 'ecl' 'hcmos' 'misc'
              'physparts' 'regulators' 'resistors' 'transistors' 'ttl'
   MASTER_LIBRARIES  <none>
   MAX_ERRORS 500
   MERGE_MINIMUM 5
   NET_NAME_CHARS '#%&()*+-./:=>?@[]^_`|'
   NET_NAME_LENGTH 24
   OVERSIGHTS ON
   REPLACE_CHECK OFF
   SINGLE_NODE_NETS ON
   SPLIT_MINIMUM 0
   SUPPRESS   20
   WARNINGS ON

 No error detected
 No oversight detected
 No warning detected

cpu time      0:15:08
elapsed time  0:00:07

