FILE_TYPE=LIBRARY_PARTS;
TIME=' COMPILATION ON THU AUG 10 12:50:35 1995  ';
primitive 'CONN50_JACK';
  pin
    'PIN1':
      PIN_NUMBER='(1)';
    'PIN2':
      PIN_NUMBER='(2)';
    'PIN3':
      PIN_NUMBER='(3)';
    'PIN4':
      PIN_NUMBER='(4)';
    'PIN5':
      PIN_NUMBER='(5)';
    'PIN6':
      PIN_NUMBER='(6)';
    'PIN7':
      PIN_NUMBER='(7)';
    'PIN8':
      PIN_NUMBER='(8)';
    'PIN9':
      PIN_NUMBER='(9)';
    'PIN10':
      PIN_NUMBER='(10)';
    'PIN11':
      PIN_NUMBER='(11)';
    'PIN12':
      PIN_NUMBER='(12)';
    'PIN13':
      PIN_NUMBER='(13)';
    'PIN14':
      PIN_NUMBER='(14)';
    'PIN15':
      PIN_NUMBER='(15)';
    'PIN16':
      PIN_NUMBER='(16)';
    'PIN17':
      PIN_NUMBER='(17)';
    'PIN18':
      PIN_NUMBER='(18)';
    'PIN19':
      PIN_NUMBER='(19)';
    'PIN20':
      PIN_NUMBER='(20)';
    'PIN21':
      PIN_NUMBER='(21)';
    'PIN22':
      PIN_NUMBER='(22)';
    'PIN23':
      PIN_NUMBER='(23)';
    'PIN24':
      PIN_NUMBER='(24)';
    'PIN25':
      PIN_NUMBER='(25)';
    'PIN26':
      PIN_NUMBER='(26)';
    'PIN27':
      PIN_NUMBER='(27)';
    'PIN28':
      PIN_NUMBER='(28)';
    'PIN29':
      PIN_NUMBER='(29)';
    'PIN30':
      PIN_NUMBER='(30)';
    'PIN31':
      PIN_NUMBER='(31)';
    'PIN32':
      PIN_NUMBER='(32)';
    'PIN33':
      PIN_NUMBER='(33)';
    'PIN34':
      PIN_NUMBER='(34)';
    'PIN35':
      PIN_NUMBER='(35)';
    'PIN36':
      PIN_NUMBER='(36)';
    'PIN37':
      PIN_NUMBER='(37)';
    'PIN38':
      PIN_NUMBER='(38)';
    'PIN39':
      PIN_NUMBER='(39)';
    'PIN40':
      PIN_NUMBER='(40)';
    'PIN41':
      PIN_NUMBER='(41)';
    'PIN42':
      PIN_NUMBER='(42)';
    'PIN43':
      PIN_NUMBER='(43)';
    'PIN44':
      PIN_NUMBER='(44)';
    'PIN45':
      PIN_NUMBER='(45)';
    'PIN46':
      PIN_NUMBER='(46)';
    'PIN47':
      PIN_NUMBER='(47)';
    'PIN48':
      PIN_NUMBER='(48)';
    'PIN49':
      PIN_NUMBER='(49)';
    'PIN50':
      PIN_NUMBER='(50)';
    'JACK'<50>:
      PIN_NUMBER='(100)';
    'JACK'<49>:
      PIN_NUMBER='(99)';
    'JACK'<48>:
      PIN_NUMBER='(98)';
    'JACK'<47>:
      PIN_NUMBER='(97)';
    'JACK'<46>:
      PIN_NUMBER='(96)';
    'JACK'<45>:
      PIN_NUMBER='(95)';
    'JACK'<44>:
      PIN_NUMBER='(94)';
    'JACK'<43>:
      PIN_NUMBER='(93)';
    'JACK'<42>:
      PIN_NUMBER='(92)';
    'JACK'<41>:
      PIN_NUMBER='(91)';
    'JACK'<40>:
      PIN_NUMBER='(90)';
    'JACK'<39>:
      PIN_NUMBER='(89)';
    'JACK'<38>:
      PIN_NUMBER='(88)';
    'JACK'<37>:
      PIN_NUMBER='(87)';
    'JACK'<36>:
      PIN_NUMBER='(86)';
    'JACK'<35>:
      PIN_NUMBER='(85)';
    'JACK'<34>:
      PIN_NUMBER='(84)';
    'JACK'<33>:
      PIN_NUMBER='(83)';
    'JACK'<32>:
      PIN_NUMBER='(82)';
    'JACK'<31>:
      PIN_NUMBER='(81)';
    'JACK'<30>:
      PIN_NUMBER='(80)';
    'JACK'<29>:
      PIN_NUMBER='(79)';
    'JACK'<28>:
      PIN_NUMBER='(78)';
    'JACK'<27>:
      PIN_NUMBER='(77)';
    'JACK'<26>:
      PIN_NUMBER='(76)';
    'JACK'<25>:
      PIN_NUMBER='(75)';
    'JACK'<24>:
      PIN_NUMBER='(74)';
    'JACK'<23>:
      PIN_NUMBER='(73)';
    'JACK'<22>:
      PIN_NUMBER='(72)';
    'JACK'<21>:
      PIN_NUMBER='(71)';
    'JACK'<20>:
      PIN_NUMBER='(70)';
    'JACK'<19>:
      PIN_NUMBER='(69)';
    'JACK'<18>:
      PIN_NUMBER='(68)';
    'JACK'<17>:
      PIN_NUMBER='(67)';
    'JACK'<16>:
      PIN_NUMBER='(66)';
    'JACK'<15>:
      PIN_NUMBER='(65)';
    'JACK'<14>:
      PIN_NUMBER='(64)';
    'JACK'<13>:
      PIN_NUMBER='(63)';
    'JACK'<12>:
      PIN_NUMBER='(62)';
    'JACK'<11>:
      PIN_NUMBER='(61)';
    'JACK'<10>:
      PIN_NUMBER='(60)';
    'JACK'<9>:
      PIN_NUMBER='(59)';
    'JACK'<8>:
      PIN_NUMBER='(58)';
    'JACK'<7>:
      PIN_NUMBER='(57)';
    'JACK'<6>:
      PIN_NUMBER='(56)';
    'JACK'<5>:
      PIN_NUMBER='(55)';
    'JACK'<4>:
      PIN_NUMBER='(54)';
    'JACK'<3>:
      PIN_NUMBER='(53)';
    'JACK'<2>:
      PIN_NUMBER='(52)';
    'JACK'<1>:
      PIN_NUMBER='(51)';
  end_pin;
  body
    JEDEC_TYPE='CONN50';
    CLASS='DISCRETE';
    NC_PINS='(101,102)';
    PHYS_DES_PREFIX='J';
  end_body;
end_primitive;
END.
