temp/xxnedtmp14/event.log NEWFILE1
temp/xxnedtmp14/text.log NEWFILE2
temp/xxnedtmp14/environ.log NEWFILE3
C:\Cadence\SPB_16.6\share\cdssetup/concept/concepthdl.scr FILE4
C:\Users\QGPWindowsVB\Downloads\orebi\SPB_Data\TUBII2\cds.lib FILE5
C:\Users\QGPWindowsVB\Downloads\orebi\SPB_Data\TUBII2\worklib\tubii\sch_1\page1.csb FILE6
C:\Users\QGPWindowsVB\Downloads\orebi\SPB_Data\TUBII2\worklib\tubii\sch_1\page1_csb.lck NEWFILE7
temp/xxnedtmp14/undo1.log NEWFILE8
C:\Users\QGPWindowsVB\Downloads\orebi\Parts\parts\misc\penn#20b#20size#20page\sym_1\symbol.css FILE9
C:\Users\QGPWindowsVB\Downloads\orebi\Parts\parts\resistors\rsmd0805\sym_1\symbol.css FILE10
C:\Users\QGPWindowsVB\Downloads\orebi\SPB_Data\TUBII2\worklib\ttl_progdelay\sym_1\symbol.css FILE11
C:\Users\QGPWindowsVB\Downloads\orebi\SPB_Data\TUBII2\worklib\progdelay\sym_1\symbol.css FILE12
C:\Users\QGPWindowsVB\Downloads\orebi\SPB_Data\TUBII2\worklib\caen_select\sym_1\symbol.css FILE13
C:\Users\QGPWindowsVB\Downloads\orebi\SPB_Data\TUBII2\worklib\microzedconnection\sym_1\symbol.css FILE14
C:\Users\QGPWindowsVB\Downloads\orebi\Parts\parts\ecl\10h124\sym_1\symbol.css FILE15
C:\Users\QGPWindowsVB\Downloads\orebi\Parts\parts\misc\gnd\sym_1\symbol.css FILE16
C:\Users\QGPWindowsVB\Downloads\orebi\Parts\parts\misc\testpoint_l\sym_1\symbol.css FILE17
C:\Users\QGPWindowsVB\Downloads\orebi\SPB_Data\TUBII2\worklib\fastcomp\sym_1\symbol.css FILE18
C:\Users\QGPWindowsVB\Downloads\orebi\Parts\parts\ecl\10h116\sym_1\symbol.css FILE19
C:\Users\QGPWindowsVB\Downloads\orebi\SPB_Data\TUBII2\worklib\tuncomp\sym_1\symbol.css FILE20
C:\Users\QGPWindowsVB\Downloads\orebi\SPB_Data\TUBII2\worklib\ttl#2dto#2decl#2din\sym_1\symbol.css FILE21
C:\Users\QGPWindowsVB\Downloads\orebi\SPB_Data\TUBII2\worklib\datain\sym_1\symbol.css FILE22
C:\Users\QGPWindowsVB\Downloads\orebi\SPB_Data\TUBII2\worklib\asyncdelaybig\sym_1\symbol.css FILE23
C:\Users\QGPWindowsVB\Downloads\orebi\SPB_Data\TUBII2\worklib\asyncdelay\sym_1\symbol.css FILE24
C:\Users\QGPWindowsVB\Downloads\orebi\SPB_Data\TUBII2\worklib\ribbondelay\sym_1\symbol.css FILE25
C:\Users\QGPWindowsVB\Downloads\orebi\SPB_Data\TUBII2\worklib\ellie_comms\sym_1\symbol.css FILE26
C:\Users\QGPWindowsVB\Downloads\orebi\SPB_Data\TUBII2\worklib\tubiigt\sym_1\symbol.css FILE27
C:\Users\QGPWindowsVB\Downloads\orebi\SPB_Data\TUBII2\worklib\bursttrig\sym_1\symbol.css FILE28
C:\Users\QGPWindowsVB\Downloads\orebi\SPB_Data\TUBII2\worklib\tubii_time\sym_1\symbol.css FILE29
C:\Users\QGPWindowsVB\Downloads\orebi\SPB_Data\TUBII2\worklib\prescaletrig\sym_1\symbol.css FILE30
C:\Users\QGPWindowsVB\Downloads\orebi\SPB_Data\TUBII2\worklib\lvds#2decl\sym_1\symbol.css FILE31
C:\Users\QGPWindowsVB\Downloads\orebi\SPB_Data\TUBII2\worklib\ecl#2dlvds\sym_1\symbol.css FILE32
C:\Users\QGPWindowsVB\Downloads\orebi\SPB_Data\TUBII2\worklib\ttl#2decl\sym_1\symbol.css FILE33
C:\Users\QGPWindowsVB\Downloads\orebi\SPB_Data\TUBII2\worklib\ecl#2dttl\sym_1\symbol.css FILE34
C:\Users\QGPWindowsVB\Downloads\orebi\SPB_Data\TUBII2\worklib\ecl#2dnim\sym_1\symbol.css FILE35
C:\Users\QGPWindowsVB\Downloads\orebi\SPB_Data\TUBII2\worklib\nim#2decl\sym_1\symbol.css FILE36
C:\Users\QGPWindowsVB\Downloads\orebi\SPB_Data\TUBII2\worklib\latchexttrig\sym_1\symbol.css FILE37
C:\Users\QGPWindowsVB\Downloads\orebi\SPB_Data\TUBII2\worklib\powers\sym_1\symbol.css FILE38
C:\Users\QGPWindowsVB\Downloads\orebi\SPB_Data\TUBII2\worklib\exttrig\sym_1\symbol.css FILE39
C:\Users\QGPWindowsVB\Downloads\orebi\Parts\parts\ecl\10e116\sym_1\symbol.css FILE40
C:\Users\QGPWindowsVB\Downloads\orebi\SPB_Data\TUBII2\worklib\caen_chat\sym_1\symbol.css FILE41
C:\Users\QGPWindowsVB\Downloads\orebi\SPB_Data\TUBII2\worklib\tubii\sch_1\page1_csa.lck NEWFILE42
C:/Users/QGPWindowsVB/Downloads/orebi/SPB_Data/TUBII2/worklib/tubii/sch_1/tubii.xcon FILE43
C:/Users/QGPWindowsVB/Downloads/orebi/SPB_Data/TUBII2/worklib/tubii/sch_1/tubii.dcf FILE44
C:\Users\QGPWindowsVB\Downloads\orebi\SPB_Data\TUBII2\worklib\caen_select\sch_1\page1.csb FILE45
C:\Users\QGPWindowsVB\Downloads\orebi\SPB_Data\TUBII2\worklib\caen_select\sch_1\page1_csb.lck NEWFILE46
C:\Users\QGPWindowsVB\Downloads\orebi\Parts\parts\standard\ctap\sym_1\symbol.css FILE47
C:\Users\QGPWindowsVB\Downloads\orebi\Parts\parts\standard\2#20merge\sym_1\symbol.css FILE48
C:\Users\QGPWindowsVB\Downloads\orebi\Parts\parts\standard\8#20merge\sym_1\symbol.css FILE49
C:\Users\QGPWindowsVB\Downloads\orebi\SPB_Data\TUBII2\worklib\caen_buffer\sym_1\symbol.css FILE50
C:\Users\QGPWindowsVB\Downloads\orebi\SPB_Data\TUBII2\worklib\caen_mux\sym_1\symbol.css FILE51
C:\Users\QGPWindowsVB\Downloads\orebi\SPB_Data\TUBII2\worklib\caen_mux\sch_1\page1.csb FILE52
C:\Users\QGPWindowsVB\Downloads\orebi\SPB_Data\TUBII2\worklib\caen_mux\sch_1\page1_csb.lck NEWFILE53
C:\Users\QGPWindowsVB\Downloads\orebi\SPB_Data\TUBII2\worklib\caen_select\sch_1\page1_csa.lck NEWFILE54
C:\Users\QGPWindowsVB\Downloads\orebi\Parts\parts\misc\adg1208\sym_1\symbol.css FILE55
C:\Users\QGPWindowsVB\Downloads\orebi\SPB_Data\TUBII2\worklib\caen_mux\sch_1\page1_csa.lck NEWFILE56
C:\Users\QGPWindowsVB\Downloads\orebi\SPB_Data\TUBII2\worklib\caen_buffer\sch_1\page1.csb FILE57
C:\Users\QGPWindowsVB\Downloads\orebi\SPB_Data\TUBII2\worklib\caen_buffer\sch_1\page1_csb.lck NEWFILE58
C:\Users\QGPWindowsVB\Downloads\orebi\Parts\parts\resistors\res_l\sym_1\symbol.css FILE59
C:\Users\QGPWindowsVB\Downloads\orebi\Parts\parts\standard\gnd_power\sym_1\symbol.css FILE60
C:\Users\QGPWindowsVB\Downloads\orebi\Parts\parts\diodes\1n4448\sym_1\symbol.css FILE61
C:\Users\QGPWindowsVB\Downloads\orebi\Parts\parts\misc\lm7171\sym_1\symbol.css FILE62
C:\Users\QGPWindowsVB\Downloads\orebi\Parts\parts\misc\coto2342\sym_1\symbol.css FILE63
C:\Users\QGPWindowsVB\Downloads\orebi\SPB_Data\TUBII2\worklib\caen_buffer\sch_1\page1_csa.lck NEWFILE64
C:/Users/QGPWIN~1/AppData/Local/Temp/con710F.tmp FILE65
C:/Cadence/SPB_16.6/tools/language/config.dat FILE66
temp/xxnedtmp14/concept.mkr NEWFILE67
C:/Cadence/SPB_16.6/tools/language/pack_type_rename.dat NEWFILE68
temp/xxnedtmp14/../caen_mux.mkr NEWFILE69
temp/xxnedtmp14/../penn#20b#20size#20page.mkr NEWFILE70
temp/xxnedtmp14/../8#20merge.mkr NEWFILE71
temp/xxnedtmp14/../testpoint_l.mkr NEWFILE72
temp/xxnedtmp14/../ctap.mkr NEWFILE73
temp/xxnedtmp14/../2#20merge.mkr NEWFILE74
temp/xxnedtmp14/../caen_buffer.mkr NEWFILE75
C:\Users\QGPWindowsVB\Downloads\orebi\SPB_Data\TUBII2\worklib\caen_select\sch_1\page1.csa FILE76
C:\Users\QGPWindowsVB\Downloads\orebi\SPB_Data\TUBII2\worklib\caen_select\sch_1\page1.csv FILE77
C:\Users\QGPWindowsVB\Downloads\orebi\SPB_Data\TUBII2\worklib\caen_select\sch_1\pc.db FILE78
C:/Users/QGPWindowsVB/Downloads/orebi/SPB_Data/TUBII2/worklib/caen_select/sch_1/caen_select_xcon.lck NEWFILE79
C:/Users/QGPWindowsVB/Downloads/orebi/SPB_Data/TUBII2/worklib/caen_select/sch_1/caen_select_dcf.lck NEWFILE80
temp/xxnedtmp14/csnetlister.mkr NEWFILE81
C:\Users\QGPWindowsVB\Downloads\orebi\SPB_Data\TUBII2\worklib\caen_mux\sym_1\symbol_css.lck NEWFILE82
C:\Users\QGPWindowsVB\Downloads\orebi\Parts\parts\standard\origin\sym_1\symbol.css FILE83
C:/Users/QGPWIN~1/AppData/Local/Temp/con8F1D.tmp FILE84
C:/Users/QGPWIN~1/AppData/Local/Temp/conA409.tmp FILE85
C:/Users/QGPWIN~1/AppData/Local/Temp/con7B5F.tmp FILE86
C:/Users/QGPWIN~1/AppData/Local/Temp/conE07E.tmp FILE87
C:/Users/QGPWIN~1/AppData/Local/Temp/conD7CC.tmp FILE88
