temp/xxnedtmp24/event.log NEWFILE1
temp/xxnedtmp24/text.log NEWFILE2
temp/xxnedtmp24/environ.log NEWFILE3
C:\Cadence\SPB_16.6\share\cdssetup/concept/concepthdl.scr FILE4
C:\Users\QGPWindowsVB\Downloads\orebi\SPB_Data\TUBII5\cds.lib FILE5
C:\Users\QGPWindowsVB\Downloads\orebi\SPB_Data\TUBII5\worklib\tubii\sch_1\page1.csb FILE6
C:\Users\QGPWindowsVB\Downloads\orebi\SPB_Data\TUBII5\worklib\tubii\sch_1\page1_csb.lck NEWFILE7
temp/xxnedtmp24/undo1.log NEWFILE8
C:\Users\QGPWindowsVB\Downloads\orebi\Parts\parts\misc\penn#20b#20size#20page\sym_1\symbol.css FILE9
C:\Users\QGPWindowsVB\Downloads\orebi\SPB_Data\TUBII5\worklib\tubii\sch_1\page1_csa.lck NEWFILE10
C:/Users/QGPWindowsVB/Downloads/orebi/SPB_Data/TUBII5/worklib/tubii/sch_1/tubii.xcon FILE11
C:/Users/QGPWindowsVB/Downloads/orebi/SPB_Data/TUBII5/worklib/tubii/sch_1/tubii.dcf FILE12
C:\Users\QGPWindowsVB\Downloads\orebi\SPB_Data\TUBII5\worklib\tubii\sch_1\page2.csb FILE13
C:\Users\QGPWindowsVB\Downloads\orebi\SPB_Data\TUBII5\worklib\tubii\sch_1\page2_csb.lck NEWFILE14
C:\Users\QGPWindowsVB\Downloads\orebi\SPB_Data\TUBII5\worklib\ports2\sym_1\symbol.css FILE15
C:\Users\QGPWindowsVB\Downloads\orebi\SPB_Data\TUBII5\worklib\ports\sym_1\symbol.css FILE16
C:\Users\QGPWindowsVB\Downloads\orebi\SPB_Data\TUBII5\worklib\trigger_utility_board_mkii\sym_1\symbol.css FILE17
C:\Users\QGPWindowsVB\Downloads\orebi\SPB_Data\TUBII5\worklib\trigger_utility_board_mkii\sch_1\page1.csb FILE18
C:\Users\QGPWindowsVB\Downloads\orebi\SPB_Data\TUBII5\worklib\trigger_utility_board_mkii\sch_1\page1_csb.lck NEWFILE19
C:\Users\QGPWindowsVB\Downloads\orebi\SPB_Data\TUBII5\worklib\tubii\sch_1\page2_csa.lck NEWFILE20
C:\Users\QGPWindowsVB\Downloads\orebi\SPB_Data\TUBII5\worklib\tubii_spkr\sym_1\symbol.css FILE21
C:\Users\QGPWindowsVB\Downloads\orebi\Parts\parts\standard\3#20merge\sym_1\symbol.css FILE22
C:\Users\QGPWindowsVB\Downloads\orebi\SPB_Data\TUBII5\worklib\ecal_control\sym_1\symbol.css FILE23
C:\Users\QGPWindowsVB\Downloads\orebi\Parts\parts\ttl\hct238\sym_1\symbol.css FILE24
C:\Users\QGPWindowsVB\Downloads\orebi\SPB_Data\TUBII5\worklib\gt_delays\sym_1\symbol.css FILE25
C:\Users\QGPWindowsVB\Downloads\orebi\SPB_Data\TUBII5\worklib\caen\sym_1\symbol.css FILE26
C:\Users\QGPWindowsVB\Downloads\orebi\SPB_Data\TUBII5\worklib\cntrl_register\sym_1\symbol.css FILE27
C:\Users\QGPWindowsVB\Downloads\orebi\SPB_Data\TUBII5\worklib\clocks\sym_1\symbol.css FILE28
C:\Users\QGPWindowsVB\Downloads\orebi\SPB_Data\TUBII5\worklib\powers\sym_1\symbol.css FILE29
C:\Users\QGPWindowsVB\Downloads\orebi\SPB_Data\TUBII5\worklib\comparators\sym_1\symbol.css FILE30
C:\Users\QGPWindowsVB\Downloads\orebi\SPB_Data\TUBII5\worklib\generic_utilities\sym_1\symbol.css FILE31
C:\Users\QGPWindowsVB\Downloads\orebi\SPB_Data\TUBII5\worklib\microzedconnection\sym_1\symbol.css FILE32
C:\Users\QGPWindowsVB\Downloads\orebi\SPB_Data\TUBII5\worklib\base_mon\sym_1\symbol.css FILE33
C:\Users\QGPWindowsVB\Downloads\orebi\SPB_Data\TUBII5\worklib\caen\sch_1\page1.csb FILE34
C:\Users\QGPWindowsVB\Downloads\orebi\SPB_Data\TUBII5\worklib\caen\sch_1\page1_csb.lck NEWFILE35
C:\Users\QGPWindowsVB\Downloads\orebi\SPB_Data\TUBII5\worklib\trigger_utility_board_mkii\sch_1\page1_csa.lck NEWFILE36
C:\Users\QGPWindowsVB\Downloads\orebi\SPB_Data\TUBII5\worklib\caen_coms\sym_1\symbol.css FILE37
C:\Users\QGPWindowsVB\Downloads\orebi\SPB_Data\TUBII5\worklib\caen_chat\sym_1\symbol.css FILE38
C:\Users\QGPWindowsVB\Downloads\orebi\SPB_Data\TUBII5\worklib\caen_chat\sch_1\page1.csb FILE39
C:\Users\QGPWindowsVB\Downloads\orebi\SPB_Data\TUBII5\worklib\caen_chat\sch_1\page1_csb.lck FILE40
C:\Users\QGPWindowsVB\Downloads\orebi\SPB_Data\TUBII5\worklib\caen\sch_1\page1_csa.lck NEWFILE41
C:\Users\QGPWindowsVB\Downloads\orebi\Parts\parts\resistors\rsmd0805\sym_1\symbol.css FILE42
C:\Users\QGPWindowsVB\Downloads\orebi\Parts\parts\misc\testpoint_l\sym_1\symbol.css FILE43
C:\Users\QGPWindowsVB\Downloads\orebi\Parts\parts\misc\gnd\sym_1\symbol.css FILE44
C:\Users\QGPWindowsVB\Downloads\orebi\Parts\parts\capacitors\csmd0805\sym_1\symbol.css FILE45
C:\Users\QGPWindowsVB\Downloads\orebi\Parts\parts\transistors\mmbth81lt1\sym_1\symbol.css FILE46
C:\Users\QGPWindowsVB\Downloads\orebi\Parts\parts\ecl\10h116\sym_1\symbol.css FILE47
temp/xxnedtmp24/undo2.log NEWFILE48
C:\Users\QGPWindowsVB\Downloads\orebi\SPB_Data\TUBII5\worklib\ports\sch_1\page1.csb FILE49
C:\Users\QGPWindowsVB\Downloads\orebi\SPB_Data\TUBII5\worklib\ports\sch_1\page1_csb.lck NEWFILE50
C:\Users\QGPWindowsVB\Downloads\orebi\Parts\parts\misc\ids_c10\sym_1\symbol.css FILE51
C:\Users\QGPWindowsVB\Downloads\orebi\SPB_Data\TUBII5\worklib\gt_delays_ports\sym_1\symbol.css FILE52
C:\Users\QGPWindowsVB\Downloads\orebi\SPB_Data\TUBII5\worklib\generic_utilities_ports\sym_1\symbol.css FILE53
C:\Users\QGPWindowsVB\Downloads\orebi\SPB_Data\TUBII5\worklib\comparator_ports\sym_1\symbol.css FILE54
C:\Users\QGPWindowsVB\Downloads\orebi\SPB_Data\TUBII5\worklib\caen_ports\sym_1\symbol.css FILE55
C:\Users\QGPWindowsVB\Downloads\orebi\SPB_Data\TUBII5\worklib\translators\sym_1\symbol.css FILE56
C:\Users\QGPWindowsVB\Downloads\orebi\Parts\parts\standard\8#20merge\sym_1\symbol.css FILE57
C:\Users\QGPWindowsVB\Downloads\orebi\SPB_Data\TUBII5\worklib\translators\sch_1\page1.csb FILE58
C:\Users\QGPWindowsVB\Downloads\orebi\SPB_Data\TUBII5\worklib\translators\sch_1\page1_csb.lck FILE59
C:\Users\QGPWindowsVB\Downloads\orebi\SPB_Data\TUBII5\worklib\ports\sch_1\page1_csa.lck NEWFILE60
C:\Users\QGPWindowsVB\Downloads\orebi\SPB_Data\TUBII5\worklib\ttl#2decl\sym_1\symbol.css FILE61
C:\Users\QGPWindowsVB\Downloads\orebi\SPB_Data\TUBII5\worklib\ecl#2dnim\sym_1\symbol.css FILE62
C:\Users\QGPWindowsVB\Downloads\orebi\SPB_Data\TUBII5\worklib\nim#2decl\sym_1\symbol.css FILE63
C:\Users\QGPWindowsVB\Downloads\orebi\SPB_Data\TUBII5\worklib\ecl#2dlvds\sym_1\symbol.css FILE64
C:\Users\QGPWindowsVB\Downloads\orebi\SPB_Data\TUBII5\worklib\lvds#2decl\sym_1\symbol.css FILE65
C:\Users\QGPWindowsVB\Downloads\orebi\SPB_Data\TUBII5\worklib\ecl#2dttl\sym_1\symbol.css FILE66
C:\Users\QGPWindowsVB\Downloads\orebi\SPB_Data\TUBII5\worklib\lvds#2decl\sch_1\page1.csb FILE67
C:\Users\QGPWindowsVB\Downloads\orebi\SPB_Data\TUBII5\worklib\lvds#2decl\sch_1\page1_csb.lck NEWFILE68
C:\Users\QGPWindowsVB\Downloads\orebi\SPB_Data\TUBII5\worklib\translators\sch_1\page1_csa.lck NEWFILE69
C:\Users\QGPWindowsVB\Downloads\orebi\Parts\parts\ecl\el91l\sym_1\symbol.css FILE70
C:\Users\QGPWindowsVB\Downloads\orebi\Parts\parts\misc\max9376\sym_1\symbol.css FILE71
C:\Users\QGPWindowsVB\Downloads\orebi\Parts\parts\misc\lvds_driver_ds10\sym_1\symbol.css FILE72
C:\Users\QGPWindowsVB\Downloads\orebi\SPB_Data\TUBII5\worklib\lvds#2decl\sch_1\page1_csa.lck NEWFILE73
C:\Users\QGPWindowsVB\Downloads\orebi\SPB_Data\TUBII5\worklib\ecl#2dlvds\sch_1\page1.csb FILE74
C:\Users\QGPWindowsVB\Downloads\orebi\SPB_Data\TUBII5\worklib\ecl#2dlvds\sch_1\page1_csb.lck FILE75
C:\Users\QGPWindowsVB\Downloads\orebi\Parts\parts\ecl\10ep90\sym_1\symbol.css FILE76
C:\Users\QGPWindowsVB\Downloads\orebi\Parts\parts\misc\max9376\sym_2\symbol.css FILE77
C:\Users\QGPWindowsVB\Downloads\orebi\Parts\parts\ecl\10e116\sym_1\symbol.css FILE78
C:/Users/QGPWIN~1/AppData/Local/Temp/con24DB.tmp FILE79
C:/Users/QGPWIN~1/AppData/Local/Temp/conAB2F.tmp FILE80
C:\Users\QGPWindowsVB\Downloads\orebi\Parts\parts\misc\lvds_driver_ds10\sym_1\symbol_css.lck NEWFILE81
temp/xxnedtmp24/undo3.log NEWFILE82
C:\Users\QGPWindowsVB\Downloads\orebi\Parts\parts\standard\origin\sym_1\symbol.css FILE83
C:/Users/QGPWIN~1/AppData/Local/Temp/con2D26.tmp FILE84
C:/Users/QGPWIN~1/AppData/Local/Temp/con580F.tmp FILE85
C:/Cadence/SPB_16.6/tools/language/config.dat FILE86
temp/xxnedtmp24/concept.mkr NEWFILE87
C:/Cadence/SPB_16.6/tools/language/pack_type_rename.dat NEWFILE88
temp/xxnedtmp24/../penn#20b#20size#20page.mkr NEWFILE89
temp/xxnedtmp24/../lvds_driver_ds10.mkr NEWFILE90
temp/xxnedtmp24/../max9376.mkr NEWFILE91
temp/xxnedtmp24/../10h116.mkr NEWFILE92
temp/xxnedtmp24/../10ep90.mkr NEWFILE93
temp/xxnedtmp24/../rsmd0805.mkr NEWFILE94
temp/xxnedtmp24/../testpoint_l.mkr NEWFILE95
temp/xxnedtmp24/../mmbth81lt1.mkr NEWFILE96
temp/xxnedtmp24/../gnd.mkr NEWFILE97
C:\Users\QGPWindowsVB\Downloads\orebi\SPB_Data\TUBII5\worklib\caen_chat\sch_1\page1.csa FILE98
C:\Users\QGPWindowsVB\Downloads\orebi\SPB_Data\TUBII5\worklib\caen_chat\sch_1\page1.csv FILE99
C:\Users\QGPWindowsVB\Downloads\orebi\SPB_Data\TUBII5\worklib\caen_chat\sch_1\pc.db FILE100
C:/Users/QGPWindowsVB/Downloads/orebi/SPB_Data/TUBII5/worklib/caen_chat/sch_1/caen_chat_xcon.lck NEWFILE101
C:/Users/QGPWindowsVB/Downloads/orebi/SPB_Data/TUBII5/worklib/caen_chat/sch_1/caen_chat_dcf.lck NEWFILE102
temp/xxnedtmp24/csnetlister.mkr NEWFILE103
temp/xxnedtmp24/../10e116.mkr NEWFILE104
temp/xxnedtmp24/../csmd0805.mkr NEWFILE105
C:\Users\QGPWindowsVB\Downloads\orebi\SPB_Data\TUBII5\worklib\ecl#2dlvds\sch_1\page1.csa FILE106
C:\Users\QGPWindowsVB\Downloads\orebi\SPB_Data\TUBII5\worklib\ecl#2dlvds\sch_1\page1.csv FILE107
C:/Users/QGPWindowsVB/Downloads/orebi/SPB_Data/TUBII5/worklib/ecl#2dlvds/sch_1/ecl#2dlvds_xcon.lck NEWFILE108
C:/Users/QGPWindowsVB/Downloads/orebi/SPB_Data/TUBII5/worklib/ecl#2dlvds/sch_1/ecl#2dlvds_dcf.lck NEWFILE109
C:\Users\QGPWindowsVB\Downloads\orebi\SPB_Data\TUBII5\worklib\ecl#2dlvds\sch_1\page1_csa.lck NEWFILE110
C:\Users\QGPWindowsVB\Downloads\orebi\SPB_Data\TUBII5\worklib\caen_chat\sch_1\page1_csa.lck NEWFILE111
C:/Users/QGPWIN~1/AppData/Local/Temp/con4506.tmp FILE112
C:/Users/QGPWIN~1/AppData/Local/Temp/con1EAE.tmp FILE113
C:\Users\QGPWindowsVB\Downloads\orebi\SPB_Data\TUBII5\worklib\caen_ports\sch_1\page1.csb FILE114
C:\Users\QGPWindowsVB\Downloads\orebi\SPB_Data\TUBII5\worklib\caen_ports\sch_1\page1_csb.lck NEWFILE115
C:\Users\QGPWindowsVB\Downloads\orebi\Parts\parts\standard\2#20merge\sym_1\symbol.css FILE116
C:\Users\QGPWindowsVB\Downloads\orebi\Parts\parts\standard\4#20merge\sym_1\symbol.css FILE117
C:/Users/QGPWIN~1/AppData/Local/Temp/con578C.tmp FILE118
C:/Users/QGPWIN~1/AppData/Local/Temp/con519E.tmp FILE119
C:/Users/QGPWIN~1/AppData/Local/Temp/conF6C9.tmp FILE120
C:/Users/QGPWIN~1/AppData/Local/Temp/conA430.tmp FILE121
C:/Users/QGPWIN~1/AppData/Local/Temp/conB884.tmp FILE122
C:/Users/QGPWIN~1/AppData/Local/Temp/conE8EC.tmp FILE123
temp/xxnedtmp24/../ids_c10.mkr NEWFILE124
temp/xxnedtmp24/../2#20merge.mkr NEWFILE125
temp/xxnedtmp24/../4#20merge.mkr NEWFILE126
temp/xxnedtmp24/../8#20merge.mkr NEWFILE127
C:\Users\QGPWindowsVB\Downloads\orebi\SPB_Data\TUBII5\worklib\caen_ports\sch_1\page1.csa FILE128
C:\Users\QGPWindowsVB\Downloads\orebi\SPB_Data\TUBII5\worklib\caen_ports\sch_1\page1.csv FILE129
C:\Users\QGPWindowsVB\Downloads\orebi\SPB_Data\TUBII5\worklib\caen_ports\sch_1\pc.db FILE130
C:/Users/QGPWindowsVB/Downloads/orebi/SPB_Data/TUBII5/worklib/caen_ports/sch_1/caen_ports_xcon.lck NEWFILE131
C:/Users/QGPWindowsVB/Downloads/orebi/SPB_Data/TUBII5/worklib/caen_ports/sch_1/caen_ports_dcf.lck NEWFILE132
C:\Users\QGPWindowsVB\Downloads\orebi\SPB_Data\TUBII5\worklib\caen_ports\sch_1\page1_csa.lck NEWFILE133
temp/xxnedtmp24/../comparator_ports.mkr NEWFILE134
temp/xxnedtmp24/../caen_ports.mkr NEWFILE135
temp/xxnedtmp24/../gt_delays_ports.mkr NEWFILE136
temp/xxnedtmp24/../generic_utilities_ports.mkr NEWFILE137
temp/xxnedtmp24/../translators.mkr NEWFILE138
C:\Users\QGPWindowsVB\Downloads\orebi\SPB_Data\TUBII5\worklib\ports\sch_1\page1.csa FILE139
C:\Users\QGPWindowsVB\Downloads\orebi\SPB_Data\TUBII5\worklib\ports\sch_1\page1.csv FILE140
C:\Users\QGPWindowsVB\Downloads\orebi\SPB_Data\TUBII5\worklib\ports\sch_1\pc.db FILE141
C:/Users/QGPWindowsVB/Downloads/orebi/SPB_Data/TUBII5/worklib/ports/sch_1/ports_xcon.lck NEWFILE142
C:/Users/QGPWindowsVB/Downloads/orebi/SPB_Data/TUBII5/worklib/ports/sch_1/ports_dcf.lck NEWFILE143
