Allegro Design Entry HDL 16.6-p007 (v16-6-112F) 10/10/2012
Copyright 2011 Cadence Design Systems, Inc

WARNING(SPCOCN-1474): You must specify a window that contains a drawing.
WARNING(SPCOCN-1474): You must specify a window that contains a drawing.
WARNING(SPCOCN-1474): You must specify a window that contains a drawing.
WARNING(SPCOCN-1474): You must specify a window that contains a drawing.
WARNING(SPCOCN-1474): You must specify a window that contains a drawing.
WARNING(SPCOCN-1474): You must specify a window that contains a drawing.
WARNING(SPCOCN-1474): You must specify a window that contains a drawing.
WARNING(SPCOCN-2040): Specify the command "page forcereset all" to reset logical page numbers of all pages of this block.
WARNING(SPCOCN-1523): Invalid set option: <search_history_count>
INFO(SPCOCN-1177): Unexpected text: <5>
WARNING(SPCOCN-1523): Invalid set option: <search_history>
INFO(SPCOCN-1177): Unexpected text: <100EL34/>
WARNING(SPCOCN-1523): Invalid set option: <search_toolbar_lookin>
INFO(SPCOCN-1177): Unexpected text: <PAGE>
WARNING(SPCOCN-1523): Invalid set option: <modify_quick_reset_filters>
INFO(SPCOCN-1177): Unexpected text: <OFF>
WARNING(SPCOCN-1523): Invalid set option: <hss_distribute_ports_count>
INFO(SPCOCN-1177): Unexpected text: <25>
WARNING(SPCOCN-1523): Invalid set option: <hss_distribute_port_pattern>
WARNING(SPCOCN-1523): Invalid set option: <hss_distribute_property_name>
WARNING(SPCOCN-1474): You must specify a window that contains a drawing.
WARNING(SPCOCN-1474): You must specify a window that contains a drawing.
WARNING(SPCOCN-1474): You must specify a window that contains a drawing.
WARNING(SPCOCN-1474): You must specify a window that contains a drawing.
WARNING(SPCOCN-1474): You must specify a window that contains a drawing.
WARNING(SPCOCN-1474): You must specify a window that contains a drawing.
INFO(SPCOCN-1737): Reading C:\Users\QGPWindowsVB\Downloads\orebi\SPB_Data\TUBII5\cds.lib file.
WARNING(SPCOCN-674): Error(s) in C:\Users\QGPWindowsVB\Downloads\orebi\SPB_Data\TUBII5\cds.lib
WARNING(SPCOCN-675):   Invalid path: C:\Users\QGPWindowsVB\Downloads\orebi\ugboard\ugboard\newtub\10k on line 14.
WARNING(SPCOCN-675):   Invalid path: C:\Users\QGPWindowsVB\Downloads\orebi\ugboard\ugboard\newtub\10kh on line 16.
WARNING(SPCOCN-675):   Invalid path: C:\Users\QGPWindowsVB\Downloads\orebi\ugboard\ugboard\newtub\54fct on line 18.
WARNING(SPCOCN-675):   Invalid path: C:\Users\QGPWindowsVB\Downloads\orebi\ugboard\ugboard\newtub\100e on line 20.
WARNING(SPCOCN-675):   Invalid path: C:\Users\QGPWindowsVB\Downloads\orebi\ugboard\ugboard\newtub\fast on line 22.
WARNING(SPCOCN-675):   Invalid path: C:\Users\QGPWindowsVB\Downloads\orebi\ugboard\ugboard\newtub\hcmos on line 24.
ERROR(SPCOCN-1334): Library 100e not found in cds.lib list.
ERROR(SPCOCN-1334): Library 10k not found in cds.lib list.
ERROR(SPCOCN-1334): Library 10kh not found in cds.lib list.
ERROR(SPCOCN-1334): Library 54fct not found in cds.lib list.
ERROR(SPCOCN-1334): Library fast not found in cds.lib list.
ERROR(SPCOCN-1334): Library hcmos not found in cds.lib list.
WARNING(SPCOCN-1474): You must specify a window that contains a drawing.
INFO(SPCOCN-1445): Reading TUBII.SCH.1.1 into drawing #1.
INFO(SPCOCN-195): The following file will be used to identify the list of modules to be excluded: 'C:\Cadence\SPB_16.6\share\cdssetup\xmodules.dat'.
INFO(SPCOCN-1445): Reading TUBII.SCH.1.1 into drawing #1.
INFO(SPCOCN-1445): Reading TUBII.SCH.1.2 into drawing #1.
INFO(SPCOCN-1445): Reading TRIGGER_UTILITY_BOARD_MKII.SCH.1.1 into drawing #1.
INFO(SPCOCN-1001): Component: I3 selected.
INFO(SPCOCN-1001): Component: I3 selected.
INFO(SPCOCN-1001): Component: I3 selected.
INFO(SPCOCN-1445): Reading CAEN.SCH.1.1 into drawing #1.
INFO(SPCOCN-1001): Component: I1 selected.
INFO(SPCOCN-1445): Reading CAEN_CHAT.SCH.1.1 into drawing #1.
INFO(SPCOCN-1350): User 'QGPWindowsVB' has an existing lock on the file 'C:\Users\QGPWindowsVB\Downloads\orebi\SPB_Data\TUBII5\worklib\caen_chat\sch_1\page1.csb'. Removing it.
INFO(SPCOCN-1445): Reading TUBII.SCH.1.2 into drawing #2.
INFO(SPCOCN-1001): Component: I2 selected.
INFO(SPCOCN-1001): Component: I2 selected.
INFO(SPCOCN-1445): Reading PORTS.SCH.1.1 into drawing #2.
INFO(SPCOCN-1001): Component: I151 selected.
INFO(SPCOCN-1445): Reading TRANSLATORS.SCH.1.1 into drawing #2.
INFO(SPCOCN-1350): User 'QGPWindowsVB' has an existing lock on the file 'C:\Users\QGPWindowsVB\Downloads\orebi\SPB_Data\TUBII5\worklib\translators\sch_1\page1.csb'. Removing it.
INFO(SPCOCN-1001): Component: I33 selected.
INFO(SPCOCN-1445): Reading LVDS-ECL.SCH.1.1 into drawing #2.
INFO(SPCOCN-1445): Reading TRANSLATORS.SCH.1.1 into drawing #2.
INFO(SPCOCN-1001): Component: I36 selected.
INFO(SPCOCN-1445): Reading ECL-LVDS.SCH.1.1 into drawing #2.
INFO(SPCOCN-1350): User 'QGPWindowsVB' has an existing lock on the file 'C:\Users\QGPWindowsVB\Downloads\orebi\SPB_Data\TUBII5\worklib\ecl#2dlvds\sch_1\page1.csb'. Removing it.
WARNING(SPCOCN-1200): Using group A
INFO(SPCOCN-1195): Group "A" contains:   11 bodies   224 properties   0 notes   24 wires   6 dots   0 images
WARNING(SPCOCN-1200): Using group A
INFO(SPCOCN-1195): Group "A" contains:   9 bodies   169 properties   0 notes   30 wires   5 dots   0 images
INFO(SPCOCN-1001): Component: I15 selected.
WARNING(SPCOCN-1200): Using group A
INFO(SPCOCN-1195): Group "A" contains:   10 bodies   209 properties   0 notes   24 wires   6 dots   0 images
WARNING(SPCOCN-1884): Cannot delete property $PN.
Use section command to delete this property.
WARNING(SPCOCN-1884): Cannot delete property $PN.
Use section command to delete this property.
WARNING(SPCOCN-1914): Pin number properties not deleted.
WARNING(SPCOCN-1200): Using group A
INFO(SPCOCN-1195): Group "A" contains:   9 bodies   158 properties   0 notes   25 wires   5 dots   0 images
INFO(SPCOCN-1001): Component: I64 selected.
INFO(SPCOCN-1001): Component: I64 selected.
WARNING(SPCOCN-1200): Using group A
INFO(SPCOCN-1195): Group "A" contains:   4 bodies   85 properties   0 notes   10 wires   2 dots   0 images
WARNING(SPCOCN-982): The operation could not be performed because no object on the drawing was selected.
WARNING(SPCOCN-982): The operation could not be performed because no object on the drawing was selected.
INFO(SPCOCN-1001): Component: I60 selected.
WARNING(SPCOCN-982): The operation could not be performed because no object on the drawing was selected.
INFO(SPCOCN-1001): Component: I56 selected.
INFO(SPCOCN-1854): The drawing CAEN_CHAT.SCH.1.1
INFO(SPCOCN-578): will be retained as drawing #1.
INFO(SPCOCN-1445): Reading LVDS_DRIVER_DS10.SYM.1.1 into drawing #3.
INFO(SPCOCN-1443): CAEN_CHAT.SCH.1.1 has been previously edited as drawing #1.
INFO(SPCOCN-1001): Component: I56 selected.
WARNING(SPCOCN-1200): Using group A
INFO(SPCOCN-1195): Group "A" contains:   2 bodies   45 properties   0 notes   4 wires   0 dots   0 images
WARNING(SPCOCN-1200): Using group A
INFO(SPCOCN-1195): Group "A" contains:   2 bodies   45 properties   0 notes   4 wires   0 dots   0 images
WARNING(SPCOCN-982): The operation could not be performed because no object on the drawing was selected.
WARNING(SPCOCN-982): The operation could not be performed because no object on the drawing was selected.
INFO(SPCOCN-1001): Component: I49 selected.
WARNING(SPCOCN-1915): Default body properties cannot be copied.
INFO(SPCOCN-1001): Component: I65 selected.
INFO(SPCOCN-1070): Checking drawing...
INFO(SPCOCN-1024): Drawing not written.
INFO(SPCOCN-1070): Checking drawing...
INFO(SPCOCN-1024): Drawing not written.
WARNING(SPCOCN-982): The operation could not be performed because no object on the drawing was selected.
INFO(SPCOCN-1070): Checking drawing...
INFO(SPCOCN-1028): writing <tubii_lib>CAEN_CHAT.SCH.1.1:
INFO(SPCOCN-1044): writing binary file...
INFO(SPCOCN-1049): writing ASCII file...
INFO(SPCOCN-1053): writing connectivity file...
INFO(SPCOCN-1054): ...written

CSDirect 16.6-p007 (v16-6-112F)

Netlisting block caen_chat

Processing page 1

No netlisting errors found. 

INFO(SPCOCN-1640): writing occurrence data...
INFO(SPCOCN-1054): ...written
INFO(SPCOCN-1070): Checking drawing...
INFO(SPCOCN-1028): writing <tubii_lib>ECL-LVDS.SCH.1.1:
INFO(SPCOCN-1044): writing binary file...
INFO(SPCOCN-1049): writing ASCII file...
INFO(SPCOCN-1053): writing connectivity file...
INFO(SPCOCN-1054): ...written

CSDirect 16.6-p007 (v16-6-112F)

Netlisting block ecl-lvds

Processing page 1

No netlisting errors found. 

INFO(SPCOCN-1640): writing occurrence data...
INFO(SPCOCN-1054): ...written
INFO(SPCOCN-1445): Reading TRANSLATORS.SCH.1.1 into drawing #2.
INFO(SPCOCN-1445): Reading TUBII.SCH.1.2 into drawing #1.
INFO(SPCOCN-1001): Component: I2 selected.
INFO(SPCOCN-1445): Reading PORTS.SCH.1.1 into drawing #1.
WARNING(SPCOCN-1200): Using group A
INFO(SPCOCN-1195): Group "A" contains:   3 bodies   3 properties   0 notes   2 wires   0 dots   0 images
WARNING(SPCOCN-1203): Excluding from group A
INFO(SPCOCN-1195): Group "A" contains:   3 bodies   3 properties   0 notes   2 wires   0 dots   0 images
INFO(SPCOCN-1195): Group "A" contains:   2 bodies   3 properties   0 notes   2 wires   0 dots   0 images
INFO(SPCOCN-1001): Component: I156 selected.
WARNING(SPCOCN-1200): Using group A
INFO(SPCOCN-1195): Group "A" contains:   2 bodies   3 properties   0 notes   1 wires   0 dots   0 images
INFO(SPCOCN-1445): Reading CAEN_PORTS.SCH.1.1 into drawing #2.
WARNING(SPCOCN-1200): Using group A
INFO(SPCOCN-1195): Group "A" contains:   16 bodies   36 properties   0 notes   8 wires   0 dots   0 images
WARNING(SPCOCN-1200): Using group A
INFO(SPCOCN-1195): Group "A" contains:   16 bodies   38 properties   0 notes   8 wires   0 dots   0 images
WARNING(SPCOCN-1200): Using group A
INFO(SPCOCN-1195): Group "A" contains:   5 bodies   12 properties   0 notes   2 wires   0 dots   0 images
WARNING(SPCOCN-939): While copying a group of objects on the schematic, 2 properties were left out because the component to which these properties are attached (property owner) was not selected. Ensure that when copying properties, you always select the component to which the properties are attached.
No part or text selected.

WARNING(SPCOCN-1200): Using group A
INFO(SPCOCN-1195): Group "A" contains:   4 bodies   5 properties   0 notes   2 wires   0 dots   0 images
WARNING(SPCOCN-982): The operation could not be performed because no object on the drawing was selected.
INFO(SPCOCN-1000): Pin: I52.G selected.
INFO(SPCOCN-1001): Component: I51 selected.
WARNING(SPCOCN-982): The operation could not be performed because no object on the drawing was selected.
WARNING(SPCOCN-1202): Including in group A
INFO(SPCOCN-1195): Group "A" contains:   1 bodies   0 properties   0 notes   0 wires   0 dots   0 images
INFO(SPCOCN-1195): Group "A" contains:   1 bodies   0 properties   0 notes   1 wires   0 dots   0 images
INFO(SPCOCN-1195): Group "A" contains:   2 bodies   0 properties   0 notes   1 wires   0 dots   0 images
INFO(SPCOCN-1070): Checking drawing...
INFO(SPCOCN-1028): writing <tubii_lib>CAEN_PORTS.SCH.1.1:
INFO(SPCOCN-1044): writing binary file...
INFO(SPCOCN-1049): writing ASCII file...
INFO(SPCOCN-1053): writing connectivity file...
INFO(SPCOCN-1054): ...written

CSDirect 16.6-p007 (v16-6-112F)

Netlisting block caen_ports

Processing page 1

INFO(SPCOCN-1640): writing occurrence data...
INFO(SPCOCN-1054): ...written
INFO(SPCOCN-1445): Reading CAEN_PORTS.SCH.1.1 into drawing #2.
INFO(SPCOCN-1070): Checking drawing...
INFO(SPCOCN-1028): writing <tubii_lib>PORTS.SCH.1.1:
INFO(SPCOCN-1044): writing binary file...
INFO(SPCOCN-1049): writing ASCII file...
INFO(SPCOCN-1053): writing connectivity file...
INFO(SPCOCN-1054): ...written

CSDirect 16.6-p007 (v16-6-112F)

Netlisting block ports

Processing page 1

No netlisting errors found. 

INFO(SPCOCN-1640): writing occurrence data...
INFO(SPCOCN-1054): ...written
INFO(SPCOCN-1001): Component: I155 selected.
INFO(SPCOCN-1445): Reading GT_DELAYS_PORTS.SCH.1.1 into drawing #1.
INFO(SPCOCN-1445): Reading PORTS.SCH.1.1 into drawing #1.
INFO(SPCOCN-1001): Component: I154 selected.
INFO(SPCOCN-1854): The drawing PORTS.SCH.1.1
INFO(SPCOCN-578): will be retained as drawing #1.
INFO(SPCOCN-1445): Reading GENERIC_UTILITIES_PORTS.SCH.1.1 into drawing #2.
INFO(SPCOCN-1443): PORTS.SCH.1.1 has been previously edited as drawing #1.
INFO(SPCOCN-1070): Checking drawing...
INFO(SPCOCN-1028): writing <tubii_lib>PORTS.SCH.1.1:
INFO(SPCOCN-1044): writing binary file...
INFO(SPCOCN-1049): writing ASCII file...
INFO(SPCOCN-1053): writing connectivity file...
INFO(SPCOCN-1054): ...written

CSDirect 16.6-p007 (v16-6-112F)

Netlisting block ports

Processing page 1

No netlisting errors found. 

INFO(SPCOCN-1640): writing occurrence data...
INFO(SPCOCN-1054): ...written
INFO(SPCOCN-1446): New schematic TUBII.SCH.1.3 started as drawing #1.
INFO(SPCOCN-1445): Reading PORTS.SCH.1.1 into drawing #1.
INFO(SPCOCN-1445): Reading TUBII.SCH.1.2 into drawing #1.
INFO(SPCOCN-1001): Component: I1 selected.
INFO(SPCOCN-1445): Reading TRIGGER_UTILITY_BOARD_MKII.SCH.1.1 into drawing #1.
INFO(SPCOCN-1070): Checking drawing...
INFO(SPCOCN-1028): writing <tubii_lib>MICROZEDCONNECTION.SYM.1.1:
INFO(SPCOCN-1051): writing body file...
INFO(SPCOCN-1054): ...written
WARNING(SPCOCN-1080): Block 'MICROZEDCONNECTION' Errors/Warnings found during save operation.  Load the following marker file:temp/microzedconnection.mkr.
INFO(SPCOCN-1070): Checking drawing...
INFO(SPCOCN-1028): writing <tubii_lib>TRIGGER_UTILITY_BOARD_MKII.SCH.1.1:
INFO(SPCOCN-1044): writing binary file...
INFO(SPCOCN-1049): writing ASCII file...
INFO(SPCOCN-1053): writing connectivity file...
INFO(SPCOCN-1054): ...written

CSDirect 16.6-p007 (v16-6-112F)

Netlisting block trigger_utility_board_mkii

Processing page 1

Following ports were added to the block 'trigger_utility_board_mkii' : 
		tubii_rt
The connectivity of parent blocks will be updated by saving the following pages:
		Block: tubii	Page: 2

INFO(SPCOCN-1028): writing <tubii_lib>tubii.SCH.1.2:
INFO(SPCOCN-1044): writing binary file...
INFO(SPCOCN-1049): writing ASCII file...
INFO(SPCOCN-1053): writing connectivity file...
INFO(SPCOCN-1054): ...written

CSDirect 16.6-p007 (v16-6-112F)

Netlisting block tubii

Processing page 2

No netlisting errors found. 

WARNING(SPCOCN-2106): Errors and warnings were found while updating connectivity of pages due to port addition. 
Check the following markers file for errors and warnings:
temp/trigger_utility_board_mkii.sch_1.mkr


INFO(SPCOCN-1640): writing occurrence data...
INFO(SPCOCN-1054): ...written
INFO(SPCOCN-1854): The drawing TRIGGER_UTILITY_BOARD_MKII.SCH.1.1
INFO(SPCOCN-578): will be retained as drawing #1.
INFO(SPCOCN-1446): New schematic TUBII.SCH.1.3 started as drawing #2.
INFO(SPCOCN-1445): Reading TUBII.SCH.1.2 into drawing #2.
WARNING(SPCOCN-964): The block pin could not be renamed because you clicked on an area that lies outside of the block. Ensure that you click only on the pin that needs to be renamed.
WARNING(SPCOCN-982): The operation could not be performed because no object on the drawing was selected.
WARNING(SPCOCN-982): The operation could not be performed because no object on the drawing was selected.
WARNING(SPCOCN-982): The operation could not be performed because no object on the drawing was selected.
WARNING(SPCOCN-969): The delete operation could not be performed because no pin was selected. Also, no pin was located near the area you clicked. Ensure that you select the pin to be deleted.
INFO(SPCOCN-1001): Component: I3 selected.
INFO(SPCOCN-1070): Checking drawing...
INFO(SPCOCN-1028): writing <tubii_lib>PORTS2.SYM.1.1:
INFO(SPCOCN-1051): writing body file...
INFO(SPCOCN-1054): ...written
WARNING(SPCOCN-1080): Block 'PORTS2' Errors/Warnings found during save operation.  Load the following marker file:temp/ports2.mkr.
INFO(SPCOCN-1028): writing <tubii_lib>TRIGGER_UTILITY_BOARD_MKII.SYM.1.1:
INFO(SPCOCN-1051): writing body file...
INFO(SPCOCN-1054): ...written
INFO(SPCOCN-1028): writing <tubii_lib>TRIGGER_UTILITY_BOARD_MKII.SCH.1.1:
INFO(SPCOCN-1044): writing binary file...
INFO(SPCOCN-1049): writing ASCII file...
INFO(SPCOCN-1053): writing connectivity file...
INFO(SPCOCN-1054): ...written

CSDirect 16.6-p007 (v16-6-112F)

Netlisting block trigger_utility_board_mkii

Processing page 1

WARNING(SPCOCN-1080): Block 'TRIGGER_UTILITY_BOARD_MKII' Errors/Warnings found during save operation.  Load the following marker file:temp/trigger_utility_board_mkii.mkr.
INFO(SPCOCN-1070): Checking drawing...
INFO(SPCOCN-1028): writing <tubii_lib>TUBII.SCH.1.2:
INFO(SPCOCN-1044): writing binary file...
INFO(SPCOCN-1049): writing ASCII file...
INFO(SPCOCN-1053): writing connectivity file...
INFO(SPCOCN-1054): ...written

CSDirect 16.6-p007 (v16-6-112F)

Netlisting block tubii

Processing page 2

No netlisting errors found. 

INFO(SPCOCN-1640): writing occurrence data...
INFO(SPCOCN-1054): ...written
INFO(SPCOCN-1001): Component: I3 selected.
INFO(SPCOCN-1445): Reading PORTS2.SCH.1.1 into drawing #2.
INFO(SPCOCN-1070): Checking drawing...
INFO(SPCOCN-1028): writing <tubii_lib>TUBII_TRIGGERS.SYM.1.1:
INFO(SPCOCN-1051): writing body file...
INFO(SPCOCN-1054): ...written
WARNING(SPCOCN-1080): Block 'TUBII_TRIGGERS' Errors/Warnings found during save operation.  Load the following marker file:temp/tubii_triggers.mkr.
INFO(SPCOCN-1070): Checking drawing...
INFO(SPCOCN-1028): writing <tubii_lib>PORTS2.SCH.1.1:
INFO(SPCOCN-1044): writing binary file...
INFO(SPCOCN-1049): writing ASCII file...
INFO(SPCOCN-1053): writing connectivity file...
INFO(SPCOCN-1054): ...written

CSDirect 16.6-p007 (v16-6-112F)

Netlisting block ports2

Processing page 1

Following ports were added to the block 'ports2' : 
		tubii_rt
The connectivity of parent blocks will be updated by saving the following pages:
		Block: tubii	Page: 2

INFO(SPCOCN-1028): writing <tubii_lib>tubii.SCH.1.2:
INFO(SPCOCN-1044): writing binary file...
INFO(SPCOCN-1049): writing ASCII file...
INFO(SPCOCN-1053): writing connectivity file...
INFO(SPCOCN-1054): ...written

CSDirect 16.6-p007 (v16-6-112F)

Netlisting block tubii

Processing page 2

No netlisting errors found. 

WARNING(SPCOCN-2106): Errors and warnings were found while updating connectivity of pages due to port addition. 
Check the following markers file for errors and warnings:
temp/ports2.sch_1.mkr


INFO(SPCOCN-1640): writing occurrence data...
INFO(SPCOCN-1054): ...written
INFO(SPCOCN-1001): Component: I21 selected.
INFO(SPCOCN-1445): Reading TUBII_TRIGGERS.SCH.1.1 into drawing #2.
WARNING(SPCOCN-982): The operation could not be performed because no object on the drawing was selected.
WARNING(SPCOCN-982): The operation could not be performed because no object on the drawing was selected.
WARNING(SPCOCN-982): The operation could not be performed because no object on the drawing was selected.
WARNING(SPCOCN-1200): Using group A
INFO(SPCOCN-1195): Group "A" contains:   10 bodies   36 properties   2 notes   14 wires   2 dots   0 images
INFO(SPCOCN-1070): Checking drawing...
INFO(SPCOCN-1028): writing <tubii_lib>TUBII_TRIGGERS.SCH.1.1:
INFO(SPCOCN-1044): writing binary file...
INFO(SPCOCN-1049): writing ASCII file...
INFO(SPCOCN-1053): writing connectivity file...
INFO(SPCOCN-1054): ...written

CSDirect 16.6-p007 (v16-6-112F)

Netlisting block tubii_triggers

Processing page 1

INFO(SPCOCN-1640): writing occurrence data...
INFO(SPCOCN-1054): ...written
INFO(SPCOCN-1070): Checking drawing...
INFO(SPCOCN-1028): writing <tubii_lib>TUBII_TRIGGERS.SCH.1.1:
INFO(SPCOCN-1044): writing binary file...
INFO(SPCOCN-1049): writing ASCII file...
INFO(SPCOCN-1053): writing connectivity file...
INFO(SPCOCN-1054): ...written

CSDirect 16.6-p007 (v16-6-112F)

Netlisting block tubii_triggers

Processing page 1

No netlisting errors found. 

Following ports were added to the block 'tubii_triggers' : 
		tubii_rt
The connectivity of parent blocks will be updated by saving the following pages:
		Block: ports2	Page: 1

INFO(SPCOCN-1028): writing <tubii_lib>ports2.SCH.1.1:
INFO(SPCOCN-1044): writing binary file...
INFO(SPCOCN-1049): writing ASCII file...
INFO(SPCOCN-1053): writing connectivity file...
INFO(SPCOCN-1054): ...written

CSDirect 16.6-p007 (v16-6-112F)

Netlisting block ports2

Processing page 1

INFO(SPCOCN-1640): writing occurrence data...
INFO(SPCOCN-1054): ...written
INFO(SPCOCN-1445): Reading PORTS2.SCH.1.1 into drawing #2.
INFO(SPCOCN-1507): Adding version 1 of part TESTPOINT_L from library misc
INFO(SPCOCN-999): Signal: GND selected.
INFO(SPCOCN-1070): Checking drawing...
INFO(SPCOCN-1028): writing <tubii_lib>PORTS2.SCH.1.1:
INFO(SPCOCN-1044): writing binary file...
INFO(SPCOCN-1049): writing ASCII file...
INFO(SPCOCN-1053): writing connectivity file...
INFO(SPCOCN-1054): ...written

CSDirect 16.6-p007 (v16-6-112F)

Netlisting block ports2

Processing page 1

INFO(SPCOCN-1640): writing occurrence data...
INFO(SPCOCN-1054): ...written
INFO(SPCOCN-1446): New schematic TUBII.SCH.1.3 started as drawing #2.
INFO(SPCOCN-1445): Reading TUBII.SCH.1.2 into drawing #2.
INFO(SPCOCN-1001): Component: I3 selected.
INFO(SPCOCN-1445): Reading PORTS2.SCH.1.1 into drawing #2.
WARNING(SPCOCN-1200): Using group A
INFO(SPCOCN-1195): Group "A" contains:   2 bodies   6 properties   1 notes   2 wires   0 dots   0 images
INFO(SPCOCN-1070): Checking drawing...
INFO(SPCOCN-1028): writing <tubii_lib>PORTS2.SCH.1.1:
INFO(SPCOCN-1044): writing binary file...
INFO(SPCOCN-1049): writing ASCII file...
INFO(SPCOCN-1053): writing connectivity file...
INFO(SPCOCN-1054): ...written

CSDirect 16.6-p007 (v16-6-112F)

Netlisting block ports2

Processing page 1

No netlisting errors found. 

Following ports were added to the block 'ports2' : 
		clock100_outh
		clock100_outl
The connectivity of parent blocks will be updated by saving the following pages:
		Block: tubii	Page: 2

INFO(SPCOCN-1028): writing <tubii_lib>tubii.SCH.1.2:
INFO(SPCOCN-1044): writing binary file...
INFO(SPCOCN-1049): writing ASCII file...
INFO(SPCOCN-1053): writing connectivity file...
INFO(SPCOCN-1054): ...written

CSDirect 16.6-p007 (v16-6-112F)

Netlisting block tubii

Processing page 2

No netlisting errors found. 

INFO(SPCOCN-1640): writing occurrence data...
INFO(SPCOCN-1054): ...written
INFO(SPCOCN-1446): New schematic TUBII.SCH.1.3 started as drawing #2.
INFO(SPCOCN-1445): Reading TUBII.SCH.1.2 into drawing #2.
INFO(SPCOCN-1001): Component: I3 selected.
INFO(SPCOCN-1001): Component: I3 selected.
INFO(SPCOCN-1001): Component: I3 selected.
INFO(SPCOCN-1445): Reading PORTS2.SCH.1.1 into drawing #2.
INFO(SPCOCN-1446): New schematic TUBII.SCH.1.3 started as drawing #2.
INFO(SPCOCN-1445): Reading CAEN_CHAT.SCH.1.1 into drawing #2.
INFO(SPCOCN-1445): Reading CAEN_COMS.SCH.1.1 into drawing #2.
INFO(SPCOCN-1507): Adding version 1 of part LED_L from library misc
INFO(SPCOCN-1507): Adding version 1 of part LED_L from library misc
INFO(SPCOCN-1507): Adding version 1 of part LED_L from library misc
INFO(SPCOCN-1507): Adding version 1 of part LED_L from library misc
INFO(SPCOCN-1445): Reading GT_DELAYS.SCH.1.1 into drawing #1.
INFO(SPCOCN-1445): Reading TRIGGER_UTILITY_BOARD_MKII.SCH.1.1 into drawing #1.
INFO(SPCOCN-1001): Component: I9 selected.
INFO(SPCOCN-1445): Reading TUBII_SPKR.SCH.1.1 into drawing #1.
INFO(SPCOCN-1001): Component: I19 selected.
INFO(SPCOCN-1001): Component: I83 selected.
INFO(SPCOCN-1507): Adding version 1 of part GND from library misc
INFO(SPCOCN-1001): Component: I86 selected.
INFO(SPCOCN-1001): Component: I88 selected.
INFO(SPCOCN-1195): Group contains:   44 bodies   69 properties   8 notes   242 wires   35 dots   0 images
INFO(SPCOCN-1070): Checking drawing...
INFO(SPCOCN-1028): writing <tubii_lib>CAEN_COMS.SCH.1.1:
INFO(SPCOCN-1044): writing binary file...
INFO(SPCOCN-1049): writing ASCII file...
INFO(SPCOCN-1053): writing connectivity file...
INFO(SPCOCN-1054): ...written

CSDirect 16.6-p007 (v16-6-112F)

Netlisting block caen_coms

Processing page 1

No netlisting errors found. 

INFO(SPCOCN-1640): writing occurrence data...
INFO(SPCOCN-1054): ...written
INFO(SPCOCN-1070): Checking drawing...
INFO(SPCOCN-1028): writing <tubii_lib>CAEN_COMS.SCH.1.1:
INFO(SPCOCN-1044): writing binary file...
INFO(SPCOCN-1049): writing ASCII file...
INFO(SPCOCN-1053): writing connectivity file...
INFO(SPCOCN-1054): ...written

CSDirect 16.6-p007 (v16-6-112F)

Netlisting block caen_coms

Processing page 1

No netlisting errors found. 

INFO(SPCOCN-1640): writing occurrence data...
INFO(SPCOCN-1054): ...written
INFO(SPCOCN-1507): Adding version 1 of part LED_L from library misc
INFO(SPCOCN-1001): Component: I91 selected.
INFO(SPCOCN-1001): Component: I91 selected.
WARNING(SPCOCN-1200): Using group A
INFO(SPCOCN-1195): Group "A" contains:   7 bodies   7 properties   0 notes   0 wires   0 dots   0 images
INFO(SPCOCN-1070): Checking drawing...
INFO(SPCOCN-1028): writing <tubii_lib>CAEN_COMS.SCH.1.1:
INFO(SPCOCN-1044): writing binary file...
INFO(SPCOCN-1049): writing ASCII file...
INFO(SPCOCN-1053): writing connectivity file...
INFO(SPCOCN-1054): ...written

CSDirect 16.6-p007 (v16-6-112F)

Netlisting block caen_coms

Processing page 1

No netlisting errors found. 

INFO(SPCOCN-1640): writing occurrence data...
INFO(SPCOCN-1054): ...written
INFO(SPCOCN-1070): Checking drawing...
INFO(SPCOCN-1028): writing <tubii_lib>CAEN_COMS.SCH.1.1:
INFO(SPCOCN-1044): writing binary file...
INFO(SPCOCN-1049): writing ASCII file...
INFO(SPCOCN-1053): writing connectivity file...
INFO(SPCOCN-1054): ...written

CSDirect 16.6-p007 (v16-6-112F)

Netlisting block caen_coms

Processing page 1

No netlisting errors found. 

INFO(SPCOCN-1640): writing occurrence data...
INFO(SPCOCN-1054): ...written
