FILE_TYPE=LIBRARY_PARTS;
TIME=' COMPILATION ON TUE MAY  9 10:30:07 1995  ';
primitive 'AD876';
  pin
    'D'<9>:
      PIN_NUMBER='(3)';
      OUTPUT_LOAD='(1.0,-1.0)';
    'D'<8>:
      PIN_NUMBER='(4)';
      OUTPUT_LOAD='(1.0,-1.0)';
    'D'<7>:
      PIN_NUMBER='(5)';
      OUTPUT_LOAD='(1.0,-1.0)';
    'D'<6>:
      PIN_NUMBER='(6)';
      OUTPUT_LOAD='(1.0,-1.0)';
    'D'<5>:
      PIN_NUMBER='(7)';
      OUTPUT_LOAD='(1.0,-1.0)';
    'D'<4>:
      PIN_NUMBER='(8)';
      OUTPUT_LOAD='(1.0,-1.0)';
    'D'<3>:
      PIN_NUMBER='(9)';
      OUTPUT_LOAD='(1.0,-1.0)';
    'D'<2>:
      PIN_NUMBER='(10)';
      OUTPUT_LOAD='(1.0,-1.0)';
    'D'<1>:
      PIN_NUMBER='(11)';
      OUTPUT_LOAD='(1.0,-1.0)';
    'D'<0>:
      PIN_NUMBER='(12)';
      OUTPUT_LOAD='(1.0,-1.0)';
    'AIN':
      PIN_NUMBER='(27)';
      PIN_TYPE='ANALOG';
      NO_LOAD_CHECK='BOTH';
      UNKNOWN_LOADING='TRUE';
    'CML':
      PIN_NUMBER='(26)';
      INPUT_LOAD='(-0.01,0.01)';
    'REFBF':
      PIN_NUMBER='(24)';
      INPUT_LOAD='(-0.01,0.01)';
    'REFTF':
      PIN_NUMBER='(22)';
      INPUT_LOAD='(-0.01,0.01)';
    'REFBS':
      PIN_NUMBER='(25)';
      OUTPUT_LOAD='(1.0,-1.0)';
    'REFTS':
      PIN_NUMBER='(21)';
      OUTPUT_LOAD='(1.0,-1.0)';
    'STBY':
      PIN_NUMBER='(17)';
      INPUT_LOAD='(-0.01,0.01)';
    'THREE_STATE':
      PIN_NUMBER='(16)';
      INPUT_LOAD='(-0.01,0.01)';
    'CLK':
      PIN_NUMBER='(15)';
      INPUT_LOAD='(-0.01,0.01)';
  end_pin;
  body
    JEDEC_TYPE='SOIC';
    POWER_PINS='(AVSS:1)';
    POWER_PINS='(DRVDD:2)';
    POWER_PINS='(DRVSS:13)';
    POWER_PINS='(DVSS:14)';
    POWER_PINS='(AVDD:28)';
    POWER_PINS='(NC:23)';
    POWER_PINS='(DVSS:19,20)';
    POWER_PINS='(DVDD:18)';
  end_body;
end_primitive;
END.
