FILE_TYPE=LIBRARY_PARTS;
TIME=' COMPILATION ON FRI JAN 12 11:14:10 1996  ';
primitive 'CONN165A';
  pin
    'A1':
      PIN_NUMBER='(1)';
      PIN_GROUP='(A)';
      PIN_TYPE='ANALOG';
      NO_LOAD_CHECK='BOTH';
      UNKNOWN_LOADING='TRUE';
    'B1':
      PIN_NUMBER='(34)';
      PIN_GROUP='(A)';
      PIN_TYPE='ANALOG';
      NO_LOAD_CHECK='BOTH';
      UNKNOWN_LOADING='TRUE';
    'C1':
      PIN_NUMBER='(67)';
      PIN_GROUP='(A)';
      PIN_TYPE='ANALOG';
      NO_LOAD_CHECK='BOTH';
      UNKNOWN_LOADING='TRUE';
    'D1':
      PIN_NUMBER='(100)';
      PIN_GROUP='(A)';
      PIN_TYPE='ANALOG';
      NO_LOAD_CHECK='BOTH';
      UNKNOWN_LOADING='TRUE';
    'E1':
      PIN_NUMBER='(133)';
      PIN_GROUP='(A)';
      PIN_TYPE='ANALOG';
      NO_LOAD_CHECK='BOTH';
      UNKNOWN_LOADING='TRUE';
    'A2':
      PIN_NUMBER='(2)';
      PIN_GROUP='(A)';
      PIN_TYPE='ANALOG';
      NO_LOAD_CHECK='BOTH';
      UNKNOWN_LOADING='TRUE';
    'B2':
      PIN_NUMBER='(35)';
      PIN_GROUP='(A)';
      PIN_TYPE='ANALOG';
      NO_LOAD_CHECK='BOTH';
      UNKNOWN_LOADING='TRUE';
    'C2':
      PIN_NUMBER='(68)';
      PIN_GROUP='(A)';
      PIN_TYPE='ANALOG';
      NO_LOAD_CHECK='BOTH';
      UNKNOWN_LOADING='TRUE';
    'D2':
      PIN_NUMBER='(101)';
      PIN_GROUP='(A)';
      PIN_TYPE='ANALOG';
      NO_LOAD_CHECK='BOTH';
      UNKNOWN_LOADING='TRUE';
    'E2':
      PIN_NUMBER='(134)';
      PIN_GROUP='(A)';
      PIN_TYPE='ANALOG';
      NO_LOAD_CHECK='BOTH';
      UNKNOWN_LOADING='TRUE';
    'A3':
      PIN_NUMBER='(3)';
      PIN_GROUP='(A)';
      PIN_TYPE='ANALOG';
      NO_LOAD_CHECK='BOTH';
      UNKNOWN_LOADING='TRUE';
    'B3':
      PIN_NUMBER='(36)';
      PIN_GROUP='(A)';
      PIN_TYPE='ANALOG';
      NO_LOAD_CHECK='BOTH';
      UNKNOWN_LOADING='TRUE';
    'C3':
      PIN_NUMBER='(69)';
      PIN_GROUP='(A)';
      PIN_TYPE='ANALOG';
      NO_LOAD_CHECK='BOTH';
      UNKNOWN_LOADING='TRUE';
    'D3':
      PIN_NUMBER='(102)';
      PIN_GROUP='(A)';
      PIN_TYPE='ANALOG';
      NO_LOAD_CHECK='BOTH';
      UNKNOWN_LOADING='TRUE';
    'E3':
      PIN_NUMBER='(135)';
      PIN_GROUP='(A)';
      PIN_TYPE='ANALOG';
      NO_LOAD_CHECK='BOTH';
      UNKNOWN_LOADING='TRUE';
    'A4':
      PIN_NUMBER='(4)';
      PIN_GROUP='(A)';
      PIN_TYPE='ANALOG';
      NO_LOAD_CHECK='BOTH';
      UNKNOWN_LOADING='TRUE';
    'B4':
      PIN_NUMBER='(37)';
      PIN_GROUP='(A)';
      PIN_TYPE='ANALOG';
      NO_LOAD_CHECK='BOTH';
      UNKNOWN_LOADING='TRUE';
    'C4':
      PIN_NUMBER='(70)';
      PIN_GROUP='(A)';
      PIN_TYPE='ANALOG';
      NO_LOAD_CHECK='BOTH';
      UNKNOWN_LOADING='TRUE';
    'D4':
      PIN_NUMBER='(103)';
      PIN_GROUP='(A)';
      PIN_TYPE='ANALOG';
      NO_LOAD_CHECK='BOTH';
      UNKNOWN_LOADING='TRUE';
    'E4':
      PIN_NUMBER='(136)';
      PIN_GROUP='(A)';
      PIN_TYPE='ANALOG';
      NO_LOAD_CHECK='BOTH';
      UNKNOWN_LOADING='TRUE';
    'A5':
      PIN_NUMBER='(5)';
      PIN_GROUP='(A)';
      PIN_TYPE='ANALOG';
      NO_LOAD_CHECK='BOTH';
      UNKNOWN_LOADING='TRUE';
    'B5':
      PIN_NUMBER='(38)';
      PIN_GROUP='(A)';
      PIN_TYPE='ANALOG';
      NO_LOAD_CHECK='BOTH';
      UNKNOWN_LOADING='TRUE';
    'C5':
      PIN_NUMBER='(71)';
      PIN_GROUP='(A)';
      PIN_TYPE='ANALOG';
      NO_LOAD_CHECK='BOTH';
      UNKNOWN_LOADING='TRUE';
    'D5':
      PIN_NUMBER='(104)';
      PIN_GROUP='(A)';
      PIN_TYPE='ANALOG';
      NO_LOAD_CHECK='BOTH';
      UNKNOWN_LOADING='TRUE';
    'E5':
      PIN_NUMBER='(137)';
      PIN_GROUP='(A)';
      PIN_TYPE='ANALOG';
      NO_LOAD_CHECK='BOTH';
      UNKNOWN_LOADING='TRUE';
    'A6':
      PIN_NUMBER='(6)';
      PIN_GROUP='(A)';
      PIN_TYPE='ANALOG';
      NO_LOAD_CHECK='BOTH';
      UNKNOWN_LOADING='TRUE';
    'B6':
      PIN_NUMBER='(39)';
      PIN_GROUP='(A)';
      PIN_TYPE='ANALOG';
      NO_LOAD_CHECK='BOTH';
      UNKNOWN_LOADING='TRUE';
    'C6':
      PIN_NUMBER='(72)';
      PIN_GROUP='(A)';
      PIN_TYPE='ANALOG';
      NO_LOAD_CHECK='BOTH';
      UNKNOWN_LOADING='TRUE';
    'D6':
      PIN_NUMBER='(105)';
      PIN_GROUP='(A)';
      PIN_TYPE='ANALOG';
      NO_LOAD_CHECK='BOTH';
      UNKNOWN_LOADING='TRUE';
    'E6':
      PIN_NUMBER='(138)';
      PIN_GROUP='(A)';
      PIN_TYPE='ANALOG';
      NO_LOAD_CHECK='BOTH';
      UNKNOWN_LOADING='TRUE';
    'A7':
      PIN_NUMBER='(7)';
      PIN_GROUP='(A)';
      PIN_TYPE='ANALOG';
      NO_LOAD_CHECK='BOTH';
      UNKNOWN_LOADING='TRUE';
    'B7':
      PIN_NUMBER='(40)';
      PIN_GROUP='(A)';
      PIN_TYPE='ANALOG';
      NO_LOAD_CHECK='BOTH';
      UNKNOWN_LOADING='TRUE';
    'C7':
      PIN_NUMBER='(73)';
      PIN_GROUP='(A)';
      PIN_TYPE='ANALOG';
      NO_LOAD_CHECK='BOTH';
      UNKNOWN_LOADING='TRUE';
    'D7':
      PIN_NUMBER='(106)';
      PIN_GROUP='(A)';
      PIN_TYPE='ANALOG';
      NO_LOAD_CHECK='BOTH';
      UNKNOWN_LOADING='TRUE';
    'E7':
      PIN_NUMBER='(139)';
      PIN_GROUP='(A)';
      PIN_TYPE='ANALOG';
      NO_LOAD_CHECK='BOTH';
      UNKNOWN_LOADING='TRUE';
    'A8':
      PIN_NUMBER='(8)';
      PIN_GROUP='(A)';
      PIN_TYPE='ANALOG';
      NO_LOAD_CHECK='BOTH';
      UNKNOWN_LOADING='TRUE';
    'B8':
      PIN_NUMBER='(41)';
      PIN_GROUP='(A)';
      PIN_TYPE='ANALOG';
      NO_LOAD_CHECK='BOTH';
      UNKNOWN_LOADING='TRUE';
    'C8':
      PIN_NUMBER='(74)';
      PIN_GROUP='(A)';
      PIN_TYPE='ANALOG';
      NO_LOAD_CHECK='BOTH';
      UNKNOWN_LOADING='TRUE';
    'D8':
      PIN_NUMBER='(107)';
      PIN_GROUP='(A)';
      PIN_TYPE='ANALOG';
      NO_LOAD_CHECK='BOTH';
      UNKNOWN_LOADING='TRUE';
    'E8':
      PIN_NUMBER='(140)';
      PIN_GROUP='(A)';
      PIN_TYPE='ANALOG';
      NO_LOAD_CHECK='BOTH';
      UNKNOWN_LOADING='TRUE';
    'A9':
      PIN_NUMBER='(9)';
      PIN_GROUP='(A)';
      PIN_TYPE='ANALOG';
      NO_LOAD_CHECK='BOTH';
      UNKNOWN_LOADING='TRUE';
    'B9':
      PIN_NUMBER='(42)';
      PIN_GROUP='(A)';
      PIN_TYPE='ANALOG';
      NO_LOAD_CHECK='BOTH';
      UNKNOWN_LOADING='TRUE';
    'C9':
      PIN_NUMBER='(75)';
      PIN_GROUP='(A)';
      PIN_TYPE='ANALOG';
      NO_LOAD_CHECK='BOTH';
      UNKNOWN_LOADING='TRUE';
    'D9':
      PIN_NUMBER='(108)';
      PIN_GROUP='(A)';
      PIN_TYPE='ANALOG';
      NO_LOAD_CHECK='BOTH';
      UNKNOWN_LOADING='TRUE';
    'E9':
      PIN_NUMBER='(141)';
      PIN_GROUP='(A)';
      PIN_TYPE='ANALOG';
      NO_LOAD_CHECK='BOTH';
      UNKNOWN_LOADING='TRUE';
    'A10':
      PIN_NUMBER='(10)';
      PIN_GROUP='(A)';
      PIN_TYPE='ANALOG';
      NO_LOAD_CHECK='BOTH';
      UNKNOWN_LOADING='TRUE';
    'B10':
      PIN_NUMBER='(43)';
      PIN_GROUP='(A)';
      PIN_TYPE='ANALOG';
      NO_LOAD_CHECK='BOTH';
      UNKNOWN_LOADING='TRUE';
    'C10':
      PIN_NUMBER='(76)';
      PIN_GROUP='(A)';
      PIN_TYPE='ANALOG';
      NO_LOAD_CHECK='BOTH';
      UNKNOWN_LOADING='TRUE';
    'D10':
      PIN_NUMBER='(109)';
      PIN_GROUP='(A)';
      PIN_TYPE='ANALOG';
      NO_LOAD_CHECK='BOTH';
      UNKNOWN_LOADING='TRUE';
    'E10':
      PIN_NUMBER='(142)';
      PIN_GROUP='(A)';
      PIN_TYPE='ANALOG';
      NO_LOAD_CHECK='BOTH';
      UNKNOWN_LOADING='TRUE';
    'A11':
      PIN_NUMBER='(11)';
      PIN_GROUP='(A)';
      PIN_TYPE='ANALOG';
      NO_LOAD_CHECK='BOTH';
      UNKNOWN_LOADING='TRUE';
    'B11':
      PIN_NUMBER='(44)';
      PIN_GROUP='(A)';
      PIN_TYPE='ANALOG';
      NO_LOAD_CHECK='BOTH';
      UNKNOWN_LOADING='TRUE';
    'C11':
      PIN_NUMBER='(77)';
      PIN_GROUP='(A)';
      PIN_TYPE='ANALOG';
      NO_LOAD_CHECK='BOTH';
      UNKNOWN_LOADING='TRUE';
    'D11':
      PIN_NUMBER='(110)';
      PIN_GROUP='(A)';
      PIN_TYPE='ANALOG';
      NO_LOAD_CHECK='BOTH';
      UNKNOWN_LOADING='TRUE';
    'E11':
      PIN_NUMBER='(143)';
      PIN_GROUP='(A)';
      PIN_TYPE='ANALOG';
      NO_LOAD_CHECK='BOTH';
      UNKNOWN_LOADING='TRUE';
    'A12':
      PIN_NUMBER='(12)';
      PIN_GROUP='(A)';
      PIN_TYPE='ANALOG';
      NO_LOAD_CHECK='BOTH';
      UNKNOWN_LOADING='TRUE';
    'B12':
      PIN_NUMBER='(45)';
      PIN_GROUP='(A)';
      PIN_TYPE='ANALOG';
      NO_LOAD_CHECK='BOTH';
      UNKNOWN_LOADING='TRUE';
    'C12':
      PIN_NUMBER='(78)';
      PIN_GROUP='(A)';
      PIN_TYPE='ANALOG';
      NO_LOAD_CHECK='BOTH';
      UNKNOWN_LOADING='TRUE';
    'D12':
      PIN_NUMBER='(111)';
      PIN_GROUP='(A)';
      PIN_TYPE='ANALOG';
      NO_LOAD_CHECK='BOTH';
      UNKNOWN_LOADING='TRUE';
    'E12':
      PIN_NUMBER='(144)';
      PIN_GROUP='(A)';
      PIN_TYPE='ANALOG';
      NO_LOAD_CHECK='BOTH';
      UNKNOWN_LOADING='TRUE';
    'A13':
      PIN_NUMBER='(13)';
      PIN_GROUP='(A)';
      PIN_TYPE='ANALOG';
      NO_LOAD_CHECK='BOTH';
      UNKNOWN_LOADING='TRUE';
    'B13':
      PIN_NUMBER='(46)';
      PIN_GROUP='(A)';
      PIN_TYPE='ANALOG';
      NO_LOAD_CHECK='BOTH';
      UNKNOWN_LOADING='TRUE';
    'C13':
      PIN_NUMBER='(79)';
      PIN_GROUP='(A)';
      PIN_TYPE='ANALOG';
      NO_LOAD_CHECK='BOTH';
      UNKNOWN_LOADING='TRUE';
    'D13':
      PIN_NUMBER='(112)';
      PIN_GROUP='(A)';
      PIN_TYPE='ANALOG';
      NO_LOAD_CHECK='BOTH';
      UNKNOWN_LOADING='TRUE';
    'E13':
      PIN_NUMBER='(145)';
      PIN_GROUP='(A)';
      PIN_TYPE='ANALOG';
      NO_LOAD_CHECK='BOTH';
      UNKNOWN_LOADING='TRUE';
    'A14':
      PIN_NUMBER='(14)';
      PIN_GROUP='(A)';
      PIN_TYPE='ANALOG';
      NO_LOAD_CHECK='BOTH';
      UNKNOWN_LOADING='TRUE';
    'B14':
      PIN_NUMBER='(47)';
      PIN_GROUP='(A)';
      PIN_TYPE='ANALOG';
      NO_LOAD_CHECK='BOTH';
      UNKNOWN_LOADING='TRUE';
    'C14':
      PIN_NUMBER='(80)';
      PIN_GROUP='(A)';
      PIN_TYPE='ANALOG';
      NO_LOAD_CHECK='BOTH';
      UNKNOWN_LOADING='TRUE';
    'D14':
      PIN_NUMBER='(113)';
      PIN_GROUP='(A)';
      PIN_TYPE='ANALOG';
      NO_LOAD_CHECK='BOTH';
      UNKNOWN_LOADING='TRUE';
    'E14':
      PIN_NUMBER='(146)';
      PIN_GROUP='(A)';
      PIN_TYPE='ANALOG';
      NO_LOAD_CHECK='BOTH';
      UNKNOWN_LOADING='TRUE';
    'A15':
      PIN_NUMBER='(15)';
      PIN_GROUP='(A)';
      PIN_TYPE='ANALOG';
      NO_LOAD_CHECK='BOTH';
      UNKNOWN_LOADING='TRUE';
    'B15':
      PIN_NUMBER='(48)';
      PIN_GROUP='(A)';
      PIN_TYPE='ANALOG';
      NO_LOAD_CHECK='BOTH';
      UNKNOWN_LOADING='TRUE';
    'C15':
      PIN_NUMBER='(81)';
      PIN_GROUP='(A)';
      PIN_TYPE='ANALOG';
      NO_LOAD_CHECK='BOTH';
      UNKNOWN_LOADING='TRUE';
    'D15':
      PIN_NUMBER='(114)';
      PIN_GROUP='(A)';
      PIN_TYPE='ANALOG';
      NO_LOAD_CHECK='BOTH';
      UNKNOWN_LOADING='TRUE';
    'E15':
      PIN_NUMBER='(147)';
      PIN_GROUP='(A)';
      PIN_TYPE='ANALOG';
      NO_LOAD_CHECK='BOTH';
      UNKNOWN_LOADING='TRUE';
    'A16':
      PIN_NUMBER='(16)';
      PIN_GROUP='(A)';
      PIN_TYPE='ANALOG';
      NO_LOAD_CHECK='BOTH';
      UNKNOWN_LOADING='TRUE';
    'B16':
      PIN_NUMBER='(49)';
      PIN_GROUP='(A)';
      PIN_TYPE='ANALOG';
      NO_LOAD_CHECK='BOTH';
      UNKNOWN_LOADING='TRUE';
    'C16':
      PIN_NUMBER='(82)';
      PIN_GROUP='(A)';
      PIN_TYPE='ANALOG';
      NO_LOAD_CHECK='BOTH';
      UNKNOWN_LOADING='TRUE';
    'D16':
      PIN_NUMBER='(115)';
      PIN_GROUP='(A)';
      PIN_TYPE='ANALOG';
      NO_LOAD_CHECK='BOTH';
      UNKNOWN_LOADING='TRUE';
    'E16':
      PIN_NUMBER='(148)';
      PIN_GROUP='(A)';
      PIN_TYPE='ANALOG';
      NO_LOAD_CHECK='BOTH';
      UNKNOWN_LOADING='TRUE';
    'A17':
      PIN_NUMBER='(17)';
      PIN_GROUP='(A)';
      PIN_TYPE='ANALOG';
      NO_LOAD_CHECK='BOTH';
      UNKNOWN_LOADING='TRUE';
    'B17':
      PIN_NUMBER='(50)';
      PIN_GROUP='(A)';
      PIN_TYPE='ANALOG';
      NO_LOAD_CHECK='BOTH';
      UNKNOWN_LOADING='TRUE';
    'C17':
      PIN_NUMBER='(83)';
      PIN_GROUP='(A)';
      PIN_TYPE='ANALOG';
      NO_LOAD_CHECK='BOTH';
      UNKNOWN_LOADING='TRUE';
    'D17':
      PIN_NUMBER='(116)';
      PIN_GROUP='(A)';
      PIN_TYPE='ANALOG';
      NO_LOAD_CHECK='BOTH';
      UNKNOWN_LOADING='TRUE';
    'E17':
      PIN_NUMBER='(149)';
      PIN_GROUP='(A)';
      PIN_TYPE='ANALOG';
      NO_LOAD_CHECK='BOTH';
      UNKNOWN_LOADING='TRUE';
    'A18':
      PIN_NUMBER='(18)';
      PIN_GROUP='(A)';
      PIN_TYPE='ANALOG';
      NO_LOAD_CHECK='BOTH';
      UNKNOWN_LOADING='TRUE';
    'B18':
      PIN_NUMBER='(51)';
      PIN_GROUP='(A)';
      PIN_TYPE='ANALOG';
      NO_LOAD_CHECK='BOTH';
      UNKNOWN_LOADING='TRUE';
    'C18':
      PIN_NUMBER='(84)';
      PIN_GROUP='(A)';
      PIN_TYPE='ANALOG';
      NO_LOAD_CHECK='BOTH';
      UNKNOWN_LOADING='TRUE';
    'D18':
      PIN_NUMBER='(117)';
      PIN_GROUP='(A)';
      PIN_TYPE='ANALOG';
      NO_LOAD_CHECK='BOTH';
      UNKNOWN_LOADING='TRUE';
    'E18':
      PIN_NUMBER='(150)';
      PIN_GROUP='(A)';
      PIN_TYPE='ANALOG';
      NO_LOAD_CHECK='BOTH';
      UNKNOWN_LOADING='TRUE';
    'A19':
      PIN_NUMBER='(19)';
      PIN_GROUP='(A)';
      PIN_TYPE='ANALOG';
      NO_LOAD_CHECK='BOTH';
      UNKNOWN_LOADING='TRUE';
    'B19':
      PIN_NUMBER='(52)';
      PIN_GROUP='(A)';
      PIN_TYPE='ANALOG';
      NO_LOAD_CHECK='BOTH';
      UNKNOWN_LOADING='TRUE';
    'C19':
      PIN_NUMBER='(85)';
      PIN_GROUP='(A)';
      PIN_TYPE='ANALOG';
      NO_LOAD_CHECK='BOTH';
      UNKNOWN_LOADING='TRUE';
    'D19':
      PIN_NUMBER='(118)';
      PIN_GROUP='(A)';
      PIN_TYPE='ANALOG';
      NO_LOAD_CHECK='BOTH';
      UNKNOWN_LOADING='TRUE';
    'E19':
      PIN_NUMBER='(151)';
      PIN_GROUP='(A)';
      PIN_TYPE='ANALOG';
      NO_LOAD_CHECK='BOTH';
      UNKNOWN_LOADING='TRUE';
    'A20':
      PIN_NUMBER='(20)';
      PIN_GROUP='(A)';
      PIN_TYPE='ANALOG';
      NO_LOAD_CHECK='BOTH';
      UNKNOWN_LOADING='TRUE';
    'B20':
      PIN_NUMBER='(53)';
      PIN_GROUP='(A)';
      PIN_TYPE='ANALOG';
      NO_LOAD_CHECK='BOTH';
      UNKNOWN_LOADING='TRUE';
    'C20':
      PIN_NUMBER='(86)';
      PIN_GROUP='(A)';
      PIN_TYPE='ANALOG';
      NO_LOAD_CHECK='BOTH';
      UNKNOWN_LOADING='TRUE';
    'D20':
      PIN_NUMBER='(119)';
      PIN_GROUP='(A)';
      PIN_TYPE='ANALOG';
      NO_LOAD_CHECK='BOTH';
      UNKNOWN_LOADING='TRUE';
    'E20':
      PIN_NUMBER='(152)';
      PIN_GROUP='(A)';
      PIN_TYPE='ANALOG';
      NO_LOAD_CHECK='BOTH';
      UNKNOWN_LOADING='TRUE';
    'A21':
      PIN_NUMBER='(21)';
      PIN_GROUP='(A)';
      PIN_TYPE='ANALOG';
      NO_LOAD_CHECK='BOTH';
      UNKNOWN_LOADING='TRUE';
    'B21':
      PIN_NUMBER='(54)';
      PIN_GROUP='(A)';
      PIN_TYPE='ANALOG';
      NO_LOAD_CHECK='BOTH';
      UNKNOWN_LOADING='TRUE';
    'C21':
      PIN_NUMBER='(87)';
      PIN_GROUP='(A)';
      PIN_TYPE='ANALOG';
      NO_LOAD_CHECK='BOTH';
      UNKNOWN_LOADING='TRUE';
    'D21':
      PIN_NUMBER='(120)';
      PIN_GROUP='(A)';
      PIN_TYPE='ANALOG';
      NO_LOAD_CHECK='BOTH';
      UNKNOWN_LOADING='TRUE';
    'E21':
      PIN_NUMBER='(153)';
      PIN_GROUP='(A)';
      PIN_TYPE='ANALOG';
      NO_LOAD_CHECK='BOTH';
      UNKNOWN_LOADING='TRUE';
    'A22':
      PIN_NUMBER='(22)';
      PIN_GROUP='(A)';
      PIN_TYPE='ANALOG';
      NO_LOAD_CHECK='BOTH';
      UNKNOWN_LOADING='TRUE';
    'B22':
      PIN_NUMBER='(55)';
      PIN_GROUP='(A)';
      PIN_TYPE='ANALOG';
      NO_LOAD_CHECK='BOTH';
      UNKNOWN_LOADING='TRUE';
    'C22':
      PIN_NUMBER='(88)';
      PIN_GROUP='(A)';
      PIN_TYPE='ANALOG';
      NO_LOAD_CHECK='BOTH';
      UNKNOWN_LOADING='TRUE';
    'D22':
      PIN_NUMBER='(121)';
      PIN_GROUP='(A)';
      PIN_TYPE='ANALOG';
      NO_LOAD_CHECK='BOTH';
      UNKNOWN_LOADING='TRUE';
    'E22':
      PIN_NUMBER='(154)';
      PIN_GROUP='(A)';
      PIN_TYPE='ANALOG';
      NO_LOAD_CHECK='BOTH';
      UNKNOWN_LOADING='TRUE';
    'A23':
      PIN_NUMBER='(23)';
      PIN_GROUP='(A)';
      PIN_TYPE='ANALOG';
      NO_LOAD_CHECK='BOTH';
      UNKNOWN_LOADING='TRUE';
    'B23':
      PIN_NUMBER='(56)';
      PIN_GROUP='(A)';
      PIN_TYPE='ANALOG';
      NO_LOAD_CHECK='BOTH';
      UNKNOWN_LOADING='TRUE';
    'C23':
      PIN_NUMBER='(89)';
      PIN_GROUP='(A)';
      PIN_TYPE='ANALOG';
      NO_LOAD_CHECK='BOTH';
      UNKNOWN_LOADING='TRUE';
    'D23':
      PIN_NUMBER='(122)';
      PIN_GROUP='(A)';
      PIN_TYPE='ANALOG';
      NO_LOAD_CHECK='BOTH';
      UNKNOWN_LOADING='TRUE';
    'E23':
      PIN_NUMBER='(155)';
      PIN_GROUP='(A)';
      PIN_TYPE='ANALOG';
      NO_LOAD_CHECK='BOTH';
      UNKNOWN_LOADING='TRUE';
    'A24':
      PIN_NUMBER='(24)';
      PIN_GROUP='(A)';
      PIN_TYPE='ANALOG';
      NO_LOAD_CHECK='BOTH';
      UNKNOWN_LOADING='TRUE';
    'B24':
      PIN_NUMBER='(57)';
      PIN_GROUP='(A)';
      PIN_TYPE='ANALOG';
      NO_LOAD_CHECK='BOTH';
      UNKNOWN_LOADING='TRUE';
    'C24':
      PIN_NUMBER='(90)';
      PIN_GROUP='(A)';
      PIN_TYPE='ANALOG';
      NO_LOAD_CHECK='BOTH';
      UNKNOWN_LOADING='TRUE';
    'D24':
      PIN_NUMBER='(123)';
      PIN_GROUP='(A)';
      PIN_TYPE='ANALOG';
      NO_LOAD_CHECK='BOTH';
      UNKNOWN_LOADING='TRUE';
    'E24':
      PIN_NUMBER='(156)';
      PIN_GROUP='(A)';
      PIN_TYPE='ANALOG';
      NO_LOAD_CHECK='BOTH';
      UNKNOWN_LOADING='TRUE';
    'A25':
      PIN_NUMBER='(25)';
      PIN_GROUP='(A)';
      PIN_TYPE='ANALOG';
      NO_LOAD_CHECK='BOTH';
      UNKNOWN_LOADING='TRUE';
    'B25':
      PIN_NUMBER='(58)';
      PIN_GROUP='(A)';
      PIN_TYPE='ANALOG';
      NO_LOAD_CHECK='BOTH';
      UNKNOWN_LOADING='TRUE';
    'C25':
      PIN_NUMBER='(91)';
      PIN_GROUP='(A)';
      PIN_TYPE='ANALOG';
      NO_LOAD_CHECK='BOTH';
      UNKNOWN_LOADING='TRUE';
    'D25':
      PIN_NUMBER='(124)';
      PIN_GROUP='(A)';
      PIN_TYPE='ANALOG';
      NO_LOAD_CHECK='BOTH';
      UNKNOWN_LOADING='TRUE';
    'E25':
      PIN_NUMBER='(157)';
      PIN_GROUP='(A)';
      PIN_TYPE='ANALOG';
      NO_LOAD_CHECK='BOTH';
      UNKNOWN_LOADING='TRUE';
    'A26':
      PIN_NUMBER='(26)';
      PIN_GROUP='(A)';
      PIN_TYPE='ANALOG';
      NO_LOAD_CHECK='BOTH';
      UNKNOWN_LOADING='TRUE';
    'B26':
      PIN_NUMBER='(59)';
      PIN_GROUP='(A)';
      PIN_TYPE='ANALOG';
      NO_LOAD_CHECK='BOTH';
      UNKNOWN_LOADING='TRUE';
    'C26':
      PIN_NUMBER='(92)';
      PIN_GROUP='(A)';
      PIN_TYPE='ANALOG';
      NO_LOAD_CHECK='BOTH';
      UNKNOWN_LOADING='TRUE';
    'D26':
      PIN_NUMBER='(125)';
      PIN_GROUP='(A)';
      PIN_TYPE='ANALOG';
      NO_LOAD_CHECK='BOTH';
      UNKNOWN_LOADING='TRUE';
    'E26':
      PIN_NUMBER='(158)';
      PIN_GROUP='(A)';
      PIN_TYPE='ANALOG';
      NO_LOAD_CHECK='BOTH';
      UNKNOWN_LOADING='TRUE';
    'A27':
      PIN_NUMBER='(27)';
      PIN_GROUP='(A)';
      PIN_TYPE='ANALOG';
      NO_LOAD_CHECK='BOTH';
      UNKNOWN_LOADING='TRUE';
    'B27':
      PIN_NUMBER='(60)';
      PIN_GROUP='(A)';
      PIN_TYPE='ANALOG';
      NO_LOAD_CHECK='BOTH';
      UNKNOWN_LOADING='TRUE';
    'C27':
      PIN_NUMBER='(93)';
      PIN_GROUP='(A)';
      PIN_TYPE='ANALOG';
      NO_LOAD_CHECK='BOTH';
      UNKNOWN_LOADING='TRUE';
    'D27':
      PIN_NUMBER='(126)';
      PIN_GROUP='(A)';
      PIN_TYPE='ANALOG';
      NO_LOAD_CHECK='BOTH';
      UNKNOWN_LOADING='TRUE';
    'E27':
      PIN_NUMBER='(159)';
      PIN_GROUP='(A)';
      PIN_TYPE='ANALOG';
      NO_LOAD_CHECK='BOTH';
      UNKNOWN_LOADING='TRUE';
    'A28':
      PIN_NUMBER='(28)';
      PIN_GROUP='(A)';
      PIN_TYPE='ANALOG';
      NO_LOAD_CHECK='BOTH';
      UNKNOWN_LOADING='TRUE';
    'B28':
      PIN_NUMBER='(61)';
      PIN_GROUP='(A)';
      PIN_TYPE='ANALOG';
      NO_LOAD_CHECK='BOTH';
      UNKNOWN_LOADING='TRUE';
    'C28':
      PIN_NUMBER='(94)';
      PIN_GROUP='(A)';
      PIN_TYPE='ANALOG';
      NO_LOAD_CHECK='BOTH';
      UNKNOWN_LOADING='TRUE';
    'D28':
      PIN_NUMBER='(127)';
      PIN_GROUP='(A)';
      PIN_TYPE='ANALOG';
      NO_LOAD_CHECK='BOTH';
      UNKNOWN_LOADING='TRUE';
    'E28':
      PIN_NUMBER='(160)';
      PIN_GROUP='(A)';
      PIN_TYPE='ANALOG';
      NO_LOAD_CHECK='BOTH';
      UNKNOWN_LOADING='TRUE';
    'A29':
      PIN_NUMBER='(29)';
      PIN_GROUP='(A)';
      PIN_TYPE='ANALOG';
      NO_LOAD_CHECK='BOTH';
      UNKNOWN_LOADING='TRUE';
    'B29':
      PIN_NUMBER='(62)';
      PIN_GROUP='(A)';
      PIN_TYPE='ANALOG';
      NO_LOAD_CHECK='BOTH';
      UNKNOWN_LOADING='TRUE';
    'C29':
      PIN_NUMBER='(95)';
      PIN_GROUP='(A)';
      PIN_TYPE='ANALOG';
      NO_LOAD_CHECK='BOTH';
      UNKNOWN_LOADING='TRUE';
    'D29':
      PIN_NUMBER='(128)';
      PIN_GROUP='(A)';
      PIN_TYPE='ANALOG';
      NO_LOAD_CHECK='BOTH';
      UNKNOWN_LOADING='TRUE';
    'E29':
      PIN_NUMBER='(161)';
      PIN_GROUP='(A)';
      PIN_TYPE='ANALOG';
      NO_LOAD_CHECK='BOTH';
      UNKNOWN_LOADING='TRUE';
    'A30':
      PIN_NUMBER='(30)';
      PIN_GROUP='(A)';
      PIN_TYPE='ANALOG';
      NO_LOAD_CHECK='BOTH';
      UNKNOWN_LOADING='TRUE';
    'B30':
      PIN_NUMBER='(63)';
      PIN_GROUP='(A)';
      PIN_TYPE='ANALOG';
      NO_LOAD_CHECK='BOTH';
      UNKNOWN_LOADING='TRUE';
    'C30':
      PIN_NUMBER='(96)';
      PIN_GROUP='(A)';
      PIN_TYPE='ANALOG';
      NO_LOAD_CHECK='BOTH';
      UNKNOWN_LOADING='TRUE';
    'D30':
      PIN_NUMBER='(129)';
      PIN_GROUP='(A)';
      PIN_TYPE='ANALOG';
      NO_LOAD_CHECK='BOTH';
      UNKNOWN_LOADING='TRUE';
    'E30':
      PIN_NUMBER='(162)';
      PIN_GROUP='(A)';
      PIN_TYPE='ANALOG';
      NO_LOAD_CHECK='BOTH';
      UNKNOWN_LOADING='TRUE';
    'A31':
      PIN_NUMBER='(31)';
      PIN_GROUP='(A)';
      PIN_TYPE='ANALOG';
      NO_LOAD_CHECK='BOTH';
      UNKNOWN_LOADING='TRUE';
    'B31':
      PIN_NUMBER='(64)';
      PIN_GROUP='(A)';
      PIN_TYPE='ANALOG';
      NO_LOAD_CHECK='BOTH';
      UNKNOWN_LOADING='TRUE';
    'C31':
      PIN_NUMBER='(97)';
      PIN_GROUP='(A)';
      PIN_TYPE='ANALOG';
      NO_LOAD_CHECK='BOTH';
      UNKNOWN_LOADING='TRUE';
    'D31':
      PIN_NUMBER='(130)';
      PIN_GROUP='(A)';
      PIN_TYPE='ANALOG';
      NO_LOAD_CHECK='BOTH';
      UNKNOWN_LOADING='TRUE';
    'E31':
      PIN_NUMBER='(163)';
      PIN_GROUP='(A)';
      PIN_TYPE='ANALOG';
      NO_LOAD_CHECK='BOTH';
      UNKNOWN_LOADING='TRUE';
    'A32':
      PIN_NUMBER='(32)';
      PIN_GROUP='(A)';
      PIN_TYPE='ANALOG';
      NO_LOAD_CHECK='BOTH';
      UNKNOWN_LOADING='TRUE';
    'B32':
      PIN_NUMBER='(65)';
      PIN_GROUP='(A)';
      PIN_TYPE='ANALOG';
      NO_LOAD_CHECK='BOTH';
      UNKNOWN_LOADING='TRUE';
    'C32':
      PIN_NUMBER='(98)';
      PIN_GROUP='(A)';
      PIN_TYPE='ANALOG';
      NO_LOAD_CHECK='BOTH';
      UNKNOWN_LOADING='TRUE';
    'D32':
      PIN_NUMBER='(131)';
      PIN_GROUP='(A)';
      PIN_TYPE='ANALOG';
      NO_LOAD_CHECK='BOTH';
      UNKNOWN_LOADING='TRUE';
    'E32':
      PIN_NUMBER='(164)';
      PIN_GROUP='(A)';
      PIN_TYPE='ANALOG';
      NO_LOAD_CHECK='BOTH';
      UNKNOWN_LOADING='TRUE';
    'A33':
      PIN_NUMBER='(33)';
      PIN_GROUP='(A)';
      PIN_TYPE='ANALOG';
      NO_LOAD_CHECK='BOTH';
      UNKNOWN_LOADING='TRUE';
    'B33':
      PIN_NUMBER='(66)';
      PIN_GROUP='(A)';
      PIN_TYPE='ANALOG';
      NO_LOAD_CHECK='BOTH';
      UNKNOWN_LOADING='TRUE';
    'C33':
      PIN_NUMBER='(99)';
      PIN_GROUP='(A)';
      PIN_TYPE='ANALOG';
      NO_LOAD_CHECK='BOTH';
      UNKNOWN_LOADING='TRUE';
    'D33':
      PIN_NUMBER='(132)';
      PIN_GROUP='(A)';
      PIN_TYPE='ANALOG';
      NO_LOAD_CHECK='BOTH';
      UNKNOWN_LOADING='TRUE';
    'E33':
      PIN_NUMBER='(165)';
      PIN_GROUP='(A)';
      PIN_TYPE='ANALOG';
      NO_LOAD_CHECK='BOTH';
      UNKNOWN_LOADING='TRUE';
  end_pin;
  body
    JEDEC_TYPE='CONN165';
    CLASS='DISCRETE';
    PART_NAME='CONN165A';
    PHYS_DES_PREFIX='J';
  end_body;
end_primitive;
primitive 'CONN165A_BP';
  pin
    'A1':
      PIN_NUMBER='(1)';
      PIN_GROUP='(A)';
      PIN_TYPE='ANALOG';
      NO_LOAD_CHECK='BOTH';
      UNKNOWN_LOADING='TRUE';
    'B1':
      PIN_NUMBER='(34)';
      PIN_GROUP='(A)';
      PIN_TYPE='ANALOG';
      NO_LOAD_CHECK='BOTH';
      UNKNOWN_LOADING='TRUE';
    'C1':
      PIN_NUMBER='(67)';
      PIN_GROUP='(A)';
      PIN_TYPE='ANALOG';
      NO_LOAD_CHECK='BOTH';
      UNKNOWN_LOADING='TRUE';
    'D1':
      PIN_NUMBER='(100)';
      PIN_GROUP='(A)';
      PIN_TYPE='ANALOG';
      NO_LOAD_CHECK='BOTH';
      UNKNOWN_LOADING='TRUE';
    'E1':
      PIN_NUMBER='(133)';
      PIN_GROUP='(A)';
      PIN_TYPE='ANALOG';
      NO_LOAD_CHECK='BOTH';
      UNKNOWN_LOADING='TRUE';
    'A2':
      PIN_NUMBER='(2)';
      PIN_GROUP='(A)';
      PIN_TYPE='ANALOG';
      NO_LOAD_CHECK='BOTH';
      UNKNOWN_LOADING='TRUE';
    'B2':
      PIN_NUMBER='(35)';
      PIN_GROUP='(A)';
      PIN_TYPE='ANALOG';
      NO_LOAD_CHECK='BOTH';
      UNKNOWN_LOADING='TRUE';
    'C2':
      PIN_NUMBER='(68)';
      PIN_GROUP='(A)';
      PIN_TYPE='ANALOG';
      NO_LOAD_CHECK='BOTH';
      UNKNOWN_LOADING='TRUE';
    'D2':
      PIN_NUMBER='(101)';
      PIN_GROUP='(A)';
      PIN_TYPE='ANALOG';
      NO_LOAD_CHECK='BOTH';
      UNKNOWN_LOADING='TRUE';
    'E2':
      PIN_NUMBER='(134)';
      PIN_GROUP='(A)';
      PIN_TYPE='ANALOG';
      NO_LOAD_CHECK='BOTH';
      UNKNOWN_LOADING='TRUE';
    'A3':
      PIN_NUMBER='(3)';
      PIN_GROUP='(A)';
      PIN_TYPE='ANALOG';
      NO_LOAD_CHECK='BOTH';
      UNKNOWN_LOADING='TRUE';
    'B3':
      PIN_NUMBER='(36)';
      PIN_GROUP='(A)';
      PIN_TYPE='ANALOG';
      NO_LOAD_CHECK='BOTH';
      UNKNOWN_LOADING='TRUE';
    'C3':
      PIN_NUMBER='(69)';
      PIN_GROUP='(A)';
      PIN_TYPE='ANALOG';
      NO_LOAD_CHECK='BOTH';
      UNKNOWN_LOADING='TRUE';
    'D3':
      PIN_NUMBER='(102)';
      PIN_GROUP='(A)';
      PIN_TYPE='ANALOG';
      NO_LOAD_CHECK='BOTH';
      UNKNOWN_LOADING='TRUE';
    'E3':
      PIN_NUMBER='(135)';
      PIN_GROUP='(A)';
      PIN_TYPE='ANALOG';
      NO_LOAD_CHECK='BOTH';
      UNKNOWN_LOADING='TRUE';
    'A4':
      PIN_NUMBER='(4)';
      PIN_GROUP='(A)';
      PIN_TYPE='ANALOG';
      NO_LOAD_CHECK='BOTH';
      UNKNOWN_LOADING='TRUE';
    'B4':
      PIN_NUMBER='(37)';
      PIN_GROUP='(A)';
      PIN_TYPE='ANALOG';
      NO_LOAD_CHECK='BOTH';
      UNKNOWN_LOADING='TRUE';
    'C4':
      PIN_NUMBER='(70)';
      PIN_GROUP='(A)';
      PIN_TYPE='ANALOG';
      NO_LOAD_CHECK='BOTH';
      UNKNOWN_LOADING='TRUE';
    'D4':
      PIN_NUMBER='(103)';
      PIN_GROUP='(A)';
      PIN_TYPE='ANALOG';
      NO_LOAD_CHECK='BOTH';
      UNKNOWN_LOADING='TRUE';
    'E4':
      PIN_NUMBER='(136)';
      PIN_GROUP='(A)';
      PIN_TYPE='ANALOG';
      NO_LOAD_CHECK='BOTH';
      UNKNOWN_LOADING='TRUE';
    'A5':
      PIN_NUMBER='(5)';
      PIN_GROUP='(A)';
      PIN_TYPE='ANALOG';
      NO_LOAD_CHECK='BOTH';
      UNKNOWN_LOADING='TRUE';
    'B5':
      PIN_NUMBER='(38)';
      PIN_GROUP='(A)';
      PIN_TYPE='ANALOG';
      NO_LOAD_CHECK='BOTH';
      UNKNOWN_LOADING='TRUE';
    'C5':
      PIN_NUMBER='(71)';
      PIN_GROUP='(A)';
      PIN_TYPE='ANALOG';
      NO_LOAD_CHECK='BOTH';
      UNKNOWN_LOADING='TRUE';
    'D5':
      PIN_NUMBER='(104)';
      PIN_GROUP='(A)';
      PIN_TYPE='ANALOG';
      NO_LOAD_CHECK='BOTH';
      UNKNOWN_LOADING='TRUE';
    'E5':
      PIN_NUMBER='(137)';
      PIN_GROUP='(A)';
      PIN_TYPE='ANALOG';
      NO_LOAD_CHECK='BOTH';
      UNKNOWN_LOADING='TRUE';
    'A6':
      PIN_NUMBER='(6)';
      PIN_GROUP='(A)';
      PIN_TYPE='ANALOG';
      NO_LOAD_CHECK='BOTH';
      UNKNOWN_LOADING='TRUE';
    'B6':
      PIN_NUMBER='(39)';
      PIN_GROUP='(A)';
      PIN_TYPE='ANALOG';
      NO_LOAD_CHECK='BOTH';
      UNKNOWN_LOADING='TRUE';
    'C6':
      PIN_NUMBER='(72)';
      PIN_GROUP='(A)';
      PIN_TYPE='ANALOG';
      NO_LOAD_CHECK='BOTH';
      UNKNOWN_LOADING='TRUE';
    'D6':
      PIN_NUMBER='(105)';
      PIN_GROUP='(A)';
      PIN_TYPE='ANALOG';
      NO_LOAD_CHECK='BOTH';
      UNKNOWN_LOADING='TRUE';
    'E6':
      PIN_NUMBER='(138)';
      PIN_GROUP='(A)';
      PIN_TYPE='ANALOG';
      NO_LOAD_CHECK='BOTH';
      UNKNOWN_LOADING='TRUE';
    'A7':
      PIN_NUMBER='(7)';
      PIN_GROUP='(A)';
      PIN_TYPE='ANALOG';
      NO_LOAD_CHECK='BOTH';
      UNKNOWN_LOADING='TRUE';
    'B7':
      PIN_NUMBER='(40)';
      PIN_GROUP='(A)';
      PIN_TYPE='ANALOG';
      NO_LOAD_CHECK='BOTH';
      UNKNOWN_LOADING='TRUE';
    'C7':
      PIN_NUMBER='(73)';
      PIN_GROUP='(A)';
      PIN_TYPE='ANALOG';
      NO_LOAD_CHECK='BOTH';
      UNKNOWN_LOADING='TRUE';
    'D7':
      PIN_NUMBER='(106)';
      PIN_GROUP='(A)';
      PIN_TYPE='ANALOG';
      NO_LOAD_CHECK='BOTH';
      UNKNOWN_LOADING='TRUE';
    'E7':
      PIN_NUMBER='(139)';
      PIN_GROUP='(A)';
      PIN_TYPE='ANALOG';
      NO_LOAD_CHECK='BOTH';
      UNKNOWN_LOADING='TRUE';
    'A8':
      PIN_NUMBER='(8)';
      PIN_GROUP='(A)';
      PIN_TYPE='ANALOG';
      NO_LOAD_CHECK='BOTH';
      UNKNOWN_LOADING='TRUE';
    'B8':
      PIN_NUMBER='(41)';
      PIN_GROUP='(A)';
      PIN_TYPE='ANALOG';
      NO_LOAD_CHECK='BOTH';
      UNKNOWN_LOADING='TRUE';
    'C8':
      PIN_NUMBER='(74)';
      PIN_GROUP='(A)';
      PIN_TYPE='ANALOG';
      NO_LOAD_CHECK='BOTH';
      UNKNOWN_LOADING='TRUE';
    'D8':
      PIN_NUMBER='(107)';
      PIN_GROUP='(A)';
      PIN_TYPE='ANALOG';
      NO_LOAD_CHECK='BOTH';
      UNKNOWN_LOADING='TRUE';
    'E8':
      PIN_NUMBER='(140)';
      PIN_GROUP='(A)';
      PIN_TYPE='ANALOG';
      NO_LOAD_CHECK='BOTH';
      UNKNOWN_LOADING='TRUE';
    'A9':
      PIN_NUMBER='(9)';
      PIN_GROUP='(A)';
      PIN_TYPE='ANALOG';
      NO_LOAD_CHECK='BOTH';
      UNKNOWN_LOADING='TRUE';
    'B9':
      PIN_NUMBER='(42)';
      PIN_GROUP='(A)';
      PIN_TYPE='ANALOG';
      NO_LOAD_CHECK='BOTH';
      UNKNOWN_LOADING='TRUE';
    'C9':
      PIN_NUMBER='(75)';
      PIN_GROUP='(A)';
      PIN_TYPE='ANALOG';
      NO_LOAD_CHECK='BOTH';
      UNKNOWN_LOADING='TRUE';
    'D9':
      PIN_NUMBER='(108)';
      PIN_GROUP='(A)';
      PIN_TYPE='ANALOG';
      NO_LOAD_CHECK='BOTH';
      UNKNOWN_LOADING='TRUE';
    'E9':
      PIN_NUMBER='(141)';
      PIN_GROUP='(A)';
      PIN_TYPE='ANALOG';
      NO_LOAD_CHECK='BOTH';
      UNKNOWN_LOADING='TRUE';
    'A10':
      PIN_NUMBER='(10)';
      PIN_GROUP='(A)';
      PIN_TYPE='ANALOG';
      NO_LOAD_CHECK='BOTH';
      UNKNOWN_LOADING='TRUE';
    'B10':
      PIN_NUMBER='(43)';
      PIN_GROUP='(A)';
      PIN_TYPE='ANALOG';
      NO_LOAD_CHECK='BOTH';
      UNKNOWN_LOADING='TRUE';
    'C10':
      PIN_NUMBER='(76)';
      PIN_GROUP='(A)';
      PIN_TYPE='ANALOG';
      NO_LOAD_CHECK='BOTH';
      UNKNOWN_LOADING='TRUE';
    'D10':
      PIN_NUMBER='(109)';
      PIN_GROUP='(A)';
      PIN_TYPE='ANALOG';
      NO_LOAD_CHECK='BOTH';
      UNKNOWN_LOADING='TRUE';
    'E10':
      PIN_NUMBER='(142)';
      PIN_GROUP='(A)';
      PIN_TYPE='ANALOG';
      NO_LOAD_CHECK='BOTH';
      UNKNOWN_LOADING='TRUE';
    'A11':
      PIN_NUMBER='(11)';
      PIN_GROUP='(A)';
      PIN_TYPE='ANALOG';
      NO_LOAD_CHECK='BOTH';
      UNKNOWN_LOADING='TRUE';
    'B11':
      PIN_NUMBER='(44)';
      PIN_GROUP='(A)';
      PIN_TYPE='ANALOG';
      NO_LOAD_CHECK='BOTH';
      UNKNOWN_LOADING='TRUE';
    'C11':
      PIN_NUMBER='(77)';
      PIN_GROUP='(A)';
      PIN_TYPE='ANALOG';
      NO_LOAD_CHECK='BOTH';
      UNKNOWN_LOADING='TRUE';
    'D11':
      PIN_NUMBER='(110)';
      PIN_GROUP='(A)';
      PIN_TYPE='ANALOG';
      NO_LOAD_CHECK='BOTH';
      UNKNOWN_LOADING='TRUE';
    'E11':
      PIN_NUMBER='(143)';
      PIN_GROUP='(A)';
      PIN_TYPE='ANALOG';
      NO_LOAD_CHECK='BOTH';
      UNKNOWN_LOADING='TRUE';
    'A12':
      PIN_NUMBER='(12)';
      PIN_GROUP='(A)';
      PIN_TYPE='ANALOG';
      NO_LOAD_CHECK='BOTH';
      UNKNOWN_LOADING='TRUE';
    'B12':
      PIN_NUMBER='(45)';
      PIN_GROUP='(A)';
      PIN_TYPE='ANALOG';
      NO_LOAD_CHECK='BOTH';
      UNKNOWN_LOADING='TRUE';
    'C12':
      PIN_NUMBER='(78)';
      PIN_GROUP='(A)';
      PIN_TYPE='ANALOG';
      NO_LOAD_CHECK='BOTH';
      UNKNOWN_LOADING='TRUE';
    'D12':
      PIN_NUMBER='(111)';
      PIN_GROUP='(A)';
      PIN_TYPE='ANALOG';
      NO_LOAD_CHECK='BOTH';
      UNKNOWN_LOADING='TRUE';
    'E12':
      PIN_NUMBER='(144)';
      PIN_GROUP='(A)';
      PIN_TYPE='ANALOG';
      NO_LOAD_CHECK='BOTH';
      UNKNOWN_LOADING='TRUE';
    'A13':
      PIN_NUMBER='(13)';
      PIN_GROUP='(A)';
      PIN_TYPE='ANALOG';
      NO_LOAD_CHECK='BOTH';
      UNKNOWN_LOADING='TRUE';
    'B13':
      PIN_NUMBER='(46)';
      PIN_GROUP='(A)';
      PIN_TYPE='ANALOG';
      NO_LOAD_CHECK='BOTH';
      UNKNOWN_LOADING='TRUE';
    'C13':
      PIN_NUMBER='(79)';
      PIN_GROUP='(A)';
      PIN_TYPE='ANALOG';
      NO_LOAD_CHECK='BOTH';
      UNKNOWN_LOADING='TRUE';
    'D13':
      PIN_NUMBER='(112)';
      PIN_GROUP='(A)';
      PIN_TYPE='ANALOG';
      NO_LOAD_CHECK='BOTH';
      UNKNOWN_LOADING='TRUE';
    'E13':
      PIN_NUMBER='(145)';
      PIN_GROUP='(A)';
      PIN_TYPE='ANALOG';
      NO_LOAD_CHECK='BOTH';
      UNKNOWN_LOADING='TRUE';
    'A14':
      PIN_NUMBER='(14)';
      PIN_GROUP='(A)';
      PIN_TYPE='ANALOG';
      NO_LOAD_CHECK='BOTH';
      UNKNOWN_LOADING='TRUE';
    'B14':
      PIN_NUMBER='(47)';
      PIN_GROUP='(A)';
      PIN_TYPE='ANALOG';
      NO_LOAD_CHECK='BOTH';
      UNKNOWN_LOADING='TRUE';
    'C14':
      PIN_NUMBER='(80)';
      PIN_GROUP='(A)';
      PIN_TYPE='ANALOG';
      NO_LOAD_CHECK='BOTH';
      UNKNOWN_LOADING='TRUE';
    'D14':
      PIN_NUMBER='(113)';
      PIN_GROUP='(A)';
      PIN_TYPE='ANALOG';
      NO_LOAD_CHECK='BOTH';
      UNKNOWN_LOADING='TRUE';
    'E14':
      PIN_NUMBER='(146)';
      PIN_GROUP='(A)';
      PIN_TYPE='ANALOG';
      NO_LOAD_CHECK='BOTH';
      UNKNOWN_LOADING='TRUE';
    'A15':
      PIN_NUMBER='(15)';
      PIN_GROUP='(A)';
      PIN_TYPE='ANALOG';
      NO_LOAD_CHECK='BOTH';
      UNKNOWN_LOADING='TRUE';
    'B15':
      PIN_NUMBER='(48)';
      PIN_GROUP='(A)';
      PIN_TYPE='ANALOG';
      NO_LOAD_CHECK='BOTH';
      UNKNOWN_LOADING='TRUE';
    'C15':
      PIN_NUMBER='(81)';
      PIN_GROUP='(A)';
      PIN_TYPE='ANALOG';
      NO_LOAD_CHECK='BOTH';
      UNKNOWN_LOADING='TRUE';
    'D15':
      PIN_NUMBER='(114)';
      PIN_GROUP='(A)';
      PIN_TYPE='ANALOG';
      NO_LOAD_CHECK='BOTH';
      UNKNOWN_LOADING='TRUE';
    'E15':
      PIN_NUMBER='(147)';
      PIN_GROUP='(A)';
      PIN_TYPE='ANALOG';
      NO_LOAD_CHECK='BOTH';
      UNKNOWN_LOADING='TRUE';
    'A16':
      PIN_NUMBER='(16)';
      PIN_GROUP='(A)';
      PIN_TYPE='ANALOG';
      NO_LOAD_CHECK='BOTH';
      UNKNOWN_LOADING='TRUE';
    'B16':
      PIN_NUMBER='(49)';
      PIN_GROUP='(A)';
      PIN_TYPE='ANALOG';
      NO_LOAD_CHECK='BOTH';
      UNKNOWN_LOADING='TRUE';
    'C16':
      PIN_NUMBER='(82)';
      PIN_GROUP='(A)';
      PIN_TYPE='ANALOG';
      NO_LOAD_CHECK='BOTH';
      UNKNOWN_LOADING='TRUE';
    'D16':
      PIN_NUMBER='(115)';
      PIN_GROUP='(A)';
      PIN_TYPE='ANALOG';
      NO_LOAD_CHECK='BOTH';
      UNKNOWN_LOADING='TRUE';
    'E16':
      PIN_NUMBER='(148)';
      PIN_GROUP='(A)';
      PIN_TYPE='ANALOG';
      NO_LOAD_CHECK='BOTH';
      UNKNOWN_LOADING='TRUE';
    'A17':
      PIN_NUMBER='(17)';
      PIN_GROUP='(A)';
      PIN_TYPE='ANALOG';
      NO_LOAD_CHECK='BOTH';
      UNKNOWN_LOADING='TRUE';
    'B17':
      PIN_NUMBER='(50)';
      PIN_GROUP='(A)';
      PIN_TYPE='ANALOG';
      NO_LOAD_CHECK='BOTH';
      UNKNOWN_LOADING='TRUE';
    'C17':
      PIN_NUMBER='(83)';
      PIN_GROUP='(A)';
      PIN_TYPE='ANALOG';
      NO_LOAD_CHECK='BOTH';
      UNKNOWN_LOADING='TRUE';
    'D17':
      PIN_NUMBER='(116)';
      PIN_GROUP='(A)';
      PIN_TYPE='ANALOG';
      NO_LOAD_CHECK='BOTH';
      UNKNOWN_LOADING='TRUE';
    'E17':
      PIN_NUMBER='(149)';
      PIN_GROUP='(A)';
      PIN_TYPE='ANALOG';
      NO_LOAD_CHECK='BOTH';
      UNKNOWN_LOADING='TRUE';
    'A18':
      PIN_NUMBER='(18)';
      PIN_GROUP='(A)';
      PIN_TYPE='ANALOG';
      NO_LOAD_CHECK='BOTH';
      UNKNOWN_LOADING='TRUE';
    'B18':
      PIN_NUMBER='(51)';
      PIN_GROUP='(A)';
      PIN_TYPE='ANALOG';
      NO_LOAD_CHECK='BOTH';
      UNKNOWN_LOADING='TRUE';
    'C18':
      PIN_NUMBER='(84)';
      PIN_GROUP='(A)';
      PIN_TYPE='ANALOG';
      NO_LOAD_CHECK='BOTH';
      UNKNOWN_LOADING='TRUE';
    'D18':
      PIN_NUMBER='(117)';
      PIN_GROUP='(A)';
      PIN_TYPE='ANALOG';
      NO_LOAD_CHECK='BOTH';
      UNKNOWN_LOADING='TRUE';
    'E18':
      PIN_NUMBER='(150)';
      PIN_GROUP='(A)';
      PIN_TYPE='ANALOG';
      NO_LOAD_CHECK='BOTH';
      UNKNOWN_LOADING='TRUE';
    'A19':
      PIN_NUMBER='(19)';
      PIN_GROUP='(A)';
      PIN_TYPE='ANALOG';
      NO_LOAD_CHECK='BOTH';
      UNKNOWN_LOADING='TRUE';
    'B19':
      PIN_NUMBER='(52)';
      PIN_GROUP='(A)';
      PIN_TYPE='ANALOG';
      NO_LOAD_CHECK='BOTH';
      UNKNOWN_LOADING='TRUE';
    'C19':
      PIN_NUMBER='(85)';
      PIN_GROUP='(A)';
      PIN_TYPE='ANALOG';
      NO_LOAD_CHECK='BOTH';
      UNKNOWN_LOADING='TRUE';
    'D19':
      PIN_NUMBER='(118)';
      PIN_GROUP='(A)';
      PIN_TYPE='ANALOG';
      NO_LOAD_CHECK='BOTH';
      UNKNOWN_LOADING='TRUE';
    'E19':
      PIN_NUMBER='(151)';
      PIN_GROUP='(A)';
      PIN_TYPE='ANALOG';
      NO_LOAD_CHECK='BOTH';
      UNKNOWN_LOADING='TRUE';
    'A20':
      PIN_NUMBER='(20)';
      PIN_GROUP='(A)';
      PIN_TYPE='ANALOG';
      NO_LOAD_CHECK='BOTH';
      UNKNOWN_LOADING='TRUE';
    'B20':
      PIN_NUMBER='(53)';
      PIN_GROUP='(A)';
      PIN_TYPE='ANALOG';
      NO_LOAD_CHECK='BOTH';
      UNKNOWN_LOADING='TRUE';
    'C20':
      PIN_NUMBER='(86)';
      PIN_GROUP='(A)';
      PIN_TYPE='ANALOG';
      NO_LOAD_CHECK='BOTH';
      UNKNOWN_LOADING='TRUE';
    'D20':
      PIN_NUMBER='(119)';
      PIN_GROUP='(A)';
      PIN_TYPE='ANALOG';
      NO_LOAD_CHECK='BOTH';
      UNKNOWN_LOADING='TRUE';
    'E20':
      PIN_NUMBER='(152)';
      PIN_GROUP='(A)';
      PIN_TYPE='ANALOG';
      NO_LOAD_CHECK='BOTH';
      UNKNOWN_LOADING='TRUE';
    'A21':
      PIN_NUMBER='(21)';
      PIN_GROUP='(A)';
      PIN_TYPE='ANALOG';
      NO_LOAD_CHECK='BOTH';
      UNKNOWN_LOADING='TRUE';
    'B21':
      PIN_NUMBER='(54)';
      PIN_GROUP='(A)';
      PIN_TYPE='ANALOG';
      NO_LOAD_CHECK='BOTH';
      UNKNOWN_LOADING='TRUE';
    'C21':
      PIN_NUMBER='(87)';
      PIN_GROUP='(A)';
      PIN_TYPE='ANALOG';
      NO_LOAD_CHECK='BOTH';
      UNKNOWN_LOADING='TRUE';
    'D21':
      PIN_NUMBER='(120)';
      PIN_GROUP='(A)';
      PIN_TYPE='ANALOG';
      NO_LOAD_CHECK='BOTH';
      UNKNOWN_LOADING='TRUE';
    'E21':
      PIN_NUMBER='(153)';
      PIN_GROUP='(A)';
      PIN_TYPE='ANALOG';
      NO_LOAD_CHECK='BOTH';
      UNKNOWN_LOADING='TRUE';
    'A22':
      PIN_NUMBER='(22)';
      PIN_GROUP='(A)';
      PIN_TYPE='ANALOG';
      NO_LOAD_CHECK='BOTH';
      UNKNOWN_LOADING='TRUE';
    'B22':
      PIN_NUMBER='(55)';
      PIN_GROUP='(A)';
      PIN_TYPE='ANALOG';
      NO_LOAD_CHECK='BOTH';
      UNKNOWN_LOADING='TRUE';
    'C22':
      PIN_NUMBER='(88)';
      PIN_GROUP='(A)';
      PIN_TYPE='ANALOG';
      NO_LOAD_CHECK='BOTH';
      UNKNOWN_LOADING='TRUE';
    'D22':
      PIN_NUMBER='(121)';
      PIN_GROUP='(A)';
      PIN_TYPE='ANALOG';
      NO_LOAD_CHECK='BOTH';
      UNKNOWN_LOADING='TRUE';
    'E22':
      PIN_NUMBER='(154)';
      PIN_GROUP='(A)';
      PIN_TYPE='ANALOG';
      NO_LOAD_CHECK='BOTH';
      UNKNOWN_LOADING='TRUE';
    'A23':
      PIN_NUMBER='(23)';
      PIN_GROUP='(A)';
      PIN_TYPE='ANALOG';
      NO_LOAD_CHECK='BOTH';
      UNKNOWN_LOADING='TRUE';
    'B23':
      PIN_NUMBER='(56)';
      PIN_GROUP='(A)';
      PIN_TYPE='ANALOG';
      NO_LOAD_CHECK='BOTH';
      UNKNOWN_LOADING='TRUE';
    'C23':
      PIN_NUMBER='(89)';
      PIN_GROUP='(A)';
      PIN_TYPE='ANALOG';
      NO_LOAD_CHECK='BOTH';
      UNKNOWN_LOADING='TRUE';
    'D23':
      PIN_NUMBER='(122)';
      PIN_GROUP='(A)';
      PIN_TYPE='ANALOG';
      NO_LOAD_CHECK='BOTH';
      UNKNOWN_LOADING='TRUE';
    'E23':
      PIN_NUMBER='(155)';
      PIN_GROUP='(A)';
      PIN_TYPE='ANALOG';
      NO_LOAD_CHECK='BOTH';
      UNKNOWN_LOADING='TRUE';
    'A24':
      PIN_NUMBER='(24)';
      PIN_GROUP='(A)';
      PIN_TYPE='ANALOG';
      NO_LOAD_CHECK='BOTH';
      UNKNOWN_LOADING='TRUE';
    'B24':
      PIN_NUMBER='(57)';
      PIN_GROUP='(A)';
      PIN_TYPE='ANALOG';
      NO_LOAD_CHECK='BOTH';
      UNKNOWN_LOADING='TRUE';
    'C24':
      PIN_NUMBER='(90)';
      PIN_GROUP='(A)';
      PIN_TYPE='ANALOG';
      NO_LOAD_CHECK='BOTH';
      UNKNOWN_LOADING='TRUE';
    'D24':
      PIN_NUMBER='(123)';
      PIN_GROUP='(A)';
      PIN_TYPE='ANALOG';
      NO_LOAD_CHECK='BOTH';
      UNKNOWN_LOADING='TRUE';
    'E24':
      PIN_NUMBER='(156)';
      PIN_GROUP='(A)';
      PIN_TYPE='ANALOG';
      NO_LOAD_CHECK='BOTH';
      UNKNOWN_LOADING='TRUE';
    'A25':
      PIN_NUMBER='(25)';
      PIN_GROUP='(A)';
      PIN_TYPE='ANALOG';
      NO_LOAD_CHECK='BOTH';
      UNKNOWN_LOADING='TRUE';
    'B25':
      PIN_NUMBER='(58)';
      PIN_GROUP='(A)';
      PIN_TYPE='ANALOG';
      NO_LOAD_CHECK='BOTH';
      UNKNOWN_LOADING='TRUE';
    'C25':
      PIN_NUMBER='(91)';
      PIN_GROUP='(A)';
      PIN_TYPE='ANALOG';
      NO_LOAD_CHECK='BOTH';
      UNKNOWN_LOADING='TRUE';
    'D25':
      PIN_NUMBER='(124)';
      PIN_GROUP='(A)';
      PIN_TYPE='ANALOG';
      NO_LOAD_CHECK='BOTH';
      UNKNOWN_LOADING='TRUE';
    'E25':
      PIN_NUMBER='(157)';
      PIN_GROUP='(A)';
      PIN_TYPE='ANALOG';
      NO_LOAD_CHECK='BOTH';
      UNKNOWN_LOADING='TRUE';
    'A26':
      PIN_NUMBER='(26)';
      PIN_GROUP='(A)';
      PIN_TYPE='ANALOG';
      NO_LOAD_CHECK='BOTH';
      UNKNOWN_LOADING='TRUE';
    'B26':
      PIN_NUMBER='(59)';
      PIN_GROUP='(A)';
      PIN_TYPE='ANALOG';
      NO_LOAD_CHECK='BOTH';
      UNKNOWN_LOADING='TRUE';
    'C26':
      PIN_NUMBER='(92)';
      PIN_GROUP='(A)';
      PIN_TYPE='ANALOG';
      NO_LOAD_CHECK='BOTH';
      UNKNOWN_LOADING='TRUE';
    'D26':
      PIN_NUMBER='(125)';
      PIN_GROUP='(A)';
      PIN_TYPE='ANALOG';
      NO_LOAD_CHECK='BOTH';
      UNKNOWN_LOADING='TRUE';
    'E26':
      PIN_NUMBER='(158)';
      PIN_GROUP='(A)';
      PIN_TYPE='ANALOG';
      NO_LOAD_CHECK='BOTH';
      UNKNOWN_LOADING='TRUE';
    'A27':
      PIN_NUMBER='(27)';
      PIN_GROUP='(A)';
      PIN_TYPE='ANALOG';
      NO_LOAD_CHECK='BOTH';
      UNKNOWN_LOADING='TRUE';
    'B27':
      PIN_NUMBER='(60)';
      PIN_GROUP='(A)';
      PIN_TYPE='ANALOG';
      NO_LOAD_CHECK='BOTH';
      UNKNOWN_LOADING='TRUE';
    'C27':
      PIN_NUMBER='(93)';
      PIN_GROUP='(A)';
      PIN_TYPE='ANALOG';
      NO_LOAD_CHECK='BOTH';
      UNKNOWN_LOADING='TRUE';
    'D27':
      PIN_NUMBER='(126)';
      PIN_GROUP='(A)';
      PIN_TYPE='ANALOG';
      NO_LOAD_CHECK='BOTH';
      UNKNOWN_LOADING='TRUE';
    'E27':
      PIN_NUMBER='(159)';
      PIN_GROUP='(A)';
      PIN_TYPE='ANALOG';
      NO_LOAD_CHECK='BOTH';
      UNKNOWN_LOADING='TRUE';
    'A28':
      PIN_NUMBER='(28)';
      PIN_GROUP='(A)';
      PIN_TYPE='ANALOG';
      NO_LOAD_CHECK='BOTH';
      UNKNOWN_LOADING='TRUE';
    'B28':
      PIN_NUMBER='(61)';
      PIN_GROUP='(A)';
      PIN_TYPE='ANALOG';
      NO_LOAD_CHECK='BOTH';
      UNKNOWN_LOADING='TRUE';
    'C28':
      PIN_NUMBER='(94)';
      PIN_GROUP='(A)';
      PIN_TYPE='ANALOG';
      NO_LOAD_CHECK='BOTH';
      UNKNOWN_LOADING='TRUE';
    'D28':
      PIN_NUMBER='(127)';
      PIN_GROUP='(A)';
      PIN_TYPE='ANALOG';
      NO_LOAD_CHECK='BOTH';
      UNKNOWN_LOADING='TRUE';
    'E28':
      PIN_NUMBER='(160)';
      PIN_GROUP='(A)';
      PIN_TYPE='ANALOG';
      NO_LOAD_CHECK='BOTH';
      UNKNOWN_LOADING='TRUE';
    'A29':
      PIN_NUMBER='(29)';
      PIN_GROUP='(A)';
      PIN_TYPE='ANALOG';
      NO_LOAD_CHECK='BOTH';
      UNKNOWN_LOADING='TRUE';
    'B29':
      PIN_NUMBER='(62)';
      PIN_GROUP='(A)';
      PIN_TYPE='ANALOG';
      NO_LOAD_CHECK='BOTH';
      UNKNOWN_LOADING='TRUE';
    'C29':
      PIN_NUMBER='(95)';
      PIN_GROUP='(A)';
      PIN_TYPE='ANALOG';
      NO_LOAD_CHECK='BOTH';
      UNKNOWN_LOADING='TRUE';
    'D29':
      PIN_NUMBER='(128)';
      PIN_GROUP='(A)';
      PIN_TYPE='ANALOG';
      NO_LOAD_CHECK='BOTH';
      UNKNOWN_LOADING='TRUE';
    'E29':
      PIN_NUMBER='(161)';
      PIN_GROUP='(A)';
      PIN_TYPE='ANALOG';
      NO_LOAD_CHECK='BOTH';
      UNKNOWN_LOADING='TRUE';
    'A30':
      PIN_NUMBER='(30)';
      PIN_GROUP='(A)';
      PIN_TYPE='ANALOG';
      NO_LOAD_CHECK='BOTH';
      UNKNOWN_LOADING='TRUE';
    'B30':
      PIN_NUMBER='(63)';
      PIN_GROUP='(A)';
      PIN_TYPE='ANALOG';
      NO_LOAD_CHECK='BOTH';
      UNKNOWN_LOADING='TRUE';
    'C30':
      PIN_NUMBER='(96)';
      PIN_GROUP='(A)';
      PIN_TYPE='ANALOG';
      NO_LOAD_CHECK='BOTH';
      UNKNOWN_LOADING='TRUE';
    'D30':
      PIN_NUMBER='(129)';
      PIN_GROUP='(A)';
      PIN_TYPE='ANALOG';
      NO_LOAD_CHECK='BOTH';
      UNKNOWN_LOADING='TRUE';
    'E30':
      PIN_NUMBER='(162)';
      PIN_GROUP='(A)';
      PIN_TYPE='ANALOG';
      NO_LOAD_CHECK='BOTH';
      UNKNOWN_LOADING='TRUE';
    'A31':
      PIN_NUMBER='(31)';
      PIN_GROUP='(A)';
      PIN_TYPE='ANALOG';
      NO_LOAD_CHECK='BOTH';
      UNKNOWN_LOADING='TRUE';
    'B31':
      PIN_NUMBER='(64)';
      PIN_GROUP='(A)';
      PIN_TYPE='ANALOG';
      NO_LOAD_CHECK='BOTH';
      UNKNOWN_LOADING='TRUE';
    'C31':
      PIN_NUMBER='(97)';
      PIN_GROUP='(A)';
      PIN_TYPE='ANALOG';
      NO_LOAD_CHECK='BOTH';
      UNKNOWN_LOADING='TRUE';
    'D31':
      PIN_NUMBER='(130)';
      PIN_GROUP='(A)';
      PIN_TYPE='ANALOG';
      NO_LOAD_CHECK='BOTH';
      UNKNOWN_LOADING='TRUE';
    'E31':
      PIN_NUMBER='(163)';
      PIN_GROUP='(A)';
      PIN_TYPE='ANALOG';
      NO_LOAD_CHECK='BOTH';
      UNKNOWN_LOADING='TRUE';
    'A32':
      PIN_NUMBER='(32)';
      PIN_GROUP='(A)';
      PIN_TYPE='ANALOG';
      NO_LOAD_CHECK='BOTH';
      UNKNOWN_LOADING='TRUE';
    'B32':
      PIN_NUMBER='(65)';
      PIN_GROUP='(A)';
      PIN_TYPE='ANALOG';
      NO_LOAD_CHECK='BOTH';
      UNKNOWN_LOADING='TRUE';
    'C32':
      PIN_NUMBER='(98)';
      PIN_GROUP='(A)';
      PIN_TYPE='ANALOG';
      NO_LOAD_CHECK='BOTH';
      UNKNOWN_LOADING='TRUE';
    'D32':
      PIN_NUMBER='(131)';
      PIN_GROUP='(A)';
      PIN_TYPE='ANALOG';
      NO_LOAD_CHECK='BOTH';
      UNKNOWN_LOADING='TRUE';
    'E32':
      PIN_NUMBER='(164)';
      PIN_GROUP='(A)';
      PIN_TYPE='ANALOG';
      NO_LOAD_CHECK='BOTH';
      UNKNOWN_LOADING='TRUE';
    'A33':
      PIN_NUMBER='(33)';
      PIN_GROUP='(A)';
      PIN_TYPE='ANALOG';
      NO_LOAD_CHECK='BOTH';
      UNKNOWN_LOADING='TRUE';
    'B33':
      PIN_NUMBER='(66)';
      PIN_GROUP='(A)';
      PIN_TYPE='ANALOG';
      NO_LOAD_CHECK='BOTH';
      UNKNOWN_LOADING='TRUE';
    'C33':
      PIN_NUMBER='(99)';
      PIN_GROUP='(A)';
      PIN_TYPE='ANALOG';
      NO_LOAD_CHECK='BOTH';
      UNKNOWN_LOADING='TRUE';
    'D33':
      PIN_NUMBER='(132)';
      PIN_GROUP='(A)';
      PIN_TYPE='ANALOG';
      NO_LOAD_CHECK='BOTH';
      UNKNOWN_LOADING='TRUE';
    'E33':
      PIN_NUMBER='(165)';
      PIN_GROUP='(A)';
      PIN_TYPE='ANALOG';
      NO_LOAD_CHECK='BOTH';
      UNKNOWN_LOADING='TRUE';
  end_pin;
  body
    JEDEC_TYPE='CONN165';
    CLASS='DISCRETE';
    PART_NAME='CONN165A';
    PHYS_DES_PREFIX='J';
    NC_PINS='(A,C)';
  end_body;
end_primitive;
END.
