FILE_TYPE=LIBRARY_PARTS;
TIME=' COMPILATION not done yet  ';
primitive 'SNOCMOS7';
  pin
    'QLO':
      PIN_NUMBER='(1)';
      INPUT_LOAD='(-0.01,0.01)';
    'QHI':
      PIN_NUMBER='(3)';
      INPUT_LOAD='(-0.01,0.01)';
    'SAMPP':
      PIN_NUMBER='(6)';
      INPUT_LOAD='(-0.01,0.01)';
    'SAMPN':
      PIN_NUMBER='(7)';
      INPUT_LOAD='(-0.01,0.01)';
    'DISCRP':
      PIN_NUMBER='(8)';
      INPUT_LOAD='(-0.01,0.01)';
    'DISCRN':
      PIN_NUMBER='(9)';
      INPUT_LOAD='(-0.01,0.01)';
    'SET':
      PIN_NUMBER='(10)';
      INPUT_LOAD='(-0.01,0.01)';
    'TRISET':
      PIN_NUMBER='(11)';
      INPUT_LOAD='(-0.01,0.01)';
    'TR20_OUT':
      PIN_NUMBER='(13)';
      OUTPUT_LOAD='(1.0,-1.0)';
    'SERDATIN':
      PIN_NUMBER='(17)';
      INPUT_LOAD='(-0.01,0.01)';
    'STORE':
      PIN_NUMBER='(18)';
      INPUT_LOAD='(-0.01,0.01)';
    'SERCLOCK':
      PIN_NUMBER='(19)';
      INPUT_LOAD='(-0.01,0.01)';
    'SERDATOUT':
      PIN_NUMBER='(20)';
      OUTPUT_LOAD='(1.0,-1.0)';
    'LGISEL':
      PIN_NUMBER='(21)';
      INPUT_LOAD='(-0.01,0.01)';
    'SPARECLEAR':
      PIN_NUMBER='(22)';
      NO_LOAD_CHECK='BOTH';
      UNKNOWN_LOADING='TRUE';
    'SPARECOUNT':
      PIN_NUMBER='(23)';
      NO_LOAD_CHECK='BOTH';
      UNKNOWN_LOADING='TRUE';
    'SCIN':
      PIN_NUMBER='(24)';
      NO_LOAD_CHECK='BOTH';
      UNKNOWN_LOADING='TRUE';
    'SHIFT':
      PIN_NUMBER='(25)';
      NO_LOAD_CHECK='BOTH';
      UNKNOWN_LOADING='TRUE';
    '-GTRIG':
      PIN_NUMBER='(26)';
      INPUT_LOAD='(-0.01,0.01)';
    'MODE':
      PIN_NUMBER='(27)';
      NO_LOAD_CHECK='BOTH';
      UNKNOWN_LOADING='TRUE';
    'SCOUT':
      PIN_NUMBER='(28)';
      NO_LOAD_CHECK='BOTH';
      UNKNOWN_LOADING='TRUE';
    'D0':
      PIN_NUMBER='(29)';
      OUTPUT_LOAD='(1.0,-1.0)';
      OUTPUT_TYPE='(TS,TS)';
    'D1':
      PIN_NUMBER='(30)';
      OUTPUT_LOAD='(1.0,-1.0)';
      OUTPUT_TYPE='(TS,TS)';
    'D2':
      PIN_NUMBER='(31)';
      OUTPUT_LOAD='(1.0,-1.0)';
      OUTPUT_TYPE='(TS,TS)';
    'D3':
      PIN_NUMBER='(32)';
      OUTPUT_LOAD='(1.0,-1.0)';
      OUTPUT_TYPE='(TS,TS)';
    'D4':
      PIN_NUMBER='(33)';
      OUTPUT_LOAD='(1.0,-1.0)';
      OUTPUT_TYPE='(TS,TS)';
    'D5':
      PIN_NUMBER='(34)';
      OUTPUT_LOAD='(1.0,-1.0)';
      OUTPUT_TYPE='(TS,TS)';
    'D6':
      PIN_NUMBER='(35)';
      OUTPUT_LOAD='(1.0,-1.0)';
      OUTPUT_TYPE='(TS,TS)';
    'D7':
      PIN_NUMBER='(36)';
      OUTPUT_LOAD='(1.0,-1.0)';
      OUTPUT_TYPE='(TS,TS)';
    'FULL':
      PIN_NUMBER='(39)';
      OUTPUT_LOAD='(1.0,-1.0)';
    'DAVAIL':
      PIN_NUMBER='(40)';
      OUTPUT_LOAD='(1.0,-1.0)';
    'RDSTR':
      PIN_NUMBER='(41)';
      INPUT_LOAD='(-0.01,0.01)';
    'A0':
      PIN_NUMBER='(42)';
      INPUT_LOAD='(-0.01,0.01)';
    'A1':
      PIN_NUMBER='(43)';
      INPUT_LOAD='(-0.01,0.01)';
    'A2':
      PIN_NUMBER='(44)';
      INPUT_LOAD='(-0.01,0.01)';
    'A3':
      PIN_NUMBER='(45)';
      INPUT_LOAD='(-0.01,0.01)';
    'A4':
      PIN_NUMBER='(46)';
      INPUT_LOAD='(-0.01,0.01)';
    '-CSEL':
      PIN_NUMBER='(47)';
      INPUT_LOAD='(-0.01,0.01)';
    'TR100_OUT':
      PIN_NUMBER='(48)';
      INPUT_LOAD='(-0.01,0.01)';
      OUTPUT_LOAD='(1.0,-1.0)';
    'TRISET100':
      PIN_NUMBER='(49)';
      INPUT_LOAD='(-0.01,0.01)';
      OUTPUT_LOAD='(1.0,-1.0)';
    '-SYNCLR':
      PIN_NUMBER='(51)';
      INPUT_LOAD='(-0.01,0.01)';
    'GTSEL':
      PIN_NUMBER='(54)';
      INPUT_LOAD='(-0.01,0.01)';
    'EXTGT':
      PIN_NUMBER='(55)';
      INPUT_LOAD='(-0.01,0.01)';
      OUTPUT_LOAD='(1.0,-1.0)';
    '-CLR':
      PIN_NUMBER='(56)';
      INPUT_LOAD='(-0.01,0.01)';
    'OUTTAC':
      PIN_NUMBER='(60)';
      OUTPUT_LOAD='(1.0,-1.0)';
      OUTPUT_TYPE='(TS,TS)';
    'OUTQHL':
      PIN_NUMBER='(62)';
      INPUT_LOAD='(-0.01,0.01)';
      OUTPUT_TYPE='(TS,TS)';
    'OUTQHS':
      PIN_NUMBER='(64)';
      OUTPUT_LOAD='(1.0,-1.0)';
      OUTPUT_TYPE='(TS,TS)';
    'OUTQLL':
      PIN_NUMBER='(66)';
      OUTPUT_LOAD='(1.0,-1.0)';
      OUTPUT_TYPE='(TS,TS)';
    'GTVALID':
      PIN_NUMBER='(72)';
      OUTPUT_LOAD='(1.0,-1.0)';
      OUTPUT_TYPE='(TS,TS)';
    'ISETA1':
      PIN_NUMBER='(73)';
      INPUT_LOAD='(-0.01,0.01)';
      OUTPUT_LOAD='(1.0,-1.0)';
    'ISETM1':
      PIN_NUMBER='(74)';
      INPUT_LOAD='(-0.01,0.01)';
      OUTPUT_LOAD='(1.0,-1.0)';
    'ISETA0':
      PIN_NUMBER='(75)';
      INPUT_LOAD='(-0.01,0.01)';
      OUTPUT_LOAD='(1.0,-1.0)';
    'ISETM0':
      PIN_NUMBER='(76)';
      INPUT_LOAD='(-0.01,0.01)';
      OUTPUT_LOAD='(1.0,-1.0)';
    'TACREF':
      PIN_NUMBER='(77)';
      INPUT_LOAD='(-0.01,0.01)';
      OUTPUT_LOAD='(1.0,-1.0)';
    'VMAX':
      PIN_NUMBER='(78)';
      INPUT_LOAD='(-0.01,0.01)';
    'GNDA1':
      PIN_NUMBER='(2)';
      PIN_TYPE='POWER';
      NO_LOAD_CHECK='BOTH';
      UNKNOWN_LOADING='TRUE';
    'GNDA2':
      PIN_NUMBER='(61)';
      PIN_TYPE='POWER';
      NO_LOAD_CHECK='BOTH';
      UNKNOWN_LOADING='TRUE';
    'GNDA3':
      PIN_NUMBER='(63)';
      PIN_TYPE='POWER';
      NO_LOAD_CHECK='BOTH';
      UNKNOWN_LOADING='TRUE';
    'GNDA4':
      PIN_NUMBER='(65)';
      PIN_TYPE='POWER';
      NO_LOAD_CHECK='BOTH';
      UNKNOWN_LOADING='TRUE';
    'GNDA5':
      PIN_NUMBER='(67)';
      PIN_TYPE='POWER';
      NO_LOAD_CHECK='BOTH';
      UNKNOWN_LOADING='TRUE';
    'VDDA1':
      PIN_NUMBER='(68)';
      PIN_TYPE='POWER';
      NO_LOAD_CHECK='BOTH';
      UNKNOWN_LOADING='TRUE';
    'VDDA2':
      PIN_NUMBER='(79)';
      PIN_TYPE='POWER';
      NO_LOAD_CHECK='BOTH';
      UNKNOWN_LOADING='TRUE';
    'VDDA3':
      PIN_NUMBER='(80)';
      PIN_TYPE='POWER';
      NO_LOAD_CHECK='BOTH';
      UNKNOWN_LOADING='TRUE';
    'GNDGUARD':
      PIN_NUMBER='(5)';
      PIN_TYPE='POWER';
      NO_LOAD_CHECK='BOTH';
      UNKNOWN_LOADING='TRUE';
    'GNDCORE1':
      PIN_NUMBER='(14)';
      PIN_TYPE='POWER';
      NO_LOAD_CHECK='BOTH';
      UNKNOWN_LOADING='TRUE';
    'GNDCORE2':
      PIN_NUMBER='(50)';
      PIN_TYPE='POWER';
      NO_LOAD_CHECK='BOTH';
      UNKNOWN_LOADING='TRUE';
    'GNDCORE3':
      PIN_NUMBER='(53)';
      PIN_TYPE='POWER';
      NO_LOAD_CHECK='BOTH';
      UNKNOWN_LOADING='TRUE';
    'GNDCORE4':
      PIN_NUMBER='(59)';
      PIN_TYPE='POWER';
      NO_LOAD_CHECK='BOTH';
      UNKNOWN_LOADING='TRUE';
    'GNDCORE5':
      PIN_NUMBER='(69)';
      PIN_TYPE='POWER';
      NO_LOAD_CHECK='BOTH';
      UNKNOWN_LOADING='TRUE';
    'GNDCORE6':
      PIN_NUMBER='(70)';
      PIN_TYPE='POWER';
      NO_LOAD_CHECK='BOTH';
      UNKNOWN_LOADING='TRUE';
    'GNDRING1':
      PIN_NUMBER='(16)';
      PIN_TYPE='POWER';
      NO_LOAD_CHECK='BOTH';
      UNKNOWN_LOADING='TRUE';
    'GNDRING2':
      PIN_NUMBER='(38)';
      PIN_TYPE='POWER';
      NO_LOAD_CHECK='BOTH';
      UNKNOWN_LOADING='TRUE';
    'VDDGUARD':
      PIN_NUMBER='(4)';
      PIN_TYPE='POWER';
      NO_LOAD_CHECK='BOTH';
      UNKNOWN_LOADING='TRUE';
    'VDDCORE1':
      PIN_NUMBER='(12)';
      PIN_TYPE='POWER';
      NO_LOAD_CHECK='BOTH';
      UNKNOWN_LOADING='TRUE';
    'VDDCORE2':
      PIN_NUMBER='(37)';
      PIN_TYPE='POWER';
      NO_LOAD_CHECK='BOTH';
      UNKNOWN_LOADING='TRUE';
    'VDDCORE3':
      PIN_NUMBER='(52)';
      PIN_TYPE='POWER';
      NO_LOAD_CHECK='BOTH';
      UNKNOWN_LOADING='TRUE';
    'VDDCORE4':
      PIN_NUMBER='(58)';
      PIN_TYPE='POWER';
      NO_LOAD_CHECK='BOTH';
      UNKNOWN_LOADING='TRUE';
    'VDDCORE5':
      PIN_NUMBER='(71)';
      PIN_TYPE='POWER';
      NO_LOAD_CHECK='BOTH';
      UNKNOWN_LOADING='TRUE';
    'VDDRING1':
      PIN_NUMBER='(15)';
      PIN_TYPE='POWER';
      NO_LOAD_CHECK='BOTH';
      UNKNOWN_LOADING='TRUE';
    'VDDRING2':
      PIN_NUMBER='(57)';
      PIN_TYPE='POWER';
      NO_LOAD_CHECK='BOTH';
      UNKNOWN_LOADING='TRUE';
  end_pin;
  body
    CLASS='IC';
    JEDEC_TYPE='TQFP80';
  end_body;
end_primitive;
END.
