FILE_TYPE=LIBRARY_PARTS;
TIME=' COMPILATION ON SUN AUG 13 17:34:44 1995  ';
primitive 'AD22100KT';
  pin
    'GNDT':
      PIN_NUMBER='(3)';
      PIN_TYPE='ANALOG';
      NO_LOAD_CHECK='BOTH';
      UNKNOWN_LOADING='TRUE';
    'VOUT':
      PIN_NUMBER='(2)';
      PIN_TYPE='ANALOG';
      NO_LOAD_CHECK='BOTH';
      UNKNOWN_LOADING='TRUE';
    'VREF':
      PIN_NUMBER='(1)';
      PIN_TYPE='ANALOG';
      NO_LOAD_CHECK='BOTH';
      UNKNOWN_LOADING='TRUE';
  end_pin;
  body
    JEDEC_TYPE='TO92';
    CLASS='DISCRETE';
    PART_NAME='AD22100KT';
    BODY_NAME='AD22100KT';
  end_body;
end_primitive;
END.
