FILE_TYPE=LIBRARY_PARTS;
primitive '10H104';
  pin
    'A':
      PIN_NUMBER='(5,8,13,15)';
      INPUT_LOAD='(-0.4,0.02)';
    'B':
      PIN_NUMBER='(7,9,14,17)';
      INPUT_LOAD='(-0.4,0.02)';
    'Y':
      PIN_NUMBER='(3,4,18,19)';
      OUTPUT_LOAD='(8.0,-0.4)';
    '-Y':
      PIN_NUMBER='(0,0,0,12)';
      OUTPUT_LOAD='(8.0,-0.4)';
  end_pin;
  body
    PART_NAME='10H104';
    BODY_NAME='10H104';
    JEDEC_TYPE='plcc20';
    PHYS_DES_PREFIX='U';
    CLASS='IC';
    POWER_PINS='(VCC:2,20)';
    POWER_PINS='(VEE:10)';
    NC_PINS='(1,6,11,16)';
  end_body;
end_primitive;

END.
