temp/xxnedtmp21/event.log NEWFILE1
temp/xxnedtmp21/text.log NEWFILE2
temp/xxnedtmp21/environ.log NEWFILE3
C:\Cadence\SPB_16.6\share\cdssetup/concept/concepthdl.scr FILE4
C:\Users\QGPWindowsVB\Downloads\orebi\SPB_Data\TUBII4\cds.lib FILE5
C:\Users\QGPWindowsVB\Downloads\orebi\SPB_Data\TUBII4\worklib\tubii\sch_1\page1.csb FILE6
C:\Users\QGPWindowsVB\Downloads\orebi\SPB_Data\TUBII4\worklib\tubii\sch_1\page1_csb.lck NEWFILE7
temp/xxnedtmp21/undo1.log NEWFILE8
C:\Users\QGPWindowsVB\Downloads\orebi\Parts\parts\misc\penn#20b#20size#20page\sym_1\symbol.css FILE9
C:\Users\QGPWindowsVB\Downloads\orebi\SPB_Data\TUBII4\worklib\clocks\sym_1\symbol.css FILE10
C:\Users\QGPWindowsVB\Downloads\orebi\SPB_Data\TUBII4\worklib\ellie\sym_1\symbol.css FILE11
C:\Users\QGPWindowsVB\Downloads\orebi\SPB_Data\TUBII4\worklib\ecal_control\sym_1\symbol.css FILE12
C:\Users\QGPWindowsVB\Downloads\orebi\SPB_Data\TUBII4\worklib\tubii_triggers\sym_1\symbol.css FILE13
C:\Users\QGPWindowsVB\Downloads\orebi\SPB_Data\TUBII4\worklib\base_mon\sym_1\symbol.css FILE14
C:\Users\QGPWindowsVB\Downloads\orebi\Parts\parts\standard\3#20merge\sym_1\symbol.css FILE15
C:\Users\QGPWindowsVB\Downloads\orebi\Parts\parts\ttl\hct238\sym_1\symbol.css FILE16
C:\Users\QGPWindowsVB\Downloads\orebi\SPB_Data\TUBII4\worklib\microzedconnection\sym_1\symbol.css FILE17
C:\Users\QGPWindowsVB\Downloads\orebi\SPB_Data\TUBII4\worklib\latchexttrig\sym_1\symbol.css FILE18
C:\Users\QGPWindowsVB\Downloads\orebi\SPB_Data\TUBII4\worklib\powers\sym_1\symbol.css FILE19
C:\Users\QGPWindowsVB\Downloads\orebi\SPB_Data\TUBII4\worklib\pulse_scaler\sym_1\symbol.css FILE20
C:\Users\QGPWindowsVB\Downloads\orebi\SPB_Data\TUBII4\worklib\tubii_spkr\sym_1\symbol.css FILE21
C:\Users\QGPWindowsVB\Downloads\orebi\SPB_Data\TUBII4\worklib\ports2\sym_1\symbol.css FILE22
C:\Users\QGPWindowsVB\Downloads\orebi\SPB_Data\TUBII4\worklib\cntrl_register\sym_1\symbol.css FILE23
C:\Users\QGPWindowsVB\Downloads\orebi\SPB_Data\TUBII4\worklib\ports\sym_1\symbol.css FILE24
C:\Users\QGPWindowsVB\Downloads\orebi\SPB_Data\TUBII4\worklib\generic_utilities\sym_1\symbol.css FILE25
C:\Users\QGPWindowsVB\Downloads\orebi\SPB_Data\TUBII4\worklib\comparators\sym_1\symbol.css FILE26
C:\Users\QGPWindowsVB\Downloads\orebi\SPB_Data\TUBII4\worklib\caen\sym_1\symbol.css FILE27
C:\Users\QGPWindowsVB\Downloads\orebi\SPB_Data\TUBII4\worklib\gt_delays\sym_1\symbol.css FILE28
C:\Users\QGPWindowsVB\Downloads\orebi\SPB_Data\TUBII4\worklib\tubii\sch_1\page1_csa.lck NEWFILE29
C:/Users/QGPWindowsVB/Downloads/orebi/SPB_Data/TUBII4/worklib/tubii/sch_1/tubii.xcon FILE30
C:/Users/QGPWindowsVB/Downloads/orebi/SPB_Data/TUBII4/worklib/tubii/sch_1/tubii.dcf FILE31
C:\Users\QGPWindowsVB\Downloads\orebi\SPB_Data\TUBII4\worklib\pulse_scaler\sch_1\page1.csb FILE32
C:\Users\QGPWindowsVB\Downloads\orebi\SPB_Data\TUBII4\worklib\pulse_scaler\sch_1\page1_csb.lck NEWFILE33
C:\Users\QGPWindowsVB\Downloads\orebi\Parts\parts\misc\testpoint_l\sym_1\symbol.css FILE34
temp/xxnedtmp21/undo2.log NEWFILE35
C:\Users\QGPWindowsVB\Downloads\orebi\SPB_Data\TUBII4\worklib\generic_utilities\sch_1\page1.csb FILE36
C:\Users\QGPWindowsVB\Downloads\orebi\SPB_Data\TUBII4\worklib\generic_utilities\sch_1\page1_csb.lck NEWFILE37
temp/xxnedtmp21/undo3.log NEWFILE38
C:\Users\QGPWindowsVB\Downloads\orebi\SPB_Data\TUBII4\worklib\pulse_inverter\sym_1\symbol.css FILE39
C:\Users\QGPWindowsVB\Downloads\orebi\SPB_Data\TUBII4\worklib\generic_delays\sym_1\symbol.css FILE40
C:\Users\QGPWindowsVB\Downloads\orebi\SPB_Data\TUBII4\worklib\ribbondelay\sym_1\symbol.css FILE41
C:\Users\QGPWindowsVB\Downloads\orebi\SPB_Data\TUBII4\worklib\generic_pulse\sym_1\symbol.css FILE42
C:\Users\QGPWindowsVB\Downloads\orebi\SPB_Data\TUBII4\worklib\pulse_scaler\sym_1\symbol_css.lck NEWFILE43
temp/xxnedtmp21/undo4.log NEWFILE44
C:\Users\QGPWindowsVB\Downloads\orebi\Parts\parts\standard\origin\sym_1\symbol.css FILE45
temp/xxnedtmp21/concept.mkr NEWFILE46
C:/Cadence/SPB_16.6/tools/language/pack_type_rename.dat NEWFILE47
temp/xxnedtmp21/../penn#20b#20size#20page.mkr NEWFILE48
temp/xxnedtmp21/../testpoint_l.mkr NEWFILE49
C:\Users\QGPWindowsVB\Downloads\orebi\SPB_Data\TUBII4\worklib\pulse_scaler\sch_1\page1.csa FILE50
C:\Users\QGPWindowsVB\Downloads\orebi\SPB_Data\TUBII4\worklib\pulse_scaler\sch_1\page1.csv FILE51
C:/Users/QGPWindowsVB/Downloads/orebi/SPB_Data/TUBII4/worklib/pulse_scaler/sch_1/pulse_scaler_xcon.lck NEWFILE52
C:/Users/QGPWindowsVB/Downloads/orebi/SPB_Data/TUBII4/worklib/pulse_scaler/sch_1/pulse_scaler_dcf.lck NEWFILE53
temp/xxnedtmp21/csnetlister.mkr NEWFILE54
C:/Cadence/SPB_16.6/tools/language/config.dat FILE55
C:\Users\QGPWindowsVB\Downloads\orebi\SPB_Data\TUBII4\worklib\tubii\sch_1\page1.csa FILE56
C:\Users\QGPWindowsVB\Downloads\orebi\SPB_Data\TUBII4\worklib\tubii\sch_1\page1.csv FILE57
C:\Users\QGPWindowsVB\Downloads\orebi\SPB_Data\TUBII4\worklib\tubii\sch_1\pc.db FILE58
C:/Users/QGPWindowsVB/Downloads/orebi/SPB_Data/TUBII4/worklib/tubii/sch_1/tubii_xcon.lck NEWFILE59
C:/Users/QGPWindowsVB/Downloads/orebi/SPB_Data/TUBII4/worklib/tubii/sch_1/tubii_dcf.lck NEWFILE60
temp/xxnedtmp21/../pulse_scaler.mkr NEWFILE61
temp/xxnedtmp21/../pulse_inverter.mkr NEWFILE62
temp/xxnedtmp21/../generic_delays.mkr NEWFILE63
temp/xxnedtmp21/../ribbondelay.mkr NEWFILE64
temp/xxnedtmp21/../generic_pulse.mkr NEWFILE65
C:\Users\QGPWindowsVB\Downloads\orebi\SPB_Data\TUBII4\worklib\generic_utilities\sch_1\page1.csa FILE66
C:\Users\QGPWindowsVB\Downloads\orebi\SPB_Data\TUBII4\worklib\generic_utilities\sch_1\page1.csv FILE67
C:\Users\QGPWindowsVB\Downloads\orebi\SPB_Data\TUBII4\worklib\generic_utilities\sch_1\pc.db FILE68
C:/Users/QGPWindowsVB/Downloads/orebi/SPB_Data/TUBII4/worklib/generic_utilities/sch_1/generic_utilities_xcon.lck NEWFILE69
C:/Users/QGPWindowsVB/Downloads/orebi/SPB_Data/TUBII4/worklib/generic_utilities/sch_1/generic_utilities_dcf.lck NEWFILE70
C:\Users\QGPWindowsVB\Downloads\orebi\SPB_Data\TUBII4\worklib\generic_utilities\sch_1\page1_csa.lck NEWFILE71
C:\Users\QGPWindowsVB\Downloads\orebi\SPB_Data\TUBII4\worklib\pulse_scaler\sch_1\page1_csa.lck NEWFILE72
C:\Users\QGPWindowsVB\Downloads\orebi\SPB_Data\TUBII4\worklib\generic_utilities\sym_1\symbol_css.lck NEWFILE73
C:\Users\QGPWindowsVB\Downloads\orebi\SPB_Data\TUBII4\worklib\microzedconnection\sym_1\symbol_css.lck NEWFILE74
C:\Users\QGPWindowsVB\Downloads\orebi\SPB_Data\TUBII4\worklib\cntrl_register\sym_1\symbol_css.lck NEWFILE75
temp/xxnedtmp21/undo5.log NEWFILE76
C:\Users\QGPWindowsVB\Downloads\orebi\SPB_Data\TUBII4\worklib\cntrl_register\sch_1\page1.csb FILE77
C:\Users\QGPWindowsVB\Downloads\orebi\SPB_Data\TUBII4\worklib\cntrl_register\sch_1\page1_csb.lck NEWFILE78
temp/xxnedtmp21/undo6.log NEWFILE79
C:\Users\QGPWindowsVB\Downloads\orebi\Parts\parts\ttl\hct374\sym_1\symbol.css FILE80
C:\Users\QGPWindowsVB\Downloads\orebi\Parts\parts\misc\74f164\sym_2\symbol.css FILE81
temp/xxnedtmp21/../hct374.mkr NEWFILE82
temp/xxnedtmp21/../3#20merge.mkr NEWFILE83
temp/xxnedtmp21/../74f164.mkr NEWFILE84
C:\Users\QGPWindowsVB\Downloads\orebi\SPB_Data\TUBII4\worklib\cntrl_register\sch_1\page1.csa FILE85
C:\Users\QGPWindowsVB\Downloads\orebi\SPB_Data\TUBII4\worklib\cntrl_register\sch_1\page1.csv FILE86
C:\Users\QGPWindowsVB\Downloads\orebi\SPB_Data\TUBII4\worklib\cntrl_register\sch_1\pc.db FILE87
C:/Users/QGPWindowsVB/Downloads/orebi/SPB_Data/TUBII4/worklib/cntrl_register/sch_1/cntrl_register_xcon.lck NEWFILE88
C:/Users/QGPWindowsVB/Downloads/orebi/SPB_Data/TUBII4/worklib/cntrl_register/sch_1/cntrl_register_dcf.lck NEWFILE89
C:\Users\QGPWindowsVB\Downloads\orebi\SPB_Data\TUBII4\worklib\cntrl_register\sch_1\page1_csa.lck NEWFILE90
temp/xxnedtmp21/../ecal_control.mkr NEWFILE91
temp/xxnedtmp21/../caen.mkr NEWFILE92
temp/xxnedtmp21/../base_mon.mkr NEWFILE93
temp/xxnedtmp21/../cntrl_register.mkr NEWFILE94
temp/xxnedtmp21/../clocks.mkr NEWFILE95
temp/xxnedtmp21/../ellie.mkr NEWFILE96
temp/xxnedtmp21/../tubii_triggers.mkr NEWFILE97
temp/xxnedtmp21/../hct238.mkr NEWFILE98
temp/xxnedtmp21/../microzedconnection.mkr FILE99
temp/xxnedtmp21/../latchexttrig.mkr NEWFILE100
temp/xxnedtmp21/../powers.mkr NEWFILE101
temp/xxnedtmp21/../tubii_spkr.mkr NEWFILE102
temp/xxnedtmp21/../ports2.mkr NEWFILE103
temp/xxnedtmp21/../ports.mkr NEWFILE104
temp/xxnedtmp21/../generic_utilities.mkr FILE105
temp/xxnedtmp21/../comparators.mkr NEWFILE106
temp/xxnedtmp21/../gt_delays.mkr NEWFILE107
C:\Users\QGPWindowsVB\Downloads\orebi\SPB_Data\TUBII4\worklib\clocks\sch_1\page1.csb FILE108
C:\Users\QGPWindowsVB\Downloads\orebi\SPB_Data\TUBII4\worklib\clocks\sch_1\page1_csb.lck NEWFILE109
C:\Users\QGPWindowsVB\Downloads\orebi\SPB_Data\TUBII4\worklib\tubii_time\sym_1\symbol.css FILE110
C:\Users\QGPWindowsVB\Downloads\orebi\SPB_Data\TUBII4\worklib\tubii_clks\sym_1\symbol.css FILE111
C:\Users\QGPWindowsVB\Downloads\orebi\SPB_Data\TUBII4\worklib\tubii_clks\sch_1\page1.csb FILE112
C:\Users\QGPWindowsVB\Downloads\orebi\SPB_Data\TUBII4\worklib\tubii_clks\sch_1\page1_csb.lck NEWFILE113
C:\Users\QGPWindowsVB\Downloads\orebi\SPB_Data\TUBII4\worklib\clocks\sch_1\page1_csa.lck NEWFILE114
C:\Users\QGPWindowsVB\Downloads\orebi\Parts\parts\ecl\10h116\sym_1\symbol.css FILE115
C:\Users\QGPWindowsVB\Downloads\orebi\Parts\parts\resistors\rsmd0805\sym_1\symbol.css FILE116
C:\Users\QGPWindowsVB\Downloads\orebi\Parts\parts\misc\foxclock\sym_1\symbol.css FILE117
C:\Users\QGPWindowsVB\Downloads\orebi\Parts\parts\ecl\10h104\sym_1\symbol.css FILE118
C:\Users\QGPWindowsVB\Downloads\orebi\Parts\parts\ecl\10h124\sym_1\symbol.css FILE119
C:\Users\QGPWindowsVB\Downloads\orebi\Parts\parts\misc\gnd\sym_1\symbol.css FILE120
C:\Users\QGPWindowsVB\Downloads\orebi\Parts\parts\ecl\100el34\sym_1\symbol.css FILE121
C:\Users\QGPWindowsVB\Downloads\orebi\Parts\parts\ecl\10h125\sym_1\symbol.css FILE122
C:\Users\QGPWindowsVB\Downloads\orebi\Parts\parts\capacitors\csmd0805\sym_1\symbol.css FILE123
C:\Users\QGPWindowsVB\Downloads\orebi\Parts\parts\ecl\el91l\sym_1\symbol.css FILE124
C:\Users\QGPWindowsVB\Downloads\orebi\Parts\parts\ecl\10e101\sym_1\symbol.css FILE125
C:\Users\QGPWindowsVB\Downloads\orebi\SPB_Data\TUBII4\worklib\tubii_clks\sch_1\page1_csa.lck NEWFILE126
C:\Users\QGPWindowsVB\Downloads\orebi\SPB_Data\TUBII4\worklib\ports2\sch_1\page1.csb FILE127
C:\Users\QGPWindowsVB\Downloads\orebi\SPB_Data\TUBII4\worklib\ports2\sch_1\page1_csb.lck NEWFILE128
C:/Users/QGPWIN~1/AppData/Local/Temp/con56CF.tmp FILE129
temp/xxnedtmp21/../csmd0805.mkr NEWFILE130
temp/xxnedtmp21/../rsmd0805.mkr NEWFILE131
temp/xxnedtmp21/../gnd.mkr NEWFILE132
temp/xxnedtmp21/../10h116.mkr NEWFILE133
temp/xxnedtmp21/../10e101.mkr NEWFILE134
C:\Users\QGPWindowsVB\Downloads\orebi\SPB_Data\TUBII4\worklib\ports2\sch_1\page1.csa FILE135
C:\Users\QGPWindowsVB\Downloads\orebi\SPB_Data\TUBII4\worklib\ports2\sch_1\page1.csv FILE136
C:\Users\QGPWindowsVB\Downloads\orebi\SPB_Data\TUBII4\worklib\ports2\sch_1\pc.db FILE137
C:/Users/QGPWindowsVB/Downloads/orebi/SPB_Data/TUBII4/worklib/ports2/sch_1/ports2_xcon.lck NEWFILE138
C:/Users/QGPWindowsVB/Downloads/orebi/SPB_Data/TUBII4/worklib/ports2/sch_1/ports2_dcf.lck NEWFILE139
temp/xxnedtmp21/../el91l.mkr NEWFILE140
temp/xxnedtmp21/../foxclock.mkr NEWFILE141
temp/xxnedtmp21/../10h125.mkr NEWFILE142
temp/xxnedtmp21/../100el34.mkr NEWFILE143
temp/xxnedtmp21/../10h104.mkr NEWFILE144
temp/xxnedtmp21/../10h124.mkr NEWFILE145
C:\Users\QGPWindowsVB\Downloads\orebi\SPB_Data\TUBII4\worklib\tubii_clks\sch_1\page1.csa FILE146
C:\Users\QGPWindowsVB\Downloads\orebi\SPB_Data\TUBII4\worklib\tubii_clks\sch_1\page1.csv FILE147
C:\Users\QGPWindowsVB\Downloads\orebi\SPB_Data\TUBII4\worklib\tubii_clks\sch_1\pc.db FILE148
C:/Users/QGPWindowsVB/Downloads/orebi/SPB_Data/TUBII4/worklib/tubii_clks/sch_1/tubii_clks_xcon.lck NEWFILE149
C:/Users/QGPWindowsVB/Downloads/orebi/SPB_Data/TUBII4/worklib/tubii_clks/sch_1/tubii_clks_dcf.lck NEWFILE150
C:\Users\QGPWindowsVB\Downloads\orebi\SPB_Data\TUBII4\worklib\clocks\sch_1\page1.csa FILE151
C:\Users\QGPWindowsVB\Downloads\orebi\SPB_Data\TUBII4\worklib\clocks\sch_1\page1.csv FILE152
C:/Users/QGPWindowsVB/Downloads/orebi/SPB_Data/TUBII4/worklib/clocks/sch_1/clocks_xcon.lck NEWFILE153
C:/Users/QGPWindowsVB/Downloads/orebi/SPB_Data/TUBII4/worklib/clocks/sch_1/clocks_dcf.lck NEWFILE154
C:\Users\QGPWindowsVB\Downloads\orebi\SPB_Data\TUBII4\worklib\tubii_clks\sym_1\symbol_css.lck NEWFILE155
C:\Users\QGPWindowsVB\Downloads\orebi\SPB_Data\TUBII4\worklib\ports2\sch_1\page1_csa.lck NEWFILE156
C:\Users\QGPWindowsVB\Downloads\orebi\SPB_Data\TUBII4\worklib\clocks\sym_1\symbol_css.lck NEWFILE157
temp/xxnedtmp21/../tubii_clks.mkr FILE158
temp/xxnedtmp21/../tubii_time.mkr NEWFILE159
C:\Users\QGPWindowsVB\Downloads\orebi\SPB_Data\TUBII4\worklib\ports2\sym_1\symbol_css.lck NEWFILE160
C:\Users\QGPWindowsVB\Downloads\orebi\SPB_Data\TUBII4\worklib\tubii_time\sch_1\page1.csb FILE161
C:\Users\QGPWindowsVB\Downloads\orebi\SPB_Data\TUBII4\worklib\tubii_time\sch_1\page1_csb.lck NEWFILE162
C:\Users\QGPWindowsVB\Downloads\orebi\Parts\parts\ecl\10e116\sym_1\symbol.css FILE163
C:\Users\QGPWindowsVB\Downloads\orebi\Parts\parts\ecl\100el05\sym_1\symbol.css FILE164
C:\Users\QGPWindowsVB\Downloads\orebi\Parts\parts\ecl\10e131\sym_1\symbol.css FILE165
C:\Users\QGPWindowsVB\Downloads\orebi\Parts\parts\ecl\10e016\sym_1\symbol.css FILE166
C:\Users\QGPWindowsVB\Downloads\orebi\Parts\parts\misc\led_1206\sym_1\symbol.css FILE167
C:\Users\QGPWindowsVB\Downloads\orebi\Parts\parts\ttl\f273\sym_1\symbol.css FILE168
C:\Users\QGPWindowsVB\Downloads\orebi\Parts\parts\misc\hct123\sym_1\symbol.css FILE169
C:\Users\QGPWindowsVB\Downloads\orebi\Parts\parts\misc\74f164\sym_1\symbol.css FILE170
C:/Users/QGPWIN~1/AppData/Local/Temp/con7958.tmp FILE171
C:/Users/QGPWIN~1/AppData/Local/Temp/con8485.tmp FILE172
C:/Users/QGPWIN~1/AppData/Local/Temp/conF27D.tmp FILE173
C:/Users/QGPWIN~1/AppData/Local/Temp/con3755.tmp FILE174
C:/Users/QGPWIN~1/AppData/Local/Temp/con461B.tmp FILE175
C:/Users/QGPWIN~1/AppData/Local/Temp/con52DE.tmp FILE176
C:/Users/QGPWIN~1/AppData/Local/Temp/conE22E.tmp FILE177
C:/Users/QGPWIN~1/AppData/Local/Temp/conBA12.tmp FILE178
C:/Users/QGPWIN~1/AppData/Local/Temp/conCB9E.tmp FILE179
C:/Users/QGPWIN~1/AppData/Local/Temp/conFCC1.tmp FILE180
C:/Users/QGPWIN~1/AppData/Local/Temp/conB5A.tmp FILE181
C:\Users\QGPWindowsVB\Downloads\orebi\SPB_Data\TUBII4\worklib\comparators\sch_1\page1.csb FILE182
C:\Users\QGPWindowsVB\Downloads\orebi\SPB_Data\TUBII4\worklib\comparators\sch_1\page1_csb.lck NEWFILE183
C:\Users\QGPWindowsVB\Downloads\orebi\Parts\parts\diodes\bas16lt1\sym_1\symbol.css FILE184
C:\Users\QGPWindowsVB\Downloads\orebi\SPB_Data\TUBII4\worklib\tuncomp\sym_1\symbol.css FILE185
C:\Users\QGPWindowsVB\Downloads\orebi\Parts\parts\capacitors\csmd0603\sym_1\symbol.css FILE186
C:\Users\QGPWindowsVB\Downloads\orebi\SPB_Data\TUBII4\worklib\fastcomp\sym_1\symbol.css FILE187
C:\Users\QGPWindowsVB\Downloads\orebi\SPB_Data\TUBII4\worklib\tuncomp\sch_1\page1.csb FILE188
C:\Users\QGPWindowsVB\Downloads\orebi\SPB_Data\TUBII4\worklib\tuncomp\sch_1\page1_csb.lck NEWFILE189
C:\Users\QGPWindowsVB\Downloads\orebi\SPB_Data\TUBII4\worklib\comparators\sch_1\page1_csa.lck NEWFILE190
C:\Users\QGPWindowsVB\Downloads\orebi\Parts\parts\ecl\10h131\sym_1\symbol.css FILE191
C:\Users\QGPWindowsVB\Downloads\orebi\Parts\parts\misc\ad96685\sym_1\symbol.css FILE192
C:\Users\QGPWindowsVB\Downloads\orebi\Parts\parts\ttl\f06\sym_1\symbol.css FILE193
C:\Users\QGPWindowsVB\Downloads\orebi\Parts\parts\misc\ad7243\sym_1\symbol.css FILE194
C:/Users/QGPWIN~1/AppData/Local/Temp/conE2DE.tmp FILE195
temp/xxnedtmp21/../10e016.mkr NEWFILE196
temp/xxnedtmp21/../hct123.mkr NEWFILE197
temp/xxnedtmp21/../10e116.mkr NEWFILE198
temp/xxnedtmp21/../100el05.mkr NEWFILE199
temp/xxnedtmp21/../10e131.mkr NEWFILE200
temp/xxnedtmp21/../led_1206.mkr NEWFILE201
temp/xxnedtmp21/../f273.mkr NEWFILE202
C:\Users\QGPWindowsVB\Downloads\orebi\SPB_Data\TUBII4\worklib\tubii_time\sch_1\page1.csa FILE203
C:\Users\QGPWindowsVB\Downloads\orebi\SPB_Data\TUBII4\worklib\tubii_time\sch_1\page1.csv FILE204
C:\Users\QGPWindowsVB\Downloads\orebi\SPB_Data\TUBII4\worklib\tubii_time\sch_1\pc.db FILE205
C:/Users/QGPWindowsVB/Downloads/orebi/SPB_Data/TUBII4/worklib/tubii_time/sch_1/tubii_time_xcon.lck NEWFILE206
C:/Users/QGPWindowsVB/Downloads/orebi/SPB_Data/TUBII4/worklib/tubii_time/sch_1/tubii_time_dcf.lck NEWFILE207
C:\Users\QGPWindowsVB\Downloads\orebi\SPB_Data\TUBII4\worklib\tubii_time\sch_1\page1_csa.lck NEWFILE208
C:\Users\QGPWindowsVB\Downloads\orebi\SPB_Data\TUBII4\worklib\tuncomp\sch_1\page1_csa.lck NEWFILE209
C:\Users\QGPWindowsVB\Downloads\orebi\SPB_Data\TUBII4\worklib\caen\sch_1\page1.csb FILE210
C:\Users\QGPWindowsVB\Downloads\orebi\SPB_Data\TUBII4\worklib\caen\sch_1\page1_csb.lck NEWFILE211
C:\Users\QGPWindowsVB\Downloads\orebi\SPB_Data\TUBII4\worklib\caen_coms\sym_1\symbol.css FILE212
C:\Users\QGPWindowsVB\Downloads\orebi\SPB_Data\TUBII4\worklib\caen_chat\sym_1\symbol.css FILE213
C:\Users\QGPWindowsVB\Downloads\orebi\SPB_Data\TUBII4\worklib\caen_coms\sch_1\page1.csb FILE214
C:\Users\QGPWindowsVB\Downloads\orebi\SPB_Data\TUBII4\worklib\caen_coms\sch_1\page1_csb.lck NEWFILE215
C:\Users\QGPWindowsVB\Downloads\orebi\SPB_Data\TUBII4\worklib\caen\sch_1\page1_csa.lck NEWFILE216
C:\Users\QGPWindowsVB\Downloads\orebi\Parts\parts\misc\prma1c05b\sym_1\symbol.css FILE217
C:\Users\QGPWindowsVB\Downloads\orebi\Parts\parts\resistors\res_l\sym_1\symbol.css FILE218
C:\Users\QGPWindowsVB\Downloads\orebi\SPB_Data\TUBII4\worklib\caen_buffer\sym_1\symbol.css FILE219
C:\Users\QGPWindowsVB\Downloads\orebi\Parts\parts\ttl\f07\sym_1\symbol.css FILE220
C:\Users\QGPWindowsVB\Downloads\orebi\SPB_Data\TUBII4\worklib\caen_coms\sch_1\page1_csa.lck NEWFILE221
C:/Users/QGPWIN~1/AppData/Local/Temp/con7171.tmp FILE222
C:/Users/QGPWIN~1/AppData/Local/Temp/conA5.tmp FILE223
C:/Users/QGPWIN~1/AppData/Local/Temp/con2545.tmp FILE224
C:\Users\QGPWindowsVB\Downloads\orebi\SPB_Data\TUBII4\worklib\clocks\sch_1\pc.db FILE225
C:\Users\QGPWindowsVB\Downloads\orebi\SPB_Data\TUBII4\worklib\latchexttrig\sch_1\page1.csb FILE226
C:\Users\QGPWindowsVB\Downloads\orebi\SPB_Data\TUBII4\worklib\latchexttrig\sch_1\page1_csb.lck NEWFILE227
C:\Users\QGPWindowsVB\Downloads\orebi\Parts\parts\standard\8#20merge\sym_1\symbol.css FILE228
C:\Users\QGPWindowsVB\Downloads\orebi\SPB_Data\TUBII4\worklib\latchexttrig\sch_1\page1_csa.lck NEWFILE229
C:\Users\QGPWindowsVB\Downloads\orebi\SPB_Data\TUBII4\worklib\tubii_triggers\sch_1\page1.csb FILE230
C:\Users\QGPWindowsVB\Downloads\orebi\SPB_Data\TUBII4\worklib\tubii_triggers\sch_1\page1_csb.lck NEWFILE231
C:\Users\QGPWindowsVB\Downloads\orebi\Parts\parts\standard\4#20merge\sym_1\symbol.css FILE232
C:\Users\QGPWindowsVB\Downloads\orebi\SPB_Data\TUBII4\worklib\tubii_triggers\sch_1\page1_csa.lck NEWFILE233
C:\Users\QGPWindowsVB\Downloads\orebi\SPB_Data\TUBII4\worklib\tubii_triggers\sym_1\symbol_css.lck NEWFILE234
temp/xxnedtmp21/../4#20merge.mkr NEWFILE235
temp/xxnedtmp21/../f07.mkr NEWFILE236
C:\Users\QGPWindowsVB\Downloads\orebi\SPB_Data\TUBII4\worklib\tubii_triggers\sch_1\page1.csa FILE237
C:\Users\QGPWindowsVB\Downloads\orebi\SPB_Data\TUBII4\worklib\tubii_triggers\sch_1\page1.csv FILE238
C:/Users/QGPWindowsVB/Downloads/orebi/SPB_Data/TUBII4/worklib/tubii_triggers/sch_1/tubii_triggers_xcon.lck NEWFILE239
C:/Users/QGPWindowsVB/Downloads/orebi/SPB_Data/TUBII4/worklib/tubii_triggers/sch_1/tubii_triggers_dcf.lck NEWFILE240
C:\Users\QGPWindowsVB\Downloads\orebi\SPB_Data\TUBII4\worklib\ellie\sch_1\page1.csb FILE241
C:\Users\QGPWindowsVB\Downloads\orebi\SPB_Data\TUBII4\worklib\ellie\sch_1\page1_csb.lck NEWFILE242
C:\Users\QGPWindowsVB\Downloads\orebi\SPB_Data\TUBII4\worklib\ellie_talk\sym_1\symbol.css FILE243
C:\Users\QGPWindowsVB\Downloads\orebi\SPB_Data\TUBII4\worklib\ellie_talk\sch_1\page1.csb FILE244
C:\Users\QGPWindowsVB\Downloads\orebi\SPB_Data\TUBII4\worklib\ellie_talk\sch_1\page1_csb.lck NEWFILE245
C:\Users\QGPWindowsVB\Downloads\orebi\SPB_Data\TUBII4\worklib\ellie\sch_1\page1_csa.lck NEWFILE246
C:\Users\QGPWindowsVB\Downloads\orebi\SPB_Data\TUBII4\worklib\ellie_talk\sch_1\page1_csa.lck NEWFILE247
C:\Users\QGPWindowsVB\Downloads\orebi\SPB_Data\TUBII4\worklib\ellie\sym_1\symbol_css.lck NEWFILE248
temp/xxnedtmp21/../ellie_talk.mkr NEWFILE249
C:\Users\QGPWindowsVB\Downloads\orebi\SPB_Data\TUBII4\worklib\ellie\sch_1\page1.csa FILE250
C:\Users\QGPWindowsVB\Downloads\orebi\SPB_Data\TUBII4\worklib\ellie\sch_1\page1.csv FILE251
C:/Users/QGPWindowsVB/Downloads/orebi/SPB_Data/TUBII4/worklib/ellie/sch_1/ellie_xcon.lck NEWFILE252
C:/Users/QGPWindowsVB/Downloads/orebi/SPB_Data/TUBII4/worklib/ellie/sch_1/ellie_dcf.lck NEWFILE253
C:\Users\QGPWindowsVB\Downloads\orebi\SPB_Data\TUBII4\worklib\ellie_talk\sym_1\symbol_css.lck NEWFILE254
C:\Users\QGPWindowsVB\Downloads\orebi\SPB_Data\TUBII4\worklib\ellie_talk\sch_1\page1.csa FILE255
C:\Users\QGPWindowsVB\Downloads\orebi\SPB_Data\TUBII4\worklib\ellie_talk\sch_1\page1.csv FILE256
C:/Users/QGPWindowsVB/Downloads/orebi/SPB_Data/TUBII4/worklib/ellie_talk/sch_1/ellie_talk_xcon.lck NEWFILE257
C:/Users/QGPWindowsVB/Downloads/orebi/SPB_Data/TUBII4/worklib/ellie_talk/sch_1/ellie_talk_dcf.lck NEWFILE258
C:\Users\QGPWindowsVB\Downloads\orebi\SPB_Data\TUBII4\worklib\powers\sch_1\page1.csb FILE259
C:\Users\QGPWindowsVB\Downloads\orebi\SPB_Data\TUBII4\worklib\powers\sch_1\page1_csb.lck NEWFILE260
C:\Users\QGPWindowsVB\Downloads\orebi\Parts\parts\capacitors\tant0805\sym_1\symbol.css FILE261
C:\Users\QGPWindowsVB\Downloads\orebi\Parts\parts\misc\inductor_l\sym_1\symbol.css FILE262
C:\Users\QGPWindowsVB\Downloads\orebi\Parts\parts\regulators\lm1117\sym_1\symbol.css FILE263
C:\Users\QGPWindowsVB\Downloads\orebi\Parts\parts\regulators\lm337t_l\sym_1\symbol.css FILE264
C:\Users\QGPWindowsVB\Downloads\orebi\Parts\parts\diodes\mur105\sym_1\symbol.css FILE265
C:\Users\QGPWindowsVB\Downloads\orebi\SPB_Data\TUBII4\worklib\powers\sch_1\page1_csa.lck NEWFILE266
C:\Users\QGPWindowsVB\Downloads\orebi\SPB_Data\TUBII4\worklib\base_mon\sch_1\page1.csb FILE267
C:\Users\QGPWindowsVB\Downloads\orebi\SPB_Data\TUBII4\worklib\base_mon\sch_1\page1_csb.lck NEWFILE268
C:\Users\QGPWindowsVB\Downloads\orebi\Parts\parts\misc\opa2277\sym_1\symbol.css FILE269
C:\Users\QGPWindowsVB\Downloads\orebi\Parts\parts\misc\opa4277\sym_1\symbol.css FILE270
C:\Users\QGPWindowsVB\Downloads\orebi\Parts\parts\misc\ids_c10\sym_1\symbol.css FILE271
C:\Users\QGPWindowsVB\Downloads\orebi\SPB_Data\TUBII4\worklib\base_mon\sch_1\page1_csa.lck NEWFILE272
C:\Users\QGPWindowsVB\Downloads\orebi\SPB_Data\TUBII4\worklib\caen_chat\sch_1\page1.csb FILE273
C:\Users\QGPWindowsVB\Downloads\orebi\SPB_Data\TUBII4\worklib\caen_chat\sch_1\page1_csb.lck NEWFILE274
C:\Users\QGPWindowsVB\Downloads\orebi\Parts\parts\misc\lvds_driver_ds10\sym_1\symbol.css FILE275
C:\Users\QGPWindowsVB\Downloads\orebi\Parts\parts\transistors\mmbth81lt1\sym_1\symbol.css FILE276
C:\Users\QGPWindowsVB\Downloads\orebi\SPB_Data\TUBII4\worklib\caen_chat\sch_1\page1_csa.lck NEWFILE277
C:\Users\QGPWindowsVB\Downloads\orebi\SPB_Data\TUBII4\worklib\caen_buffer\sch_1\page1.csb FILE278
C:\Users\QGPWindowsVB\Downloads\orebi\SPB_Data\TUBII4\worklib\caen_buffer\sch_1\page1_csb.lck NEWFILE279
C:\Users\QGPWindowsVB\Downloads\orebi\Parts\parts\standard\gnd_power\sym_1\symbol.css FILE280
C:\Users\QGPWindowsVB\Downloads\orebi\Parts\parts\diodes\1n4448\sym_1\symbol.css FILE281
C:\Users\QGPWindowsVB\Downloads\orebi\Parts\parts\misc\lm7171\sym_1\symbol.css FILE282
C:\Users\QGPWindowsVB\Downloads\orebi\Parts\parts\misc\coto2342\sym_1\symbol.css FILE283
C:\Users\QGPWindowsVB\Downloads\orebi\SPB_Data\TUBII4\worklib\caen_buffer\sch_1\page1_csa.lck NEWFILE284
