FILE_TYPE=LIBRARY_PARTS;
TIME=' COMPILATION ON SUN JUN 30 18:52:20 1996  ';
primitive '10H602';
  pin
    'MR':
      PIN_NUMBER='(2)';
      INPUT_LOAD='(-0.01,0.01)';
    'LEN':
      PIN_NUMBER='(3)';
      INPUT_LOAD='(-0.01,0.01)';
    'ENECL':
      PIN_NUMBER='(4)';
      INPUT_LOAD='(-0.01,0.01)';
    'Q8':
      PIN_NUMBER='(5)';
      OUTPUT_LOAD='(1.00,-1.00)';
    'Q7':
      PIN_NUMBER='(6)';
      OUTPUT_LOAD='(1.00,-1.00)';
    'Q6':
      PIN_NUMBER='(8)';
      OUTPUT_LOAD='(1.00,-1.00)';
    'Q5':
      PIN_NUMBER='(10)';
      OUTPUT_LOAD='(1.00,-1.00)';
    'Q4':
      PIN_NUMBER='(11)';
      OUTPUT_LOAD='(1.00,-1.00)';
    'Q3':
      PIN_NUMBER='(12)';
      OUTPUT_LOAD='(1.00,-1.00)';
    'Q2':
      PIN_NUMBER='(14)';
      OUTPUT_LOAD='(1.00,-1.00)';
    'Q1':
      PIN_NUMBER='(17)';
      OUTPUT_LOAD='(1.00,-1.00)';
    'Q0':
      PIN_NUMBER='(18)';
      OUTPUT_LOAD='(1.00,-1.00)';
    'D0':
      PIN_NUMBER='(19)';
      INPUT_LOAD='(-0.01,0.01)';
    'D1':
      PIN_NUMBER='(20)';
      INPUT_LOAD='(-0.01,0.01)';
    'D2':
      PIN_NUMBER='(21)';
      INPUT_LOAD='(-0.01,0.01)';
    'D3':
      PIN_NUMBER='(22)';
      INPUT_LOAD='(-0.01,0.01)';
    'D4':
      PIN_NUMBER='(24)';
      INPUT_LOAD='(-0.01,0.01)';
    'D5':
      PIN_NUMBER='(25)';
      INPUT_LOAD='(-0.01,0.01)';
    'D6':
      PIN_NUMBER='(26)';
      INPUT_LOAD='(-0.01,0.01)';
    'D7':
      PIN_NUMBER='(27)';
      INPUT_LOAD='(-0.01,0.01)';
    'D8':
      PIN_NUMBER='(28)';
      INPUT_LOAD='(-0.01,0.01)';
  end_pin;
  body
    JEDEC_TYPE='PLCC28';
    POWER_PINS='(GND:1)';
    POWER_PINS='(GND:7)';
    POWER_PINS='(VEE:9)';
    POWER_PINS='(GND:13)';
    POWER_PINS='(GND:15)';
    POWER_PINS='(GND:16)';
    POWER_PINS='(VCC:23)';
  end_body;
end_primitive;
END.
