FILE_TYPE=LIBRARY_PARTS;
TIME=' COMPILATION ON THU JAN 10 20:41:33 1991  ';
primitive '74HC4051_L','74HC4051_L_DIP';
  pin
    'X7'<0>:
      BIDIRECTIONAL='TRUE';
      NO_LOAD_CHECK='BOTH';
      UNKNOWN_LOADING='TRUE';
      ALLOW_CONNECT='TRUE';
      PIN_NUMBER='(4)';
    'X6'<0>:
      BIDIRECTIONAL='TRUE';
      NO_LOAD_CHECK='BOTH';
      UNKNOWN_LOADING='TRUE';
      ALLOW_CONNECT='TRUE';
      PIN_NUMBER='(2)';
    'X5'<0>:
      BIDIRECTIONAL='TRUE';
      NO_LOAD_CHECK='BOTH';
      UNKNOWN_LOADING='TRUE';
      ALLOW_CONNECT='TRUE';
      PIN_NUMBER='(5)';
    'X4'<0>:
      BIDIRECTIONAL='TRUE';
      NO_LOAD_CHECK='BOTH';
      UNKNOWN_LOADING='TRUE';
      ALLOW_CONNECT='TRUE';
      PIN_NUMBER='(1)';
    'X3'<0>:
      BIDIRECTIONAL='TRUE';
      NO_LOAD_CHECK='BOTH';
      UNKNOWN_LOADING='TRUE';
      ALLOW_CONNECT='TRUE';
      PIN_NUMBER='(12)';
    'X2'<0>:
      BIDIRECTIONAL='TRUE';
      NO_LOAD_CHECK='BOTH';
      UNKNOWN_LOADING='TRUE';
      ALLOW_CONNECT='TRUE';
      PIN_NUMBER='(15)';
    'X1'<0>:
      BIDIRECTIONAL='TRUE';
      NO_LOAD_CHECK='BOTH';
      UNKNOWN_LOADING='TRUE';
      ALLOW_CONNECT='TRUE';
      PIN_NUMBER='(14)';
    'X0'<0>:
      BIDIRECTIONAL='TRUE';
      NO_LOAD_CHECK='BOTH';
      UNKNOWN_LOADING='TRUE';
      ALLOW_CONNECT='TRUE';
      PIN_NUMBER='(13)';
    'X'<0>:
      BIDIRECTIONAL='TRUE';
      NO_LOAD_CHECK='BOTH';
      UNKNOWN_LOADING='TRUE';
      ALLOW_CONNECT='TRUE';
      PIN_NUMBER='(3)';
    'S'<2>:
      INPUT_LOAD='(-0.001,0.001)';
      PIN_NUMBER='(9)';
    'S'<1>:
      INPUT_LOAD='(-0.001,0.001)';
      PIN_NUMBER='(10)';
    'S'<0>:
      INPUT_LOAD='(-0.001,0.001)';
      PIN_NUMBER='(11)';
    '-INH':
      INPUT_LOAD='(-0.001,0.001)';
      PIN_NUMBER='(6)';
    'VNEG':
      PIN_NUMBER='(7)';
      PIN_TYPE='POWER';
      NO_LOAD_CHECK='BOTH';
      UNKNOWN_LOADING='TRUE';
  end_pin;
  body
    POWER_PINS='(VCC:16;GND:8)';
    FAMILY='HCMOS';
    PART_NAME='74HC4051_L';
    BODY_NAME='HC4051_L';
    JEDEC_TYPE='DIP16_3';
    CLASS='IC';
    TECH='74HC';  
  end_body;
end_primitive;
primitive '74HC4051_L_SOIC';
  pin
    'X7'<0>:
      BIDIRECTIONAL='TRUE';
      NO_LOAD_CHECK='BOTH';
      UNKNOWN_LOADING='TRUE';
      ALLOW_CONNECT='TRUE';
      PIN_NUMBER='(4)';
    'X6'<0>:
      BIDIRECTIONAL='TRUE';
      NO_LOAD_CHECK='BOTH';
      UNKNOWN_LOADING='TRUE';
      ALLOW_CONNECT='TRUE';
      PIN_NUMBER='(2)';
    'X5'<0>:
      BIDIRECTIONAL='TRUE';
      NO_LOAD_CHECK='BOTH';
      UNKNOWN_LOADING='TRUE';
      ALLOW_CONNECT='TRUE';
      PIN_NUMBER='(5)';
    'X4'<0>:
      BIDIRECTIONAL='TRUE';
      NO_LOAD_CHECK='BOTH';
      UNKNOWN_LOADING='TRUE';
      ALLOW_CONNECT='TRUE';
      PIN_NUMBER='(1)';
    'X3'<0>:
      BIDIRECTIONAL='TRUE';
      NO_LOAD_CHECK='BOTH';
      UNKNOWN_LOADING='TRUE';
      ALLOW_CONNECT='TRUE';
      PIN_NUMBER='(12)';
    'X2'<0>:
      BIDIRECTIONAL='TRUE';
      NO_LOAD_CHECK='BOTH';
      UNKNOWN_LOADING='TRUE';
      ALLOW_CONNECT='TRUE';
      PIN_NUMBER='(15)';
    'X1'<0>:
      BIDIRECTIONAL='TRUE';
      NO_LOAD_CHECK='BOTH';
      UNKNOWN_LOADING='TRUE';
      ALLOW_CONNECT='TRUE';
      PIN_NUMBER='(14)';
    'X0'<0>:
      BIDIRECTIONAL='TRUE';
      NO_LOAD_CHECK='BOTH';
      UNKNOWN_LOADING='TRUE';
      ALLOW_CONNECT='TRUE';
      PIN_NUMBER='(13)';
    'X'<0>:
      BIDIRECTIONAL='TRUE';
      NO_LOAD_CHECK='BOTH';
      UNKNOWN_LOADING='TRUE';
      ALLOW_CONNECT='TRUE';
      PIN_NUMBER='(3)';
    'S'<2>:
      INPUT_LOAD='(-0.001,0.001)';
      PIN_NUMBER='(9)';
    'S'<1>:
      INPUT_LOAD='(-0.001,0.001)';
      PIN_NUMBER='(10)';
    'S'<0>:
      INPUT_LOAD='(-0.001,0.001)';
      PIN_NUMBER='(11)';
    '-INH':
      INPUT_LOAD='(-0.001,0.001)';
      PIN_NUMBER='(6)';
    'VNEG':
      PIN_NUMBER='(7)';
      PIN_TYPE='POWER';
      NO_LOAD_CHECK='BOTH';
      UNKNOWN_LOADING='TRUE';
  end_pin;
  body
    POWER_PINS='(VCC:16;GND:8)';
    FAMILY='HCMOS';
    PART_NAME='74HC4051_L';
    BODY_NAME='HC4051_L';
    JEDEC_TYPE='SOIC16W';
    CLASS='IC';
    TECH='74HC';  
  end_body;
end_primitive;
END.
