FILE_TYPE=LIBRARY_PARTS;
TIME=' COMPILATION ON FRI NOV 17 12:09:46 1995  ';
primitive 'HE721C0510';
  pin
    'IN_1':
      PIN_NUMBER='(7)';
      PIN_TYPE='ANALOG';
      NO_LOAD_CHECK='BOTH';
      UNKNOWN_LOADING='TRUE';
    'IN_2':
      PIN_NUMBER='(8)';
      PIN_TYPE='ANALOG';
      NO_LOAD_CHECK='BOTH';
      UNKNOWN_LOADING='TRUE';
    'S1':
      PIN_NUMBER='(6)';
      INPUT_LOAD='(-0.01,0.01)';
    'S2':
      PIN_NUMBER='(2)';
      INPUT_LOAD='(-0.01,0.01)';
    'OUT_1':
      PIN_NUMBER='(1)';
      PIN_TYPE='ANALOG';
      NO_LOAD_CHECK='BOTH';
      UNKNOWN_LOADING='TRUE';
    'OUT_2':
      PIN_NUMBER='(14)';
      PIN_TYPE='ANALOG';
      NO_LOAD_CHECK='BOTH';
      UNKNOWN_LOADING='TRUE';
  end_pin;
  body
    JEDEC_TYPE='DIP_REL';
    CLASS='DISCRETE';
    POWER_PINS='(NC:9)';
    POWER_PINS='(NC:13)';
  end_body;
end_primitive;
primitive 'HE721C0510_DIP_REL';
  pin
    'IN_1':
      PIN_NUMBER='(7)';
      PIN_TYPE='ANALOG';
      NO_LOAD_CHECK='BOTH';
      UNKNOWN_LOADING='TRUE';
    'IN_2':
      PIN_NUMBER='(8)';
      PIN_TYPE='ANALOG';
      NO_LOAD_CHECK='BOTH';
      UNKNOWN_LOADING='TRUE';
    'S1':
      PIN_NUMBER='(6)';
      INPUT_LOAD='(-0.01,0.01)';
    'S2':
      PIN_NUMBER='(2)';
      INPUT_LOAD='(-0.01,0.01)';
    'OUT_1':
      PIN_NUMBER='(1)';
      PIN_TYPE='ANALOG';
      NO_LOAD_CHECK='BOTH';
      UNKNOWN_LOADING='TRUE';
    'OUT_2':
      PIN_NUMBER='(14)';
      PIN_TYPE='ANALOG';
      NO_LOAD_CHECK='BOTH';
      UNKNOWN_LOADING='TRUE';
  end_pin;
  body
    JEDEC_TYPE='DIP_REL';
    CLASS='DISCRETE';
    POWER_PINS='(NC:9)';
    POWER_PINS='(NC:13)';
  end_body;
end_primitive;
END.
