FILE_TYPE=LIBRARY_PARTS;
TIME=' COMPILATION ON THU MAY 25 10:34:44 1995  ';
primitive 'AD842';
  pin
    'NIN':
      PIN_NUMBER='(3)';
      PIN_TYPE='ANALOG';
      NO_LOAD_CHECK='BOTH';
      UNKNOWN_LOADING='TRUE';
    'PIN':
      PIN_NUMBER='(5)';
      PIN_TYPE='ANALOG';
      NO_LOAD_CHECK='BOTH';
      UNKNOWN_LOADING='TRUE';
    'OUT':
      PIN_NUMBER='(12)';
      PIN_TYPE='ANALOG';
      NO_LOAD_CHECK='BOTH';
      UNKNOWN_LOADING='TRUE';
    'PVSS':
      PIN_NUMBER='(14)';
      PIN_TYPE='POWER';
      NO_LOAD_CHECK='BOTH';
      UNKNOWN_LOADING='TRUE';
    'NVSS':
      PIN_NUMBER='(7)';
      PIN_TYPE='POWER';
      NO_LOAD_CHECK='BOTH';
      UNKNOWN_LOADING='TRUE';
  end_pin;
  body
    JEDEC_TYPE='SOIC16W';
    CLASS='IC';
    PART_NAME='AD842';
    BODY_NAME='AD842';
    NC_PINS='(1,2,4,6,8,9,10,11,13,15,16)';
  end_body;
end_primitive;
END.
