FILE_TYPE=LIBRARY_PARTS;
TIME=' COMPILATION ON THU JAN 10 08:34:28 1991  ';
primitive '10E104','10E104_PLCC';
  pin
    'Y4'<0>:
      OUTPUT_LOAD='(-7.6,-22.4)';
      OUTPUT_TYPE='(OE,OR)';
      PIN_NUMBER='(17)';
    'Y3'<0>:
      OUTPUT_LOAD='(-7.6,-22.4)';
      OUTPUT_TYPE='(OE,OR)';
      PIN_NUMBER='(14)';
    'Y2'<0>:
      OUTPUT_LOAD='(-7.6,-22.4)';
      OUTPUT_TYPE='(OE,OR)';
      PIN_NUMBER='(12)';
    'Y1'<0>:
      OUTPUT_LOAD='(-7.6,-22.4)';
      OUTPUT_TYPE='(OE,OR)';
      PIN_NUMBER='(9)';
    'Y0'<0>:
      OUTPUT_LOAD='(-7.6,-22.4)';
      OUTPUT_TYPE='(OE,OR)';
      PIN_NUMBER='(7)';
    'F'<0>:
      OUTPUT_LOAD='(-7.6,-22.4)';
      OUTPUT_TYPE='(OE,OR)';
      PIN_NUMBER='(20)';
    '-F'<0>:
      OUTPUT_LOAD='(-7.6,-22.4)';
      OUTPUT_TYPE='(OE,OR)';
      PIN_NUMBER='(19)';
    'B4'<0>:
      INPUT_LOAD='(0.0005,0.20)';
      PIN_NUMBER='(24)';
      PIN_GROUP='5';
    'B3'<0>:
      INPUT_LOAD='(0.0005,0.20)';
      PIN_NUMBER='(26)';
      PIN_GROUP='4';
    'B2'<0>:
      INPUT_LOAD='(0.0005,0.20)';
      PIN_NUMBER='(28)';
      PIN_GROUP='3';
    'B1'<0>:
      INPUT_LOAD='(0.0005,0.20)';
      PIN_NUMBER='(3)';
      PIN_GROUP='2';
    'B0'<0>:
      INPUT_LOAD='(0.0005,0.20)';
      PIN_NUMBER='(5)';
      PIN_GROUP='1';
    'A4'<0>:
      INPUT_LOAD='(0.0005,0.20)';
      PIN_NUMBER='(23)';
      PIN_GROUP='5';
    'A3'<0>:
      INPUT_LOAD='(0.0005,0.20)';
      PIN_NUMBER='(25)';
      PIN_GROUP='4';
    'A2'<0>:
      INPUT_LOAD='(0.0005,0.20)';
      PIN_NUMBER='(27)';
      PIN_GROUP='3';
    'A1'<0>:
      INPUT_LOAD='(0.0005,0.20)';
      PIN_NUMBER='(2)';
      PIN_GROUP='2';
    'A0'<0>:
      INPUT_LOAD='(0.0005,0.20)';
      PIN_NUMBER='(4)';
      PIN_GROUP='1';
    '-Y4'<0>:
      OUTPUT_LOAD='(-7.6,-22.4)';
      OUTPUT_TYPE='(OE,OR)';
      PIN_NUMBER='(18)';
    '-Y3'<0>:
      OUTPUT_LOAD='(-7.6,-22.4)';
      OUTPUT_TYPE='(OE,OR)';
      PIN_NUMBER='(15)';
    '-Y2'<0>:
      OUTPUT_LOAD='(-7.6,-22.4)';
      OUTPUT_TYPE='(OE,OR)';
      PIN_NUMBER='(13)';
    '-Y1'<0>:
      OUTPUT_LOAD='(-7.6,-22.4)';
      OUTPUT_TYPE='(OE,OR)';
      PIN_NUMBER='(10)';
    '-Y0'<0>:
      OUTPUT_LOAD='(-7.6,-22.4)';
      OUTPUT_TYPE='(OE,OR)';
      PIN_NUMBER='(8)';
  end_pin;
  body
    FAMILY='ECL10E';
    PART_NAME='10E104';
    POWER_PINS='(GND:16;GND:6,11,21;VEE:1)';
    NC_PINS='(22)';
    JEDEC_TYPE='PLCC28';
    CLASS='IC';
    TECH='10E';  
  end_body;
end_primitive;
END.
