FILE_TYPE=LIBRARY_PARTS;
TIME=' COMPILATION ON MON FEB 27 13:10:26 1995  ';
primitive 'ZPACK_C';
  pin
    'A'<0>:
      PIN_NUMBER='(1..11)';
      PIN_TYPE='ANALOG';
      NO_LOAD_CHECK='BOTH';
      UNKNOWN_LOADING='TRUE';
    'B'<0>:
      PIN_NUMBER='(12..22)';
      PIN_TYPE='ANALOG';
      NO_LOAD_CHECK='BOTH';
      UNKNOWN_LOADING='TRUE';
    'C'<0>:
      PIN_NUMBER='(23..33)';
      PIN_TYPE='ANALOG';
      NO_LOAD_CHECK='BOTH';
      UNKNOWN_LOADING='TRUE';
    'D'<0>:
      PIN_NUMBER='(34..44)';
      PIN_TYPE='ANALOG';
      NO_LOAD_CHECK='BOTH';
      UNKNOWN_LOADING='TRUE';
    'E'<0>:
      PIN_NUMBER='(45..55)';
      PIN_TYPE='ANALOG';
      NO_LOAD_CHECK='BOTH';
      UNKNOWN_LOADING='TRUE';
  end_pin;
  body
    CLASS='IC';
  end_body;
end_primitive;
END.
