FILE_TYPE=LIBRARY_PARTS;
PRIMITIVE 'LDR1201_L';
  PIN
    'CAT':
	  PIN_NUMBER='(1)';
    'AN':
	  PIN_NUMBER='(2)';
  END_PIN;
  BODY
    LAST_MODIFIED='MON OCT 5 13:48:08 1987';
    ABBREV='LDR1201';
  	NEEDS_NO_SIZE='TRUE';
	PHYS_DES_PREFIX='D';
	CLASS='DISCRETE';
	JEDEC_TYPE='LED';
	LEADOUT_STYLE='LED_1';
	PINCOUNT='2';
	PATH='10P';
	SIZE='1';
  END_BODY;
END_PRIMITIVE;

PRIMITIVE 'LDR1201_L_SMALL';
  PIN
    'CAT':
	  PIN_NUMBER='(1)';
    'AN':
	  PIN_NUMBER='(2)';
  END_PIN;
  BODY
    LAST_MODIFIED='MON OCT 5 13:48:08 1987';
    ABBREV='LDR1201_SMALL';
  	NEEDS_NO_SIZE='TRUE';
	PHYS_DES_PREFIX='D';
	CLASS='DISCRETE';
	JEDEC_TYPE='LED_SMALL';
	LEADOUT_STYLE='LED_1';
	PINCOUNT='2';
	PATH='10P';
	SIZE='1';
  END_BODY;
END_PRIMITIVE;

END.
