temp/xxnedtmp/event.log NEWFILE1
temp/xxnedtmp/text.log NEWFILE2
temp/xxnedtmp/environ.log NEWFILE3
G:\Cadence\SPB_16.3\share\cdssetup/concept/concepthdl.scr FILE4
.\cds.lib FILE5
G:\SPB_Data\TUB\sno_tub_uprev\worklib\tub\sch_1\page1.csb FILE6
G:\SPB_Data\TUB\sno_tub_uprev\worklib\tub\sch_1\page1_csb.lck NEWFILE7
temp/xxnedtmp/undo1.log NEWFILE8
G:\Cadence\SPB_16.3\share\library\standard\drawing\sym_1\symbol.css FILE9
G:\SPB_Data\TUB\sno_tub_uprev\snolib\penn#20b#20size#20page\sym_1\symbol.css FILE10
G:\Cadence\SPB_16.3\share\library\standard\gnd_signal\sym_1\symbol.css FILE11
G:\SPB_Data\TUB\sno_tub_uprev\snolib\testpoint_l\sym_1\symbol.css FILE12
G:\SPB_Data\TUB\sno_tub_uprev\snolib\res_l\sym_1\symbol.css FILE13
G:\Parts\parts\ecl\10h125\sym_1\symbol.css FILE14
G:\Cadence\SPB_16.3\share\library\standard\gnd\sym_1\symbol.css FILE15
G:\SPB_Data\TUB\sno_tub_uprev\marklib\10e116\sym_1\symbol.css FILE16
G:\SPB_Data\TUB\sno_tub_uprev\marklib\clock100\sym_1\symbol.css FILE17
G:\SPB_Data\TUB\sno_tub_uprev\worklib\tub_spk\sym_1\symbol.css FILE18
G:\SPB_Data\TUB\sno_tub_uprev\marklib\ids_c10\sym_1\symbol.css FILE19
G:\SPB_Data\TUB\sno_tub_uprev\worklib\tub_ledfanout\sym_1\symbol.css FILE20
G:\Parts\parts\ecl\10h124\sym_1\symbol.css FILE21
G:\SPB_Data\TUB\sno_tub_uprev\snolib\cap_l\sym_1\symbol.css FILE22
G:\SPB_Data\TUB\sno_tub_uprev\worklib\tub_power\sym_1\symbol.css FILE23
G:\SPB_Data\TUB\sno_tub_uprev\worklib\tub_disc\sym_1\symbol.css FILE24
G:\SPB_Data\TUB\sno_tub_uprev\worklib\tub_ledfanout\sch_1\page1.csb FILE25
G:\SPB_Data\TUB\sno_tub_uprev\worklib\tub_ledfanout\sch_1\page1_csb.lck NEWFILE26
G:\SPB_Data\TUB\sno_tub_uprev\worklib\tub\sch_1\page1_csa.lck NEWFILE27
G:\Cadence\SPB_16.3\share\library\standard\flag\sym_5\symbol.css FILE28
G:\Cadence\SPB_16.3\share\library\standard\tap\sym_1\symbol.css FILE29
G:\Cadence\SPB_16.3\share\library\standard\tap\sym_6\symbol.css FILE30
G:\Cadence\SPB_16.3\share\library\standard\flag\sym_1\symbol.css FILE31
G:\SPB_Data\TUB\sno_tub_uprev\marklib\ids_c14\sym_1\symbol.css FILE32
G:\SPB_Data\TUB\sno_tub_uprev\worklib\tub_ledfanout\sch_1\page1_csa.lck NEWFILE33
G:\SPB_Data\TUB\sno_tub_uprev\marklib\ids_c14\sym_1\symbol_css.lck NEWFILE34
G:\Cadence\SPB_16.3\share\library\standard\origin\sym_1\symbol.css FILE35
G:\SPB_Data\TUB\sno_tub_uprev\worklib\tub_disc\sch_1\page1.csb FILE36
G:\SPB_Data\TUB\sno_tub_uprev\worklib\tub_disc\sch_1\page1_csb.lck NEWFILE37
G:\SPB_Data\TUB\sno_tub_uprev\jrklib\mmbth81lt1\sym_1\symbol.css FILE38
G:\SPB_Data\TUB\sno_tub_uprev\awb_lib\mrf5943\sym_1\symbol.css FILE39
G:\SPB_Data\TUB\sno_tub_uprev\marklib\mc10198\sym_1\symbol.css FILE40
G:\SPB_Data\TUB\sno_tub_uprev\marklib\10e101\sym_1\symbol.css FILE41
G:\SPB_Data\TUB\sno_tub_uprev\marklib\10e131\sym_1\symbol.css FILE42
G:\SPB_Data\TUB\sno_tub_uprev\jrklib\ad96685\sym_1\symbol.css FILE43
G:\SPB_Data\TUB\sno_tub_uprev\jrklib\trimpot\sym_1\symbol.css FILE44
G:\SPB_Data\TUB\sno_tub_uprev\worklib\tub_disc\sch_1\page1_csa.lck NEWFILE45
G:\SPB_Data\TUB\sno_tub_uprev\marklib\mc10198\sym_1\symbol_css.lck NEWFILE46
G:\SPB_Data\TUB\sno_tub_uprev\worklib\tub_spk\sch_1\page1.csb FILE47
G:\SPB_Data\TUB\sno_tub_uprev\worklib\tub_spk\sch_1\page1_csb.lck NEWFILE48
G:\Parts\parts\ttl\f06\sym_1\symbol.css FILE49
G:\SPB_Data\TUB\sno_tub_uprev\worklib\tub_spk\sch_1\page1_csa.lck NEWFILE50
temp/xxnedtmp/find.mkr NEWFILE51
G:/Cadence/SPB_16.3/tools/language/config.dat FILE52
temp/xxnedtmp/concept.mkr NEWFILE53
G:/Cadence/SPB_16.3/tools/language/pack_type_rename.dat NEWFILE54
temp/xxnedtmp/../res_l.mkr NEWFILE55
temp/xxnedtmp/../trimpot.mkr NEWFILE56
temp/xxnedtmp/../cap_l.mkr NEWFILE57
temp/xxnedtmp/../ad96685.mkr NEWFILE58
temp/xxnedtmp/../10e101.mkr NEWFILE59
temp/xxnedtmp/../testpoint_l.mkr NEWFILE60
temp/xxnedtmp/../drawing.mkr NEWFILE61
temp/xxnedtmp/../mmbth81lt1.mkr NEWFILE62
temp/xxnedtmp/../mrf5943.mkr NEWFILE63
temp/xxnedtmp/../mc10198.mkr NEWFILE64
temp/xxnedtmp/../10e131.mkr NEWFILE65
temp/xxnedtmp/../10h125.mkr NEWFILE66
temp/xxnedtmp/../gnd.mkr NEWFILE67
temp/xxnedtmp/../flag.mkr NEWFILE68
temp/xxnedtmp/../penn#20b#20size#20page.mkr NEWFILE69
G:\SPB_Data\TUB\sno_tub_uprev\worklib\tub_disc\sch_1\page1.csa FILE70
G:\SPB_Data\TUB\sno_tub_uprev\worklib\tub_disc\sch_1\page1.csv NEWFILE71
G:\SPB_Data\TUB\sno_tub_uprev\worklib\tub_disc\sch_1\pc.db NEWFILE72
temp/xxnedtmp/netlister.mkr NEWFILE73
temp/xxnedtmp/../ids_c10.mkr NEWFILE74
temp/xxnedtmp/../ids_c14.mkr NEWFILE75
temp/xxnedtmp/../tap.mkr NEWFILE76
G:\SPB_Data\TUB\sno_tub_uprev\worklib\tub_ledfanout\sch_1\page1.csa FILE77
G:\SPB_Data\TUB\sno_tub_uprev\worklib\tub_ledfanout\sch_1\page1.csv NEWFILE78
G:\SPB_Data\TUB\sno_tub_uprev\worklib\tub_ledfanout\sch_1\pc.db NEWFILE79
G:\SPB_Data\TUB\sno_tub_uprev\worklib\tub_power\sch_1\page1.csb FILE80
G:\SPB_Data\TUB\sno_tub_uprev\worklib\tub_power\sch_1\page1_csb.lck NEWFILE81
G:\SPB_Data\TUB\sno_tub_uprev\snolib\cap_l\sym_4\symbol.css FILE82
G:\SPB_Data\TUB\sno_tub_uprev\snolib\lm337t_l\sym_1\symbol.css FILE83
G:\SPB_Data\TUB\sno_tub_uprev\snolib\inductor_l\sym_1\symbol.css FILE84
G:\SPB_Data\TUB\sno_tub_uprev\marklib\10h104_l\sym_1\symbol.css FILE85
G:\SPB_Data\TUB\sno_tub_uprev\marklib\10h103_l\sym_1\symbol.css FILE86
temp/xxnedtmp/../inductor_l.mkr NEWFILE87
temp/xxnedtmp/../lm337t_l.mkr NEWFILE88
temp/xxnedtmp/../10h104_l.mkr NEWFILE89
temp/xxnedtmp/../10h103_l.mkr NEWFILE90
G:\SPB_Data\TUB\sno_tub_uprev\worklib\tub_power\sch_1\page1.csa FILE91
G:\SPB_Data\TUB\sno_tub_uprev\worklib\tub_power\sch_1\page1.csv NEWFILE92
G:\SPB_Data\TUB\sno_tub_uprev\worklib\tub_power\sch_1\pc.db NEWFILE93
G:\SPB_Data\TUB\sno_tub_uprev\worklib\tub_power\sch_1\page1_csa.lck NEWFILE94
temp/xxnedtmp/../f06.mkr NEWFILE95
G:\SPB_Data\TUB\sno_tub_uprev\worklib\tub_spk\sch_1\page1.csa FILE96
G:\SPB_Data\TUB\sno_tub_uprev\worklib\tub_spk\sch_1\page1.csv NEWFILE97
G:\SPB_Data\TUB\sno_tub_uprev\worklib\tub_spk\sch_1\pc.db NEWFILE98
temp/xxnedtmp/../clock100.mkr NEWFILE99
temp/xxnedtmp/../10e116.mkr NEWFILE100
temp/xxnedtmp/../tub_spk.mkr NEWFILE101
temp/xxnedtmp/../tub_power.mkr NEWFILE102
temp/xxnedtmp/../tub_ledfanout.mkr NEWFILE103
temp/xxnedtmp/../tub_disc.mkr NEWFILE104
temp/xxnedtmp/../10h124.mkr NEWFILE105
temp/xxnedtmp/../gnd_signal.mkr NEWFILE106
G:\SPB_Data\TUB\sno_tub_uprev\worklib\tub\sch_1\page1.csa FILE107
G:\SPB_Data\TUB\sno_tub_uprev\worklib\tub\sch_1\page1.csv FILE108
G:\SPB_Data\TUB\sno_tub_uprev\worklib\tub\sch_1\pc.db FILE109
