temp/xxnedtmp17/event.log NEWFILE1
temp/xxnedtmp17/text.log NEWFILE2
temp/xxnedtmp17/environ.log NEWFILE3
C:\Cadence\SPB_16.6\share\cdssetup/concept/concepthdl.scr FILE4
C:\Users\QGPWindowsVB\Downloads\orebi\SPB_Data\TUBII3\cds.lib FILE5
C:\Users\QGPWindowsVB\Downloads\orebi\SPB_Data\TUBII3\worklib\tubii\sch_1\page1.csb FILE6
C:\Users\QGPWindowsVB\Downloads\orebi\SPB_Data\TUBII3\worklib\tubii\sch_1\page1_csb.lck NEWFILE7
temp/xxnedtmp17/undo1.log NEWFILE8
C:\Users\QGPWindowsVB\Downloads\orebi\Parts\parts\misc\penn#20b#20size#20page\sym_1\symbol.css FILE9
C:\Users\QGPWindowsVB\Downloads\orebi\Parts\parts\resistors\rsmd0805\sym_1\symbol.css FILE10
C:\Users\QGPWindowsVB\Downloads\orebi\SPB_Data\TUBII3\worklib\ttl_progdelay\sym_1\symbol.css FILE11
C:\Users\QGPWindowsVB\Downloads\orebi\SPB_Data\TUBII3\worklib\base_mon\sym_1\symbol.css FILE12
C:\Users\QGPWindowsVB\Downloads\orebi\SPB_Data\TUBII3\worklib\pulse_inverter\sym_1\symbol.css FILE13
C:\Users\QGPWindowsVB\Downloads\orebi\SPB_Data\TUBII3\worklib\clk_leds\sym_1\symbol.css FILE14
C:\Users\QGPWindowsVB\Downloads\orebi\SPB_Data\TUBII3\worklib\caen_coms\sym_1\symbol.css FILE15
C:\Users\QGPWindowsVB\Downloads\orebi\SPB_Data\TUBII3\worklib\ellie_comm\sym_1\symbol.css FILE16
C:\Users\QGPWindowsVB\Downloads\orebi\SPB_Data\TUBII3\worklib\progdelay\sym_1\symbol.css FILE17
C:\Users\QGPWindowsVB\Downloads\orebi\Parts\parts\standard\3#20merge\sym_1\symbol.css FILE18
C:\Users\QGPWindowsVB\Downloads\orebi\Parts\parts\ttl\hct238\sym_1\symbol.css FILE19
C:\Users\QGPWindowsVB\Downloads\orebi\SPB_Data\TUBII3\worklib\caen_select\sym_1\symbol.css FILE20
C:\Users\QGPWindowsVB\Downloads\orebi\SPB_Data\TUBII3\worklib\microzedconnection\sym_1\symbol.css FILE21
C:\Users\QGPWindowsVB\Downloads\orebi\Parts\parts\ecl\10h124\sym_1\symbol.css FILE22
C:\Users\QGPWindowsVB\Downloads\orebi\Parts\parts\misc\gnd\sym_1\symbol.css FILE23
C:\Users\QGPWindowsVB\Downloads\orebi\Parts\parts\misc\testpoint_l\sym_1\symbol.css FILE24
C:\Users\QGPWindowsVB\Downloads\orebi\SPB_Data\TUBII3\worklib\fastcomp\sym_1\symbol.css FILE25
C:\Users\QGPWindowsVB\Downloads\orebi\Parts\parts\ecl\10h116\sym_1\symbol.css FILE26
C:\Users\QGPWindowsVB\Downloads\orebi\SPB_Data\TUBII3\worklib\tuncomp\sym_1\symbol.css FILE27
C:\Users\QGPWindowsVB\Downloads\orebi\SPB_Data\TUBII3\worklib\ttl#2dto#2decl#2din\sym_1\symbol.css FILE28
C:\Users\QGPWindowsVB\Downloads\orebi\SPB_Data\TUBII3\worklib\datain\sym_1\symbol.css FILE29
C:\Users\QGPWindowsVB\Downloads\orebi\SPB_Data\TUBII3\worklib\asyncdelays\sym_1\symbol.css FILE30
C:\Users\QGPWindowsVB\Downloads\orebi\SPB_Data\TUBII3\worklib\ribbondelay\sym_1\symbol.css FILE31
C:\Users\QGPWindowsVB\Downloads\orebi\SPB_Data\TUBII3\worklib\ellie_comms\sym_1\symbol.css FILE32
C:\Users\QGPWindowsVB\Downloads\orebi\SPB_Data\TUBII3\worklib\tubiigt\sym_1\symbol.css FILE33
C:\Users\QGPWindowsVB\Downloads\orebi\SPB_Data\TUBII3\worklib\bursttrig\sym_1\symbol.css FILE34
C:\Users\QGPWindowsVB\Downloads\orebi\SPB_Data\TUBII3\worklib\tubii_time\sym_1\symbol.css FILE35
C:\Users\QGPWindowsVB\Downloads\orebi\SPB_Data\TUBII3\worklib\prescaletrig\sym_1\symbol.css FILE36
C:\Users\QGPWindowsVB\Downloads\orebi\SPB_Data\TUBII3\worklib\lvds#2decl\sym_1\symbol.css FILE37
C:\Users\QGPWindowsVB\Downloads\orebi\SPB_Data\TUBII3\worklib\ecl#2dlvds\sym_1\symbol.css FILE38
C:\Users\QGPWindowsVB\Downloads\orebi\SPB_Data\TUBII3\worklib\ttl#2decl\sym_1\symbol.css FILE39
C:\Users\QGPWindowsVB\Downloads\orebi\SPB_Data\TUBII3\worklib\ecl#2dttl\sym_1\symbol.css FILE40
C:\Users\QGPWindowsVB\Downloads\orebi\SPB_Data\TUBII3\worklib\ecl#2dnim\sym_1\symbol.css FILE41
C:\Users\QGPWindowsVB\Downloads\orebi\SPB_Data\TUBII3\worklib\nim#2decl\sym_1\symbol.css FILE42
C:\Users\QGPWindowsVB\Downloads\orebi\SPB_Data\TUBII3\worklib\latchexttrig\sym_1\symbol.css FILE43
C:\Users\QGPWindowsVB\Downloads\orebi\SPB_Data\TUBII3\worklib\powers\sym_1\symbol.css FILE44
C:\Users\QGPWindowsVB\Downloads\orebi\SPB_Data\TUBII3\worklib\exttrig\sym_1\symbol.css FILE45
C:\Users\QGPWindowsVB\Downloads\orebi\Parts\parts\ecl\10e116\sym_1\symbol.css FILE46
C:\Users\QGPWindowsVB\Downloads\orebi\SPB_Data\TUBII3\worklib\caen_chat\sym_1\symbol.css FILE47
C:\Users\QGPWindowsVB\Downloads\orebi\SPB_Data\TUBII3\worklib\tubii\sch_1\page1_csa.lck NEWFILE48
C:/Users/QGPWindowsVB/Downloads/orebi/SPB_Data/TUBII3/worklib/tubii/sch_1/tubii.xcon FILE49
C:/Users/QGPWindowsVB/Downloads/orebi/SPB_Data/TUBII3/worklib/tubii/sch_1/tubii.dcf FILE50
C:\Users\QGPWindowsVB\Downloads\orebi\SPB_Data\TUBII3\worklib\tuncomp\sch_1\page1.csb FILE51
C:\Users\QGPWindowsVB\Downloads\orebi\SPB_Data\TUBII3\worklib\tuncomp\sch_1\page1_csb.lck NEWFILE52
C:\Users\QGPWindowsVB\Downloads\orebi\Parts\parts\capacitors\csmd0805\sym_1\symbol.css FILE53
C:\Users\QGPWindowsVB\Downloads\orebi\Parts\parts\ttl\f06\sym_1\symbol.css FILE54
C:\Users\QGPWindowsVB\Downloads\orebi\Parts\parts\ecl\10e131\sym_1\symbol.css FILE55
C:\Users\QGPWindowsVB\Downloads\orebi\Parts\parts\misc\led_1206\sym_1\symbol.css FILE56
C:\Users\QGPWindowsVB\Downloads\orebi\Parts\parts\ecl\10h104\sym_1\symbol.css FILE57
C:\Users\QGPWindowsVB\Downloads\orebi\Parts\parts\standard\8#20merge\sym_1\symbol.css FILE58
C:\Users\QGPWindowsVB\Downloads\orebi\Parts\parts\misc\hc574f\sym_1\symbol.css FILE59
C:\Users\QGPWindowsVB\Downloads\orebi\Parts\parts\misc\hct123\sym_1\symbol.css FILE60
C:\Users\QGPWindowsVB\Downloads\orebi\Parts\parts\ttl\74fhct597\sym_1\symbol.css FILE61
C:\Users\QGPWindowsVB\Downloads\orebi\Parts\parts\ecl\100el05\sym_1\symbol.css FILE62
C:\Users\QGPWindowsVB\Downloads\orebi\Parts\parts\ecl\10h125\sym_1\symbol.css FILE63
C:\Users\QGPWindowsVB\Downloads\orebi\Parts\parts\ecl\10e101\sym_1\symbol.css FILE64
C:\Users\QGPWindowsVB\Downloads\orebi\Parts\parts\misc\ad7249\sym_1\symbol.css FILE65
C:\Users\QGPWindowsVB\Downloads\orebi\Parts\parts\misc\ad96687\sym_1\symbol.css FILE66
C:\Users\QGPWindowsVB\Downloads\orebi\SPB_Data\TUBII3\worklib\fastcomp\sch_1\page1.csb FILE67
C:\Users\QGPWindowsVB\Downloads\orebi\SPB_Data\TUBII3\worklib\fastcomp\sch_1\page1_csb.lck NEWFILE68
temp/xxnedtmp17/undo2.log NEWFILE69
C:\Users\QGPWindowsVB\Downloads\orebi\Parts\parts\misc\ad7243\sym_1\symbol.css FILE70
C:\Users\QGPWindowsVB\Downloads\orebi\Parts\parts\misc\adcmp566\sym_1\symbol.css FILE71
C:\Users\QGPWindowsVB\Downloads\orebi\Parts\parts\ttl\f74\sym_1\symbol.css FILE72
C:/Cadence/SPB_16.6/tools/language/config.dat FILE73
temp/xxnedtmp17/concept.mkr NEWFILE74
C:/Cadence/SPB_16.6/tools/language/pack_type_rename.dat NEWFILE75
temp/xxnedtmp17/../rsmd0805.mkr NEWFILE76
temp/xxnedtmp17/../adcmp566.mkr NEWFILE77
temp/xxnedtmp17/../csmd0805.mkr NEWFILE78
temp/xxnedtmp17/../10h124.mkr NEWFILE79
temp/xxnedtmp17/../f74.mkr NEWFILE80
temp/xxnedtmp17/../penn#20b#20size#20page.mkr NEWFILE81
temp/xxnedtmp17/../ad7243.mkr NEWFILE82
temp/xxnedtmp17/../f06.mkr NEWFILE83
temp/xxnedtmp17/../10e116.mkr NEWFILE84
temp/xxnedtmp17/../10h104.mkr NEWFILE85
temp/xxnedtmp17/../10e131.mkr NEWFILE86
temp/xxnedtmp17/../10e101.mkr NEWFILE87
temp/xxnedtmp17/../testpoint_l.mkr NEWFILE88
temp/xxnedtmp17/../100el05.mkr NEWFILE89
temp/xxnedtmp17/../gnd.mkr NEWFILE90
temp/xxnedtmp17/../hct123.mkr NEWFILE91
temp/xxnedtmp17/../10h125.mkr NEWFILE92
temp/xxnedtmp17/../led_1206.mkr NEWFILE93
C:\Users\QGPWindowsVB\Downloads\orebi\SPB_Data\TUBII3\worklib\fastcomp\sch_1\page1.csa FILE94
C:\Users\QGPWindowsVB\Downloads\orebi\SPB_Data\TUBII3\worklib\fastcomp\sch_1\page1.csv FILE95
C:\Users\QGPWindowsVB\Downloads\orebi\SPB_Data\TUBII3\worklib\fastcomp\sch_1\pc.db FILE96
C:/Users/QGPWindowsVB/Downloads/orebi/SPB_Data/TUBII3/worklib/fastcomp/sch_1/fastcomp_xcon.lck NEWFILE97
C:/Users/QGPWindowsVB/Downloads/orebi/SPB_Data/TUBII3/worklib/fastcomp/sch_1/fastcomp_dcf.lck NEWFILE98
temp/xxnedtmp17/csnetlister.mkr NEWFILE99
temp/xxnedtmp17/undo3.log NEWFILE100
C:\Users\QGPWindowsVB\Downloads\orebi\SPB_Data\TUBII3\worklib\tubii\sch_1\page1.csa FILE101
C:\Users\QGPWindowsVB\Downloads\orebi\SPB_Data\TUBII3\worklib\tubii\sch_1\page1.csv FILE102
C:/Users/QGPWindowsVB/Downloads/orebi/SPB_Data/TUBII3/worklib/tubii/sch_1/tubii_xcon.lck NEWFILE103
C:/Users/QGPWindowsVB/Downloads/orebi/SPB_Data/TUBII3/worklib/tubii/sch_1/tubii_dcf.lck NEWFILE104
C:\Users\QGPWindowsVB\Downloads\orebi\SPB_Data\TUBII3\worklib\fastcomp\sch_1\page1_csa.lck NEWFILE105
temp/xxnedtmp17/../ad96687.mkr NEWFILE106
C:\Users\QGPWindowsVB\Downloads\orebi\SPB_Data\TUBII3\worklib\tuncomp\sch_1\page1.csa FILE107
C:\Users\QGPWindowsVB\Downloads\orebi\SPB_Data\TUBII3\worklib\tuncomp\sch_1\page1.csv FILE108
C:\Users\QGPWindowsVB\Downloads\orebi\SPB_Data\TUBII3\worklib\tuncomp\sch_1\pc.db FILE109
C:/Users/QGPWindowsVB/Downloads/orebi/SPB_Data/TUBII3/worklib/tuncomp/sch_1/tuncomp_xcon.lck NEWFILE110
C:/Users/QGPWindowsVB/Downloads/orebi/SPB_Data/TUBII3/worklib/tuncomp/sch_1/tuncomp_dcf.lck NEWFILE111
C:\Users\QGPWindowsVB\Downloads\orebi\SPB_Data\TUBII3\worklib\asyncdelays\sch_1\page1.csb FILE112
C:\Users\QGPWindowsVB\Downloads\orebi\SPB_Data\TUBII3\worklib\asyncdelays\sch_1\page1_csb.lck NEWFILE113
C:\Users\QGPWindowsVB\Downloads\orebi\Parts\parts\ttl\ds102350\sym_1\symbol.css FILE114
C:\Users\QGPWindowsVB\Downloads\orebi\Parts\parts\ecl\10elt24\sym_1\symbol.css FILE115
C:\Users\QGPWindowsVB\Downloads\orebi\Parts\parts\ttl\ds1023500\sym_1\symbol.css FILE116
C:\Users\QGPWindowsVB\Downloads\orebi\Parts\parts\capacitors\cap_l\sym_1\symbol.css FILE117
C:\Users\QGPWindowsVB\Downloads\orebi\Parts\parts\resistors\res_l\sym_1\symbol.css FILE118
C:\Users\QGPWindowsVB\Downloads\orebi\Parts\parts\resistors\rsmd0603\sym_1\symbol.css FILE119
C:\Users\QGPWindowsVB\Downloads\orebi\SPB_Data\TUBII3\worklib\asyncdelays\sch_1\page1_csa.lck NEWFILE120
C:\Users\QGPWindowsVB\Downloads\orebi\Parts\parts\standard\origin\sym_1\symbol.css FILE121
temp/xxnedtmp17/undo4.log NEWFILE122
temp/xxnedtmp17/undo5.log NEWFILE123
temp/xxnedtmp17/undo6.log NEWFILE124
C:\Users\QGPWindowsVB\Downloads\orebi\SPB_Data\TUBII3\worklib\async_pulse_gen\sym_1\symbol.css NEWFILE125
C:\Users\QGPWindowsVB\Downloads\orebi\SPB_Data\TUBII3\worklib\async_pulse_gen\sym_1\symbol_css.lck NEWFILE126
C:\Users\QGPWindowsVB\Downloads\orebi\SPB_Data\TUBII3\worklib\async_pulse_gen\sch_1\page1.csa NEWFILE127
C:\Users\QGPWindowsVB\Downloads\orebi\SPB_Data\TUBII3\worklib\async_pulse_gen\sch_1\page1.csv NEWFILE128
C:\Users\QGPWindowsVB\Downloads\orebi\SPB_Data\TUBII3\worklib\async_pulse_gen\sch_1\pc.db NEWFILE129
C:\Users\QGPWindowsVB\Downloads\orebi\SPB_Data\TUBII3\worklib\async_pulse_gen\sch_1\page1_csa.lck NEWFILE130
C:/Users/QGPWindowsVB/Downloads/orebi/SPB_Data/TUBII3/worklib/async_pulse_gen/sch_1/async_pulse_gen_xcon.lck NEWFILE131
C:/Users/QGPWindowsVB/Downloads/orebi/SPB_Data/TUBII3/worklib/async_pulse_gen/sch_1/async_pulse_gen_dcf.lck NEWFILE132
C:\Users\QGPWindowsVB\Downloads\orebi\SPB_Data\TUBII3\worklib\powers\sch_1\page1.csb FILE133
C:\Users\QGPWindowsVB\Downloads\orebi\SPB_Data\TUBII3\worklib\powers\sch_1\page1_csb.lck NEWFILE134
C:\Users\QGPWindowsVB\Downloads\orebi\Parts\parts\capacitors\tant0805\sym_1\symbol.css FILE135
C:\Users\QGPWindowsVB\Downloads\orebi\Parts\parts\misc\inductor_l\sym_1\symbol.css FILE136
C:\Users\QGPWindowsVB\Downloads\orebi\Parts\parts\regulators\lm1117\sym_1\symbol.css FILE137
C:\Users\QGPWindowsVB\Downloads\orebi\Parts\parts\regulators\lm337t_l\sym_1\symbol.css FILE138
C:\Users\QGPWindowsVB\Downloads\orebi\Parts\parts\diodes\mur105\sym_1\symbol.css FILE139
C:/Users/QGPWIN~1/AppData/Local/Temp/con7CEF.tmp FILE140
C:\Users\QGPWindowsVB\Downloads\orebi\SPB_Data\TUBII3\worklib\powers\sch_1\page1_csa.lck NEWFILE141
C:\Users\QGPWindowsVB\Downloads\orebi\Parts\parts\ttl\f07\sym_1\symbol.css FILE142
C:\Users\QGPWindowsVB\Downloads\orebi\Parts\parts\ttl\f08\sym_1\symbol.css FILE143
C:/Users/QGPWIN~1/AppData/Local/Temp/con2A59.tmp FILE144
C:/Users/QGPWIN~1/AppData/Local/Temp/conA98D.tmp FILE145
temp/xxnedtmp17/../ds1023500.mkr NEWFILE146
temp/xxnedtmp17/../ds102350.mkr NEWFILE147
temp/xxnedtmp17/../10elt24.mkr NEWFILE148
temp/xxnedtmp17/../cap_l.mkr NEWFILE149
temp/xxnedtmp17/../res_l.mkr NEWFILE150
temp/xxnedtmp17/../rsmd0603.mkr NEWFILE151
C:\Users\QGPWindowsVB\Downloads\orebi\SPB_Data\TUBII3\worklib\asyncdelays\sch_1\page1.csa FILE152
C:\Users\QGPWindowsVB\Downloads\orebi\SPB_Data\TUBII3\worklib\asyncdelays\sch_1\page1.csv FILE153
C:\Users\QGPWindowsVB\Downloads\orebi\SPB_Data\TUBII3\worklib\asyncdelays\sch_1\pc.db FILE154
C:/Users/QGPWindowsVB/Downloads/orebi/SPB_Data/TUBII3/worklib/asyncdelays/sch_1/asyncdelays_xcon.lck NEWFILE155
C:/Users/QGPWindowsVB/Downloads/orebi/SPB_Data/TUBII3/worklib/asyncdelays/sch_1/asyncdelays_dcf.lck NEWFILE156
temp/xxnedtmp17/../f08.mkr NEWFILE157
C:\Users\QGPWindowsVB\Downloads\orebi\SPB_Data\TUBII3\worklib\async_pulse_gen\sch_1\page1.csb NEWFILE158
C:\Users\QGPWindowsVB\Downloads\orebi\SPB_Data\TUBII3\worklib\async_pulse_gen\sch_1\page1_csb.lck NEWFILE159
C:\Users\QGPWindowsVB\Downloads\orebi\SPB_Data\TUBII3\worklib\microzedconnection\sym_1\symbol_css.lck NEWFILE160
temp/xxnedtmp17/undo7.log NEWFILE161
temp/xxnedtmp17/../caen_coms.mkr NEWFILE162
temp/xxnedtmp17/../microzedconnection.mkr FILE163
temp/xxnedtmp17/../async_pulse_gen.mkr FILE164
temp/xxnedtmp17/../asyncdelays.mkr NEWFILE165
temp/xxnedtmp17/../hct238.mkr NEWFILE166
temp/xxnedtmp17/../base_mon.mkr NEWFILE167
temp/xxnedtmp17/../ellie_comm.mkr NEWFILE168
temp/xxnedtmp17/../datain.mkr NEWFILE169
temp/xxnedtmp17/../ttl#2dto#2decl#2din.mkr NEWFILE170
temp/xxnedtmp17/../tuncomp.mkr NEWFILE171
temp/xxnedtmp17/../ribbondelay.mkr NEWFILE172
temp/xxnedtmp17/../latchexttrig.mkr NEWFILE173
temp/xxnedtmp17/../bursttrig.mkr NEWFILE174
temp/xxnedtmp17/../pulse_inverter.mkr NEWFILE175
temp/xxnedtmp17/../3#20merge.mkr NEWFILE176
temp/xxnedtmp17/../tubii_time.mkr NEWFILE177
temp/xxnedtmp17/../ttl_progdelay.mkr NEWFILE178
temp/xxnedtmp17/../clk_leds.mkr FILE179
temp/xxnedtmp17/../progdelay.mkr NEWFILE180
temp/xxnedtmp17/../caen_select.mkr NEWFILE181
temp/xxnedtmp17/../fastcomp.mkr NEWFILE182
temp/xxnedtmp17/../10h116.mkr NEWFILE183
temp/xxnedtmp17/../ellie_comms.mkr NEWFILE184
temp/xxnedtmp17/../tubiigt.mkr NEWFILE185
temp/xxnedtmp17/../prescaletrig.mkr NEWFILE186
temp/xxnedtmp17/../lvds#2decl.mkr NEWFILE187
temp/xxnedtmp17/../ecl#2dlvds.mkr NEWFILE188
temp/xxnedtmp17/../ttl#2decl.mkr NEWFILE189
temp/xxnedtmp17/../ecl#2dttl.mkr NEWFILE190
temp/xxnedtmp17/../ecl#2dnim.mkr NEWFILE191
temp/xxnedtmp17/../nim#2decl.mkr NEWFILE192
temp/xxnedtmp17/../powers.mkr NEWFILE193
temp/xxnedtmp17/../exttrig.mkr NEWFILE194
temp/xxnedtmp17/../caen_chat.mkr NEWFILE195
C:\Users\QGPWindowsVB\Downloads\orebi\SPB_Data\TUBII3\worklib\tubii\sch_1\pc.db FILE196
C:\Users\QGPWindowsVB\Downloads\orebi\SPB_Data\TUBII3\worklib\tubiigt\sch_1\page1.csb FILE197
C:\Users\QGPWindowsVB\Downloads\orebi\SPB_Data\TUBII3\worklib\tubiigt\sch_1\page1_csb.lck NEWFILE198
C:\Users\QGPWindowsVB\Downloads\orebi\Parts\parts\ttl\f269\sym_1\symbol.css FILE199
C:\Users\QGPWindowsVB\Downloads\orebi\Parts\parts\ecl\100el34\sym_1\symbol.css FILE200
C:\Users\QGPWindowsVB\Downloads\orebi\SPB_Data\TUBII3\worklib\tuncomp\sym_1\symbol_css.lck NEWFILE201
C:\Users\QGPWindowsVB\Downloads\orebi\SPB_Data\TUBII3\worklib\latchexttrig\sch_1\page1.csb FILE202
C:\Users\QGPWindowsVB\Downloads\orebi\SPB_Data\TUBII3\worklib\latchexttrig\sch_1\page1_csb.lck NEWFILE203
C:\Users\QGPWindowsVB\Downloads\orebi\SPB_Data\TUBII3\worklib\latchexttrig\sch_1\page1_csa.lck NEWFILE204
C:\Users\QGPWindowsVB\Downloads\orebi\SPB_Data\TUBII3\worklib\tubii_time\sch_1\page1.csb FILE205
C:\Users\QGPWindowsVB\Downloads\orebi\SPB_Data\TUBII3\worklib\tubii_time\sch_1\page1_csb.lck NEWFILE206
C:\Users\QGPWindowsVB\Downloads\orebi\Parts\parts\ecl\10e016\sym_1\symbol.css FILE207
C:\Users\QGPWindowsVB\Downloads\orebi\Parts\parts\ttl\f273\sym_1\symbol.css FILE208
C:\Users\QGPWindowsVB\Downloads\orebi\Parts\parts\ecl\el91l\sym_1\symbol.css FILE209
C:\Users\QGPWindowsVB\Downloads\orebi\Parts\parts\misc\foxclock\sym_1\symbol.css FILE210
C:\Users\QGPWindowsVB\Downloads\orebi\Parts\parts\misc\foxclock\sym_1\symbol_css.lck NEWFILE211
C:\Users\QGPWindowsVB\Downloads\orebi\SPB_Data\TUBII3\worklib\tubii_time\sch_1\page1_csa.lck NEWFILE212
temp/xxnedtmp17/undo8.log NEWFILE213
temp/xxnedtmp17/undo9.log NEWFILE214
C:\Users\QGPWindowsVB\Downloads\orebi\SPB_Data\TUBII3\worklib\async_puls_gen\sym_1\symbol.css NEWFILE215
C:\Users\QGPWindowsVB\Downloads\orebi\SPB_Data\TUBII3\worklib\async_puls_gen\sym_1\symbol_css.lck NEWFILE216
C:\Users\QGPWindowsVB\Downloads\orebi\SPB_Data\TUBII3\worklib\async_puls_gen\sch_1\page1.csa NEWFILE217
C:\Users\QGPWindowsVB\Downloads\orebi\SPB_Data\TUBII3\worklib\async_puls_gen\sch_1\page1.csv NEWFILE218
C:\Users\QGPWindowsVB\Downloads\orebi\SPB_Data\TUBII3\worklib\async_puls_gen\sch_1\pc.db NEWFILE219
C:\Users\QGPWindowsVB\Downloads\orebi\SPB_Data\TUBII3\worklib\async_puls_gen\sch_1\page1_csa.lck NEWFILE220
C:/Users/QGPWindowsVB/Downloads/orebi/SPB_Data/TUBII3/worklib/async_puls_gen/sch_1/async_puls_gen_xcon.lck NEWFILE221
C:/Users/QGPWindowsVB/Downloads/orebi/SPB_Data/TUBII3/worklib/async_puls_gen/sch_1/async_puls_gen_dcf.lck NEWFILE222
C:\Users\QGPWindowsVB\Downloads\orebi\SPB_Data\TUBII3\worklib\async_puls_gen\sch_1\page1.csb NEWFILE223
C:\Users\QGPWindowsVB\Downloads\orebi\SPB_Data\TUBII3\worklib\async_puls_gen\sch_1\page1_csb.lck NEWFILE224
C:\Users\QGPWindowsVB\Downloads\orebi\SPB_Data\TUBII3\worklib\caen_select\sch_1\page1.csb FILE225
C:\Users\QGPWindowsVB\Downloads\orebi\SPB_Data\TUBII3\worklib\caen_select\sch_1\page1_csb.lck NEWFILE226
C:\Users\QGPWindowsVB\Downloads\orebi\Parts\parts\standard\2#20merge\sym_1\symbol.css FILE227
C:\Users\QGPWindowsVB\Downloads\orebi\SPB_Data\TUBII3\worklib\caen_mux\sym_1\symbol.css FILE228
C:\Users\QGPWindowsVB\Downloads\orebi\SPB_Data\TUBII3\worklib\caen_buffer\sym_1\symbol.css FILE229
C:\Users\QGPWindowsVB\Downloads\orebi\SPB_Data\TUBII3\worklib\load_caen_selection\sym_1\symbol.css FILE230
C:\Users\QGPWindowsVB\Downloads\orebi\SPB_Data\TUBII3\worklib\out_to_caen\sym_1\symbol.css FILE231
C:/Users/QGPWIN~1/AppData/Local/Temp/conCF62.tmp FILE232
C:\Users\QGPWindowsVB\Downloads\orebi\SPB_Data\TUBII3\worklib\caen_select\sch_1\page1_csa.lck NEWFILE233
temp/xxnedtmp17/../async_puls_gen.mkr NEWFILE234
temp/xxnedtmp17/../100el34.mkr NEWFILE235
temp/xxnedtmp17/../f269.mkr NEWFILE236
temp/xxnedtmp17/../hc574f.mkr NEWFILE237
temp/xxnedtmp17/../f07.mkr NEWFILE238
C:\Users\QGPWindowsVB\Downloads\orebi\SPB_Data\TUBII3\worklib\tubiigt\sch_1\page1.csa FILE239
C:\Users\QGPWindowsVB\Downloads\orebi\SPB_Data\TUBII3\worklib\tubiigt\sch_1\page1.csv FILE240
C:/Users/QGPWindowsVB/Downloads/orebi/SPB_Data/TUBII3/worklib/tubiigt/sch_1/tubiigt_xcon.lck NEWFILE241
C:/Users/QGPWindowsVB/Downloads/orebi/SPB_Data/TUBII3/worklib/tubiigt/sch_1/tubiigt_dcf.lck NEWFILE242
C:\Users\QGPWindowsVB\Downloads\orebi\SPB_Data\TUBII3\worklib\tuncomp\sch_1\page1_csa.lck NEWFILE243
C:\Users\QGPWindowsVB\Downloads\orebi\SPB_Data\TUBII3\worklib\tubiigt\sch_1\page1_csa.lck NEWFILE244
