Allegro Design Entry HDL 16.6-p007 (v16-6-112F) 10/10/2012
Copyright 2011 Cadence Design Systems, Inc

WARNING(SPCOCN-1474): You must specify a window that contains a drawing.
WARNING(SPCOCN-1474): You must specify a window that contains a drawing.
WARNING(SPCOCN-1474): You must specify a window that contains a drawing.
WARNING(SPCOCN-1474): You must specify a window that contains a drawing.
WARNING(SPCOCN-1474): You must specify a window that contains a drawing.
WARNING(SPCOCN-1474): You must specify a window that contains a drawing.
WARNING(SPCOCN-1474): You must specify a window that contains a drawing.
WARNING(SPCOCN-2040): Specify the command "page forcereset all" to reset logical page numbers of all pages of this block.
WARNING(SPCOCN-1523): Invalid set option: <search_history_count>
INFO(SPCOCN-1177): Unexpected text: <5>
WARNING(SPCOCN-1523): Invalid set option: <search_history>
INFO(SPCOCN-1177): Unexpected text: <100EL34/>
WARNING(SPCOCN-1523): Invalid set option: <search_toolbar_lookin>
INFO(SPCOCN-1177): Unexpected text: <PAGE>
WARNING(SPCOCN-1523): Invalid set option: <modify_quick_reset_filters>
INFO(SPCOCN-1177): Unexpected text: <OFF>
WARNING(SPCOCN-1523): Invalid set option: <hss_distribute_ports_count>
INFO(SPCOCN-1177): Unexpected text: <25>
WARNING(SPCOCN-1523): Invalid set option: <hss_distribute_port_pattern>
WARNING(SPCOCN-1523): Invalid set option: <hss_distribute_property_name>
WARNING(SPCOCN-1474): You must specify a window that contains a drawing.
WARNING(SPCOCN-1474): You must specify a window that contains a drawing.
WARNING(SPCOCN-1474): You must specify a window that contains a drawing.
WARNING(SPCOCN-1474): You must specify a window that contains a drawing.
WARNING(SPCOCN-1474): You must specify a window that contains a drawing.
WARNING(SPCOCN-1474): You must specify a window that contains a drawing.
INFO(SPCOCN-1737): Reading C:\Users\QGPWindowsVB\Downloads\orebi\SPB_Data\TUBII3\cds.lib file.
WARNING(SPCOCN-674): Error(s) in C:\Users\QGPWindowsVB\Downloads\orebi\SPB_Data\TUBII3\cds.lib
WARNING(SPCOCN-675):   Invalid path: C:\Users\QGPWindowsVB\Downloads\orebi\ugboard\ugboard\newtub\10k on line 14.
WARNING(SPCOCN-675):   Invalid path: C:\Users\QGPWindowsVB\Downloads\orebi\ugboard\ugboard\newtub\10kh on line 16.
WARNING(SPCOCN-675):   Invalid path: C:\Users\QGPWindowsVB\Downloads\orebi\ugboard\ugboard\newtub\54fct on line 18.
WARNING(SPCOCN-675):   Invalid path: C:\Users\QGPWindowsVB\Downloads\orebi\ugboard\ugboard\newtub\100e on line 20.
WARNING(SPCOCN-675):   Invalid path: C:\Users\QGPWindowsVB\Downloads\orebi\ugboard\ugboard\newtub\fast on line 22.
WARNING(SPCOCN-675):   Invalid path: C:\Users\QGPWindowsVB\Downloads\orebi\ugboard\ugboard\newtub\hcmos on line 24.
ERROR(SPCOCN-1334): Library 100e not found in cds.lib list.
ERROR(SPCOCN-1334): Library 10k not found in cds.lib list.
ERROR(SPCOCN-1334): Library 10kh not found in cds.lib list.
ERROR(SPCOCN-1334): Library 54fct not found in cds.lib list.
ERROR(SPCOCN-1334): Library fast not found in cds.lib list.
ERROR(SPCOCN-1334): Library hcmos not found in cds.lib list.
WARNING(SPCOCN-1474): You must specify a window that contains a drawing.
INFO(SPCOCN-1445): Reading TUBII.SCH.1.1 into drawing #1.
INFO(SPCOCN-195): The following file will be used to identify the list of modules to be excluded: 'C:\Cadence\SPB_16.6\share\cdssetup\xmodules.dat'.
Component cell 'hcmos.74fhct597' is now being loaded from a different library 'ttl'.
Component cell 'hcmos.hc574f' is now being loaded from a different library 'misc'.
Component cell '10kh.10h104' is now being loaded from a different library 'ecl'.
INFO(SPCOCN-1445): Reading TUBII.SCH.1.1 into drawing #1.
INFO(SPCOCN-1001): Component: I41 selected.
INFO(SPCOCN-1445): Reading TUNCOMP.SCH.1.1 into drawing #1.
WARNING(SPCOCN-1343): Design Name: <tubii_lib>TUNCOMP.SCH.1.1Component F06.SYM.1.1 not found in library fast, added from library ttl.
WARNING(SPCOCN-1343): Design Name: <tubii_lib>TUNCOMP.SCH.1.1Component 10H104.SYM.1.1 not found in library 10kh, added from library ecl.
WARNING(SPCOCN-1343): Design Name: <tubii_lib>TUNCOMP.SCH.1.1Component 10H104.SYM.1.1 not found in library 10kh, added from library ecl.
WARNING(SPCOCN-1343): Design Name: <tubii_lib>TUNCOMP.SCH.1.1Component 10H124.SYM.1.1 not found in library 10kh, added from library ecl.
WARNING(SPCOCN-1343): Design Name: <tubii_lib>TUNCOMP.SCH.1.1Component HC574F.SYM.1.1 not found in library hcmos, added from library misc.
WARNING(SPCOCN-1343): Design Name: <tubii_lib>TUNCOMP.SCH.1.1Component F06.SYM.1.1 not found in library fast, added from library ttl.
WARNING(SPCOCN-1343): Design Name: <tubii_lib>TUNCOMP.SCH.1.1Component HCT123.SYM.1.1 not found in library hcmos, added from library misc.
WARNING(SPCOCN-1343): Design Name: <tubii_lib>TUNCOMP.SCH.1.1Component 74FHCT597.SYM.1.1 not found in library hcmos, added from library ttl.
WARNING(SPCOCN-1343): Design Name: <tubii_lib>TUNCOMP.SCH.1.1Component 10H125.SYM.1.1 not found in library 10kh, added from library ecl.
WARNING(SPCOCN-1343): Design Name: <tubii_lib>TUNCOMP.SCH.1.1Component F06.SYM.1.1 not found in library fast, added from library ttl.
INFO(SPCOCN-542): The default property SECTION with value 1 has been deleted from the component 10H104.
INFO(SPCOCN-542): The default property SECTION with value 1 has been deleted from the component 10H104.
INFO(SPCOCN-543): The pin property $PN with value 2 has been deleted from the component 10H124.
INFO(SPCOCN-543): The pin property $PN with value 4 has been deleted from the component 10H124.
INFO(SPCOCN-543): The pin property $PN with value 11 has been deleted from the component HC574F.
INFO(SPCOCN-543): The pin property $PN with value 1 has been deleted from the component HC574F.
INFO(SPCOCN-545): To turn the deleted default properties into non-default properties, type SET STICKY_ON; GET; SET STICKY_OFF in the console window.
INFO(SPCOCN-1445): Reading FASTCOMP.SCH.1.1 into drawing #2.
WARNING(SPCOCN-1884): Cannot delete property $PN.
Use section command to delete this property.
WARNING(SPCOCN-1914): Pin number properties not deleted.
WARNING(SPCOCN-982): The operation could not be performed because no object on the drawing was selected.
INFO(SPCOCN-1507): Adding version 1 of part AD7243 from library misc
WARNING(SPCOCN-1884): Cannot delete property $PN.
Use section command to delete this property.
WARNING(SPCOCN-1914): Pin number properties not deleted.
WARNING(SPCOCN-982): The operation could not be performed because no object on the drawing was selected.
WARNING(SPCOCN-1200): Using group A
INFO(SPCOCN-1195): Group "A" contains:   0 bodies   7 properties   0 notes   0 wires   0 dots   0 images
WARNING(SPCOCN-1200): Using group A
WARNING(SPCOCN-1196): Group  "A" is empty.
INFO(SPCOCN-1195): Group "A" contains:   0 bodies   7 properties   0 notes   7 wires   0 dots   0 images
INFO(SPCOCN-1507): Adding version 1 of part F06 from library ttl
WARNING(SPCOCN-982): The operation could not be performed because no object on the drawing was selected.
WARNING(SPCOCN-982): The operation could not be performed because no object on the drawing was selected.
INFO(SPCOCN-1507): Adding version 1 of part F74 from library ttl
;
INFO(SPCOCN-1001): Component: I96 selected.
INFO(SPCOCN-1507): Adding version 1 of part F74 from library ttl
INFO(SPCOCN-1070): Checking drawing...
INFO(SPCOCN-1028): writing <tubii_lib>FASTCOMP.SCH.1.1:
INFO(SPCOCN-1044): writing binary file...
INFO(SPCOCN-1049): writing ASCII file...
INFO(SPCOCN-1053): writing connectivity file...
INFO(SPCOCN-1054): ...written

CSDirect 16.6-p007 (v16-6-112F)

Netlisting block fastcomp

Processing page 1

Following ports were added to the block 'fastcomp' : 
		le
The connectivity of parent blocks will be updated by saving the following pages:
		Block: tubii	Page: 1

INFO(SPCOCN-1028): writing <tubii_lib>tubii.SCH.1.1:
INFO(SPCOCN-1044): writing binary file...
INFO(SPCOCN-1049): writing ASCII file...
INFO(SPCOCN-1053): writing connectivity file...
INFO(SPCOCN-1054): ...written

CSDirect 16.6-p007 (v16-6-112F)

Netlisting block tubii

Processing page 1

WARNING(SPCOCN-2106): Errors and warnings were found while updating connectivity of pages due to port addition. 
Check the following markers file for errors and warnings:
temp/fastcomp.sch_1.mkr


INFO(SPCOCN-1640): writing occurrence data...
INFO(SPCOCN-1054): ...written
INFO(SPCOCN-1070): Checking drawing...
INFO(SPCOCN-1028): writing <tubii_lib>TUNCOMP.SCH.1.1:
INFO(SPCOCN-1044): writing binary file...
INFO(SPCOCN-1049): writing ASCII file...
INFO(SPCOCN-1053): writing connectivity file...
INFO(SPCOCN-1054): ...written

CSDirect 16.6-p007 (v16-6-112F)

Netlisting block tuncomp

Processing page 1

Following ports were added to the block 'tuncomp' : 
		clk
		data
		data_rdy
		le
		posneg
The connectivity of parent blocks will be updated by saving the following pages:
		Block: tubii	Page: 1

INFO(SPCOCN-1028): writing <tubii_lib>tubii.SCH.1.1:
INFO(SPCOCN-1044): writing binary file...
INFO(SPCOCN-1049): writing ASCII file...
INFO(SPCOCN-1053): writing connectivity file...
INFO(SPCOCN-1054): ...written

CSDirect 16.6-p007 (v16-6-112F)

Netlisting block tubii

Processing page 1

WARNING(SPCOCN-2106): Errors and warnings were found while updating connectivity of pages due to port addition. 
Check the following markers file for errors and warnings:
temp/tuncomp.sch_1.mkr


INFO(SPCOCN-1640): writing occurrence data...
INFO(SPCOCN-1054): ...written
WARNING(SPCOCN-1914): Default body properties not deleted.
INFO(SPCOCN-1854): The drawing TUNCOMP.SCH.1.1
INFO(SPCOCN-578): will be retained as drawing #1.
INFO(SPCOCN-1445): Reading TUBII.SCH.1.1 into drawing #2.
INFO(SPCOCN-1001): Component: I37 selected.
INFO(SPCOCN-1445): Reading ASYNCDELAYS.SCH.1.1 into drawing #2.
INFO(SPCOCN-1445): Reading TUBII.SCH.1.1 into drawing #2.
WARNING(SPCOCN-2041): Block rename command can be used to rename a block at the time of creation of the block. It cannot update the canonical paths of the objects of a block for which design is already captured. To rename or create a copy of the existing block, use the Copy Project functionality of Project Manager.
INFO(SPCOCN-1001): Component: I66 selected.
INFO(SPCOCN-1443): ASYNC_PULSE_GEN.SYM.1.1 has been previously edited as drawing #5.
INFO(SPCOCN-1070): Checking drawing...
INFO(SPCOCN-1028): writing <tubii_lib>ASYNC_PULSE_GEN.SYM.1.1:
INFO(SPCOCN-1051): writing body file...
INFO(SPCOCN-1054): ...written
No netlisting errors found. 

INFO(SPCOCN-1640): writing occurrence data...
INFO(SPCOCN-1028): writing <tubii_lib>ASYNC_PULSE_GEN.SCH.1.1:
INFO(SPCOCN-1044): writing binary file...
INFO(SPCOCN-1049): writing ASCII file...
INFO(SPCOCN-1053): writing connectivity file...
INFO(SPCOCN-1054): ...written

CSDirect 16.6-p007 (v16-6-112F)

Netlisting block async_pulse_gen

Processing page 1

No netlisting errors found. 

INFO(SPCOCN-1054): ...written
INFO(SPCOCN-1443): TUBII.SCH.1.1 has been previously edited as drawing #2.
INFO(SPCOCN-1001): Component: I66 selected.
INFO(SPCOCN-1854): The drawing TUBII.SCH.1.1
INFO(SPCOCN-578): will be retained as drawing #2.
INFO(SPCOCN-1445): Reading ASYNC_PULSE_GEN.SCH.1.1 into drawing #3.
INFO(SPCOCN-1445): Reading POWERS.SCH.1.1 into drawing #5.
INFO(SPCOCN-1001): Component: ??? selected.
INFO(SPCOCN-1507): Adding version 1 of part F74 from library ttl
INFO(SPCOCN-1507): Adding version 1 of part DS1023500 from library ttl
INFO(SPCOCN-1507): Adding version 1 of part DS1023500 from library ttl
INFO(SPCOCN-1507): Adding version 1 of part F06 from library ttl
INFO(SPCOCN-1507): Adding version 1 of part F07 from library ttl
INFO(SPCOCN-1507): Adding version 1 of part F08 from library ttl
INFO(SPCOCN-1445): Reading ASYNCDELAYS.SCH.1.1 into drawing #5.
INFO(SPCOCN-1507): Adding version 1 of part F06 from library ttl
INFO(SPCOCN-1507): Adding version 1 of part F06 from library ttl
INFO(SPCOCN-1001): Component: I23 selected.
INFO(SPCOCN-1070): Checking drawing...
INFO(SPCOCN-1028): writing <tubii_lib>ASYNCDELAYS.SCH.1.1:
INFO(SPCOCN-1044): writing binary file...
INFO(SPCOCN-1049): writing ASCII file...
INFO(SPCOCN-1053): writing connectivity file...
INFO(SPCOCN-1054): ...written

CSDirect 16.6-p007 (v16-6-112F)

Netlisting block asyncdelays

Processing page 1

INFO(SPCOCN-1640): writing occurrence data...
INFO(SPCOCN-1054): ...written
INFO(SPCOCN-1070): Checking drawing...
INFO(SPCOCN-1028): writing <tubii_lib>ASYNC_PULSE_GEN.SCH.1.1:
INFO(SPCOCN-1044): writing binary file...
INFO(SPCOCN-1049): writing ASCII file...
INFO(SPCOCN-1053): writing connectivity file...
INFO(SPCOCN-1054): ...written

CSDirect 16.6-p007 (v16-6-112F)

Netlisting block async_pulse_gen

Processing page 1

INFO(SPCOCN-1640): writing occurrence data...
INFO(SPCOCN-1054): ...written
INFO(SPCOCN-1443): TUBII.SCH.1.1 has been previously edited as drawing #2.
INFO(SPCOCN-1443): ASYNC_PULSE_GEN.SCH.1.1 has been previously edited as drawing #3.
INFO(SPCOCN-1445): Reading ASYNCDELAYS.SCH.1.1 into drawing #7.
INFO(SPCOCN-1070): Checking drawing...
INFO(SPCOCN-1028): writing <tubii_lib>ASYNCDELAYS.SCH.1.1:
INFO(SPCOCN-1044): writing binary file...
INFO(SPCOCN-1049): writing ASCII file...
INFO(SPCOCN-1053): writing connectivity file...
INFO(SPCOCN-1054): ...written

CSDirect 16.6-p007 (v16-6-112F)

Netlisting block asyncdelays

Processing page 1

INFO(SPCOCN-1640): writing occurrence data...
INFO(SPCOCN-1054): ...written
WARNING(SPCOCN-982): The operation could not be performed because no object on the drawing was selected.
INFO(SPCOCN-1001): Component: I2 selected.
WARNING(SPCOCN-503): The specified stroke shape '9375' is not recognized. Ensure that you specify a known shape.
INFO(SPCOCN-1070): Checking drawing...
INFO(SPCOCN-1028): writing <tubii_lib>ASYNC_PULSE_GEN.SCH.1.1:
INFO(SPCOCN-1044): writing binary file...
INFO(SPCOCN-1049): writing ASCII file...
INFO(SPCOCN-1053): writing connectivity file...
INFO(SPCOCN-1054): ...written

CSDirect 16.6-p007 (v16-6-112F)

Netlisting block async_pulse_gen

Processing page 1

INFO(SPCOCN-1640): writing occurrence data...
INFO(SPCOCN-1054): ...written
INFO(SPCOCN-1070): Checking drawing...
INFO(SPCOCN-1028): writing <tubii_lib>ASYNC_PULSE_GEN.SCH.1.1:
INFO(SPCOCN-1044): writing binary file...
INFO(SPCOCN-1049): writing ASCII file...
INFO(SPCOCN-1053): writing connectivity file...
INFO(SPCOCN-1054): ...written

CSDirect 16.6-p007 (v16-6-112F)

Netlisting block async_pulse_gen

Processing page 1

INFO(SPCOCN-1640): writing occurrence data...
INFO(SPCOCN-1054): ...written
INFO(SPCOCN-1443): TUBII.SCH.1.1 has been previously edited as drawing #2.
INFO(SPCOCN-1070): Checking drawing...
INFO(SPCOCN-1028): writing <tubii_lib>MICROZEDCONNECTION.SYM.1.1:
INFO(SPCOCN-1051): writing body file...
INFO(SPCOCN-1054): ...written
WARNING(SPCOCN-1080): Block 'MICROZEDCONNECTION' Errors/Warnings found during save operation.  Load the following marker file:temp/microzedconnection.mkr.
INFO(SPCOCN-1028): writing <tubii_lib>ASYNC_PULSE_GEN.SYM.1.1:
INFO(SPCOCN-1051): writing body file...
INFO(SPCOCN-1054): ...written
WARNING(SPCOCN-1080): Block 'ASYNC_PULSE_GEN' Errors/Warnings found during save operation.  Load the following marker file:temp/async_pulse_gen.mkr.
WARNING(SPCOCN-1080): Block 'CLK_LEDS' Errors/Warnings found during save operation.  Load the following marker file:temp/clk_leds.mkr.
INFO(SPCOCN-1070): Checking drawing...
INFO(SPCOCN-1028): writing <tubii_lib>TUBII.SCH.1.1:
INFO(SPCOCN-1044): writing binary file...
INFO(SPCOCN-1049): writing ASCII file...
INFO(SPCOCN-1053): writing connectivity file...
INFO(SPCOCN-1054): ...written

CSDirect 16.6-p007 (v16-6-112F)

Netlisting block tubii

Processing page 1

INFO(SPCOCN-1640): writing occurrence data...
INFO(SPCOCN-1054): ...written
INFO(SPCOCN-1001): Component: I66 selected.
INFO(SPCOCN-1001): Component: I66 selected.
INFO(SPCOCN-1001): Component: I66 selected.
INFO(SPCOCN-1001): Component: I66 selected.
INFO(SPCOCN-1445): Reading ASYNC_PULSE_GEN.SCH.1.1 into drawing #2.
INFO(SPCOCN-1070): Checking drawing...
INFO(SPCOCN-1028): writing <tubii_lib>ASYNC_PULSE_GEN.SCH.1.1:
INFO(SPCOCN-1044): writing binary file...
INFO(SPCOCN-1049): writing ASCII file...
INFO(SPCOCN-1053): writing connectivity file...
INFO(SPCOCN-1054): ...written

CSDirect 16.6-p007 (v16-6-112F)

Netlisting block async_pulse_gen

Processing page 1

No netlisting errors found. 

Following ports were added to the block 'async_pulse_gen' : 
		oe
The connectivity of parent blocks will be updated by saving the following pages:
		Block: tubii	Page: 1

INFO(SPCOCN-1028): writing <tubii_lib>tubii.SCH.1.1:
INFO(SPCOCN-1044): writing binary file...
INFO(SPCOCN-1049): writing ASCII file...
INFO(SPCOCN-1053): writing connectivity file...
INFO(SPCOCN-1054): ...written

CSDirect 16.6-p007 (v16-6-112F)

Netlisting block tubii

Processing page 1

INFO(SPCOCN-1640): writing occurrence data...
INFO(SPCOCN-1054): ...written
INFO(SPCOCN-1445): Reading TUBII.SCH.1.1 into drawing #2.
INFO(SPCOCN-1070): Checking drawing...
INFO(SPCOCN-1028): writing <tubii_lib>MICROZEDCONNECTION.SYM.1.1:
INFO(SPCOCN-1051): writing body file...
INFO(SPCOCN-1054): ...written
WARNING(SPCOCN-1080): Block 'MICROZEDCONNECTION' Errors/Warnings found during save operation.  Load the following marker file:temp/microzedconnection.mkr.
WARNING(SPCOCN-1080): Block 'CLK_LEDS' Errors/Warnings found during save operation.  Load the following marker file:temp/clk_leds.mkr.
INFO(SPCOCN-1070): Checking drawing...
INFO(SPCOCN-1028): writing <tubii_lib>TUBII.SCH.1.1:
INFO(SPCOCN-1044): writing binary file...
INFO(SPCOCN-1049): writing ASCII file...
INFO(SPCOCN-1053): writing connectivity file...
INFO(SPCOCN-1054): ...written

CSDirect 16.6-p007 (v16-6-112F)

Netlisting block tubii

Processing page 1

INFO(SPCOCN-1640): writing occurrence data...
INFO(SPCOCN-1054): ...written
INFO(SPCOCN-1001): Component: I33 selected.
INFO(SPCOCN-1001): Component: I33 selected.
INFO(SPCOCN-1001): Component: I33 selected.
INFO(SPCOCN-1001): Component: I33 selected.
INFO(SPCOCN-1001): Component: I33 selected.
INFO(SPCOCN-1445): Reading TUBIIGT.SCH.1.1 into drawing #2.
INFO(SPCOCN-1195): Group contains:   1 bodies   3 properties   0 notes   1 wires   0 dots   0 images
WARNING(SPCOCN-503): The specified stroke shape '65509' is not recognized. Ensure that you specify a known shape.
INFO(SPCOCN-1854): The drawing TUBIIGT.SCH.1.1
INFO(SPCOCN-578): will be retained as drawing #2.
INFO(SPCOCN-1445): Reading TUBII.SCH.1.1 into drawing #3.
INFO(SPCOCN-1001): Component: I33 selected.
INFO(SPCOCN-1443): TUBIIGT.SCH.1.1 has been previously edited as drawing #2.
INFO(SPCOCN-1443): TUBII.SCH.1.1 has been previously edited as drawing #3.
WARNING(SPCOCN-982): The operation could not be performed because no object on the drawing was selected.
WARNING(SPCOCN-1200): Using group A
INFO(SPCOCN-1195): Group "A" contains:   1 bodies   10 properties   0 notes   8 wires   0 dots   0 images
INFO(SPCOCN-1001): Component: I20 selected.
INFO(SPCOCN-1001): Component: I20 selected.
INFO(SPCOCN-1001): Component: I20 selected.
INFO(SPCOCN-1854): The drawing TUBII.SCH.1.1
INFO(SPCOCN-578): will be retained as drawing #3.
INFO(SPCOCN-1445): Reading LATCHEXTTRIG.SCH.1.1 into drawing #7.
INFO(SPCOCN-1443): TUBII.SCH.1.1 has been previously edited as drawing #3.
INFO(SPCOCN-1000): Pin: I56.LOAD_ENABLE<0..2> selected.
INFO(SPCOCN-1000): Pin: I59.Y selected.
INFO(SPCOCN-999): Signal: UN$1$3MERGE$I59$Y selected.
INFO(SPCOCN-999): Signal: UN$1$3MERGE$I59$Y selected.
INFO(SPCOCN-1001): Component: I66 selected.
INFO(SPCOCN-1854): The drawing TUBII.SCH.1.1
INFO(SPCOCN-578): will be retained as drawing #3.
INFO(SPCOCN-1445): Reading ASYNC_PULSE_GEN.SCH.1.1 into drawing #7.
INFO(SPCOCN-1443): TUBII.SCH.1.1 has been previously edited as drawing #3.
INFO(SPCOCN-1001): Component: I20 selected.
INFO(SPCOCN-1001): Component: I20 selected.
INFO(SPCOCN-1001): Component: I20 selected.
INFO(SPCOCN-1854): The drawing TUBII.SCH.1.1
INFO(SPCOCN-578): will be retained as drawing #3.
INFO(SPCOCN-1445): Reading LATCHEXTTRIG.SCH.1.1 into drawing #7.
INFO(SPCOCN-1443): TUBII.SCH.1.1 has been previously edited as drawing #3.
INFO(SPCOCN-1001): Component: I3 selected.
INFO(SPCOCN-1854): The drawing TUBII.SCH.1.1
INFO(SPCOCN-578): will be retained as drawing #3.
INFO(SPCOCN-1445): Reading TUBII_TIME.SCH.1.1 into drawing #7.
INFO(SPCOCN-1001): Component: I15 selected.
INFO(SPCOCN-1001): Component: I15 selected.
INFO(SPCOCN-1445): Reading FOXCLOCK.SYM.1.1 into drawing #7.
INFO(SPCOCN-1445): Reading TUBII_TIME.SCH.1.1 into drawing #7.
INFO(SPCOCN-1443): TUBII.SCH.1.1 has been previously edited as drawing #3.
WARNING(SPCOCN-982): The operation could not be performed because no object on the drawing was selected.
INFO(SPCOCN-1001): Component: I3 selected.
INFO(SPCOCN-1854): The drawing TUBII.SCH.1.1
INFO(SPCOCN-578): will be retained as drawing #3.
INFO(SPCOCN-1445): Reading TUBII_TIME.SCH.1.1 into drawing #8.
INFO(SPCOCN-1443): TUBII.SCH.1.1 has been previously edited as drawing #3.
zoom right; 
INFO(SPCOCN-1001): Component: I66 selected.
INFO(SPCOCN-1854): The drawing TUBII.SCH.1.1
INFO(SPCOCN-578): will be retained as drawing #3.
INFO(SPCOCN-1445): Reading ASYNC_PULSE_GEN.SCH.1.1 into drawing #7.
INFO(SPCOCN-1443): TUBII.SCH.1.1 has been previously edited as drawing #3.
INFO(SPCOCN-1001): Component: I67 selected.
WARNING(SPCOCN-2041): Block rename command can be used to rename a block at the time of creation of the block. It cannot update the canonical paths of the objects of a block for which design is already captured. To rename or create a copy of the existing block, use the Copy Project functionality of Project Manager.
INFO(SPCOCN-1001): Component: I67 selected.
INFO(SPCOCN-1001): Component: I67 selected.
INFO(SPCOCN-1001): Component: I67 selected.
INFO(SPCOCN-1443): ASYNC_PULS_GEN.SYM.1.1 has been previously edited as drawing #8.
INFO(SPCOCN-1070): Checking drawing...
INFO(SPCOCN-1028): writing <tubii_lib>ASYNC_PULS_GEN.SYM.1.1:
INFO(SPCOCN-1051): writing body file...
INFO(SPCOCN-1054): ...written
No netlisting errors found. 

INFO(SPCOCN-1640): writing occurrence data...
INFO(SPCOCN-1028): writing <tubii_lib>ASYNC_PULS_GEN.SCH.1.1:
INFO(SPCOCN-1044): writing binary file...
INFO(SPCOCN-1049): writing ASCII file...
INFO(SPCOCN-1053): writing connectivity file...
INFO(SPCOCN-1054): ...written

CSDirect 16.6-p007 (v16-6-112F)

Netlisting block async_puls_gen

Processing page 1

No netlisting errors found. 

INFO(SPCOCN-1195): Group contains:   1 bodies   0 properties   1 notes   5 wires   0 dots   0 images
INFO(SPCOCN-1054): ...written
INFO(SPCOCN-1443): TUBII.SCH.1.1 has been previously edited as drawing #3.
WARNING(SPCOCN-982): The operation could not be performed because no object on the drawing was selected.
INFO(SPCOCN-1001): Component: I67 selected.
INFO(SPCOCN-1001): Component: I67 selected.
WARNING(SPCOCN-503): The specified stroke shape '9367' is not recognized. Ensure that you specify a known shape.
zoom left; 
WARNING(SPCOCN-503): The specified stroke shape '65535' is not recognized. Ensure that you specify a known shape.
INFO(SPCOCN-1001): Component: I60 selected.
INFO(SPCOCN-1001): Component: I60 selected.
INFO(SPCOCN-1001): Component: ??? selected.
WARNING(SPCOCN-503): The specified stroke shape '65535' is not recognized. Ensure that you specify a known shape.
INFO(SPCOCN-1001): Component: I60 selected.
ERROR(SPCOCN-1398): Component LATCHEXTTRIG already present at location (-2175,2625). You cannot place another component at the same location.
INFO(SPCOCN-1001): Component: I67 selected.
INFO(SPCOCN-1854): The drawing TUBII.SCH.1.1
INFO(SPCOCN-578): will be retained as drawing #3.
INFO(SPCOCN-1445): Reading ASYNC_PULS_GEN.SCH.1.1 into drawing #7.
INFO(SPCOCN-1070): Checking drawing...
INFO(SPCOCN-1028): writing <tubii_lib>ASYNC_PULS_GEN.SCH.1.1:
INFO(SPCOCN-1044): writing binary file...
INFO(SPCOCN-1049): writing ASCII file...
INFO(SPCOCN-1053): writing connectivity file...
INFO(SPCOCN-1054): ...written

CSDirect 16.6-p007 (v16-6-112F)

Netlisting block async_puls_gen

Processing page 1

No netlisting errors found. 

INFO(SPCOCN-1640): writing occurrence data...
INFO(SPCOCN-1054): ...written
INFO(SPCOCN-1443): TUBII.SCH.1.1 has been previously edited as drawing #3.
INFO(SPCOCN-1445): Reading CAEN_SELECT.SCH.1.1 into drawing #7.
INFO(SPCOCN-1001): Component: I67 selected.
INFO(SPCOCN-1854): The drawing TUBII.SCH.1.1
INFO(SPCOCN-578): will be retained as drawing #3.
INFO(SPCOCN-1445): Reading ASYNC_PULS_GEN.SCH.1.1 into drawing #8.
INFO(SPCOCN-1001): Component: ??? selected.
zoom left; 
INFO(SPCOCN-1507): Adding version 1 of part DS102350 from library ttl
INFO(SPCOCN-1507): Adding version 1 of part F06 from library ttl
INFO(SPCOCN-1001): Component: I2 selected.
INFO(SPCOCN-1854): The drawing ASYNC_PULS_GEN.SCH.1.1
INFO(SPCOCN-578): will be retained as drawing #8.
INFO(SPCOCN-1445): Reading ASYNCDELAYS.SCH.1.1 into drawing #7.
INFO(SPCOCN-1443): ASYNC_PULS_GEN.SCH.1.1 has been previously edited as drawing #8.
INFO(SPCOCN-1195): Group contains:   2 bodies   4 properties   0 notes   5 wires   0 dots   0 images
INFO(SPCOCN-1070): Checking drawing...
INFO(SPCOCN-1028): writing <tubii_lib>ASYNC_PULS_GEN.SCH.1.1:
INFO(SPCOCN-1044): writing binary file...
INFO(SPCOCN-1049): writing ASCII file...
INFO(SPCOCN-1053): writing connectivity file...
INFO(SPCOCN-1054): ...written

CSDirect 16.6-p007 (v16-6-112F)

Netlisting block async_puls_gen

Processing page 1

INFO(SPCOCN-1640): writing occurrence data...
INFO(SPCOCN-1054): ...written
INFO(SPCOCN-1443): TUBII.SCH.1.1 has been previously edited as drawing #3.
INFO(SPCOCN-1070): Checking drawing...
INFO(SPCOCN-1028): writing <tubii_lib>ASYNC_PULS_GEN.SYM.1.1:
INFO(SPCOCN-1051): writing body file...
INFO(SPCOCN-1054): ...written
No netlisting errors found. 

INFO(SPCOCN-1028): writing <tubii_lib>MICROZEDCONNECTION.SYM.1.1:
INFO(SPCOCN-1051): writing body file...
INFO(SPCOCN-1054): ...written
WARNING(SPCOCN-1080): Block 'MICROZEDCONNECTION' Errors/Warnings found during save operation.  Load the following marker file:temp/microzedconnection.mkr.
INFO(SPCOCN-1028): writing <tubii_lib>TUNCOMP.SYM.1.1:
INFO(SPCOCN-1051): writing body file...
INFO(SPCOCN-1054): ...written
No netlisting errors found. 

INFO(SPCOCN-1028): writing <tubii_lib>TUNCOMP.SCH.1.1:
INFO(SPCOCN-1044): writing binary file...
INFO(SPCOCN-1049): writing ASCII file...
INFO(SPCOCN-1053): writing connectivity file...
INFO(SPCOCN-1054): ...written

CSDirect 16.6-p007 (v16-6-112F)

Netlisting block tuncomp

Processing page 1

WARNING(SPCOCN-1080): Block 'TUNCOMP' Errors/Warnings found during save operation.  Load the following marker file:temp/tuncomp.mkr.
WARNING(SPCOCN-1080): Block 'CLK_LEDS' Errors/Warnings found during save operation.  Load the following marker file:temp/clk_leds.mkr.
INFO(SPCOCN-1070): Checking drawing...
INFO(SPCOCN-1028): writing <tubii_lib>TUBII.SCH.1.1:
INFO(SPCOCN-1044): writing binary file...
INFO(SPCOCN-1049): writing ASCII file...
INFO(SPCOCN-1053): writing connectivity file...
INFO(SPCOCN-1054): ...written

CSDirect 16.6-p007 (v16-6-112F)

Netlisting block tubii

Processing page 1

INFO(SPCOCN-1640): writing occurrence data...
INFO(SPCOCN-1054): ...written
INFO(SPCOCN-1070): Checking drawing...
INFO(SPCOCN-1028): writing <tubii_lib>TUBIIGT.SCH.1.1:
INFO(SPCOCN-1044): writing binary file...
INFO(SPCOCN-1049): writing ASCII file...
INFO(SPCOCN-1053): writing connectivity file...
INFO(SPCOCN-1054): ...written

CSDirect 16.6-p007 (v16-6-112F)

Netlisting block tubiigt

Processing page 1

No netlisting errors found. 

INFO(SPCOCN-1640): writing occurrence data...
INFO(SPCOCN-1054): ...written
