FILE_TYPE=LIBRARY_PARTS;
TIME=' COMPILATION ON THU FEB 17 18:27:42 1994  ';
primitive 'SIP';
  pin
    'P1':
      PIN_NUMBER='(1)';
      INPUT_LOAD='(-0.01,0.01)';
    'P2':
      PIN_NUMBER='(2)';
      INPUT_LOAD='(-0.01,0.01)';
    'P3':
      PIN_NUMBER='(3)';
      INPUT_LOAD='(-0.01,0.01)';
    'P4':
      PIN_NUMBER='(4)';
      INPUT_LOAD='(-0.01,0.01)';
    'P5':
      PIN_NUMBER='(5)';
      INPUT_LOAD='(-0.01,0.01)';
    'P6':
      PIN_NUMBER='(6)';
      INPUT_LOAD='(-0.01,0.01)';
    'P7':
      PIN_NUMBER='(7)';
      INPUT_LOAD='(-0.01,0.01)';
    'P8':
      PIN_NUMBER='(8)';
      INPUT_LOAD='(-0.01,0.01)';
  end_pin;
  body
    JEDEC_TYPE='SIP8';
    CLASS='IC';
    PHYS_DES_PREFIX='SP';
  end_body;
end_primitive;
END.
