FILE_TYPE=LIBRARY_PARTS;
TIME=' COMPILATION ON TUE MAY 16 14:52:21 1995  ';
primitive 'CA741_L';
  pin
    'NIN':
      PIN_NUMBER='(2)';
      PIN_TYPE='ANALOG';
      NO_LOAD_CHECK='BOTH';
      UNKNOWN_LOADING='TRUE';
    'NVSS':
      PIN_NUMBER='(4)';
      PIN_TYPE='ANALOG';
      NO_LOAD_CHECK='BOTH';
      UNKNOWN_LOADING='TRUE';
    'OUT':
      PIN_NUMBER='(6)';
      PIN_TYPE='ANALOG';
      NO_LOAD_CHECK='BOTH';
      UNKNOWN_LOADING='TRUE';
    'PIN':
      PIN_NUMBER='(3)';
      PIN_TYPE='ANALOG';
      NO_LOAD_CHECK='BOTH';
      UNKNOWN_LOADING='TRUE';
    'PVSS':
      PIN_NUMBER='(7)';
      PIN_TYPE='ANALOG';
      NO_LOAD_CHECK='BOTH';
      UNKNOWN_LOADING='TRUE';
  end_pin;
  body
    JEDEC_TYPE='DIP8_3';
    CLASS='IC';
    PATH='23P';
    DRAWING='OPA3.LOGIC.1.1';
    VER='1';
    XY='(-500,4750)';
    PHYS_DES_PREFIX='U';
    DIR='OPA3.LIB';
    ROT='0';
    PINCOUNT='8';
    SIZE='1';
    NC_PINS='(1,5,8)';
  end_body;
end_primitive;
END.
