FILE_TYPE=LIBRARY_PARTS;
TIME=' COMPILATION ON THU MAY 11 14:46:18 1995  ';
primitive '2N3904SZ';
  pin
    'E'<0>:
      PIN_NUMBER='(1)';
      PIN_TYPE='ANALOG';
      NO_LOAD_CHECK='BOTH';
      UNKNOWN_LOADING='TRUE';
    'B'<0>:
      PIN_NUMBER='(2)';
      PIN_TYPE='ANALOG';
      NO_LOAD_CHECK='BOTH';
      UNKNOWN_LOADING='TRUE';
    'C'<0>:
      PIN_NUMBER='(3)';
      PIN_TYPE='ANALOG';
      NO_LOAD_CHECK='BOTH';
      UNKNOWN_LOADING='TRUE';
  end_pin;
  body
    JEDEC_TYPE='TO92';
    CLASS='DISCRETE';
    LAST_MODIFIED='MON OCT 5 13:48:08 1987';
    ABBREV='2N3904';
    PHYS_DES_PREFIX='Q';
    LEADOUT_STYLE='TO92_1';
    PINCOUNT='3';
    PATH='10P';
  end_body;
end_primitive;
END.
