FILE_TYPE=LIBRARY_PARTS;
PRIMITIVE 'MIC29201';
  PIN
    'ERROR':
	  PIN_NUMBER='(1)';
    'INPUT':
	  PIN_NUMBER='(2)';
    'GROUND':
	  PIN_NUMBER='(3)';
    'OUTPUT':
	  PIN_NUMBER='(4)';
    'SHUTDOWN':
	  PIN_NUMBER='(5)';
  END_PIN;
  BODY
    LAST_MODIFIED='Fri May 22 15:20:13 PDT 1992';
    ABBREV='MIC29201';
  	NEEDS_NO_SIZE='TRUE';
	PHYS_DES_PREFIX='Q';
	CLASS='DISCRETE';
	JEDEC_TYPE='TO263_5';
	LEADOUT_STYLE='TO263_5';
	NC_PINS='(6)';
	PINCOUNT='6';
	PATH='10P';
	SIZE='1';
  END_BODY;
END_PRIMITIVE;
END.
