FILE_TYPE=LIBRARY_PARTS;
TIME=' COMPILATION ON TUE SEP  3 19:36:19 1996';
primitive 'XMEMFIFOT';
  pin
    '-RDATA':
      PIN_NUMBER='(40)';
      OUTPUT_LOAD='(*,*)';
    'RTRIG':
      PIN_NUMBER='(42)';
      INPUT_LOAD='(*,*)';
    '-PROGRAM':
      PIN_NUMBER='(80)';
      INPUT_LOAD='(*,*)';
    'CCLK':
      PIN_NUMBER='(121)';
      INPUT_LOAD='(*,*)';
    '-PWRDWN':
      PIN_NUMBER='(159)';
      INPUT_LOAD='(*,*)';
    'XTESTMEM2':
      PIN_NUMBER='(109)';
      INPUT_LOAD='(*,*)';
    'XTESTMEM1':
      PIN_NUMBER='(116)';
      INPUT_LOAD='(*,*)';
    'XSIMM_EN-'<7>:
      PIN_NUMBER='(112)';
      OUTPUT_LOAD='(*,*)';
    'XSIMM_EN-'<6>:
      PIN_NUMBER='(113)';
      OUTPUT_LOAD='(*,*)';
    'XSIMM_EN-'<5>:
      PIN_NUMBER='(114)';
      OUTPUT_LOAD='(*,*)';
    'XSIMM_EN-'<4>:
      PIN_NUMBER='(127)';
      OUTPUT_LOAD='(*,*)';
    'XSIMM_EN-'<3>:
      PIN_NUMBER='(128)';
      OUTPUT_LOAD='(*,*)';
    'XSIMM_EN-'<2>:
      PIN_NUMBER='(117)';
      OUTPUT_LOAD='(*,*)';
    'XSIMM_EN-'<1>:
      PIN_NUMBER='(129)';
      OUTPUT_LOAD='(*,*)';
    'XSIMM_EN-'<0>:
      PIN_NUMBER='(111)';
      OUTPUT_LOAD='(*,*)';
    '-XSEL2':
      PIN_NUMBER='(145)';
      INPUT_LOAD='(*,*)';
    '-XSEL1':
      PIN_NUMBER='(16)';
      INPUT_LOAD='(*,*)';
    '-XREQ2':
      PIN_NUMBER='(6)';
      OUTPUT_LOAD='(*,*)';
    '-XREQ1':
      PIN_NUMBER='(126)';
      OUTPUT_LOAD='(*,*)';
    '-XMODSEL':
      PIN_NUMBER='(130)';
      INPUT_LOAD='(*,*)';
    '-XMEMSPACE':
      PIN_NUMBER='(131)';
      INPUT_LOAD='(*,*)';
    '-XMEMREQ2':
      PIN_NUMBER='(105)';
      INPUT_LOAD='(*,*)';
    '-XMEMACK2':
      PIN_NUMBER='(152)';
      OUTPUT_LOAD='(*,*)';
    '-XMEMACK1':
      PIN_NUMBER='(133)';
      OUTPUT_LOAD='(*,*)';
    '-XMEM_WRITE_ENABLE':
      PIN_NUMBER='(153)';
      OUTPUT_LOAD='(*,*)';
    'XMDTACK':
      PIN_NUMBER='(142)';
      INPUT_LOAD='(*,*)';
    '-XFIFO_RESET':
      PIN_NUMBER='(34)';
      INPUT_LOAD='(*,*)';
    'XBWR_ADD'<21>:
      PIN_NUMBER='(96)';
      OUTPUT_LOAD='(*,*)';
    'XBWR_ADD'<20>:
      PIN_NUMBER='(90)';
      OUTPUT_LOAD='(*,*)';
    'XBWR_ADD'<19>:
      PIN_NUMBER='(91)';
      OUTPUT_LOAD='(*,*)';
    'XBWR_ADD'<18>:
      PIN_NUMBER='(92)';
      OUTPUT_LOAD='(*,*)';
    'XBWR_ADD'<17>:
      PIN_NUMBER='(66)';
      OUTPUT_LOAD='(*,*)';
    'XBWR_ADD'<16>:
      PIN_NUMBER='(70)';
      OUTPUT_LOAD='(*,*)';
    'XBWR_ADD'<15>:
      PIN_NUMBER='(63)';
      OUTPUT_LOAD='(*,*)';
    'XBWR_ADD'<14>:
      PIN_NUMBER='(56)';
      OUTPUT_LOAD='(*,*)';
    'XBWR_ADD'<13>:
      PIN_NUMBER='(31)';
      OUTPUT_LOAD='(*,*)';
    'XBWR_ADD'<12>:
      PIN_NUMBER='(46)';
      OUTPUT_LOAD='(*,*)';
    'XBWR_ADD'<11>:
      PIN_NUMBER='(28)';
      OUTPUT_LOAD='(*,*)';
    'XBWR_ADD'<10>:
      PIN_NUMBER='(29)';
      OUTPUT_LOAD='(*,*)';
    'XBWR_ADD'<9>:
      PIN_NUMBER='(108)';
      OUTPUT_LOAD='(*,*)';
    'XBWR_ADD'<8>:
      PIN_NUMBER='(14)';
      OUTPUT_LOAD='(*,*)';
    'XBWR_ADD'<7>:
      PIN_NUMBER='(154)';
      OUTPUT_LOAD='(*,*)';
    'XBWR_ADD'<6>:
      PIN_NUMBER='(8)';
      OUTPUT_LOAD='(*,*)';
    'XBWR_ADD'<5>:
      PIN_NUMBER='(18)';
      OUTPUT_LOAD='(*,*)';
    'XBWR_ADD'<4>:
      PIN_NUMBER='(25)';
      OUTPUT_LOAD='(*,*)';
    'XBWR_ADD'<3>:
      PIN_NUMBER='(23)';
      OUTPUT_LOAD='(*,*)';
    'XBWR_ADD'<2>:
      PIN_NUMBER='(98)';
      OUTPUT_LOAD='(*,*)';
    '-XBRW':
      PIN_NUMBER='(5)';
      INPUT_LOAD='(*,*)';
    'XBBA'<24>:
      PIN_NUMBER='(115)';
      INPUT_LOAD='(*,*)';
    'XBBA'<23>:
      PIN_NUMBER='(124)';
      INPUT_LOAD='(*,*)';
    'XBBA'<22>:
      PIN_NUMBER='(125)';
      INPUT_LOAD='(*,*)';
    'XBBA'<21>:
      PIN_NUMBER='(97)';
      INPUT_LOAD='(*,*)';
    'XBBA'<20>:
      PIN_NUMBER='(93)';
      INPUT_LOAD='(*,*)';
    'XBBA'<19>:
      PIN_NUMBER='(65)';
      INPUT_LOAD='(*,*)';
    'XBBA'<18>:
      PIN_NUMBER='(67)';
      INPUT_LOAD='(*,*)';
    'XBBA'<17>:
      PIN_NUMBER='(62)';
      INPUT_LOAD='(*,*)';
    'XBBA'<16>:
      PIN_NUMBER='(64)';
      INPUT_LOAD='(*,*)';
    'XBBA'<15>:
      PIN_NUMBER='(59)';
      INPUT_LOAD='(*,*)';
    'XBBA'<14>:
      PIN_NUMBER='(58)';
      INPUT_LOAD='(*,*)';
    'XBBA'<13>:
      PIN_NUMBER='(33)';
      INPUT_LOAD='(*,*)';
    'XBBA'<12>:
      PIN_NUMBER='(32)';
      INPUT_LOAD='(*,*)';
    'XBBA'<11>:
      PIN_NUMBER='(22)';
      INPUT_LOAD='(*,*)';
    'XBBA'<10>:
      PIN_NUMBER='(24)';
      INPUT_LOAD='(*,*)';
    'XBBA'<9>:
      PIN_NUMBER='(10)';
      INPUT_LOAD='(*,*)';
    'XBBA'<8>:
      PIN_NUMBER='(9)';
      INPUT_LOAD='(*,*)';
    'XBBA'<7>:
      PIN_NUMBER='(4)';
      INPUT_LOAD='(*,*)';
    'XBBA'<6>:
      PIN_NUMBER='(155)';
      INPUT_LOAD='(*,*)';
    'XBBA'<5>:
      PIN_NUMBER='(150)';
      INPUT_LOAD='(*,*)';
    'XBBA'<4>:
      PIN_NUMBER='(17)';
      INPUT_LOAD='(*,*)';
    'XBBA'<3>:
      PIN_NUMBER='(12)';
      INPUT_LOAD='(*,*)';
    'XBBA'<2>:
      PIN_NUMBER='(13)';
      INPUT_LOAD='(*,*)';
    'SPARES'<9>:
      PIN_NUMBER='(71)';
      INPUT_LOAD='(*,*)';
    'SPARES'<8>:
      PIN_NUMBER='(49)';
      INPUT_LOAD='(*,*)';
    'SPARES'<7>:
      PIN_NUMBER='(81)';
      INPUT_LOAD='(*,*)';
    'SPARES'<6>:
      PIN_NUMBER='(72)';
      INPUT_LOAD='(*,*)';
    'SPARES'<5>:
      PIN_NUMBER='(149)';
      INPUT_LOAD='(*,*)';
    'SPARES'<4>:
      PIN_NUMBER='(69)';
      OUTPUT_LOAD='(*,*)';
    'SPARES'<3>:
      PIN_NUMBER='(48)';
      OUTPUT_LOAD='(*,*)';
    'SPARES'<2>:
      PIN_NUMBER='(82)';
      OUTPUT_LOAD='(*,*)';
    'SPARES'<1>:
      PIN_NUMBER='(73)';
      OUTPUT_LOAD='(*,*)';
    'SPARES'<0>:
      PIN_NUMBER='(148)';
      OUTPUT_LOAD='(*,*)';
    'SDOUT':
      PIN_NUMBER='(120)';
      OUTPUT_LOAD='(*,*)';
    'SDIN':
      PIN_NUMBER='(119)';
      INPUT_LOAD='(*,*)';
    'M2':
      PIN_NUMBER='(44)';
      OUTPUT_LOAD='(*,*)';
    '-RESET':
      PIN_NUMBER='(78)';
      INPUT_LOAD='(*,*)';
  end_pin;
  body 
    BODY_NAME='xmemfifot';
    PINCOUNT='160';
    JEDEC_TYPE='PQFP160';
    CLASS='IC';
    NC_PINS='(1,2,3,7,11,15,21,26,27,30,35,36,37,38,39,45,47,50,51,52,53)';
    NC_PINS='(54,55,57,68,74,75,76,83,84,85,86,87,88,89,94,95,99,102,103,104)';
    NC_PINS='(106,107,110,118,132,134,135,136,137,138,141,143,144,146,147,151)';
    NC_PINS='(156,160)';
    POWER_PINS='(VCC:20,43,60,79,100,122,140,157;GND:19,41,61,77,101,123,139,158)';
  end_body;
end_primitive;
END.
