FILE_TYPE=LIBRARY_PARTS;
TIME=' COMPILATION ON TUE MAY 23 09:02:21 1995  ';
primitive 'MAX674A';
  pin
    '10VIN':
      PIN_NUMBER='(13)';
      PIN_TYPE='ANALOG';
      NO_LOAD_CHECK='BOTH';
      UNKNOWN_LOADING='TRUE';
    '20VIN':
      PIN_NUMBER='(14)';
      PIN_TYPE='ANALOG';
      NO_LOAD_CHECK='BOTH';
      UNKNOWN_LOADING='TRUE';
    '-RC':
      PIN_NUMBER='(5)';
      INPUT_LOAD='(-0.01,0.01)';
    '-CS':
      PIN_NUMBER='(3)';
      INPUT_LOAD='(-0.01,0.01)';
    'MODE12_8':
      PIN_NUMBER='(2)';
      INPUT_LOAD='(-0.01,0.01)';
    'CE':
      PIN_NUMBER='(6)';
      INPUT_LOAD='(-0.01,0.01)';
    'A0':
      PIN_NUMBER='(4)';
      INPUT_LOAD='(-0.01,0.01)';
    'REFOUT':
      PIN_NUMBER='(8)';
      PIN_TYPE='ANALOG';
      NO_LOAD_CHECK='BOTH';
      UNKNOWN_LOADING='TRUE';
    'REFIN':
      PIN_NUMBER='(10)';
      PIN_TYPE='ANALOG';
      NO_LOAD_CHECK='BOTH';
      UNKNOWN_LOADING='TRUE';
    'BIPOFF':
      PIN_NUMBER='(12)';
      PIN_TYPE='ANALOG';
      NO_LOAD_CHECK='BOTH';
      UNKNOWN_LOADING='TRUE';
    'AGND':
      PIN_NUMBER='(9)';
      PIN_TYPE='ANALOG';
      NO_LOAD_CHECK='BOTH';
      UNKNOWN_LOADING='TRUE';
    'DGND':
      PIN_NUMBER='(15)';
      INPUT_LOAD='(-0.01,0.01)';
    'STS':
      PIN_NUMBER='(28)';
      OUTPUT_LOAD='(1.0,-1.0)';
    'D11':
      PIN_NUMBER='(27)';
      OUTPUT_LOAD='(1.0,-1.0)';
    'D10':
      PIN_NUMBER='(26)';
      OUTPUT_LOAD='(1.0,-1.0)';
    'D9':
      PIN_NUMBER='(25)';
      OUTPUT_LOAD='(1.0,-1.0)';
    'D8':
      PIN_NUMBER='(24)';
      OUTPUT_LOAD='(1.0,-1.0)';
    'D7':
      PIN_NUMBER='(23)';
      OUTPUT_LOAD='(1.0,-1.0)';
    'D6':
      PIN_NUMBER='(22)';
      OUTPUT_LOAD='(1.0,-1.0)';
    'D5':
      PIN_NUMBER='(21)';
      OUTPUT_LOAD='(1.0,-1.0)';
    'D4':
      PIN_NUMBER='(20)';
      OUTPUT_LOAD='(1.0,-1.0)';
    'D3':
      PIN_NUMBER='(19)';
      OUTPUT_LOAD='(1.0,-1.0)';
    'D2':
      PIN_NUMBER='(18)';
      OUTPUT_LOAD='(1.0,-1.0)';
    'D1':
      PIN_NUMBER='(17)';
      OUTPUT_LOAD='(1.0,-1.0)';
    'D0':
      PIN_NUMBER='(16)';
      OUTPUT_LOAD='(1.0,-1.0)';
  end_pin;
  body
    JEDEC_TYPE='DIP28';
    POWER_PINS='(VL:1)';
    POWER_PINS='(VCC:7)';
    POWER_PINS='(VEE:11)';
  end_body;
end_primitive;
END.
