FILE_TYPE=LIBRARY_PARTS;
TIME=' COMPILATION ON TUE FEB  1 19:02:04 1994  ';
primitive 'AD7575_PLCC';
  pin
    '-CS':
      PIN_NUMBER='(2)';
      INPUT_LOAD='(-0.01,0.01)';
    '-RD':
      PIN_NUMBER='(3)';
      INPUT_LOAD='(-0.01,0.01)';
    'TP':
      PIN_NUMBER='(4)';
      INPUT_LOAD='(-0.01,0.01)';
    '-BUSY':
      PIN_NUMBER='(5)';
      INPUT_LOAD='(-0.01,0.01)';
    'CLK':
      PIN_NUMBER='(6)';
      INPUT_LOAD='(-0.01,0.01)';
    'DB7':
      PIN_NUMBER='(7)';
      OUTPUT_LOAD='(1.0,-1.0)';
      OUTPUT_TYPE='(TS,TS)';
    'DB6':
      PIN_NUMBER='(8)';
      OUTPUT_LOAD='(1.0,-1.0)';
      OUTPUT_TYPE='(TS,TS)';
    'DB5':
      PIN_NUMBER='(9)';
      OUTPUT_LOAD='(1.0,-1.0)';
      OUTPUT_TYPE='(TS,TS)';
    'DGND':
      PIN_NUMBER='(10)';
      INPUT_LOAD='(-0.01,0.01)';
    'DB4':
      PIN_NUMBER='(12)';
      OUTPUT_LOAD='(1.0,-1.0)';
      OUTPUT_TYPE='(TS,TS)';
    'DB3':
      PIN_NUMBER='(13)';
      OUTPUT_LOAD='(1.0,-1.0)';
      OUTPUT_TYPE='(TS,TS)';
    'DB2':
      PIN_NUMBER='(14)';
      OUTPUT_LOAD='(1.0,-1.0)';
      OUTPUT_TYPE='(TS,TS)';
    'DB1':
      PIN_NUMBER='(15)';
      OUTPUT_LOAD='(1.0,-1.0)';
      OUTPUT_TYPE='(TS,TS)';
    'DB0':
      PIN_NUMBER='(16)';
      OUTPUT_LOAD='(1.0,-1.0)';
      OUTPUT_TYPE='(TS,TS)';
    'AGND':
      PIN_NUMBER='(17)';
      INPUT_LOAD='(-0.01,0.01)';
    'AIN':
      PIN_NUMBER='(18)';
      PIN_TYPE='ANALOG';
      NO_LOAD_CHECK='BOTH';
      UNKNOWN_LOADING='TRUE';
    'VREF':
      PIN_NUMBER='(19)';
      PIN_TYPE='ANALOG';
      NO_LOAD_CHECK='BOTH';
      UNKNOWN_LOADING='TRUE';
    'VDD':
      PIN_NUMBER='(20)';
      INPUT_LOAD='(-0.01,0.01)';
  end_pin;
  body
    JEDEC_TYPE='PLCC20';
    CLASS='IC';
    PART_NAME='AD7575';
    BODY_NAME='AD7575';
    NC_PINS='(1,11)';
  end_body;
end_primitive;
END.
