FILE_TYPE=LIBRARY_PARTS;
TIME=' COMPILATION ON WED OCT 23 11:03:11 1996';
primitive 'CGT24';
  pin
    '-PWRDWN':
      PIN_NUMBER='(7)';
      INPUT_LOAD='(*,*)';
    '-RDATA':
      PIN_NUMBER='(16)';
      OUTPUT_LOAD='(*,*)';
    'RTRIG':
      PIN_NUMBER='(17)';
      INPUT_LOAD='(*,*)';
    'P20':
      PIN_NUMBER='(20)';
      INPUT_LOAD='(*,*)';
      OUTPUT_LOAD='(*,*)';
      OUTPUT_TYPE='(TS,TS)';
      BIDIRECTIONAL='TRUE';
    '-PROGRAM':
      PIN_NUMBER='(28)';
      INPUT_LOAD='(*,*)';
    'CCLK':
      PIN_NUMBER='(40)';
      INPUT_LOAD='(*,*)';
    'P43':
      PIN_NUMBER='(43)';
      INPUT_LOAD='(*,*)';
      OUTPUT_LOAD='(*,*)';
      OUTPUT_TYPE='(TS,TS)';
      BIDIRECTIONAL='TRUE';
    'P44':
      PIN_NUMBER='(44)';
      INPUT_LOAD='(*,*)';
      OUTPUT_LOAD='(*,*)';
      OUTPUT_TYPE='(TS,TS)';
      BIDIRECTIONAL='TRUE';
    'OSPARE2':
      PIN_NUMBER='(2)';
      OUTPUT_LOAD='(*,*)';
    'OSPARE1':
      PIN_NUMBER='(15)';
      OUTPUT_LOAD='(*,*)';
    'M2':
      PIN_NUMBER='(18)';
      OUTPUT_LOAD='(*,*)';
    'ISPARE2':
      PIN_NUMBER='(19)';
      INPUT_LOAD='(*,*)';
    'ISPARE1':
      PIN_NUMBER='(8)';
      INPUT_LOAD='(*,*)';
    '-RESET':
      PIN_NUMBER='(27)';
      INPUT_LOAD='(*,*)';
    'ES24_MEMD':
      PIN_NUMBER='(22)';
      INPUT_LOAD='(*,*)';
      OUTPUT_LOAD='(*,*)';
      OUTPUT_TYPE='(TS,TS)';
    'ES_MEMD':
      PIN_NUMBER='(3)';
      INPUT_LOAD='(*,*)';
      OUTPUT_LOAD='(*,*)';
      OUTPUT_TYPE='(TS,TS)';
    'DOUT':
      PIN_NUMBER='(39)';
      OUTPUT_LOAD='(*,*)';
    'DIN':
      PIN_NUMBER='(38)';
      INPUT_LOAD='(*,*)';
    'BWRFLG_MEMD15':
      PIN_NUMBER='(14)';
      INPUT_LOAD='(*,*)';
    '-BSYNCLR24':
      PIN_NUMBER='(10)';
      INPUT_LOAD='(*,*)';
    '-BSYNCLR':
      PIN_NUMBER='(5)';
      INPUT_LOAD='(*,*)';
    '-BGTRIG':
      PIN_NUMBER='(11)';
      INPUT_LOAD='(*,*)';
    'BFECBUSY':
      PIN_NUMBER='(9)';
      INPUT_LOAD='(*,*)';
    'BERR_SYNCLR24':
      PIN_NUMBER='(21)';
      OUTPUT_LOAD='(*,*)';
    'BERR_SYNCLR':
      PIN_NUMBER='(4)';
      OUTPUT_LOAD='(*,*)';
    'BERR_RESET':
      PIN_NUMBER='(13)';
      INPUT_LOAD='(*,*)';
    '-BENW3':
      PIN_NUMBER='(6)';
      INPUT_LOAD='(*,*)';
    '-BENW1':
      PIN_NUMBER='(24)';
      INPUT_LOAD='(*,*)';
    'BCLK':
      PIN_NUMBER='(26)';
      INPUT_LOAD='(*,*)';
    'BCGTHACK2':
      PIN_NUMBER='(42)';
      INPUT_LOAD='(*,*)';
    'BCGTHACK1':
      PIN_NUMBER='(41)';
      INPUT_LOAD='(*,*)';
    '-BCCLR':
      PIN_NUMBER='(25)';
      INPUT_LOAD='(*,*)';
    'BBD_CGT_HI'<7>:
      PIN_NUMBER='(37)';
      INPUT_LOAD='(*,*)';
      OUTPUT_LOAD='(*,*)';
      OUTPUT_TYPE='(TS,TS)';
    'BBD_CGT_HI'<6>:
      PIN_NUMBER='(36)';
      INPUT_LOAD='(*,*)';
      OUTPUT_LOAD='(*,*)';
      OUTPUT_TYPE='(TS,TS)';
    'BBD_CGT_HI'<5>:
      PIN_NUMBER='(35)';
      INPUT_LOAD='(*,*)';
      OUTPUT_LOAD='(*,*)';
      OUTPUT_TYPE='(TS,TS)';
    'BBD_CGT_HI'<4>:
      PIN_NUMBER='(33)';
      INPUT_LOAD='(*,*)';
      OUTPUT_LOAD='(*,*)';
      OUTPUT_TYPE='(TS,TS)';
    'BBD_CGT_HI'<3>:
      PIN_NUMBER='(32)';
      INPUT_LOAD='(*,*)';
      OUTPUT_LOAD='(*,*)';
      OUTPUT_TYPE='(TS,TS)';
    'BBD_CGT_HI'<2>:
      PIN_NUMBER='(31)';
      INPUT_LOAD='(*,*)';
      OUTPUT_LOAD='(*,*)';
      OUTPUT_TYPE='(TS,TS)';
    'BBD_CGT_HI'<1>:
      PIN_NUMBER='(30)';
      INPUT_LOAD='(*,*)';
      OUTPUT_LOAD='(*,*)';
      OUTPUT_TYPE='(TS,TS)';
    'BBD_CGT_HI'<0>:
      PIN_NUMBER='(29)';
      INPUT_LOAD='(*,*)';
      OUTPUT_LOAD='(*,*)';
      OUTPUT_TYPE='(TS,TS)';
  end_pin;
  body 
    BODY_NAME='cgt24';
    PINCOUNT='44';
    JEDEC_TYPE='PLCC44';
    CLASS='IC';
    POWER_PINS='(VCC:12,34;GND:1,23)';
  end_body;
end_primitive;
END.
