temp/xxnedtmp6/event.log NEWFILE1
temp/xxnedtmp6/text.log NEWFILE2
temp/xxnedtmp6/environ.log NEWFILE3
G:\Cadence\SPB_16.3\share\cdssetup/concept/concepthdl.scr FILE4
.\cds.lib FILE5
G:\My Dropbox\SNO+\TUBii\SPB_Data\TUBII1\worklib\tubii\sch_1\page1.csb FILE6
G:\My Dropbox\SNO+\TUBii\SPB_Data\TUBII1\worklib\tubii\sch_1\page1_csb.lck NEWFILE7
temp/xxnedtmp6/undo1.log NEWFILE8
G:\My Dropbox\SNO+\TUBii\Parts\parts\misc\penn#20b#20size#20page\sym_1\symbol.css FILE9
G:\My Dropbox\SNO+\TUBii\Parts\parts\resistors\rsmd0805\sym_1\symbol.css FILE10
G:\My Dropbox\SNO+\TUBii\SPB_Data\TUBII1\worklib\ttl_progdelay\sym_1\symbol.css FILE11
G:\My Dropbox\SNO+\TUBii\SPB_Data\TUBII1\worklib\progdelay\sym_1\symbol.css FILE12
G:\My Dropbox\SNO+\TUBii\SPB_Data\TUBII1\worklib\ellie_comms\sym_1\symbol.css FILE13
G:\My Dropbox\SNO+\TUBii\SPB_Data\TUBII1\worklib\tubiigt\sym_1\symbol.css FILE14
G:\My Dropbox\SNO+\TUBii\SPB_Data\TUBII1\worklib\bursttrig\sym_1\symbol.css FILE15
G:\My Dropbox\SNO+\TUBii\SPB_Data\TUBII1\worklib\tubii_time\sym_1\symbol.css FILE16
G:\My Dropbox\SNO+\TUBii\SPB_Data\TUBII1\worklib\prescaletrig\sym_1\symbol.css FILE17
G:\My Dropbox\SNO+\TUBii\SPB_Data\TUBII1\worklib\lvds#2decl\sym_1\symbol.css FILE18
G:\My Dropbox\SNO+\TUBii\SPB_Data\TUBII1\worklib\ecl#2dlvds\sym_1\symbol.css FILE19
G:\My Dropbox\SNO+\TUBii\SPB_Data\TUBII1\worklib\ttl#2decl\sym_1\symbol.css FILE20
G:\My Dropbox\SNO+\TUBii\SPB_Data\TUBII1\worklib\ecl#2dttl\sym_1\symbol.css FILE21
G:\My Dropbox\SNO+\TUBii\SPB_Data\TUBII1\worklib\ecl#2dnim\sym_1\symbol.css FILE22
G:\My Dropbox\SNO+\TUBii\SPB_Data\TUBII1\worklib\nim#2decl\sym_1\symbol.css FILE23
G:\My Dropbox\SNO+\TUBii\SPB_Data\TUBII1\worklib\latchexttrig\sym_1\symbol.css FILE24
G:\My Dropbox\SNO+\TUBii\SPB_Data\TUBII1\worklib\powers\sym_1\symbol.css FILE25
G:\My Dropbox\SNO+\TUBii\SPB_Data\TUBII1\worklib\exttrig\sym_1\symbol.css FILE26
G:\My Dropbox\SNO+\TUBii\Parts\parts\ecl\10e116\sym_1\symbol.css FILE27
G:\My Dropbox\SNO+\TUBii\Parts\parts\misc\testpoint_l\sym_1\symbol.css FILE28
G:\My Dropbox\SNO+\TUBii\Parts\parts\misc\gnd\sym_1\symbol.css FILE29
G:\My Dropbox\SNO+\TUBii\Parts\parts\misc\ids_c10\sym_1\symbol.css FILE30
G:\My Dropbox\SNO+\TUBii\SPB_Data\TUBII1\worklib\caen_chat\sym_1\symbol.css FILE31
