FILE_TYPE=LIBRARY_PARTS;
TIME=' COMPILATION ON FRI MAR 31 15:31:51 1995  ';
primitive 'AD9020';
  pin
    'MIDREF':
      PIN_NUMBER='(1)';
      INPUT_LOAD='(-0.01,0.01)';
    'TQRREF':
      PIN_NUMBER='(7)';
      INPUT_LOAD='(-0.01,0.01)';
    'ANALOG IN':
      PIN_NUMBER='(8)';
      INPUT_LOAD='(-0.01,0.01)';
    'ANALOG IN2':
      PIN_NUMBER='(9)';
      INPUT_LOAD='(-0.01,0.01)';
    'VSENSE':
      PIN_NUMBER='(11)';
      INPUT_LOAD='(-0.01,0.01)';
    'VREF':
      PIN_NUMBER='(12)';
      INPUT_LOAD='(-0.01,0.01)';
    'ENCODE':
      PIN_NUMBER='(14)';
      INPUT_LOAD='(-0.01,0.01)';
    'D'<9>:
      PIN_NUMBER='(19)';
      OUTPUT_LOAD='(1.0,-1.0)';
    'D'<8>:
      PIN_NUMBER='(20)';
      OUTPUT_LOAD='(1.0,-1.0)';
    'D'<7>:
      PIN_NUMBER='(21)';
      OUTPUT_LOAD='(1.0,-1.0)';
    'D'<6>:
      PIN_NUMBER='(22)';
      OUTPUT_LOAD='(1.0,-1.0)';
    'D'<5>:
      PIN_NUMBER='(23)';
      OUTPUT_LOAD='(1.0,-1.0)';
    'D'<4>:
      PIN_NUMBER='(46)';
      OUTPUT_LOAD='(1.0,-1.0)';
    'D'<3>:
      PIN_NUMBER='(47)';
      OUTPUT_LOAD='(1.0,-1.0)';
    'D'<2>:
      PIN_NUMBER='(48)';
      OUTPUT_LOAD='(1.0,-1.0)';
    'D'<1>:
      PIN_NUMBER='(49)';
      OUTPUT_LOAD='(1.0,-1.0)';
    'D'<0>:
      PIN_NUMBER='(50)';
      OUTPUT_LOAD='(1.0,-1.0)';
    'OVERFLOW':
      PIN_NUMBER='(51)';
      OUTPUT_LOAD='(1.0,-1.0)';
    '-VREF':
      PIN_NUMBER='(56)';
      INPUT_LOAD='(-0.01,0.01)';
    '-VSENSE':
      PIN_NUMBER='(57)';
      INPUT_LOAD='(-0.01,0.01)';
    'LSBS INVERT':
      PIN_NUMBER='(59)';
      INPUT_LOAD='(-0.01,0.01)';
    'MSB INVERT':
      PIN_NUMBER='(61)';
      INPUT_LOAD='(-0.01,0.01)';
    'QRREF':
      PIN_NUMBER='(63)';
      INPUT_LOAD='(-0.01,0.01)';
  end_pin;
  body
    JEDEC_TYPE='PLCC68';
    POWER_PINS='(GND:4,5,13,17,27,31,32,36,38,39,43,53,66,67)';
    POWER_PINS='(VS:3,6,15,18,25,30,33,34,37,40,45,52,55,65,68)';
    POWER_PINS='(-VS:2,16,28,29,35,41,42,54,64)';
    POWER_PINS='(NC:10,24,26,44,58,60,62)';
  end_body;
end_primitive;
END.
