FILE_TYPE=LIBRARY_PARTS;
TIME=' COMPILATION ON THU FEB 10 19:32:04 1994  ';
primitive 'UPF1765';
  pin
    '-SEL1':
      PIN_NUMBER='(25)';
      OUTPUT_LOAD='(1.0,-1.0)';
    'RCP':
      PIN_NUMBER='(48)';
      INPUT_LOAD='(-0.01,0.01)';
    'CP':
      PIN_NUMBER='(29)';
      INPUT_LOAD='(-0.01,0.01)';
    'WG':
      PIN_NUMBER='(47)';
      OUTPUT_LOAD='(1.0,-1.0)';
    'GNT':
      PIN_NUMBER='(46)';
      OUTPUT_LOAD='(1.0,-1.0)';
    '-CASEN':
      PIN_NUMBER='(45)';
      OUTPUT_LOAD='(1.0,-1.0)';
    'DTACK':
      PIN_NUMBER='(44)';
      OUTPUT_LOAD='(1.0,-1.0)';
    '-RAS':
      PIN_NUMBER='(43)';
      OUTPUT_LOAD='(1.0,-1.0)';
    '-REQ2':
      PIN_NUMBER='(27)';
      INPUT_LOAD='(-0.01,0.01)';
    '-REQ1':
      PIN_NUMBER='(26)';
      INPUT_LOAD='(-0.01,0.01)';
    '-SEL2':
      PIN_NUMBER='(28)';
      OUTPUT_LOAD='(1.0,-1.0)';
    'CA3':
      PIN_NUMBER='(9)';
      INPUT_LOAD='(-0.01,0.01)';
    'MA0':
      PIN_NUMBER='(42)';
      OUTPUT_LOAD='(1.0,-1.0)';
    'MA1':
      PIN_NUMBER='(41)';
      OUTPUT_LOAD='(1.0,-1.0)';
    'MA3':
      PIN_NUMBER='(36)';
      OUTPUT_LOAD='(1.0,-1.0)';
    'MA2':
      PIN_NUMBER='(40)';
      OUTPUT_LOAD='(1.0,-1.0)';
    'MA4':
      PIN_NUMBER='(35)';
      OUTPUT_LOAD='(1.0,-1.0)';
    'MA6':
      PIN_NUMBER='(33)';
      OUTPUT_LOAD='(1.0,-1.0)';
    'MA5':
      PIN_NUMBER='(34)';
      OUTPUT_LOAD='(1.0,-1.0)';
    'MA8':
      PIN_NUMBER='(31)';
      OUTPUT_LOAD='(1.0,-1.0)';
    'MA7':
      PIN_NUMBER='(32)';
      OUTPUT_LOAD='(1.0,-1.0)';
    'MA9':
      PIN_NUMBER='(30)';
      OUTPUT_LOAD='(1.0,-1.0)';
    'CA2':
      PIN_NUMBER='(7)';
      INPUT_LOAD='(-0.01,0.01)';
    'CA1':
      PIN_NUMBER='(5)';
      INPUT_LOAD='(-0.01,0.01)';
    'CA0':
      PIN_NUMBER='(3)';
      INPUT_LOAD='(-0.01,0.01)';
    'CA4':
      PIN_NUMBER='(11)';
      INPUT_LOAD='(-0.01,0.01)';
    'CA7':
      PIN_NUMBER='(20)';
      INPUT_LOAD='(-0.01,0.01)';
    'CA6':
      PIN_NUMBER='(18)';
      INPUT_LOAD='(-0.01,0.01)';
    'CA5':
      PIN_NUMBER='(16)';
      INPUT_LOAD='(-0.01,0.01)';
    'CA8':
      PIN_NUMBER='(22)';
      INPUT_LOAD='(-0.01,0.01)';
    'CA9':
      PIN_NUMBER='(24)';
      INPUT_LOAD='(-0.01,0.01)';
    'RA0':
      PIN_NUMBER='(2)';
      INPUT_LOAD='(-0.01,0.01)';
    'RA1':
      PIN_NUMBER='(4)';
      INPUT_LOAD='(-0.01,0.01)';
    'RA2':
      PIN_NUMBER='(6)';
      INPUT_LOAD='(-0.01,0.01)';
    'RA3':
      PIN_NUMBER='(8)';
      INPUT_LOAD='(-0.01,0.01)';
    'RA4':
      PIN_NUMBER='(10)';
      INPUT_LOAD='(-0.01,0.01)';
    'RA5':
      PIN_NUMBER='(15)';
      INPUT_LOAD='(-0.01,0.01)';
    'RA6':
      PIN_NUMBER='(17)';
      INPUT_LOAD='(-0.01,0.01)';
    'RA7':
      PIN_NUMBER='(19)';
      INPUT_LOAD='(-0.01,0.01)';
    'RA8':
      PIN_NUMBER='(21)';
      INPUT_LOAD='(-0.01,0.01)';
    'RA9':
      PIN_NUMBER='(23)';
      INPUT_LOAD='(-0.01,0.01)';
  end_pin;
  body
    JEDEC_TYPE='DIP48_6';
    CLASS='IC';
    POWER_PINS='(VCC:12,13,14)';
    POWER_PINS='(GND:37,38,39)';
    NC_PINS='(1)';
  end_body;
end_primitive;
END.
