temp/xxnedtmp2/event.log NEWFILE1
temp/xxnedtmp2/text.log NEWFILE2
temp/xxnedtmp2/environ.log NEWFILE3
G:\Cadence\SPB_16.3\share\cdssetup/concept/concepthdl.scr FILE4
.\cds.lib FILE5
C:\Documents and Settings\GabrielOG\My Documents\My Dropbox\SNO+\TUBii\SPB_Data\TUB\sno_tub_uprev\worklib\tub\sch_1\page1.csb FILE6
C:\Documents and Settings\GabrielOG\My Documents\My Dropbox\SNO+\TUBii\SPB_Data\TUB\sno_tub_uprev\worklib\tub\sch_1\page1_csb.lck NEWFILE7
temp/xxnedtmp2/undo1.log NEWFILE8
G:\Cadence\SPB_16.3\share\library\standard\drawing\sym_1\symbol.css FILE9
C:\Documents and Settings\GabrielOG\My Documents\My Dropbox\SNO+\TUBii\SPB_Data\TUB\sno_tub_uprev\snolib\penn#20b#20size#20page\sym_1\symbol.css FILE10
G:\Cadence\SPB_16.3\share\library\standard\gnd\sym_1\symbol.css FILE11
G:\Cadence\SPB_16.3\share\library\standard\gnd_signal\sym_1\symbol.css FILE12
C:\Documents and Settings\GabrielOG\My Documents\My Dropbox\SNO+\TUBii\SPB_Data\TUB\sno_tub_uprev\snolib\testpoint_l\sym_1\symbol.css FILE13
C:\Documents and Settings\GabrielOG\My Documents\My Dropbox\SNO+\TUBii\SPB_Data\TUB\sno_tub_uprev\snolib\res_l\sym_1\symbol.css FILE14
C:\Documents and Settings\GabrielOG\My Documents\My Dropbox\SNO+\TUBii\Parts\parts\ecl\10h125\sym_1\symbol.css FILE15
C:\Documents and Settings\GabrielOG\My Documents\My Dropbox\SNO+\TUBii\SPB_Data\TUB\sno_tub_uprev\marklib\10e116\sym_1\symbol.css FILE16
C:\Documents and Settings\GabrielOG\My Documents\My Dropbox\SNO+\TUBii\SPB_Data\TUB\sno_tub_uprev\marklib\clock100\sym_1\symbol.css FILE17
C:\Documents and Settings\GabrielOG\My Documents\My Dropbox\SNO+\TUBii\SPB_Data\TUB\sno_tub_uprev\worklib\tub_spk\sym_1\symbol.css FILE18
C:\Documents and Settings\GabrielOG\My Documents\My Dropbox\SNO+\TUBii\SPB_Data\TUB\sno_tub_uprev\marklib\ids_c10\sym_1\symbol.css FILE19
C:\Documents and Settings\GabrielOG\My Documents\My Dropbox\SNO+\TUBii\SPB_Data\TUB\sno_tub_uprev\worklib\tub_ledfanout\sym_1\symbol.css FILE20
C:\Documents and Settings\GabrielOG\My Documents\My Dropbox\SNO+\TUBii\Parts\parts\ecl\10h124\sym_1\symbol.css FILE21
C:\Documents and Settings\GabrielOG\My Documents\My Dropbox\SNO+\TUBii\SPB_Data\TUB\sno_tub_uprev\snolib\cap_l\sym_1\symbol.css FILE22
C:\Documents and Settings\GabrielOG\My Documents\My Dropbox\SNO+\TUBii\SPB_Data\TUB\sno_tub_uprev\worklib\tub_power\sym_1\symbol.css FILE23
C:\Documents and Settings\GabrielOG\My Documents\My Dropbox\SNO+\TUBii\SPB_Data\TUB\sno_tub_uprev\worklib\tub_disc\sym_1\symbol.css FILE24
