Allegro Design Entry HDL 16.3-p006 (v16-3-85F) 11/10/2009
Copyright 2009 Cadence Design Systems, Inc

WARNING(SPCOCN-1474): You must specify a window that contains a drawing.
WARNING(SPCOCN-1474): You must specify a window that contains a drawing.
WARNING(SPCOCN-1474): You must specify a window that contains a drawing.
WARNING(SPCOCN-1474): You must specify a window that contains a drawing.
WARNING(SPCOCN-1474): You must specify a window that contains a drawing.
WARNING(SPCOCN-1474): You must specify a window that contains a drawing.
WARNING(SPCOCN-1474): You must specify a window that contains a drawing.
WARNING(SPCOCN-1474): You must specify a window that contains a drawing.
WARNING(SPCOCN-1474): You must specify a window that contains a drawing.
WARNING(SPCOCN-1474): You must specify a window that contains a drawing.
WARNING(SPCOCN-1474): You must specify a window that contains a drawing.
WARNING(SPCOCN-1474): You must specify a window that contains a drawing.
WARNING(SPCOCN-1474): You must specify a window that contains a drawing.
INFO(SPCOCN-1737): Reading .\cds.lib file.
ERROR(SPCOCN-1334): Library tub not found in cds.lib list.
ERROR(SPCOCN-1334): Library 54hcmos not found in cds.lib list.
ERROR(SPCOCN-1334): Library 10kh not found in cds.lib list.
WARNING(SPCOCN-1474): You must specify a window that contains a drawing.
INFO(SPCOCN-1445): Reading TUB.SCH.1.1 into drawing #1.
WARNING(SPCOCN-515): Design Name: <tub_lib>TUB.SCH.1.1


All the required libraries are not included in the cds.lib file. Make sure your project setup has all the necessary libraries. Exit Design Entry HDL and add the required libraries to the project using the Project Setup utility of Project Manager. The parts missing from the available libraries are: 
   HCT123.SYM.1.1
INFO(SPCOCN-195): The following file will be used to identify the list of modules to be excluded: 'G:\Cadence\SPB_16.3\share\cdssetup\xmodules.dat'.
