



    Cadence Design Systems, Inc.
    Packager-XL 16.6-p001 (v16-6-112A) WIN32 9/10/2012 12:00:00 IST
    (C) Copyright 1994, Cadence Design Systems, Inc.

    Run on Wed Oct 29 18:02:47 2014


 **********************************************
 *  Processing project file and command line  *
 **********************************************



    ANNOTATE  'BODY' 'PIN'
    COMP_DEF_PROP  'ALT_SYMBOLS' 'JEDEC_TYPE' 'NC_PINS' 'MERGE_NC_PINS'
                   'POWER_GROUP' 'POWER_PINS' 'MERGE_POWER_PINS' 'PINCOUNT'
    COMP_INST_PROP  'GROUP' 'ROOM' 'REUSE_INSTANCE' 'REUSE_ID' 'REUSE_NAME'
                    'SIGNAL_MODEL' 'DEFAULT_SIGNAL_MODEL'
                    'VOLT_TEMP_SIGNAL_MODEL' 'SYMBOL_EDITED'
                    'INCLUDE_IN_RF_TOPOLOGY' 'CDS_FSP_LIB_PART_MODEL'
                    'CDS_FSP_IS_FPGA' 'CDS_FSP_INSTANCE_NAME'
                    'CDS_FSP_INSTANCE_ID' 'NO_XNET_CONNECTION'
                    'EMBEDDED_PLACEMENT' 'ISRFELEMENT' 'RFELEMENTTYPE' 'RFLAYER'
                    'RFLAYER1' 'RFLAYER2' 'RFLAYER3' 'RFLAYER4' 'RFLAYER5'
                    'RFLAYER6' 'RFLAYER7' 'RFLAYER8' 'RFLAYER9' 'RFLAYER10'
                    'RFLAYER11' 'RFLAYER12' 'RFLAYER13' 'RFLAYER14' 'RFLAYER15'
                    'RFLAYER16' 'RFCOUPLINGMODE' 'RFFLIPMODE' 'RFANGLE'
                    'RFANGLE1' 'RFWIDTH' 'RFWIDTH1' 'RFWIDTH2' 'RFWIDTH3'
                    'RFWIDTH4' 'RFWIDTH5' 'RFWIDTH6' 'RFWIDTH7' 'RFWIDTH8'
                    'RFWIDTH9' 'RFWIDTH10' 'RFWIDTH11' 'RFWIDTH12' 'RFWIDTH13'
                    'RFWIDTH14' 'RFWIDTH15' 'RFWIDTH16' 'RFLENGTH' 'RFLENGTH1'
                    'RFLENGTH2' 'RFLENGTH3' 'RFLENGTH4' 'RFLENGTH5' 'RFLENGTH6'
                    'RFLENGTH7' 'RFLENGTH8' 'RFSPACING' 'RFSPACING1'
                    'RFSPACING2' 'RFSPACING3' 'RFSPACING4' 'RFSPACING5'
                    'RFSPACING6' 'RFSPACING7' 'RFSPACING8' 'RFSPACING9'
                    'RFSPACING10' 'RFSPACING11' 'RFSPACING12' 'RFSPACING13'
                    'RFSPACING14' 'RFSPACING15' 'RFOFFSETX' 'RFOFFSETY'
                    'RFRADIUS' 'RFDEPTH' 'RFFREQUENCY' 'RFMITERFRACTION'
                    'RFBENDMODE' 'RFNUMBERLEGS' 'RFNUMBERPAIRS' 'RFNUMBERTURNS'
                    'RFCAPACITANCE' 'RFRESISTANCE' 'RFINDUCTANCE'
                    'RFPADSTACKNAME' 'RFPADSSMNAME1' 'RFPADSSMNAME2'
                    'RFPADBEGINLAYER' 'RFPADENDLAYER' 'RFPADLINEWIDTH1'
                    'RFPADLINEWIDTH2' 'RFPADDIAMETER1' 'RFPADDIAMETER2'
                    'RFPADLENGTH1' 'RFPADLENGTH2' 'RFHOLEDIAMETER' 'RFPADANGLE'
                    'RFDRANAME' 'RFPADTYPE' 'RFUID' 'RFBLOCK' 'RFDCNET'
                    'RFGROUP'
    SUPPRESS_GLOBAL_SHORT_CHECK OFF
    DEBUG    0
    DEFAULT_PHYS_DES_PREFIX U
    FEEDBACK  'OFF'
    MAX_ERRORS 999
    NET_NAME_CHARS   @  -  !  #  %  &  (  )  *  .  /  :  ?  [  ]  ^  _  `  +
                     =  >  0  1  2  3  4  5  6  7  8  9
    NET_NAME_LENGTH 31
    NUM_OLD_VERSIONS 3
    OPTIMIZE OFF
    REUSE_REFDES ON
    OPF_OPTIMIZATION OFF
    HARD_LOC_SEC OFF
    FORCE_PTF_ENTRY OFF
    REGENERATE_PHYSICAL_NET_NAME OFF
    SCH_POWER_GROUP_WINS_OVER_PPT OFF
    NULL_OPT_VALID OFF
    USE_VECTOR_NOTATION ON
    FILTER_ECS_FROM_XNET ON
    OUTPUT  'ON'
    PACKAGE_PROP  'GROUP' 'ROOM'
    PART_TYPE_LENGTH 31
    REF_DES_LENGTH 31
    REPACKAGE OFF
    ELECTRICAL_CONSTRAINTS ON
    OVERWRITE_CONSTRAINTS OFF
    RUN_DIR ./worklib/tubii/packaged/
    STRICT_PACKAGE_PROP  'REUSE_INSTANCE'
    USE_LIBRARY_PPT ON
    USE_STATE ON
    WARNINGS ON
    LIBRARY  'tubii_lib' 'standard' '100e' '10k' '10kh' '54fct' 'capacitors'
             'diodes' 'ecl' 'fast' 'hcmos' 'misc' 'physparts' 'regulators'
             'resistors' 'transistors' 'ttl'
    CDSPROP_FILE 
    VIEW_PTF part_table
    VIEW_PACKAGER packaged
    VIEW_CONSTRAINTS sch_1
    DESIGN_LIBRARY tubii_lib
    DESIGN_NAME tubii
    VIEW_CONFIG_PHYSICAL cfg_package
    SD_SUFFIX_SEPARATOR _
    STOP_PST_GEN_ON_PTF_MISMATCH ON
    IGNORE_PRIM_BINDING OFF
    LOG_INST_PHYS_PATH ON
    ANNOTATE_VISIBLE_SEC OFF
    PTF_MISMATCH_EXCLUDE_INJ_PROP  'ALL'
    IMPORT_HFS_HARDSEC_ON_SWAP_PINS OFF
    ALLOW_PTFVALUE_INITIAL_BLANKS ON
    PRESERVE_UNSUBSTITUTED_MACROS OFF
    DETECT_SYS_NETSHORTS_PKG ON
    PROCESS_PIN_SHORT_PROP OFF
    STOP_PACKAGE_ON_SCHEMATIC_ERROR OFF
    LOCK_FILE_PERM 444
    LOCK_FOR_SAME_USER OFF
    ERROR_ON_MISMATCHED_INTERFACE ON
    RETAIN_ZERO_NODE_NETS OFF
    CACHE_ENABLED OFF
    CACHE_NAME cache
    PTF_NAME cache

 **************************************************************
 *  End processing project file and command line  (00:00:01)  *
 **************************************************************


Creating Configuration "cfg_package" for Design "tubii"

INFO(SPCODD-181): Loading C:\Cadence\SPB_16.6\share\cdssetup\cdsprop.tmf.
INFO(SPCODD-181): Loading C:\Cadence\SPB_16.6\share\cdssetup\cdsprop.paf.

 *********************************
 *  Loading the design database  *
 *********************************

INFO(SPCODD-181): Loading C:/Users/QGPWindowsVB/Downloads/orebi/Parts/parts/re~
sistors/rsmd0805/part_table/part.ptf.
INFO(SPCODD-181): Loading C:/Users/QGPWindowsVB/Downloads/orebi/Parts/parts/ca~
pacitors/csmd0805/part_table/part.ptf.
INFO(SPCODD-181): Loading C:/Users/QGPWindowsVB/Downloads/orebi/Parts/parts/mi~
sc/led_1206/part_table/part.ptf.
INFO(SPCODD-181): Loading C:/Users/QGPWindowsVB/Downloads/orebi/Parts/parts/ca~
pacitors/csmd0603/part_table/part.ptf.
INFO(SPCODD-181): Loading C:/Users/QGPWindowsVB/Downloads/orebi/Parts/parts/ca~
pacitors/tant0805/part_table/part.ptf.
Conflicts found in properties. Please refer to pstprop.dat file


 *************************
 *  Loading State Files  *
 *************************

Loading ./worklib/tubii/packaged/pxl.state. 

 *****************************************
 *  End loading State Files  (00:00:00)  *
 *****************************************


 ****************************************
 *  Starting to assign physical parts.  *
 ****************************************


 ***********************************************
 *  End assigning physical parts.  (00:00:00)  *
 ***********************************************


 ***************
 *  Packaging  *
 ***************

 #1   ERROR(SPCODD-5): Pin 'Y*<0>' on the following primitive instance cannot ~
be packaged in package of type '10H124'.
        Primitive Instance: @TUBII_LIB.TUBII(SCH_1):PAGE1_I1@TUBII_LIB.TRIGGER~
_UTILITY_BOARD_MKII(SCH_1):PAGE1_I15@TUBII_LIB.CLOCKS(SCH_1):PAGE1_I2@TUBII_LI~
B.TUBII_TIME(SCH_1):PAGE1_I151@ECL.10H124(CHIPS)
        Physical Path: @tubii_lib.tubii(sch_1):page2_i1@tubii_lib.trigger_util~
ity_board_mkii(sch_1):page1_i15@tubii_lib.clocks(sch_1):page1_i2@tubii_lib.tub~
ii_time(sch_1):page1_i151@ecl.\10h124\(chips)
        No description of the logical pin being used by a primitive instance c~
ould be found in the chips.prt file.
        Ensure that the chips.prt file for the part contains a description of ~
the pin.
 #2   ERROR(SPCODD-5): Pin 'Y*<0>' on the following primitive instance cannot ~
be packaged in package of type '10H124_PLCC'.
        Primitive Instance: @TUBII_LIB.TUBII(SCH_1):PAGE1_I1@TUBII_LIB.TRIGGER~
_UTILITY_BOARD_MKII(SCH_1):PAGE1_I15@TUBII_LIB.CLOCKS(SCH_1):PAGE1_I2@TUBII_LI~
B.TUBII_TIME(SCH_1):PAGE1_I174@ECL.10H124(CHIPS)
        Physical Path: @tubii_lib.tubii(sch_1):page2_i1@tubii_lib.trigger_util~
ity_board_mkii(sch_1):page1_i15@tubii_lib.clocks(sch_1):page1_i2@tubii_lib.tub~
ii_time(sch_1):page1_i174@ecl.\10h124\(chips)
        No description of the logical pin being used by a primitive instance c~
ould be found in the chips.prt file.
        Ensure that the chips.prt file for the part contains a description of ~
the pin.
 #3   ERROR(SPCODD-5): Pin 'Y*<0>' on the following primitive instance cannot ~
be packaged in package of type '10H124_PLCC'.
        Primitive Instance: @TUBII_LIB.TUBII(SCH_1):PAGE1_I1@TUBII_LIB.TRIGGER~
_UTILITY_BOARD_MKII(SCH_1):PAGE1_I15@TUBII_LIB.CLOCKS(SCH_1):PAGE1_I2@TUBII_LI~
B.TUBII_TIME(SCH_1):PAGE1_I175@ECL.10H124(CHIPS)
        Physical Path: @tubii_lib.tubii(sch_1):page2_i1@tubii_lib.trigger_util~
ity_board_mkii(sch_1):page1_i15@tubii_lib.clocks(sch_1):page1_i2@tubii_lib.tub~
ii_time(sch_1):page1_i175@ecl.\10h124\(chips)
        No description of the logical pin being used by a primitive instance c~
ould be found in the chips.prt file.
        Ensure that the chips.prt file for the part contains a description of ~
the pin.
 #4   ERROR(SPCODD-5): Pin 'Y*<0>' on the following primitive instance cannot ~
be packaged in package of type '10H124_PLCC'.
        Primitive Instance: @TUBII_LIB.TUBII(SCH_1):PAGE1_I1@TUBII_LIB.TRIGGER~
_UTILITY_BOARD_MKII(SCH_1):PAGE1_I15@TUBII_LIB.CLOCKS(SCH_1):PAGE1_I2@TUBII_LI~
B.TUBII_TIME(SCH_1):PAGE1_I176@ECL.10H124(CHIPS)
        Physical Path: @tubii_lib.tubii(sch_1):page2_i1@tubii_lib.trigger_util~
ity_board_mkii(sch_1):page1_i15@tubii_lib.clocks(sch_1):page1_i2@tubii_lib.tub~
ii_time(sch_1):page1_i176@ecl.\10h124\(chips)
        No description of the logical pin being used by a primitive instance c~
ould be found in the chips.prt file.
        Ensure that the chips.prt file for the part contains a description of ~
the pin.
 #5   ERROR(SPCODD-5): Pin 'Y*<0>' on the following primitive instance cannot ~
be packaged in package of type '10H124_PLCC'.
        Primitive Instance: @TUBII_LIB.TUBII(SCH_1):PAGE1_I1@TUBII_LIB.TRIGGER~
_UTILITY_BOARD_MKII(SCH_1):PAGE1_I15@TUBII_LIB.CLOCKS(SCH_1):PAGE1_I2@TUBII_LI~
B.TUBII_TIME(SCH_1):PAGE1_I177@ECL.10H124(CHIPS)
        Physical Path: @tubii_lib.tubii(sch_1):page2_i1@tubii_lib.trigger_util~
ity_board_mkii(sch_1):page1_i15@tubii_lib.clocks(sch_1):page1_i2@tubii_lib.tub~
ii_time(sch_1):page1_i177@ecl.\10h124\(chips)
        No description of the logical pin being used by a primitive instance c~
ould be found in the chips.prt file.
        Ensure that the chips.prt file for the part contains a description of ~
the pin.
 #6   ERROR(SPCODD-5): Pin 'Y*<0>' on the following primitive instance cannot ~
be packaged in package of type '10H124_PLCC'.
        Primitive Instance: @TUBII_LIB.TUBII(SCH_1):PAGE1_I1@TUBII_LIB.TRIGGER~
_UTILITY_BOARD_MKII(SCH_1):PAGE1_I15@TUBII_LIB.CLOCKS(SCH_1):PAGE1_I2@TUBII_LI~
B.TUBII_TIME(SCH_1):PAGE1_I178@ECL.10H124(CHIPS)
        Physical Path: @tubii_lib.tubii(sch_1):page2_i1@tubii_lib.trigger_util~
ity_board_mkii(sch_1):page1_i15@tubii_lib.clocks(sch_1):page1_i2@tubii_lib.tub~
ii_time(sch_1):page1_i178@ecl.\10h124\(chips)
        No description of the logical pin being used by a primitive instance c~
ould be found in the chips.prt file.
        Ensure that the chips.prt file for the part contains a description of ~
the pin.
 #7   ERROR(SPCODD-5): Pin 'Y*<0>' on the following primitive instance cannot ~
be packaged in package of type '10H124_PLCC'.
        Primitive Instance: @TUBII_LIB.TUBII(SCH_1):PAGE1_I1@TUBII_LIB.TRIGGER~
_UTILITY_BOARD_MKII(SCH_1):PAGE1_I15@TUBII_LIB.CLOCKS(SCH_1):PAGE1_I2@TUBII_LI~
B.TUBII_TIME(SCH_1):PAGE1_I179@ECL.10H124(CHIPS)
        Physical Path: @tubii_lib.tubii(sch_1):page2_i1@tubii_lib.trigger_util~
ity_board_mkii(sch_1):page1_i15@tubii_lib.clocks(sch_1):page1_i2@tubii_lib.tub~
ii_time(sch_1):page1_i179@ecl.\10h124\(chips)
        No description of the logical pin being used by a primitive instance c~
ould be found in the chips.prt file.
        Ensure that the chips.prt file for the part contains a description of ~
the pin.
 #8   ERROR(SPCODD-5): Pin 'Y*<0>' on the following primitive instance cannot ~
be packaged in package of type '10H124_PLCC'.
        Primitive Instance: @TUBII_LIB.TUBII(SCH_1):PAGE1_I1@TUBII_LIB.TRIGGER~
_UTILITY_BOARD_MKII(SCH_1):PAGE1_I15@TUBII_LIB.CLOCKS(SCH_1):PAGE1_I2@TUBII_LI~
B.TUBII_TIME(SCH_1):PAGE1_I180@ECL.10H124(CHIPS)
        Physical Path: @tubii_lib.tubii(sch_1):page2_i1@tubii_lib.trigger_util~
ity_board_mkii(sch_1):page1_i15@tubii_lib.clocks(sch_1):page1_i2@tubii_lib.tub~
ii_time(sch_1):page1_i180@ecl.\10h124\(chips)
        No description of the logical pin being used by a primitive instance c~
ould be found in the chips.prt file.
        Ensure that the chips.prt file for the part contains a description of ~
the pin.
 #9   ERROR(SPCODD-5): Pin 'Y*<0>' on the following primitive instance cannot ~
be packaged in package of type '10H124_PLCC'.
        Primitive Instance: @TUBII_LIB.TUBII(SCH_1):PAGE1_I1@TUBII_LIB.TRIGGER~
_UTILITY_BOARD_MKII(SCH_1):PAGE1_I15@TUBII_LIB.CLOCKS(SCH_1):PAGE1_I2@TUBII_LI~
B.TUBII_TIME(SCH_1):PAGE1_I181@ECL.10H124(CHIPS)
        Physical Path: @tubii_lib.tubii(sch_1):page2_i1@tubii_lib.trigger_util~
ity_board_mkii(sch_1):page1_i15@tubii_lib.clocks(sch_1):page1_i2@tubii_lib.tub~
ii_time(sch_1):page1_i181@ecl.\10h124\(chips)
        No description of the logical pin being used by a primitive instance c~
ould be found in the chips.prt file.
        Ensure that the chips.prt file for the part contains a description of ~
the pin.
 #10  ERROR(SPCODD-5): Pin 'C' on the following primitive instance cannot be p~
ackaged in package of type '10H124'.
        Primitive Instance: @TUBII_LIB.TUBII(SCH_1):PAGE1_I2@TUBII_LIB.PORTS(S~
CH_1):PAGE1_I154@TUBII_LIB.GENERIC_UTILITIES_PORTS(SCH_1):PAGE1_I13@ECL.10H124~
(CHIPS)
        Physical Path: @tubii_lib.tubii(sch_1):page2_i2@tubii_lib.ports(sch_1)~
:page1_i154@tubii_lib.generic_utilities_ports(sch_1):page1_i13@ecl.\10h124\(ch~
ips)
        No description of the logical pin being used by a primitive instance c~
ould be found in the chips.prt file.
        Ensure that the chips.prt file for the part contains a description of ~
the pin.
 #11  ERROR(SPCODD-5): Pin 'C' on the following primitive instance cannot be p~
ackaged in package of type '10H124'.
        Primitive Instance: @TUBII_LIB.TUBII(SCH_1):PAGE1_I2@TUBII_LIB.PORTS(S~
CH_1):PAGE1_I154@TUBII_LIB.GENERIC_UTILITIES_PORTS(SCH_1):PAGE1_I26@ECL.10H124~
(CHIPS)
        Physical Path: @tubii_lib.tubii(sch_1):page2_i2@tubii_lib.ports(sch_1)~
:page1_i154@tubii_lib.generic_utilities_ports(sch_1):page1_i26@ecl.\10h124\(ch~
ips)
        No description of the logical pin being used by a primitive instance c~
ould be found in the chips.prt file.
        Ensure that the chips.prt file for the part contains a description of ~
the pin.
 #12  ERROR(SPCODD-5): Pin 'C' on the following primitive instance cannot be p~
ackaged in package of type '10H124'.
        Primitive Instance: @TUBII_LIB.TUBII(SCH_1):PAGE1_I2@TUBII_LIB.PORTS(S~
CH_1):PAGE1_I154@TUBII_LIB.GENERIC_UTILITIES_PORTS(SCH_1):PAGE1_I27@ECL.10H124~
(CHIPS)
        Physical Path: @tubii_lib.tubii(sch_1):page2_i2@tubii_lib.ports(sch_1)~
:page1_i154@tubii_lib.generic_utilities_ports(sch_1):page1_i27@ecl.\10h124\(ch~
ips)
        No description of the logical pin being used by a primitive instance c~
ould be found in the chips.prt file.
        Ensure that the chips.prt file for the part contains a description of ~
the pin.
 #13  ERROR(SPCODD-5): Pin 'Y*<0>' on the following primitive instance cannot ~
be packaged in package of type '10H124'.
        Primitive Instance: @TUBII_LIB.TUBII(SCH_1):PAGE1_I1@TUBII_LIB.TRIGGER~
_UTILITY_BOARD_MKII(SCH_1):PAGE1_I13@TUBII_LIB.COMPARATORS(SCH_1):PAGE1_I1@TUB~
II_LIB.FASTCOMP(SCH_1):PAGE1_I21@ECL.10H124(CHIPS)
        Physical Path: @tubii_lib.tubii(sch_1):page2_i1@tubii_lib.trigger_util~
ity_board_mkii(sch_1):page1_i13@tubii_lib.comparators(sch_1):page1_i1@tubii_li~
b.fastcomp(sch_1):page1_i21@ecl.\10h124\(chips)
        No description of the logical pin being used by a primitive instance c~
ould be found in the chips.prt file.
        Ensure that the chips.prt file for the part contains a description of ~
the pin.
 #14  ERROR(SPCODD-5): Pin 'Y*<0>' on the following primitive instance cannot ~
be packaged in package of type '10H124'.
        Primitive Instance: @TUBII_LIB.TUBII(SCH_1):PAGE1_I1@TUBII_LIB.TRIGGER~
_UTILITY_BOARD_MKII(SCH_1):PAGE1_I13@TUBII_LIB.COMPARATORS(SCH_1):PAGE1_I2@TUB~
II_LIB.TUNCOMP(SCH_1):PAGE1_I69@ECL.10H124(CHIPS)
        Physical Path: @tubii_lib.tubii(sch_1):page2_i1@tubii_lib.trigger_util~
ity_board_mkii(sch_1):page1_i13@tubii_lib.comparators(sch_1):page1_i2@tubii_li~
b.tuncomp(sch_1):page1_i69@ecl.\10h124\(chips)
        No description of the logical pin being used by a primitive instance c~
ould be found in the chips.prt file.
        Ensure that the chips.prt file for the part contains a description of ~
the pin.
 #15  ERROR(SPCODD-5): Pin 'Y*<0>' on the following primitive instance cannot ~
be packaged in package of type '10H124'.
        Primitive Instance: @TUBII_LIB.TUBII(SCH_1):PAGE1_I1@TUBII_LIB.TRIGGER~
_UTILITY_BOARD_MKII(SCH_1):PAGE1_I15@TUBII_LIB.CLOCKS(SCH_1):PAGE1_I2@TUBII_LI~
B.TUBII_TIME(SCH_1):PAGE1_I57@ECL.10H124(CHIPS)
        Physical Path: @tubii_lib.tubii(sch_1):page2_i1@tubii_lib.trigger_util~
ity_board_mkii(sch_1):page1_i15@tubii_lib.clocks(sch_1):page1_i2@tubii_lib.tub~
ii_time(sch_1):page1_i57@ecl.\10h124\(chips)
        No description of the logical pin being used by a primitive instance c~
ould be found in the chips.prt file.
        Ensure that the chips.prt file for the part contains a description of ~
the pin.
 #16  ERROR(SPCODD-5): Pin 'Y*<0>' on the following primitive instance cannot ~
be packaged in package of type '10H124'.
        Primitive Instance: @TUBII_LIB.TUBII(SCH_1):PAGE1_I1@TUBII_LIB.TRIGGER~
_UTILITY_BOARD_MKII(SCH_1):PAGE1_I15@TUBII_LIB.CLOCKS(SCH_1):PAGE1_I2@TUBII_LI~
B.TUBII_TIME(SCH_1):PAGE1_I124@ECL.10H124(CHIPS)
        Physical Path: @tubii_lib.tubii(sch_1):page2_i1@tubii_lib.trigger_util~
ity_board_mkii(sch_1):page1_i15@tubii_lib.clocks(sch_1):page1_i2@tubii_lib.tub~
ii_time(sch_1):page1_i124@ecl.\10h124\(chips)
        No description of the logical pin being used by a primitive instance c~
ould be found in the chips.prt file.
        Ensure that the chips.prt file for the part contains a description of ~
the pin.
 #17  ERROR(SPCODD-5): Pin 'Y*<0>' on the following primitive instance cannot ~
be packaged in package of type '10H124'.
        Primitive Instance: @TUBII_LIB.TUBII(SCH_1):PAGE1_I2@TUBII_LIB.PORTS(S~
CH_1):PAGE1_I151@TUBII_LIB.TRANSLATORS(SCH_1):PAGE1_I7@TUBII_LIB.TTL-ECL(SCH_1~
):PAGE1_I5@ECL.10H124(CHIPS)
        Physical Path: @tubii_lib.tubii(sch_1):page2_i2@tubii_lib.ports(sch_1)~
:page1_i151@tubii_lib.translators(sch_1):page1_i7@tubii_lib.\ttl-ecl\(sch_1):p~
age1_i5@ecl.\10h124\(chips)
        No description of the logical pin being used by a primitive instance c~
ould be found in the chips.prt file.
        Ensure that the chips.prt file for the part contains a description of ~
the pin.
INFO(SPCOPK-1441): 17 errors detected
INFO(SPCOPK-1444): No warnings detected
INFO(SPCOPK-1448): Use Tools->Markers->Packager in ConceptHDL to highlight ins~
tances for the errors/warnings reported.
    Start time   18:02:46
    End time     18:03:41
    Elapsed time  0:00:55

 **************************************************
 *  FATAL ERROR PackagerXL exiting with status 2  *
 **************************************************

