FILE_TYPE=LIBRARY_PARTS;
TIME=' COMPILATION ON SUN JUN 30 18:27:24 1996  ';
primitive '10H601';
  pin
    'Q2':
      PIN_NUMBER='(1)';
      OUTPUT_LOAD='(1.00,-1.00)';
    'Q1':
      PIN_NUMBER='(3)';
      OUTPUT_LOAD='(1.00,-1.00)';
    'Q0':
      PIN_NUMBER='(4)';
      OUTPUT_LOAD='(1.00,-1.00)';
    '-OETTL':
      PIN_NUMBER='(5)';
      INPUT_LOAD='(-0.01,0.01)';
    '-OEECL':
      PIN_NUMBER='(7)';
      INPUT_LOAD='(-0.01,0.01)';
    'D0':
      PIN_NUMBER='(9)';
      INPUT_LOAD='(-0.01,0.01)';
    'D1':
      PIN_NUMBER='(10)';
      INPUT_LOAD='(-0.01,0.01)';
    'D2':
      PIN_NUMBER='(11)';
      INPUT_LOAD='(-0.01,0.01)';
    'D3':
      PIN_NUMBER='(12)';
      INPUT_LOAD='(-0.01,0.01)';
    'D4':
      PIN_NUMBER='(13)';
      INPUT_LOAD='(-0.01,0.01)';
    'D5':
      PIN_NUMBER='(14)';
      INPUT_LOAD='(-0.01,0.01)';
    'D6':
      PIN_NUMBER='(15)';
      INPUT_LOAD='(-0.01,0.01)';
    'D7':
      PIN_NUMBER='(17)';
      INPUT_LOAD='(-0.01,0.01)';
    'D8':
      PIN_NUMBER='(18)';
      INPUT_LOAD='(-0.01,0.01)';
    'Q8':
      PIN_NUMBER='(19)';
      OUTPUT_LOAD='(1.00,-1.00)';
    'Q7':
      PIN_NUMBER='(20)';
      OUTPUT_LOAD='(1.00,-1.00)';
    'Q6':
      PIN_NUMBER='(22)';
      OUTPUT_LOAD='(1.00,-1.00)';
    'Q5':
      PIN_NUMBER='(25)';
      OUTPUT_LOAD='(1.00,-1.00)';
    'Q4':
      PIN_NUMBER='(26)';
      OUTPUT_LOAD='(1.00,-1.00)';
    'Q3':
      PIN_NUMBER='(27)';
      OUTPUT_LOAD='(1.00,-1.00)';
  end_pin;
  body
    JEDEC_TYPE='PLCC28';
    POWER_PINS='(GND:2)';
    POWER_PINS='(NC:6)';
    POWER_PINS='(VEE:8)';
    POWER_PINS='(GND:16)';
    POWER_PINS='(GND:21)';
    POWER_PINS='(VCC:23)';
    POWER_PINS='(GND:24)';
    POWER_PINS='(VCC:28)';
  end_body;
end_primitive;
END.
