FILE_TYPE=LIBRARY_PARTS;
PRIMITIVE 'LT1185';
  PIN
    'GROUND':
	  PIN_NUMBER='(1)';
    'FB':
	  PIN_NUMBER='(2)';
    'VIN':
	  PIN_NUMBER='(3)';
    'VOUT':
	  PIN_NUMBER='(4)';
    'REF':
	  PIN_NUMBER='(5)';
  END_PIN;
  BODY
    LAST_MODIFIED='Fri May 22 15:20:13 PDT 1992';
    ABBREV='LT1185';
    NEEDS_NO_SIZE='TRUE';
    PHYS_DES_PREFIX='Q';
    CLASS='DISCRETE';
    JEDEC_TYPE='TO220T_5';
    LEADOUT_STYLE='TO220T_5';
    NC_PINS='(6)';
    PINCOUNT='6';
  END_BODY;
END_PRIMITIVE;
END.
