FILE_TYPE=LIBRARY_PARTS;
TIME=' COMPILATION ON WED DEC  6 10:59:32 1995';
primitive 'BREGST';
  pin
    '-PWRDWN':
      PIN_NUMBER='(12)';
      INPUT_LOAD='(*,*)';
    '-RDATA':
      PIN_NUMBER='(31)';
      OUTPUT_LOAD='(*,*)';
    'RTRIG':
      PIN_NUMBER='(32)';
      INPUT_LOAD='(*,*)';
    '-RESET':
      PIN_NUMBER='(54)';
      INPUT_LOAD='(*,*)';
    '-PROGRAM':
      PIN_NUMBER='(55)';
      INPUT_LOAD='(*,*)';
    'CCLK':
      PIN_NUMBER='(74)';
      INPUT_LOAD='(*,*)';
    'BTESTMODE1':
      PIN_NUMBER='(17)';
      INPUT_LOAD='(*,*)';
    'BSQREG_SEL'<2>:
      PIN_NUMBER='(11)';
      OUTPUT_LOAD='(*,*)';
    'BSQREG_SEL'<1>:
      PIN_NUMBER='(75)';
      OUTPUT_LOAD='(*,*)';
    'BSQREG_SEL'<0>:
      PIN_NUMBER='(53)';
      OUTPUT_LOAD='(*,*)';
    'BSQCREG_REQ':
      PIN_NUMBER='(18)';
      OUTPUT_LOAD='(*,*)';
    'BSBSELECT':
      PIN_NUMBER='(27)';
      INPUT_LOAD='(*,*)';
    '-BSBREAD':
      PIN_NUMBER='(28)';
      INPUT_LOAD='(*,*)';
    '-BREG32_63_WR':
      PIN_NUMBER='(26)';
      OUTPUT_LOAD='(*,*)';
    '-BREG32_63_RD':
      PIN_NUMBER='(35)';
      OUTPUT_LOAD='(*,*)';
    'BREGSPACE':
      PIN_NUMBER='(29)';
      INPUT_LOAD='(*,*)';
    'BREG_WR-'<15>:
      PIN_NUMBER='(25)';
      OUTPUT_LOAD='(*,*)';
    'BREG_WR-'<14>:
      PIN_NUMBER='(40)';
      OUTPUT_LOAD='(*,*)';
    'BREG_WR-'<13>:
      PIN_NUMBER='(68)';
      OUTPUT_LOAD='(*,*)';
    'BREG_WR-'<12>:
      PIN_NUMBER='(83)';
      OUTPUT_LOAD='(*,*)';
    'BREG_WR-'<11>:
      PIN_NUMBER='(77)';
      OUTPUT_LOAD='(*,*)';
    'BREG_WR-'<10>:
      PIN_NUMBER='(48)';
      OUTPUT_LOAD='(*,*)';
    'BREG_WR-'<9>:
      PIN_NUMBER='(59)';
      OUTPUT_LOAD='(*,*)';
    'BREG_WR-'<8>:
      PIN_NUMBER='(70)';
      OUTPUT_LOAD='(*,*)';
    'BREG_WR-'<7>:
      PIN_NUMBER='(81)';
      OUTPUT_LOAD='(*,*)';
    'BREG_WR-'<6>:
      PIN_NUMBER='(61)';
      OUTPUT_LOAD='(*,*)';
    'BREG_WR-'<5>:
      PIN_NUMBER='(67)';
      OUTPUT_LOAD='(*,*)';
    'BREG_WR-'<4>:
      PIN_NUMBER='(56)';
      OUTPUT_LOAD='(*,*)';
    'BREG_WR-'<3>:
      PIN_NUMBER='(42)';
      OUTPUT_LOAD='(*,*)';
    'BREG_WR-'<2>:
      PIN_NUMBER='(30)';
      OUTPUT_LOAD='(*,*)';
    'BREG_WR-'<1>:
      PIN_NUMBER='(78)';
      OUTPUT_LOAD='(*,*)';
    'BREG_WR-'<0>:
      PIN_NUMBER='(62)';
      OUTPUT_LOAD='(*,*)';
    'BREG_RD-'<15>:
      PIN_NUMBER='(39)';
      OUTPUT_LOAD='(*,*)';
    'BREG_RD-'<14>:
      PIN_NUMBER='(46)';
      OUTPUT_LOAD='(*,*)';
    'BREG_RD-'<13>:
      PIN_NUMBER='(60)';
      OUTPUT_LOAD='(*,*)';
    'BREG_RD-'<12>:
      PIN_NUMBER='(49)';
      OUTPUT_LOAD='(*,*)';
    'BREG_RD-'<11>:
      PIN_NUMBER='(45)';
      OUTPUT_LOAD='(*,*)';
    'BREG_RD-'<10>:
      PIN_NUMBER='(47)';
      OUTPUT_LOAD='(*,*)';
    'BREG_RD-'<9>:
      PIN_NUMBER='(9)';
      OUTPUT_LOAD='(*,*)';
    'BREG_RD-'<8>:
      PIN_NUMBER='(52)';
      OUTPUT_LOAD='(*,*)';
    'BREG_RD-'<7>:
      PIN_NUMBER='(4)';
      OUTPUT_LOAD='(*,*)';
    'BREG_RD-'<6>:
      PIN_NUMBER='(66)';
      OUTPUT_LOAD='(*,*)';
    'BREG_RD-'<5>:
      PIN_NUMBER='(71)';
      OUTPUT_LOAD='(*,*)';
    'BREG_RD-'<4>:
      PIN_NUMBER='(58)';
      OUTPUT_LOAD='(*,*)';
    'BREG_RD-'<3>:
      PIN_NUMBER='(84)';
      OUTPUT_LOAD='(*,*)';
    'BREG_RD-'<2>:
      PIN_NUMBER='(15)';
      OUTPUT_LOAD='(*,*)';
    'BREG_RD-'<1>:
      PIN_NUMBER='(2)';
      OUTPUT_LOAD='(*,*)';
    'BREG_RD-'<0>:
      PIN_NUMBER='(44)';
      OUTPUT_LOAD='(*,*)';
    'BM2':
      PIN_NUMBER='(33)';
      OUTPUT_LOAD='(*,*)';
    '-BFIFOREG_WR':
      PIN_NUMBER='(34)';
      OUTPUT_LOAD='(*,*)';
    'BFIFOREG_SEL'<1>:
      PIN_NUMBER='(8)';
      OUTPUT_LOAD='(*,*)';
    'BFIFOREG_SEL'<0>:
      PIN_NUMBER='(16)';
      OUTPUT_LOAD='(*,*)';
    '-BFIFOREG_RD':
      PIN_NUMBER='(36)';
      OUTPUT_LOAD='(*,*)';
    '-BDTACK_REQ':
      PIN_NUMBER='(65)';
      OUTPUT_LOAD='(*,*)';
    'BDOUT':
      PIN_NUMBER='(73)';
      OUTPUT_LOAD='(*,*)';
    'BDIN':
      PIN_NUMBER='(72)';
      INPUT_LOAD='(*,*)';
    '-BCREG_REG':
      PIN_NUMBER='(19)';
      OUTPUT_LOAD='(*,*)';
    'BA'<10>:
      PIN_NUMBER='(21)';
      INPUT_LOAD='(*,*)';
    'BA'<9>:
      PIN_NUMBER='(23)';
      INPUT_LOAD='(*,*)';
    'BA'<8>:
      PIN_NUMBER='(24)';
      INPUT_LOAD='(*,*)';
    'BA'<7>:
      PIN_NUMBER='(20)';
      INPUT_LOAD='(*,*)';
    'BA'<6>:
      PIN_NUMBER='(13)';
      INPUT_LOAD='(*,*)';
    'BA'<5>:
      PIN_NUMBER='(57)';
      INPUT_LOAD='(*,*)';
    'BA'<4>:
      PIN_NUMBER='(3)';
      INPUT_LOAD='(*,*)';
    'BA'<3>:
      PIN_NUMBER='(5)';
      INPUT_LOAD='(*,*)';
    'BA'<2>:
      PIN_NUMBER='(10)';
      INPUT_LOAD='(*,*)';
  end_pin;
  body 
    BODY_NAME='bregst';
    PINCOUNT='84';
    JEDEC_TYPE='PLCC84';
    CLASS='IC';
    NC_PINS='(6,7,14,37,38,41,50,51,63,69,76,79,80,82)';
    POWER_PINS='(VCC:22,64;GND:1,43)';
  end_body;
end_primitive;
END.
