Allegro Design Entry HDL 16.6-p007 (v16-6-112F) 10/10/2012
Copyright 2011 Cadence Design Systems, Inc

WARNING(SPCOCN-1474): You must specify a window that contains a drawing.
WARNING(SPCOCN-1474): You must specify a window that contains a drawing.
WARNING(SPCOCN-1474): You must specify a window that contains a drawing.
WARNING(SPCOCN-1474): You must specify a window that contains a drawing.
WARNING(SPCOCN-1474): You must specify a window that contains a drawing.
WARNING(SPCOCN-1474): You must specify a window that contains a drawing.
WARNING(SPCOCN-1474): You must specify a window that contains a drawing.
WARNING(SPCOCN-2040): Specify the command "page forcereset all" to reset logical page numbers of all pages of this block.
WARNING(SPCOCN-1523): Invalid set option: <search_history_count>
INFO(SPCOCN-1177): Unexpected text: <5>
WARNING(SPCOCN-1523): Invalid set option: <search_history>
INFO(SPCOCN-1177): Unexpected text: <100EL34/>
WARNING(SPCOCN-1523): Invalid set option: <search_toolbar_lookin>
INFO(SPCOCN-1177): Unexpected text: <PAGE>
WARNING(SPCOCN-1523): Invalid set option: <modify_quick_reset_filters>
INFO(SPCOCN-1177): Unexpected text: <OFF>
WARNING(SPCOCN-1523): Invalid set option: <hss_distribute_ports_count>
INFO(SPCOCN-1177): Unexpected text: <25>
WARNING(SPCOCN-1523): Invalid set option: <hss_distribute_port_pattern>
WARNING(SPCOCN-1523): Invalid set option: <hss_distribute_property_name>
WARNING(SPCOCN-1474): You must specify a window that contains a drawing.
WARNING(SPCOCN-1474): You must specify a window that contains a drawing.
WARNING(SPCOCN-1474): You must specify a window that contains a drawing.
WARNING(SPCOCN-1474): You must specify a window that contains a drawing.
WARNING(SPCOCN-1474): You must specify a window that contains a drawing.
WARNING(SPCOCN-1474): You must specify a window that contains a drawing.
INFO(SPCOCN-1737): Reading C:\Users\QGPWindowsVB\Downloads\orebi\SPB_Data\TUBII2\cds.lib file.
WARNING(SPCOCN-674): Error(s) in C:\Users\QGPWindowsVB\Downloads\orebi\SPB_Data\TUBII2\cds.lib
WARNING(SPCOCN-675):   Invalid path: C:\Users\QGPWindowsVB\Downloads\orebi\ugboard\ugboard\newtub\10k on line 14.
WARNING(SPCOCN-675):   Invalid path: C:\Users\QGPWindowsVB\Downloads\orebi\ugboard\ugboard\newtub\10kh on line 16.
WARNING(SPCOCN-675):   Invalid path: C:\Users\QGPWindowsVB\Downloads\orebi\ugboard\ugboard\newtub\54fct on line 18.
WARNING(SPCOCN-675):   Invalid path: C:\Users\QGPWindowsVB\Downloads\orebi\ugboard\ugboard\newtub\100e on line 20.
WARNING(SPCOCN-675):   Invalid path: C:\Users\QGPWindowsVB\Downloads\orebi\ugboard\ugboard\newtub\fast on line 22.
WARNING(SPCOCN-675):   Invalid path: C:\Users\QGPWindowsVB\Downloads\orebi\ugboard\ugboard\newtub\hcmos on line 24.
ERROR(SPCOCN-1334): Library 100e not found in cds.lib list.
ERROR(SPCOCN-1334): Library 10k not found in cds.lib list.
ERROR(SPCOCN-1334): Library 10kh not found in cds.lib list.
ERROR(SPCOCN-1334): Library 54fct not found in cds.lib list.
ERROR(SPCOCN-1334): Library fast not found in cds.lib list.
ERROR(SPCOCN-1334): Library hcmos not found in cds.lib list.
WARNING(SPCOCN-1474): You must specify a window that contains a drawing.
INFO(SPCOCN-1445): Reading TUBII.SCH.1.1 into drawing #1.
INFO(SPCOCN-195): The following file will be used to identify the list of modules to be excluded: 'C:\Cadence\SPB_16.6\share\cdssetup\xmodules.dat'.
Component cell 'hcmos.74fhct597' is now being loaded from a different library 'ttl'.
Component cell 'hcmos.hc574f' is now being loaded from a different library 'misc'.
Component cell '10kh.10h104' is now being loaded from a different library 'ecl'.
INFO(SPCOCN-1001): Component: I57 selected.
INFO(SPCOCN-1001): Component: I57 selected.
INFO(SPCOCN-1001): Component: I57 selected.
INFO(SPCOCN-1445): Reading CAEN_SELECT.SCH.1.1 into drawing #1.
INFO(SPCOCN-1445): Reading CAEN_SELECT.SCH.1.1 into drawing #1.
INFO(SPCOCN-1445): Reading CAEN_MUX.SCH.1.1 into drawing #1.
INFO(SPCOCN-1445): Reading CAEN_SELECT.SCH.1.1 into drawing #1.
INFO(SPCOCN-1445): Reading CAEN_MUX.SCH.1.1 into drawing #1.
INFO(SPCOCN-1445): Reading CAEN_SELECT.SCH.1.1 into drawing #1.
WARNING(SPCOCN-2041): Block rename command can be used to rename a block at the time of creation of the block. It cannot update the canonical paths of the objects of a block for which design is already captured. To rename or create a copy of the existing block, use the Copy Project functionality of Project Manager.
INFO(SPCOCN-1001): Component: I34 selected.
INFO(SPCOCN-1001): Component: I34 selected.
INFO(SPCOCN-1443): CAEN_BUFFER.SYM.1.1 has been previously edited as drawing #4.
INFO(SPCOCN-1070): Checking drawing...
INFO(SPCOCN-1028): writing <tubii_lib>CAEN_BUFFER.SYM.1.1:
INFO(SPCOCN-1051): writing body file...
INFO(SPCOCN-1054): ...written
No netlisting errors found. 

INFO(SPCOCN-1640): writing occurrence data...
INFO(SPCOCN-1028): writing <tubii_lib>CAEN_BUFFER.SCH.1.1:
INFO(SPCOCN-1044): writing binary file...
INFO(SPCOCN-1049): writing ASCII file...
INFO(SPCOCN-1053): writing connectivity file...
INFO(SPCOCN-1054): ...written

CSDirect 16.6-p007 (v16-6-112F)

Netlisting block caen_buffer

Processing page 1

No netlisting errors found. 

INFO(SPCOCN-1054): ...written
INFO(SPCOCN-1443): CAEN_SELECT.SCH.1.1 has been previously edited as drawing #1.
INFO(SPCOCN-1070): Checking drawing...
WARNING(SPCOCN-1080): Block 'CAEN_MUX' Errors/Warnings found during save operation.  Load the following marker file:temp/caen_mux.mkr.
INFO(SPCOCN-1028): writing <tubii_lib>CAEN_SELECT.SCH.1.1:
INFO(SPCOCN-1044): writing binary file...
INFO(SPCOCN-1049): writing ASCII file...
INFO(SPCOCN-1053): writing connectivity file...
INFO(SPCOCN-1054): ...written

CSDirect 16.6-p007 (v16-6-112F)

Netlisting block caen_select

Processing page 1

INFO(SPCOCN-1640): writing occurrence data...
INFO(SPCOCN-1054): ...written
INFO(SPCOCN-1001): Component: I34 selected.
INFO(SPCOCN-1445): Reading CAEN_BUFFER.SCH.1.1 into drawing #1.
INFO(SPCOCN-1445): Reading CAEN_MUX.SCH.1.1 into drawing #2.
INFO(SPCOCN-1001): Component: ??? selected.
INFO(SPCOCN-1507): Adding version 1 of part LM309H_L from library regulators
INFO(SPCOCN-1070): Checking drawing...
INFO(SPCOCN-1028): writing <tubii_lib>CAEN_BUFFER.SCH.1.1:
INFO(SPCOCN-1044): writing binary file...
INFO(SPCOCN-1049): writing ASCII file...
INFO(SPCOCN-1053): writing connectivity file...
INFO(SPCOCN-1054): ...written

CSDirect 16.6-p007 (v16-6-112F)

Netlisting block caen_buffer

Processing page 1

No netlisting errors found. 

INFO(SPCOCN-1640): writing occurrence data...
INFO(SPCOCN-1054): ...written
