temp/xxnedtmp16/event.log NEWFILE1
temp/xxnedtmp16/text.log NEWFILE2
temp/xxnedtmp16/environ.log NEWFILE3
C:\Cadence\SPB_16.6\share\cdssetup/concept/concepthdl.scr FILE4
C:\Users\QGPWindowsVB\Downloads\orebi\SPB_Data\TUBII3\cds.lib FILE5
C:\Users\QGPWindowsVB\Downloads\orebi\SPB_Data\TUBII3\worklib\tubii\sch_1\page1.csb FILE6
C:\Users\QGPWindowsVB\Downloads\orebi\SPB_Data\TUBII3\worklib\tubii\sch_1\page1_csb.lck NEWFILE7
temp/xxnedtmp16/undo1.log NEWFILE8
C:\Users\QGPWindowsVB\Downloads\orebi\Parts\parts\misc\penn#20b#20size#20page\sym_1\symbol.css FILE9
C:\Users\QGPWindowsVB\Downloads\orebi\Parts\parts\resistors\rsmd0805\sym_1\symbol.css FILE10
C:\Users\QGPWindowsVB\Downloads\orebi\SPB_Data\TUBII3\worklib\ttl_progdelay\sym_1\symbol.css FILE11
C:\Users\QGPWindowsVB\Downloads\orebi\SPB_Data\TUBII3\worklib\base_mon\sym_1\symbol.css FILE12
C:\Users\QGPWindowsVB\Downloads\orebi\SPB_Data\TUBII3\worklib\pulse_inverter\sym_1\symbol.css FILE13
C:\Users\QGPWindowsVB\Downloads\orebi\SPB_Data\TUBII3\worklib\clk_leds\sym_1\symbol.css FILE14
C:\Users\QGPWindowsVB\Downloads\orebi\SPB_Data\TUBII3\worklib\caen_coms\sym_1\symbol.css FILE15
C:\Users\QGPWindowsVB\Downloads\orebi\SPB_Data\TUBII3\worklib\ellie_comm\sym_1\symbol.css FILE16
C:\Users\QGPWindowsVB\Downloads\orebi\SPB_Data\TUBII3\worklib\progdelay\sym_1\symbol.css FILE17
C:\Users\QGPWindowsVB\Downloads\orebi\Parts\parts\standard\3#20merge\sym_1\symbol.css FILE18
C:\Users\QGPWindowsVB\Downloads\orebi\Parts\parts\ttl\hct238\sym_1\symbol.css FILE19
C:\Users\QGPWindowsVB\Downloads\orebi\SPB_Data\TUBII3\worklib\caen_select\sym_1\symbol.css FILE20
C:\Users\QGPWindowsVB\Downloads\orebi\SPB_Data\TUBII3\worklib\microzedconnection\sym_1\symbol.css FILE21
C:\Users\QGPWindowsVB\Downloads\orebi\Parts\parts\ecl\10h124\sym_1\symbol.css FILE22
C:\Users\QGPWindowsVB\Downloads\orebi\Parts\parts\misc\gnd\sym_1\symbol.css FILE23
C:\Users\QGPWindowsVB\Downloads\orebi\Parts\parts\misc\testpoint_l\sym_1\symbol.css FILE24
C:\Users\QGPWindowsVB\Downloads\orebi\SPB_Data\TUBII3\worklib\fastcomp\sym_1\symbol.css FILE25
C:\Users\QGPWindowsVB\Downloads\orebi\Parts\parts\ecl\10h116\sym_1\symbol.css FILE26
C:\Users\QGPWindowsVB\Downloads\orebi\SPB_Data\TUBII3\worklib\tuncomp\sym_1\symbol.css FILE27
C:\Users\QGPWindowsVB\Downloads\orebi\SPB_Data\TUBII3\worklib\ttl#2dto#2decl#2din\sym_1\symbol.css FILE28
C:\Users\QGPWindowsVB\Downloads\orebi\SPB_Data\TUBII3\worklib\datain\sym_1\symbol.css FILE29
C:\Users\QGPWindowsVB\Downloads\orebi\SPB_Data\TUBII3\worklib\asyncdelays\sym_1\symbol.css FILE30
C:\Users\QGPWindowsVB\Downloads\orebi\SPB_Data\TUBII3\worklib\ribbondelay\sym_1\symbol.css FILE31
C:\Users\QGPWindowsVB\Downloads\orebi\SPB_Data\TUBII3\worklib\ellie_comms\sym_1\symbol.css FILE32
C:\Users\QGPWindowsVB\Downloads\orebi\SPB_Data\TUBII3\worklib\tubiigt\sym_1\symbol.css FILE33
C:\Users\QGPWindowsVB\Downloads\orebi\SPB_Data\TUBII3\worklib\bursttrig\sym_1\symbol.css FILE34
C:\Users\QGPWindowsVB\Downloads\orebi\SPB_Data\TUBII3\worklib\tubii_time\sym_1\symbol.css FILE35
C:\Users\QGPWindowsVB\Downloads\orebi\SPB_Data\TUBII3\worklib\prescaletrig\sym_1\symbol.css FILE36
C:\Users\QGPWindowsVB\Downloads\orebi\SPB_Data\TUBII3\worklib\lvds#2decl\sym_1\symbol.css FILE37
C:\Users\QGPWindowsVB\Downloads\orebi\SPB_Data\TUBII3\worklib\ecl#2dlvds\sym_1\symbol.css FILE38
C:\Users\QGPWindowsVB\Downloads\orebi\SPB_Data\TUBII3\worklib\ttl#2decl\sym_1\symbol.css FILE39
C:\Users\QGPWindowsVB\Downloads\orebi\SPB_Data\TUBII3\worklib\ecl#2dttl\sym_1\symbol.css FILE40
C:\Users\QGPWindowsVB\Downloads\orebi\SPB_Data\TUBII3\worklib\ecl#2dnim\sym_1\symbol.css FILE41
C:\Users\QGPWindowsVB\Downloads\orebi\SPB_Data\TUBII3\worklib\nim#2decl\sym_1\symbol.css FILE42
C:\Users\QGPWindowsVB\Downloads\orebi\SPB_Data\TUBII3\worklib\latchexttrig\sym_1\symbol.css FILE43
C:\Users\QGPWindowsVB\Downloads\orebi\SPB_Data\TUBII3\worklib\powers\sym_1\symbol.css FILE44
C:\Users\QGPWindowsVB\Downloads\orebi\SPB_Data\TUBII3\worklib\exttrig\sym_1\symbol.css FILE45
C:\Users\QGPWindowsVB\Downloads\orebi\Parts\parts\ecl\10e116\sym_1\symbol.css FILE46
C:\Users\QGPWindowsVB\Downloads\orebi\SPB_Data\TUBII3\worklib\caen_chat\sym_1\symbol.css FILE47
C:\Users\QGPWindowsVB\Downloads\orebi\SPB_Data\TUBII3\worklib\tubii\sch_1\page1_csa.lck NEWFILE48
C:/Users/QGPWindowsVB/Downloads/orebi/SPB_Data/TUBII3/worklib/tubii/sch_1/tubii.xcon FILE49
C:/Users/QGPWindowsVB/Downloads/orebi/SPB_Data/TUBII3/worklib/tubii/sch_1/tubii.dcf FILE50
C:\Users\QGPWindowsVB\Downloads\orebi\SPB_Data\TUBII3\worklib\fastcomp\sch_1\page1.csb FILE51
C:\Users\QGPWindowsVB\Downloads\orebi\SPB_Data\TUBII3\worklib\fastcomp\sch_1\page1_csb.lck NEWFILE52
C:\Users\QGPWindowsVB\Downloads\orebi\Parts\parts\misc\ad7243\sym_1\symbol.css FILE53
C:\Users\QGPWindowsVB\Downloads\orebi\Parts\parts\ttl\f06\sym_1\symbol.css FILE54
C:\Users\QGPWindowsVB\Downloads\orebi\Parts\parts\ecl\10h104\sym_1\symbol.css FILE55
C:\Users\QGPWindowsVB\Downloads\orebi\Parts\parts\ecl\10e131\sym_1\symbol.css FILE56
C:\Users\QGPWindowsVB\Downloads\orebi\Parts\parts\ecl\10e101\sym_1\symbol.css FILE57
C:\Users\QGPWindowsVB\Downloads\orebi\Parts\parts\ecl\100el05\sym_1\symbol.css FILE58
C:\Users\QGPWindowsVB\Downloads\orebi\Parts\parts\capacitors\csmd0805\sym_1\symbol.css FILE59
C:\Users\QGPWindowsVB\Downloads\orebi\Parts\parts\misc\hct123\sym_1\symbol.css FILE60
C:\Users\QGPWindowsVB\Downloads\orebi\Parts\parts\misc\adcmp566\sym_1\symbol.css FILE61
C:\Users\QGPWindowsVB\Downloads\orebi\Parts\parts\ecl\10h125\sym_1\symbol.css FILE62
C:\Users\QGPWindowsVB\Downloads\orebi\Parts\parts\misc\led_1206\sym_1\symbol.css FILE63
C:\Users\QGPWindowsVB\Downloads\orebi\Parts\parts\standard\8#20merge\sym_1\symbol.css FILE64
C:\Users\QGPWindowsVB\Downloads\orebi\Parts\parts\misc\hc574f\sym_1\symbol.css FILE65
C:/Users/QGPWIN~1/AppData/Local/Temp/con7B14.tmp FILE66
temp/xxnedtmp16/undo2.log NEWFILE67
C:\Users\QGPWindowsVB\Downloads\orebi\SPB_Data\TUBII3\worklib\fastcomp\sym_1\symbol_css.lck NEWFILE68
temp/xxnedtmp16/undo3.log NEWFILE69
C:\Users\QGPWindowsVB\Downloads\orebi\Parts\parts\standard\origin\sym_1\symbol.css FILE70
C:\Users\QGPWindowsVB\Downloads\orebi\SPB_Data\TUBII3\worklib\microzedconnection\sym_1\symbol_css.lck NEWFILE71
temp/xxnedtmp16/undo4.log NEWFILE72
temp/xxnedtmp16/concept.mkr NEWFILE73
C:/Cadence/SPB_16.6/tools/language/config.dat FILE74
C:/Cadence/SPB_16.6/tools/language/pack_type_rename.dat NEWFILE75
temp/xxnedtmp16/../f06.mkr NEWFILE76
temp/xxnedtmp16/../penn#20b#20size#20page.mkr NEWFILE77
temp/xxnedtmp16/../ad7243.mkr NEWFILE78
temp/xxnedtmp16/../hc574f.mkr NEWFILE79
temp/xxnedtmp16/../adcmp566.mkr NEWFILE80
temp/xxnedtmp16/../10h104.mkr NEWFILE81
temp/xxnedtmp16/../csmd0805.mkr NEWFILE82
temp/xxnedtmp16/../100el05.mkr NEWFILE83
temp/xxnedtmp16/../rsmd0805.mkr NEWFILE84
temp/xxnedtmp16/../10e116.mkr NEWFILE85
temp/xxnedtmp16/../10e131.mkr NEWFILE86
temp/xxnedtmp16/../10e101.mkr NEWFILE87
temp/xxnedtmp16/../testpoint_l.mkr NEWFILE88
temp/xxnedtmp16/../gnd.mkr NEWFILE89
temp/xxnedtmp16/../hct123.mkr NEWFILE90
temp/xxnedtmp16/../10h125.mkr NEWFILE91
temp/xxnedtmp16/../10h124.mkr NEWFILE92
temp/xxnedtmp16/../led_1206.mkr NEWFILE93
C:\Users\QGPWindowsVB\Downloads\orebi\SPB_Data\TUBII3\worklib\fastcomp\sch_1\page1.csa FILE94
C:\Users\QGPWindowsVB\Downloads\orebi\SPB_Data\TUBII3\worklib\fastcomp\sch_1\page1.csv FILE95
C:\Users\QGPWindowsVB\Downloads\orebi\SPB_Data\TUBII3\worklib\fastcomp\sch_1\pc.db FILE96
temp/xxnedtmp16/csnetlister.mkr NEWFILE97
C:\Users\QGPWindowsVB\Downloads\orebi\SPB_Data\TUBII3\worklib\fastcomp\sch_1\page1_csa.lck NEWFILE98
