FILE_TYPE=LIBRARY_PARTS ;
TIME=' Compilation on Wed Aug 30 10:50:53 1989  ';
PRIMITIVE 'LM310_L';
 PIN
  'NVSS':
   PIN_NUMBER='(4)';
  'OUT':
   PIN_NUMBER='(6)';
  'PIN':
   PIN_NUMBER='(3)';
  'PVSS':
   PIN_NUMBER='(7)';
 END_PIN;
 BODY
  NC_PINS='(1,2,5,8)';
  part_name='lm310_l';
  body_name='lm310_l';
  PHYS_DES_PREFIX='U';
  JEDEC_TYPE='DIP8_3';
  CLASS='IC';
 END_BODY;
END_PRIMITIVE;
PRIMITIVE 'LM310_L_SOIC';
 PIN
  'NVSS':
   PIN_NUMBER='(4)';
  'OUT':
   PIN_NUMBER='(6)';
  'PIN':
   PIN_NUMBER='(3)';
  'PVSS':
   PIN_NUMBER='(7)';
 END_PIN;
 BODY
  NC_PINS='(1,2,5,8)';
  part_name='lm310_l';
  body_name='lm310_l';
  PHYS_DES_PREFIX='U';
  JEDEC_TYPE='SOIC8';
  CLASS='IC';
 END_BODY;
END_PRIMITIVE;
END.
