temp/xxnedtmp20/event.log NEWFILE1
temp/xxnedtmp20/text.log NEWFILE2
temp/xxnedtmp20/environ.log NEWFILE3
C:\Cadence\SPB_16.6\share\cdssetup/concept/concepthdl.scr FILE4
C:\Users\QGPWindowsVB\Downloads\orebi\SPB_Data\TUBII3\cds.lib FILE5
C:\Users\QGPWindowsVB\Downloads\orebi\SPB_Data\TUBII3\worklib\tubii\sch_1\page1.csb FILE6
C:\Users\QGPWindowsVB\Downloads\orebi\SPB_Data\TUBII3\worklib\tubii\sch_1\page1_csb.lck NEWFILE7
temp/xxnedtmp20/undo1.log NEWFILE8
C:\Users\QGPWindowsVB\Downloads\orebi\Parts\parts\misc\penn#20b#20size#20page\sym_1\symbol.css FILE9
C:\Users\QGPWindowsVB\Downloads\orebi\SPB_Data\TUBII3\worklib\ellie_talk\sym_1\symbol.css FILE10
C:\Users\QGPWindowsVB\Downloads\orebi\Parts\parts\resistors\rsmd0805\sym_1\symbol.css FILE11
C:\Users\QGPWindowsVB\Downloads\orebi\SPB_Data\TUBII3\worklib\tubii_clks\sym_1\symbol.css FILE12
C:\Users\QGPWindowsVB\Downloads\orebi\Parts\parts\ecl\10h116\sym_1\symbol.css FILE13
C:\Users\QGPWindowsVB\Downloads\orebi\Parts\parts\misc\testpoint_l\sym_1\symbol.css FILE14
C:\Users\QGPWindowsVB\Downloads\orebi\Parts\parts\misc\gnd\sym_1\symbol.css FILE15
C:\Users\QGPWindowsVB\Downloads\orebi\SPB_Data\TUBII3\worklib\ttl_progdelay\sym_1\symbol.css FILE16
C:\Users\QGPWindowsVB\Downloads\orebi\SPB_Data\TUBII3\worklib\select_lo_src\sym_1\symbol.css FILE17
C:\Users\QGPWindowsVB\Downloads\orebi\SPB_Data\TUBII3\worklib\async_puls_gen\sym_1\symbol.css FILE18
C:\Users\QGPWindowsVB\Downloads\orebi\SPB_Data\TUBII3\worklib\async_pulse_gen\sym_1\symbol.css FILE19
C:\Users\QGPWindowsVB\Downloads\orebi\SPB_Data\TUBII3\worklib\base_mon\sym_1\symbol.css FILE20
C:\Users\QGPWindowsVB\Downloads\orebi\SPB_Data\TUBII3\worklib\pulse_inverter\sym_1\symbol.css FILE21
C:\Users\QGPWindowsVB\Downloads\orebi\SPB_Data\TUBII3\worklib\clk_leds\sym_1\symbol.css FILE22
C:\Users\QGPWindowsVB\Downloads\orebi\SPB_Data\TUBII3\worklib\caen_coms\sym_1\symbol.css FILE23
C:\Users\QGPWindowsVB\Downloads\orebi\SPB_Data\TUBII3\worklib\progdelay\sym_1\symbol.css FILE24
C:\Users\QGPWindowsVB\Downloads\orebi\Parts\parts\standard\3#20merge\sym_1\symbol.css FILE25
C:\Users\QGPWindowsVB\Downloads\orebi\Parts\parts\ttl\hct238\sym_1\symbol.css FILE26
C:\Users\QGPWindowsVB\Downloads\orebi\SPB_Data\TUBII3\worklib\caen_select\sym_1\symbol.css FILE27
C:\Users\QGPWindowsVB\Downloads\orebi\SPB_Data\TUBII3\worklib\microzedconnection\sym_1\symbol.css FILE28
C:\Users\QGPWindowsVB\Downloads\orebi\Parts\parts\ecl\10h124\sym_1\symbol.css FILE29
C:\Users\QGPWindowsVB\Downloads\orebi\SPB_Data\TUBII3\worklib\fastcomp\sym_1\symbol.css FILE30
C:\Users\QGPWindowsVB\Downloads\orebi\SPB_Data\TUBII3\worklib\tuncomp\sym_1\symbol.css FILE31
C:\Users\QGPWindowsVB\Downloads\orebi\SPB_Data\TUBII3\worklib\ttl#2dto#2decl#2din\sym_1\symbol.css FILE32
C:\Users\QGPWindowsVB\Downloads\orebi\SPB_Data\TUBII3\worklib\datain\sym_1\symbol.css FILE33
C:\Users\QGPWindowsVB\Downloads\orebi\SPB_Data\TUBII3\worklib\asyncdelays\sym_1\symbol.css FILE34
C:\Users\QGPWindowsVB\Downloads\orebi\SPB_Data\TUBII3\worklib\ribbondelay\sym_1\symbol.css FILE35
C:\Users\QGPWindowsVB\Downloads\orebi\SPB_Data\TUBII3\worklib\ellie_comms\sym_1\symbol.css FILE36
C:\Users\QGPWindowsVB\Downloads\orebi\SPB_Data\TUBII3\worklib\tubiigt\sym_1\symbol.css FILE37
C:\Users\QGPWindowsVB\Downloads\orebi\SPB_Data\TUBII3\worklib\bursttrig\sym_1\symbol.css FILE38
C:\Users\QGPWindowsVB\Downloads\orebi\SPB_Data\TUBII3\worklib\tubii_time\sym_1\symbol.css FILE39
C:\Users\QGPWindowsVB\Downloads\orebi\SPB_Data\TUBII3\worklib\prescaletrig\sym_1\symbol.css FILE40
C:\Users\QGPWindowsVB\Downloads\orebi\SPB_Data\TUBII3\worklib\lvds#2decl\sym_1\symbol.css FILE41
C:\Users\QGPWindowsVB\Downloads\orebi\SPB_Data\TUBII3\worklib\ecl#2dlvds\sym_1\symbol.css FILE42
C:\Users\QGPWindowsVB\Downloads\orebi\SPB_Data\TUBII3\worklib\ttl#2decl\sym_1\symbol.css FILE43
C:\Users\QGPWindowsVB\Downloads\orebi\SPB_Data\TUBII3\worklib\ecl#2dttl\sym_1\symbol.css FILE44
C:\Users\QGPWindowsVB\Downloads\orebi\SPB_Data\TUBII3\worklib\ecl#2dnim\sym_1\symbol.css FILE45
C:\Users\QGPWindowsVB\Downloads\orebi\SPB_Data\TUBII3\worklib\nim#2decl\sym_1\symbol.css FILE46
C:\Users\QGPWindowsVB\Downloads\orebi\SPB_Data\TUBII3\worklib\latchexttrig\sym_1\symbol.css FILE47
C:\Users\QGPWindowsVB\Downloads\orebi\SPB_Data\TUBII3\worklib\powers\sym_1\symbol.css FILE48
C:\Users\QGPWindowsVB\Downloads\orebi\SPB_Data\TUBII3\worklib\exttrig\sym_1\symbol.css FILE49
C:\Users\QGPWindowsVB\Downloads\orebi\Parts\parts\ecl\10e116\sym_1\symbol.css FILE50
C:\Users\QGPWindowsVB\Downloads\orebi\SPB_Data\TUBII3\worklib\caen_chat\sym_1\symbol.css FILE51
C:\Users\QGPWindowsVB\Downloads\orebi\SPB_Data\TUBII3\worklib\tubii\sch_1\page1_csa.lck NEWFILE52
C:/Users/QGPWindowsVB/Downloads/orebi/SPB_Data/TUBII3/worklib/tubii/sch_1/tubii.xcon FILE53
C:/Users/QGPWindowsVB/Downloads/orebi/SPB_Data/TUBII3/worklib/tubii/sch_1/tubii.dcf FILE54
C:\Users\QGPWindowsVB\Downloads\orebi\SPB_Data\TUBII3\worklib\tubii_triggers\sym_1\symbol.css FILE55
C:/Cadence/SPB_16.6/tools/language/config.dat FILE56
temp/xxnedtmp20/concept.mkr NEWFILE57
C:/Cadence/SPB_16.6/tools/language/pack_type_rename.dat NEWFILE58
temp/xxnedtmp20/../latchexttrig.mkr NEWFILE59
temp/xxnedtmp20/../tubii_triggers.mkr NEWFILE60
temp/xxnedtmp20/../penn#20b#20size#20page.mkr NEWFILE61
temp/xxnedtmp20/../caen_chat.mkr NEWFILE62
temp/xxnedtmp20/../async_puls_gen.mkr NEWFILE63
temp/xxnedtmp20/../ellie_talk.mkr NEWFILE64
temp/xxnedtmp20/../rsmd0805.mkr NEWFILE65
temp/xxnedtmp20/../tubii_clks.mkr NEWFILE66
temp/xxnedtmp20/../10h116.mkr NEWFILE67
temp/xxnedtmp20/../testpoint_l.mkr NEWFILE68
temp/xxnedtmp20/../gnd.mkr NEWFILE69
temp/xxnedtmp20/../ttl_progdelay.mkr NEWFILE70
temp/xxnedtmp20/../select_lo_src.mkr NEWFILE71
temp/xxnedtmp20/../async_pulse_gen.mkr NEWFILE72
temp/xxnedtmp20/../base_mon.mkr NEWFILE73
temp/xxnedtmp20/../pulse_inverter.mkr NEWFILE74
temp/xxnedtmp20/../clk_leds.mkr FILE75
temp/xxnedtmp20/../caen_coms.mkr NEWFILE76
temp/xxnedtmp20/../progdelay.mkr NEWFILE77
temp/xxnedtmp20/../3#20merge.mkr NEWFILE78
temp/xxnedtmp20/../hct238.mkr NEWFILE79
temp/xxnedtmp20/../caen_select.mkr NEWFILE80
temp/xxnedtmp20/../microzedconnection.mkr FILE81
temp/xxnedtmp20/../10h124.mkr NEWFILE82
temp/xxnedtmp20/../fastcomp.mkr NEWFILE83
temp/xxnedtmp20/../tuncomp.mkr NEWFILE84
temp/xxnedtmp20/../ttl#2dto#2decl#2din.mkr NEWFILE85
temp/xxnedtmp20/../datain.mkr NEWFILE86
temp/xxnedtmp20/../asyncdelays.mkr NEWFILE87
temp/xxnedtmp20/../ribbondelay.mkr NEWFILE88
temp/xxnedtmp20/../ellie_comms.mkr NEWFILE89
temp/xxnedtmp20/../tubiigt.mkr NEWFILE90
temp/xxnedtmp20/../bursttrig.mkr NEWFILE91
temp/xxnedtmp20/../tubii_time.mkr NEWFILE92
temp/xxnedtmp20/../prescaletrig.mkr NEWFILE93
temp/xxnedtmp20/../lvds#2decl.mkr NEWFILE94
temp/xxnedtmp20/../ecl#2dlvds.mkr NEWFILE95
temp/xxnedtmp20/../ttl#2decl.mkr NEWFILE96
temp/xxnedtmp20/../ecl#2dttl.mkr NEWFILE97
temp/xxnedtmp20/../ecl#2dnim.mkr NEWFILE98
temp/xxnedtmp20/../nim#2decl.mkr NEWFILE99
temp/xxnedtmp20/../powers.mkr NEWFILE100
temp/xxnedtmp20/../exttrig.mkr NEWFILE101
temp/xxnedtmp20/../10e116.mkr NEWFILE102
C:\Users\QGPWindowsVB\Downloads\orebi\SPB_Data\TUBII3\worklib\tubii\sch_1\page1.csa FILE103
C:\Users\QGPWindowsVB\Downloads\orebi\SPB_Data\TUBII3\worklib\tubii\sch_1\page1.csv FILE104
C:\Users\QGPWindowsVB\Downloads\orebi\SPB_Data\TUBII3\worklib\tubii\sch_1\pc.db FILE105
C:/Users/QGPWindowsVB/Downloads/orebi/SPB_Data/TUBII3/worklib/tubii/sch_1/tubii_xcon.lck NEWFILE106
C:/Users/QGPWindowsVB/Downloads/orebi/SPB_Data/TUBII3/worklib/tubii/sch_1/tubii_dcf.lck NEWFILE107
temp/xxnedtmp20/csnetlister.mkr NEWFILE108
C:\Users\QGPWindowsVB\Downloads\orebi\SPB_Data\TUBII3\worklib\tubii_triggers\sch_1\page1.csb FILE109
C:\Users\QGPWindowsVB\Downloads\orebi\SPB_Data\TUBII3\worklib\tubii_triggers\sch_1\page1_csb.lck NEWFILE110
temp/xxnedtmp20/undo2.log NEWFILE111
C:\Users\QGPWindowsVB\Downloads\orebi\Parts\parts\standard\4#20merge\sym_1\symbol.css FILE112
C:\Users\QGPWindowsVB\Downloads\orebi\Parts\parts\capacitors\csmd0805\sym_1\symbol.css FILE113
C:\Users\QGPWindowsVB\Downloads\orebi\Parts\parts\ecl\10h125\sym_1\symbol.css FILE114
C:\Users\QGPWindowsVB\Downloads\orebi\SPB_Data\TUBII3\worklib\tubii_triggers\sch_1\page1_csa.lck NEWFILE115
C:\Users\QGPWindowsVB\Downloads\orebi\SPB_Data\TUBII3\worklib\microzedconnection\sch_1\page1.csb FILE116
C:\Users\QGPWindowsVB\Downloads\orebi\SPB_Data\TUBII3\worklib\microzedconnection\sch_1\page1_csb.lck NEWFILE117
temp/xxnedtmp20/undo3.log NEWFILE118
C:\Users\QGPWindowsVB\Downloads\orebi\Parts\parts\standard\drawing\sym_1\symbol.css FILE119
C:\Users\QGPWindowsVB\Downloads\orebi\Parts\parts\misc\fci_61083#2d101400lf\sym_1\symbol.css FILE120
C:\Users\QGPWindowsVB\Downloads\orebi\Parts\parts\capacitors\csmd0603\sym_1\symbol.css FILE121
C:\Users\QGPWindowsVB\Downloads\orebi\SPB_Data\TUBII3\worklib\microzedconnection\sch_1\page1_csa.lck NEWFILE122
C:\Users\QGPWindowsVB\Downloads\orebi\SPB_Data\TUBII3\worklib\ecal_control\sym_1\symbol.css FILE123
C:\Users\QGPWindowsVB\Downloads\orebi\SPB_Data\TUBII3\worklib\ecal_control\sch_1\page1.csb FILE124
C:\Users\QGPWindowsVB\Downloads\orebi\SPB_Data\TUBII3\worklib\ecal_control\sch_1\page1_csb.lck NEWFILE125
temp/xxnedtmp20/undo4.log NEWFILE126
C:\Users\QGPWindowsVB\Downloads\orebi\SPB_Data\TUBII3\worklib\ecal_control\sch_1\page1_csa.lck NEWFILE127
temp/xxnedtmp20/../ecal_control.mkr NEWFILE128
C:/Users/QGPWIN~1/AppData/Local/Temp/con5673.tmp FILE129
temp/xxnedtmp20/../4#20merge.mkr NEWFILE130
temp/xxnedtmp20/../10h125.mkr NEWFILE131
temp/xxnedtmp20/../csmd0805.mkr NEWFILE132
C:\Users\QGPWindowsVB\Downloads\orebi\SPB_Data\TUBII3\worklib\tubii_triggers\sch_1\page1.csa FILE133
C:\Users\QGPWindowsVB\Downloads\orebi\SPB_Data\TUBII3\worklib\tubii_triggers\sch_1\page1.csv FILE134
C:\Users\QGPWindowsVB\Downloads\orebi\SPB_Data\TUBII3\worklib\tubii_triggers\sch_1\pc.db FILE135
C:/Users/QGPWindowsVB/Downloads/orebi/SPB_Data/TUBII3/worklib/tubii_triggers/sch_1/tubii_triggers_xcon.lck NEWFILE136
C:/Users/QGPWindowsVB/Downloads/orebi/SPB_Data/TUBII3/worklib/tubii_triggers/sch_1/tubii_triggers_dcf.lck NEWFILE137
