Allegro Design Entry HDL 16.6-p007 (v16-6-112F) 10/10/2012
Copyright 2011 Cadence Design Systems, Inc

WARNING(SPCOCN-1474): You must specify a window that contains a drawing.
WARNING(SPCOCN-1474): You must specify a window that contains a drawing.
WARNING(SPCOCN-1474): You must specify a window that contains a drawing.
WARNING(SPCOCN-1474): You must specify a window that contains a drawing.
WARNING(SPCOCN-1474): You must specify a window that contains a drawing.
WARNING(SPCOCN-1474): You must specify a window that contains a drawing.
WARNING(SPCOCN-1474): You must specify a window that contains a drawing.
WARNING(SPCOCN-2040): Specify the command "page forcereset all" to reset logical page numbers of all pages of this block.
WARNING(SPCOCN-1523): Invalid set option: <search_history_count>
INFO(SPCOCN-1177): Unexpected text: <5>
WARNING(SPCOCN-1523): Invalid set option: <search_history>
INFO(SPCOCN-1177): Unexpected text: <100EL34/>
WARNING(SPCOCN-1523): Invalid set option: <search_toolbar_lookin>
INFO(SPCOCN-1177): Unexpected text: <PAGE>
WARNING(SPCOCN-1523): Invalid set option: <modify_quick_reset_filters>
INFO(SPCOCN-1177): Unexpected text: <OFF>
WARNING(SPCOCN-1523): Invalid set option: <hss_distribute_ports_count>
INFO(SPCOCN-1177): Unexpected text: <25>
WARNING(SPCOCN-1523): Invalid set option: <hss_distribute_port_pattern>
WARNING(SPCOCN-1523): Invalid set option: <hss_distribute_property_name>
WARNING(SPCOCN-1474): You must specify a window that contains a drawing.
WARNING(SPCOCN-1474): You must specify a window that contains a drawing.
WARNING(SPCOCN-1474): You must specify a window that contains a drawing.
WARNING(SPCOCN-1474): You must specify a window that contains a drawing.
WARNING(SPCOCN-1474): You must specify a window that contains a drawing.
WARNING(SPCOCN-1474): You must specify a window that contains a drawing.
INFO(SPCOCN-1737): Reading C:\Users\QGPWindowsVB\Downloads\orebi\SPB_Data\TUBII3\cds.lib file.
WARNING(SPCOCN-674): Error(s) in C:\Users\QGPWindowsVB\Downloads\orebi\SPB_Data\TUBII3\cds.lib
WARNING(SPCOCN-675):   Invalid path: C:\Users\QGPWindowsVB\Downloads\orebi\ugboard\ugboard\newtub\10k on line 14.
WARNING(SPCOCN-675):   Invalid path: C:\Users\QGPWindowsVB\Downloads\orebi\ugboard\ugboard\newtub\10kh on line 16.
WARNING(SPCOCN-675):   Invalid path: C:\Users\QGPWindowsVB\Downloads\orebi\ugboard\ugboard\newtub\54fct on line 18.
WARNING(SPCOCN-675):   Invalid path: C:\Users\QGPWindowsVB\Downloads\orebi\ugboard\ugboard\newtub\100e on line 20.
WARNING(SPCOCN-675):   Invalid path: C:\Users\QGPWindowsVB\Downloads\orebi\ugboard\ugboard\newtub\fast on line 22.
WARNING(SPCOCN-675):   Invalid path: C:\Users\QGPWindowsVB\Downloads\orebi\ugboard\ugboard\newtub\hcmos on line 24.
ERROR(SPCOCN-1334): Library 100e not found in cds.lib list.
ERROR(SPCOCN-1334): Library 10k not found in cds.lib list.
ERROR(SPCOCN-1334): Library 10kh not found in cds.lib list.
ERROR(SPCOCN-1334): Library 54fct not found in cds.lib list.
ERROR(SPCOCN-1334): Library fast not found in cds.lib list.
ERROR(SPCOCN-1334): Library hcmos not found in cds.lib list.
WARNING(SPCOCN-1474): You must specify a window that contains a drawing.
INFO(SPCOCN-1445): Reading TUBII.SCH.1.1 into drawing #1.
INFO(SPCOCN-195): The following file will be used to identify the list of modules to be excluded: 'C:\Cadence\SPB_16.6\share\cdssetup\xmodules.dat'.
INFO(SPCOCN-1445): Reading TUBII.SCH.1.1 into drawing #1.
INFO(SPCOCN-1507): Adding version 1 of part TUBII_TRIGGERS from library tubii_lib
INFO(SPCOCN-1070): Checking drawing...
WARNING(SPCOCN-1080): Block 'CLK_LEDS' Errors/Warnings found during save operation.  Load the following marker file:temp/clk_leds.mkr.
WARNING(SPCOCN-1080): Block 'MICROZEDCONNECTION' Errors/Warnings found during save operation.  Load the following marker file:temp/microzedconnection.mkr.
INFO(SPCOCN-1028): writing <tubii_lib>TUBII.SCH.1.1:
INFO(SPCOCN-1044): writing binary file...
INFO(SPCOCN-1049): writing ASCII file...
INFO(SPCOCN-1053): writing connectivity file...
INFO(SPCOCN-1054): ...written

CSDirect 16.6-p007 (v16-6-112F)

Netlisting block tubii

Processing page 1

INFO(SPCOCN-1640): writing occurrence data...
INFO(SPCOCN-1054): ...written
INFO(SPCOCN-1070): Checking drawing...
WARNING(SPCOCN-1080): Block 'MICROZEDCONNECTION' Errors/Warnings found during save operation.  Load the following marker file:temp/microzedconnection.mkr.
WARNING(SPCOCN-1080): Block 'CLK_LEDS' Errors/Warnings found during save operation.  Load the following marker file:temp/clk_leds.mkr.
INFO(SPCOCN-1028): writing <tubii_lib>TUBII.SCH.1.1:
INFO(SPCOCN-1044): writing binary file...
INFO(SPCOCN-1049): writing ASCII file...
INFO(SPCOCN-1053): writing connectivity file...
INFO(SPCOCN-1054): ...written

CSDirect 16.6-p007 (v16-6-112F)

Netlisting block tubii

Processing page 1

INFO(SPCOCN-1640): writing occurrence data...
INFO(SPCOCN-1054): ...written
INFO(SPCOCN-1001): Component: I91 selected.
INFO(SPCOCN-1854): The drawing TUBII.SCH.1.1
INFO(SPCOCN-578): will be retained as drawing #1.
INFO(SPCOCN-1445): Reading TUBII_TRIGGERS.SCH.1.1 into drawing #2.
INFO(SPCOCN-1445): Reading TUBII.SCH.1.1 into drawing #2.
INFO(SPCOCN-1854): The drawing TUBII.SCH.1.1
INFO(SPCOCN-578): will be retained as drawing #2.
INFO(SPCOCN-1445): Reading MICROZEDCONNECTION.SCH.1.1 into drawing #3.
WARNING(SPCOCN-515): Design Name: <tubii_lib>MICROZEDCONNECTION.SCH.1.1


All the required libraries are not included in the cds.lib file. Make sure your project setup has all the necessary libraries. Exit Design Entry HDL and add the required libraries to the project using the Project Setup utility of Project Manager. The parts missing from the available libraries are: 
   PATCH_PROBE.SYM.1.1
INFO(SPCOCN-1445): Reading TUBII.SCH.1.1 into drawing #3.
INFO(SPCOCN-1507): Adding version 1 of part ECAL_CONTROL from library tubii_lib
INFO(SPCOCN-1001): Component: I92 selected.
INFO(SPCOCN-1854): The drawing TUBII.SCH.1.1
INFO(SPCOCN-578): will be retained as drawing #3.
INFO(SPCOCN-1445): Reading ECAL_CONTROL.SCH.1.1 into drawing #4.
INFO(SPCOCN-1445): Reading TUBII.SCH.1.1 into drawing #4.
INFO(SPCOCN-1070): Checking drawing...
WARNING(SPCOCN-1080): Block 'MICROZEDCONNECTION' Errors/Warnings found during save operation.  Load the following marker file:temp/microzedconnection.mkr.
WARNING(SPCOCN-1080): Block 'CLK_LEDS' Errors/Warnings found during save operation.  Load the following marker file:temp/clk_leds.mkr.
INFO(SPCOCN-1028): writing <tubii_lib>TUBII.SCH.1.1:
INFO(SPCOCN-1044): writing binary file...
INFO(SPCOCN-1049): writing ASCII file...
INFO(SPCOCN-1053): writing connectivity file...
INFO(SPCOCN-1054): ...written

CSDirect 16.6-p007 (v16-6-112F)

Netlisting block tubii

Processing page 1

INFO(SPCOCN-1640): writing occurrence data...
INFO(SPCOCN-1054): ...written
INFO(SPCOCN-1507): Adding version 1 of part ECAL_CONTROL from library tubii_lib
INFO(SPCOCN-1070): Checking drawing...
WARNING(SPCOCN-1080): Block 'MICROZEDCONNECTION' Errors/Warnings found during save operation.  Load the following marker file:temp/microzedconnection.mkr.
WARNING(SPCOCN-1080): Block 'CLK_LEDS' Errors/Warnings found during save operation.  Load the following marker file:temp/clk_leds.mkr.
INFO(SPCOCN-1028): writing <tubii_lib>TUBII.SCH.1.1:
INFO(SPCOCN-1044): writing binary file...
INFO(SPCOCN-1049): writing ASCII file...
INFO(SPCOCN-1053): writing connectivity file...
INFO(SPCOCN-1054): ...written

CSDirect 16.6-p007 (v16-6-112F)

Netlisting block tubii

Processing page 1

INFO(SPCOCN-1640): writing occurrence data...
INFO(SPCOCN-1054): ...written
INFO(SPCOCN-1070): Checking drawing...
WARNING(SPCOCN-1080): Block 'MICROZEDCONNECTION' Errors/Warnings found during save operation.  Load the following marker file:temp/microzedconnection.mkr.
WARNING(SPCOCN-1080): Block 'CLK_LEDS' Errors/Warnings found during save operation.  Load the following marker file:temp/clk_leds.mkr.
INFO(SPCOCN-1028): writing <tubii_lib>TUBII.SCH.1.1:
INFO(SPCOCN-1044): writing binary file...
INFO(SPCOCN-1049): writing ASCII file...
INFO(SPCOCN-1053): writing connectivity file...
INFO(SPCOCN-1054): ...written

CSDirect 16.6-p007 (v16-6-112F)

Netlisting block tubii

Processing page 1

INFO(SPCOCN-1640): writing occurrence data...
INFO(SPCOCN-1054): ...written
INFO(SPCOCN-1001): Component: I91 selected.
INFO(SPCOCN-1445): Reading TUBII_TRIGGERS.SCH.1.1 into drawing #4.
INFO(SPCOCN-1001): Component: I1 selected.
INFO(SPCOCN-999): Signal: UN$1$10H125$I125$Y selected.
WARNING(SPCOCN-982): The operation could not be performed because no object on the drawing was selected.
ERROR(SPCOCN-1520): Specify the note text before selecting the point.
INFO(SPCOCN-1070): Checking drawing...
INFO(SPCOCN-1028): writing <tubii_lib>TUBII_TRIGGERS.SCH.1.1:
INFO(SPCOCN-1044): writing binary file...
INFO(SPCOCN-1049): writing ASCII file...
INFO(SPCOCN-1053): writing connectivity file...
INFO(SPCOCN-1054): ...written

CSDirect 16.6-p007 (v16-6-112F)

Netlisting block tubii_triggers

Processing page 1

No netlisting errors found. 

INFO(SPCOCN-1640): writing occurrence data...
INFO(SPCOCN-1054): ...written
INFO(SPCOCN-1445): Reading TUBII.SCH.1.1 into drawing #4.
INFO(SPCOCN-1070): Checking drawing...
WARNING(SPCOCN-1080): Block 'MICROZEDCONNECTION' Errors/Warnings found during save operation.  Load the following marker file:temp/microzedconnection.mkr.
WARNING(SPCOCN-1080): Block 'CLK_LEDS' Errors/Warnings found during save operation.  Load the following marker file:temp/clk_leds.mkr.
INFO(SPCOCN-1028): writing <tubii_lib>TUBII.SCH.1.1:
INFO(SPCOCN-1044): writing binary file...
INFO(SPCOCN-1049): writing ASCII file...
INFO(SPCOCN-1053): writing connectivity file...
INFO(SPCOCN-1054): ...written

CSDirect 16.6-p007 (v16-6-112F)

Netlisting block tubii

Processing page 1

INFO(SPCOCN-1640): writing occurrence data...
INFO(SPCOCN-1054): ...written
INFO(SPCOCN-1070): Checking drawing...
WARNING(SPCOCN-1080): Block 'MICROZEDCONNECTION' Errors/Warnings found during save operation.  Load the following marker file:temp/microzedconnection.mkr.
WARNING(SPCOCN-1080): Block 'CLK_LEDS' Errors/Warnings found during save operation.  Load the following marker file:temp/clk_leds.mkr.
INFO(SPCOCN-1028): writing <tubii_lib>TUBII.SCH.1.1:
INFO(SPCOCN-1044): writing binary file...
INFO(SPCOCN-1049): writing ASCII file...
INFO(SPCOCN-1053): writing connectivity file...
INFO(SPCOCN-1054): ...written

CSDirect 16.6-p007 (v16-6-112F)

Netlisting block tubii

Processing page 1

INFO(SPCOCN-1640): writing occurrence data...
INFO(SPCOCN-1054): ...written
