temp/xxnedtmp12/event.log NEWFILE1
temp/xxnedtmp12/text.log NEWFILE2
temp/xxnedtmp12/environ.log NEWFILE3
C:\Cadence\SPB_16.6\share\cdssetup/concept/concepthdl.scr FILE4
C:\Users\QGPWindowsVB\Downloads\orebi\SPB_Data\TUBII2\cds.lib FILE5
C:\Users\QGPWindowsVB\Downloads\orebi\SPB_Data\TUBII2\worklib\tubii\sch_1\page1.csb FILE6
C:\Users\QGPWindowsVB\Downloads\orebi\SPB_Data\TUBII2\worklib\tubii\sch_1\page1_csb.lck NEWFILE7
temp/xxnedtmp12/undo1.log NEWFILE8
C:\Users\QGPWindowsVB\Downloads\orebi\Parts\parts\misc\penn#20b#20size#20page\sym_1\symbol.css FILE9
C:\Users\QGPWindowsVB\Downloads\orebi\Parts\parts\resistors\rsmd0805\sym_1\symbol.css FILE10
C:\Users\QGPWindowsVB\Downloads\orebi\SPB_Data\TUBII2\worklib\ttl_progdelay\sym_1\symbol.css FILE11
C:\Users\QGPWindowsVB\Downloads\orebi\SPB_Data\TUBII2\worklib\progdelay\sym_1\symbol.css FILE12
C:\Users\QGPWindowsVB\Downloads\orebi\SPB_Data\TUBII2\worklib\microzedconnection\sym_1\symbol.css FILE13
C:\Users\QGPWindowsVB\Downloads\orebi\Parts\parts\ecl\10h124\sym_1\symbol.css FILE14
C:\Users\QGPWindowsVB\Downloads\orebi\Parts\parts\misc\gnd\sym_1\symbol.css FILE15
C:\Users\QGPWindowsVB\Downloads\orebi\Parts\parts\misc\testpoint_l\sym_1\symbol.css FILE16
C:\Users\QGPWindowsVB\Downloads\orebi\SPB_Data\TUBII2\worklib\fastcomp\sym_1\symbol.css FILE17
C:\Users\QGPWindowsVB\Downloads\orebi\Parts\parts\ecl\10h116\sym_1\symbol.css FILE18
C:\Users\QGPWindowsVB\Downloads\orebi\SPB_Data\TUBII2\worklib\tuncomp\sym_1\symbol.css FILE19
C:\Users\QGPWindowsVB\Downloads\orebi\SPB_Data\TUBII2\worklib\ttl#2dto#2decl#2din\sym_1\symbol.css FILE20
C:\Users\QGPWindowsVB\Downloads\orebi\SPB_Data\TUBII2\worklib\datain\sym_1\symbol.css FILE21
C:\Users\QGPWindowsVB\Downloads\orebi\SPB_Data\TUBII2\worklib\asyncdelaybig\sym_1\symbol.css FILE22
C:\Users\QGPWindowsVB\Downloads\orebi\SPB_Data\TUBII2\worklib\asyncdelay\sym_1\symbol.css FILE23
C:\Users\QGPWindowsVB\Downloads\orebi\SPB_Data\TUBII2\worklib\ribbondelay\sym_1\symbol.css FILE24
C:\Users\QGPWindowsVB\Downloads\orebi\SPB_Data\TUBII2\worklib\ellie_comms\sym_1\symbol.css FILE25
C:\Users\QGPWindowsVB\Downloads\orebi\SPB_Data\TUBII2\worklib\tubiigt\sym_1\symbol.css FILE26
C:\Users\QGPWindowsVB\Downloads\orebi\SPB_Data\TUBII2\worklib\bursttrig\sym_1\symbol.css FILE27
C:\Users\QGPWindowsVB\Downloads\orebi\SPB_Data\TUBII2\worklib\tubii_time\sym_1\symbol.css FILE28
C:\Users\QGPWindowsVB\Downloads\orebi\SPB_Data\TUBII2\worklib\prescaletrig\sym_1\symbol.css FILE29
C:\Users\QGPWindowsVB\Downloads\orebi\SPB_Data\TUBII2\worklib\lvds#2decl\sym_1\symbol.css FILE30
C:\Users\QGPWindowsVB\Downloads\orebi\SPB_Data\TUBII2\worklib\ecl#2dlvds\sym_1\symbol.css FILE31
C:\Users\QGPWindowsVB\Downloads\orebi\SPB_Data\TUBII2\worklib\ttl#2decl\sym_1\symbol.css FILE32
C:\Users\QGPWindowsVB\Downloads\orebi\SPB_Data\TUBII2\worklib\ecl#2dttl\sym_1\symbol.css FILE33
C:\Users\QGPWindowsVB\Downloads\orebi\SPB_Data\TUBII2\worklib\ecl#2dnim\sym_1\symbol.css FILE34
C:\Users\QGPWindowsVB\Downloads\orebi\SPB_Data\TUBII2\worklib\nim#2decl\sym_1\symbol.css FILE35
C:\Users\QGPWindowsVB\Downloads\orebi\SPB_Data\TUBII2\worklib\latchexttrig\sym_1\symbol.css FILE36
C:\Users\QGPWindowsVB\Downloads\orebi\SPB_Data\TUBII2\worklib\powers\sym_1\symbol.css FILE37
C:\Users\QGPWindowsVB\Downloads\orebi\SPB_Data\TUBII2\worklib\exttrig\sym_1\symbol.css FILE38
C:\Users\QGPWindowsVB\Downloads\orebi\Parts\parts\ecl\10e116\sym_1\symbol.css FILE39
C:\Users\QGPWindowsVB\Downloads\orebi\SPB_Data\TUBII2\worklib\caen_chat\sym_1\symbol.css FILE40
C:\Users\QGPWindowsVB\Downloads\orebi\SPB_Data\TUBII2\worklib\tubii\sch_1\page1_csa.lck NEWFILE41
C:/Users/QGPWindowsVB/Downloads/orebi/SPB_Data/TUBII2/worklib/tubii/sch_1/tubii.xcon FILE42
C:/Users/QGPWindowsVB/Downloads/orebi/SPB_Data/TUBII2/worklib/tubii/sch_1/tubii.dcf FILE43
C:\Users\QGPWindowsVB\Downloads\orebi\SPB_Data\TUBII2\worklib\ribbondelay\sch_1\page1.csb FILE44
C:\Users\QGPWindowsVB\Downloads\orebi\SPB_Data\TUBII2\worklib\ribbondelay\sch_1\page1_csb.lck NEWFILE45
C:\Users\QGPWindowsVB\Downloads\orebi\Parts\parts\misc\ids_c10\sym_1\symbol.css FILE46
C:\Users\QGPWindowsVB\Downloads\orebi\SPB_Data\TUBII2\worklib\ribbondelay\sch_1\page1_csa.lck NEWFILE47
C:\Users\QGPWindowsVB\Downloads\orebi\SPB_Data\TUBII2\worklib\caen_chat\sch_1\page1.csb FILE48
C:\Users\QGPWindowsVB\Downloads\orebi\SPB_Data\TUBII2\worklib\caen_chat\sch_1\page1_csb.lck NEWFILE49
C:\Users\QGPWindowsVB\Downloads\orebi\Parts\parts\capacitors\csmd0805\sym_1\symbol.css FILE50
C:\Users\QGPWindowsVB\Downloads\orebi\Parts\parts\transistors\mmbth10\sym_1\symbol.css FILE51
C:\Users\QGPWindowsVB\Downloads\orebi\Parts\parts\misc\lvds_driver_ds10\sym_1\symbol.css FILE52
C:\Users\QGPWindowsVB\Downloads\orebi\Parts\parts\transistors\mmbth81lt1\sym_1\symbol.css FILE53
C:\Users\QGPWindowsVB\Downloads\orebi\SPB_Data\TUBII2\worklib\caen_chat\sch_1\page1_csa.lck NEWFILE54
C:\Users\QGPWindowsVB\Downloads\orebi\SPB_Data\TUBII2\worklib\asyncdelay\sch_1\page1.csb FILE55
C:\Users\QGPWindowsVB\Downloads\orebi\SPB_Data\TUBII2\worklib\asyncdelay\sch_1\page1_csb.lck NEWFILE56
C:\Users\QGPWindowsVB\Downloads\orebi\Parts\parts\ttl\ds102350\sym_1\symbol.css FILE57
C:\Users\QGPWindowsVB\Downloads\orebi\Parts\parts\ttl\ds102350\sym_1\symbol_css.lck NEWFILE58
C:\Users\QGPWindowsVB\Downloads\orebi\SPB_Data\TUBII2\worklib\asyncdelay\sch_1\page1_csa.lck NEWFILE59
C:\Users\QGPWindowsVB\Downloads\orebi\Parts\parts\standard\origin\sym_1\symbol.css FILE60
C:/Users/QGPWIN~1/AppData/Local/Temp/con5525.tmp FILE61
C:/Users/QGPWIN~1/AppData/Local/Temp/con7BD9.tmp FILE62
