FILE_TYPE=LIBRARY_PARTS;
TIME=' COMPILATION ON THU MAR 16 19:12:48 1995  ';
primitive 'AD9500';
  pin
    'D'<7>:
      PIN_NUMBER='(21)';
      INPUT_LOAD='(-0.01,0.01)';
    'D'<6>:
      PIN_NUMBER='(22)';
      INPUT_LOAD='(-0.01,0.01)';
    'D'<5>:
      PIN_NUMBER='(23)';
      INPUT_LOAD='(-0.01,0.01)';
    'D'<4>:
      PIN_NUMBER='(24)';
      INPUT_LOAD='(-0.01,0.01)';
    'D'<3>:
      PIN_NUMBER='(1)';
      INPUT_LOAD='(-0.01,0.01)';
    'D'<2>:
      PIN_NUMBER='(2)';
      INPUT_LOAD='(-0.01,0.01)';
    'D'<1>:
      PIN_NUMBER='(3)';
      INPUT_LOAD='(-0.01,0.01)';
    'D'<0>:
      PIN_NUMBER='(4)';
      INPUT_LOAD='(-0.01,0.01)';
    'Q':
      PIN_NUMBER='(13)';
      OUTPUT_LOAD='(1.0,-1.0)';
    '-Q':
      PIN_NUMBER='(14)';
      OUTPUT_LOAD='(1.0,-1.0)';
    '-QR':
      PIN_NUMBER='(15)';
      OUTPUT_LOAD='(1.0,-1.0)';
    'TRIG':
      PIN_NUMBER='(9)';
      INPUT_LOAD='(-0.01,0.01)';
    '-TRIG':
      PIN_NUMBER='(10)';
      INPUT_LOAD='(-0.01,0.01)';
    '-RESET':
      PIN_NUMBER='(11)';
      INPUT_LOAD='(-0.01,0.01)';
    'OFF ADJ':
      PIN_NUMBER='(6)';
      INPUT_LOAD='(-0.01,0.01)';
    'CS':
      PIN_NUMBER='(7)';
      INPUT_LOAD='(-0.01,0.01)';
    'RS':
      PIN_NUMBER='(18)';
      INPUT_LOAD='(-0.01,0.01)';
    'ECL REF':
      PIN_NUMBER='(5)';
      INPUT_LOAD='(-0.01,0.01)';
    'LE':
      PIN_NUMBER='(20)';
      INPUT_LOAD='(-0.01,0.01)';
    'ECL COM':
      PIN_NUMBER='(16)';
      INPUT_LOAD='(-0.01,0.01)';
    'RESET':
      PIN_NUMBER='(12)';
      INPUT_LOAD='(-0.01,0.01)';
  end_pin;
  body
    JEDEC_TYPE='DIP24';
    CLASS='IC';
    POWER_PINS='(GND:19)';
    POWER_PINS='(+VS:8)';
    POWER_PINS='(-VS:17)';
  end_body;
end_primitive;
END.
