FILE_TYPE=LIBRARY_PARTS;
TIME=' COMPILATION ON WED FEB  2 16:07:37 1994  ';
primitive 'MAX414';
  pin
    'IN1M':
      PIN_NUMBER='(2)';
      INPUT_LOAD='(-0.01,0.01)';
    'IN2M':
      PIN_NUMBER='(6)';
      INPUT_LOAD='(-0.01,0.01)';
    'IN3M':
      PIN_NUMBER='(9)';
      INPUT_LOAD='(-0.01,0.01)';
    'IN4M':
      PIN_NUMBER='(13)';
      INPUT_LOAD='(-0.01,0.01)';
    'IN1P':
      PIN_NUMBER='(3)';
      INPUT_LOAD='(-0.01,0.01)';
    'IN2P':
      PIN_NUMBER='(5)';
      INPUT_LOAD='(-0.01,0.01)';
    'IN3P':
      PIN_NUMBER='(10)';
      INPUT_LOAD='(-0.01,0.01)';
    'IN4P':
      PIN_NUMBER='(12)';
      INPUT_LOAD='(-0.01,0.01)';
    'OUT2':
      PIN_NUMBER='(7)';
      OUTPUT_LOAD='(1.0,-1.0)';
    'OUT3':
      PIN_NUMBER='(8)';
      OUTPUT_LOAD='(1.0,-1.0)';
    'OUT1':
      PIN_NUMBER='(1)';
      OUTPUT_LOAD='(1.0,-1.0)';
    'OUT4':
      PIN_NUMBER='(14)';
      OUTPUT_LOAD='(1.0,-1.0)';
    'VMINUS':
      PIN_NUMBER='(11)';
      INPUT_LOAD='(-0.01,0.01)';
    'VPLUS':
      PIN_NUMBER='(4)';
      INPUT_LOAD='(-0.01,0.01)';
  end_pin;
  body
    JEDEC_TYPE='DIP14_3';
    CLASS='IC';
  end_body;
end_primitive;
END.
