FILE_TYPE=LIBRARY_PARTS;
TIME=' COMPILATION ON THU JAN 10 11:17:45 1991  ';
primitive '10H103_L','10H103_L_DIP';
  pin
    'Y1'<0>:
      OUTPUT_LOAD='(-7.4,-23.8)';
      OUTPUT_TYPE='(OE,OR)';
      PIN_NUMBER='(15,0,0,0)';
    'D'<0>:
      INPUT_LOAD='(0.0005,0.265)';
      PIN_NUMBER='(13,0,0,0)';
      PIN_GROUP='1';
    'C'<0>:
      INPUT_LOAD='(0.0005,0.265)';
      PIN_NUMBER='(12,0,0,0)';
      PIN_GROUP='1';
    '-Y1'<0>:
      OUTPUT_LOAD='(-7.4,-23.8)';
      OUTPUT_TYPE='(OE,OR)';
      PIN_NUMBER='(9,0,0,0)';
    'Y0'<0>:
      OUTPUT_LOAD='(-7.4,-23.8)';
      OUTPUT_TYPE='(OE,OR)';
      PIN_NUMBER='(0,14,3,2)';
    'B'<0>:
      INPUT_LOAD='(0.0005,0.265)';
      PIN_NUMBER='(0,11,7,5)';
      PIN_GROUP='1';
    'A'<0>:
      INPUT_LOAD='(0.0005,0.265)';
      PIN_NUMBER='(0,10,6,4)';
      PIN_GROUP='1';
  end_pin;
  body
    POWER_PINS='(GND:1;GND:16;VEE:8)';
    FAMILY='ECL10KH';
    SECTION='1';
    SECTION='0';
    JEDEC_TYPE='DIP16_3';
    CLASS='IC';
    PART_NAME='10H103_l';
    TECH='10KH';  
  end_body;
end_primitive;
primitive '10H103_L_PLCC';
  pin
    'Y1'<0>:
      OUTPUT_LOAD='(-7.4,-23.8)';
      OUTPUT_TYPE='(OE,OR)';
      PIN_NUMBER='(19,0,0,0)';
    'D'<0>:
      INPUT_LOAD='(0.0005,0.265)';
      PIN_NUMBER='(17,0,0,0)';
      PIN_GROUP='1';
    'C'<0>:
      INPUT_LOAD='(0.0005,0.265)';
      PIN_NUMBER='(15,0,0,0)';
      PIN_GROUP='1';
    '-Y1'<0>:
      OUTPUT_LOAD='(-7.4,-23.8)';
      OUTPUT_TYPE='(OE,OR)';
      PIN_NUMBER='(12,0,0,0)';
    'Y0'<0>:
      OUTPUT_LOAD='(-7.4,-23.8)';
      OUTPUT_TYPE='(OE,OR)';
      PIN_NUMBER='(0,18,4,3)';
    'B'<0>:
      INPUT_LOAD='(0.0005,0.265)';
      PIN_NUMBER='(0,14,9,7)';
      PIN_GROUP='1';
    'A'<0>:
      INPUT_LOAD='(0.0005,0.265)';
      PIN_NUMBER='(0,13,8,5)';
      PIN_GROUP='1';
  end_pin;
  body
    POWER_PINS='(GND:2;GND:20;VEE:10)';
    FAMILY='ECL10KH';
    SECTION='1';
    SECTION='0';
    NC_PINS='(16,11,6,1)';
    JEDEC_TYPE='PLCC20';
    CLASS='IC';
    PART_NAME='10H103_l';
    TECH='10KH';  
  end_body;
end_primitive;
END.
