FILE_TYPE=LIBRARY_PARTS;
TIME=' COMPILATION ON FRI OCT 20 11:53:28 1995';
primitive 'FIFO_CTRL';
  pin
    'P7':
      PIN_NUMBER='(7)';
      INPUT_LOAD='(*,*)';
      OUTPUT_LOAD='(*,*)';
      OUTPUT_TYPE='(TS,TS)';
      BIDIRECTIONAL='TRUE';
    'P8':
      PIN_NUMBER='(8)';
      INPUT_LOAD='(*,*)';
      OUTPUT_LOAD='(*,*)';
      OUTPUT_TYPE='(TS,TS)';
      BIDIRECTIONAL='TRUE';
    'P10':
      PIN_NUMBER='(10)';
      INPUT_LOAD='(*,*)';
      OUTPUT_LOAD='(*,*)';
      OUTPUT_TYPE='(TS,TS)';
      BIDIRECTIONAL='TRUE';
    'P11':
      PIN_NUMBER='(11)';
      INPUT_LOAD='(*,*)';
      OUTPUT_LOAD='(*,*)';
      OUTPUT_TYPE='(TS,TS)';
      BIDIRECTIONAL='TRUE';
    '-PWRDWN':
      PIN_NUMBER='(12)';
      INPUT_LOAD='(*,*)';
    'P28':
      PIN_NUMBER='(28)';
      INPUT_LOAD='(*,*)';
      OUTPUT_LOAD='(*,*)';
      OUTPUT_TYPE='(TS,TS)';
      BIDIRECTIONAL='TRUE';
    'P30':
      PIN_NUMBER='(30)';
      INPUT_LOAD='(*,*)';
      OUTPUT_LOAD='(*,*)';
      OUTPUT_TYPE='(TS,TS)';
      BIDIRECTIONAL='TRUE';
    '-RDATA':
      PIN_NUMBER='(31)';
      OUTPUT_LOAD='(*,*)';
    'RTRIG':
      PIN_NUMBER='(32)';
      INPUT_LOAD='(*,*)';
    'P34':
      PIN_NUMBER='(34)';
      INPUT_LOAD='(*,*)';
      OUTPUT_LOAD='(*,*)';
      OUTPUT_TYPE='(TS,TS)';
      BIDIRECTIONAL='TRUE';
    'P36':
      PIN_NUMBER='(36)';
      INPUT_LOAD='(*,*)';
      OUTPUT_LOAD='(*,*)';
      OUTPUT_TYPE='(TS,TS)';
      BIDIRECTIONAL='TRUE';
    'P38':
      PIN_NUMBER='(38)';
      INPUT_LOAD='(*,*)';
      OUTPUT_LOAD='(*,*)';
      OUTPUT_TYPE='(TS,TS)';
      BIDIRECTIONAL='TRUE';
    'P44':
      PIN_NUMBER='(44)';
      INPUT_LOAD='(*,*)';
      OUTPUT_LOAD='(*,*)';
      OUTPUT_TYPE='(TS,TS)';
      BIDIRECTIONAL='TRUE';
    'P46':
      PIN_NUMBER='(46)';
      INPUT_LOAD='(*,*)';
      OUTPUT_LOAD='(*,*)';
      OUTPUT_TYPE='(TS,TS)';
      BIDIRECTIONAL='TRUE';
    'P48':
      PIN_NUMBER='(48)';
      INPUT_LOAD='(*,*)';
      OUTPUT_LOAD='(*,*)';
      OUTPUT_TYPE='(TS,TS)';
      BIDIRECTIONAL='TRUE';
    'P52':
      PIN_NUMBER='(52)';
      INPUT_LOAD='(*,*)';
      OUTPUT_LOAD='(*,*)';
      OUTPUT_TYPE='(TS,TS)';
      BIDIRECTIONAL='TRUE';
    'P53':
      PIN_NUMBER='(53)';
      INPUT_LOAD='(*,*)';
      OUTPUT_LOAD='(*,*)';
      OUTPUT_TYPE='(TS,TS)';
      BIDIRECTIONAL='TRUE';
    '-PROGRAM':
      PIN_NUMBER='(55)';
      INPUT_LOAD='(*,*)';
    'CCLK':
      PIN_NUMBER='(74)';
      INPUT_LOAD='(*,*)';
    'P75':
      PIN_NUMBER='(75)';
      INPUT_LOAD='(*,*)';
      OUTPUT_LOAD='(*,*)';
      OUTPUT_TYPE='(TS,TS)';
      BIDIRECTIONAL='TRUE';
    'P76':
      PIN_NUMBER='(76)';
      INPUT_LOAD='(*,*)';
      OUTPUT_LOAD='(*,*)';
      OUTPUT_TYPE='(TS,TS)';
      BIDIRECTIONAL='TRUE';
    'P78':
      PIN_NUMBER='(78)';
      INPUT_LOAD='(*,*)';
      OUTPUT_LOAD='(*,*)';
      OUTPUT_TYPE='(TS,TS)';
      BIDIRECTIONAL='TRUE';
    'SDOUT':
      PIN_NUMBER='(73)';
      OUTPUT_LOAD='(*,*)';
    'SDIN':
      PIN_NUMBER='(72)';
      INPUT_LOAD='(*,*)';
    'M2':
      PIN_NUMBER='(33)';
      OUTPUT_LOAD='(*,*)';
    '-RESET':
      PIN_NUMBER='(54)';
      INPUT_LOAD='(*,*)';
    '-BXREG_WR':
      PIN_NUMBER='(6)';
      INPUT_LOAD='(*,*)';
    '-BXREG_RD':
      PIN_NUMBER='(9)';
      INPUT_LOAD='(*,*)';
    'BXREG_ADD'<1>:
      PIN_NUMBER='(35)';
      INPUT_LOAD='(*,*)';
    'BXREG_ADD'<0>:
      PIN_NUMBER='(41)';
      INPUT_LOAD='(*,*)';
    '-BWRITE_ENABLE':
      PIN_NUMBER='(39)';
      OUTPUT_LOAD='(*,*)';
    '-BWRITE_ADD_SEL':
      PIN_NUMBER='(77)';
      INPUT_LOAD='(*,*)';
    '-BREAD_ENABLE':
      PIN_NUMBER='(45)';
      OUTPUT_LOAD='(*,*)';
    '-BREAD_ADD_SEL':
      PIN_NUMBER='(4)';
      INPUT_LOAD='(*,*)';
    '-BMEM_WRITE':
      PIN_NUMBER='(37)';
      INPUT_LOAD='(*,*)';
    '-BMEM_READ':
      PIN_NUMBER='(29)';
      INPUT_LOAD='(*,*)';
    'BD'<19>:
      PIN_NUMBER='(50)';
      INPUT_LOAD='(*,*)';
      OUTPUT_LOAD='(*,*)';
      OUTPUT_TYPE='(TS,TS)';
      BIDIRECTIONAL='TRUE';
    'BD'<18>:
      PIN_NUMBER='(49)';
      INPUT_LOAD='(*,*)';
      OUTPUT_LOAD='(*,*)';
      OUTPUT_TYPE='(TS,TS)';
      BIDIRECTIONAL='TRUE';
    'BD'<17>:
      PIN_NUMBER='(51)';
      INPUT_LOAD='(*,*)';
      OUTPUT_LOAD='(*,*)';
      OUTPUT_TYPE='(TS,TS)';
      BIDIRECTIONAL='TRUE';
    'BD'<16>:
      PIN_NUMBER='(47)';
      INPUT_LOAD='(*,*)';
      OUTPUT_LOAD='(*,*)';
      OUTPUT_TYPE='(TS,TS)';
      BIDIRECTIONAL='TRUE';
    'BD'<15>:
      PIN_NUMBER='(17)';
      INPUT_LOAD='(*,*)';
      OUTPUT_LOAD='(*,*)';
      OUTPUT_TYPE='(TS,TS)';
      BIDIRECTIONAL='TRUE';
    'BD'<14>:
      PIN_NUMBER='(18)';
      INPUT_LOAD='(*,*)';
      OUTPUT_LOAD='(*,*)';
      OUTPUT_TYPE='(TS,TS)';
      BIDIRECTIONAL='TRUE';
    'BD'<13>:
      PIN_NUMBER='(3)';
      INPUT_LOAD='(*,*)';
      OUTPUT_LOAD='(*,*)';
      OUTPUT_TYPE='(TS,TS)';
      BIDIRECTIONAL='TRUE';
    'BD'<12>:
      PIN_NUMBER='(16)';
      INPUT_LOAD='(*,*)';
      OUTPUT_LOAD='(*,*)';
      OUTPUT_TYPE='(TS,TS)';
      BIDIRECTIONAL='TRUE';
    'BD'<11>:
      PIN_NUMBER='(15)';
      INPUT_LOAD='(*,*)';
      OUTPUT_LOAD='(*,*)';
      OUTPUT_TYPE='(TS,TS)';
      BIDIRECTIONAL='TRUE';
    'BD'<10>:
      PIN_NUMBER='(14)';
      INPUT_LOAD='(*,*)';
      OUTPUT_LOAD='(*,*)';
      OUTPUT_TYPE='(TS,TS)';
      BIDIRECTIONAL='TRUE';
    'BD'<9>:
      PIN_NUMBER='(5)';
      INPUT_LOAD='(*,*)';
      OUTPUT_LOAD='(*,*)';
      OUTPUT_TYPE='(TS,TS)';
      BIDIRECTIONAL='TRUE';
    'BD'<8>:
      PIN_NUMBER='(13)';
      INPUT_LOAD='(*,*)';
      OUTPUT_LOAD='(*,*)';
      OUTPUT_TYPE='(TS,TS)';
      BIDIRECTIONAL='TRUE';
    'BD'<7>:
      PIN_NUMBER='(25)';
      INPUT_LOAD='(*,*)';
      OUTPUT_LOAD='(*,*)';
      OUTPUT_TYPE='(TS,TS)';
      BIDIRECTIONAL='TRUE';
    'BD'<6>:
      PIN_NUMBER='(27)';
      INPUT_LOAD='(*,*)';
      OUTPUT_LOAD='(*,*)';
      OUTPUT_TYPE='(TS,TS)';
      BIDIRECTIONAL='TRUE';
    'BD'<5>:
      PIN_NUMBER='(26)';
      INPUT_LOAD='(*,*)';
      OUTPUT_LOAD='(*,*)';
      OUTPUT_TYPE='(TS,TS)';
      BIDIRECTIONAL='TRUE';
    'BD'<4>:
      PIN_NUMBER='(40)';
      INPUT_LOAD='(*,*)';
      OUTPUT_LOAD='(*,*)';
      OUTPUT_TYPE='(TS,TS)';
      BIDIRECTIONAL='TRUE';
    'BD'<3>:
      PIN_NUMBER='(19)';
      INPUT_LOAD='(*,*)';
      OUTPUT_LOAD='(*,*)';
      OUTPUT_TYPE='(TS,TS)';
      BIDIRECTIONAL='TRUE';
    'BD'<2>:
      PIN_NUMBER='(24)';
      INPUT_LOAD='(*,*)';
      OUTPUT_LOAD='(*,*)';
      OUTPUT_TYPE='(TS,TS)';
      BIDIRECTIONAL='TRUE';
    'BD'<1>:
      PIN_NUMBER='(20)';
      INPUT_LOAD='(*,*)';
      OUTPUT_LOAD='(*,*)';
      OUTPUT_TYPE='(TS,TS)';
      BIDIRECTIONAL='TRUE';
    'BD'<0>:
      PIN_NUMBER='(23)';
      INPUT_LOAD='(*,*)';
      OUTPUT_LOAD='(*,*)';
      OUTPUT_TYPE='(TS,TS)';
      BIDIRECTIONAL='TRUE';
    'BADD_OUT'<19>:
      PIN_NUMBER='(58)';
      INPUT_LOAD='(*,*)';
      OUTPUT_LOAD='(*,*)';
      OUTPUT_TYPE='(TS,TS)';
    'BADD_OUT'<18>:
      PIN_NUMBER='(56)';
      INPUT_LOAD='(*,*)';
      OUTPUT_LOAD='(*,*)';
      OUTPUT_TYPE='(TS,TS)';
    'BADD_OUT'<17>:
      PIN_NUMBER='(59)';
      INPUT_LOAD='(*,*)';
      OUTPUT_LOAD='(*,*)';
      OUTPUT_TYPE='(TS,TS)';
    'BADD_OUT'<16>:
      PIN_NUMBER='(57)';
      INPUT_LOAD='(*,*)';
      OUTPUT_LOAD='(*,*)';
      OUTPUT_TYPE='(TS,TS)';
    'BADD_OUT'<15>:
      PIN_NUMBER='(71)';
      INPUT_LOAD='(*,*)';
      OUTPUT_LOAD='(*,*)';
      OUTPUT_TYPE='(TS,TS)';
    'BADD_OUT'<14>:
      PIN_NUMBER='(68)';
      INPUT_LOAD='(*,*)';
      OUTPUT_LOAD='(*,*)';
      OUTPUT_TYPE='(TS,TS)';
    'BADD_OUT'<13>:
      PIN_NUMBER='(70)';
      INPUT_LOAD='(*,*)';
      OUTPUT_LOAD='(*,*)';
      OUTPUT_TYPE='(TS,TS)';
    'BADD_OUT'<12>:
      PIN_NUMBER='(83)';
      INPUT_LOAD='(*,*)';
      OUTPUT_LOAD='(*,*)';
      OUTPUT_TYPE='(TS,TS)';
    'BADD_OUT'<11>:
      PIN_NUMBER='(82)';
      INPUT_LOAD='(*,*)';
      OUTPUT_LOAD='(*,*)';
      OUTPUT_TYPE='(TS,TS)';
    'BADD_OUT'<10>:
      PIN_NUMBER='(84)';
      INPUT_LOAD='(*,*)';
      OUTPUT_LOAD='(*,*)';
      OUTPUT_TYPE='(TS,TS)';
    'BADD_OUT'<9>:
      PIN_NUMBER='(81)';
      INPUT_LOAD='(*,*)';
      OUTPUT_LOAD='(*,*)';
      OUTPUT_TYPE='(TS,TS)';
    'BADD_OUT'<8>:
      PIN_NUMBER='(79)';
      INPUT_LOAD='(*,*)';
      OUTPUT_LOAD='(*,*)';
      OUTPUT_TYPE='(TS,TS)';
    'BADD_OUT'<7>:
      PIN_NUMBER='(62)';
      INPUT_LOAD='(*,*)';
      OUTPUT_LOAD='(*,*)';
      OUTPUT_TYPE='(TS,TS)';
    'BADD_OUT'<6>:
      PIN_NUMBER='(60)';
      INPUT_LOAD='(*,*)';
      OUTPUT_LOAD='(*,*)';
      OUTPUT_TYPE='(TS,TS)';
    'BADD_OUT'<5>:
      PIN_NUMBER='(61)';
      INPUT_LOAD='(*,*)';
      OUTPUT_LOAD='(*,*)';
      OUTPUT_TYPE='(TS,TS)';
    'BADD_OUT'<4>:
      PIN_NUMBER='(69)';
      INPUT_LOAD='(*,*)';
      OUTPUT_LOAD='(*,*)';
      OUTPUT_TYPE='(TS,TS)';
    'BADD_OUT'<3>:
      PIN_NUMBER='(80)';
      INPUT_LOAD='(*,*)';
      OUTPUT_LOAD='(*,*)';
      OUTPUT_TYPE='(TS,TS)';
    'BADD_OUT'<2>:
      PIN_NUMBER='(67)';
      INPUT_LOAD='(*,*)';
      OUTPUT_LOAD='(*,*)';
      OUTPUT_TYPE='(TS,TS)';
    'BADD_OUT'<1>:
      PIN_NUMBER='(66)';
      INPUT_LOAD='(*,*)';
      OUTPUT_LOAD='(*,*)';
      OUTPUT_TYPE='(TS,TS)';
    'BADD_OUT'<0>:
      PIN_NUMBER='(63)';
      INPUT_LOAD='(*,*)';
      OUTPUT_LOAD='(*,*)';
      OUTPUT_TYPE='(TS,TS)';
  end_pin;
  body 
    BODY_NAME='fifo_ctrl';
    PINCOUNT='84';
    JEDEC_TYPE='PLCC84';
    CLASS='IC';
    POWER_PINS='(VCC:2,22,42,64;GND:1,21,43,65)';
  end_body;
end_primitive;
END.
