FILE_TYPE=LIBRARY_PARTS;
TIME=' COMPILATION ON FRI JUL 28 13:44:21 1995  ';
primitive '74GTL16612';
  pin
    '-OEAB':
      PIN_NUMBER='(1,1,1,1,1,1,1,1,1,1,1,1,1,1,1,1,1,1)';
      INPUT_LOAD='(-0.01,0.01)';
    'LEAB':
      PIN_NUMBER='(2,2,2,2,2,2,2,2,2,2,2,2,2,2,2,2,2,2)';
      INPUT_LOAD='(-0.01,0.01)';
    'A'<0>:
      PIN_NUMBER='(3,5,6,8,9,10,12,13,14,15,16,17,19,20,21,23,24,26)';
      INPUT_LOAD='(-0.01,0.01)';
      OUTPUT_LOAD='(1.00,-1.00)';
      OUTPUT_TYPE='(TS,TS)';
      BIDIRECTIONAL='TRUE';
    '-OEBA':
      PIN_NUMBER='(27,27,27,27,27,27,27,27,27,27,27,27,27,27,27,27,27,27)';
      INPUT_LOAD='(-0.01,0.01)';
    'LEBA':
      PIN_NUMBER='(28,28,28,28,28,28,28,28,28,28,28,28,28,28,28,28,28,28)';
      INPUT_LOAD='(-0.01,0.01)';
    '-CEAB':
      PIN_NUMBER='(56,56,56,56,56,56,56,56,56,56,56,56,56,56,56,56,56,56)';
      INPUT_LOAD='(-0.01,0.01)';
    'CLKAB':
      PIN_NUMBER='(55,55,55,55,55,55,55,55,55,55,55,55,55,55,55,55,55,55)';
      INPUT_LOAD='(-0.01,0.01)';
    'B'<0>:
      PIN_NUMBER='(54,52,51,49,48,47,45,44,43,42,41,40,38,37,36,34,33,31)';
      INPUT_LOAD='(-0.01,0.01)';
      OUTPUT_LOAD='(1.00,-1.00)';
      OUTPUT_TYPE='(TS,TS)';
      BIDIRECTIONAL='TRUE';
    'CLKBA':
      PIN_NUMBER='(30,30,30,30,30,30,30,30,30,30,30,30,30,30,30,30,30,30)';
      INPUT_LOAD='(-0.01,0.01)';
    '-CEBA':
      PIN_NUMBER='(29,29,29,29,29,29,29,29,29,29,29,29,29,29,29,29,29,29)';
      INPUT_LOAD='(-0.01,0.01)';
    'GND01':
      PIN_NUMBER='(4,4,4,4,4,4,4,4,4,4,4,4,4,4,4,4,4,4)';
      PIN_TYPE='POWER';
      NO_LOAD_CHECK='BOTH';
      UNKNOWN_LOADING='TRUE';
    'GND02':
      PIN_NUMBER='(11,11,11,11,11,11,11,11,11,11,11,11,11,11,11,11,11,11)';
      PIN_TYPE='POWER';
      NO_LOAD_CHECK='BOTH';
      UNKNOWN_LOADING='TRUE';
    'GND03':
      PIN_NUMBER='(18,18,18,18,18,18,18,18,18,18,18,18,18,18,18,18,18,18)';
      PIN_TYPE='POWER';
      NO_LOAD_CHECK='BOTH';
      UNKNOWN_LOADING='TRUE';
    'GND04':
      PIN_NUMBER='(25,25,25,25,25,25,25,25,25,25,25,25,25,25,25,25,25,25)';
      PIN_TYPE='POWER';
      NO_LOAD_CHECK='BOTH';
      UNKNOWN_LOADING='TRUE';
    'GND05':
      PIN_NUMBER='(32,32,32,32,32,32,32,32,32,32,32,32,32,32,32,32,32,32)';
      PIN_TYPE='POWER';
      NO_LOAD_CHECK='BOTH';
      UNKNOWN_LOADING='TRUE';
    'GND06':
      PIN_NUMBER='(39,39,39,39,39,39,39,39,39,39,39,39,39,39,39,39,39,39)';
      PIN_TYPE='POWER';
      NO_LOAD_CHECK='BOTH';
      UNKNOWN_LOADING='TRUE';
    'GND07':
      PIN_NUMBER='(46,46,46,46,46,46,46,46,46,46,46,46,46,46,46,46,46,46)';
      PIN_TYPE='POWER';
      NO_LOAD_CHECK='BOTH';
      UNKNOWN_LOADING='TRUE';
    'GND08':
      PIN_NUMBER='(53,53,53,53,53,53,53,53,53,53,53,53,53,53,53,53,53,53)';
      PIN_TYPE='POWER';
      NO_LOAD_CHECK='BOTH';
      UNKNOWN_LOADING='TRUE';
    'VCC5':
      PIN_NUMBER='(50,50,50,50,50,50,50,50,50,50,50,50,50,50,50,50,50,50)';
      PIN_TYPE='POWER';
      NO_LOAD_CHECK='BOTH';
      UNKNOWN_LOADING='TRUE';
    'VCC3_3A':
      PIN_NUMBER='(7,7,7,7,7,7,7,7,7,7,7,7,7,7,7,7,7,7)';
      PIN_TYPE='POWER';
      NO_LOAD_CHECK='BOTH';
      UNKNOWN_LOADING='TRUE';
    'VCC3_3B':
      PIN_NUMBER='(22,22,22,22,22,22,22,22,22,22,22,22,22,22,22,22,22,22)';
      PIN_TYPE='POWER';
      NO_LOAD_CHECK='BOTH';
      UNKNOWN_LOADING='TRUE';
    'VREF':
      PIN_NUMBER='(35,35,35,35,35,35,35,35,35,35,35,35,35,35,35,35,35,35)';
      PIN_TYPE='POWER';
      NO_LOAD_CHECK='BOTH';
      UNKNOWN_LOADING='TRUE';
  end_pin;
  body
     JEDEC_TYPE='GTL16612_DL';
     CLASS='IC';
  end_body;
end_primitive;
primitive '74GTL16612_DGG';
  pin
    '-OEAB':
      PIN_NUMBER='(1,1,1,1,1,1,1,1,1,1,1,1,1,1,1,1,1,1)';
      INPUT_LOAD='(-0.01,0.01)';
    'LEAB':
      PIN_NUMBER='(2,2,2,2,2,2,2,2,2,2,2,2,2,2,2,2,2,2)';
      INPUT_LOAD='(-0.01,0.01)';
    'A'<0>:
      PIN_NUMBER='(3,5,6,8,9,10,12,13,14,15,16,17,19,20,21,23,24,26)';
      INPUT_LOAD='(-0.01,0.01)';
      OUTPUT_LOAD='(1.00,-1.00)';
      OUTPUT_TYPE='(TS,TS)';
      BIDIRECTIONAL='TRUE';
    '-OEBA':
      PIN_NUMBER='(27,27,27,27,27,27,27,27,27,27,27,27,27,27,27,27,27,27)';
      INPUT_LOAD='(-0.01,0.01)';
    'LEBA':
      PIN_NUMBER='(28,28,28,28,28,28,28,28,28,28,28,28,28,28,28,28,28,28)';
      INPUT_LOAD='(-0.01,0.01)';
    '-CEAB':
      PIN_NUMBER='(56,56,56,56,56,56,56,56,56,56,56,56,56,56,56,56,56,56)';
      INPUT_LOAD='(-0.01,0.01)';
    'CLKAB':
      PIN_NUMBER='(55,55,55,55,55,55,55,55,55,55,55,55,55,55,55,55,55,55)';
      INPUT_LOAD='(-0.01,0.01)';
    'B'<0>:
      PIN_NUMBER='(54,52,51,49,48,47,45,44,43,42,41,40,38,37,36,34,33,31)';
      INPUT_LOAD='(-0.01,0.01)';
      OUTPUT_LOAD='(1.00,-1.00)';
      OUTPUT_TYPE='(TS,TS)';
      BIDIRECTIONAL='TRUE';
    'CLKBA':
      PIN_NUMBER='(30,30,30,30,30,30,30,30,30,30,30,30,30,30,30,30,30,30)';
      INPUT_LOAD='(-0.01,0.01)';
    '-CEBA':
      PIN_NUMBER='(29,29,29,29,29,29,29,29,29,29,29,29,29,29,29,29,29,29)';
      INPUT_LOAD='(-0.01,0.01)';
    'GND01':
      PIN_NUMBER='(4,4,4,4,4,4,4,4,4,4,4,4,4,4,4,4,4,4)';
      PIN_TYPE='POWER';
      NO_LOAD_CHECK='BOTH';
      UNKNOWN_LOADING='TRUE';
    'GND02':
      PIN_NUMBER='(11,11,11,11,11,11,11,11,11,11,11,11,11,11,11,11,11,11)';
      PIN_TYPE='POWER';
      NO_LOAD_CHECK='BOTH';
      UNKNOWN_LOADING='TRUE';
    'GND03':
      PIN_NUMBER='(18,18,18,18,18,18,18,18,18,18,18,18,18,18,18,18,18,18)';
      PIN_TYPE='POWER';
      NO_LOAD_CHECK='BOTH';
      UNKNOWN_LOADING='TRUE';
    'GND04':
      PIN_NUMBER='(25,25,25,25,25,25,25,25,25,25,25,25,25,25,25,25,25,25)';
      PIN_TYPE='POWER';
      NO_LOAD_CHECK='BOTH';
      UNKNOWN_LOADING='TRUE';
    'GND05':
      PIN_NUMBER='(32,32,32,32,32,32,32,32,32,32,32,32,32,32,32,32,32,32)';
      PIN_TYPE='POWER';
      NO_LOAD_CHECK='BOTH';
      UNKNOWN_LOADING='TRUE';
    'GND06':
      PIN_NUMBER='(39,39,39,39,39,39,39,39,39,39,39,39,39,39,39,39,39,39)';
      PIN_TYPE='POWER';
      NO_LOAD_CHECK='BOTH';
      UNKNOWN_LOADING='TRUE';
    'GND07':
      PIN_NUMBER='(46,46,46,46,46,46,46,46,46,46,46,46,46,46,46,46,46,46)';
      PIN_TYPE='POWER';
      NO_LOAD_CHECK='BOTH';
      UNKNOWN_LOADING='TRUE';
    'GND08':
      PIN_NUMBER='(53,53,53,53,53,53,53,53,53,53,53,53,53,53,53,53,53,53)';
      PIN_TYPE='POWER';
      NO_LOAD_CHECK='BOTH';
      UNKNOWN_LOADING='TRUE';
    'VCC5':
      PIN_NUMBER='(50,50,50,50,50,50,50,50,50,50,50,50,50,50,50,50,50,50)';
      PIN_TYPE='POWER';
      NO_LOAD_CHECK='BOTH';
      UNKNOWN_LOADING='TRUE';
    'VCC3_3A':
      PIN_NUMBER='(7,7,7,7,7,7,7,7,7,7,7,7,7,7,7,7,7,7)';
      PIN_TYPE='POWER';
      NO_LOAD_CHECK='BOTH';
      UNKNOWN_LOADING='TRUE';
    'VCC3_3B':
      PIN_NUMBER='(22,22,22,22,22,22,22,22,22,22,22,22,22,22,22,22,22,22)';
      PIN_TYPE='POWER';
      NO_LOAD_CHECK='BOTH';
      UNKNOWN_LOADING='TRUE';
    'VREF':
      PIN_NUMBER='(35,35,35,35,35,35,35,35,35,35,35,35,35,35,35,35,35,35)';
      PIN_TYPE='POWER';
      NO_LOAD_CHECK='BOTH';
      UNKNOWN_LOADING='TRUE';
  end_pin;
  body
    JEDEC_TYPE='DGG';
    CLASS='IC';
  end_body;
end_primitive;
END.
