FILE_TYPE=LIBRARY_PARTS;
TIME=' COMPILATION ON FRI MAR 17 16:21:38 1995  ';
primitive '2N3904_l';
  pin
    'E':
      PIN_NUMBER='(1)';
      ALLOW_CONNECT='TRUE';
      PIN_TYPE='ANALOG';
      NO_LOAD_CHECK='BOTH';
      UNKNOWN_LOADING='TRUE';
    'B':
      PIN_NUMBER='(2)';
      ALLOW_CONNECT='TRUE';
      PIN_TYPE='ANALOG';
      NO_LOAD_CHECK='BOTH';
      UNKNOWN_LOADING='TRUE';
    'C':
      PIN_NUMBER='(3)';
      ALLOW_CONNECT='TRUE';
      PIN_TYPE='ANALOG';
      NO_LOAD_CHECK='BOTH';
      UNKNOWN_LOADING='TRUE';
  end_pin;
  body
    JEDEC_TYPE='TO92';
    CLASS='DISCRETE';
    LAST_MODIFIED='MON OCT 5 13:48:08 1987';
    ABBREV='2N3904';
    NEEDS_NO_SIZE='TRUE';
    PHYS_DES_PREFIX='Q';
    LEADOUT_STYLE='TO92_1';
    PINCOUNT='3';
    PATH='10P';
    SIZE='1';
  end_body;
end_primitive;
END.
