FILE_TYPE=LIBRARY_PARTS ;
TIME=' Compilation on Thu Sep 21 14:42:06 1989  ';
PRIMITIVE 'CAP_L';
 PIN
  'A'<0>:
   PIN_NUMBER='(2)';
   PIN_GROUP='1';
      NO_LOAD_CHECK='BOTH';
      UNKNOWN_LOADING='TRUE';
  'B'<0>:
   PIN_NUMBER='(1)';
   PIN_GROUP='1';
      NO_LOAD_CHECK='BOTH';
      UNKNOWN_LOADING='TRUE';
 END_PIN;
 BODY
  PATH='1P';
  DRAWING='ELEMENTCHIPS.LOGIC.1.1';
  PRIM_TYPE='CHIPS_PRT';
  PRIM_FILE='/modeler/build/awbged/element/capacitor/chips_prt';
  VER='1';
  XY='(1400,2400)';
  PHYS_DES_PREFIX='C';
  DIR='ELEMENT.LIB';
  ROT='0';
  CLASS='DISCRETE';
  PINCOUNT='2';
  SIZE='1';
  JEDEC_TYPE='CAP805';
  ALT_SYMBOLS='(CAP1206,TANTALUM_B,HV_CAP,HV_CAP_2,TANTALUM_D)';
  PART_NAME='CAP_L';
 END_BODY;
END_PRIMITIVE;

PRIMITIVE 'CAP_L_TANT';
 PIN
  'A'<0>:
   PIN_NUMBER='(2)';
   PIN_GROUP='1';
      NO_LOAD_CHECK='BOTH';
      UNKNOWN_LOADING='TRUE';
  'B'<0>:
   PIN_NUMBER='(1)';
   PIN_GROUP='1';
      NO_LOAD_CHECK='BOTH';
      UNKNOWN_LOADING='TRUE';
 END_PIN;
 BODY
  PATH='1P';
  DRAWING='ELEMENTCHIPS.LOGIC.1.1';
  PRIM_TYPE='CHIPS_PRT';
  PRIM_FILE='/modeler/build/awbged/element/capacitor/chips_prt';
  VER='1';
  XY='(1400,2400)';
  PHYS_DES_PREFIX='C';
  DIR='ELEMENT.LIB';
  ROT='0';
  CLASS='DISCRETE';
  PINCOUNT='2';
  SIZE='1';
  JEDEC_TYPE='TANTALUM_B';
  ALT_SYMBOLS='(TANTALUM_D)';
  PART_NAME='CAP_L';
 END_BODY;
END_PRIMITIVE;

PRIMITIVE 'CAP_L_1206';
 PIN
  'A'<0>:
   PIN_NUMBER='(2)';
   PIN_GROUP='1';
      NO_LOAD_CHECK='BOTH';
      UNKNOWN_LOADING='TRUE';
  'B'<0>:
   PIN_NUMBER='(1)';
   PIN_GROUP='1';
      NO_LOAD_CHECK='BOTH';
      UNKNOWN_LOADING='TRUE';
 END_PIN;
 BODY
  PATH='1P';
  DRAWING='ELEMENTCHIPS.LOGIC.1.1';
  PRIM_TYPE='CHIPS_PRT';
  PRIM_FILE='/modeler/build/awbged/element/capacitor/chips_prt';
  VER='1';
  XY='(1400,2400)';
  PHYS_DES_PREFIX='C';
  DIR='ELEMENT.LIB';
  ROT='0';
  CLASS='DISCRETE';
  PINCOUNT='2';
  SIZE='1';
  JEDEC_TYPE='CAP1206';
  PART_NAME='CAP_L';
 END_BODY;
END_PRIMITIVE;

PRIMITIVE 'CAP_L_BYPASS';
 PIN
  'A'<0>:
   PIN_NUMBER='(2)';
   PIN_GROUP='1';
      NO_LOAD_CHECK='BOTH';
      UNKNOWN_LOADING='TRUE';
  'B'<0>:
   PIN_NUMBER='(1)';
   PIN_GROUP='1';
      NO_LOAD_CHECK='BOTH';
      UNKNOWN_LOADING='TRUE';
 END_PIN;
 BODY
  PATH='1P';
  DRAWING='ELEMENTCHIPS.LOGIC.1.1';
  PRIM_TYPE='CHIPS_PRT';
  PRIM_FILE='/modeler/build/awbged/element/capacitor/chips_prt';
  VER='1';
  XY='(1400,2400)';
  PHYS_DES_PREFIX='CB';
  DIR='ELEMENT.LIB';
  ROT='0';
  CLASS='DISCRETE';
  PINCOUNT='2';
  SIZE='1';
  JEDEC_TYPE='CAP805BP';
  ALT_SYMBOLS='(CAP1206BP,TANTALUM_B,TANTALUM_D)';
  PART_NAME='CAP_L';
 END_BODY;
END_PRIMITIVE;

PRIMITIVE 'CAP_L_BP5M';
 PIN
  'A'<0>:
   PIN_NUMBER='(2)';
   PIN_GROUP='1';
      NO_LOAD_CHECK='BOTH';
      UNKNOWN_LOADING='TRUE';
  'B'<0>:
   PIN_NUMBER='(1)';
   PIN_GROUP='1';
      NO_LOAD_CHECK='BOTH';
      UNKNOWN_LOADING='TRUE';
 END_PIN;
 BODY
  PATH='1P';
  DRAWING='ELEMENTCHIPS.LOGIC.1.1';
  PRIM_TYPE='CHIPS_PRT';
  PRIM_FILE='/modeler/build/awbged/element/capacitor/chips_prt';
  VER='1';
  XY='(1400,2400)';
  PHYS_DES_PREFIX='CB5M';
  DIR='ELEMENT.LIB';
  ROT='0';
  CLASS='DISCRETE';
  PINCOUNT='2';
  SIZE='1';
  JEDEC_TYPE='CAP805BP';
  ALT_SYMBOLS='(CAP1206BP,TANTALUM_B,TANTALUM_D)';
  PART_NAME='CAP_L';
 END_BODY;
END_PRIMITIVE;

PRIMITIVE 'CAP_L_BP24P';
 PIN
  'A'<0>:
   PIN_NUMBER='(2)';
   PIN_GROUP='1';
      NO_LOAD_CHECK='BOTH';
      UNKNOWN_LOADING='TRUE';
  'B'<0>:
   PIN_NUMBER='(1)';
   PIN_GROUP='1';
      NO_LOAD_CHECK='BOTH';
      UNKNOWN_LOADING='TRUE';
 END_PIN;
 BODY
  PATH='1P';
  DRAWING='ELEMENTCHIPS.LOGIC.1.1';
  PRIM_TYPE='CHIPS_PRT';
  PRIM_FILE='/modeler/build/awbged/element/capacitor/chips_prt';
  VER='1';
  XY='(1400,2400)';
  PHYS_DES_PREFIX='CB24P';
  DIR='ELEMENT.LIB';
  ROT='0';
  CLASS='DISCRETE';
  PINCOUNT='2';
  SIZE='1';
  JEDEC_TYPE='CAP805BP';
  ALT_SYMBOLS='(CAP1206BP,TANTALUM_B,TANTALUM_D)';
  PART_NAME='CAP_L';
 END_BODY;
END_PRIMITIVE;

PRIMITIVE 'CAP_L_BP24M';
 PIN
  'A'<0>:
   PIN_NUMBER='(2)';
   PIN_GROUP='1';
      NO_LOAD_CHECK='BOTH';
      UNKNOWN_LOADING='TRUE';
  'B'<0>:
   PIN_NUMBER='(1)';
   PIN_GROUP='1';
      NO_LOAD_CHECK='BOTH';
      UNKNOWN_LOADING='TRUE';
 END_PIN;
 BODY
  PATH='1P';
  DRAWING='ELEMENTCHIPS.LOGIC.1.1';
  PRIM_TYPE='CHIPS_PRT';
  PRIM_FILE='/modeler/build/awbged/element/capacitor/chips_prt';
  VER='1';
  XY='(1400,2400)';
  PHYS_DES_PREFIX='CB24M';
  DIR='ELEMENT.LIB';
  ROT='0';
  CLASS='DISCRETE';
  PINCOUNT='2';
  SIZE='1';
  JEDEC_TYPE='CAP805BP';
  ALT_SYMBOLS='(CAP1206BP,TANTALUM_B,TANTALUM_D)';
  PART_NAME='CAP_L';
 END_BODY;
END_PRIMITIVE;

PRIMITIVE 'CAP_L_BP15P';
 PIN
  'A'<0>:
   PIN_NUMBER='(2)';
   PIN_GROUP='1';
      NO_LOAD_CHECK='BOTH';
      UNKNOWN_LOADING='TRUE';
  'B'<0>:
   PIN_NUMBER='(1)';
   PIN_GROUP='1';
      NO_LOAD_CHECK='BOTH';
      UNKNOWN_LOADING='TRUE';
 END_PIN;
 BODY
  PATH='1P';
  DRAWING='ELEMENTCHIPS.LOGIC.1.1';
  PRIM_TYPE='CHIPS_PRT';
  PRIM_FILE='/modeler/build/awbged/element/capacitor/chips_prt';
  VER='1';
  XY='(1400,2400)';
  PHYS_DES_PREFIX='CB15P';
  DIR='ELEMENT.LIB';
  ROT='0';
  CLASS='DISCRETE';
  PINCOUNT='2';
  SIZE='1';
  JEDEC_TYPE='CAP805BP';
  ALT_SYMBOLS='(CAP1206BP,TANTALUM_B,TANTALUM_D)';
  PART_NAME='CAP_L';
 END_BODY;
END_PRIMITIVE;

PRIMITIVE 'CAP_L_BP15M';
 PIN
  'A'<0>:
   PIN_NUMBER='(2)';
   PIN_GROUP='1';
      NO_LOAD_CHECK='BOTH';
      UNKNOWN_LOADING='TRUE';
  'B'<0>:
   PIN_NUMBER='(1)';
   PIN_GROUP='1';
      NO_LOAD_CHECK='BOTH';
      UNKNOWN_LOADING='TRUE';
 END_PIN;
 BODY
  PATH='1P';
  DRAWING='ELEMENTCHIPS.LOGIC.1.1';
  PRIM_TYPE='CHIPS_PRT';
  PRIM_FILE='/modeler/build/awbged/element/capacitor/chips_prt';
  VER='1';
  XY='(1400,2400)';
  PHYS_DES_PREFIX='CB15M';
  DIR='ELEMENT.LIB';
  ROT='0';
  CLASS='DISCRETE';
  PINCOUNT='2';
  SIZE='1';
  JEDEC_TYPE='CAP805BP';
  ALT_SYMBOLS='(CAP1206BP,TANTALUM_B,TANTALUM_D)';
  PART_NAME='CAP_L';
 END_BODY;
END_PRIMITIVE;

PRIMITIVE 'CAP_L_BP8P';
 PIN
  'A'<0>:
   PIN_NUMBER='(2)';
   PIN_GROUP='1';
      NO_LOAD_CHECK='BOTH';
      UNKNOWN_LOADING='TRUE';
  'B'<0>:
   PIN_NUMBER='(1)';
   PIN_GROUP='1';
      NO_LOAD_CHECK='BOTH';
      UNKNOWN_LOADING='TRUE';
 END_PIN;
 BODY
  PATH='1P';
  DRAWING='ELEMENTCHIPS.LOGIC.1.1';
  PRIM_TYPE='CHIPS_PRT';
  PRIM_FILE='/modeler/build/awbged/element/capacitor/chips_prt';
  VER='1';
  XY='(1400,2400)';
  PHYS_DES_PREFIX='CB8P';
  DIR='ELEMENT.LIB';
  ROT='0';
  CLASS='DISCRETE';
  PINCOUNT='2';
  SIZE='1';
  JEDEC_TYPE='CAP805BP';
  ALT_SYMBOLS='(CAP1206BP,TANTALUM_B,TANTALUM_D)';
  PART_NAME='CAP_L';
 END_BODY;
END_PRIMITIVE;

PRIMITIVE 'CAP_L_BP8M';
 PIN
  'A'<0>:
   PIN_NUMBER='(2)';
   PIN_GROUP='1';
      NO_LOAD_CHECK='BOTH';
      UNKNOWN_LOADING='TRUE';
  'B'<0>:
   PIN_NUMBER='(1)';
   PIN_GROUP='1';
      NO_LOAD_CHECK='BOTH';
      UNKNOWN_LOADING='TRUE';
 END_PIN;
 BODY
  PATH='1P';
  DRAWING='ELEMENTCHIPS.LOGIC.1.1';
  PRIM_TYPE='CHIPS_PRT';
  PRIM_FILE='/modeler/build/awbged/element/capacitor/chips_prt';
  VER='1';
  XY='(1400,2400)';
  PHYS_DES_PREFIX='CB8M';
  DIR='ELEMENT.LIB';
  ROT='0';
  CLASS='DISCRETE';
  PINCOUNT='2';
  SIZE='1';
  JEDEC_TYPE='CAP805BP';
  ALT_SYMBOLS='(CAP1206BP,TANTALUM_B,TANTALUM_D)';
  PART_NAME='CAP_L';
 END_BODY;
END_PRIMITIVE;

PRIMITIVE 'CAP_L_BP4P';
 PIN
  'A'<0>:
   PIN_NUMBER='(2)';
   PIN_GROUP='1';
      NO_LOAD_CHECK='BOTH';
      UNKNOWN_LOADING='TRUE';
  'B'<0>:
   PIN_NUMBER='(1)';
   PIN_GROUP='1';
      NO_LOAD_CHECK='BOTH';
      UNKNOWN_LOADING='TRUE';
 END_PIN;
 BODY
  PATH='1P';
  DRAWING='ELEMENTCHIPS.LOGIC.1.1';
  PRIM_TYPE='CHIPS_PRT';
  PRIM_FILE='/modeler/build/awbged/element/capacitor/chips_prt';
  VER='1';
  XY='(1400,2400)';
  PHYS_DES_PREFIX='CB4P';
  DIR='ELEMENT.LIB';
  ROT='0';
  CLASS='DISCRETE';
  PINCOUNT='2';
  SIZE='1';
  JEDEC_TYPE='CAP805BP';
  ALT_SYMBOLS='(CAP1206BP,TANTALUM_B,TANTALUM_D)';
  PART_NAME='CAP_L';
 END_BODY;
END_PRIMITIVE;

PRIMITIVE 'CAP_L_BP3P';
 PIN
  'A'<0>:
   PIN_NUMBER='(2)';
   PIN_GROUP='1';
      NO_LOAD_CHECK='BOTH';
      UNKNOWN_LOADING='TRUE';
  'B'<0>:
   PIN_NUMBER='(1)';
   PIN_GROUP='1';
      NO_LOAD_CHECK='BOTH';
      UNKNOWN_LOADING='TRUE';
 END_PIN;
 BODY
  PATH='1P';
  DRAWING='ELEMENTCHIPS.LOGIC.1.1';
  PRIM_TYPE='CHIPS_PRT';
  PRIM_FILE='/modeler/build/awbged/element/capacitor/chips_prt';
  VER='1';
  XY='(1400,2400)';
  PHYS_DES_PREFIX='CB3P';
  DIR='ELEMENT.LIB';
  ROT='0';
  CLASS='DISCRETE';
  PINCOUNT='2';
  SIZE='1';
  JEDEC_TYPE='CAP805BP';
  ALT_SYMBOLS='(CAP1206BP,TANTALUM_B,TANTALUM_D)';
  PART_NAME='CAP_L';
 END_BODY;
END_PRIMITIVE;

PRIMITIVE 'CAP_L_BP3M';
 PIN
  'A'<0>:
   PIN_NUMBER='(2)';
   PIN_GROUP='1';
      NO_LOAD_CHECK='BOTH';
      UNKNOWN_LOADING='TRUE';
  'B'<0>:
   PIN_NUMBER='(1)';
   PIN_GROUP='1';
      NO_LOAD_CHECK='BOTH';
      UNKNOWN_LOADING='TRUE';
 END_PIN;
 BODY
  PATH='1P';
  DRAWING='ELEMENTCHIPS.LOGIC.1.1';
  PRIM_TYPE='CHIPS_PRT';
  PRIM_FILE='/modeler/build/awbged/element/capacitor/chips_prt';
  VER='1';
  XY='(1400,2400)';
  PHYS_DES_PREFIX='CB3M';
  DIR='ELEMENT.LIB';
  ROT='0';
  CLASS='DISCRETE';
  PINCOUNT='2';
  SIZE='1';
  JEDEC_TYPE='CAP805BP';
  ALT_SYMBOLS='(CAP1206BP,TANTALUM_B,TANTALUM_D)';
  PART_NAME='CAP_L';
 END_BODY;
END_PRIMITIVE;

PRIMITIVE 'CAP_L_BP2M';
 PIN
  'A'<0>:
   PIN_NUMBER='(2)';
   PIN_GROUP='1';
      NO_LOAD_CHECK='BOTH';
      UNKNOWN_LOADING='TRUE';
  'B'<0>:
   PIN_NUMBER='(1)';
   PIN_GROUP='1';
      NO_LOAD_CHECK='BOTH';
      UNKNOWN_LOADING='TRUE';
 END_PIN;
 BODY
  PATH='1P';
  DRAWING='ELEMENTCHIPS.LOGIC.1.1';
  PRIM_TYPE='CHIPS_PRT';
  PRIM_FILE='/modeler/build/awbged/element/capacitor/chips_prt';
  VER='1';
  XY='(1400,2400)';
  PHYS_DES_PREFIX='CB2M';
  DIR='ELEMENT.LIB';
  ROT='0';
  CLASS='DISCRETE';
  PINCOUNT='2';
  SIZE='1';
  JEDEC_TYPE='CAP805BP';
  ALT_SYMBOLS='(CAP1206BP,TANTALUM_B,TANTALUM_D)';
  PART_NAME='CAP_L';
 END_BODY;
END_PRIMITIVE;

PRIMITIVE 'CAP_L_BPR2M';
 PIN
  'A'<0>:
   PIN_NUMBER='(2)';
   PIN_GROUP='1';
      NO_LOAD_CHECK='BOTH';
      UNKNOWN_LOADING='TRUE';
  'B'<0>:
   PIN_NUMBER='(1)';
   PIN_GROUP='1';
      NO_LOAD_CHECK='BOTH';
      UNKNOWN_LOADING='TRUE';
 END_PIN;
 BODY
  PATH='1P';
  DRAWING='ELEMENTCHIPS.LOGIC.1.1';
  PRIM_TYPE='CHIPS_PRT';
  PRIM_FILE='/modeler/build/awbged/element/capacitor/chips_prt';
  VER='1';
  XY='(1400,2400)';
  PHYS_DES_PREFIX='CBR2M';
  DIR='ELEMENT.LIB';
  ROT='0';
  CLASS='DISCRETE';
  PINCOUNT='2';
  SIZE='1';
  JEDEC_TYPE='CAP805BP';
  ALT_SYMBOLS='(CAP1206BP,TANTALUM_B,TANTALUM_D)';
  PART_NAME='CAP_L';
 END_BODY;
END_PRIMITIVE;

PRIMITIVE 'CAP_L_BPR08P';
 PIN
  'A'<0>:
   PIN_NUMBER='(2)';
   PIN_GROUP='1';
      NO_LOAD_CHECK='BOTH';
      UNKNOWN_LOADING='TRUE';
  'B'<0>:
   PIN_NUMBER='(1)';
   PIN_GROUP='1';
      NO_LOAD_CHECK='BOTH';
      UNKNOWN_LOADING='TRUE';
 END_PIN;
 BODY
  PATH='1P';
  DRAWING='ELEMENTCHIPS.LOGIC.1.1';
  PRIM_TYPE='CHIPS_PRT';
  PRIM_FILE='/modeler/build/awbged/element/capacitor/chips_prt';
  VER='1';
  XY='(1400,2400)';
  PHYS_DES_PREFIX='CBR08P';
  DIR='ELEMENT.LIB';
  ROT='0';
  CLASS='DISCRETE';
  PINCOUNT='2';
  SIZE='1';
  JEDEC_TYPE='CAP805BP';
  ALT_SYMBOLS='(CAP1206BP,TANTALUM_B,TANTALUM_D)';
  PART_NAME='CAP_L';
 END_BODY;
END_PRIMITIVE;

PRIMITIVE 'CAP_L_BPR1P';
 PIN
  'A'<0>:
   PIN_NUMBER='(2)';
   PIN_GROUP='1';
      NO_LOAD_CHECK='BOTH';
      UNKNOWN_LOADING='TRUE';
  'B'<0>:
   PIN_NUMBER='(1)';
   PIN_GROUP='1';
      NO_LOAD_CHECK='BOTH';
      UNKNOWN_LOADING='TRUE';
 END_PIN;
 BODY
  PATH='1P';
  DRAWING='ELEMENTCHIPS.LOGIC.1.1';
  PRIM_TYPE='CHIPS_PRT';
  PRIM_FILE='/modeler/build/awbged/element/capacitor/chips_prt';
  VER='1';
  XY='(1400,2400)';
  PHYS_DES_PREFIX='CBR1P';
  DIR='ELEMENT.LIB';
  ROT='0';
  CLASS='DISCRETE';
  PINCOUNT='2';
  SIZE='1';
  JEDEC_TYPE='CAP805BP';
  ALT_SYMBOLS='(CAP1206BP,TANTALUM_B,TANTALUM_D)';
  PART_NAME='CAP_L';
 END_BODY;
END_PRIMITIVE;

PRIMITIVE 'CAP_L_BPR1M';
 PIN
  'A'<0>:
   PIN_NUMBER='(2)';
   PIN_GROUP='1';
      NO_LOAD_CHECK='BOTH';
      UNKNOWN_LOADING='TRUE';
  'B'<0>:
   PIN_NUMBER='(1)';
   PIN_GROUP='1';
      NO_LOAD_CHECK='BOTH';
      UNKNOWN_LOADING='TRUE';
 END_PIN;
 BODY
  PATH='1P';
  DRAWING='ELEMENTCHIPS.LOGIC.1.1';
  PRIM_TYPE='CHIPS_PRT';
  PRIM_FILE='/modeler/build/awbged/element/capacitor/chips_prt';
  VER='1';
  XY='(1400,2400)';
  PHYS_DES_PREFIX='CBR1M';
  DIR='ELEMENT.LIB';
  ROT='0';
  CLASS='DISCRETE';
  PINCOUNT='2';
  SIZE='1';
  JEDEC_TYPE='CAP805BP';
  ALT_SYMBOLS='(CAP1206BP,TANTALUM_B,TANTALUM_D)';
  PART_NAME='CAP_L';
 END_BODY;
END_PRIMITIVE;

PRIMITIVE 'CAP_L_BPR5P';
 PIN
  'A'<0>:
   PIN_NUMBER='(2)';
   PIN_GROUP='1';
      NO_LOAD_CHECK='BOTH';
      UNKNOWN_LOADING='TRUE';
  'B'<0>:
   PIN_NUMBER='(1)';
   PIN_GROUP='1';
      NO_LOAD_CHECK='BOTH';
      UNKNOWN_LOADING='TRUE';
 END_PIN;
 BODY
  PATH='1P';
  DRAWING='ELEMENTCHIPS.LOGIC.1.1';
  PRIM_TYPE='CHIPS_PRT';
  PRIM_FILE='/modeler/build/awbged/element/capacitor/chips_prt';
  VER='1';
  XY='(1400,2400)';
  PHYS_DES_PREFIX='CBR5P';
  DIR='ELEMENT.LIB';
  ROT='0';
  CLASS='DISCRETE';
  PINCOUNT='2';
  SIZE='1';
  JEDEC_TYPE='CAP805BP';
  ALT_SYMBOLS='(CAP1206BP,TANTALUM_B,TANTALUM_D)';
  PART_NAME='CAP_L';
 END_BODY;
END_PRIMITIVE;

PRIMITIVE 'CAP_L_BPR4P';
 PIN
  'A'<0>:
   PIN_NUMBER='(2)';
   PIN_GROUP='1';
      NO_LOAD_CHECK='BOTH';
      UNKNOWN_LOADING='TRUE';
  'B'<0>:
   PIN_NUMBER='(1)';
   PIN_GROUP='1';
      NO_LOAD_CHECK='BOTH';
      UNKNOWN_LOADING='TRUE';
 END_PIN;
 BODY
  PATH='1P';
  DRAWING='ELEMENTCHIPS.LOGIC.1.1';
  PRIM_TYPE='CHIPS_PRT';
  PRIM_FILE='/modeler/build/awbged/element/capacitor/chips_prt';
  VER='1';
  XY='(1400,2400)';
  PHYS_DES_PREFIX='CBR4P';
  DIR='ELEMENT.LIB';
  ROT='0';
  CLASS='DISCRETE';
  PINCOUNT='2';
  SIZE='1';
  JEDEC_TYPE='CAP805BP';
  ALT_SYMBOLS='(CAP1206BP,TANTALUM_B,TANTALUM_D)';
  PART_NAME='CAP_L';
 END_BODY;
END_PRIMITIVE;

PRIMITIVE 'CAP_L_BP6P';
 PIN
  'A'<0>:
   PIN_NUMBER='(2)';
   PIN_GROUP='1';
      NO_LOAD_CHECK='BOTH';
      UNKNOWN_LOADING='TRUE';
  'B'<0>:
   PIN_NUMBER='(1)';
   PIN_GROUP='1';
      NO_LOAD_CHECK='BOTH';
      UNKNOWN_LOADING='TRUE';
 END_PIN;
 BODY
  PATH='1P';
  DRAWING='ELEMENTCHIPS.LOGIC.1.1';
  PRIM_TYPE='CHIPS_PRT';
  PRIM_FILE='/modeler/build/awbged/element/capacitor/chips_prt';
  VER='1';
  XY='(1400,2400)';
  PHYS_DES_PREFIX='CB6P';
  DIR='ELEMENT.LIB';
  ROT='0';
  CLASS='DISCRETE';
  PINCOUNT='2';
  SIZE='1';
  JEDEC_TYPE='CAP805BP';
  ALT_SYMBOLS='(CAP1206BP,TANTALUM_B,TANTALUM_D)';
  PART_NAME='CAP_L';
 END_BODY;
END_PRIMITIVE;

END.
