FILE_TYPE=LIBRARY_PARTS;
TIME=' COMPILATION ON SUN AUG 13 17:34:44 1995  ';
primitive 'LM35DM';
  pin
    'GND':
      PIN_NUMBER='(4)';
      PIN_TYPE='ANALOG';
      NO_LOAD_CHECK='BOTH';
      UNKNOWN_LOADING='TRUE';
    'VOUT':
      PIN_NUMBER='(1)';
      PIN_TYPE='ANALOG';
      NO_LOAD_CHECK='BOTH';
      UNKNOWN_LOADING='TRUE';
    'VS':
      PIN_NUMBER='(8)';
      PIN_TYPE='ANALOG';
      NO_LOAD_CHECK='BOTH';
      UNKNOWN_LOADING='TRUE';
  end_pin;
  body
    NC_PINS='(2,3,5,6,7)';
    JEDEC_TYPE='SOIC8';
    CLASS='DISCRETE';
    PART_NAME='LM35DM';
    BODY_NAME='LM35DM';
  end_body;
end_primitive;
END.
