FILE_TYPE=LIBRARY_PARTS;
TIME=' COMPILATION ON MON JUL  7 13:37:39 1997  ';
primitive 'AD9048';
  pin
    'D1':
      PIN_NUMBER='(1)';
      OUTPUT_LOAD='(1.00,-1.00)';
    'D2':
      PIN_NUMBER='(2)';
      OUTPUT_LOAD='(1.00,-1.00)';
    'D3':
      PIN_NUMBER='(3)';
      OUTPUT_LOAD='(1.00,-1.00)';
    'D4':
      PIN_NUMBER='(4)';
      OUTPUT_LOAD='(1.00,-1.00)';
    'DGND1':
      PIN_NUMBER='(5)';
      INPUT_LOAD='(-0.01,0.01)';
    'VCC1':
      PIN_NUMBER='(6)';
      PIN_TYPE='POWER';
      NO_LOAD_CHECK='BOTH';
      UNKNOWN_LOADING='TRUE';
    'VCC2':
      PIN_NUMBER='(10)';
      PIN_TYPE='POWER';
      NO_LOAD_CHECK='BOTH';
      UNKNOWN_LOADING='TRUE';
    'VEE1':
      PIN_NUMBER='(7)';
      PIN_TYPE='POWER';
      NO_LOAD_CHECK='BOTH';
      UNKNOWN_LOADING='TRUE';
    'VEE2':
      PIN_NUMBER='(8)';
      PIN_TYPE='POWER';
      NO_LOAD_CHECK='BOTH';
      UNKNOWN_LOADING='TRUE';
    'VEE3':
      PIN_NUMBER='(9)';
      PIN_TYPE='POWER';
      NO_LOAD_CHECK='BOTH';
      UNKNOWN_LOADING='TRUE';
    'NLINV':
      PIN_NUMBER='(12)';
      INPUT_LOAD='(-0.01,0.01)';
    'D5':
      PIN_NUMBER='(13)';
      OUTPUT_LOAD='(1.00,-1.00)';
    'D6':
      PIN_NUMBER='(14)';
      OUTPUT_LOAD='(1.00,-1.00)';
    'D7':
      PIN_NUMBER='(15)';
      OUTPUT_LOAD='(1.00,-1.00)';
    'D8':
      PIN_NUMBER='(16)';
      OUTPUT_LOAD='(1.00,-1.00)';
    'CONVERT':
      PIN_NUMBER='(17)';
      INPUT_LOAD='(-0.01,0.01)';
    'RT':
      PIN_NUMBER='(18)';
      INPUT_LOAD='(-0.01,0.01)';
    'AGND1':
      PIN_NUMBER='(19)';
      PIN_TYPE='ANALOG';
      NO_LOAD_CHECK='BOTH';
      UNKNOWN_LOADING='TRUE';
    'AIN':
      PIN_NUMBER='(23)';
      PIN_TYPE='ANALOG';
      NO_LOAD_CHECK='BOTH';
      UNKNOWN_LOADING='TRUE';
    'AGND2':
      PIN_NUMBER='(25)';
      PIN_TYPE='ANALOG';
      NO_LOAD_CHECK='BOTH';
      UNKNOWN_LOADING='TRUE';
    'RB':
      PIN_NUMBER='(26)';
      INPUT_LOAD='(-0.01,0.01)';
    'RM':
      PIN_NUMBER='(27)';
      INPUT_LOAD='(-0.01,0.01)';
    'NMINV':
      PIN_NUMBER='(28)';
      INPUT_LOAD='(-0.01,0.01)';
    'DGND2':
      PIN_NUMBER='(11)';
      PIN_TYPE='POWER';
      NO_LOAD_CHECK='BOTH';
      UNKNOWN_LOADING='TRUE';
  end_pin;
  body
    JEDEC_TYPE='DIP28_6';
    CLASS='IC';
    POWER_PINS='(NC:20)';
    POWER_PINS='(NC:21)';
    POWER_PINS='(NC:22)';
    POWER_PINS='(NC:24)';
  end_body;
end_primitive;
END.
