FILE_TYPE=LIBRARY_PARTS;
TIME=' COMPILATION ON THU MAY 25 10:34:44 1995  ';
primitive 'TLC271_SOIC';
  pin
    'NIN':
      PIN_NUMBER='(2)';
      PIN_TYPE='ANALOG';
      NO_LOAD_CHECK='BOTH';
      UNKNOWN_LOADING='TRUE';
    'PIN':
      PIN_NUMBER='(3)';
      PIN_TYPE='ANALOG';
      NO_LOAD_CHECK='BOTH';
      UNKNOWN_LOADING='TRUE';
    'G':
      PIN_NUMBER='(4)';
      PIN_TYPE='POWER';
      NO_LOAD_CHECK='BOTH';
      UNKNOWN_LOADING='TRUE';
    'OUT':
      PIN_NUMBER='(6)';
      PIN_TYPE='ANALOG';
      NO_LOAD_CHECK='BOTH';
      UNKNOWN_LOADING='TRUE';
    'VDD':
      PIN_NUMBER='(7)';
      PIN_TYPE='POWER';
      NO_LOAD_CHECK='BOTH';
      UNKNOWN_LOADING='TRUE';
  end_pin;
  body
    JEDEC_TYPE='SOIC8';
    CLASS='IC';
    PART_NAME='TLC271';
    BODY_NAME='TLC271';
    NC_PINS='(1,5,8)';
  end_body;
end_primitive;
END.
