FILE_TYPE=LIBRARY_PARTS;
TIME=' COMPILATION ON WED JUL 26 10:04:17 1995  ';
primitive 'CONN90_JACK';
  pin
    'PIN1':
      PIN_NUMBER='(1)';
      PIN_TYPE='ANALOG';
      NO_LOAD_CHECK='BOTH';
      UNKNOWN_LOADING='TRUE';
      BIDIRECTIONAL='TRUE';
      ALLOW_CONNECT='TRUE';
    'PIN2':
      PIN_NUMBER='(2)';
      PIN_TYPE='ANALOG';
      NO_LOAD_CHECK='BOTH';
      UNKNOWN_LOADING='TRUE';
      BIDIRECTIONAL='TRUE';
      ALLOW_CONNECT='TRUE';
    'PIN3':
      PIN_NUMBER='(3)';
      PIN_TYPE='ANALOG';
      NO_LOAD_CHECK='BOTH';
      UNKNOWN_LOADING='TRUE';
      BIDIRECTIONAL='TRUE';
      ALLOW_CONNECT='TRUE';
    'PIN4':
      PIN_NUMBER='(4)';
      PIN_TYPE='ANALOG';
      NO_LOAD_CHECK='BOTH';
      UNKNOWN_LOADING='TRUE';
      BIDIRECTIONAL='TRUE';
      ALLOW_CONNECT='TRUE';
    'PIN5':
      PIN_NUMBER='(5)';
      PIN_TYPE='ANALOG';
      NO_LOAD_CHECK='BOTH';
      UNKNOWN_LOADING='TRUE';
      BIDIRECTIONAL='TRUE';
      ALLOW_CONNECT='TRUE';
    'PIN6':
      PIN_NUMBER='(6)';
      PIN_TYPE='ANALOG';
      NO_LOAD_CHECK='BOTH';
      UNKNOWN_LOADING='TRUE';
      BIDIRECTIONAL='TRUE';
      ALLOW_CONNECT='TRUE';
    'PIN7':
      PIN_NUMBER='(7)';
      PIN_TYPE='ANALOG';
      NO_LOAD_CHECK='BOTH';
      UNKNOWN_LOADING='TRUE';
      BIDIRECTIONAL='TRUE';
      ALLOW_CONNECT='TRUE';
    'PIN8':
      PIN_NUMBER='(8)';
      PIN_TYPE='ANALOG';
      NO_LOAD_CHECK='BOTH';
      UNKNOWN_LOADING='TRUE';
      BIDIRECTIONAL='TRUE';
      ALLOW_CONNECT='TRUE';
    'PIN9':
      PIN_NUMBER='(9)';
      PIN_TYPE='ANALOG';
      NO_LOAD_CHECK='BOTH';
      UNKNOWN_LOADING='TRUE';
      BIDIRECTIONAL='TRUE';
      ALLOW_CONNECT='TRUE';
    'PIN10':
      PIN_NUMBER='(10)';
      PIN_TYPE='ANALOG';
      NO_LOAD_CHECK='BOTH';
      UNKNOWN_LOADING='TRUE';
      BIDIRECTIONAL='TRUE';
      ALLOW_CONNECT='TRUE';
    'PIN11':
      PIN_NUMBER='(11)';
      PIN_TYPE='ANALOG';
      NO_LOAD_CHECK='BOTH';
      UNKNOWN_LOADING='TRUE';
      BIDIRECTIONAL='TRUE';
      ALLOW_CONNECT='TRUE';
    'PIN12':
      PIN_NUMBER='(12)';
      PIN_TYPE='ANALOG';
      NO_LOAD_CHECK='BOTH';
      UNKNOWN_LOADING='TRUE';
      BIDIRECTIONAL='TRUE';
      ALLOW_CONNECT='TRUE';
    'PIN13':
      PIN_NUMBER='(13)';
      PIN_TYPE='ANALOG';
      NO_LOAD_CHECK='BOTH';
      UNKNOWN_LOADING='TRUE';
      BIDIRECTIONAL='TRUE';
      ALLOW_CONNECT='TRUE';
    'PIN14':
      PIN_NUMBER='(14)';
      PIN_TYPE='ANALOG';
      NO_LOAD_CHECK='BOTH';
      UNKNOWN_LOADING='TRUE';
      BIDIRECTIONAL='TRUE';
      ALLOW_CONNECT='TRUE';
    'PIN15':
      PIN_NUMBER='(15)';
      PIN_TYPE='ANALOG';
      NO_LOAD_CHECK='BOTH';
      UNKNOWN_LOADING='TRUE';
      BIDIRECTIONAL='TRUE';
      ALLOW_CONNECT='TRUE';
    'PIN16':
      PIN_NUMBER='(16)';
      PIN_TYPE='ANALOG';
      NO_LOAD_CHECK='BOTH';
      UNKNOWN_LOADING='TRUE';
      BIDIRECTIONAL='TRUE';
      ALLOW_CONNECT='TRUE';
    'PIN17':
      PIN_NUMBER='(17)';
      PIN_TYPE='ANALOG';
      NO_LOAD_CHECK='BOTH';
      UNKNOWN_LOADING='TRUE';
      BIDIRECTIONAL='TRUE';
      ALLOW_CONNECT='TRUE';
    'PIN18':
      PIN_NUMBER='(18)';
      PIN_TYPE='ANALOG';
      NO_LOAD_CHECK='BOTH';
      UNKNOWN_LOADING='TRUE';
      BIDIRECTIONAL='TRUE';
      ALLOW_CONNECT='TRUE';
    'PIN19':
      PIN_NUMBER='(19)';
      PIN_TYPE='ANALOG';
      NO_LOAD_CHECK='BOTH';
      UNKNOWN_LOADING='TRUE';
      BIDIRECTIONAL='TRUE';
      ALLOW_CONNECT='TRUE';
    'PIN20':
      PIN_NUMBER='(20)';
      PIN_TYPE='ANALOG';
      NO_LOAD_CHECK='BOTH';
      UNKNOWN_LOADING='TRUE';
      BIDIRECTIONAL='TRUE';
      ALLOW_CONNECT='TRUE';
    'PIN21':
      PIN_NUMBER='(21)';
      PIN_TYPE='ANALOG';
      NO_LOAD_CHECK='BOTH';
      UNKNOWN_LOADING='TRUE';
      BIDIRECTIONAL='TRUE';
      ALLOW_CONNECT='TRUE';
    'PIN22':
      PIN_NUMBER='(22)';
      PIN_TYPE='ANALOG';
      NO_LOAD_CHECK='BOTH';
      UNKNOWN_LOADING='TRUE';
      BIDIRECTIONAL='TRUE';
      ALLOW_CONNECT='TRUE';
    'PIN23':
      PIN_NUMBER='(23)';
      PIN_TYPE='ANALOG';
      NO_LOAD_CHECK='BOTH';
      UNKNOWN_LOADING='TRUE';
      BIDIRECTIONAL='TRUE';
      ALLOW_CONNECT='TRUE';
    'PIN24':
      PIN_NUMBER='(24)';
      PIN_TYPE='ANALOG';
      NO_LOAD_CHECK='BOTH';
      UNKNOWN_LOADING='TRUE';
      BIDIRECTIONAL='TRUE';
      ALLOW_CONNECT='TRUE';
    'PIN25':
      PIN_NUMBER='(25)';
      PIN_TYPE='ANALOG';
      NO_LOAD_CHECK='BOTH';
      UNKNOWN_LOADING='TRUE';
      BIDIRECTIONAL='TRUE';
      ALLOW_CONNECT='TRUE';
    'PIN26':
      PIN_NUMBER='(26)';
      PIN_TYPE='ANALOG';
      NO_LOAD_CHECK='BOTH';
      UNKNOWN_LOADING='TRUE';
      BIDIRECTIONAL='TRUE';
      ALLOW_CONNECT='TRUE';
    'PIN27':
      PIN_NUMBER='(27)';
      PIN_TYPE='ANALOG';
      NO_LOAD_CHECK='BOTH';
      UNKNOWN_LOADING='TRUE';
      BIDIRECTIONAL='TRUE';
      ALLOW_CONNECT='TRUE';
    'PIN28':
      PIN_NUMBER='(28)';
      PIN_TYPE='ANALOG';
      NO_LOAD_CHECK='BOTH';
      UNKNOWN_LOADING='TRUE';
      BIDIRECTIONAL='TRUE';
      ALLOW_CONNECT='TRUE';
    'PIN29':
      PIN_NUMBER='(29)';
      PIN_TYPE='ANALOG';
      NO_LOAD_CHECK='BOTH';
      UNKNOWN_LOADING='TRUE';
      BIDIRECTIONAL='TRUE';
      ALLOW_CONNECT='TRUE';
    'PIN30':
      PIN_NUMBER='(30)';
      PIN_TYPE='ANALOG';
      NO_LOAD_CHECK='BOTH';
      UNKNOWN_LOADING='TRUE';
      BIDIRECTIONAL='TRUE';
      ALLOW_CONNECT='TRUE';
    'PIN31':
      PIN_NUMBER='(31)';
      PIN_TYPE='ANALOG';
      NO_LOAD_CHECK='BOTH';
      UNKNOWN_LOADING='TRUE';
      BIDIRECTIONAL='TRUE';
      ALLOW_CONNECT='TRUE';
    'PIN32':
      PIN_NUMBER='(32)';
      PIN_TYPE='ANALOG';
      NO_LOAD_CHECK='BOTH';
      UNKNOWN_LOADING='TRUE';
      BIDIRECTIONAL='TRUE';
      ALLOW_CONNECT='TRUE';
    'PIN33':
      PIN_NUMBER='(33)';
      PIN_TYPE='ANALOG';
      NO_LOAD_CHECK='BOTH';
      UNKNOWN_LOADING='TRUE';
      BIDIRECTIONAL='TRUE';
      ALLOW_CONNECT='TRUE';
    'PIN34':
      PIN_NUMBER='(34)';
      PIN_TYPE='ANALOG';
      NO_LOAD_CHECK='BOTH';
      UNKNOWN_LOADING='TRUE';
      BIDIRECTIONAL='TRUE';
      ALLOW_CONNECT='TRUE';
    'PIN35':
      PIN_NUMBER='(35)';
      PIN_TYPE='ANALOG';
      NO_LOAD_CHECK='BOTH';
      UNKNOWN_LOADING='TRUE';
      BIDIRECTIONAL='TRUE';
      ALLOW_CONNECT='TRUE';
    'PIN36':
      PIN_NUMBER='(36)';
      PIN_TYPE='ANALOG';
      NO_LOAD_CHECK='BOTH';
      UNKNOWN_LOADING='TRUE';
      BIDIRECTIONAL='TRUE';
      ALLOW_CONNECT='TRUE';
    'PIN37':
      PIN_NUMBER='(37)';
      PIN_TYPE='ANALOG';
      NO_LOAD_CHECK='BOTH';
      UNKNOWN_LOADING='TRUE';
      BIDIRECTIONAL='TRUE';
      ALLOW_CONNECT='TRUE';
    'PIN38':
      PIN_NUMBER='(38)';
      PIN_TYPE='ANALOG';
      NO_LOAD_CHECK='BOTH';
      UNKNOWN_LOADING='TRUE';
      BIDIRECTIONAL='TRUE';
      ALLOW_CONNECT='TRUE';
    'PIN39':
      PIN_NUMBER='(39)';
      PIN_TYPE='ANALOG';
      NO_LOAD_CHECK='BOTH';
      UNKNOWN_LOADING='TRUE';
      BIDIRECTIONAL='TRUE';
      ALLOW_CONNECT='TRUE';
    'PIN40':
      PIN_NUMBER='(40)';
      PIN_TYPE='ANALOG';
      NO_LOAD_CHECK='BOTH';
      UNKNOWN_LOADING='TRUE';
      BIDIRECTIONAL='TRUE';
      ALLOW_CONNECT='TRUE';
    'PIN41':
      PIN_NUMBER='(41)';
      PIN_TYPE='ANALOG';
      NO_LOAD_CHECK='BOTH';
      UNKNOWN_LOADING='TRUE';
      BIDIRECTIONAL='TRUE';
      ALLOW_CONNECT='TRUE';
    'PIN42':
      PIN_NUMBER='(42)';
      PIN_TYPE='ANALOG';
      NO_LOAD_CHECK='BOTH';
      UNKNOWN_LOADING='TRUE';
      BIDIRECTIONAL='TRUE';
      ALLOW_CONNECT='TRUE';
    'PIN43':
      PIN_NUMBER='(43)';
      PIN_TYPE='ANALOG';
      NO_LOAD_CHECK='BOTH';
      UNKNOWN_LOADING='TRUE';
      BIDIRECTIONAL='TRUE';
      ALLOW_CONNECT='TRUE';
    'PIN44':
      PIN_NUMBER='(44)';
      PIN_TYPE='ANALOG';
      NO_LOAD_CHECK='BOTH';
      UNKNOWN_LOADING='TRUE';
      BIDIRECTIONAL='TRUE';
      ALLOW_CONNECT='TRUE';
    'PIN45':
      PIN_NUMBER='(45)';
      PIN_TYPE='ANALOG';
      NO_LOAD_CHECK='BOTH';
      UNKNOWN_LOADING='TRUE';
      BIDIRECTIONAL='TRUE';
      ALLOW_CONNECT='TRUE';
    'PIN46':
      PIN_NUMBER='(46)';
      PIN_TYPE='ANALOG';
      NO_LOAD_CHECK='BOTH';
      UNKNOWN_LOADING='TRUE';
      BIDIRECTIONAL='TRUE';
      ALLOW_CONNECT='TRUE';
    'PIN47':
      PIN_NUMBER='(47)';
      PIN_TYPE='ANALOG';
      NO_LOAD_CHECK='BOTH';
      UNKNOWN_LOADING='TRUE';
      BIDIRECTIONAL='TRUE';
      ALLOW_CONNECT='TRUE';
    'PIN48':
      PIN_NUMBER='(48)';
      PIN_TYPE='ANALOG';
      NO_LOAD_CHECK='BOTH';
      UNKNOWN_LOADING='TRUE';
      BIDIRECTIONAL='TRUE';
      ALLOW_CONNECT='TRUE';
    'PIN49':
      PIN_NUMBER='(49)';
      PIN_TYPE='ANALOG';
      NO_LOAD_CHECK='BOTH';
      UNKNOWN_LOADING='TRUE';
      BIDIRECTIONAL='TRUE';
      ALLOW_CONNECT='TRUE';
    'PIN50':
      PIN_NUMBER='(50)';
      PIN_TYPE='ANALOG';
      NO_LOAD_CHECK='BOTH';
      UNKNOWN_LOADING='TRUE';
      BIDIRECTIONAL='TRUE';
      ALLOW_CONNECT='TRUE';
    'PIN51':
      PIN_NUMBER='(51)';
      PIN_TYPE='ANALOG';
      NO_LOAD_CHECK='BOTH';
      UNKNOWN_LOADING='TRUE';
      BIDIRECTIONAL='TRUE';
      ALLOW_CONNECT='TRUE';
    'PIN52':
      PIN_NUMBER='(52)';
      PIN_TYPE='ANALOG';
      NO_LOAD_CHECK='BOTH';
      UNKNOWN_LOADING='TRUE';
      BIDIRECTIONAL='TRUE';
      ALLOW_CONNECT='TRUE';
    'PIN53':
      PIN_NUMBER='(53)';
      PIN_TYPE='ANALOG';
      NO_LOAD_CHECK='BOTH';
      UNKNOWN_LOADING='TRUE';
      BIDIRECTIONAL='TRUE';
      ALLOW_CONNECT='TRUE';
    'PIN54':
      PIN_NUMBER='(54)';
      PIN_TYPE='ANALOG';
      NO_LOAD_CHECK='BOTH';
      UNKNOWN_LOADING='TRUE';
      BIDIRECTIONAL='TRUE';
      ALLOW_CONNECT='TRUE';
    'PIN55':
      PIN_NUMBER='(55)';
      PIN_TYPE='ANALOG';
      NO_LOAD_CHECK='BOTH';
      UNKNOWN_LOADING='TRUE';
      BIDIRECTIONAL='TRUE';
      ALLOW_CONNECT='TRUE';
    'PIN56':
      PIN_NUMBER='(56)';
      PIN_TYPE='ANALOG';
      NO_LOAD_CHECK='BOTH';
      UNKNOWN_LOADING='TRUE';
      BIDIRECTIONAL='TRUE';
      ALLOW_CONNECT='TRUE';
    'PIN57':
      PIN_NUMBER='(57)';
      PIN_TYPE='ANALOG';
      NO_LOAD_CHECK='BOTH';
      UNKNOWN_LOADING='TRUE';
      BIDIRECTIONAL='TRUE';
      ALLOW_CONNECT='TRUE';
    'PIN58':
      PIN_NUMBER='(58)';
      PIN_TYPE='ANALOG';
      NO_LOAD_CHECK='BOTH';
      UNKNOWN_LOADING='TRUE';
      BIDIRECTIONAL='TRUE';
      ALLOW_CONNECT='TRUE';
    'PIN59':
      PIN_NUMBER='(59)';
      PIN_TYPE='ANALOG';
      NO_LOAD_CHECK='BOTH';
      UNKNOWN_LOADING='TRUE';
      BIDIRECTIONAL='TRUE';
      ALLOW_CONNECT='TRUE';
    'PIN60':
      PIN_NUMBER='(60)';
      PIN_TYPE='ANALOG';
      NO_LOAD_CHECK='BOTH';
      UNKNOWN_LOADING='TRUE';
      BIDIRECTIONAL='TRUE';
      ALLOW_CONNECT='TRUE';
    'PIN61':
      PIN_NUMBER='(61)';
      PIN_TYPE='ANALOG';
      NO_LOAD_CHECK='BOTH';
      UNKNOWN_LOADING='TRUE';
      BIDIRECTIONAL='TRUE';
      ALLOW_CONNECT='TRUE';
    'PIN62':
      PIN_NUMBER='(62)';
      PIN_TYPE='ANALOG';
      NO_LOAD_CHECK='BOTH';
      UNKNOWN_LOADING='TRUE';
      BIDIRECTIONAL='TRUE';
      ALLOW_CONNECT='TRUE';
    'PIN63':
      PIN_NUMBER='(63)';
      PIN_TYPE='ANALOG';
      NO_LOAD_CHECK='BOTH';
      UNKNOWN_LOADING='TRUE';
      BIDIRECTIONAL='TRUE';
      ALLOW_CONNECT='TRUE';
    'PIN64':
      PIN_NUMBER='(64)';
      PIN_TYPE='ANALOG';
      NO_LOAD_CHECK='BOTH';
      UNKNOWN_LOADING='TRUE';
      BIDIRECTIONAL='TRUE';
      ALLOW_CONNECT='TRUE';
    'PIN65':
      PIN_NUMBER='(65)';
      PIN_TYPE='ANALOG';
      NO_LOAD_CHECK='BOTH';
      UNKNOWN_LOADING='TRUE';
      BIDIRECTIONAL='TRUE';
      ALLOW_CONNECT='TRUE';
    'PIN66':
      PIN_NUMBER='(66)';
      PIN_TYPE='ANALOG';
      NO_LOAD_CHECK='BOTH';
      UNKNOWN_LOADING='TRUE';
      BIDIRECTIONAL='TRUE';
      ALLOW_CONNECT='TRUE';
    'PIN67':
      PIN_NUMBER='(67)';
      PIN_TYPE='ANALOG';
      NO_LOAD_CHECK='BOTH';
      UNKNOWN_LOADING='TRUE';
      BIDIRECTIONAL='TRUE';
      ALLOW_CONNECT='TRUE';
    'PIN68':
      PIN_NUMBER='(68)';
      PIN_TYPE='ANALOG';
      NO_LOAD_CHECK='BOTH';
      UNKNOWN_LOADING='TRUE';
      BIDIRECTIONAL='TRUE';
      ALLOW_CONNECT='TRUE';
    'PIN69':
      PIN_NUMBER='(69)';
      PIN_TYPE='ANALOG';
      NO_LOAD_CHECK='BOTH';
      UNKNOWN_LOADING='TRUE';
      BIDIRECTIONAL='TRUE';
      ALLOW_CONNECT='TRUE';
    'PIN70':
      PIN_NUMBER='(70)';
      PIN_TYPE='ANALOG';
      NO_LOAD_CHECK='BOTH';
      UNKNOWN_LOADING='TRUE';
      BIDIRECTIONAL='TRUE';
      ALLOW_CONNECT='TRUE';
    'PIN71':
      PIN_NUMBER='(71)';
      PIN_TYPE='ANALOG';
      NO_LOAD_CHECK='BOTH';
      UNKNOWN_LOADING='TRUE';
      BIDIRECTIONAL='TRUE';
      ALLOW_CONNECT='TRUE';
    'PIN72':
      PIN_NUMBER='(72)';
      PIN_TYPE='ANALOG';
      NO_LOAD_CHECK='BOTH';
      UNKNOWN_LOADING='TRUE';
      BIDIRECTIONAL='TRUE';
      ALLOW_CONNECT='TRUE';
    'PIN73':
      PIN_NUMBER='(73)';
      PIN_TYPE='ANALOG';
      NO_LOAD_CHECK='BOTH';
      UNKNOWN_LOADING='TRUE';
      BIDIRECTIONAL='TRUE';
      ALLOW_CONNECT='TRUE';
    'PIN74':
      PIN_NUMBER='(74)';
      PIN_TYPE='ANALOG';
      NO_LOAD_CHECK='BOTH';
      UNKNOWN_LOADING='TRUE';
      BIDIRECTIONAL='TRUE';
      ALLOW_CONNECT='TRUE';
    'PIN75':
      PIN_NUMBER='(75)';
      PIN_TYPE='ANALOG';
      NO_LOAD_CHECK='BOTH';
      UNKNOWN_LOADING='TRUE';
      BIDIRECTIONAL='TRUE';
      ALLOW_CONNECT='TRUE';
    'PIN76':
      PIN_NUMBER='(76)';
      PIN_TYPE='ANALOG';
      NO_LOAD_CHECK='BOTH';
      UNKNOWN_LOADING='TRUE';
      BIDIRECTIONAL='TRUE';
      ALLOW_CONNECT='TRUE';
    'PIN77':
      PIN_NUMBER='(77)';
      PIN_TYPE='ANALOG';
      NO_LOAD_CHECK='BOTH';
      UNKNOWN_LOADING='TRUE';
      BIDIRECTIONAL='TRUE';
      ALLOW_CONNECT='TRUE';
    'PIN78':
      PIN_NUMBER='(78)';
      PIN_TYPE='ANALOG';
      NO_LOAD_CHECK='BOTH';
      UNKNOWN_LOADING='TRUE';
      BIDIRECTIONAL='TRUE';
      ALLOW_CONNECT='TRUE';
    'PIN79':
      PIN_NUMBER='(79)';
      PIN_TYPE='ANALOG';
      NO_LOAD_CHECK='BOTH';
      UNKNOWN_LOADING='TRUE';
      BIDIRECTIONAL='TRUE';
      ALLOW_CONNECT='TRUE';
    'PIN80':
      PIN_NUMBER='(80)';
      PIN_TYPE='ANALOG';
      NO_LOAD_CHECK='BOTH';
      UNKNOWN_LOADING='TRUE';
      BIDIRECTIONAL='TRUE';
      ALLOW_CONNECT='TRUE';
    'PIN81':
      PIN_NUMBER='(81)';
      PIN_TYPE='ANALOG';
      NO_LOAD_CHECK='BOTH';
      UNKNOWN_LOADING='TRUE';
      BIDIRECTIONAL='TRUE';
      ALLOW_CONNECT='TRUE';
    'PIN82':
      PIN_NUMBER='(82)';
      PIN_TYPE='ANALOG';
      NO_LOAD_CHECK='BOTH';
      UNKNOWN_LOADING='TRUE';
      BIDIRECTIONAL='TRUE';
      ALLOW_CONNECT='TRUE';
    'PIN83':
      PIN_NUMBER='(83)';
      PIN_TYPE='ANALOG';
      NO_LOAD_CHECK='BOTH';
      UNKNOWN_LOADING='TRUE';
      BIDIRECTIONAL='TRUE';
      ALLOW_CONNECT='TRUE';
    'PIN84':
      PIN_NUMBER='(84)';
      PIN_TYPE='ANALOG';
      NO_LOAD_CHECK='BOTH';
      UNKNOWN_LOADING='TRUE';
      BIDIRECTIONAL='TRUE';
      ALLOW_CONNECT='TRUE';
    'PIN85':
      PIN_NUMBER='(85)';
      PIN_TYPE='ANALOG';
      NO_LOAD_CHECK='BOTH';
      UNKNOWN_LOADING='TRUE';
      BIDIRECTIONAL='TRUE';
      ALLOW_CONNECT='TRUE';
    'PIN86':
      PIN_NUMBER='(86)';
      PIN_TYPE='ANALOG';
      NO_LOAD_CHECK='BOTH';
      UNKNOWN_LOADING='TRUE';
      BIDIRECTIONAL='TRUE';
      ALLOW_CONNECT='TRUE';
    'PIN87':
      PIN_NUMBER='(87)';
      PIN_TYPE='ANALOG';
      NO_LOAD_CHECK='BOTH';
      UNKNOWN_LOADING='TRUE';
      BIDIRECTIONAL='TRUE';
      ALLOW_CONNECT='TRUE';
    'PIN88':
      PIN_NUMBER='(88)';
      PIN_TYPE='ANALOG';
      NO_LOAD_CHECK='BOTH';
      UNKNOWN_LOADING='TRUE';
      BIDIRECTIONAL='TRUE';
      ALLOW_CONNECT='TRUE';
    'PIN89':
      PIN_NUMBER='(89)';
      PIN_TYPE='ANALOG';
      NO_LOAD_CHECK='BOTH';
      UNKNOWN_LOADING='TRUE';
      BIDIRECTIONAL='TRUE';
      ALLOW_CONNECT='TRUE';
    'PIN90':
      PIN_NUMBER='(90)';
      PIN_TYPE='ANALOG';
      NO_LOAD_CHECK='BOTH';
      UNKNOWN_LOADING='TRUE';
      BIDIRECTIONAL='TRUE';
      ALLOW_CONNECT='TRUE';
    'JACK'<1>:
      PIN_NUMBER='(91)';
      PIN_TYPE='ANALOG';
      NO_LOAD_CHECK='BOTH';
      UNKNOWN_LOADING='TRUE';
      BIDIRECTIONAL='TRUE';
      ALLOW_CONNECT='TRUE';
    'JACK'<2>:
      PIN_NUMBER='(92)';
      PIN_TYPE='ANALOG';
      NO_LOAD_CHECK='BOTH';
      UNKNOWN_LOADING='TRUE';
      BIDIRECTIONAL='TRUE';
      ALLOW_CONNECT='TRUE';
    'JACK'<3>:
      PIN_NUMBER='(93)';
      PIN_TYPE='ANALOG';
      NO_LOAD_CHECK='BOTH';
      UNKNOWN_LOADING='TRUE';
      BIDIRECTIONAL='TRUE';
      ALLOW_CONNECT='TRUE';
    'JACK'<4>:
      PIN_NUMBER='(94)';
      PIN_TYPE='ANALOG';
      NO_LOAD_CHECK='BOTH';
      UNKNOWN_LOADING='TRUE';
      BIDIRECTIONAL='TRUE';
      ALLOW_CONNECT='TRUE';
    'JACK'<5>:
      PIN_NUMBER='(95)';
      PIN_TYPE='ANALOG';
      NO_LOAD_CHECK='BOTH';
      UNKNOWN_LOADING='TRUE';
      BIDIRECTIONAL='TRUE';
      ALLOW_CONNECT='TRUE';
    'JACK'<6>:
      PIN_NUMBER='(96)';
      PIN_TYPE='ANALOG';
      NO_LOAD_CHECK='BOTH';
      UNKNOWN_LOADING='TRUE';
      BIDIRECTIONAL='TRUE';
      ALLOW_CONNECT='TRUE';
    'JACK'<7>:
      PIN_NUMBER='(97)';
      PIN_TYPE='ANALOG';
      NO_LOAD_CHECK='BOTH';
      UNKNOWN_LOADING='TRUE';
      BIDIRECTIONAL='TRUE';
      ALLOW_CONNECT='TRUE';
    'JACK'<8>:
      PIN_NUMBER='(98)';
      PIN_TYPE='ANALOG';
      NO_LOAD_CHECK='BOTH';
      UNKNOWN_LOADING='TRUE';
      BIDIRECTIONAL='TRUE';
      ALLOW_CONNECT='TRUE';
    'JACK'<9>:
      PIN_NUMBER='(99)';
      PIN_TYPE='ANALOG';
      NO_LOAD_CHECK='BOTH';
      UNKNOWN_LOADING='TRUE';
      BIDIRECTIONAL='TRUE';
      ALLOW_CONNECT='TRUE';
    'JACK'<10>:
      PIN_NUMBER='(100)';
      PIN_TYPE='ANALOG';
      NO_LOAD_CHECK='BOTH';
      UNKNOWN_LOADING='TRUE';
      BIDIRECTIONAL='TRUE';
      ALLOW_CONNECT='TRUE';
    'JACK'<11>:
      PIN_NUMBER='(101)';
      PIN_TYPE='ANALOG';
      NO_LOAD_CHECK='BOTH';
      UNKNOWN_LOADING='TRUE';
      BIDIRECTIONAL='TRUE';
      ALLOW_CONNECT='TRUE';
    'JACK'<12>:
      PIN_NUMBER='(102)';
      PIN_TYPE='ANALOG';
      NO_LOAD_CHECK='BOTH';
      UNKNOWN_LOADING='TRUE';
      BIDIRECTIONAL='TRUE';
      ALLOW_CONNECT='TRUE';
    'JACK'<13>:
      PIN_NUMBER='(103)';
      PIN_TYPE='ANALOG';
      NO_LOAD_CHECK='BOTH';
      UNKNOWN_LOADING='TRUE';
      BIDIRECTIONAL='TRUE';
      ALLOW_CONNECT='TRUE';
    'JACK'<14>:
      PIN_NUMBER='(104)';
      PIN_TYPE='ANALOG';
      NO_LOAD_CHECK='BOTH';
      UNKNOWN_LOADING='TRUE';
      BIDIRECTIONAL='TRUE';
      ALLOW_CONNECT='TRUE';
    'JACK'<15>:
      PIN_NUMBER='(105)';
      PIN_TYPE='ANALOG';
      NO_LOAD_CHECK='BOTH';
      UNKNOWN_LOADING='TRUE';
      BIDIRECTIONAL='TRUE';
      ALLOW_CONNECT='TRUE';
    'JACK'<16>:
      PIN_NUMBER='(106)';
      PIN_TYPE='ANALOG';
      NO_LOAD_CHECK='BOTH';
      UNKNOWN_LOADING='TRUE';
      BIDIRECTIONAL='TRUE';
      ALLOW_CONNECT='TRUE';
    'JACK'<17>:
      PIN_NUMBER='(107)';
      PIN_TYPE='ANALOG';
      NO_LOAD_CHECK='BOTH';
      UNKNOWN_LOADING='TRUE';
      BIDIRECTIONAL='TRUE';
      ALLOW_CONNECT='TRUE';
    'JACK'<18>:
      PIN_NUMBER='(108)';
      PIN_TYPE='ANALOG';
      NO_LOAD_CHECK='BOTH';
      UNKNOWN_LOADING='TRUE';
      BIDIRECTIONAL='TRUE';
      ALLOW_CONNECT='TRUE';
    'JACK'<19>:
      PIN_NUMBER='(109)';
      PIN_TYPE='ANALOG';
      NO_LOAD_CHECK='BOTH';
      UNKNOWN_LOADING='TRUE';
      BIDIRECTIONAL='TRUE';
      ALLOW_CONNECT='TRUE';
    'JACK'<20>:
      PIN_NUMBER='(110)';
      PIN_TYPE='ANALOG';
      NO_LOAD_CHECK='BOTH';
      UNKNOWN_LOADING='TRUE';
      BIDIRECTIONAL='TRUE';
      ALLOW_CONNECT='TRUE';
    'JACK'<21>:
      PIN_NUMBER='(111)';
      PIN_TYPE='ANALOG';
      NO_LOAD_CHECK='BOTH';
      UNKNOWN_LOADING='TRUE';
      BIDIRECTIONAL='TRUE';
      ALLOW_CONNECT='TRUE';
    'JACK'<22>:
      PIN_NUMBER='(112)';
      PIN_TYPE='ANALOG';
      NO_LOAD_CHECK='BOTH';
      UNKNOWN_LOADING='TRUE';
      BIDIRECTIONAL='TRUE';
      ALLOW_CONNECT='TRUE';
    'JACK'<23>:
      PIN_NUMBER='(113)';
      PIN_TYPE='ANALOG';
      NO_LOAD_CHECK='BOTH';
      UNKNOWN_LOADING='TRUE';
      BIDIRECTIONAL='TRUE';
      ALLOW_CONNECT='TRUE';
    'JACK'<24>:
      PIN_NUMBER='(114)';
      PIN_TYPE='ANALOG';
      NO_LOAD_CHECK='BOTH';
      UNKNOWN_LOADING='TRUE';
      BIDIRECTIONAL='TRUE';
      ALLOW_CONNECT='TRUE';
    'JACK'<25>:
      PIN_NUMBER='(115)';
      PIN_TYPE='ANALOG';
      NO_LOAD_CHECK='BOTH';
      UNKNOWN_LOADING='TRUE';
      BIDIRECTIONAL='TRUE';
      ALLOW_CONNECT='TRUE';
    'JACK'<26>:
      PIN_NUMBER='(116)';
      PIN_TYPE='ANALOG';
      NO_LOAD_CHECK='BOTH';
      UNKNOWN_LOADING='TRUE';
      BIDIRECTIONAL='TRUE';
      ALLOW_CONNECT='TRUE';
    'JACK'<27>:
      PIN_NUMBER='(117)';
      PIN_TYPE='ANALOG';
      NO_LOAD_CHECK='BOTH';
      UNKNOWN_LOADING='TRUE';
      BIDIRECTIONAL='TRUE';
      ALLOW_CONNECT='TRUE';
    'JACK'<28>:
      PIN_NUMBER='(118)';
      PIN_TYPE='ANALOG';
      NO_LOAD_CHECK='BOTH';
      UNKNOWN_LOADING='TRUE';
      BIDIRECTIONAL='TRUE';
      ALLOW_CONNECT='TRUE';
    'JACK'<29>:
      PIN_NUMBER='(119)';
      PIN_TYPE='ANALOG';
      NO_LOAD_CHECK='BOTH';
      UNKNOWN_LOADING='TRUE';
      BIDIRECTIONAL='TRUE';
      ALLOW_CONNECT='TRUE';
    'JACK'<30>:
      PIN_NUMBER='(120)';
      PIN_TYPE='ANALOG';
      NO_LOAD_CHECK='BOTH';
      UNKNOWN_LOADING='TRUE';
      BIDIRECTIONAL='TRUE';
      ALLOW_CONNECT='TRUE';
    'JACK'<31>:
      PIN_NUMBER='(121)';
      PIN_TYPE='ANALOG';
      NO_LOAD_CHECK='BOTH';
      UNKNOWN_LOADING='TRUE';
      BIDIRECTIONAL='TRUE';
      ALLOW_CONNECT='TRUE';
    'JACK'<32>:
      PIN_NUMBER='(122)';
      PIN_TYPE='ANALOG';
      NO_LOAD_CHECK='BOTH';
      UNKNOWN_LOADING='TRUE';
      BIDIRECTIONAL='TRUE';
      ALLOW_CONNECT='TRUE';
    'JACK'<33>:
      PIN_NUMBER='(123)';
      PIN_TYPE='ANALOG';
      NO_LOAD_CHECK='BOTH';
      UNKNOWN_LOADING='TRUE';
      BIDIRECTIONAL='TRUE';
      ALLOW_CONNECT='TRUE';
    'JACK'<34>:
      PIN_NUMBER='(124)';
      PIN_TYPE='ANALOG';
      NO_LOAD_CHECK='BOTH';
      UNKNOWN_LOADING='TRUE';
      BIDIRECTIONAL='TRUE';
      ALLOW_CONNECT='TRUE';
    'JACK'<35>:
      PIN_NUMBER='(125)';
      PIN_TYPE='ANALOG';
      NO_LOAD_CHECK='BOTH';
      UNKNOWN_LOADING='TRUE';
      BIDIRECTIONAL='TRUE';
      ALLOW_CONNECT='TRUE';
    'JACK'<36>:
      PIN_NUMBER='(126)';
      PIN_TYPE='ANALOG';
      NO_LOAD_CHECK='BOTH';
      UNKNOWN_LOADING='TRUE';
      BIDIRECTIONAL='TRUE';
      ALLOW_CONNECT='TRUE';
    'JACK'<37>:
      PIN_NUMBER='(127)';
      PIN_TYPE='ANALOG';
      NO_LOAD_CHECK='BOTH';
      UNKNOWN_LOADING='TRUE';
      BIDIRECTIONAL='TRUE';
      ALLOW_CONNECT='TRUE';
    'JACK'<38>:
      PIN_NUMBER='(128)';
      PIN_TYPE='ANALOG';
      NO_LOAD_CHECK='BOTH';
      UNKNOWN_LOADING='TRUE';
      BIDIRECTIONAL='TRUE';
      ALLOW_CONNECT='TRUE';
    'JACK'<39>:
      PIN_NUMBER='(129)';
      PIN_TYPE='ANALOG';
      NO_LOAD_CHECK='BOTH';
      UNKNOWN_LOADING='TRUE';
      BIDIRECTIONAL='TRUE';
      ALLOW_CONNECT='TRUE';
    'JACK'<40>:
      PIN_NUMBER='(130)';
      PIN_TYPE='ANALOG';
      NO_LOAD_CHECK='BOTH';
      UNKNOWN_LOADING='TRUE';
      BIDIRECTIONAL='TRUE';
      ALLOW_CONNECT='TRUE';
    'JACK'<41>:
      PIN_NUMBER='(131)';
      PIN_TYPE='ANALOG';
      NO_LOAD_CHECK='BOTH';
      UNKNOWN_LOADING='TRUE';
      BIDIRECTIONAL='TRUE';
      ALLOW_CONNECT='TRUE';
    'JACK'<42>:
      PIN_NUMBER='(132)';
      PIN_TYPE='ANALOG';
      NO_LOAD_CHECK='BOTH';
      UNKNOWN_LOADING='TRUE';
      BIDIRECTIONAL='TRUE';
      ALLOW_CONNECT='TRUE';
    'JACK'<43>:
      PIN_NUMBER='(133)';
      PIN_TYPE='ANALOG';
      NO_LOAD_CHECK='BOTH';
      UNKNOWN_LOADING='TRUE';
      BIDIRECTIONAL='TRUE';
      ALLOW_CONNECT='TRUE';
    'JACK'<44>:
      PIN_NUMBER='(134)';
      PIN_TYPE='ANALOG';
      NO_LOAD_CHECK='BOTH';
      UNKNOWN_LOADING='TRUE';
      BIDIRECTIONAL='TRUE';
      ALLOW_CONNECT='TRUE';
    'JACK'<45>:
      PIN_NUMBER='(135)';
      PIN_TYPE='ANALOG';
      NO_LOAD_CHECK='BOTH';
      UNKNOWN_LOADING='TRUE';
      BIDIRECTIONAL='TRUE';
      ALLOW_CONNECT='TRUE';
    'JACK'<46>:
      PIN_NUMBER='(136)';
      PIN_TYPE='ANALOG';
      NO_LOAD_CHECK='BOTH';
      UNKNOWN_LOADING='TRUE';
      BIDIRECTIONAL='TRUE';
      ALLOW_CONNECT='TRUE';
    'JACK'<47>:
      PIN_NUMBER='(137)';
      PIN_TYPE='ANALOG';
      NO_LOAD_CHECK='BOTH';
      UNKNOWN_LOADING='TRUE';
      BIDIRECTIONAL='TRUE';
      ALLOW_CONNECT='TRUE';
    'JACK'<48>:
      PIN_NUMBER='(138)';
      PIN_TYPE='ANALOG';
      NO_LOAD_CHECK='BOTH';
      UNKNOWN_LOADING='TRUE';
      BIDIRECTIONAL='TRUE';
      ALLOW_CONNECT='TRUE';
    'JACK'<49>:
      PIN_NUMBER='(139)';
      PIN_TYPE='ANALOG';
      NO_LOAD_CHECK='BOTH';
      UNKNOWN_LOADING='TRUE';
      BIDIRECTIONAL='TRUE';
      ALLOW_CONNECT='TRUE';
    'JACK'<50>:
      PIN_NUMBER='(140)';
      PIN_TYPE='ANALOG';
      NO_LOAD_CHECK='BOTH';
      UNKNOWN_LOADING='TRUE';
      BIDIRECTIONAL='TRUE';
      ALLOW_CONNECT='TRUE';
    'JACK'<51>:
      PIN_NUMBER='(141)';
      PIN_TYPE='ANALOG';
      NO_LOAD_CHECK='BOTH';
      UNKNOWN_LOADING='TRUE';
      BIDIRECTIONAL='TRUE';
      ALLOW_CONNECT='TRUE';
    'JACK'<52>:
      PIN_NUMBER='(142)';
      PIN_TYPE='ANALOG';
      NO_LOAD_CHECK='BOTH';
      UNKNOWN_LOADING='TRUE';
      BIDIRECTIONAL='TRUE';
      ALLOW_CONNECT='TRUE';
    'JACK'<53>:
      PIN_NUMBER='(143)';
      PIN_TYPE='ANALOG';
      NO_LOAD_CHECK='BOTH';
      UNKNOWN_LOADING='TRUE';
      BIDIRECTIONAL='TRUE';
      ALLOW_CONNECT='TRUE';
    'JACK'<54>:
      PIN_NUMBER='(144)';
      PIN_TYPE='ANALOG';
      NO_LOAD_CHECK='BOTH';
      UNKNOWN_LOADING='TRUE';
      BIDIRECTIONAL='TRUE';
      ALLOW_CONNECT='TRUE';
    'JACK'<55>:
      PIN_NUMBER='(145)';
      PIN_TYPE='ANALOG';
      NO_LOAD_CHECK='BOTH';
      UNKNOWN_LOADING='TRUE';
      BIDIRECTIONAL='TRUE';
      ALLOW_CONNECT='TRUE';
    'JACK'<56>:
      PIN_NUMBER='(146)';
      PIN_TYPE='ANALOG';
      NO_LOAD_CHECK='BOTH';
      UNKNOWN_LOADING='TRUE';
      BIDIRECTIONAL='TRUE';
      ALLOW_CONNECT='TRUE';
    'JACK'<57>:
      PIN_NUMBER='(147)';
      PIN_TYPE='ANALOG';
      NO_LOAD_CHECK='BOTH';
      UNKNOWN_LOADING='TRUE';
      BIDIRECTIONAL='TRUE';
      ALLOW_CONNECT='TRUE';
    'JACK'<58>:
      PIN_NUMBER='(148)';
      PIN_TYPE='ANALOG';
      NO_LOAD_CHECK='BOTH';
      UNKNOWN_LOADING='TRUE';
      BIDIRECTIONAL='TRUE';
      ALLOW_CONNECT='TRUE';
    'JACK'<59>:
      PIN_NUMBER='(149)';
      PIN_TYPE='ANALOG';
      NO_LOAD_CHECK='BOTH';
      UNKNOWN_LOADING='TRUE';
      BIDIRECTIONAL='TRUE';
      ALLOW_CONNECT='TRUE';
    'JACK'<60>:
      PIN_NUMBER='(150)';
      PIN_TYPE='ANALOG';
      NO_LOAD_CHECK='BOTH';
      UNKNOWN_LOADING='TRUE';
      BIDIRECTIONAL='TRUE';
      ALLOW_CONNECT='TRUE';
    'JACK'<61>:
      PIN_NUMBER='(151)';
      PIN_TYPE='ANALOG';
      NO_LOAD_CHECK='BOTH';
      UNKNOWN_LOADING='TRUE';
      BIDIRECTIONAL='TRUE';
      ALLOW_CONNECT='TRUE';
    'JACK'<62>:
      PIN_NUMBER='(152)';
      PIN_TYPE='ANALOG';
      NO_LOAD_CHECK='BOTH';
      UNKNOWN_LOADING='TRUE';
      BIDIRECTIONAL='TRUE';
      ALLOW_CONNECT='TRUE';
    'JACK'<63>:
      PIN_NUMBER='(153)';
      PIN_TYPE='ANALOG';
      NO_LOAD_CHECK='BOTH';
      UNKNOWN_LOADING='TRUE';
      BIDIRECTIONAL='TRUE';
      ALLOW_CONNECT='TRUE';
    'JACK'<64>:
      PIN_NUMBER='(154)';
      PIN_TYPE='ANALOG';
      NO_LOAD_CHECK='BOTH';
      UNKNOWN_LOADING='TRUE';
      BIDIRECTIONAL='TRUE';
      ALLOW_CONNECT='TRUE';
    'JACK'<65>:
      PIN_NUMBER='(155)';
      PIN_TYPE='ANALOG';
      NO_LOAD_CHECK='BOTH';
      UNKNOWN_LOADING='TRUE';
      BIDIRECTIONAL='TRUE';
      ALLOW_CONNECT='TRUE';
    'JACK'<66>:
      PIN_NUMBER='(156)';
      PIN_TYPE='ANALOG';
      NO_LOAD_CHECK='BOTH';
      UNKNOWN_LOADING='TRUE';
      BIDIRECTIONAL='TRUE';
      ALLOW_CONNECT='TRUE';
    'JACK'<67>:
      PIN_NUMBER='(157)';
      PIN_TYPE='ANALOG';
      NO_LOAD_CHECK='BOTH';
      UNKNOWN_LOADING='TRUE';
      BIDIRECTIONAL='TRUE';
      ALLOW_CONNECT='TRUE';
    'JACK'<68>:
      PIN_NUMBER='(158)';
      PIN_TYPE='ANALOG';
      NO_LOAD_CHECK='BOTH';
      UNKNOWN_LOADING='TRUE';
      BIDIRECTIONAL='TRUE';
      ALLOW_CONNECT='TRUE';
    'JACK'<69>:
      PIN_NUMBER='(159)';
      PIN_TYPE='ANALOG';
      NO_LOAD_CHECK='BOTH';
      UNKNOWN_LOADING='TRUE';
      BIDIRECTIONAL='TRUE';
      ALLOW_CONNECT='TRUE';
    'JACK'<70>:
      PIN_NUMBER='(160)';
      PIN_TYPE='ANALOG';
      NO_LOAD_CHECK='BOTH';
      UNKNOWN_LOADING='TRUE';
      BIDIRECTIONAL='TRUE';
      ALLOW_CONNECT='TRUE';
    'JACK'<71>:
      PIN_NUMBER='(161)';
      PIN_TYPE='ANALOG';
      NO_LOAD_CHECK='BOTH';
      UNKNOWN_LOADING='TRUE';
      BIDIRECTIONAL='TRUE';
      ALLOW_CONNECT='TRUE';
    'JACK'<72>:
      PIN_NUMBER='(162)';
      PIN_TYPE='ANALOG';
      NO_LOAD_CHECK='BOTH';
      UNKNOWN_LOADING='TRUE';
      BIDIRECTIONAL='TRUE';
      ALLOW_CONNECT='TRUE';
    'JACK'<73>:
      PIN_NUMBER='(163)';
      PIN_TYPE='ANALOG';
      NO_LOAD_CHECK='BOTH';
      UNKNOWN_LOADING='TRUE';
      BIDIRECTIONAL='TRUE';
      ALLOW_CONNECT='TRUE';
    'JACK'<74>:
      PIN_NUMBER='(164)';
      PIN_TYPE='ANALOG';
      NO_LOAD_CHECK='BOTH';
      UNKNOWN_LOADING='TRUE';
      BIDIRECTIONAL='TRUE';
      ALLOW_CONNECT='TRUE';
    'JACK'<75>:
      PIN_NUMBER='(165)';
      PIN_TYPE='ANALOG';
      NO_LOAD_CHECK='BOTH';
      UNKNOWN_LOADING='TRUE';
      BIDIRECTIONAL='TRUE';
      ALLOW_CONNECT='TRUE';
    'JACK'<76>:
      PIN_NUMBER='(166)';
      PIN_TYPE='ANALOG';
      NO_LOAD_CHECK='BOTH';
      UNKNOWN_LOADING='TRUE';
      BIDIRECTIONAL='TRUE';
      ALLOW_CONNECT='TRUE';
    'JACK'<77>:
      PIN_NUMBER='(167)';
      PIN_TYPE='ANALOG';
      NO_LOAD_CHECK='BOTH';
      UNKNOWN_LOADING='TRUE';
      BIDIRECTIONAL='TRUE';
      ALLOW_CONNECT='TRUE';
    'JACK'<78>:
      PIN_NUMBER='(168)';
      PIN_TYPE='ANALOG';
      NO_LOAD_CHECK='BOTH';
      UNKNOWN_LOADING='TRUE';
      BIDIRECTIONAL='TRUE';
      ALLOW_CONNECT='TRUE';
    'JACK'<79>:
      PIN_NUMBER='(169)';
      PIN_TYPE='ANALOG';
      NO_LOAD_CHECK='BOTH';
      UNKNOWN_LOADING='TRUE';
      BIDIRECTIONAL='TRUE';
      ALLOW_CONNECT='TRUE';
    'JACK'<80>:
      PIN_NUMBER='(170)';
      PIN_TYPE='ANALOG';
      NO_LOAD_CHECK='BOTH';
      UNKNOWN_LOADING='TRUE';
      BIDIRECTIONAL='TRUE';
      ALLOW_CONNECT='TRUE';
    'JACK'<81>:
      PIN_NUMBER='(171)';
      PIN_TYPE='ANALOG';
      NO_LOAD_CHECK='BOTH';
      UNKNOWN_LOADING='TRUE';
      BIDIRECTIONAL='TRUE';
      ALLOW_CONNECT='TRUE';
    'JACK'<82>:
      PIN_NUMBER='(172)';
      PIN_TYPE='ANALOG';
      NO_LOAD_CHECK='BOTH';
      UNKNOWN_LOADING='TRUE';
      BIDIRECTIONAL='TRUE';
      ALLOW_CONNECT='TRUE';
    'JACK'<83>:
      PIN_NUMBER='(173)';
      PIN_TYPE='ANALOG';
      NO_LOAD_CHECK='BOTH';
      UNKNOWN_LOADING='TRUE';
      BIDIRECTIONAL='TRUE';
      ALLOW_CONNECT='TRUE';
    'JACK'<84>:
      PIN_NUMBER='(174)';
      PIN_TYPE='ANALOG';
      NO_LOAD_CHECK='BOTH';
      UNKNOWN_LOADING='TRUE';
      BIDIRECTIONAL='TRUE';
      ALLOW_CONNECT='TRUE';
    'JACK'<85>:
      PIN_NUMBER='(175)';
      PIN_TYPE='ANALOG';
      NO_LOAD_CHECK='BOTH';
      UNKNOWN_LOADING='TRUE';
      BIDIRECTIONAL='TRUE';
      ALLOW_CONNECT='TRUE';
    'JACK'<86>:
      PIN_NUMBER='(176)';
      PIN_TYPE='ANALOG';
      NO_LOAD_CHECK='BOTH';
      UNKNOWN_LOADING='TRUE';
      BIDIRECTIONAL='TRUE';
      ALLOW_CONNECT='TRUE';
    'JACK'<87>:
      PIN_NUMBER='(177)';
      PIN_TYPE='ANALOG';
      NO_LOAD_CHECK='BOTH';
      UNKNOWN_LOADING='TRUE';
      BIDIRECTIONAL='TRUE';
      ALLOW_CONNECT='TRUE';
    'JACK'<88>:
      PIN_NUMBER='(178)';
      PIN_TYPE='ANALOG';
      NO_LOAD_CHECK='BOTH';
      UNKNOWN_LOADING='TRUE';
      BIDIRECTIONAL='TRUE';
      ALLOW_CONNECT='TRUE';
    'JACK'<89>:
      PIN_NUMBER='(179)';
      PIN_TYPE='ANALOG';
      NO_LOAD_CHECK='BOTH';
      UNKNOWN_LOADING='TRUE';
      BIDIRECTIONAL='TRUE';
      ALLOW_CONNECT='TRUE';
    'JACK'<90>:
      PIN_NUMBER='(180)';
      PIN_TYPE='ANALOG';
      NO_LOAD_CHECK='BOTH';
      UNKNOWN_LOADING='TRUE';
      BIDIRECTIONAL='TRUE';
      ALLOW_CONNECT='TRUE';
  end_pin;
  body
      JEDEC_TYPE='CONN90_JACK';
      CLASS='DISCRETE';
      NC_PINS='(181,182)';
      PHYS_DES_PREFIX='J';
  end_body;
end_primitive;
END.
