FILE_TYPE=LIBRARY_PARTS;
TIME=' COMPILATION ON THU MAR 16 19:12:48 1995  ';
primitive 'AD9500';
  pin
    'D'<7>:
      PIN_NUMBER='(5)';
      INPUT_LOAD='(-0.01,0.01)';
    'D'<6>:
      PIN_NUMBER='(4)';
      INPUT_LOAD='(-0.01,0.01)';
    'D'<5>:
      PIN_NUMBER='(3)';
      INPUT_LOAD='(-0.01,0.01)';
    'D'<4>:
      PIN_NUMBER='(2)';
      INPUT_LOAD='(-0.01,0.01)';
    'D'<3>:
      PIN_NUMBER='(28)';
      INPUT_LOAD='(-0.01,0.01)';
    'D'<2>:
      PIN_NUMBER='(27)';
      INPUT_LOAD='(-0.01,0.01)';
    'D'<1>:
      PIN_NUMBER='(26)';
      INPUT_LOAD='(-0.01,0.01)';
    'D'<0>:
      PIN_NUMBER='(25)';
      INPUT_LOAD='(-0.01,0.01)';
    'Q':
      PIN_NUMBER='(16)';
      OUTPUT_LOAD='(-30.0,-30.0)';
    '-Q':
      PIN_NUMBER='(17)';
      OUTPUT_LOAD='(-30.0,-30.0)';
    '-QR':
      PIN_NUMBER='(18)';
      OUTPUT_LOAD='(-2.0,-2.0)';
    'TRIG':
      PIN_NUMBER='(11)';
      INPUT_LOAD='(0.05,0.01)';
    '-TRIG':
      PIN_NUMBER='(12)';
      INPUT_LOAD='(0.05,0.01)';
    '-RESET':
      PIN_NUMBER='(13)';
      INPUT_LOAD='(0.05,0.01)';
    'OFF ADJ':
      PIN_NUMBER='(7)';
      INPUT_LOAD='(-0.01,0.01)';
    'CS':
      PIN_NUMBER='(9)';
      INPUT_LOAD='(-0.01,0.01)';
    'RS':
      PIN_NUMBER='(21)';
      INPUT_LOAD='(-0.01,0.01)';
    'ECL REF':
      PIN_NUMBER='(6)';
      OUTPUT_LOAD='(-10.0,-10.0)';
    'LE':
      PIN_NUMBER='(24)';
      INPUT_LOAD='(-0.01,0.01)';
    'ECL COM':
      PIN_NUMBER='(19)';
      INPUT_LOAD='(-0.01,0.01)';
    'RESET':
      PIN_NUMBER='(14)';
      INPUT_LOAD='(0.05,0.01)';
  end_pin;
  body
    JEDEC_TYPE='PLCC28';
    CLASS='IC';
    POWER_PINS='(GND:23)';
    POWER_PINS='(VCC:10)';
    POWER_PINS='(VEE:20)';
    NC_PINS='(1,8,15,22)';
  end_body;
end_primitive;
END.
