FILE_TYPE=LIBRARY_PARTS ;
TIME=' Compilation on Thu Feb 21 18:06:47 1991  ';
PRIMITIVE 'AD_AMP02_L';
 PIN
  'RG1':
   PIN_NUMBER='(2)';
  'INN':
   PIN_NUMBER='(4)';
  'INP':
   PIN_NUMBER='(5)';
  'V15N':
   PIN_NUMBER='(7)';
  'REF':
   PIN_NUMBER='(10)';
  'OUT':
   PIN_NUMBER='(11)';
  'SENSE':
   PIN_NUMBER='(12)';
  'V15P':
   PIN_NUMBER='(13)';
  'RG2':
   PIN_NUMBER='(15)';
 END_PIN;
 BODY
  PATH='3P';
  DRAWING='EXAMPLE.LOGIC.1.1';
  VER='1';
  XY='(-1300,2150)';
  PHYS_DES_PREFIX='U';
  DIR='PRIVATE.DEV';
  ROT='0';
  PINCOUNT='16';
  JEDEC_TYPE='SOIC16W';
  CLASS='IC';
  NAME='AMP02';
  SIZE='1';
  NC_PINS='(1,3,6,8,9,14,16)';
 END_BODY;
END_PRIMITIVE;
END.
