FILE_TYPE=LIBRARY_PARTS;
TIME=' COMPILATION ON FRI SEP 20 01:21:39 1996';
primitive 'XCOUNTSYNCT';
  pin
    '-RDATA':
      PIN_NUMBER='(40)';
      OUTPUT_LOAD='(*,*)';
    'RTRIG':
      PIN_NUMBER='(42)';
      INPUT_LOAD='(*,*)';
    '-PROGRAM':
      PIN_NUMBER='(80)';
      INPUT_LOAD='(*,*)';
    'CCLK':
      PIN_NUMBER='(121)';
      INPUT_LOAD='(*,*)';
    '-PWRDWN':
      PIN_NUMBER='(159)';
      INPUT_LOAD='(*,*)';
    'X50MHZ':
      PIN_NUMBER='(2)';
      INPUT_LOAD='(*,*)';
    'X10MHZ':
      PIN_NUMBER='(31)';
      INPUT_LOAD='(*,*)';
    'XTRIGCOMB'<8>:
      PIN_NUMBER='(29)';
      INPUT_LOAD='(*,*)';
    'XTRIGCOMB'<7>:
      PIN_NUMBER='(30)';
      INPUT_LOAD='(*,*)';
    'XTRIGCOMB'<6>:
      PIN_NUMBER='(28)';
      INPUT_LOAD='(*,*)';
    'XTRIGCOMB'<5>:
      PIN_NUMBER='(34)';
      INPUT_LOAD='(*,*)';
    'XTRIGCOMB'<4>:
      PIN_NUMBER='(110)';
      INPUT_LOAD='(*,*)';
    'XTRIGCOMB'<3>:
      PIN_NUMBER='(25)';
      INPUT_LOAD='(*,*)';
    'XTRIGCOMB'<2>:
      PIN_NUMBER='(24)';
      INPUT_LOAD='(*,*)';
    'XTRIGCOMB'<1>:
      PIN_NUMBER='(111)';
      INPUT_LOAD='(*,*)';
    'XTRIGCOMB'<0>:
      PIN_NUMBER='(112)';
      INPUT_LOAD='(*,*)';
    '-XTC_24':
      PIN_NUMBER='(102)';
      INPUT_LOAD='(*,*)';
    '-XTC_16':
      PIN_NUMBER='(96)';
      INPUT_LOAD='(*,*)';
    'XSYNCLR24':
      PIN_NUMBER='(103)';
      OUTPUT_LOAD='(*,*)';
    'xsynclr':
      PIN_NUMBER='(21)';
      OUTPUT_LOAD='(*,*)';
    'XSYNC':
      PIN_NUMBER='(33)';
      INPUT_LOAD='(*,*)';
    'xspecial_raw':
      PIN_NUMBER='(108)';
      OUTPUT_LOAD='(*,*)';
    'XRESYNC':
      PIN_NUMBER='(98)';
      INPUT_LOAD='(*,*)';
    '-XLOCKOUT':
      PIN_NUMBER='(93)';
      INPUT_LOAD='(*,*)';
    '-XLOAD_SYNC50':
      PIN_NUMBER='(150)';
      OUTPUT_LOAD='(*,*)';
    '-XLOAD_SYNC10':
      PIN_NUMBER='(88)';
      OUTPUT_LOAD='(*,*)';
    '-XLOAD_EN50':
      PIN_NUMBER='(3)';
      INPUT_LOAD='(*,*)';
    '-XLOAD_EN10':
      PIN_NUMBER='(35)';
      INPUT_LOAD='(*,*)';
    '-XLOAD_ENGT':
      PIN_NUMBER='(95)';
      INPUT_LOAD='(*,*)';
    'XGTRIG':
      PIN_NUMBER='(83)';
      INPUT_LOAD='(*,*)';
    '-XGTLOAD24':
      PIN_NUMBER='(105)';
      OUTPUT_LOAD='(*,*)';
    '-XGTLOAD16':
      PIN_NUMBER='(16)';
      OUTPUT_LOAD='(*,*)';
    'XGTCLK24':
      PIN_NUMBER='(99)';
      OUTPUT_LOAD='(*,*)';
    'XGTCLK16':
      PIN_NUMBER='(94)';
      OUTPUT_LOAD='(*,*)';
    'XGCLK':
      PIN_NUMBER='(27)';
      OUTPUT_LOAD='(*,*)';
    'XFF_LA'<23>:
      PIN_NUMBER='(160)';
      INPUT_LOAD='(*,*)';
    'XFF_LA'<22>:
      PIN_NUMBER='(4)';
      INPUT_LOAD='(*,*)';
    'XFF_LA'<21>:
      PIN_NUMBER='(1)';
      INPUT_LOAD='(*,*)';
    'XFF_LA'<20>:
      PIN_NUMBER='(154)';
      INPUT_LOAD='(*,*)';
    'XFF_LA'<19>:
      PIN_NUMBER='(152)';
      INPUT_LOAD='(*,*)';
    'XFF_LA'<18>:
      PIN_NUMBER='(153)';
      INPUT_LOAD='(*,*)';
    'XFF_LA'<17>:
      PIN_NUMBER='(155)';
      INPUT_LOAD='(*,*)';
    'XFF_LA'<16>:
      PIN_NUMBER='(151)';
      INPUT_LOAD='(*,*)';
    'XFF_LA'<15>:
      PIN_NUMBER='(141)';
      INPUT_LOAD='(*,*)';
    'XFF_LA'<14>:
      PIN_NUMBER='(138)';
      INPUT_LOAD='(*,*)';
    'XFF_LA'<13>:
      PIN_NUMBER='(143)';
      INPUT_LOAD='(*,*)';
    'XFF_LA'<12>:
      PIN_NUMBER='(144)';
      INPUT_LOAD='(*,*)';
    'XFF_LA'<11>:
      PIN_NUMBER='(145)';
      INPUT_LOAD='(*,*)';
    'XFF_LA'<10>:
      PIN_NUMBER='(149)';
      INPUT_LOAD='(*,*)';
    'XFF_LA'<9>:
      PIN_NUMBER='(142)';
      INPUT_LOAD='(*,*)';
    'XFF_LA'<8>:
      PIN_NUMBER='(147)';
      INPUT_LOAD='(*,*)';
    'XFF_LA'<7>:
      PIN_NUMBER='(11)';
      INPUT_LOAD='(*,*)';
    'XFF_LA'<6>:
      PIN_NUMBER='(12)';
      INPUT_LOAD='(*,*)';
    'XFF_LA'<5>:
      PIN_NUMBER='(9)';
      INPUT_LOAD='(*,*)';
    'XFF_LA'<4>:
      PIN_NUMBER='(10)';
      INPUT_LOAD='(*,*)';
    'XFF_LA'<3>:
      PIN_NUMBER='(7)';
      INPUT_LOAD='(*,*)';
    'XFF_LA'<2>:
      PIN_NUMBER='(5)';
      INPUT_LOAD='(*,*)';
    'XFF_LA'<1>:
      PIN_NUMBER='(8)';
      INPUT_LOAD='(*,*)';
    'XFF_LA'<0>:
      PIN_NUMBER='(6)';
      INPUT_LOAD='(*,*)';
    'XERR'<6>:
      PIN_NUMBER='(156)';
      OUTPUT_LOAD='(*,*)';
    'XERR'<5>:
      PIN_NUMBER='(148)';
      OUTPUT_LOAD='(*,*)';
    'XERR'<4>:
      PIN_NUMBER='(71)';
      OUTPUT_LOAD='(*,*)';
    'XERR'<3>:
      PIN_NUMBER='(106)';
      OUTPUT_LOAD='(*,*)';
    'XERR'<2>:
      PIN_NUMBER='(107)';
      OUTPUT_LOAD='(*,*)';
    'XERR'<1>:
      PIN_NUMBER='(90)';
      OUTPUT_LOAD='(*,*)';
    'XERR'<0>:
      PIN_NUMBER='(92)';
      OUTPUT_LOAD='(*,*)';
    'XEF_LA'<23>:
      PIN_NUMBER='(91)';
      INPUT_LOAD='(*,*)';
    'XEF_LA'<22>:
      PIN_NUMBER='(87)';
      INPUT_LOAD='(*,*)';
    'XEF_LA'<21>:
      PIN_NUMBER='(86)';
      INPUT_LOAD='(*,*)';
    'XEF_LA'<20>:
      PIN_NUMBER='(89)';
      INPUT_LOAD='(*,*)';
    'XEF_LA'<19>:
      PIN_NUMBER='(84)';
      INPUT_LOAD='(*,*)';
    'XEF_LA'<18>:
      PIN_NUMBER='(85)';
      INPUT_LOAD='(*,*)';
    'XEF_LA'<17>:
      PIN_NUMBER='(74)';
      INPUT_LOAD='(*,*)';
    'XEF_LA'<16>:
      PIN_NUMBER='(82)';
      INPUT_LOAD='(*,*)';
    'XEF_LA'<15>:
      PIN_NUMBER='(52)';
      INPUT_LOAD='(*,*)';
    'XEF_LA'<14>:
      PIN_NUMBER='(54)';
      INPUT_LOAD='(*,*)';
    'XEF_LA'<13>:
      PIN_NUMBER='(55)';
      INPUT_LOAD='(*,*)';
    'XEF_LA'<12>:
      PIN_NUMBER='(56)';
      INPUT_LOAD='(*,*)';
    'XEF_LA'<11>:
      PIN_NUMBER='(58)';
      INPUT_LOAD='(*,*)';
    'XEF_LA'<10>:
      PIN_NUMBER='(59)';
      INPUT_LOAD='(*,*)';
    'XEF_LA'<9>:
      PIN_NUMBER='(53)';
      INPUT_LOAD='(*,*)';
    'XEF_LA'<8>:
      PIN_NUMBER='(57)';
      INPUT_LOAD='(*,*)';
    'XEF_LA'<7>:
      PIN_NUMBER='(63)';
      INPUT_LOAD='(*,*)';
    'XEF_LA'<6>:
      PIN_NUMBER='(62)';
      INPUT_LOAD='(*,*)';
    'XEF_LA'<5>:
      PIN_NUMBER='(64)';
      INPUT_LOAD='(*,*)';
    'XEF_LA'<4>:
      PIN_NUMBER='(65)';
      INPUT_LOAD='(*,*)';
    'XEF_LA'<3>:
      PIN_NUMBER='(66)';
      INPUT_LOAD='(*,*)';
    'XEF_LA'<2>:
      PIN_NUMBER='(69)';
      INPUT_LOAD='(*,*)';
    'XEF_LA'<1>:
      PIN_NUMBER='(68)';
      INPUT_LOAD='(*,*)';
    'XEF_LA'<0>:
      PIN_NUMBER='(67)';
      INPUT_LOAD='(*,*)';
    'XCLK_SYNC10':
      PIN_NUMBER='(32)';
      OUTPUT_LOAD='(*,*)';
    'XASYNC_EN':
      PIN_NUMBER='(97)';
      INPUT_LOAD='(*,*)';
    'SPARES'<9>:
      PIN_NUMBER='(72)';
      INPUT_LOAD='(*,*)';
    'SPARES'<8>:
      PIN_NUMBER='(126)';
      INPUT_LOAD='(*,*)';
    'SPARES'<7>:
      PIN_NUMBER='(132)';
      INPUT_LOAD='(*,*)';
    'SPARES'<6>:
      PIN_NUMBER='(117)';
      INPUT_LOAD='(*,*)';
    'SPARES'<5>:
      PIN_NUMBER='(124)';
      INPUT_LOAD='(*,*)';
    'SPARES'<4>:
      PIN_NUMBER='(70)';
      OUTPUT_LOAD='(*,*)';
    'SPARES'<3>:
      PIN_NUMBER='(127)';
      OUTPUT_LOAD='(*,*)';
    'SPARES'<2>:
      PIN_NUMBER='(133)';
      OUTPUT_LOAD='(*,*)';
    'SPARES'<1>:
      PIN_NUMBER='(116)';
      OUTPUT_LOAD='(*,*)';
    'SPARES'<0>:
      PIN_NUMBER='(125)';
      OUTPUT_LOAD='(*,*)';
    'SDOUT':
      PIN_NUMBER='(120)';
      OUTPUT_LOAD='(*,*)';
    'SDIN':
      PIN_NUMBER='(119)';
      INPUT_LOAD='(*,*)';
    'M2':
      PIN_NUMBER='(44)';
      OUTPUT_LOAD='(*,*)';
    '-RESET':
      PIN_NUMBER='(78)';
      INPUT_LOAD='(*,*)';
    'DUMMY_OUT':
      PIN_NUMBER='(26)';
      OUTPUT_LOAD='(*,*)';
  end_pin;
  body 
    BODY_NAME='xcountsynct';
    PINCOUNT='160';
    JEDEC_TYPE='PQFP160';
    CLASS='IC';
    NC_PINS='(13,14,15,17,18,22,23,36,37,38,39,45,46,47,48,49,50,51,73,75)';
    NC_PINS='(76,81,104,109,113,114,115,118,128,129,130,131,134,135,136,137)';
    NC_PINS='(146)';
    POWER_PINS='(VCC:20,43,60,79,100,122,140,157;GND:19,41,61,77,101,123,139,158)';
  end_body;
end_primitive;
END.
