FILE_TYPE=LIBRARY_PARTS;
TIME=' COMPILATION ON MON JUL  1 13:49:02 1996  ';
primitive '10H605';
  pin
    'CLK':
      PIN_NUMBER='(2,2,2,2,2,2)';
      INPUT_LOAD='(0.0005,0.225)';
    '-CLK':
      PIN_NUMBER='(3,3,3,3,3,3)';
      INPUT_LOAD='(0.0005,0.225)';
    'D'<0>:
      PIN_NUMBER='(17,15,12,10,8,5)';
      INPUT_LOAD='(0.0005,0.225)';
    '-D'<0>:
      PIN_NUMBER='(18,16,13,11,9,6)';
      INPUT_LOAD='(0.0005,0.225)';
    'Q'<0>:
      PIN_NUMBER='(21,23,25,26,27,28)';
      OUTPUT_LOAD='(24.0,-24.0)';
    'MR':
      PIN_NUMBER='(19,19,19,19,19,19)';
      INPUT_LOAD='(0.0005,0.225)';
    'REF':
      PIN_NUMBER='(4,4,4,4,4,4)';
      OUTPUT_LOAD='(*,*)';
  end_pin;
  body
    JEDEC_TYPE='PLCC28';
    POWER_PINS='(GND:1)';
    POWER_PINS='(GND:14)';
    POWER_PINS='(GND:22)';
    POWER_PINS='(VEE:7)';
    POWER_PINS='(VCC:20)';
    POWER_PINS='(VCC:24)';
  end_body;
end_primitive;
END.
