FILE_TYPE=LIBRARY_PARTS;
TIME=' COMPILATION ON MON FEB 14 15:20:48 1994  ';
primitive 'THM81000';
  pin
    'DQ0':
      PIN_NUMBER='(3)';
      INPUT_LOAD='(-0.01,0.01)';
      OUTPUT_LOAD='(1.0,-1.0)';
      OUTPUT_TYPE='(TS,TS)';
      BIDIRECTIONAL='TRUE';
    'DQ1':
      PIN_NUMBER='(6)';
      INPUT_LOAD='(-0.01,0.01)';
      OUTPUT_LOAD='(1.0,-1.0)';
      OUTPUT_TYPE='(TS,TS)';
      BIDIRECTIONAL='TRUE';
    'DQ2':
      PIN_NUMBER='(10)';
      INPUT_LOAD='(-0.01,0.01)';
      OUTPUT_LOAD='(1.0,-1.0)';
      OUTPUT_TYPE='(TS,TS)';
      BIDIRECTIONAL='TRUE';
    'DQ3':
      PIN_NUMBER='(13)';
      INPUT_LOAD='(-0.01,0.01)';
      OUTPUT_LOAD='(1.0,-1.0)';
      OUTPUT_TYPE='(TS,TS)';
      BIDIRECTIONAL='TRUE';
    'DQ4':
      PIN_NUMBER='(16)';
      INPUT_LOAD='(-0.01,0.01)';
      OUTPUT_LOAD='(1.0,-1.0)';
      OUTPUT_TYPE='(TS,TS)';
      BIDIRECTIONAL='TRUE';
    'DQ5':
      PIN_NUMBER='(20)';
      INPUT_LOAD='(-0.01,0.01)';
      OUTPUT_LOAD='(1.0,-1.0)';
      OUTPUT_TYPE='(TS,TS)';
      BIDIRECTIONAL='TRUE';
    'DQ6':
      PIN_NUMBER='(23)';
      INPUT_LOAD='(-0.01,0.01)';
      OUTPUT_LOAD='(1.0,-1.0)';
      OUTPUT_TYPE='(TS,TS)';
      BIDIRECTIONAL='TRUE';
    'DQ7':
      PIN_NUMBER='(25)';
      INPUT_LOAD='(-0.01,0.01)';
      OUTPUT_LOAD='(1.0,-1.0)';
      OUTPUT_TYPE='(TS,TS)';
      BIDIRECTIONAL='TRUE';
    '-WE':
      PIN_NUMBER='(21)';
      INPUT_LOAD='(-0.01,0.01)';
    '-CAS':
      PIN_NUMBER='(2)';
      INPUT_LOAD='(-0.01,0.01)';
    '-RAS':
      PIN_NUMBER='(27)';
      INPUT_LOAD='(-0.01,0.01)';
    'A0':
      PIN_NUMBER='(4)';
      INPUT_LOAD='(-0.01,0.01)';
    'A1':
      PIN_NUMBER='(5)';
      INPUT_LOAD='(-0.01,0.01)';
    'A2':
      PIN_NUMBER='(7)';
      INPUT_LOAD='(-0.01,0.01)';
    'A3':
      PIN_NUMBER='(8)';
      INPUT_LOAD='(-0.01,0.01)';
    'A4':
      PIN_NUMBER='(11)';
      INPUT_LOAD='(-0.01,0.01)';
    'A6':
      PIN_NUMBER='(14)';
      INPUT_LOAD='(-0.01,0.01)';
    'A5':
      PIN_NUMBER='(12)';
      INPUT_LOAD='(-0.01,0.01)';
    'A7':
      PIN_NUMBER='(15)';
      INPUT_LOAD='(-0.01,0.01)';
    'A8':
      PIN_NUMBER='(17)';
      INPUT_LOAD='(-0.01,0.01)';
    'A9':
      PIN_NUMBER='(18)';
      INPUT_LOAD='(-0.01,0.01)';
  end_pin;
  body
    JEDEC_TYPE='SIMM';
    CLASS='IC';
    POWER_PINS='(VCC:1,30)';
    POWER_PINS='(VSS:9,22)';
    NC_PINS='(19,24,26,28,29)';
  end_body;
end_primitive;
END.
