FILE_TYPE=LIBRARY_PARTS;
TIME=' COMPILATION ON WED FEB  2 16:26:40 1994  ';
primitive 'MAX907';
  pin
    'VP':
      PIN_NUMBER='(8)';
      INPUT_LOAD='(-0.01,0.01)';
    'VM':
      PIN_NUMBER='(4)';
      INPUT_LOAD='(-0.01,0.01)';
    'OUTB':
      PIN_NUMBER='(7)';
      OUTPUT_LOAD='(1.0,-1.0)';
    'INBM':
      PIN_NUMBER='(6)';
      INPUT_LOAD='(-0.01,0.01)';
    'INBP':
      PIN_NUMBER='(5)';
      INPUT_LOAD='(-0.01,0.01)';
    'OUTA':
      PIN_NUMBER='(1)';
      OUTPUT_LOAD='(1.0,-1.0)';
    'INAM':
      PIN_NUMBER='(2)';
      INPUT_LOAD='(-0.01,0.01)';
    'INAP':
      PIN_NUMBER='(3)';
      INPUT_LOAD='(-0.01,0.01)';
  end_pin;
  body
    JEDEC_TYPE='DIP8_3';
    CLASS='IC';
  end_body;
end_primitive;
END.
