temp/xxnedtmp23/event.log NEWFILE1
temp/xxnedtmp23/text.log NEWFILE2
temp/xxnedtmp23/environ.log NEWFILE3
C:\Cadence\SPB_16.6\share\cdssetup/concept/concepthdl.scr FILE4
C:\Users\QGPWindowsVB\Downloads\orebi\SPB_Data\TUBII5\cds.lib FILE5
C:\Users\QGPWindowsVB\Downloads\orebi\SPB_Data\TUBII5\worklib\tubii\sch_1\page1.csb FILE6
C:\Users\QGPWindowsVB\Downloads\orebi\SPB_Data\TUBII5\worklib\tubii\sch_1\page1_csb.lck NEWFILE7
temp/xxnedtmp23/undo1.log NEWFILE8
C:\Users\QGPWindowsVB\Downloads\orebi\Parts\parts\misc\penn#20b#20size#20page\sym_1\symbol.css FILE9
C:\Users\QGPWindowsVB\Downloads\orebi\SPB_Data\TUBII5\worklib\tubii\sch_1\page1_csa.lck NEWFILE10
C:/Users/QGPWindowsVB/Downloads/orebi/SPB_Data/TUBII5/worklib/tubii/sch_1/tubii.xcon FILE11
C:/Users/QGPWindowsVB/Downloads/orebi/SPB_Data/TUBII5/worklib/tubii/sch_1/tubii.dcf FILE12
C:\Users\QGPWindowsVB\Downloads\orebi\SPB_Data\TUBII5\worklib\trigger_utility_board_mkii\sch_1\page1.csb FILE13
C:\Users\QGPWindowsVB\Downloads\orebi\SPB_Data\TUBII5\worklib\trigger_utility_board_mkii\sch_1\page1_csb.lck NEWFILE14
C:\Users\QGPWindowsVB\Downloads\orebi\SPB_Data\TUBII5\worklib\tubii_spkr\sym_1\symbol.css FILE15
C:\Users\QGPWindowsVB\Downloads\orebi\Parts\parts\standard\3#20merge\sym_1\symbol.css FILE16
C:\Users\QGPWindowsVB\Downloads\orebi\SPB_Data\TUBII5\worklib\ecal_control\sym_1\symbol.css FILE17
C:\Users\QGPWindowsVB\Downloads\orebi\Parts\parts\ttl\hct238\sym_1\symbol.css FILE18
C:\Users\QGPWindowsVB\Downloads\orebi\SPB_Data\TUBII5\worklib\gt_delays\sym_1\symbol.css FILE19
C:\Users\QGPWindowsVB\Downloads\orebi\SPB_Data\TUBII5\worklib\caen\sym_1\symbol.css FILE20
C:\Users\QGPWindowsVB\Downloads\orebi\SPB_Data\TUBII5\worklib\cntrl_register\sym_1\symbol.css FILE21
C:\Users\QGPWindowsVB\Downloads\orebi\SPB_Data\TUBII5\worklib\clocks\sym_1\symbol.css FILE22
C:\Users\QGPWindowsVB\Downloads\orebi\SPB_Data\TUBII5\worklib\powers\sym_1\symbol.css FILE23
C:\Users\QGPWindowsVB\Downloads\orebi\SPB_Data\TUBII5\worklib\comparators\sym_1\symbol.css FILE24
C:\Users\QGPWindowsVB\Downloads\orebi\SPB_Data\TUBII5\worklib\generic_utilities\sym_1\symbol.css FILE25
C:\Users\QGPWindowsVB\Downloads\orebi\SPB_Data\TUBII5\worklib\microzedconnection\sym_1\symbol.css FILE26
C:\Users\QGPWindowsVB\Downloads\orebi\SPB_Data\TUBII5\worklib\base_mon\sym_1\symbol.css FILE27
C:\Users\QGPWindowsVB\Downloads\orebi\SPB_Data\TUBII5\worklib\gt_delays\sch_1\page1.csb FILE28
C:\Users\QGPWindowsVB\Downloads\orebi\SPB_Data\TUBII5\worklib\gt_delays\sch_1\page1_csb.lck NEWFILE29
C:\Users\QGPWindowsVB\Downloads\orebi\SPB_Data\TUBII5\worklib\trigger_utility_board_mkii\sch_1\page1_csa.lck NEWFILE30
C:\Users\QGPWindowsVB\Downloads\orebi\Parts\parts\resistors\rsmd0805\sym_1\symbol.css FILE31
C:\Users\QGPWindowsVB\Downloads\orebi\SPB_Data\TUBII5\worklib\asyncdelays\sym_1\symbol.css FILE32
C:\Users\QGPWindowsVB\Downloads\orebi\SPB_Data\TUBII5\worklib\select_lo_src\sym_1\symbol.css FILE33
C:\Users\QGPWindowsVB\Downloads\orebi\SPB_Data\TUBII5\worklib\asyncdelays\sch_1\page1.csb FILE34
C:\Users\QGPWindowsVB\Downloads\orebi\SPB_Data\TUBII5\worklib\asyncdelays\sch_1\page1_csb.lck NEWFILE35
C:\Users\QGPWindowsVB\Downloads\orebi\SPB_Data\TUBII5\worklib\gt_delays\sch_1\page1_csa.lck NEWFILE36
C:\Users\QGPWindowsVB\Downloads\orebi\Parts\parts\ecl\10h125\sym_1\symbol.css FILE37
C:\Users\QGPWindowsVB\Downloads\orebi\Parts\parts\ttl\ds102350\sym_1\symbol.css FILE38
C:\Users\QGPWindowsVB\Downloads\orebi\SPB_Data\TUBII5\worklib\led_pulse\sym_1\symbol.css FILE39
C:\Users\QGPWindowsVB\Downloads\orebi\Parts\parts\misc\testpoint_l\sym_1\symbol.css FILE40
C:\Users\QGPWindowsVB\Downloads\orebi\Parts\parts\ttl\f06\sym_1\symbol.css FILE41
C:\Users\QGPWindowsVB\Downloads\orebi\Parts\parts\ecl\10elt24\sym_1\symbol.css FILE42
C:\Users\QGPWindowsVB\Downloads\orebi\Parts\parts\ttl\ds1023500\sym_1\symbol.css FILE43
C:\Users\QGPWindowsVB\Downloads\orebi\Parts\parts\resistors\rsmd0603\sym_1\symbol.css FILE44
C:\Users\QGPWindowsVB\Downloads\orebi\Parts\parts\ttl\ds1023200\sym_1\symbol.css FILE45
C:/Cadence/SPB_16.6/tools/language/config.dat FILE46
temp/xxnedtmp23/concept.mkr NEWFILE47
C:/Cadence/SPB_16.6/tools/language/pack_type_rename.dat NEWFILE48
temp/xxnedtmp23/../ds1023200.mkr NEWFILE49
temp/xxnedtmp23/../10elt24.mkr NEWFILE50
temp/xxnedtmp23/../penn#20b#20size#20page.mkr NEWFILE51
temp/xxnedtmp23/../10h125.mkr NEWFILE52
temp/xxnedtmp23/../led_pulse.mkr NEWFILE53
temp/xxnedtmp23/../testpoint_l.mkr NEWFILE54
temp/xxnedtmp23/../f06.mkr NEWFILE55
temp/xxnedtmp23/../ds1023500.mkr NEWFILE56
temp/xxnedtmp23/../rsmd0603.mkr NEWFILE57
C:\Users\QGPWindowsVB\Downloads\orebi\SPB_Data\TUBII5\worklib\asyncdelays\sch_1\page1.csa FILE58
C:\Users\QGPWindowsVB\Downloads\orebi\SPB_Data\TUBII5\worklib\asyncdelays\sch_1\page1.csv FILE59
C:\Users\QGPWindowsVB\Downloads\orebi\SPB_Data\TUBII5\worklib\asyncdelays\sch_1\pc.db FILE60
C:/Users/QGPWindowsVB/Downloads/orebi/SPB_Data/TUBII5/worklib/asyncdelays/sch_1/asyncdelays_xcon.lck NEWFILE61
C:/Users/QGPWindowsVB/Downloads/orebi/SPB_Data/TUBII5/worklib/asyncdelays/sch_1/asyncdelays_dcf.lck NEWFILE62
temp/xxnedtmp23/csnetlister.mkr NEWFILE63
C:\Users\QGPWindowsVB\Downloads\orebi\SPB_Data\TUBII5\worklib\asyncdelays\sch_1\page1_csa.lck NEWFILE64
C:\Users\QGPWindowsVB\Downloads\orebi\SPB_Data\TUBII5\worklib\caen\sch_1\page1.csb FILE65
C:\Users\QGPWindowsVB\Downloads\orebi\SPB_Data\TUBII5\worklib\caen\sch_1\page1_csb.lck NEWFILE66
C:\Users\QGPWindowsVB\Downloads\orebi\SPB_Data\TUBII5\worklib\caen_coms\sym_1\symbol.css FILE67
C:\Users\QGPWindowsVB\Downloads\orebi\SPB_Data\TUBII5\worklib\caen_chat\sym_1\symbol.css FILE68
C:\Users\QGPWindowsVB\Downloads\orebi\SPB_Data\TUBII5\worklib\caen_chat\sch_1\page1.csb FILE69
C:\Users\QGPWindowsVB\Downloads\orebi\SPB_Data\TUBII5\worklib\caen_chat\sch_1\page1_csb.lck NEWFILE70
C:\Users\QGPWindowsVB\Downloads\orebi\SPB_Data\TUBII5\worklib\caen\sch_1\page1_csa.lck NEWFILE71
C:\Users\QGPWindowsVB\Downloads\orebi\Parts\parts\misc\gnd\sym_1\symbol.css FILE72
C:\Users\QGPWindowsVB\Downloads\orebi\Parts\parts\capacitors\csmd0805\sym_1\symbol.css FILE73
C:\Users\QGPWindowsVB\Downloads\orebi\Parts\parts\transistors\mmbth81lt1\sym_1\symbol.css FILE74
C:\Users\QGPWindowsVB\Downloads\orebi\Parts\parts\ecl\10h116\sym_1\symbol.css FILE75
temp/xxnedtmp23/../rsmd0805.mkr NEWFILE76
temp/xxnedtmp23/../gnd.mkr NEWFILE77
temp/xxnedtmp23/../csmd0805.mkr NEWFILE78
temp/xxnedtmp23/../mmbth81lt1.mkr NEWFILE79
temp/xxnedtmp23/../10h116.mkr NEWFILE80
C:\Users\QGPWindowsVB\Downloads\orebi\SPB_Data\TUBII5\worklib\caen_chat\sch_1\page1.csa FILE81
C:\Users\QGPWindowsVB\Downloads\orebi\SPB_Data\TUBII5\worklib\caen_chat\sch_1\page1.csv FILE82
C:\Users\QGPWindowsVB\Downloads\orebi\SPB_Data\TUBII5\worklib\caen_chat\sch_1\pc.db FILE83
C:/Users/QGPWindowsVB/Downloads/orebi/SPB_Data/TUBII5/worklib/caen_chat/sch_1/caen_chat_xcon.lck NEWFILE84
C:/Users/QGPWindowsVB/Downloads/orebi/SPB_Data/TUBII5/worklib/caen_chat/sch_1/caen_chat_dcf.lck NEWFILE85
C:\Users\QGPWindowsVB\Downloads\orebi\SPB_Data\TUBII5\worklib\caen_chat\sch_1\page1_csa.lck NEWFILE86
C:\Users\QGPWindowsVB\Downloads\orebi\SPB_Data\TUBII5\worklib\caen_chat\sym_1\symbol_css.lck NEWFILE87
temp/xxnedtmp23/undo2.log NEWFILE88
C:\Users\QGPWindowsVB\Downloads\orebi\Parts\parts\standard\origin\sym_1\symbol.css FILE89
temp/xxnedtmp23/../caen_chat.mkr NEWFILE90
temp/xxnedtmp23/../caen_coms.mkr NEWFILE91
C:\Users\QGPWindowsVB\Downloads\orebi\SPB_Data\TUBII5\worklib\caen\sch_1\page1.csa FILE92
C:\Users\QGPWindowsVB\Downloads\orebi\SPB_Data\TUBII5\worklib\caen\sch_1\page1.csv FILE93
C:/Users/QGPWindowsVB/Downloads/orebi/SPB_Data/TUBII5/worklib/caen/sch_1/caen_xcon.lck NEWFILE94
C:/Users/QGPWindowsVB/Downloads/orebi/SPB_Data/TUBII5/worklib/caen/sch_1/caen_dcf.lck NEWFILE95
C:\Users\QGPWindowsVB\Downloads\orebi\SPB_Data\TUBII5\worklib\ecal_control\sch_1\page1.csb FILE96
C:\Users\QGPWindowsVB\Downloads\orebi\SPB_Data\TUBII5\worklib\ecal_control\sch_1\page1_csb.lck NEWFILE97
C:\Users\QGPWindowsVB\Downloads\orebi\Parts\parts\ecl\10e101\sym_1\symbol.css FILE98
C:\Users\QGPWindowsVB\Downloads\orebi\Parts\parts\ecl\10h104\sym_1\symbol.css FILE99
C:\Users\QGPWindowsVB\Downloads\orebi\Parts\parts\ecl\10h124\sym_1\symbol.css FILE100
C:\Users\QGPWindowsVB\Downloads\orebi\Parts\parts\misc\led_1206\sym_1\symbol.css FILE101
temp/xxnedtmp23/../10h124.mkr NEWFILE102
temp/xxnedtmp23/../10h104.mkr NEWFILE103
temp/xxnedtmp23/../10e101.mkr NEWFILE104
temp/xxnedtmp23/../led_1206.mkr NEWFILE105
C:\Users\QGPWindowsVB\Downloads\orebi\SPB_Data\TUBII5\worklib\ecal_control\sch_1\page1.csa FILE106
C:\Users\QGPWindowsVB\Downloads\orebi\SPB_Data\TUBII5\worklib\ecal_control\sch_1\page1.csv FILE107
C:\Users\QGPWindowsVB\Downloads\orebi\SPB_Data\TUBII5\worklib\ecal_control\sch_1\pc.db FILE108
C:/Users/QGPWindowsVB/Downloads/orebi/SPB_Data/TUBII5/worklib/ecal_control/sch_1/ecal_control_xcon.lck NEWFILE109
C:/Users/QGPWindowsVB/Downloads/orebi/SPB_Data/TUBII5/worklib/ecal_control/sch_1/ecal_control_dcf.lck NEWFILE110
C:\Users\QGPWindowsVB\Downloads\orebi\SPB_Data\TUBII5\worklib\ecal_control\sch_1\page1_csa.lck NEWFILE111
C:\Users\QGPWindowsVB\Downloads\orebi\SPB_Data\TUBII5\worklib\tubii\sch_1\page2.csb FILE112
C:\Users\QGPWindowsVB\Downloads\orebi\SPB_Data\TUBII5\worklib\tubii\sch_1\page2_csb.lck NEWFILE113
C:\Users\QGPWindowsVB\Downloads\orebi\SPB_Data\TUBII5\worklib\ports2\sym_1\symbol.css FILE114
C:\Users\QGPWindowsVB\Downloads\orebi\SPB_Data\TUBII5\worklib\ports\sym_1\symbol.css FILE115
C:\Users\QGPWindowsVB\Downloads\orebi\SPB_Data\TUBII5\worklib\trigger_utility_board_mkii\sym_1\symbol.css FILE116
C:\Users\QGPWindowsVB\Downloads\orebi\SPB_Data\TUBII5\worklib\ports\sch_1\page1.csb FILE117
C:\Users\QGPWindowsVB\Downloads\orebi\SPB_Data\TUBII5\worklib\ports\sch_1\page1_csb.lck NEWFILE118
C:\Users\QGPWindowsVB\Downloads\orebi\SPB_Data\TUBII5\worklib\tubii\sch_1\page2_csa.lck NEWFILE119
C:\Users\QGPWindowsVB\Downloads\orebi\Parts\parts\misc\ids_c10\sym_1\symbol.css FILE120
C:\Users\QGPWindowsVB\Downloads\orebi\SPB_Data\TUBII5\worklib\gt_delays_ports\sym_1\symbol.css FILE121
C:\Users\QGPWindowsVB\Downloads\orebi\SPB_Data\TUBII5\worklib\generic_utilities_ports\sym_1\symbol.css FILE122
C:\Users\QGPWindowsVB\Downloads\orebi\SPB_Data\TUBII5\worklib\comparator_ports\sym_1\symbol.css FILE123
C:\Users\QGPWindowsVB\Downloads\orebi\SPB_Data\TUBII5\worklib\caen_ports\sym_1\symbol.css FILE124
C:\Users\QGPWindowsVB\Downloads\orebi\SPB_Data\TUBII5\worklib\translators\sym_1\symbol.css FILE125
C:\Users\QGPWindowsVB\Downloads\orebi\Parts\parts\standard\8#20merge\sym_1\symbol.css FILE126
temp/xxnedtmp23/../gt_delays_ports.mkr NEWFILE127
temp/xxnedtmp23/../comparator_ports.mkr NEWFILE128
temp/xxnedtmp23/../caen_ports.mkr NEWFILE129
temp/xxnedtmp23/../ids_c10.mkr NEWFILE130
temp/xxnedtmp23/../generic_utilities_ports.mkr NEWFILE131
temp/xxnedtmp23/../translators.mkr NEWFILE132
temp/xxnedtmp23/../8#20merge.mkr NEWFILE133
C:\Users\QGPWindowsVB\Downloads\orebi\SPB_Data\TUBII5\worklib\ports\sch_1\page1.csa FILE134
C:\Users\QGPWindowsVB\Downloads\orebi\SPB_Data\TUBII5\worklib\ports\sch_1\page1.csv FILE135
C:/Users/QGPWindowsVB/Downloads/orebi/SPB_Data/TUBII5/worklib/ports/sch_1/ports_xcon.lck NEWFILE136
C:/Users/QGPWindowsVB/Downloads/orebi/SPB_Data/TUBII5/worklib/ports/sch_1/ports_dcf.lck NEWFILE137
C:\Users\QGPWindowsVB\Downloads\orebi\SPB_Data\TUBII5\worklib\ports\sch_1\page1_csa.lck NEWFILE138
C:\Users\QGPWindowsVB\Downloads\orebi\SPB_Data\TUBII5\worklib\ribbondelay\sch_1\page1.csb FILE139
C:\Users\QGPWindowsVB\Downloads\orebi\SPB_Data\TUBII5\worklib\ribbondelay\sch_1\page1_csb.lck NEWFILE140
C:\Users\QGPWindowsVB\Downloads\orebi\Parts\parts\ecl\10e116\sym_1\symbol.css FILE141
C:\Users\QGPWindowsVB\Downloads\orebi\SPB_Data\TUBII5\worklib\generic_utilities\sch_1\page1.csb FILE142
C:\Users\QGPWindowsVB\Downloads\orebi\SPB_Data\TUBII5\worklib\generic_utilities\sch_1\page1_csb.lck NEWFILE143
C:\Users\QGPWindowsVB\Downloads\orebi\SPB_Data\TUBII5\worklib\ribbondelay\sch_1\page1_csa.lck NEWFILE144
C:\Users\QGPWindowsVB\Downloads\orebi\SPB_Data\TUBII5\worklib\pulse_inverter\sym_1\symbol.css FILE145
C:\Users\QGPWindowsVB\Downloads\orebi\SPB_Data\TUBII5\worklib\generic_delays\sym_1\symbol.css FILE146
C:\Users\QGPWindowsVB\Downloads\orebi\SPB_Data\TUBII5\worklib\pulse_scaler\sym_1\symbol.css FILE147
C:\Users\QGPWindowsVB\Downloads\orebi\SPB_Data\TUBII5\worklib\ribbondelay\sym_1\symbol.css FILE148
C:\Users\QGPWindowsVB\Downloads\orebi\SPB_Data\TUBII5\worklib\generic_pulse\sym_1\symbol.css FILE149
C:\Users\QGPWindowsVB\Downloads\orebi\SPB_Data\TUBII5\worklib\generic_utilities\sch_1\page1_csa.lck NEWFILE150
