FILE_TYPE=LIBRARY_PARTS;
TIME=' COMPILATION ON THU AUG 10 12:50:35 1995  ';
primitive 'CONN50';
  pin
    'PIN1':
      PIN_NUMBER='(1)';
      PIN_GROUP='(A)';
      PIN_TYPE='ANALOG';
      NO_LOAD_CHECK='BOTH';
      UNKNOWN_LOADING='TRUE';
    'PIN2':
      PIN_NUMBER='(2)';
      PIN_GROUP='(A)';
      PIN_TYPE='ANALOG';
      NO_LOAD_CHECK='BOTH';
      UNKNOWN_LOADING='TRUE';
    'PIN3':
      PIN_NUMBER='(3)';
      PIN_GROUP='(A)';
      PIN_TYPE='ANALOG';
      NO_LOAD_CHECK='BOTH';
      UNKNOWN_LOADING='TRUE';
    'PIN4':
      PIN_NUMBER='(4)';
      PIN_GROUP='(A)';
      PIN_TYPE='ANALOG';
      NO_LOAD_CHECK='BOTH';
      UNKNOWN_LOADING='TRUE';
    'PIN5':
      PIN_NUMBER='(5)';
      PIN_GROUP='(A)';
      PIN_TYPE='ANALOG';
      NO_LOAD_CHECK='BOTH';
      UNKNOWN_LOADING='TRUE';
    'PIN6':
      PIN_NUMBER='(6)';
      PIN_GROUP='(A)';
      PIN_TYPE='ANALOG';
      NO_LOAD_CHECK='BOTH';
      UNKNOWN_LOADING='TRUE';
    'PIN7':
      PIN_NUMBER='(7)';
      PIN_GROUP='(A)';
      PIN_TYPE='ANALOG';
      NO_LOAD_CHECK='BOTH';
      UNKNOWN_LOADING='TRUE';
    'PIN8':
      PIN_NUMBER='(8)';
      PIN_GROUP='(A)';
      PIN_TYPE='ANALOG';
      NO_LOAD_CHECK='BOTH';
      UNKNOWN_LOADING='TRUE';
    'PIN9':
      PIN_NUMBER='(9)';
      PIN_GROUP='(A)';
      PIN_TYPE='ANALOG';
      NO_LOAD_CHECK='BOTH';
      UNKNOWN_LOADING='TRUE';
    'PIN10':
      PIN_NUMBER='(10)';
      PIN_GROUP='(A)';
      PIN_TYPE='ANALOG';
      NO_LOAD_CHECK='BOTH';
      UNKNOWN_LOADING='TRUE';
    'PIN11':
      PIN_NUMBER='(11)';
      PIN_GROUP='(A)';
      PIN_TYPE='ANALOG';
      NO_LOAD_CHECK='BOTH';
      UNKNOWN_LOADING='TRUE';
    'PIN12':
      PIN_NUMBER='(12)';
      PIN_GROUP='(A)';
      PIN_TYPE='ANALOG';
      NO_LOAD_CHECK='BOTH';
      UNKNOWN_LOADING='TRUE';
    'PIN13':
      PIN_NUMBER='(13)';
      PIN_GROUP='(A)';
      PIN_TYPE='ANALOG';
      NO_LOAD_CHECK='BOTH';
      UNKNOWN_LOADING='TRUE';
    'PIN14':
      PIN_NUMBER='(14)';
      PIN_GROUP='(A)';
      PIN_TYPE='ANALOG';
      NO_LOAD_CHECK='BOTH';
      UNKNOWN_LOADING='TRUE';
    'PIN15':
      PIN_NUMBER='(15)';
      PIN_GROUP='(A)';
      PIN_TYPE='ANALOG';
      NO_LOAD_CHECK='BOTH';
      UNKNOWN_LOADING='TRUE';
    'PIN16':
      PIN_NUMBER='(16)';
      PIN_GROUP='(A)';
      PIN_TYPE='ANALOG';
      NO_LOAD_CHECK='BOTH';
      UNKNOWN_LOADING='TRUE';
    'PIN17':
      PIN_NUMBER='(17)';
      PIN_GROUP='(A)';
      PIN_TYPE='ANALOG';
      NO_LOAD_CHECK='BOTH';
      UNKNOWN_LOADING='TRUE';
    'PIN18':
      PIN_NUMBER='(18)';
      PIN_GROUP='(A)';
      PIN_TYPE='ANALOG';
      NO_LOAD_CHECK='BOTH';
      UNKNOWN_LOADING='TRUE';
    'PIN19':
      PIN_NUMBER='(19)';
      PIN_GROUP='(A)';
      PIN_TYPE='ANALOG';
      NO_LOAD_CHECK='BOTH';
      UNKNOWN_LOADING='TRUE';
    'PIN20':
      PIN_NUMBER='(20)';
      PIN_GROUP='(A)';
      PIN_TYPE='ANALOG';
      NO_LOAD_CHECK='BOTH';
      UNKNOWN_LOADING='TRUE';
    'PIN21':
      PIN_NUMBER='(21)';
      PIN_GROUP='(A)';
      PIN_TYPE='ANALOG';
      NO_LOAD_CHECK='BOTH';
      UNKNOWN_LOADING='TRUE';
    'PIN22':
      PIN_NUMBER='(22)';
      PIN_GROUP='(A)';
      PIN_TYPE='ANALOG';
      NO_LOAD_CHECK='BOTH';
      UNKNOWN_LOADING='TRUE';
    'PIN23':
      PIN_NUMBER='(23)';
      PIN_GROUP='(A)';
      PIN_TYPE='ANALOG';
      NO_LOAD_CHECK='BOTH';
      UNKNOWN_LOADING='TRUE';
    'PIN24':
      PIN_NUMBER='(24)';
      PIN_GROUP='(A)';
      PIN_TYPE='ANALOG';
      NO_LOAD_CHECK='BOTH';
      UNKNOWN_LOADING='TRUE';
    'PIN25':
      PIN_NUMBER='(25)';
      PIN_GROUP='(A)';
      PIN_TYPE='ANALOG';
      NO_LOAD_CHECK='BOTH';
      UNKNOWN_LOADING='TRUE';
    'PIN26':
      PIN_NUMBER='(26)';
      PIN_GROUP='(A)';
      PIN_TYPE='ANALOG';
      NO_LOAD_CHECK='BOTH';
      UNKNOWN_LOADING='TRUE';
    'PIN27':
      PIN_NUMBER='(27)';
      PIN_GROUP='(A)';
      PIN_TYPE='ANALOG';
      NO_LOAD_CHECK='BOTH';
      UNKNOWN_LOADING='TRUE';
    'PIN28':
      PIN_NUMBER='(28)';
      PIN_GROUP='(A)';
      PIN_TYPE='ANALOG';
      NO_LOAD_CHECK='BOTH';
      UNKNOWN_LOADING='TRUE';
    'PIN29':
      PIN_NUMBER='(29)';
      PIN_GROUP='(A)';
      PIN_TYPE='ANALOG';
      NO_LOAD_CHECK='BOTH';
      UNKNOWN_LOADING='TRUE';
    'PIN30':
      PIN_NUMBER='(30)';
      PIN_GROUP='(A)';
      PIN_TYPE='ANALOG';
      NO_LOAD_CHECK='BOTH';
      UNKNOWN_LOADING='TRUE';
    'PIN31':
      PIN_NUMBER='(31)';
      PIN_GROUP='(A)';
      PIN_TYPE='ANALOG';
      NO_LOAD_CHECK='BOTH';
      UNKNOWN_LOADING='TRUE';
    'PIN32':
      PIN_NUMBER='(32)';
      PIN_GROUP='(A)';
      PIN_TYPE='ANALOG';
      NO_LOAD_CHECK='BOTH';
      UNKNOWN_LOADING='TRUE';
    'PIN33':
      PIN_NUMBER='(33)';
      PIN_GROUP='(A)';
      PIN_TYPE='ANALOG';
      NO_LOAD_CHECK='BOTH';
      UNKNOWN_LOADING='TRUE';
    'PIN34':
      PIN_NUMBER='(34)';
      PIN_GROUP='(A)';
      PIN_TYPE='ANALOG';
      NO_LOAD_CHECK='BOTH';
      UNKNOWN_LOADING='TRUE';
    'PIN35':
      PIN_NUMBER='(35)';
      PIN_GROUP='(A)';
      PIN_TYPE='ANALOG';
      NO_LOAD_CHECK='BOTH';
      UNKNOWN_LOADING='TRUE';
    'PIN36':
      PIN_NUMBER='(36)';
      PIN_GROUP='(A)';
      PIN_TYPE='ANALOG';
      NO_LOAD_CHECK='BOTH';
      UNKNOWN_LOADING='TRUE';
    'PIN37':
      PIN_NUMBER='(37)';
      PIN_GROUP='(A)';
      PIN_TYPE='ANALOG';
      NO_LOAD_CHECK='BOTH';
      UNKNOWN_LOADING='TRUE';
    'PIN38':
      PIN_NUMBER='(38)';
      PIN_GROUP='(A)';
      PIN_TYPE='ANALOG';
      NO_LOAD_CHECK='BOTH';
      UNKNOWN_LOADING='TRUE';
    'PIN39':
      PIN_NUMBER='(39)';
      PIN_GROUP='(A)';
      PIN_TYPE='ANALOG';
      NO_LOAD_CHECK='BOTH';
      UNKNOWN_LOADING='TRUE';
    'PIN40':
      PIN_NUMBER='(40)';
      PIN_GROUP='(A)';
      PIN_TYPE='ANALOG';
      NO_LOAD_CHECK='BOTH';
      UNKNOWN_LOADING='TRUE';
    'PIN41':
      PIN_NUMBER='(41)';
      PIN_GROUP='(A)';
      PIN_TYPE='ANALOG';
      NO_LOAD_CHECK='BOTH';
      UNKNOWN_LOADING='TRUE';
    'PIN42':
      PIN_NUMBER='(42)';
      PIN_GROUP='(A)';
      PIN_TYPE='ANALOG';
      NO_LOAD_CHECK='BOTH';
      UNKNOWN_LOADING='TRUE';
    'PIN43':
      PIN_NUMBER='(43)';
      PIN_GROUP='(A)';
      PIN_TYPE='ANALOG';
      NO_LOAD_CHECK='BOTH';
      UNKNOWN_LOADING='TRUE';
    'PIN44':
      PIN_NUMBER='(44)';
      PIN_GROUP='(A)';
      PIN_TYPE='ANALOG';
      NO_LOAD_CHECK='BOTH';
      UNKNOWN_LOADING='TRUE';
    'PIN45':
      PIN_NUMBER='(45)';
      PIN_GROUP='(A)';
      PIN_TYPE='ANALOG';
      NO_LOAD_CHECK='BOTH';
      UNKNOWN_LOADING='TRUE';
    'PIN46':
      PIN_NUMBER='(46)';
      PIN_GROUP='(A)';
      PIN_TYPE='ANALOG';
      NO_LOAD_CHECK='BOTH';
      UNKNOWN_LOADING='TRUE';
    'PIN47':
      PIN_NUMBER='(47)';
      PIN_GROUP='(A)';
      PIN_TYPE='ANALOG';
      NO_LOAD_CHECK='BOTH';
      UNKNOWN_LOADING='TRUE';
    'PIN48':
      PIN_NUMBER='(48)';
      PIN_GROUP='(A)';
      PIN_TYPE='ANALOG';
      NO_LOAD_CHECK='BOTH';
      UNKNOWN_LOADING='TRUE';
    'PIN49':
      PIN_NUMBER='(49)';
      PIN_GROUP='(A)';
      PIN_TYPE='ANALOG';
      NO_LOAD_CHECK='BOTH';
      UNKNOWN_LOADING='TRUE';
    'PIN50':
      PIN_NUMBER='(50)';
      PIN_GROUP='(A)';
      PIN_TYPE='ANALOG';
      NO_LOAD_CHECK='BOTH';
      UNKNOWN_LOADING='TRUE';
  end_pin;
  body
    JEDEC_TYPE='CONN50';
    CLASS='DISCRETE';
    NC_PINS='(51,52)';
    PHYS_DES_PREFIX='J';
  end_body;
end_primitive;
END.
