FILE_TYPE=LIBRARY_PARTS;
TIME=' COMPILATION ON THU JAN 10 12:01:33 1991  ';
primitive '10H131_L','10H131_L_DIP';
  pin
    'S':
      INPUT_LOAD='(0.0005,0.465)';
      PIN_NUMBER='(12,5)';
    'R':
      INPUT_LOAD='(0.0005,0.465)';
      PIN_NUMBER='(13,4)';
    'Q'<0>:
      OUTPUT_LOAD='(-7.4,-23.8)';
      OUTPUT_TYPE='(OE,OR)';
      PIN_NUMBER='(15,2)';
    'D'<0>:
      INPUT_LOAD='(0.0005,0.285)';
      PIN_NUMBER='(10,7)';
    'CPN':
      INPUT_LOAD='(0.0005,0.310)';
      PIN_NUMBER='(11,6)';
    'CPC':
      INPUT_LOAD='(0.0005,0.390)';
      PIN_NUMBER='(9,9)';
    '-Q'<0>:
      OUTPUT_LOAD='(-7.4,-23.8)';
      OUTPUT_TYPE='(OE,OR)';
      PIN_NUMBER='(14,3)';
  end_pin;
  body
    POWER_PINS='(GND:1;GND:16;VEE:8)';
    FAMILY='ECL10KH';
    JEDEC_TYPE='DIP16_3';
    CLASS='IC';
    PART_NAME='10H131_L';
    TECH='10KH';  
  end_body;
end_primitive;
primitive '10H131_L_PLCC';
  pin
    'S':
      INPUT_LOAD='(0.0005,0.465)';
      PIN_NUMBER='(15,7)';
    'R':
      INPUT_LOAD='(0.0005,0.465)';
      PIN_NUMBER='(17,5)';
    'Q'<0>:
      OUTPUT_LOAD='(-7.4,-23.8)';
      OUTPUT_TYPE='(OE,OR)';
      PIN_NUMBER='(19,3)';
    'D'<0>:
      INPUT_LOAD='(0.0005,0.285)';
      PIN_NUMBER='(13,9)';
    'CPN':
      INPUT_LOAD='(0.0005,0.310)';
      PIN_NUMBER='(14,8)';
    'CPC':
      INPUT_LOAD='(0.0005,0.390)';
      PIN_NUMBER='(12,12)';
    '-Q'<0>:
      OUTPUT_LOAD='(-7.4,-23.8)';
      OUTPUT_TYPE='(OE,OR)';
      PIN_NUMBER='(18,4)';
  end_pin;
  body
    POWER_PINS='(GND:2;GND:20;VEE:10)';
    FAMILY='ECL10KH';
    NC_PINS='(16,11,6,1)';
    JEDEC_TYPE='PLCC20';
    CLASS='IC';
    PART_NAME='10H131_L';
    TECH='10KH';  
  end_body;
end_primitive;
END.
