FILE_TYPE=LIBRARY_PARTS;
TIME=' COMPILATION ON FRI JAN 11 11:32:42 1991  ';
primitive '4067B_L','4067B_L_DIP';
  pin
    'X9'<0>:
      NO_LOAD_CHECK='BOTH';
      UNKNOWN_LOADING='TRUE';
      ALLOW_CONNECT='TRUE';
      PIN_NUMBER='(22)';
    'X8'<0>:
      NO_LOAD_CHECK='BOTH';
      UNKNOWN_LOADING='TRUE';
      ALLOW_CONNECT='TRUE';
      PIN_NUMBER='(23)';
    'X7'<0>:
      NO_LOAD_CHECK='BOTH';
      UNKNOWN_LOADING='TRUE';
      ALLOW_CONNECT='TRUE';
      PIN_NUMBER='(2)';
    'X6'<0>:
      NO_LOAD_CHECK='BOTH';
      UNKNOWN_LOADING='TRUE';
      ALLOW_CONNECT='TRUE';
      PIN_NUMBER='(3)';
    'X5'<0>:
      NO_LOAD_CHECK='BOTH';
      UNKNOWN_LOADING='TRUE';
      ALLOW_CONNECT='TRUE';
      PIN_NUMBER='(4)';
    'X4'<0>:
      NO_LOAD_CHECK='BOTH';
      UNKNOWN_LOADING='TRUE';
      ALLOW_CONNECT='TRUE';
      PIN_NUMBER='(5)';
    'X3'<0>:
      NO_LOAD_CHECK='BOTH';
      UNKNOWN_LOADING='TRUE';
      ALLOW_CONNECT='TRUE';
      PIN_NUMBER='(6)';
    'X2'<0>:
      NO_LOAD_CHECK='BOTH';
      UNKNOWN_LOADING='TRUE';
      ALLOW_CONNECT='TRUE';
      PIN_NUMBER='(7)';
    'X15'<0>:
      NO_LOAD_CHECK='BOTH';
      UNKNOWN_LOADING='TRUE';
      ALLOW_CONNECT='TRUE';
      PIN_NUMBER='(16)';
    'X14'<0>:
      NO_LOAD_CHECK='BOTH';
      UNKNOWN_LOADING='TRUE';
      ALLOW_CONNECT='TRUE';
      PIN_NUMBER='(17)';
    'X13'<0>:
      NO_LOAD_CHECK='BOTH';
      UNKNOWN_LOADING='TRUE';
      ALLOW_CONNECT='TRUE';
      PIN_NUMBER='(18)';
    'X12'<0>:
      NO_LOAD_CHECK='BOTH';
      UNKNOWN_LOADING='TRUE';
      ALLOW_CONNECT='TRUE';
      PIN_NUMBER='(19)';
    'X11'<0>:
      NO_LOAD_CHECK='BOTH';
      UNKNOWN_LOADING='TRUE';
      ALLOW_CONNECT='TRUE';
      PIN_NUMBER='(20)';
    'X10'<0>:
      NO_LOAD_CHECK='BOTH';
      UNKNOWN_LOADING='TRUE';
      ALLOW_CONNECT='TRUE';
      PIN_NUMBER='(21)';
    'X1'<0>:
      NO_LOAD_CHECK='BOTH';
      UNKNOWN_LOADING='TRUE';
      ALLOW_CONNECT='TRUE';
      PIN_NUMBER='(8)';
    'X0'<0>:
      NO_LOAD_CHECK='BOTH';
      UNKNOWN_LOADING='TRUE';
      ALLOW_CONNECT='TRUE';
      PIN_NUMBER='(9)';
    'X'<0>:
      NO_LOAD_CHECK='BOTH';
      UNKNOWN_LOADING='TRUE';
      ALLOW_CONNECT='TRUE';
      PIN_NUMBER='(1)';
    'S'<3>:
      INPUT_LOAD='(-0.0001,0.0001)';
      PIN_NUMBER='(13)';
    'S'<2>:
      INPUT_LOAD='(-0.0001,0.0001)';
      PIN_NUMBER='(14)';
    'S'<1>:
      INPUT_LOAD='(-0.0001,0.0001)';
      PIN_NUMBER='(11)';
    'S'<0>:
      INPUT_LOAD='(-0.0001,0.0001)';
      PIN_NUMBER='(10)';
    '-INH':
      INPUT_LOAD='(-0.0001,0.0001)';
      PIN_NUMBER='(15)';
  end_pin;
  body
    FAMILY='CMOS';
    POWER_PINS='(VCC:24;GND:12)';
    PART_NAME='4067B_L';
    BODY_NAME='4067B_L';
    JEDEC_TYPE='DIP24_3';
    CLASS='IC';
    TECH='CMOS';  
  end_body;
end_primitive;
primitive '4067B_L_SOIC';
  pin
    'X9'<0>:
      NO_LOAD_CHECK='BOTH';
      UNKNOWN_LOADING='TRUE';
      ALLOW_CONNECT='TRUE';
      PIN_NUMBER='(22)';
    'X8'<0>:
      NO_LOAD_CHECK='BOTH';
      UNKNOWN_LOADING='TRUE';
      ALLOW_CONNECT='TRUE';
      PIN_NUMBER='(23)';
    'X7'<0>:
      NO_LOAD_CHECK='BOTH';
      UNKNOWN_LOADING='TRUE';
      ALLOW_CONNECT='TRUE';
      PIN_NUMBER='(2)';
    'X6'<0>:
      NO_LOAD_CHECK='BOTH';
      UNKNOWN_LOADING='TRUE';
      ALLOW_CONNECT='TRUE';
      PIN_NUMBER='(3)';
    'X5'<0>:
      NO_LOAD_CHECK='BOTH';
      UNKNOWN_LOADING='TRUE';
      ALLOW_CONNECT='TRUE';
      PIN_NUMBER='(4)';
    'X4'<0>:
      NO_LOAD_CHECK='BOTH';
      UNKNOWN_LOADING='TRUE';
      ALLOW_CONNECT='TRUE';
      PIN_NUMBER='(5)';
    'X3'<0>:
      NO_LOAD_CHECK='BOTH';
      UNKNOWN_LOADING='TRUE';
      ALLOW_CONNECT='TRUE';
      PIN_NUMBER='(6)';
    'X2'<0>:
      NO_LOAD_CHECK='BOTH';
      UNKNOWN_LOADING='TRUE';
      ALLOW_CONNECT='TRUE';
      PIN_NUMBER='(7)';
    'X15'<0>:
      NO_LOAD_CHECK='BOTH';
      UNKNOWN_LOADING='TRUE';
      ALLOW_CONNECT='TRUE';
      PIN_NUMBER='(16)';
    'X14'<0>:
      NO_LOAD_CHECK='BOTH';
      UNKNOWN_LOADING='TRUE';
      ALLOW_CONNECT='TRUE';
      PIN_NUMBER='(17)';
    'X13'<0>:
      NO_LOAD_CHECK='BOTH';
      UNKNOWN_LOADING='TRUE';
      ALLOW_CONNECT='TRUE';
      PIN_NUMBER='(18)';
    'X12'<0>:
      NO_LOAD_CHECK='BOTH';
      UNKNOWN_LOADING='TRUE';
      ALLOW_CONNECT='TRUE';
      PIN_NUMBER='(19)';
    'X11'<0>:
      NO_LOAD_CHECK='BOTH';
      UNKNOWN_LOADING='TRUE';
      ALLOW_CONNECT='TRUE';
      PIN_NUMBER='(20)';
    'X10'<0>:
      NO_LOAD_CHECK='BOTH';
      UNKNOWN_LOADING='TRUE';
      ALLOW_CONNECT='TRUE';
      PIN_NUMBER='(21)';
    'X1'<0>:
      NO_LOAD_CHECK='BOTH';
      UNKNOWN_LOADING='TRUE';
      ALLOW_CONNECT='TRUE';
      PIN_NUMBER='(8)';
    'X0'<0>:
      NO_LOAD_CHECK='BOTH';
      UNKNOWN_LOADING='TRUE';
      ALLOW_CONNECT='TRUE';
      PIN_NUMBER='(9)';
    'X'<0>:
      NO_LOAD_CHECK='BOTH';
      UNKNOWN_LOADING='TRUE';
      ALLOW_CONNECT='TRUE';
      PIN_NUMBER='(1)';
    'S'<3>:
      INPUT_LOAD='(-0.0001,0.0001)';
      PIN_NUMBER='(13)';
    'S'<2>:
      INPUT_LOAD='(-0.0001,0.0001)';
      PIN_NUMBER='(14)';
    'S'<1>:
      INPUT_LOAD='(-0.0001,0.0001)';
      PIN_NUMBER='(11)';
    'S'<0>:
      INPUT_LOAD='(-0.0001,0.0001)';
      PIN_NUMBER='(10)';
    '-INH':
      INPUT_LOAD='(-0.0001,0.0001)';
      PIN_NUMBER='(15)';
  end_pin;
  body
    FAMILY='CMOS';
    POWER_PINS='(VCC:24;GND:12)';
    PART_NAME='4067B_L';
    BODY_NAME='4067B_L';
    JEDEC_TYPE='SOIC24W';
    CLASS='IC';
    TECH='CMOS';  
  end_body;
end_primitive;
END.
