TITLE: Bill of Materials
DATE: 10/09/2014
DESIGN: tubii
TEMPLATE: C:\Cadence\SPB_16.6\share\cdssetup\template.bom
CALLOUT: bom.callouts

Part Name,Ref Des,Qty,Unit Price,Cost
100E101,"U7,U29",2,?,?
100EL05,"U103,U112,U114,U127-U130,U145-U148",11,?,?
100EL34/,"U57,U104",2,?,?
10E016,"U108,U152",2,?,?
10E101,"U98,U133",2,?,?
10E116,"U1,U6,U14,U17,U22,U26-U28,U31-U34,U37-U41,U44-U48,U52,U78,U84,U100,U101,U107,U110,U113,U123-U126,U141-U144,U150,U153-U155",42,?,?
10E131,"U92,U94,U105,U131,U132,U149,U151,U165,U167",9,?,?
10H104,"U106,U140",2,?,?
10H116,"U3,U9,U11,U15,U25,U97,U102",7,?,?
10H124,"U2,U5,U43,U51,U65,U96,U116,U117,U160,U163,U164",11,?,?
10H125,"U18,U19,U23,U42,U49,U60,U79,U122",8,?,?
74F06,"U53,U64,U72,U81,U91,U134,U161",7,?,?
74F07,"U4,U20,U21,U50,U61",5,?,?
74F08,"U56,U68,U76,U157",4,?,?
74F269,"U55,U59,U63,U67,U71,U75,U77,U83,U159",9,?,?
74F273,U111,1,?,?
74F74,"U69,U80,U156",3,?,?
74FHCT597,"U119,U136",2,?,?
74HCT123,"U109,U138",2,?,?
AD7249,"U120,U137",2,?,?
AD96687,U121,1,?,?
ADCMP566,U139,1,?,?
"CSMD0805-0.01UF,10%,0805,25V","C1,C2,C4,C5,C14-C18",9,?,?
"CSMD0805-0.1UF,5%,0805,50V","C3,C6-C13,C19-C22,C25,C26,C35,C37,C39-C45,C47-C60",38,?,?
"CSMD0805-1.0UF,10%,0805,25V","C27,C28,C36",3,?,?
"CSMD0805-10NF,10%,0805,25V",C38,1,?,?
"CSMD0805-60PF,10%,0805,25V",C46,1,?,?
DS102350,U88,1,?,?
DS1023500,U90,1,?,?
EL91L,U99,1,?,?
FOXCLOCK,U95,1,?,?
HC574F,"U54,U58,U62,U66,U70,U73,U74,U82,U87,U89,U115,U118,U135,U158,U162",15,?,?
IDS_C10,"U12,U13,U85,U86,U93,U166",6,?,?
INDUCTOR_L,"L1,L2",2,?,?
"LED_1206-BLUE,BLUE,1206,16V",LED4-LED6,3,?,?
"LED_1206-GREEN,GREEN,1206,16V",LED1,1,?,?
"LED_1206-ORANGE,ORANGE,1206,16V",LED2,1,?,?
"LED_1206-YELLOW,YELLOW,1206,16V",LED3,1,?,?
LM1117,Q3,1,?,?
LM337T_L,Q2,1,?,?
LVDS_DRIVER_DS10,"U10,U16,U35,U36",4,?,?
MMBTH10,"U8,U24",2,?,?
MMBTH81,U30,1,?,?
MMBTH81LT1,Q1,1,?,?
MUR105,D1,1,?,?
"RSMD0603-50,1%,0603",R27-R44,18,?,?
"RSMD0805-100,1%,0805","R142,R279,R284,R286,R289,R304,R337",7,?,?
"RSMD0805-1000,1%,0805","R50,R68,R69,R110,R118,R119,R143,R144,R312,R345",10,?,?
"RSMD0805-10K,1%,0805","R277,R305,R338",3,?,?
"RSMD0805-120,1%,0805",R166,1,?,?
"RSMD0805-125,1%,0805","R248,R251",2,?,?
"RSMD0805-130,1%,0805","R45,R46,R72,R73,R138,R139",6,?,?
"RSMD0805-499,1%,0805","R53,R54,R64,R65,R132,R133",6,?,?
"RSMD0805-50,1%,0805","R1-R26,R48,R51,R52,R55-R63,R66,R67,R74-R109,R111-R117,R120-R131,R134,R135,R140,R141,R145-R164,R167-R247,R250,R253-R276,R278,R280-R283,R285,R287,R288,R290-R303,R306-R311,R313-R336,R339-R344,R346-R416",354,?,?
"RSMD0805-71.5,1%,0805",R165,1,?,?
"RSMD0805-80.6,1%,0805","R47,R49,R70,R71,R136,R137",6,?,?
"RSMD0805-84,0.1%,0805","R249,R252",2,?,?
"TANT0805-10UF,5%,0805,25V","C23,C24,C31,C32",4,?,?
"TANT0805-1UF,5%,0805,25V","C29,C30,C33,C34",4,?,?
TESTPOINT_L,TP1-TP181,181,?,?
TOTAL, ,836, ,0.000
