`timescale 1ns/1ns

module tub_ledfanout (led1, led2, led3, led4, led5, led6, led7, led8, ped_ttl );
// generated by  HDL Direct 16.3-p006 (v16-3-85F) 11/10/2009
// on Thu Mar 31 09:40:54 2011
// from tub_lib/TUB_LEDFANOUT/sch_1

  output  led1;
  output  led2;
  output  led3;
  output  led4;
  output  led5;
  output  led6;
  output  led7;
  output  led8;
  input  ped_ttl;
  // global signal glbl.gnd;
  // global signal glbl.vcc;

  wire  sclk;
  wire  serial_data;
  wire  slatch;
  wire [23:0] ssp;
  wire  unnamed_1_capl_135p_a;
  wire  unnamed_1_capl_136p_a;
  wire  unnamed_1_idsc10_19p_pin10;
  wire  unnamed_1_idsc10_19p_pin4;
  wire  unnamed_1_idsc10_19p_pin5;
  wire  unnamed_1_idsc10_19p_pin6;
  wire  unnamed_1_idsc10_19p_pin7;
  wire  unnamed_1_idsc10_19p_pin9;

  wire  gnd;
  wire  page1_gnd;
  wire  page1_led1;
  wire  page1_led2;
  wire  page1_led3;
  wire  page1_led4;
  wire  page1_led5;
  wire  page1_led6;
  wire  page1_led7;
  wire  page1_led8;
  wire  page1_ped_ttl;
  wire  vcc;
  wire  page1_vcc;

  assign gnd = glbl.gnd;
  assign page1_gnd = gnd;
  assign page1_led1 = led1;
  assign page1_led2 = led2;
  assign page1_led3 = led3;
  assign page1_led4 = led4;
  assign page1_led5 = led5;
  assign page1_led6 = led6;
  assign page1_led7 = led7;
  assign page1_led8 = led8;
  assign page1_ped_ttl = ped_ttl;
  assign vcc = glbl.vcc;
  assign page1_vcc = vcc;

  assign gnd  = glbl.gnd;
  assign gnd  = glbl.gnd;
  assign gnd  = glbl.gnd;
  assign gnd  = glbl.gnd;
  assign gnd  = glbl.gnd;
  assign gnd  = glbl.gnd;
  assign gnd  = glbl.gnd;

// begin instances 

  ids_c10 page1_19p  (.pin1(serial_data),
	.pin2(slatch),
	.pin3(glbl.gnd),
	.pin4(unnamed_1_idsc10_19p_pin4),
	.pin5(unnamed_1_idsc10_19p_pin5),
	.pin6(unnamed_1_idsc10_19p_pin6),
	.pin7(unnamed_1_idsc10_19p_pin7),
	.pin8(glbl.gnd),
	.pin9(unnamed_1_idsc10_19p_pin9),
	.pin10(unnamed_1_idsc10_19p_pin10));

  testpoint_l page1_20p  (.a(unnamed_1_idsc10_19p_pin4));

  testpoint_l page1_21p  (.a(unnamed_1_idsc10_19p_pin9));

  testpoint_l page1_51p  (.a(ssp[3]));

  testpoint_l page1_52p  (.a(ssp[2]));

  testpoint_l page1_53p  (.a(ssp[1]));

  testpoint_l page1_54p  (.a(ssp[0]));

  ids_c10 page1_65p  (.pin1(ssp[16]),
	.pin2(ssp[18]),
	.pin3(glbl.gnd),
	.pin4(ssp[20]),
	.pin5(ssp[22]),
	.pin6(ssp[17]),
	.pin7(ssp[19]),
	.pin8(glbl.gnd),
	.pin9(ssp[21]),
	.pin10(ssp[23]));

  testpoint_l page1_96p  (.a(unnamed_1_idsc10_19p_pin10));

  testpoint_l page1_97p  (.a(unnamed_1_idsc10_19p_pin5));

  testpoint_l page1_99p  (.a(unnamed_1_idsc10_19p_pin6));

  ids_c14 page1_103p  (.pin1(ssp[4]),
	.pin2(ssp[6]),
	.pin3(ssp[8]),
	.pin4(glbl.gnd),
	.pin5(ssp[10]),
	.pin6(ssp[12]),
	.pin7(ssp[14]),
	.pin8(ssp[5]),
	.pin9(ssp[7]),
	.pin10(ssp[9]),
	.pin11(glbl.gnd),
	.pin12(ssp[11]),
	.pin13(ssp[13]),
	.pin14(ssp[15]));

  res_l page1_132p  (.a(unnamed_1_idsc10_19p_pin7),
	.b(sclk));
  defparam page1_132p.size = 1;

  res_l page1_133p  (.a(slatch),
	.b(unnamed_1_capl_135p_a));
  defparam page1_133p.size = 1;

  cap_l page1_135p  (.a(unnamed_1_capl_135p_a),
	.b({glbl.gnd}));
  defparam page1_135p.size = 1;

  cap_l page1_136p  (.a(unnamed_1_capl_136p_a),
	.b({glbl.gnd}));
  defparam page1_136p.size = 1;

  cap_l page1_139p  (.a(sclk),
	.b({glbl.gnd}));
  defparam page1_139p.size = 1;

  res_l page1_140p  (.a(serial_data),
	.b(unnamed_1_capl_136p_a));
  defparam page1_140p.size = 1;

endmodule // tub_ledfanout(sch_1) 
