FILE_TYPE=LIBRARY_PARTS;
TIME=' COMPILATION ON TUE FEB  1 19:22:34 1994  ';
primitive 'MAX507';
  pin
    'VOUT':
      PIN_NUMBER='(24)';
      OUTPUT_LOAD='(1.0,-1.0)';
    '-CLR':
      PIN_NUMBER='(21)';
      INPUT_LOAD='(-0.01,0.01)';
    '-LDAC':
      PIN_NUMBER='(20)';
      INPUT_LOAD='(-0.01,0.01)';
    '-CS':
      PIN_NUMBER='(18)';
      INPUT_LOAD='(-0.01,0.01)';
    '-WR':
      PIN_NUMBER='(19)';
      INPUT_LOAD='(-0.01,0.01)';
    'RFB':
      PIN_NUMBER='(23)';
      INPUT_LOAD='(-0.01,0.01)';
    'REFOUT':
      PIN_NUMBER='(3)';
      OUTPUT_LOAD='(1.0,-1.0)';
    'VSS':
      PIN_NUMBER='(1)';
      INPUT_LOAD='(-0.01,0.01)';
    'ROFS':
      PIN_NUMBER='(2)';
      INPUT_LOAD='(-0.01,0.01)';
    'DGND':
      PIN_NUMBER='(12)';
      INPUT_LOAD='(-0.01,0.01)';
    'VDD':
      PIN_NUMBER='(22)';
      INPUT_LOAD='(-0.01,0.01)';
    'AGND':
      PIN_NUMBER='(4)';
      INPUT_LOAD='(-0.01,0.01)';
    'D11':
      PIN_NUMBER='(5)';
      INPUT_LOAD='(-0.01,0.01)';
    'D10':
      PIN_NUMBER='(6)';
      INPUT_LOAD='(-0.01,0.01)';
    'D9':
      PIN_NUMBER='(7)';
      INPUT_LOAD='(-0.01,0.01)';
    'D8':
      PIN_NUMBER='(8)';
      INPUT_LOAD='(-0.01,0.01)';
    'D7':
      PIN_NUMBER='(9)';
      INPUT_LOAD='(-0.01,0.01)';
    'D1':
      PIN_NUMBER='(16)';
      INPUT_LOAD='(-0.01,0.01)';
    'D0':
      PIN_NUMBER='(17)';
      INPUT_LOAD='(-0.01,0.01)';
    'D2':
      PIN_NUMBER='(15)';
      INPUT_LOAD='(-0.01,0.01)';
    'D3':
      PIN_NUMBER='(14)';
      INPUT_LOAD='(-0.01,0.01)';
    'D4':
      PIN_NUMBER='(13)';
      INPUT_LOAD='(-0.01,0.01)';
    'D6':
      PIN_NUMBER='(10)';
      INPUT_LOAD='(-0.01,0.01)';
    'D5':
      PIN_NUMBER='(11)';
      INPUT_LOAD='(-0.01,0.01)';
  end_pin;
  body
    JEDEC_TYPE='SOIC24W';
    CLASS='IC';
  end_body;
end_primitive;
END.
