FILE_TYPE=LIBRARY_PARTS ;
TIME=' Compilation on Fri Mar 30 15:07:07 1990  ';
PRIMITIVE 'LF356_L';
 PIN
  'NIN':
   PIN_NUMBER='(2)';
  'NVSS':
   PIN_NUMBER='(4)';
  'OUT':
   PIN_NUMBER='(6)';
  'PIN':
   PIN_NUMBER='(3)';
  'PVSS':
   PIN_NUMBER='(7)';
 END_PIN;
 BODY
  PATH='2P';
  DRAWING='LINEAR1.LOGIC.1.1';
  PRIM_TYPE='CHIPS_PRT';
  PRIM_FILE='/home/gilligan/gillian/translation/lf356/chips_prt';
  VER='1';
  XY='(3000,2750)';
  PHYS_DES_PREFIX='U';
  DIR='TEST.WRK';
  ROT='0';
  PINCOUNT='8';
  JEDEC_TYPE='DIP8_3';
  CLASS='IC';
  NC_PINS='(1,5,8)';
  SIZE='1';
 END_BODY;
END_PRIMITIVE;
END.
