FILE_TYPE=LIBRARY_PARTS;
TIME=' COMPILATION ON SAT JUN 17 16:02:23 1995  ';
primitive 'SIMFIFO4';
  pin
    '-GLOBALRESET':
      PIN_NUMBER='(1)';
      INPUT_LOAD='(-0.01,0.01)';
    'WRITE_ENABLE':
      PIN_NUMBER='(2)';
      OUTPUT_LOAD='(1.00,-1.00)';
    'READ_ENABLE':
      PIN_NUMBER='(4)';
      OUTPUT_LOAD='(1.00,-1.00)';
    '-MEM_WRITE':
      PIN_NUMBER='(6)';
      INPUT_LOAD='(-0.01,0.01)';
    '-MEM_READ':
      PIN_NUMBER='(7)';
      INPUT_LOAD='(-0.01,0.01)';
    'FIFO_RESET':
      PIN_NUMBER='(9)';
      INPUT_LOAD='(-0.01,0.01)';
    'BD'<19>:
      PIN_NUMBER='(10)';
      INPUT_LOAD='(-0.01,0.01)';
      OUTPUT_LOAD='(1.00,-1.00)';
      OUTPUT_TYPE='(TS,TS)';
      BIDIRECTIONAL='TRUE';
    'BD'<18>:
      PIN_NUMBER='(11)';
      INPUT_LOAD='(-0.01,0.01)';
      OUTPUT_LOAD='(1.00,-1.00)';
      OUTPUT_TYPE='(TS,TS)';
      BIDIRECTIONAL='TRUE';
    'BD'<17>:
      PIN_NUMBER='(12)';
      INPUT_LOAD='(-0.01,0.01)';
      OUTPUT_LOAD='(1.00,-1.00)';
      OUTPUT_TYPE='(TS,TS)';
      BIDIRECTIONAL='TRUE';
    'BD'<16>:
      PIN_NUMBER='(13)';
      INPUT_LOAD='(-0.01,0.01)';
      OUTPUT_LOAD='(1.00,-1.00)';
      OUTPUT_TYPE='(TS,TS)';
      BIDIRECTIONAL='TRUE';
    'BD'<15>:
      PIN_NUMBER='(14)';
      INPUT_LOAD='(-0.01,0.01)';
      OUTPUT_LOAD='(1.00,-1.00)';
      OUTPUT_TYPE='(TS,TS)';
      BIDIRECTIONAL='TRUE';
    'BD'<14>:
      PIN_NUMBER='(15)';
      INPUT_LOAD='(-0.01,0.01)';
      OUTPUT_LOAD='(1.00,-1.00)';
      OUTPUT_TYPE='(TS,TS)';
      BIDIRECTIONAL='TRUE';
    'BD'<13>:
      PIN_NUMBER='(16)';
      INPUT_LOAD='(-0.01,0.01)';
      OUTPUT_LOAD='(1.00,-1.00)';
      OUTPUT_TYPE='(TS,TS)';
      BIDIRECTIONAL='TRUE';
    'BD'<12>:
      PIN_NUMBER='(17)';
      INPUT_LOAD='(-0.01,0.01)';
      OUTPUT_LOAD='(1.00,-1.00)';
      OUTPUT_TYPE='(TS,TS)';
      BIDIRECTIONAL='TRUE';
    'BD'<11>:
      PIN_NUMBER='(18)';
      INPUT_LOAD='(-0.01,0.01)';
      OUTPUT_LOAD='(1.00,-1.00)';
      OUTPUT_TYPE='(TS,TS)';
      BIDIRECTIONAL='TRUE';
    'BD'<10>:
      PIN_NUMBER='(19)';
      INPUT_LOAD='(-0.01,0.01)';
      OUTPUT_LOAD='(1.00,-1.00)';
      OUTPUT_TYPE='(TS,TS)';
      BIDIRECTIONAL='TRUE';
    'BD'<9>:
      PIN_NUMBER='(20)';
      INPUT_LOAD='(-0.01,0.01)';
      OUTPUT_LOAD='(1.00,-1.00)';
      OUTPUT_TYPE='(TS,TS)';
      BIDIRECTIONAL='TRUE';
    'BD'<8>:
      PIN_NUMBER='(21)';
      INPUT_LOAD='(-0.01,0.01)';
      OUTPUT_LOAD='(1.00,-1.00)';
      OUTPUT_TYPE='(TS,TS)';
      BIDIRECTIONAL='TRUE';
    'BD'<7>:
      PIN_NUMBER='(22)';
      INPUT_LOAD='(-0.01,0.01)';
      OUTPUT_LOAD='(1.00,-1.00)';
      OUTPUT_TYPE='(TS,TS)';
      BIDIRECTIONAL='TRUE';
    'BD'<6>:
      PIN_NUMBER='(23)';
      INPUT_LOAD='(-0.01,0.01)';
      OUTPUT_LOAD='(1.00,-1.00)';
      OUTPUT_TYPE='(TS,TS)';
      BIDIRECTIONAL='TRUE';
    'BD'<5>:
      PIN_NUMBER='(24)';
      INPUT_LOAD='(-0.01,0.01)';
      OUTPUT_LOAD='(1.00,-1.00)';
      OUTPUT_TYPE='(TS,TS)';
      BIDIRECTIONAL='TRUE';
    'BD'<4>:
      PIN_NUMBER='(25)';
      INPUT_LOAD='(-0.01,0.01)';
      OUTPUT_LOAD='(1.00,-1.00)';
      OUTPUT_TYPE='(TS,TS)';
      BIDIRECTIONAL='TRUE';
    'BD'<3>:
      PIN_NUMBER='(26)';
      INPUT_LOAD='(-0.01,0.01)';
      OUTPUT_LOAD='(1.00,-1.00)';
      OUTPUT_TYPE='(TS,TS)';
      BIDIRECTIONAL='TRUE';
    'BD'<2>:
      PIN_NUMBER='(27)';
      INPUT_LOAD='(-0.01,0.01)';
      OUTPUT_LOAD='(1.00,-1.00)';
      OUTPUT_TYPE='(TS,TS)';
      BIDIRECTIONAL='TRUE';
    'BD'<1>:
      PIN_NUMBER='(28)';
      INPUT_LOAD='(-0.01,0.01)';
      OUTPUT_LOAD='(1.00,-1.00)';
      OUTPUT_TYPE='(TS,TS)';
      BIDIRECTIONAL='TRUE';
    'BD'<0>:
      PIN_NUMBER='(29)';
      INPUT_LOAD='(-0.01,0.01)';
      OUTPUT_LOAD='(1.00,-1.00)';
      OUTPUT_TYPE='(TS,TS)';
      BIDIRECTIONAL='TRUE';
    'BADD_OUT'<19>:
      PIN_NUMBER='(32)';
      INPUT_LOAD='(-0.01,0.01)';
      OUTPUT_LOAD='(1.0,-1.0)';
      OUTPUT_TYPE='(TS,TS)';
      BIDIRECTIONAL='TRUE';
    'BADD_OUT'<18>:
      PIN_NUMBER='(33)';
      INPUT_LOAD='(-0.01,0.01)';
      OUTPUT_LOAD='(1.0,-1.0)';
      OUTPUT_TYPE='(TS,TS)';
      BIDIRECTIONAL='TRUE';
    'BADD_OUT'<17>:
      PIN_NUMBER='(34)';
      INPUT_LOAD='(-0.01,0.01)';
      OUTPUT_LOAD='(1.0,-1.0)';
      OUTPUT_TYPE='(TS,TS)';
      BIDIRECTIONAL='TRUE';
    'BADD_OUT'<16>:
      PIN_NUMBER='(35)';
      INPUT_LOAD='(-0.01,0.01)';
      OUTPUT_LOAD='(1.0,-1.0)';
      OUTPUT_TYPE='(TS,TS)';
      BIDIRECTIONAL='TRUE';
    'BADD_OUT'<15>:
      PIN_NUMBER='(36)';
      INPUT_LOAD='(-0.01,0.01)';
      OUTPUT_LOAD='(1.0,-1.0)';
      OUTPUT_TYPE='(TS,TS)';
      BIDIRECTIONAL='TRUE';
    'BADD_OUT'<14>:
      PIN_NUMBER='(37)';
      INPUT_LOAD='(-0.01,0.01)';
      OUTPUT_LOAD='(1.0,-1.0)';
      OUTPUT_TYPE='(TS,TS)';
      BIDIRECTIONAL='TRUE';
    'BADD_OUT'<13>:
      PIN_NUMBER='(38)';
      INPUT_LOAD='(-0.01,0.01)';
      OUTPUT_LOAD='(1.0,-1.0)';
      OUTPUT_TYPE='(TS,TS)';
      BIDIRECTIONAL='TRUE';
    'BADD_OUT'<12>:
      PIN_NUMBER='(39)';
      INPUT_LOAD='(-0.01,0.01)';
      OUTPUT_LOAD='(1.0,-1.0)';
      OUTPUT_TYPE='(TS,TS)';
      BIDIRECTIONAL='TRUE';
    'BADD_OUT'<11>:
      PIN_NUMBER='(40)';
      INPUT_LOAD='(-0.01,0.01)';
      OUTPUT_LOAD='(1.0,-1.0)';
      OUTPUT_TYPE='(TS,TS)';
      BIDIRECTIONAL='TRUE';
    'BADD_OUT'<10>:
      PIN_NUMBER='(41)';
      INPUT_LOAD='(-0.01,0.01)';
      OUTPUT_LOAD='(1.0,-1.0)';
      OUTPUT_TYPE='(TS,TS)';
      BIDIRECTIONAL='TRUE';
    'BADD_OUT'<9>:
      PIN_NUMBER='(42)';
      INPUT_LOAD='(-0.01,0.01)';
      OUTPUT_LOAD='(1.0,-1.0)';
      OUTPUT_TYPE='(TS,TS)';
      BIDIRECTIONAL='TRUE';
    'BADD_OUT'<8>:
      PIN_NUMBER='(43)';
      INPUT_LOAD='(-0.01,0.01)';
      OUTPUT_LOAD='(1.0,-1.0)';
      OUTPUT_TYPE='(TS,TS)';
      BIDIRECTIONAL='TRUE';
    'BADD_OUT'<7>:
      PIN_NUMBER='(44)';
      INPUT_LOAD='(-0.01,0.01)';
      OUTPUT_LOAD='(1.0,-1.0)';
      OUTPUT_TYPE='(TS,TS)';
      BIDIRECTIONAL='TRUE';
    'BADD_OUT'<6>:
      PIN_NUMBER='(45)';
      INPUT_LOAD='(-0.01,0.01)';
      OUTPUT_LOAD='(1.0,-1.0)';
      OUTPUT_TYPE='(TS,TS)';
      BIDIRECTIONAL='TRUE';
    'BADD_OUT'<5>:
      PIN_NUMBER='(46)';
      INPUT_LOAD='(-0.01,0.01)';
      OUTPUT_LOAD='(1.0,-1.0)';
      OUTPUT_TYPE='(TS,TS)';
      BIDIRECTIONAL='TRUE';
    'BADD_OUT'<4>:
      PIN_NUMBER='(47)';
      INPUT_LOAD='(-0.01,0.01)';
      OUTPUT_LOAD='(1.0,-1.0)';
      OUTPUT_TYPE='(TS,TS)';
      BIDIRECTIONAL='TRUE';
    'BADD_OUT'<3>:
      PIN_NUMBER='(48)';
      INPUT_LOAD='(-0.01,0.01)';
      OUTPUT_LOAD='(1.0,-1.0)';
      OUTPUT_TYPE='(TS,TS)';
      BIDIRECTIONAL='TRUE';
    'BADD_OUT'<2>:
      PIN_NUMBER='(49)';
      INPUT_LOAD='(-0.01,0.01)';
      OUTPUT_LOAD='(1.0,-1.0)';
      OUTPUT_TYPE='(TS,TS)';
      BIDIRECTIONAL='TRUE';
    'BADD_OUT'<1>:
      PIN_NUMBER='(50)';
      INPUT_LOAD='(-0.01,0.01)';
      OUTPUT_LOAD='(1.0,-1.0)';
      OUTPUT_TYPE='(TS,TS)';
      BIDIRECTIONAL='TRUE';
    'BADD_OUT'<0>:
      PIN_NUMBER='(51)';
      INPUT_LOAD='(-0.01,0.01)';
      OUTPUT_LOAD='(1.0,-1.0)';
      OUTPUT_TYPE='(TS,TS)';
      BIDIRECTIONAL='TRUE';
    'BXREG_ADD'<1>:
      PIN_NUMBER='(55)';
      INPUT_LOAD='(-0.01,0.01)';
    'BXREG_ADD'<0>:
      PIN_NUMBER='(56)';
      INPUT_LOAD='(-0.01,0.01)';
    'BXREG_RD':
      PIN_NUMBER='(57)';
      INPUT_LOAD='(-0.01,0.01)';
    'BXREG_WR':
      PIN_NUMBER='(58)';
      INPUT_LOAD='(-0.01,0.01)';
    '-WRITE_ADD_SEL':
      PIN_NUMBER='(60)';
      INPUT_LOAD='(-0.01,0.01)';
    '-READ_ADD_SEL':
      PIN_NUMBER='(61)';
      INPUT_LOAD='(-0.01,0.01)';
  end_pin;
  body
    JEDEC_TYPE='PLCC84';
    CLASS='IC';
  end_body;
end_primitive;
END.
