FILE_TYPE=LIBRARY_PARTS ;
TIME=' Compilation on Thu Sep  7 15:06:11 1989  ';
PRIMITIVE 'LM308','LM308_DIP8','LM308_DIP1', 'LM308_J';
 PIN
  'NIN':
   PIN_NUMBER='(2)';
  'NVSS':
   PIN_NUMBER='(4)';
  'OUT':
   PIN_NUMBER='(6)';
  'PIN':
   PIN_NUMBER='(3)';
  'PVSS':
   PIN_NUMBER='(7)';
  'CMP1':
   PIN_NUMBER='(1)';
  'CMP2':
   PIN_NUMBER='(8)';
 END_PIN;
 BODY
  NC_PINS='(5)';
  PHYS_DES_PREFIX='U';
  PINCOUNT='8';
  JEDEC_TYPE='DIP8_3';
  CLASS='IC';
  SIZE='1';
 END_BODY;
END_PRIMITIVE;
PRIMITIVE 'LM308_DIP14','LM308_DIP2','LM308_J14';
 PIN
  'NIN':
   PIN_NUMBER='(4)';
  'NVSS':
   PIN_NUMBER='(7)';
  'OUT':
   PIN_NUMBER='(10)';
  'PIN':
   PIN_NUMBER='(5)';
  'PVSS':
   PIN_NUMBER='(11)';
  'CMP1':
   PIN_NUMBER='(2)';
  'CMP2':
   PIN_NUMBER='(12)';
 END_PIN;
 BODY
  NC_PINS='(1,3,6,8,9,13,14)';
  PHYS_DES_PREFIX='U';
  PINCOUNT='14';
  JEDEC_TYPE='DIP14_3';
  CLASS='IC';
  SIZE='1';
 END_BODY;
END_PRIMITIVE;
PRIMITIVE 'LM308_CAN','LM308_H';
 PIN
  'NIN':
   PIN_NUMBER='(2)';
  'NVSS':
   PIN_NUMBER='(4)';
  'OUT':
   PIN_NUMBER='(6)';
  'PIN':
   PIN_NUMBER='(3)';
  'PVSS':
   PIN_NUMBER='(7)';
  'CMP1':
   PIN_NUMBER='(1)';
  'CMP2':
   PIN_NUMBER='(8)';
 END_PIN;
 BODY
  NC_PINS='(5)';
  PHYS_DES_PREFIX='U';
  PINCOUNT='8';
  JEDEC_TYPE='TO99';
  CLASS='IC';
  SIZE='1';
 END_BODY;
END_PRIMITIVE;
PRIMITIVE 'LM308_FLAT','LM308_W';
 PIN
  'NIN':
   PIN_NUMBER='(3)';
  'NVSS':
   PIN_NUMBER='(6)';
  'OUT':
   PIN_NUMBER='(7)';
  'PIN':
   PIN_NUMBER='(4)';
  'PVSS':
   PIN_NUMBER='(8)';
  'CMP1':
   PIN_NUMBER='(9';
  'CMP2':
   PIN_NUMBER='(10)';
 END_PIN;
 BODY
  NC_PINS='(1,2,5)';
  PHYS_DES_PREFIX='U';
  PINCOUNT='10';
  JEDEC_TYPE='FLAT10';
  CLASS='IC';
  SIZE='1';
 END_BODY;
END_PRIMITIVE;
END.
