
Processing drawing @tubii_lib.tubii(sch_1):page1


Processing drawing @tubii_lib.tubii(sch_1):page1_i1@tubii_lib.caen_chat(sch_1):page1


Processing drawing @tubii_lib.tubii(sch_1):page1_i2@tubii_lib.powers(sch_1):page1


Processing drawing @tubii_lib.tubii(sch_1):page1_i3@tubii_lib.tubii_time(sch_1):page1


Processing drawing @tubii_lib.tubii(sch_1):page1_i3@tubii_lib.tubii_time(sch_1):page1_i142@tubii_lib.\ttl-to-ecl-in\(sch_1):page1


Processing drawing @tubii_lib.tubii(sch_1):page1_i6@tubii_lib.progdelay(sch_1):page1


Processing drawing @tubii_lib.tubii(sch_1):page1_i6@tubii_lib.progdelay(sch_1):page1_i1@tubii_lib.datain(sch_1):page1


Processing drawing @tubii_lib.tubii(sch_1):page1_i7@tubii_lib.ttl_progdelay(sch_1):page1


Processing drawing @tubii_lib.tubii(sch_1):page1_i19@tubii_lib.exttrig(sch_1):page1

Pin A<0> not found on instance @tubii_lib.tubii(sch_1):page1_i19@tubii_lib.exttrig(sch_1):page1_i14@ecl.\100e101\(chips)
Pin B<0> not found on instance @tubii_lib.tubii(sch_1):page1_i19@tubii_lib.exttrig(sch_1):page1_i14@ecl.\100e101\(chips)
Pin C<0> not found on instance @tubii_lib.tubii(sch_1):page1_i19@tubii_lib.exttrig(sch_1):page1_i14@ecl.\100e101\(chips)
Pin D<0> not found on instance @tubii_lib.tubii(sch_1):page1_i19@tubii_lib.exttrig(sch_1):page1_i14@ecl.\100e101\(chips)
Pin Y<0> not found on instance @tubii_lib.tubii(sch_1):page1_i19@tubii_lib.exttrig(sch_1):page1_i14@ecl.\100e101\(chips)
Pin Y<0>* not found on instance @tubii_lib.tubii(sch_1):page1_i19@tubii_lib.exttrig(sch_1):page1_i14@ecl.\100e101\(chips)
Pin A<0> not found on instance @tubii_lib.tubii(sch_1):page1_i19@tubii_lib.exttrig(sch_1):page1_i20@ecl.\100e101\(chips)
Pin B<0> not found on instance @tubii_lib.tubii(sch_1):page1_i19@tubii_lib.exttrig(sch_1):page1_i20@ecl.\100e101\(chips)
Pin C<0> not found on instance @tubii_lib.tubii(sch_1):page1_i19@tubii_lib.exttrig(sch_1):page1_i20@ecl.\100e101\(chips)
Pin D<0> not found on instance @tubii_lib.tubii(sch_1):page1_i19@tubii_lib.exttrig(sch_1):page1_i20@ecl.\100e101\(chips)
Pin Y<0> not found on instance @tubii_lib.tubii(sch_1):page1_i19@tubii_lib.exttrig(sch_1):page1_i20@ecl.\100e101\(chips)
Pin Y<0>* not found on instance @tubii_lib.tubii(sch_1):page1_i19@tubii_lib.exttrig(sch_1):page1_i20@ecl.\100e101\(chips)
Pin A<0> not found on instance @tubii_lib.tubii(sch_1):page1_i19@tubii_lib.exttrig(sch_1):page1_i21@ecl.\100e101\(chips)
Pin B<0> not found on instance @tubii_lib.tubii(sch_1):page1_i19@tubii_lib.exttrig(sch_1):page1_i21@ecl.\100e101\(chips)
Pin C<0> not found on instance @tubii_lib.tubii(sch_1):page1_i19@tubii_lib.exttrig(sch_1):page1_i21@ecl.\100e101\(chips)
Pin D<0> not found on instance @tubii_lib.tubii(sch_1):page1_i19@tubii_lib.exttrig(sch_1):page1_i21@ecl.\100e101\(chips)
Pin Y<0> not found on instance @tubii_lib.tubii(sch_1):page1_i19@tubii_lib.exttrig(sch_1):page1_i21@ecl.\100e101\(chips)
Pin Y<0>* not found on instance @tubii_lib.tubii(sch_1):page1_i19@tubii_lib.exttrig(sch_1):page1_i21@ecl.\100e101\(chips)
Pin A<0> not found on instance @tubii_lib.tubii(sch_1):page1_i19@tubii_lib.exttrig(sch_1):page1_i25@ecl.\100e101\(chips)
Pin B<0> not found on instance @tubii_lib.tubii(sch_1):page1_i19@tubii_lib.exttrig(sch_1):page1_i25@ecl.\100e101\(chips)
Pin C<0> not found on instance @tubii_lib.tubii(sch_1):page1_i19@tubii_lib.exttrig(sch_1):page1_i25@ecl.\100e101\(chips)
Pin D<0> not found on instance @tubii_lib.tubii(sch_1):page1_i19@tubii_lib.exttrig(sch_1):page1_i25@ecl.\100e101\(chips)
Pin Y<0> not found on instance @tubii_lib.tubii(sch_1):page1_i19@tubii_lib.exttrig(sch_1):page1_i25@ecl.\100e101\(chips)
Pin Y<0>* not found on instance @tubii_lib.tubii(sch_1):page1_i19@tubii_lib.exttrig(sch_1):page1_i25@ecl.\100e101\(chips)

Processing drawing @tubii_lib.tubii(sch_1):page1_i20@tubii_lib.latchexttrig(sch_1):page1


Processing drawing @tubii_lib.tubii(sch_1):page1_i21@tubii_lib.\nim-ecl\(sch_1):page1


Processing drawing @tubii_lib.tubii(sch_1):page1_i22@tubii_lib.\ecl-nim\(sch_1):page1

Instance I4 of body MMBTH81 not found in drawing.

Processing drawing @tubii_lib.tubii(sch_1):page1_i23@tubii_lib.\ecl-ttl\(sch_1):page1


Processing drawing @tubii_lib.tubii(sch_1):page1_i24@tubii_lib.\ttl-ecl\(sch_1):page1


Processing drawing @tubii_lib.tubii(sch_1):page1_i25@tubii_lib.\ecl-lvds\(sch_1):page1


Processing drawing @tubii_lib.tubii(sch_1):page1_i26@tubii_lib.\lvds-ecl\(sch_1):page1


Processing drawing @tubii_lib.tubii(sch_1):page1_i27@tubii_lib.prescaletrig(sch_1):page1


Processing drawing @tubii_lib.tubii(sch_1):page1_i32@tubii_lib.bursttrig(sch_1):page1


Processing drawing @tubii_lib.tubii(sch_1):page1_i33@tubii_lib.tubiigt(sch_1):page1


Processing drawing @tubii_lib.tubii(sch_1):page1_i34@tubii_lib.ellie_comms(sch_1):page1


Processing drawing @tubii_lib.tubii(sch_1):page1_i36@tubii_lib.ribbondelay(sch_1):page1


Processing drawing @tubii_lib.tubii(sch_1):page1_i37@tubii_lib.asyncdelay(sch_1):page1


Processing drawing @tubii_lib.tubii(sch_1):page1_i38@tubii_lib.asyncdelaybig(sch_1):page1


Processing drawing @tubii_lib.tubii(sch_1):page1_i41@tubii_lib.tuncomp(sch_1):page1


Processing drawing @tubii_lib.tubii(sch_1):page1_i47@tubii_lib.fastcomp(sch_1):page1

