
CSDirect 16.6-p007 (v16-6-112F)
Netlisting block trigger_utility_board_mkii
Processing page 1

Error #0: (no message available)
Object description:
 Page: 1  Instance: i4  Cell name: gt_delays  Pin: LOCKOUT*_TTL 

ERROR(SPCOCD-230): Net widths on both sides of 
the merge body do not match.
Object description:
 Page: 1  Instance: i8  Cell name: 3 merge 

ERROR(SPCOCD-230): Net widths on both sides of 
the merge body do not match.
Object description:
 Page: 1  Instance: i6  Cell name: 3 merge 

ERROR(SPCOCD-152): Port on instance does not exist 
in entity declaration for instance.
First object description:
Object description:
 Page: 1  Instance: i4  Cell name: gt_delays  Pin: LOCKOUT*_TTL 
Second object description:
 The entity declaration for the following instance:
 Page: 1  Instance: i4  Cell name: gt_delays 

ERROR(SPCOCD-168): Schematic has port but port 
does not exist in the symbol. Either delete this port from 
the schematic or add this port in the symbol.
Port name: anpulsein

Entity file location: C:\Users\QGPWindowsVB\Downloads\orebi\SPB_Data\TUBII5\worklib\trigger_utility_board_mkii\entity\verilog.v
First object description:
Object description:
 The entity declaration for trigger_utility_board_mkii.
 Entity Port: anpulsein 
Second object description:
 The entity declaration for trigger_utility_board_mkii.
 Entity Port: anpulsein 

ERROR(SPCOCD-168): Schematic has port but port 
does not exist in the symbol. Either delete this port from 
the schematic or add this port in the symbol.
Port name: sync24_ttl

Entity file location: C:\Users\QGPWindowsVB\Downloads\orebi\SPB_Data\TUBII5\worklib\trigger_utility_board_mkii\entity\verilog.v
First object description:
Object description:
 The entity declaration for trigger_utility_board_mkii.
 Entity Port: sync24_ttl 
Second object description:
 The entity declaration for trigger_utility_board_mkii.
 Entity Port: sync24_ttl 

ERROR(SPCOCD-168): Schematic has port but port 
does not exist in the symbol. Either delete this port from 
the schematic or add this port in the symbol.
Port name: tubii_rt

Entity file location: C:\Users\QGPWindowsVB\Downloads\orebi\SPB_Data\TUBII5\worklib\trigger_utility_board_mkii\entity\verilog.v
First object description:
Object description:
 The entity declaration for trigger_utility_board_mkii.
 Entity Port: tubii_rt 
Second object description:
 The entity declaration for trigger_utility_board_mkii.
 Entity Port: tubii_rt 

ERROR(SPCOCD-171): Port exists in symbol but not 
in the schematic. Either delete this port from the symbol or 
add this port in the schematic.
Port name: caen_anpulse
Entity 
file location: C:\Users\QGPWindowsVB\Downloads\orebi\SPB_Data\TUBII5\worklib\trigger_utility_board_mkii\entity\verilog.v
First object description:
Object description:
 The schematic drawing for trigger_utility_board_mkii.
Second object description:
 The entity declaration for trigger_utility_board_mkii.
 Entity Port: caen_anpulse 

ERROR(SPCOCD-171): Port exists in symbol but not 
in the schematic. Either delete this port from the symbol or 
add this port in the schematic.
Port name: rawtrigs
Entity 
file location: C:\Users\QGPWindowsVB\Downloads\orebi\SPB_Data\TUBII5\worklib\trigger_utility_board_mkii\entity\verilog.v
First object description:
Object description:
 The schematic drawing for trigger_utility_board_mkii.
Second object description:
 The entity declaration for trigger_utility_board_mkii.
 Entity Port: rawtrigs 

ERROR(SPCOCD-171): Port exists in symbol but not 
in the schematic. Either delete this port from the symbol or 
add this port in the schematic.
Port name: scope_out
Entity 
file location: C:\Users\QGPWindowsVB\Downloads\orebi\SPB_Data\TUBII5\worklib\trigger_utility_board_mkii\entity\verilog.v
First object description:
Object description:
 The schematic drawing for trigger_utility_board_mkii.
Second object description:
 The entity declaration for trigger_utility_board_mkii.
 Entity Port: scope_out 

ERROR(SPCOCD-171): Port exists in symbol but not 
in the schematic. Either delete this port from the symbol or 
add this port in the schematic.
Port name: sync24h_ttl
Entity 
file location: C:\Users\QGPWindowsVB\Downloads\orebi\SPB_Data\TUBII5\worklib\trigger_utility_board_mkii\entity\verilog.v
First object description:
Object description:
 The schematic drawing for trigger_utility_board_mkii.
Second object description:
 The entity declaration for trigger_utility_board_mkii.
 Entity Port: sync24h_ttl 

ERROR(SPCOCD-171): Port exists in symbol but not 
in the schematic. Either delete this port from the symbol or 
add this port in the schematic.
Port name: tubii_rt_out
Entity 
file location: C:\Users\QGPWindowsVB\Downloads\orebi\SPB_Data\TUBII5\worklib\trigger_utility_board_mkii\entity\verilog.v
First object description:
Object description:
 The schematic drawing for trigger_utility_board_mkii.
Second object description:
 The entity declaration for trigger_utility_board_mkii.
 Entity Port: tubii_rt_out 
