Reading Configuration: tubii_lib tubii cfg_package

van.exe  -nolinks -sironly -cdslib cds.lib "G:\My Dropbox\SNO+\TUBii\SPB_Data\TUBII1\worklib\progdelay\sch_1\verilog.v" -lib "tubii_lib" -view sch_1 -instanceview sch_1 -instanceview entity -define VAN -globals "tubii_lib.glbl:tubii_cfg_package" 
van.exe  -nolinks -sironly -cdslib cds.lib "G:\My Dropbox\SNO+\TUBii\SPB_Data\TUBII1\worklib\fastcomp\sch_1\verilog.v" -lib "tubii_lib" -view sch_1 -instanceview sch_1 -instanceview entity -define VAN -globals "tubii_lib.glbl:tubii_cfg_package" 
van.exe  -nolinks -sironly -cdslib cds.lib "G:\My Dropbox\SNO+\TUBii\SPB_Data\TUBII1\worklib\tuncomp\sch_1\verilog.v" -lib "tubii_lib" -view sch_1 -instanceview sch_1 -instanceview entity -define VAN -globals "tubii_lib.glbl:tubii_cfg_package" 
van.exe  -nolinks -sironly -cdslib cds.lib "G:\My Dropbox\SNO+\TUBii\SPB_Data\TUBII1\worklib\datain\sch_1\verilog.v" -lib "tubii_lib" -view sch_1 -instanceview sch_1 -instanceview entity -define VAN -globals "tubii_lib.glbl:tubii_cfg_package" 
van.exe  -nolinks -sironly -cdslib cds.lib "G:\My Dropbox\SNO+\TUBii\SPB_Data\TUBII1\worklib\asyncdelaybig\sch_1\verilog.v" -lib "tubii_lib" -view sch_1 -instanceview sch_1 -instanceview entity -define VAN -globals "tubii_lib.glbl:tubii_cfg_package" 
van.exe  -nolinks -sironly -cdslib cds.lib "G:\My Dropbox\SNO+\TUBii\SPB_Data\TUBII1\worklib\asyncdelay\sch_1\verilog.v" -lib "tubii_lib" -view sch_1 -instanceview sch_1 -instanceview entity -define VAN -globals "tubii_lib.glbl:tubii_cfg_package" 
van.exe  -nolinks -sironly -cdslib cds.lib "G:\My Dropbox\SNO+\TUBii\SPB_Data\TUBII1\worklib\ribbondelay\sch_1\verilog.v" -lib "tubii_lib" -view sch_1 -instanceview sch_1 -instanceview entity -define VAN -globals "tubii_lib.glbl:tubii_cfg_package" 
van.exe  -nolinks -sironly -cdslib cds.lib "G:\My Dropbox\SNO+\TUBii\SPB_Data\TUBII1\worklib\ttl_progdelay\sch_1\verilog.v" -lib "tubii_lib" -view sch_1 -instanceview sch_1 -instanceview entity -define VAN -globals "tubii_lib.glbl:tubii_cfg_package" 
van.exe  -nolinks -sironly -cdslib cds.lib "G:\My Dropbox\SNO+\TUBii\SPB_Data\TUBII1\worklib\ellie_comms\sch_1\verilog.v" -lib "tubii_lib" -view sch_1 -instanceview sch_1 -instanceview entity -define VAN -globals "tubii_lib.glbl:tubii_cfg_package" 
van.exe  -nolinks -sironly -cdslib cds.lib "G:\My Dropbox\SNO+\TUBii\SPB_Data\TUBII1\worklib\tubiigt\sch_1\verilog.v" -lib "tubii_lib" -view sch_1 -instanceview sch_1 -instanceview entity -define VAN -globals "tubii_lib.glbl:tubii_cfg_package" 
van.exe  -nolinks -sironly -cdslib cds.lib "G:\My Dropbox\SNO+\TUBii\SPB_Data\TUBII1\worklib\bursttrig\sch_1\verilog.v" -lib "tubii_lib" -view sch_1 -instanceview sch_1 -instanceview entity -define VAN -globals "tubii_lib.glbl:tubii_cfg_package" 
van.exe  -nolinks -sironly -cdslib cds.lib "G:\My Dropbox\SNO+\TUBii\SPB_Data\TUBII1\worklib\ttl#2dto#2decl#2din\sch_1\verilog.v" -lib "tubii_lib" -view sch_1 -instanceview sch_1 -instanceview entity -define VAN -globals "tubii_lib.glbl:tubii_cfg_package" 
van.exe  -nolinks -sironly -cdslib cds.lib "G:\My Dropbox\SNO+\TUBii\SPB_Data\TUBII1\worklib\tubii_time\sch_1\verilog.v" -lib "tubii_lib" -view sch_1 -instanceview sch_1 -instanceview entity -define VAN -globals "tubii_lib.glbl:tubii_cfg_package" 
van.exe  -nolinks -sironly -cdslib cds.lib "G:\My Dropbox\SNO+\TUBii\SPB_Data\TUBII1\worklib\prescaletrig\sch_1\verilog.v" -lib "tubii_lib" -view sch_1 -instanceview sch_1 -instanceview entity -define VAN -globals "tubii_lib.glbl:tubii_cfg_package" 
van.exe  -nolinks -sironly -cdslib cds.lib "G:\My Dropbox\SNO+\TUBii\SPB_Data\TUBII1\worklib\lvds#2decl\sch_1\verilog.v" -lib "tubii_lib" -view sch_1 -instanceview sch_1 -instanceview entity -define VAN -globals "tubii_lib.glbl:tubii_cfg_package" 
van.exe  -nolinks -sironly -cdslib cds.lib "G:\My Dropbox\SNO+\TUBii\SPB_Data\TUBII1\worklib\ecl#2dlvds\sch_1\verilog.v" -lib "tubii_lib" -view sch_1 -instanceview sch_1 -instanceview entity -define VAN -globals "tubii_lib.glbl:tubii_cfg_package" 
van.exe  -nolinks -sironly -cdslib cds.lib "G:\My Dropbox\SNO+\TUBii\SPB_Data\TUBII1\worklib\ttl#2decl\sch_1\verilog.v" -lib "tubii_lib" -view sch_1 -instanceview sch_1 -instanceview entity -define VAN -globals "tubii_lib.glbl:tubii_cfg_package" 
van.exe  -nolinks -sironly -cdslib cds.lib "G:\My Dropbox\SNO+\TUBii\SPB_Data\TUBII1\worklib\ecl#2dttl\sch_1\verilog.v" -lib "tubii_lib" -view sch_1 -instanceview sch_1 -instanceview entity -define VAN -globals "tubii_lib.glbl:tubii_cfg_package" 
van.exe  -nolinks -sironly -cdslib cds.lib "G:\My Dropbox\SNO+\TUBii\SPB_Data\TUBII1\worklib\ecl#2dnim\sch_1\verilog.v" -lib "tubii_lib" -view sch_1 -instanceview sch_1 -instanceview entity -define VAN -globals "tubii_lib.glbl:tubii_cfg_package" 
van.exe  -nolinks -sironly -cdslib cds.lib "G:\My Dropbox\SNO+\TUBii\SPB_Data\TUBII1\worklib\nim#2decl\sch_1\verilog.v" -lib "tubii_lib" -view sch_1 -instanceview sch_1 -instanceview entity -define VAN -globals "tubii_lib.glbl:tubii_cfg_package" 
van.exe  -nolinks -sironly -cdslib cds.lib "G:\My Dropbox\SNO+\TUBii\SPB_Data\TUBII1\worklib\latchexttrig\sch_1\verilog.v" -lib "tubii_lib" -view sch_1 -instanceview sch_1 -instanceview entity -define VAN -globals "tubii_lib.glbl:tubii_cfg_package" 
van.exe  -nolinks -sironly -cdslib cds.lib "G:\My Dropbox\SNO+\TUBii\SPB_Data\TUBII1\worklib\powers\sch_1\verilog.v" -lib "tubii_lib" -view sch_1 -instanceview sch_1 -instanceview entity -define VAN -globals "tubii_lib.glbl:tubii_cfg_package" 
van.exe  -nolinks -sironly -cdslib cds.lib "G:\My Dropbox\SNO+\TUBii\SPB_Data\TUBII1\worklib\exttrig\sch_1\verilog.v" -lib "tubii_lib" -view sch_1 -instanceview sch_1 -instanceview entity -define VAN -globals "tubii_lib.glbl:tubii_cfg_package" 
van.exe  -nolinks -sironly -cdslib cds.lib "G:\My Dropbox\SNO+\TUBii\SPB_Data\TUBII1\worklib\caen_chat\sch_1\verilog.v" -lib "tubii_lib" -view sch_1 -instanceview sch_1 -instanceview entity -define VAN -globals "tubii_lib.glbl:tubii_cfg_package" 
van.exe  -nolinks -sironly -cdslib cds.lib "G:\My Dropbox\SNO+\TUBii\SPB_Data\TUBII1\worklib\tubii\sch_1\verilog.v" -lib "tubii_lib" -view sch_1 -instanceview sch_1 -instanceview entity -define VAN -globals "tubii_lib.glbl:tubii_cfg_package" 
