OLECS VERSION = 15.50 - Oct 19 2009 19:14:50, Project file G:\My Dropbox\SNO+\TUBii\SPB_Data\TUBII1\tubii.cpm
OLECS: OLServer::initOLServerEntered.
OLECS: OLServer::registerInterestEntered.
OLECS: OLServer::exportFunctionEntered.
OLECS: OLServer::exportFunctionExited.
OLECS: OLServer::registerInterestExited.
OLECS: OLServer::initOLServerExited.
OLECS: OLServer::globalhiliteHndlrEntered.
OLECS: OLServer::hiliteHndlrEntered.
OLECS: OLServer::hiliteHndlrExited.
OLECS: OLServer::globalhiliteHndlrExited.
OLECS: OLServer::localhiliteHndlrEntered.
OLECS: callExitEntered.
OLECS: callExitExited.
OLECS: cmfeedback called on CMExit
OLECS: CM detached 
Sending CM quit message to Concept
OLECS: Exiting CMServer
OLECS: RedsPIExitOLECS: unload consmgr.dll called
OLECS: unloaded consmgr.dll
