FILE_TYPE=LIBRARY_PARTS;
TIME=' COMPILATION ON FRI JAN 11 11:32:42 1991  ';
primitive 'DG506A_L','DG506A_L_DIP';
  pin
    'S1'<0>:
      NO_LOAD_CHECK='BOTH';
      UNKNOWN_LOADING='TRUE';
      ALLOW_CONNECT='TRUE';
      PIN_NUMBER='(19)';
    'S2'<0>:
      NO_LOAD_CHECK='BOTH';
      UNKNOWN_LOADING='TRUE';
      ALLOW_CONNECT='TRUE';
      PIN_NUMBER='(20)';
    'S3'<0>:
      NO_LOAD_CHECK='BOTH';
      UNKNOWN_LOADING='TRUE';
      ALLOW_CONNECT='TRUE';
      PIN_NUMBER='(21)';
    'S4'<0>:
      NO_LOAD_CHECK='BOTH';
      UNKNOWN_LOADING='TRUE';
      ALLOW_CONNECT='TRUE';
      PIN_NUMBER='(22)';
    'S5'<0>:
      NO_LOAD_CHECK='BOTH';
      UNKNOWN_LOADING='TRUE';
      ALLOW_CONNECT='TRUE';
      PIN_NUMBER='(23)';
    'S6'<0>:
      NO_LOAD_CHECK='BOTH';
      UNKNOWN_LOADING='TRUE';
      ALLOW_CONNECT='TRUE';
      PIN_NUMBER='(24)';
    'S7'<0>:
      NO_LOAD_CHECK='BOTH';
      UNKNOWN_LOADING='TRUE';
      ALLOW_CONNECT='TRUE';
      PIN_NUMBER='(25)';
    'S8'<0>:
      NO_LOAD_CHECK='BOTH';
      UNKNOWN_LOADING='TRUE';
      ALLOW_CONNECT='TRUE';
      PIN_NUMBER='(26)';
    'S9'<0>:
      NO_LOAD_CHECK='BOTH';
      UNKNOWN_LOADING='TRUE';
      ALLOW_CONNECT='TRUE';
      PIN_NUMBER='(11)';
    'S10'<0>:
      NO_LOAD_CHECK='BOTH';
      UNKNOWN_LOADING='TRUE';
      ALLOW_CONNECT='TRUE';
      PIN_NUMBER='(10)';
    'S11'<0>:
      NO_LOAD_CHECK='BOTH';
      UNKNOWN_LOADING='TRUE';
      ALLOW_CONNECT='TRUE';
      PIN_NUMBER='(9)';
    'S12'<0>:
      NO_LOAD_CHECK='BOTH';
      UNKNOWN_LOADING='TRUE';
      ALLOW_CONNECT='TRUE';
      PIN_NUMBER='(8)';
    'S13'<0>:
      NO_LOAD_CHECK='BOTH';
      UNKNOWN_LOADING='TRUE';
      ALLOW_CONNECT='TRUE';
      PIN_NUMBER='(7)';
    'S14'<0>:
      NO_LOAD_CHECK='BOTH';
      UNKNOWN_LOADING='TRUE';
      ALLOW_CONNECT='TRUE';
      PIN_NUMBER='(6)';
    'S15'<0>:
      NO_LOAD_CHECK='BOTH';
      UNKNOWN_LOADING='TRUE';
      ALLOW_CONNECT='TRUE';
      PIN_NUMBER='(5)';
    'S16'<0>:
      NO_LOAD_CHECK='BOTH';
      UNKNOWN_LOADING='TRUE';
      ALLOW_CONNECT='TRUE';
      PIN_NUMBER='(4)';
    'D'<0>:
      NO_LOAD_CHECK='BOTH';
      UNKNOWN_LOADING='TRUE';
      ALLOW_CONNECT='TRUE';
      PIN_NUMBER='(28)';
    'A'<3>:
      INPUT_LOAD='(-0.0001,0.0001)';
      PIN_NUMBER='(14)';
    'A'<2>:
      INPUT_LOAD='(-0.0001,0.0001)';
      PIN_NUMBER='(15)';
    'A'<1>:
      INPUT_LOAD='(-0.0001,0.0001)';
      PIN_NUMBER='(16)';
    'A'<0>:
      INPUT_LOAD='(-0.0001,0.0001)';
      PIN_NUMBER='(17)';
    'EN':
      INPUT_LOAD='(-0.0001,0.0001)';
      PIN_NUMBER='(18)';
    'V+':
      PIN_NUMBER='(1)';
      PIN_TYPE='POWER';
      NO_LOAD_CHECK='BOTH';
      UNKNOWN_LOADING='TRUE';
    'V-':
      PIN_NUMBER='(27)';
      PIN_TYPE='POWER';
      NO_LOAD_CHECK='BOTH';
      UNKNOWN_LOADING='TRUE';
  end_pin;
  body
    FAMILY='CMOS';
    POWER_PINS='(GND:12)';
    NC_PINS='(2,3,13)';
    PART_NAME='DG506A_L';
    BODY_NAME='DG506A_L';
    JEDEC_TYPE='DIP28_3';
    CLASS='IC';
    TECH='CMOS';  
  end_body;
end_primitive;
primitive 'DG506A_L_SOIC';
  pin
    'S1'<0>:
      NO_LOAD_CHECK='BOTH';
      UNKNOWN_LOADING='TRUE';
      ALLOW_CONNECT='TRUE';
      PIN_NUMBER='(19)';
    'S2'<0>:
      NO_LOAD_CHECK='BOTH';
      UNKNOWN_LOADING='TRUE';
      ALLOW_CONNECT='TRUE';
      PIN_NUMBER='(20)';
    'S3'<0>:
      NO_LOAD_CHECK='BOTH';
      UNKNOWN_LOADING='TRUE';
      ALLOW_CONNECT='TRUE';
      PIN_NUMBER='(21)';
    'S4'<0>:
      NO_LOAD_CHECK='BOTH';
      UNKNOWN_LOADING='TRUE';
      ALLOW_CONNECT='TRUE';
      PIN_NUMBER='(22)';
    'S5'<0>:
      NO_LOAD_CHECK='BOTH';
      UNKNOWN_LOADING='TRUE';
      ALLOW_CONNECT='TRUE';
      PIN_NUMBER='(23)';
    'S6'<0>:
      NO_LOAD_CHECK='BOTH';
      UNKNOWN_LOADING='TRUE';
      ALLOW_CONNECT='TRUE';
      PIN_NUMBER='(24)';
    'S7'<0>:
      NO_LOAD_CHECK='BOTH';
      UNKNOWN_LOADING='TRUE';
      ALLOW_CONNECT='TRUE';
      PIN_NUMBER='(25)';
    'S8'<0>:
      NO_LOAD_CHECK='BOTH';
      UNKNOWN_LOADING='TRUE';
      ALLOW_CONNECT='TRUE';
      PIN_NUMBER='(26)';
    'S9'<0>:
      NO_LOAD_CHECK='BOTH';
      UNKNOWN_LOADING='TRUE';
      ALLOW_CONNECT='TRUE';
      PIN_NUMBER='(11)';
    'S10'<0>:
      NO_LOAD_CHECK='BOTH';
      UNKNOWN_LOADING='TRUE';
      ALLOW_CONNECT='TRUE';
      PIN_NUMBER='(10)';
    'S11'<0>:
      NO_LOAD_CHECK='BOTH';
      UNKNOWN_LOADING='TRUE';
      ALLOW_CONNECT='TRUE';
      PIN_NUMBER='(9)';
    'S12'<0>:
      NO_LOAD_CHECK='BOTH';
      UNKNOWN_LOADING='TRUE';
      ALLOW_CONNECT='TRUE';
      PIN_NUMBER='(8)';
    'S13'<0>:
      NO_LOAD_CHECK='BOTH';
      UNKNOWN_LOADING='TRUE';
      ALLOW_CONNECT='TRUE';
      PIN_NUMBER='(7)';
    'S14'<0>:
      NO_LOAD_CHECK='BOTH';
      UNKNOWN_LOADING='TRUE';
      ALLOW_CONNECT='TRUE';
      PIN_NUMBER='(6)';
    'S15'<0>:
      NO_LOAD_CHECK='BOTH';
      UNKNOWN_LOADING='TRUE';
      ALLOW_CONNECT='TRUE';
      PIN_NUMBER='(5)';
    'S16'<0>:
      NO_LOAD_CHECK='BOTH';
      UNKNOWN_LOADING='TRUE';
      ALLOW_CONNECT='TRUE';
      PIN_NUMBER='(4)';
    'D'<0>:
      NO_LOAD_CHECK='BOTH';
      UNKNOWN_LOADING='TRUE';
      ALLOW_CONNECT='TRUE';
      PIN_NUMBER='(28)';
    'A'<3>:
      INPUT_LOAD='(-0.0001,0.0001)';
      PIN_NUMBER='(14)';
    'A'<2>:
      INPUT_LOAD='(-0.0001,0.0001)';
      PIN_NUMBER='(15)';
    'A'<1>:
      INPUT_LOAD='(-0.0001,0.0001)';
      PIN_NUMBER='(16)';
    'A'<0>:
      INPUT_LOAD='(-0.0001,0.0001)';
      PIN_NUMBER='(17)';
    'EN':
      INPUT_LOAD='(-0.0001,0.0001)';
      PIN_NUMBER='(18)';
    'V+':
      PIN_NUMBER='(1)';
      PIN_TYPE='POWER';
      NO_LOAD_CHECK='BOTH';
      UNKNOWN_LOADING='TRUE';
    'V-':
      PIN_NUMBER='(27)';
      PIN_TYPE='POWER';
      NO_LOAD_CHECK='BOTH';
      UNKNOWN_LOADING='TRUE';
  end_pin;
  body
    FAMILY='CMOS';
    POWER_PINS='(GND:12)';
    NC_PINS='(2,3,13)';
    PART_NAME='DG506A_L';
    BODY_NAME='DG506A_L';
    JEDEC_TYPE='SOIC28W';
    CLASS='IC';
    TECH='CMOS';  
  end_body;
end_primitive;
END.
