temp/xxnedtmp22/event.log NEWFILE1
temp/xxnedtmp22/text.log NEWFILE2
temp/xxnedtmp22/environ.log NEWFILE3
C:\Cadence\SPB_16.6\share\cdssetup/concept/concepthdl.scr FILE4
C:\Users\QGPWindowsVB\Downloads\orebi\SPB_Data\TUBII4\cds.lib FILE5
C:\Users\QGPWindowsVB\Downloads\orebi\SPB_Data\TUBII4\worklib\tubii\sch_1\page1.csb FILE6
C:\Users\QGPWindowsVB\Downloads\orebi\SPB_Data\TUBII4\worklib\tubii\sch_1\page1_csb.lck NEWFILE7
temp/xxnedtmp22/undo1.log NEWFILE8
C:\Users\QGPWindowsVB\Downloads\orebi\Parts\parts\misc\penn#20b#20size#20page\sym_1\symbol.css FILE9
C:\Users\QGPWindowsVB\Downloads\orebi\SPB_Data\TUBII4\worklib\clocks\sym_1\symbol.css FILE10
C:\Users\QGPWindowsVB\Downloads\orebi\SPB_Data\TUBII4\worklib\ellie\sym_1\symbol.css FILE11
C:\Users\QGPWindowsVB\Downloads\orebi\SPB_Data\TUBII4\worklib\ecal_control\sym_1\symbol.css FILE12
C:\Users\QGPWindowsVB\Downloads\orebi\SPB_Data\TUBII4\worklib\base_mon\sym_1\symbol.css FILE13
C:\Users\QGPWindowsVB\Downloads\orebi\Parts\parts\standard\3#20merge\sym_1\symbol.css FILE14
C:\Users\QGPWindowsVB\Downloads\orebi\Parts\parts\ttl\hct238\sym_1\symbol.css FILE15
C:\Users\QGPWindowsVB\Downloads\orebi\SPB_Data\TUBII4\worklib\microzedconnection\sym_1\symbol.css FILE16
C:\Users\QGPWindowsVB\Downloads\orebi\SPB_Data\TUBII4\worklib\powers\sym_1\symbol.css FILE17
C:\Users\QGPWindowsVB\Downloads\orebi\SPB_Data\TUBII4\worklib\tubii_spkr\sym_1\symbol.css FILE18
C:\Users\QGPWindowsVB\Downloads\orebi\SPB_Data\TUBII4\worklib\ports2\sym_1\symbol.css FILE19
C:\Users\QGPWindowsVB\Downloads\orebi\SPB_Data\TUBII4\worklib\cntrl_register\sym_1\symbol.css FILE20
C:\Users\QGPWindowsVB\Downloads\orebi\SPB_Data\TUBII4\worklib\ports\sym_1\symbol.css FILE21
C:\Users\QGPWindowsVB\Downloads\orebi\SPB_Data\TUBII4\worklib\generic_utilities\sym_1\symbol.css FILE22
C:\Users\QGPWindowsVB\Downloads\orebi\SPB_Data\TUBII4\worklib\comparators\sym_1\symbol.css FILE23
C:\Users\QGPWindowsVB\Downloads\orebi\SPB_Data\TUBII4\worklib\caen\sym_1\symbol.css FILE24
C:\Users\QGPWindowsVB\Downloads\orebi\SPB_Data\TUBII4\worklib\gt_delays\sym_1\symbol.css FILE25
C:\Users\QGPWindowsVB\Downloads\orebi\SPB_Data\TUBII4\worklib\caen\sch_1\page1.csb FILE26
C:\Users\QGPWindowsVB\Downloads\orebi\SPB_Data\TUBII4\worklib\caen\sch_1\page1_csb.lck NEWFILE27
C:\Users\QGPWindowsVB\Downloads\orebi\SPB_Data\TUBII4\worklib\tubii\sch_1\page1_csa.lck NEWFILE28
C:\Users\QGPWindowsVB\Downloads\orebi\SPB_Data\TUBII4\worklib\caen_coms\sym_1\symbol.css FILE29
C:\Users\QGPWindowsVB\Downloads\orebi\SPB_Data\TUBII4\worklib\caen_chat\sym_1\symbol.css FILE30
C:\Users\QGPWindowsVB\Downloads\orebi\SPB_Data\TUBII4\worklib\caen_chat\sch_1\page1.csb FILE31
C:\Users\QGPWindowsVB\Downloads\orebi\SPB_Data\TUBII4\worklib\caen_chat\sch_1\page1_csb.lck NEWFILE32
C:\Users\QGPWindowsVB\Downloads\orebi\SPB_Data\TUBII4\worklib\caen\sch_1\page1_csa.lck NEWFILE33
C:\Users\QGPWindowsVB\Downloads\orebi\Parts\parts\resistors\rsmd0805\sym_1\symbol.css FILE34
C:\Users\QGPWindowsVB\Downloads\orebi\Parts\parts\misc\testpoint_l\sym_1\symbol.css FILE35
C:\Users\QGPWindowsVB\Downloads\orebi\Parts\parts\ecl\10h125\sym_1\symbol.css FILE36
C:\Users\QGPWindowsVB\Downloads\orebi\Parts\parts\ecl\10e116\sym_1\symbol.css FILE37
C:\Users\QGPWindowsVB\Downloads\orebi\Parts\parts\misc\gnd\sym_1\symbol.css FILE38
C:\Users\QGPWindowsVB\Downloads\orebi\Parts\parts\capacitors\csmd0805\sym_1\symbol.css FILE39
C:\Users\QGPWindowsVB\Downloads\orebi\Parts\parts\transistors\mmbth81lt1\sym_1\symbol.css FILE40
C:\Users\QGPWindowsVB\Downloads\orebi\Parts\parts\ecl\10h116\sym_1\symbol.css FILE41
C:\Users\QGPWindowsVB\Downloads\orebi\SPB_Data\TUBII4\worklib\caen_chat\sch_1\page1_csa.lck NEWFILE42
C:\Users\QGPWindowsVB\Downloads\orebi\SPB_Data\TUBII4\worklib\caen_coms\sch_1\page1.csb FILE43
C:\Users\QGPWindowsVB\Downloads\orebi\SPB_Data\TUBII4\worklib\caen_coms\sch_1\page1_csb.lck NEWFILE44
C:\Users\QGPWindowsVB\Downloads\orebi\Parts\parts\misc\prma1c05b\sym_1\symbol.css FILE45
C:\Users\QGPWindowsVB\Downloads\orebi\Parts\parts\ttl\hct374\sym_1\symbol.css FILE46
C:\Users\QGPWindowsVB\Downloads\orebi\SPB_Data\TUBII4\worklib\caen_buffer\sym_1\symbol.css FILE47
C:\Users\QGPWindowsVB\Downloads\orebi\Parts\parts\misc\74f164\sym_2\symbol.css FILE48
C:\Users\QGPWindowsVB\Downloads\orebi\Parts\parts\resistors\res_l\sym_1\symbol.css FILE49
C:\Users\QGPWindowsVB\Downloads\orebi\Parts\parts\ttl\f07\sym_1\symbol.css FILE50
C:\Users\QGPWindowsVB\Downloads\orebi\SPB_Data\TUBII4\worklib\caen_buffer\sch_1\page1.csb FILE51
C:\Users\QGPWindowsVB\Downloads\orebi\SPB_Data\TUBII4\worklib\caen_buffer\sch_1\page1_csb.lck NEWFILE52
C:\Users\QGPWindowsVB\Downloads\orebi\SPB_Data\TUBII4\worklib\caen_coms\sch_1\page1_csa.lck NEWFILE53
C:\Users\QGPWindowsVB\Downloads\orebi\Parts\parts\misc\ths3062\sym_1\symbol.css FILE54
C:\Users\QGPWindowsVB\Downloads\orebi\Parts\parts\standard\gnd_power\sym_1\symbol.css FILE55
C:\Users\QGPWindowsVB\Downloads\orebi\Parts\parts\diodes\1n4448\sym_1\symbol.css FILE56
C:\Users\QGPWindowsVB\Downloads\orebi\Parts\parts\misc\coto2342\sym_1\symbol.css FILE57
C:\Users\QGPWindowsVB\Downloads\orebi\SPB_Data\TUBII4\worklib\caen_buffer\sch_1\page1_csa.lck NEWFILE58
C:/Users/QGPWindowsVB/Downloads/orebi/SPB_Data/TUBII4/worklib/tubii/sch_1/tubii.xcon FILE59
C:/Users/QGPWindowsVB/Downloads/orebi/SPB_Data/TUBII4/worklib/tubii/sch_1/tubii.dcf FILE60
temp/xxnedtmp22/undo2.log NEWFILE61
C:\Users\QGPWindowsVB\Downloads\orebi\SPB_Data\TUBII4\worklib\ports\sch_1\page1.csb FILE62
C:\Users\QGPWindowsVB\Downloads\orebi\SPB_Data\TUBII4\worklib\ports\sch_1\page1_csb.lck NEWFILE63
temp/xxnedtmp22/undo3.log NEWFILE64
C:\Users\QGPWindowsVB\Downloads\orebi\Parts\parts\ecl\10h124\sym_1\symbol.css FILE65
C:\Users\QGPWindowsVB\Downloads\orebi\Parts\parts\misc\lvds_driver_ds10\sym_1\symbol.css FILE66
C:\Users\QGPWindowsVB\Downloads\orebi\Parts\parts\misc\ids_c10\sym_1\symbol.css FILE67
C:\Users\QGPWindowsVB\Downloads\orebi\SPB_Data\TUBII4\worklib\ecl#2dttl\sym_1\symbol.css FILE68
C:\Users\QGPWindowsVB\Downloads\orebi\SPB_Data\TUBII4\worklib\ttl#2decl\sym_1\symbol.css FILE69
C:\Users\QGPWindowsVB\Downloads\orebi\SPB_Data\TUBII4\worklib\ecl#2dnim\sym_1\symbol.css FILE70
C:\Users\QGPWindowsVB\Downloads\orebi\SPB_Data\TUBII4\worklib\ecl#2dlvds\sym_1\symbol.css FILE71
C:\Users\QGPWindowsVB\Downloads\orebi\SPB_Data\TUBII4\worklib\lvds#2decl\sym_1\symbol.css FILE72
C:\Users\QGPWindowsVB\Downloads\orebi\SPB_Data\TUBII4\worklib\nim#2decl\sym_1\symbol.css FILE73
temp/xxnedtmp22/undo4.log NEWFILE74
C:\Users\QGPWindowsVB\Downloads\orebi\Parts\parts\standard\origin\sym_1\symbol.css FILE75
temp/xxnedtmp22/undo5.log NEWFILE76
temp/xxnedtmp22/undo6.log NEWFILE77
temp/xxnedtmp22/undo7.log NEWFILE78
temp/xxnedtmp22/concept.mkr NEWFILE79
C:\Users\QGPWindowsVB\Downloads\orebi\SPB_Data\TUBII4\worklib\caen_ports\sym_1\symbol.css NEWFILE80
C:\Users\QGPWindowsVB\Downloads\orebi\SPB_Data\TUBII4\worklib\caen_ports\sym_1\symbol_css.lck NEWFILE81
temp/xxnedtmp22/csnetlister.mkr NEWFILE82
C:\Users\QGPWindowsVB\Downloads\orebi\SPB_Data\TUBII4\worklib\caen_ports\sch_1\page1.csa NEWFILE83
C:\Users\QGPWindowsVB\Downloads\orebi\SPB_Data\TUBII4\worklib\caen_ports\sch_1\page1.csv NEWFILE84
C:\Users\QGPWindowsVB\Downloads\orebi\SPB_Data\TUBII4\worklib\caen_ports\sch_1\pc.db NEWFILE85
C:\Users\QGPWindowsVB\Downloads\orebi\SPB_Data\TUBII4\worklib\caen_ports\sch_1\page1_csa.lck NEWFILE86
C:/Users/QGPWindowsVB/Downloads/orebi/SPB_Data/TUBII4/worklib/caen_ports/sch_1/caen_ports_xcon.lck NEWFILE87
C:/Users/QGPWindowsVB/Downloads/orebi/SPB_Data/TUBII4/worklib/caen_ports/sch_1/caen_ports_dcf.lck NEWFILE88
C:/Users/QGPWIN~1/AppData/Local/Temp/con14D8.tmp FILE89
C:/Users/QGPWIN~1/AppData/Local/Temp/con7D57.tmp FILE90
C:/Users/QGPWIN~1/AppData/Local/Temp/conEFB9.tmp FILE91
C:/Users/QGPWIN~1/AppData/Local/Temp/con8294.tmp FILE92
C:/Cadence/SPB_16.6/tools/language/config.dat FILE93
C:/Cadence/SPB_16.6/tools/language/pack_type_rename.dat NEWFILE94
temp/xxnedtmp22/../penn#20b#20size#20page.mkr NEWFILE95
temp/xxnedtmp22/../testpoint_l.mkr NEWFILE96
temp/xxnedtmp22/../gnd.mkr NEWFILE97
temp/xxnedtmp22/../lvds_driver_ds10.mkr NEWFILE98
temp/xxnedtmp22/../ids_c10.mkr NEWFILE99
temp/xxnedtmp22/../rsmd0805.mkr NEWFILE100
temp/xxnedtmp22/../ecl#2dnim.mkr NEWFILE101
temp/xxnedtmp22/../lvds#2decl.mkr NEWFILE102
temp/xxnedtmp22/../10h124.mkr NEWFILE103
temp/xxnedtmp22/../ecl#2dttl.mkr NEWFILE104
temp/xxnedtmp22/../ttl#2decl.mkr NEWFILE105
temp/xxnedtmp22/../ecl#2dlvds.mkr NEWFILE106
temp/xxnedtmp22/../nim#2decl.mkr NEWFILE107
temp/xxnedtmp22/../10h116.mkr NEWFILE108
temp/xxnedtmp22/../csmd0805.mkr NEWFILE109
temp/xxnedtmp22/../10h125.mkr NEWFILE110
C:\Users\QGPWindowsVB\Downloads\orebi\SPB_Data\TUBII4\worklib\ports\sch_1\page1.csa FILE111
C:\Users\QGPWindowsVB\Downloads\orebi\SPB_Data\TUBII4\worklib\ports\sch_1\page1.csv FILE112
C:/Users/QGPWindowsVB/Downloads/orebi/SPB_Data/TUBII4/worklib/ports/sch_1/ports_xcon.lck NEWFILE113
C:/Users/QGPWindowsVB/Downloads/orebi/SPB_Data/TUBII4/worklib/ports/sch_1/ports_dcf.lck NEWFILE114
C:\Users\QGPWindowsVB\Downloads\orebi\SPB_Data\TUBII4\worklib\ports\sch_1\page1_csa.lck NEWFILE115
C:\Users\QGPWindowsVB\Downloads\orebi\SPB_Data\TUBII4\worklib\tubii\sch_1\page1.csa FILE116
C:\Users\QGPWindowsVB\Downloads\orebi\SPB_Data\TUBII4\worklib\tubii\sch_1\page1.csv FILE117
C:/Users/QGPWindowsVB/Downloads/orebi/SPB_Data/TUBII4/worklib/tubii/sch_1/tubii_xcon.lck NEWFILE118
C:/Users/QGPWindowsVB/Downloads/orebi/SPB_Data/TUBII4/worklib/tubii/sch_1/tubii_dcf.lck NEWFILE119
C:/Users/QGPWIN~1/AppData/Local/Temp/con953A.tmp FILE120
C:\Users\QGPWindowsVB\Downloads\orebi\SPB_Data\TUBII4\worklib\ports\sch_1\pc.db FILE121
C:\Users\QGPWindowsVB\Downloads\orebi\SPB_Data\TUBII4\worklib\caen_coms\sym_1\symbol_css.lck NEWFILE122
C:\Users\QGPWindowsVB\Downloads\orebi\SPB_Data\TUBII4\worklib\caen_channel_sel\sym_1\symbol.css NEWFILE123
C:\Users\QGPWindowsVB\Downloads\orebi\SPB_Data\TUBII4\worklib\caen_channel_sel\sym_1\symbol_css.lck NEWFILE124
C:\Users\QGPWindowsVB\Downloads\orebi\SPB_Data\TUBII4\worklib\caen_channel_sel\sch_1\page1.csa NEWFILE125
C:\Users\QGPWindowsVB\Downloads\orebi\SPB_Data\TUBII4\worklib\caen_channel_sel\sch_1\page1.csv NEWFILE126
C:\Users\QGPWindowsVB\Downloads\orebi\SPB_Data\TUBII4\worklib\caen_channel_sel\sch_1\pc.db NEWFILE127
C:\Users\QGPWindowsVB\Downloads\orebi\SPB_Data\TUBII4\worklib\caen_channel_sel\sch_1\page1_csa.lck NEWFILE128
C:/Users/QGPWindowsVB/Downloads/orebi/SPB_Data/TUBII4/worklib/caen_channel_sel/sch_1/caen_channel_sel_xcon.lck NEWFILE129
C:/Users/QGPWindowsVB/Downloads/orebi/SPB_Data/TUBII4/worklib/caen_channel_sel/sch_1/caen_channel_sel_dcf.lck NEWFILE130
temp/xxnedtmp22/../caen_coms.mkr NEWFILE131
temp/xxnedtmp22/../caen_chat.mkr NEWFILE132
C:\Users\QGPWindowsVB\Downloads\orebi\SPB_Data\TUBII4\worklib\caen\sch_1\page1.csa FILE133
C:\Users\QGPWindowsVB\Downloads\orebi\SPB_Data\TUBII4\worklib\caen\sch_1\page1.csv FILE134
C:\Users\QGPWindowsVB\Downloads\orebi\SPB_Data\TUBII4\worklib\caen\sch_1\pc.db FILE135
C:/Users/QGPWindowsVB/Downloads/orebi/SPB_Data/TUBII4/worklib/caen/sch_1/caen_xcon.lck NEWFILE136
C:/Users/QGPWindowsVB/Downloads/orebi/SPB_Data/TUBII4/worklib/caen/sch_1/caen_dcf.lck NEWFILE137
temp/xxnedtmp22/../res_l.mkr NEWFILE138
temp/xxnedtmp22/../hct374.mkr NEWFILE139
temp/xxnedtmp22/../prma1c05b.mkr NEWFILE140
temp/xxnedtmp22/../caen_buffer.mkr NEWFILE141
temp/xxnedtmp22/../74f164.mkr NEWFILE142
temp/xxnedtmp22/../f07.mkr NEWFILE143
C:\Users\QGPWindowsVB\Downloads\orebi\SPB_Data\TUBII4\worklib\caen_coms\sch_1\page1.csa FILE144
C:\Users\QGPWindowsVB\Downloads\orebi\SPB_Data\TUBII4\worklib\caen_coms\sch_1\page1.csv FILE145
C:\Users\QGPWindowsVB\Downloads\orebi\SPB_Data\TUBII4\worklib\caen_coms\sch_1\pc.db FILE146
C:/Users/QGPWindowsVB/Downloads/orebi/SPB_Data/TUBII4/worklib/caen_coms/sch_1/caen_coms_xcon.lck NEWFILE147
C:/Users/QGPWindowsVB/Downloads/orebi/SPB_Data/TUBII4/worklib/caen_coms/sch_1/caen_coms_dcf.lck NEWFILE148
C:\Users\QGPWindowsVB\Downloads\orebi\SPB_Data\TUBII4\worklib\caen\sym_1\symbol_css.lck NEWFILE149
C:\Users\QGPWindowsVB\Downloads\orebi\SPB_Data\TUBII4\worklib\ports\sym_1\symbol_css.lck NEWFILE150
C:\Users\QGPWindowsVB\Downloads\orebi\Parts\parts\standard\8#20merge\sym_1\symbol.css FILE151
C:/Users/QGPWIN~1/AppData/Local/Temp/conBF4F.tmp FILE152
temp/xxnedtmp22/../8#20merge.mkr NEWFILE153
temp/xxnedtmp22/../ports.mkr FILE154
temp/xxnedtmp22/../caen.mkr NEWFILE155
temp/xxnedtmp22/../clocks.mkr NEWFILE156
temp/xxnedtmp22/../ellie.mkr NEWFILE157
temp/xxnedtmp22/../ecal_control.mkr NEWFILE158
temp/xxnedtmp22/../base_mon.mkr NEWFILE159
temp/xxnedtmp22/../3#20merge.mkr NEWFILE160
temp/xxnedtmp22/../hct238.mkr NEWFILE161
temp/xxnedtmp22/../microzedconnection.mkr FILE162
temp/xxnedtmp22/../powers.mkr NEWFILE163
temp/xxnedtmp22/../tubii_spkr.mkr NEWFILE164
temp/xxnedtmp22/../ports2.mkr NEWFILE165
temp/xxnedtmp22/../cntrl_register.mkr NEWFILE166
temp/xxnedtmp22/../generic_utilities.mkr NEWFILE167
temp/xxnedtmp22/../comparators.mkr NEWFILE168
temp/xxnedtmp22/../gt_delays.mkr NEWFILE169
C:/Users/QGPWIN~1/AppData/Local/Temp/con1CB1.tmp FILE170
C:\Users\QGPWindowsVB\Downloads\orebi\SPB_Data\TUBII4\worklib\base_mon\sch_1\page1.csb FILE171
C:\Users\QGPWindowsVB\Downloads\orebi\SPB_Data\TUBII4\worklib\base_mon\sch_1\page1_csb.lck NEWFILE172
C:\Users\QGPWindowsVB\Downloads\orebi\Parts\parts\misc\opa2277\sym_1\symbol.css FILE173
C:\Users\QGPWindowsVB\Downloads\orebi\Parts\parts\misc\opa4277\sym_1\symbol.css FILE174
C:\Users\QGPWindowsVB\Downloads\orebi\SPB_Data\TUBII4\worklib\base_mon\sch_1\page1_csa.lck NEWFILE175
C:\Users\QGPWindowsVB\Downloads\orebi\SPB_Data\TUBII4\worklib\generic_utilities\sch_1\page1.csb FILE176
C:\Users\QGPWindowsVB\Downloads\orebi\SPB_Data\TUBII4\worklib\generic_utilities\sch_1\page1_csb.lck NEWFILE177
C:\Users\QGPWindowsVB\Downloads\orebi\SPB_Data\TUBII4\worklib\pulse_inverter\sym_1\symbol.css FILE178
C:\Users\QGPWindowsVB\Downloads\orebi\SPB_Data\TUBII4\worklib\generic_delays\sym_1\symbol.css FILE179
C:\Users\QGPWindowsVB\Downloads\orebi\SPB_Data\TUBII4\worklib\pulse_scaler\sym_1\symbol.css FILE180
C:\Users\QGPWindowsVB\Downloads\orebi\SPB_Data\TUBII4\worklib\ribbondelay\sym_1\symbol.css FILE181
C:\Users\QGPWindowsVB\Downloads\orebi\SPB_Data\TUBII4\worklib\generic_pulse\sym_1\symbol.css FILE182
C:\Users\QGPWindowsVB\Downloads\orebi\SPB_Data\TUBII4\worklib\generic_utilities\sch_1\page1_csa.lck NEWFILE183
C:\Users\QGPWindowsVB\Downloads\orebi\SPB_Data\TUBII4\worklib\ports2\sch_1\page1.csb FILE184
C:\Users\QGPWindowsVB\Downloads\orebi\SPB_Data\TUBII4\worklib\ports2\sch_1\page1_csb.lck NEWFILE185
C:\Users\QGPWindowsVB\Downloads\orebi\SPB_Data\TUBII4\worklib\tubii_triggers\sym_1\symbol.css FILE186
C:\Users\QGPWindowsVB\Downloads\orebi\SPB_Data\TUBII4\worklib\latchexttrig\sym_1\symbol.css FILE187
C:\Users\QGPWindowsVB\Downloads\orebi\Parts\parts\ecl\10e101\sym_1\symbol.css FILE188
C:\Users\QGPWindowsVB\Downloads\orebi\SPB_Data\TUBII4\worklib\latchexttrig\sch_1\page1.csb FILE189
C:\Users\QGPWindowsVB\Downloads\orebi\SPB_Data\TUBII4\worklib\latchexttrig\sch_1\page1_csb.lck NEWFILE190
C:\Users\QGPWindowsVB\Downloads\orebi\SPB_Data\TUBII4\worklib\ports2\sch_1\page1_csa.lck NEWFILE191
C:\Users\QGPWindowsVB\Downloads\orebi\SPB_Data\TUBII4\worklib\latchexttrig\sch_1\page1_csa.lck NEWFILE192
C:\Users\QGPWindowsVB\Downloads\orebi\SPB_Data\TUBII4\worklib\clocks\sch_1\page1.csb FILE193
C:\Users\QGPWindowsVB\Downloads\orebi\SPB_Data\TUBII4\worklib\clocks\sch_1\page1_csb.lck NEWFILE194
C:\Users\QGPWindowsVB\Downloads\orebi\SPB_Data\TUBII4\worklib\tubii_time\sym_1\symbol.css FILE195
C:\Users\QGPWindowsVB\Downloads\orebi\SPB_Data\TUBII4\worklib\tubii_clks\sym_1\symbol.css FILE196
C:\Users\QGPWindowsVB\Downloads\orebi\SPB_Data\TUBII4\worklib\clocks\sch_1\page1_csa.lck NEWFILE197
C:\Users\QGPWindowsVB\Downloads\orebi\SPB_Data\TUBII4\worklib\ellie\sch_1\page1.csb FILE198
C:\Users\QGPWindowsVB\Downloads\orebi\SPB_Data\TUBII4\worklib\ellie\sch_1\page1_csb.lck NEWFILE199
C:\Users\QGPWindowsVB\Downloads\orebi\SPB_Data\TUBII4\worklib\ellie_talk\sym_1\symbol.css FILE200
C:\Users\QGPWindowsVB\Downloads\orebi\SPB_Data\TUBII4\worklib\ellie_talk\sch_1\page1.csb FILE201
C:\Users\QGPWindowsVB\Downloads\orebi\SPB_Data\TUBII4\worklib\ellie_talk\sch_1\page1_csb.lck NEWFILE202
C:\Users\QGPWindowsVB\Downloads\orebi\SPB_Data\TUBII4\worklib\ellie\sch_1\page1_csa.lck NEWFILE203
C:\Users\QGPWindowsVB\Downloads\orebi\SPB_Data\TUBII4\worklib\led_pulse\sym_1\symbol.css FILE204
C:\Users\QGPWindowsVB\Downloads\orebi\SPB_Data\TUBII4\worklib\ellie_talk\sch_1\page1_csa.lck NEWFILE205
C:\Users\QGPWindowsVB\Downloads\orebi\SPB_Data\TUBII4\worklib\ports2\sym_1\symbol_css.lck NEWFILE206
temp/xxnedtmp22/../tubii_triggers.mkr NEWFILE207
temp/xxnedtmp22/../latchexttrig.mkr NEWFILE208
temp/xxnedtmp22/../10e101.mkr NEWFILE209
C:\Users\QGPWindowsVB\Downloads\orebi\SPB_Data\TUBII4\worklib\ports2\sch_1\page1.csa FILE210
C:\Users\QGPWindowsVB\Downloads\orebi\SPB_Data\TUBII4\worklib\ports2\sch_1\page1.csv FILE211
C:\Users\QGPWindowsVB\Downloads\orebi\SPB_Data\TUBII4\worklib\ports2\sch_1\pc.db FILE212
C:/Users/QGPWindowsVB/Downloads/orebi/SPB_Data/TUBII4/worklib/ports2/sch_1/ports2_xcon.lck NEWFILE213
C:/Users/QGPWindowsVB/Downloads/orebi/SPB_Data/TUBII4/worklib/ports2/sch_1/ports2_dcf.lck NEWFILE214
C:\Users\QGPWindowsVB\Downloads\orebi\SPB_Data\TUBII4\worklib\microzedconnection\sym_1\symbol_css.lck NEWFILE215
C:\Users\QGPWindowsVB\Downloads\orebi\SPB_Data\TUBII4\worklib\powers\sch_1\page1.csb FILE216
C:\Users\QGPWindowsVB\Downloads\orebi\SPB_Data\TUBII4\worklib\powers\sch_1\page1_csb.lck NEWFILE217
C:\Users\QGPWindowsVB\Downloads\orebi\Parts\parts\capacitors\tant0805\sym_1\symbol.css FILE218
C:\Users\QGPWindowsVB\Downloads\orebi\Parts\parts\misc\inductor_l\sym_1\symbol.css FILE219
C:\Users\QGPWindowsVB\Downloads\orebi\Parts\parts\regulators\lm1117\sym_1\symbol.css FILE220
C:\Users\QGPWindowsVB\Downloads\orebi\Parts\parts\regulators\lm337t_l\sym_1\symbol.css FILE221
C:\Users\QGPWindowsVB\Downloads\orebi\Parts\parts\diodes\mur105\sym_1\symbol.css FILE222
C:\Users\QGPWindowsVB\Downloads\orebi\SPB_Data\TUBII4\worklib\microzedconnection\sch_1\page1.csb FILE223
C:\Users\QGPWindowsVB\Downloads\orebi\SPB_Data\TUBII4\worklib\microzedconnection\sch_1\page1_csb.lck NEWFILE224
C:\Users\QGPWindowsVB\Downloads\orebi\SPB_Data\TUBII4\worklib\powers\sch_1\page1_csa.lck NEWFILE225
C:\Users\QGPWindowsVB\Downloads\orebi\Parts\parts\standard\drawing\sym_1\symbol.css FILE226
C:\Users\QGPWindowsVB\Downloads\orebi\Parts\parts\misc\fci_61083#2d101400lf\sym_1\symbol.css FILE227
C:\Users\QGPWindowsVB\Downloads\orebi\Parts\parts\capacitors\csmd0603\sym_1\symbol.css FILE228
C:\Users\QGPWindowsVB\Downloads\orebi\SPB_Data\TUBII4\worklib\microzedconnection\sch_1\page1_csa.lck NEWFILE229
C:\Users\QGPWindowsVB\Downloads\orebi\SPB_Data\TUBII4\worklib\ecal_control\sch_1\page1.csb FILE230
C:\Users\QGPWindowsVB\Downloads\orebi\SPB_Data\TUBII4\worklib\ecal_control\sch_1\page1_csb.lck NEWFILE231
temp/xxnedtmp22/undo8.log NEWFILE232
C:\Users\QGPWindowsVB\Downloads\orebi\Parts\parts\ecl\10h104\sym_1\symbol.css FILE233
C:\Users\QGPWindowsVB\Downloads\orebi\Parts\parts\misc\led_1206\sym_1\symbol.css FILE234
temp/xxnedtmp22/../10h104.mkr NEWFILE235
temp/xxnedtmp22/../led_1206.mkr NEWFILE236
C:\Users\QGPWindowsVB\Downloads\orebi\SPB_Data\TUBII4\worklib\ecal_control\sch_1\page1.csa FILE237
C:\Users\QGPWindowsVB\Downloads\orebi\SPB_Data\TUBII4\worklib\ecal_control\sch_1\page1.csv FILE238
C:/Users/QGPWindowsVB/Downloads/orebi/SPB_Data/TUBII4/worklib/ecal_control/sch_1/ecal_control_xcon.lck NEWFILE239
C:/Users/QGPWindowsVB/Downloads/orebi/SPB_Data/TUBII4/worklib/ecal_control/sch_1/ecal_control_dcf.lck NEWFILE240
C:\Users\QGPWindowsVB\Downloads\orebi\SPB_Data\TUBII4\worklib\ecal_control\sch_1\page1_csa.lck NEWFILE241
C:\Users\QGPWindowsVB\Downloads\orebi\SPB_Data\TUBII4\worklib\tubii_time\sch_1\page1.csb FILE242
C:\Users\QGPWindowsVB\Downloads\orebi\SPB_Data\TUBII4\worklib\tubii_time\sch_1\page1_csb.lck NEWFILE243
C:\Users\QGPWindowsVB\Downloads\orebi\Parts\parts\ecl\100el05\sym_1\symbol.css FILE244
C:\Users\QGPWindowsVB\Downloads\orebi\Parts\parts\ecl\10e131\sym_1\symbol.css FILE245
C:\Users\QGPWindowsVB\Downloads\orebi\Parts\parts\ecl\10e016\sym_1\symbol.css FILE246
C:\Users\QGPWindowsVB\Downloads\orebi\Parts\parts\ttl\f273\sym_1\symbol.css FILE247
C:\Users\QGPWindowsVB\Downloads\orebi\Parts\parts\misc\hct123\sym_1\symbol.css FILE248
C:\Users\QGPWindowsVB\Downloads\orebi\Parts\parts\misc\74f164\sym_1\symbol.css FILE249
C:\Users\QGPWindowsVB\Downloads\orebi\Parts\parts\ecl\100el34\sym_1\symbol.css FILE250
C:\Users\QGPWindowsVB\Downloads\orebi\SPB_Data\TUBII4\worklib\gt_delays\sch_1\page1.csb FILE251
C:\Users\QGPWindowsVB\Downloads\orebi\SPB_Data\TUBII4\worklib\gt_delays\sch_1\page1_csb.lck NEWFILE252
C:\Users\QGPWindowsVB\Downloads\orebi\SPB_Data\TUBII4\worklib\tubii_time\sch_1\page1_csa.lck NEWFILE253
C:\Users\QGPWindowsVB\Downloads\orebi\SPB_Data\TUBII4\worklib\asyncdelays\sym_1\symbol.css FILE254
C:\Users\QGPWindowsVB\Downloads\orebi\SPB_Data\TUBII4\worklib\select_lo_src\sym_1\symbol.css FILE255
C:\Users\QGPWindowsVB\Downloads\orebi\SPB_Data\TUBII4\worklib\tubii_clks\sch_1\page1.csb FILE256
C:\Users\QGPWindowsVB\Downloads\orebi\SPB_Data\TUBII4\worklib\tubii_clks\sch_1\page1_csb.lck NEWFILE257
C:\Users\QGPWindowsVB\Downloads\orebi\SPB_Data\TUBII4\worklib\gt_delays\sch_1\page1_csa.lck NEWFILE258
C:\Users\QGPWindowsVB\Downloads\orebi\Parts\parts\misc\foxclock\sym_1\symbol.css FILE259
C:\Users\QGPWindowsVB\Downloads\orebi\Parts\parts\ecl\el91l\sym_1\symbol.css FILE260
C:\Users\QGPWindowsVB\Downloads\orebi\SPB_Data\TUBII4\worklib\tubii_clks\sch_1\page1_csa.lck NEWFILE261
C:\Users\QGPWindowsVB\Downloads\orebi\SPB_Data\TUBII4\worklib\select_lo_src\sch_1\page1.csb FILE262
C:\Users\QGPWindowsVB\Downloads\orebi\SPB_Data\TUBII4\worklib\select_lo_src\sch_1\page1_csb.lck NEWFILE263
temp/xxnedtmp22/undo9.log NEWFILE264
C:\Users\QGPWindowsVB\Downloads\orebi\SPB_Data\TUBII4\worklib\asyncdelays\sch_1\page1.csb FILE265
C:\Users\QGPWindowsVB\Downloads\orebi\SPB_Data\TUBII4\worklib\asyncdelays\sch_1\page1_csb.lck NEWFILE266
temp/xxnedtmp22/undo10.log NEWFILE267
C:\Users\QGPWindowsVB\Downloads\orebi\Parts\parts\ttl\ds102350\sym_1\symbol.css FILE268
C:\Users\QGPWindowsVB\Downloads\orebi\Parts\parts\ttl\f06\sym_1\symbol.css FILE269
C:\Users\QGPWindowsVB\Downloads\orebi\Parts\parts\ecl\10elt24\sym_1\symbol.css FILE270
C:\Users\QGPWindowsVB\Downloads\orebi\Parts\parts\ttl\ds1023500\sym_1\symbol.css FILE271
C:\Users\QGPWindowsVB\Downloads\orebi\Parts\parts\capacitors\cap_l\sym_1\symbol.css FILE272
C:\Users\QGPWindowsVB\Downloads\orebi\Parts\parts\resistors\rsmd0603\sym_1\symbol.css FILE273
C:\Users\QGPWindowsVB\Downloads\orebi\SPB_Data\TUBII4\worklib\led_pulse\sch_1\page1.csb FILE274
C:\Users\QGPWindowsVB\Downloads\orebi\SPB_Data\TUBII4\worklib\led_pulse\sch_1\page1_csb.lck NEWFILE275
C:\Users\QGPWindowsVB\Downloads\orebi\SPB_Data\TUBII4\worklib\asyncdelays\sch_1\page1_csa.lck NEWFILE276
C:\Users\QGPWindowsVB\Downloads\orebi\SPB_Data\TUBII4\worklib\led_pulse\sch_1\page1_csa.lck NEWFILE277
temp/xxnedtmp22/../ths3062.mkr NEWFILE278
temp/xxnedtmp22/../coto2342.mkr NEWFILE279
temp/xxnedtmp22/../gnd_power.mkr NEWFILE280
temp/xxnedtmp22/../1n4448.mkr NEWFILE281
C:\Users\QGPWindowsVB\Downloads\orebi\SPB_Data\TUBII4\worklib\caen_buffer\sch_1\page1.csa FILE282
C:\Users\QGPWindowsVB\Downloads\orebi\SPB_Data\TUBII4\worklib\caen_buffer\sch_1\page1.csv FILE283
C:/Users/QGPWindowsVB/Downloads/orebi/SPB_Data/TUBII4/worklib/caen_buffer/sch_1/caen_buffer_xcon.lck NEWFILE284
C:/Users/QGPWindowsVB/Downloads/orebi/SPB_Data/TUBII4/worklib/caen_buffer/sch_1/caen_buffer_dcf.lck NEWFILE285
C:\Users\QGPWindowsVB\Downloads\orebi\SPB_Data\TUBII4\worklib\comparators\sch_1\page1.csb FILE286
C:\Users\QGPWindowsVB\Downloads\orebi\SPB_Data\TUBII4\worklib\comparators\sch_1\page1_csb.lck NEWFILE287
C:\Users\QGPWindowsVB\Downloads\orebi\Parts\parts\diodes\bas16lt1\sym_1\symbol.css FILE288
C:\Users\QGPWindowsVB\Downloads\orebi\SPB_Data\TUBII4\worklib\tuncomp\sym_1\symbol.css FILE289
C:\Users\QGPWindowsVB\Downloads\orebi\SPB_Data\TUBII4\worklib\fastcomp\sym_1\symbol.css FILE290
C:\Users\QGPWindowsVB\Downloads\orebi\SPB_Data\TUBII4\worklib\fastcomp\sch_1\page1.csb FILE291
C:\Users\QGPWindowsVB\Downloads\orebi\SPB_Data\TUBII4\worklib\fastcomp\sch_1\page1_csb.lck NEWFILE292
C:\Users\QGPWindowsVB\Downloads\orebi\SPB_Data\TUBII4\worklib\comparators\sch_1\page1_csa.lck NEWFILE293
C:\Users\QGPWindowsVB\Downloads\orebi\Parts\parts\resistors\pot\sym_1\symbol.css FILE294
C:\Users\QGPWindowsVB\Downloads\orebi\Parts\parts\misc\adcmp566\sym_1\symbol.css FILE295
temp/xxnedtmp22/../pot.mkr NEWFILE296
temp/xxnedtmp22/../10e116.mkr NEWFILE297
temp/xxnedtmp22/../10e131.mkr NEWFILE298
temp/xxnedtmp22/../led_pulse.mkr NEWFILE299
temp/xxnedtmp22/../100el05.mkr NEWFILE300
temp/xxnedtmp22/../adcmp566.mkr NEWFILE301
C:\Users\QGPWindowsVB\Downloads\orebi\SPB_Data\TUBII4\worklib\fastcomp\sch_1\page1.csa FILE302
C:\Users\QGPWindowsVB\Downloads\orebi\SPB_Data\TUBII4\worklib\fastcomp\sch_1\page1.csv FILE303
C:/Users/QGPWindowsVB/Downloads/orebi/SPB_Data/TUBII4/worklib/fastcomp/sch_1/fastcomp_xcon.lck NEWFILE304
C:/Users/QGPWindowsVB/Downloads/orebi/SPB_Data/TUBII4/worklib/fastcomp/sch_1/fastcomp_dcf.lck NEWFILE305
C:\Users\QGPWindowsVB\Downloads\orebi\SPB_Data\TUBII4\worklib\fastcomp\sch_1\page1_csa.lck NEWFILE306
C:\Users\QGPWindowsVB\Downloads\orebi\SPB_Data\TUBII4\worklib\tuncomp\sch_1\page1.csb FILE307
C:\Users\QGPWindowsVB\Downloads\orebi\SPB_Data\TUBII4\worklib\tuncomp\sch_1\page1_csb.lck NEWFILE308
C:\Users\QGPWindowsVB\Downloads\orebi\Parts\parts\ecl\10h131\sym_1\symbol.css FILE309
C:\Users\QGPWindowsVB\Downloads\orebi\Parts\parts\misc\ad96685\sym_1\symbol.css FILE310
C:\Users\QGPWindowsVB\Downloads\orebi\Parts\parts\misc\ad7243\sym_1\symbol.css FILE311
temp/xxnedtmp22/../ad7243.mkr NEWFILE312
temp/xxnedtmp22/../10h131.mkr NEWFILE313
temp/xxnedtmp22/../ad96685.mkr NEWFILE314
temp/xxnedtmp22/../f06.mkr NEWFILE315
C:\Users\QGPWindowsVB\Downloads\orebi\SPB_Data\TUBII4\worklib\tuncomp\sch_1\page1.csa FILE316
C:\Users\QGPWindowsVB\Downloads\orebi\SPB_Data\TUBII4\worklib\tuncomp\sch_1\page1.csv FILE317
C:/Users/QGPWindowsVB/Downloads/orebi/SPB_Data/TUBII4/worklib/tuncomp/sch_1/tuncomp_xcon.lck NEWFILE318
C:/Users/QGPWindowsVB/Downloads/orebi/SPB_Data/TUBII4/worklib/tuncomp/sch_1/tuncomp_dcf.lck NEWFILE319
C:\Users\QGPWindowsVB\Downloads\orebi\SPB_Data\TUBII4\worklib\tuncomp\sch_1\page1_csa.lck NEWFILE320
C:\Users\QGPWindowsVB\Downloads\orebi\SPB_Data\TUBII4\worklib\generic_pulse\sch_1\page1.csb FILE321
C:\Users\QGPWindowsVB\Downloads\orebi\SPB_Data\TUBII4\worklib\generic_pulse\sch_1\page1_csb.lck NEWFILE322
C:\Users\QGPWindowsVB\Downloads\orebi\SPB_Data\TUBII4\worklib\generic_delays\sch_1\page1.csb FILE323
C:\Users\QGPWindowsVB\Downloads\orebi\SPB_Data\TUBII4\worklib\generic_delays\sch_1\page1_csb.lck NEWFILE324
C:\Users\QGPWindowsVB\Downloads\orebi\SPB_Data\TUBII4\worklib\ribbondelay\sch_1\page1.csb FILE325
C:\Users\QGPWindowsVB\Downloads\orebi\SPB_Data\TUBII4\worklib\ribbondelay\sch_1\page1_csb.lck NEWFILE326
temp/xxnedtmp22/undo11.log NEWFILE327
C:\Users\QGPWindowsVB\Downloads\orebi\SPB_Data\TUBII4\worklib\pulse_inverter\sch_1\page1.csb FILE328
C:\Users\QGPWindowsVB\Downloads\orebi\SPB_Data\TUBII4\worklib\pulse_inverter\sch_1\page1_csb.lck NEWFILE329
C:\Users\QGPWindowsVB\Downloads\orebi\SPB_Data\TUBII4\worklib\ribbondelay\sch_1\page1_csa.lck NEWFILE330
C:\Users\QGPWindowsVB\Downloads\orebi\Parts\parts\misc\ad8009\sym_1\symbol.css FILE331
temp/xxnedtmp22/../ad8009.mkr NEWFILE332
C:\Users\QGPWindowsVB\Downloads\orebi\SPB_Data\TUBII4\worklib\pulse_inverter\sch_1\page1.csa FILE333
C:\Users\QGPWindowsVB\Downloads\orebi\SPB_Data\TUBII4\worklib\pulse_inverter\sch_1\page1.csv FILE334
C:\Users\QGPWindowsVB\Downloads\orebi\SPB_Data\TUBII4\worklib\pulse_inverter\sch_1\pc.db FILE335
C:/Users/QGPWindowsVB/Downloads/orebi/SPB_Data/TUBII4/worklib/pulse_inverter/sch_1/pulse_inverter_xcon.lck NEWFILE336
C:/Users/QGPWindowsVB/Downloads/orebi/SPB_Data/TUBII4/worklib/pulse_inverter/sch_1/pulse_inverter_dcf.lck NEWFILE337
C:\Users\QGPWindowsVB\Downloads\orebi\SPB_Data\TUBII4\worklib\pulse_inverter\sch_1\page1_csa.lck NEWFILE338
C:\Users\QGPWindowsVB\Downloads\orebi\SPB_Data\TUBII4\worklib\pulse_scaler\sch_1\page1.csb FILE339
C:\Users\QGPWindowsVB\Downloads\orebi\SPB_Data\TUBII4\worklib\pulse_scaler\sch_1\page1_csb.lck NEWFILE340
temp/xxnedtmp22/undo12.log NEWFILE341
C:\Users\QGPWindowsVB\Downloads\orebi\SPB_Data\TUBII4\worklib\nim#2decl\sch_1\page1.csb FILE342
C:\Users\QGPWindowsVB\Downloads\orebi\SPB_Data\TUBII4\worklib\nim#2decl\sch_1\page1_csb.lck NEWFILE343
C:\Users\QGPWindowsVB\Downloads\orebi\Parts\parts\transistors\mmbth10\sym_1\symbol.css FILE344
temp/xxnedtmp22/../mmbth10.mkr NEWFILE345
C:\Users\QGPWindowsVB\Downloads\orebi\SPB_Data\TUBII4\worklib\nim#2decl\sch_1\page1.csa FILE346
C:\Users\QGPWindowsVB\Downloads\orebi\SPB_Data\TUBII4\worklib\nim#2decl\sch_1\page1.csv FILE347
C:/Users/QGPWindowsVB/Downloads/orebi/SPB_Data/TUBII4/worklib/nim#2decl/sch_1/nim#2decl_xcon.lck NEWFILE348
C:/Users/QGPWindowsVB/Downloads/orebi/SPB_Data/TUBII4/worklib/nim#2decl/sch_1/nim#2decl_dcf.lck NEWFILE349
C:\Users\QGPWindowsVB\Downloads\orebi\SPB_Data\TUBII4\worklib\lvds#2decl\sch_1\page1.csb FILE350
C:\Users\QGPWindowsVB\Downloads\orebi\SPB_Data\TUBII4\worklib\lvds#2decl\sch_1\page1_csb.lck NEWFILE351
C:\Users\QGPWindowsVB\Downloads\orebi\SPB_Data\TUBII4\worklib\nim#2decl\sch_1\page1_csa.lck NEWFILE352
C:\Users\QGPWindowsVB\Downloads\orebi\SPB_Data\TUBII4\worklib\lvds#2decl\sch_1\page1.csa FILE353
C:\Users\QGPWindowsVB\Downloads\orebi\SPB_Data\TUBII4\worklib\lvds#2decl\sch_1\page1.csv FILE354
C:/Users/QGPWindowsVB/Downloads/orebi/SPB_Data/TUBII4/worklib/lvds#2decl/sch_1/lvds#2decl_xcon.lck NEWFILE355
C:/Users/QGPWindowsVB/Downloads/orebi/SPB_Data/TUBII4/worklib/lvds#2decl/sch_1/lvds#2decl_dcf.lck NEWFILE356
C:\Users\QGPWindowsVB\Downloads\orebi\SPB_Data\TUBII4\worklib\lvds#2decl\sch_1\page1_csa.lck NEWFILE357
temp/xxnedtmp22/undo13.log NEWFILE358
C:\Users\QGPWindowsVB\Downloads\orebi\SPB_Data\TUBII4\worklib\ecl#2dlvds\sch_1\page1.csb FILE359
C:\Users\QGPWindowsVB\Downloads\orebi\SPB_Data\TUBII4\worklib\ecl#2dlvds\sch_1\page1_csb.lck NEWFILE360
C:\Users\QGPWindowsVB\Downloads\orebi\Parts\parts\ecl\100e101\sym_1\symbol.css FILE361
temp/xxnedtmp22/../100e101.mkr NEWFILE362
C:\Users\QGPWindowsVB\Downloads\orebi\SPB_Data\TUBII4\worklib\ecl#2dlvds\sch_1\page1.csa FILE363
C:\Users\QGPWindowsVB\Downloads\orebi\SPB_Data\TUBII4\worklib\ecl#2dlvds\sch_1\page1.csv FILE364
C:/Users/QGPWindowsVB/Downloads/orebi/SPB_Data/TUBII4/worklib/ecl#2dlvds/sch_1/ecl#2dlvds_xcon.lck NEWFILE365
C:/Users/QGPWindowsVB/Downloads/orebi/SPB_Data/TUBII4/worklib/ecl#2dlvds/sch_1/ecl#2dlvds_dcf.lck NEWFILE366
C:\Users\QGPWindowsVB\Downloads\orebi\SPB_Data\TUBII4\worklib\ecl#2dnim\sch_1\page1.csb FILE367
C:\Users\QGPWindowsVB\Downloads\orebi\SPB_Data\TUBII4\worklib\ecl#2dnim\sch_1\page1_csb.lck NEWFILE368
C:\Users\QGPWindowsVB\Downloads\orebi\SPB_Data\TUBII4\worklib\ecl#2dlvds\sch_1\page1_csa.lck NEWFILE369
C:\Users\QGPWindowsVB\Downloads\orebi\Parts\parts\transistors\mpsh81\sym_1\symbol.css FILE370
temp/xxnedtmp22/../mpsh81.mkr NEWFILE371
C:\Users\QGPWindowsVB\Downloads\orebi\SPB_Data\TUBII4\worklib\ecl#2dnim\sch_1\page1.csa FILE372
C:\Users\QGPWindowsVB\Downloads\orebi\SPB_Data\TUBII4\worklib\ecl#2dnim\sch_1\page1.csv FILE373
C:/Users/QGPWindowsVB/Downloads/orebi/SPB_Data/TUBII4/worklib/ecl#2dnim/sch_1/ecl#2dnim_xcon.lck NEWFILE374
C:/Users/QGPWindowsVB/Downloads/orebi/SPB_Data/TUBII4/worklib/ecl#2dnim/sch_1/ecl#2dnim_dcf.lck NEWFILE375
C:\Users\QGPWindowsVB\Downloads\orebi\SPB_Data\TUBII4\worklib\ttl#2decl\sch_1\page1.csb FILE376
C:\Users\QGPWindowsVB\Downloads\orebi\SPB_Data\TUBII4\worklib\ttl#2decl\sch_1\page1_csb.lck NEWFILE377
C:\Users\QGPWindowsVB\Downloads\orebi\SPB_Data\TUBII4\worklib\ecl#2dnim\sch_1\page1_csa.lck NEWFILE378
C:\Users\QGPWindowsVB\Downloads\orebi\SPB_Data\TUBII4\worklib\ttl#2decl\sch_1\page1.csa FILE379
C:\Users\QGPWindowsVB\Downloads\orebi\SPB_Data\TUBII4\worklib\ttl#2decl\sch_1\page1.csv FILE380
C:/Users/QGPWindowsVB/Downloads/orebi/SPB_Data/TUBII4/worklib/ttl#2decl/sch_1/ttl#2decl_xcon.lck NEWFILE381
C:/Users/QGPWindowsVB/Downloads/orebi/SPB_Data/TUBII4/worklib/ttl#2decl/sch_1/ttl#2decl_dcf.lck NEWFILE382
C:\Users\QGPWindowsVB\Downloads\orebi\SPB_Data\TUBII4\worklib\ecl#2dttl\sch_1\page1.csb FILE383
C:\Users\QGPWindowsVB\Downloads\orebi\SPB_Data\TUBII4\worklib\ecl#2dttl\sch_1\page1_csb.lck NEWFILE384
C:\Users\QGPWindowsVB\Downloads\orebi\SPB_Data\TUBII4\worklib\ttl#2decl\sch_1\page1_csa.lck NEWFILE385
C:\Users\QGPWindowsVB\Downloads\orebi\SPB_Data\TUBII4\worklib\ecl#2dttl\sch_1\page1.csa FILE386
C:\Users\QGPWindowsVB\Downloads\orebi\SPB_Data\TUBII4\worklib\ecl#2dttl\sch_1\page1.csv FILE387
C:/Users/QGPWindowsVB/Downloads/orebi/SPB_Data/TUBII4/worklib/ecl#2dttl/sch_1/ecl#2dttl_xcon.lck NEWFILE388
C:/Users/QGPWindowsVB/Downloads/orebi/SPB_Data/TUBII4/worklib/ecl#2dttl/sch_1/ecl#2dttl_dcf.lck NEWFILE389
C:\Users\QGPWindowsVB\Downloads\orebi\SPB_Data\TUBII4\worklib\cntrl_register\sch_1\page1.csb FILE390
C:\Users\QGPWindowsVB\Downloads\orebi\SPB_Data\TUBII4\worklib\cntrl_register\sch_1\page1_csb.lck NEWFILE391
C:\Users\QGPWindowsVB\Downloads\orebi\SPB_Data\TUBII4\worklib\ecl#2dttl\sch_1\page1_csa.lck NEWFILE392
C:\Users\QGPWindowsVB\Downloads\orebi\SPB_Data\TUBII4\worklib\cntrl_register\sch_1\page1_csa.lck NEWFILE393
C:\Users\QGPWindowsVB\Downloads\orebi\SPB_Data\TUBII4\worklib\tubii\sch_1\pc.db FILE394
C:\Users\QGPWindowsVB\Downloads\orebi\SPB_Data\TUBII4\worklib\tubii_triggers\sch_1\page1.csb FILE395
C:\Users\QGPWindowsVB\Downloads\orebi\SPB_Data\TUBII4\worklib\tubii_triggers\sch_1\page1_csb.lck NEWFILE396
C:\Users\QGPWindowsVB\Downloads\orebi\Parts\parts\standard\4#20merge\sym_1\symbol.css FILE397
temp/xxnedtmp22/../4#20merge.mkr NEWFILE398
C:\Users\QGPWindowsVB\Downloads\orebi\SPB_Data\TUBII4\worklib\tubii_triggers\sch_1\page1.csa FILE399
C:\Users\QGPWindowsVB\Downloads\orebi\SPB_Data\TUBII4\worklib\tubii_triggers\sch_1\page1.csv FILE400
C:/Users/QGPWindowsVB/Downloads/orebi/SPB_Data/TUBII4/worklib/tubii_triggers/sch_1/tubii_triggers_xcon.lck NEWFILE401
C:/Users/QGPWindowsVB/Downloads/orebi/SPB_Data/TUBII4/worklib/tubii_triggers/sch_1/tubii_triggers_dcf.lck NEWFILE402
C:\Users\QGPWindowsVB\Downloads\orebi\SPB_Data\TUBII4\worklib\tubii_triggers\sch_1\page1_csa.lck NEWFILE403
C:\Users\QGPWindowsVB\Downloads\orebi\SPB_Data\TUBII4\worklib\tubii_spkr\sch_1\page1.csb FILE404
C:\Users\QGPWindowsVB\Downloads\orebi\SPB_Data\TUBII4\worklib\tubii_spkr\sch_1\page1_csb.lck NEWFILE405
C:\Users\QGPWindowsVB\Downloads\orebi\Parts\parts\ttl\74f06\sym_1\symbol.css FILE406
C:\Users\QGPWindowsVB\Downloads\orebi\SPB_Data\TUBII4\worklib\tubii_spkr\sch_1\page1_csa.lck NEWFILE407
C:/Users/QGPWIN~1/AppData/Local/Temp/conEFB4.tmp FILE408
C:/Users/QGPWIN~1/AppData/Local/Temp/conFA25.tmp FILE409
C:/Users/QGPWIN~1/AppData/Local/Temp/con61C.tmp FILE410
temp/xxnedtmp22/../fci_61083#2d101400lf.mkr NEWFILE411
temp/xxnedtmp22/../csmd0603.mkr NEWFILE412
temp/xxnedtmp22/../drawing.mkr NEWFILE413
C:\Users\QGPWindowsVB\Downloads\orebi\SPB_Data\TUBII4\worklib\microzedconnection\sch_1\page1.csa FILE414
C:\Users\QGPWindowsVB\Downloads\orebi\SPB_Data\TUBII4\worklib\microzedconnection\sch_1\page1.csv FILE415
C:\Users\QGPWindowsVB\Downloads\orebi\SPB_Data\TUBII4\worklib\microzedconnection\sch_1\pc.db FILE416
C:/Users/QGPWindowsVB/Downloads/orebi/SPB_Data/TUBII4/worklib/microzedconnection/sch_1/microzedconnection_xcon.lck NEWFILE417
C:/Users/QGPWindowsVB/Downloads/orebi/SPB_Data/TUBII4/worklib/microzedconnection/sch_1/microzedconnection_dcf.lck NEWFILE418
temp/xxnedtmp22/../ds102350.mkr NEWFILE419
C:\Users\QGPWindowsVB\Downloads\orebi\SPB_Data\TUBII4\worklib\generic_pulse\sch_1\page1.csa FILE420
C:\Users\QGPWindowsVB\Downloads\orebi\SPB_Data\TUBII4\worklib\generic_pulse\sch_1\page1.csv FILE421
C:/Users/QGPWindowsVB/Downloads/orebi/SPB_Data/TUBII4/worklib/generic_pulse/sch_1/generic_pulse_xcon.lck NEWFILE422
C:/Users/QGPWindowsVB/Downloads/orebi/SPB_Data/TUBII4/worklib/generic_pulse/sch_1/generic_pulse_dcf.lck NEWFILE423
C:\Users\QGPWindowsVB\Downloads\orebi\SPB_Data\TUBII4\worklib\caen_ports\sch_1\page1.csb NEWFILE424
C:\Users\QGPWindowsVB\Downloads\orebi\SPB_Data\TUBII4\worklib\caen_ports\sch_1\page1_csb.lck NEWFILE425
temp/xxnedtmp22/../opa4277.mkr NEWFILE426
temp/xxnedtmp22/../opa2277.mkr NEWFILE427
C:\Users\QGPWindowsVB\Downloads\orebi\SPB_Data\TUBII4\worklib\base_mon\sch_1\page1.csa FILE428
C:\Users\QGPWindowsVB\Downloads\orebi\SPB_Data\TUBII4\worklib\base_mon\sch_1\page1.csv FILE429
C:/Users/QGPWindowsVB/Downloads/orebi/SPB_Data/TUBII4/worklib/base_mon/sch_1/base_mon_xcon.lck NEWFILE430
C:/Users/QGPWindowsVB/Downloads/orebi/SPB_Data/TUBII4/worklib/base_mon/sch_1/base_mon_dcf.lck NEWFILE431
temp/xxnedtmp22/../asyncdelays.mkr NEWFILE432
temp/xxnedtmp22/../select_lo_src.mkr NEWFILE433
C:\Users\QGPWindowsVB\Downloads\orebi\SPB_Data\TUBII4\worklib\gt_delays\sch_1\page1.csa FILE434
C:\Users\QGPWindowsVB\Downloads\orebi\SPB_Data\TUBII4\worklib\gt_delays\sch_1\page1.csv FILE435
C:/Users/QGPWindowsVB/Downloads/orebi/SPB_Data/TUBII4/worklib/gt_delays/sch_1/gt_delays_xcon.lck NEWFILE436
C:/Users/QGPWindowsVB/Downloads/orebi/SPB_Data/TUBII4/worklib/gt_delays/sch_1/gt_delays_dcf.lck NEWFILE437
C:\Users\QGPWindowsVB\Downloads\orebi\SPB_Data\TUBII4\worklib\select_lo_src\sch_1\page1.csa FILE438
C:\Users\QGPWindowsVB\Downloads\orebi\SPB_Data\TUBII4\worklib\select_lo_src\sch_1\page1.csv FILE439
C:/Users/QGPWindowsVB/Downloads/orebi/SPB_Data/TUBII4/worklib/select_lo_src/sch_1/select_lo_src_xcon.lck NEWFILE440
C:/Users/QGPWindowsVB/Downloads/orebi/SPB_Data/TUBII4/worklib/select_lo_src/sch_1/select_lo_src_dcf.lck NEWFILE441
C:\Users\QGPWindowsVB\Downloads\orebi\SPB_Data\TUBII4\worklib\generic_delays\sch_1\page1.csa FILE442
C:\Users\QGPWindowsVB\Downloads\orebi\SPB_Data\TUBII4\worklib\generic_delays\sch_1\page1.csv FILE443
C:/Users/QGPWindowsVB/Downloads/orebi/SPB_Data/TUBII4/worklib/generic_delays/sch_1/generic_delays_xcon.lck NEWFILE444
C:/Users/QGPWindowsVB/Downloads/orebi/SPB_Data/TUBII4/worklib/generic_delays/sch_1/generic_delays_dcf.lck NEWFILE445
C:\Users\QGPWindowsVB\Downloads\orebi\SPB_Data\TUBII4\worklib\pulse_scaler\sch_1\page1.csa FILE446
C:\Users\QGPWindowsVB\Downloads\orebi\SPB_Data\TUBII4\worklib\pulse_scaler\sch_1\page1.csv FILE447
C:/Users/QGPWindowsVB/Downloads/orebi/SPB_Data/TUBII4/worklib/pulse_scaler/sch_1/pulse_scaler_xcon.lck NEWFILE448
C:/Users/QGPWindowsVB/Downloads/orebi/SPB_Data/TUBII4/worklib/pulse_scaler/sch_1/pulse_scaler_dcf.lck NEWFILE449
temp/xxnedtmp22/../ellie_talk.mkr NEWFILE450
C:\Users\QGPWindowsVB\Downloads\orebi\SPB_Data\TUBII4\worklib\ellie\sch_1\page1.csa FILE451
C:\Users\QGPWindowsVB\Downloads\orebi\SPB_Data\TUBII4\worklib\ellie\sch_1\page1.csv FILE452
C:/Users/QGPWindowsVB/Downloads/orebi/SPB_Data/TUBII4/worklib/ellie/sch_1/ellie_xcon.lck NEWFILE453
C:/Users/QGPWindowsVB/Downloads/orebi/SPB_Data/TUBII4/worklib/ellie/sch_1/ellie_dcf.lck NEWFILE454
C:\Users\QGPWindowsVB\Downloads\orebi\SPB_Data\TUBII4\worklib\generic_pulse\sch_1\page1_csa.lck NEWFILE455
C:\Users\QGPWindowsVB\Downloads\orebi\SPB_Data\TUBII4\worklib\select_lo_src\sch_1\page1_csa.lck NEWFILE456
C:\Users\QGPWindowsVB\Downloads\orebi\SPB_Data\TUBII4\worklib\generic_delays\sch_1\page1_csa.lck NEWFILE457
C:\Users\QGPWindowsVB\Downloads\orebi\SPB_Data\TUBII4\worklib\pulse_scaler\sch_1\page1_csa.lck NEWFILE458
