Allegro Design Entry HDL 16.6-p007 (v16-6-112F) 10/10/2012
Copyright 2011 Cadence Design Systems, Inc

WARNING(SPCOCN-1474): You must specify a window that contains a drawing.
WARNING(SPCOCN-1474): You must specify a window that contains a drawing.
WARNING(SPCOCN-1474): You must specify a window that contains a drawing.
WARNING(SPCOCN-1474): You must specify a window that contains a drawing.
WARNING(SPCOCN-1474): You must specify a window that contains a drawing.
WARNING(SPCOCN-1474): You must specify a window that contains a drawing.
WARNING(SPCOCN-1474): You must specify a window that contains a drawing.
WARNING(SPCOCN-2040): Specify the command "page forcereset all" to reset logical page numbers of all pages of this block.
WARNING(SPCOCN-1523): Invalid set option: <search_history_count>
INFO(SPCOCN-1177): Unexpected text: <5>
WARNING(SPCOCN-1523): Invalid set option: <search_history>
INFO(SPCOCN-1177): Unexpected text: <100EL34/>
WARNING(SPCOCN-1523): Invalid set option: <search_toolbar_lookin>
INFO(SPCOCN-1177): Unexpected text: <PAGE>
WARNING(SPCOCN-1523): Invalid set option: <modify_quick_reset_filters>
INFO(SPCOCN-1177): Unexpected text: <OFF>
WARNING(SPCOCN-1523): Invalid set option: <hss_distribute_ports_count>
INFO(SPCOCN-1177): Unexpected text: <25>
WARNING(SPCOCN-1523): Invalid set option: <hss_distribute_port_pattern>
WARNING(SPCOCN-1523): Invalid set option: <hss_distribute_property_name>
WARNING(SPCOCN-1474): You must specify a window that contains a drawing.
WARNING(SPCOCN-1474): You must specify a window that contains a drawing.
WARNING(SPCOCN-1474): You must specify a window that contains a drawing.
WARNING(SPCOCN-1474): You must specify a window that contains a drawing.
WARNING(SPCOCN-1474): You must specify a window that contains a drawing.
WARNING(SPCOCN-1474): You must specify a window that contains a drawing.
INFO(SPCOCN-1737): Reading C:\Users\QGPWindowsVB\Downloads\orebi\SPB_Data\TUBII4\cds.lib file.
WARNING(SPCOCN-674): Error(s) in C:\Users\QGPWindowsVB\Downloads\orebi\SPB_Data\TUBII4\cds.lib
WARNING(SPCOCN-675):   Invalid path: C:\Users\QGPWindowsVB\Downloads\orebi\ugboard\ugboard\newtub\10k on line 14.
WARNING(SPCOCN-675):   Invalid path: C:\Users\QGPWindowsVB\Downloads\orebi\ugboard\ugboard\newtub\10kh on line 16.
WARNING(SPCOCN-675):   Invalid path: C:\Users\QGPWindowsVB\Downloads\orebi\ugboard\ugboard\newtub\54fct on line 18.
WARNING(SPCOCN-675):   Invalid path: C:\Users\QGPWindowsVB\Downloads\orebi\ugboard\ugboard\newtub\100e on line 20.
WARNING(SPCOCN-675):   Invalid path: C:\Users\QGPWindowsVB\Downloads\orebi\ugboard\ugboard\newtub\fast on line 22.
WARNING(SPCOCN-675):   Invalid path: C:\Users\QGPWindowsVB\Downloads\orebi\ugboard\ugboard\newtub\hcmos on line 24.
ERROR(SPCOCN-1334): Library 100e not found in cds.lib list.
ERROR(SPCOCN-1334): Library 10k not found in cds.lib list.
ERROR(SPCOCN-1334): Library 10kh not found in cds.lib list.
ERROR(SPCOCN-1334): Library 54fct not found in cds.lib list.
ERROR(SPCOCN-1334): Library fast not found in cds.lib list.
ERROR(SPCOCN-1334): Library hcmos not found in cds.lib list.
WARNING(SPCOCN-1474): You must specify a window that contains a drawing.
INFO(SPCOCN-1445): Reading TUBII.SCH.1.1 into drawing #1.
INFO(SPCOCN-195): The following file will be used to identify the list of modules to be excluded: 'C:\Cadence\SPB_16.6\share\cdssetup\xmodules.dat'.
INFO(SPCOCN-1001): Component: I101 selected.
INFO(SPCOCN-1445): Reading CAEN.SCH.1.1 into drawing #1.
INFO(SPCOCN-1001): Component: I1 selected.
INFO(SPCOCN-1445): Reading CAEN_CHAT.SCH.1.1 into drawing #1.
INFO(SPCOCN-1445): Reading CAEN.SCH.1.1 into drawing #1.
INFO(SPCOCN-1001): Component: I2 selected.
INFO(SPCOCN-1445): Reading CAEN_COMS.SCH.1.1 into drawing #1.
INFO(SPCOCN-1001): Component: I64 selected.
INFO(SPCOCN-1445): Reading CAEN_BUFFER.SCH.1.1 into drawing #1.
INFO(SPCOCN-1445): Reading CAEN_BUFFER.SCH.1.1 into drawing #1.
INFO(SPCOCN-1854): The drawing CAEN_BUFFER.SCH.1.1
INFO(SPCOCN-578): will be retained as drawing #1.
INFO(SPCOCN-1445): Reading CAEN_COMS.SCH.1.1 into drawing #2.
INFO(SPCOCN-1445): Reading CAEN.SCH.1.1 into drawing #2.
INFO(SPCOCN-1445): Reading TUBII.SCH.1.1 into drawing #2.
INFO(SPCOCN-1001): Component: I104 selected.
INFO(SPCOCN-1001): Component: I104 selected.
INFO(SPCOCN-1001): Component: I104 selected.
INFO(SPCOCN-1854): The drawing TUBII.SCH.1.1
INFO(SPCOCN-578): will be retained as drawing #2.
INFO(SPCOCN-1445): Reading PORTS.SCH.1.1 into drawing #3.
INFO(SPCOCN-1001): Component: I128 selected.
WARNING(SPCOCN-2041): Block rename command can be used to rename a block at the time of creation of the block. It cannot update the canonical paths of the objects of a block for which design is already captured. To rename or create a copy of the existing block, use the Copy Project functionality of Project Manager.
INFO(SPCOCN-1001): Component: I128 selected.
INFO(SPCOCN-1001): Component: I128 selected.
INFO(SPCOCN-1001): Component: I128 selected.
INFO(SPCOCN-1443): CAEN_PORTS.SYM.1.1 has been previously edited as drawing #6.
INFO(SPCOCN-1070): Checking drawing...
INFO(SPCOCN-1028): writing <tubii_lib>CAEN_PORTS.SYM.1.1:
INFO(SPCOCN-1051): writing body file...
INFO(SPCOCN-1054): ...written
No netlisting errors found. 

INFO(SPCOCN-1640): writing occurrence data...
INFO(SPCOCN-1028): writing <tubii_lib>CAEN_PORTS.SCH.1.1:
INFO(SPCOCN-1044): writing binary file...
INFO(SPCOCN-1049): writing ASCII file...
INFO(SPCOCN-1053): writing connectivity file...
INFO(SPCOCN-1054): ...written

CSDirect 16.6-p007 (v16-6-112F)

Netlisting block caen_ports

Processing page 1

No netlisting errors found. 

INFO(SPCOCN-1054): ...written
INFO(SPCOCN-1443): PORTS.SCH.1.1 has been previously edited as drawing #3.
INFO(SPCOCN-1001): Component: I128 selected.
INFO(SPCOCN-1001): Component: I128 selected.
INFO(SPCOCN-1001): Component: I128 selected.
INFO(SPCOCN-1001): Component: I128 selected.
INFO(SPCOCN-1001): Component: I128 selected.
INFO(SPCOCN-1854): The drawing PORTS.SCH.1.1
INFO(SPCOCN-578): will be retained as drawing #3.
INFO(SPCOCN-1445): Reading CAEN_PORTS.SCH.1.1 into drawing #4.
INFO(SPCOCN-1443): PORTS.SCH.1.1 has been previously edited as drawing #3.
INFO(SPCOCN-1001): Component: I128 selected.
INFO(SPCOCN-1001): Component: I128 selected.
INFO(SPCOCN-1001): Component: I128 selected.
INFO(SPCOCN-1854): The drawing PORTS.SCH.1.1
INFO(SPCOCN-578): will be retained as drawing #3.
INFO(SPCOCN-1445): Reading CAEN_PORTS.SCH.1.1 into drawing #4.
INFO(SPCOCN-1443): PORTS.SCH.1.1 has been previously edited as drawing #3.
INFO(SPCOCN-1001): Component: ??? selected.
WARNING(SPCOCN-1200): Using group A
INFO(SPCOCN-1195): Group "A" contains:   9 bodies   161 properties   1 notes   57 wires   12 dots   0 images
WARNING(SPCOCN-939): While copying a group of objects on the schematic, 2 properties were left out because the component to which these properties are attached (property owner) was not selected. Ensure that when copying properties, you always select the component to which the properties are attached.
WARNING(SPCOCN-1200): Using group A
INFO(SPCOCN-1195): Group "A" contains:   4 bodies   43 properties   1 notes   24 wires   4 dots   0 images
WARNING(SPCOCN-939): While copying a group of objects on the schematic, 4 properties were left out because the component to which these properties are attached (property owner) was not selected. Ensure that when copying properties, you always select the component to which the properties are attached.
WARNING(SPCOCN-1200): Using group A
INFO(SPCOCN-1195): Group "A" contains:   4 bodies   38 properties   1 notes   24 wires   4 dots   0 images
WARNING(SPCOCN-1589): You cannot delete the main window.
INFO(SPCOCN-1070): Checking drawing...
INFO(SPCOCN-1028): writing <tubii_lib>PORTS.SCH.1.1:
INFO(SPCOCN-1044): writing binary file...
INFO(SPCOCN-1049): writing ASCII file...
INFO(SPCOCN-1053): writing connectivity file...
INFO(SPCOCN-1054): ...written

CSDirect 16.6-p007 (v16-6-112F)

Netlisting block ports

Processing page 1

INFO(SPCOCN-1640): writing occurrence data...
INFO(SPCOCN-1054): ...written
INFO(SPCOCN-1443): TUBII.SCH.1.1 has been previously edited as drawing #2.
INFO(SPCOCN-1070): Checking drawing...
INFO(SPCOCN-1028): writing <tubii_lib>PORTS.SCH.1.1:
INFO(SPCOCN-1044): writing binary file...
INFO(SPCOCN-1049): writing ASCII file...
INFO(SPCOCN-1053): writing connectivity file...
INFO(SPCOCN-1054): ...written

CSDirect 16.6-p007 (v16-6-112F)

Netlisting block ports

Processing page 1

Following ports were added to the block 'ports' : 
		tune_comp_outh
The connectivity of parent blocks will be updated by saving the following pages:
		Block: tubii	Page: 1

INFO(SPCOCN-1028): writing <tubii_lib>tubii.SCH.1.1:
INFO(SPCOCN-1044): writing binary file...
INFO(SPCOCN-1049): writing ASCII file...
INFO(SPCOCN-1053): writing connectivity file...
INFO(SPCOCN-1054): ...written

CSDirect 16.6-p007 (v16-6-112F)

Netlisting block tubii

Processing page 1

WARNING(SPCOCN-2106): Errors and warnings were found while updating connectivity of pages due to port addition. 
Check the following markers file for errors and warnings:
temp/ports.sch_1.mkr


INFO(SPCOCN-1640): writing occurrence data...
INFO(SPCOCN-1054): ...written
WARNING(SPCOCN-1200): Using group A
INFO(SPCOCN-1195): Group "A" contains:   4 bodies   15 properties   0 notes   5 wires   0 dots   0 images
WARNING(SPCOCN-982): The operation could not be performed because no object on the drawing was selected.
WARNING(SPCOCN-1200): Using group A
WARNING(SPCOCN-1200): Using group A
INFO(SPCOCN-1195): Group "A" contains:   4 bodies   14 properties   0 notes   5 wires   0 dots   0 images
WARNING(SPCOCN-938): While copying a group of objects on the schematic, one property was left out because the component to which the property is attached (property owner) was not selected. Ensure that when copying properties, you always select the component to which the properties are attached.
INFO(SPCOCN-1070): Checking drawing...
INFO(SPCOCN-1028): writing <tubii_lib>PORTS.SCH.1.1:
INFO(SPCOCN-1044): writing binary file...
INFO(SPCOCN-1049): writing ASCII file...
INFO(SPCOCN-1053): writing connectivity file...
INFO(SPCOCN-1054): ...written

CSDirect 16.6-p007 (v16-6-112F)

Netlisting block ports

Processing page 1

No netlisting errors found. 

Following ports were added to the block 'ports' : 
		async_pulse_out
The connectivity of parent blocks will be updated by saving the following pages:
		Block: tubii	Page: 1

INFO(SPCOCN-1028): writing <tubii_lib>tubii.SCH.1.1:
INFO(SPCOCN-1044): writing binary file...
INFO(SPCOCN-1049): writing ASCII file...
INFO(SPCOCN-1053): writing connectivity file...
INFO(SPCOCN-1054): ...written

CSDirect 16.6-p007 (v16-6-112F)

Netlisting block tubii

Processing page 1

INFO(SPCOCN-1640): writing occurrence data...
INFO(SPCOCN-1054): ...written
INFO(SPCOCN-1001): Component: I101 selected.
INFO(SPCOCN-1445): Reading CAEN.SCH.1.1 into drawing #2.
INFO(SPCOCN-1001): Component: I2 selected.
INFO(SPCOCN-1001): Component: I2 selected.
INFO(SPCOCN-1445): Reading CAEN_COMS.SCH.1.1 into drawing #2.
INFO(SPCOCN-1445): Reading CAEN.SCH.1.1 into drawing #2.
INFO(SPCOCN-1001): Component: I2 selected.
WARNING(SPCOCN-2041): Block rename command can be used to rename a block at the time of creation of the block. It cannot update the canonical paths of the objects of a block for which design is already captured. To rename or create a copy of the existing block, use the Copy Project functionality of Project Manager.
WARNING(SPCOCN-958): The block CAEN_COMS might be instantiated elsewhere in the design. Renaming this block might lead to discrepancies in the design. It is recommended that you delete the block.
INFO(SPCOCN-1001): Component: I2 selected.
INFO(SPCOCN-1443): CAEN_CHANNEL_SEL.SYM.1.1 has been previously edited as drawing #7.
INFO(SPCOCN-1070): Checking drawing...
INFO(SPCOCN-1028): writing <tubii_lib>CAEN_CHANNEL_SEL.SYM.1.1:
INFO(SPCOCN-1051): writing body file...
INFO(SPCOCN-1054): ...written
No netlisting errors found. 

INFO(SPCOCN-1640): writing occurrence data...
INFO(SPCOCN-1028): writing <tubii_lib>CAEN_CHANNEL_SEL.SCH.1.1:
INFO(SPCOCN-1044): writing binary file...
INFO(SPCOCN-1049): writing ASCII file...
INFO(SPCOCN-1053): writing connectivity file...
INFO(SPCOCN-1054): ...written

CSDirect 16.6-p007 (v16-6-112F)

Netlisting block caen_channel_sel

Processing page 1

INFO(SPCOCN-1054): ...written
INFO(SPCOCN-1443): CAEN.SCH.1.1 has been previously edited as drawing #2.
INFO(SPCOCN-1001): Component: I2 selected.
INFO(SPCOCN-1854): The drawing CAEN.SCH.1.1
INFO(SPCOCN-578): will be retained as drawing #2.
INFO(SPCOCN-1445): Reading CAEN_CHANNEL_SEL.SCH.1.1 into drawing #6.
INFO(SPCOCN-1443): CAEN.SCH.1.1 has been previously edited as drawing #2.
INFO(SPCOCN-1507): Adding version 1 of part CAEN_COMS from library tubii_lib
INFO(SPCOCN-1070): Checking drawing...
INFO(SPCOCN-1028): writing <tubii_lib>CAEN.SCH.1.1:
INFO(SPCOCN-1044): writing binary file...
INFO(SPCOCN-1049): writing ASCII file...
INFO(SPCOCN-1053): writing connectivity file...
INFO(SPCOCN-1054): ...written

CSDirect 16.6-p007 (v16-6-112F)

Netlisting block caen

Processing page 1

INFO(SPCOCN-1640): writing occurrence data...
INFO(SPCOCN-1054): ...written
INFO(SPCOCN-1001): Component: I1 selected.
INFO(SPCOCN-1445): Reading CAEN_CHAT.SCH.1.1 into drawing #2.
INFO(SPCOCN-1445): Reading CAEN.SCH.1.1 into drawing #2.
INFO(SPCOCN-1001): Component: I1 selected.
INFO(SPCOCN-1001): Component: I1 selected.
INFO(SPCOCN-1001): Component: I1 selected.
INFO(SPCOCN-1001): Component: I1 selected.
INFO(SPCOCN-1445): Reading CAEN_CHAT.SCH.1.1 into drawing #2.
INFO(SPCOCN-1445): Reading CAEN.SCH.1.1 into drawing #2.
INFO(SPCOCN-1445): Reading TUBII.SCH.1.1 into drawing #2.
INFO(SPCOCN-1445): Reading CAEN.SCH.1.1 into drawing #2.
INFO(SPCOCN-1070): Checking drawing...
INFO(SPCOCN-1028): writing <tubii_lib>CAEN.SCH.1.1:
INFO(SPCOCN-1044): writing binary file...
INFO(SPCOCN-1049): writing ASCII file...
INFO(SPCOCN-1053): writing connectivity file...
INFO(SPCOCN-1054): ...written

CSDirect 16.6-p007 (v16-6-112F)

Netlisting block caen

Processing page 1

No netlisting errors found. 

Following ports were added to the block 'caen' : 
		sync24h_lvds
		sync24l_lvds
The connectivity of parent blocks will be updated by saving the following pages:
		Block: tubii	Page: 1

INFO(SPCOCN-1028): writing <tubii_lib>tubii.SCH.1.1:
INFO(SPCOCN-1044): writing binary file...
INFO(SPCOCN-1049): writing ASCII file...
INFO(SPCOCN-1053): writing connectivity file...
INFO(SPCOCN-1054): ...written

CSDirect 16.6-p007 (v16-6-112F)

Netlisting block tubii

Processing page 1

INFO(SPCOCN-1640): writing occurrence data...
INFO(SPCOCN-1054): ...written
INFO(SPCOCN-1001): Component: I3 selected.
INFO(SPCOCN-1445): Reading CAEN_COMS.SCH.1.1 into drawing #2.
INFO(SPCOCN-1070): Checking drawing...
INFO(SPCOCN-1028): writing <tubii_lib>CAEN_COMS.SCH.1.1:
INFO(SPCOCN-1044): writing binary file...
INFO(SPCOCN-1049): writing ASCII file...
INFO(SPCOCN-1053): writing connectivity file...
INFO(SPCOCN-1054): ...written

CSDirect 16.6-p007 (v16-6-112F)

Netlisting block caen_coms

Processing page 1

No netlisting errors found. 

INFO(SPCOCN-1640): writing occurrence data...
INFO(SPCOCN-1054): ...written
INFO(SPCOCN-1854): The drawing PORTS.SCH.1.1
INFO(SPCOCN-578): will be retained as drawing #3.
INFO(SPCOCN-1445): Reading TUBII.SCH.1.1 into drawing #6.
INFO(SPCOCN-1001): Component: I105 selected.
INFO(SPCOCN-1001): Component: I101 selected.
INFO(SPCOCN-1445): Reading CAEN.SCH.1.1 into drawing #6.
INFO(SPCOCN-1001): Component: I3 selected.
INFO(SPCOCN-1070): Checking drawing...
INFO(SPCOCN-1028): writing <tubii_lib>CAEN_COMS.SCH.1.1:
INFO(SPCOCN-1044): writing binary file...
INFO(SPCOCN-1049): writing ASCII file...
INFO(SPCOCN-1053): writing connectivity file...
INFO(SPCOCN-1054): ...written

CSDirect 16.6-p007 (v16-6-112F)

Netlisting block caen_coms

Processing page 1

Following ports were added to the block 'caen_coms' : 
		caen_out
The connectivity of parent blocks will be updated by saving the following pages:
		Block: caen	Page: 1

INFO(SPCOCN-1028): writing <tubii_lib>caen.SCH.1.1:
INFO(SPCOCN-1044): writing binary file...
INFO(SPCOCN-1049): writing ASCII file...
INFO(SPCOCN-1053): writing connectivity file...
INFO(SPCOCN-1054): ...written

CSDirect 16.6-p007 (v16-6-112F)

Netlisting block caen

Processing page 1

No netlisting errors found. 

WARNING(SPCOCN-2106): Errors and warnings were found while updating connectivity of pages due to port addition. 
Check the following markers file for errors and warnings:
temp/caen_coms.sch_1.mkr


INFO(SPCOCN-1640): writing occurrence data...
INFO(SPCOCN-1054): ...written
INFO(SPCOCN-1070): Checking drawing...
INFO(SPCOCN-1028): writing <tubii_lib>CAEN_COMS.SYM.1.1:
INFO(SPCOCN-1051): writing body file...
INFO(SPCOCN-1054): ...written
No netlisting errors found. 

INFO(SPCOCN-1070): Checking drawing...
INFO(SPCOCN-1028): writing <tubii_lib>CAEN.SCH.1.1:
INFO(SPCOCN-1044): writing binary file...
INFO(SPCOCN-1049): writing ASCII file...
INFO(SPCOCN-1053): writing connectivity file...
INFO(SPCOCN-1054): ...written

CSDirect 16.6-p007 (v16-6-112F)

Netlisting block caen

Processing page 1

No netlisting errors found. 

INFO(SPCOCN-1640): writing occurrence data...
INFO(SPCOCN-1054): ...written
INFO(SPCOCN-1070): Checking drawing...
INFO(SPCOCN-1028): writing <tubii_lib>CAEN_COMS.SCH.1.1:
INFO(SPCOCN-1044): writing binary file...
INFO(SPCOCN-1049): writing ASCII file...
INFO(SPCOCN-1053): writing connectivity file...
INFO(SPCOCN-1054): ...written

CSDirect 16.6-p007 (v16-6-112F)

Netlisting block caen_coms

Processing page 1

No netlisting errors found. 

INFO(SPCOCN-1640): writing occurrence data...
INFO(SPCOCN-1054): ...written
INFO(SPCOCN-1443): CAEN.SCH.1.1 has been previously edited as drawing #6.
INFO(SPCOCN-1070): Checking drawing...
INFO(SPCOCN-1028): writing <tubii_lib>CAEN.SCH.1.1:
INFO(SPCOCN-1044): writing binary file...
INFO(SPCOCN-1049): writing ASCII file...
INFO(SPCOCN-1053): writing connectivity file...
INFO(SPCOCN-1054): ...written

CSDirect 16.6-p007 (v16-6-112F)

Netlisting block caen

Processing page 1

Following ports were added to the block 'caen' : 
		caen_out
The connectivity of parent blocks will be updated by saving the following pages:
		Block: tubii	Page: 1

INFO(SPCOCN-1028): writing <tubii_lib>tubii.SCH.1.1:
INFO(SPCOCN-1044): writing binary file...
INFO(SPCOCN-1049): writing ASCII file...
INFO(SPCOCN-1053): writing connectivity file...
INFO(SPCOCN-1054): ...written

CSDirect 16.6-p007 (v16-6-112F)

Netlisting block tubii

Processing page 1

WARNING(SPCOCN-2106): Errors and warnings were found while updating connectivity of pages due to port addition. 
Check the following markers file for errors and warnings:
temp/caen.sch_1.mkr


INFO(SPCOCN-1640): writing occurrence data...
INFO(SPCOCN-1054): ...written
INFO(SPCOCN-1445): Reading TUBII.SCH.1.1 into drawing #6.
INFO(SPCOCN-1001): Component: I101 selected.
WARNING(SPCOCN-964): The block pin could not be renamed because you clicked on an area that lies outside of the block. Ensure that you click only on the pin that needs to be renamed.
INFO(SPCOCN-1001): Component: I104 selected.
INFO(SPCOCN-1001): Component: I104 selected.
INFO(SPCOCN-1443): PORTS.SCH.1.1 has been previously edited as drawing #3.
INFO(SPCOCN-1507): Adding version 1 of part 8 MERGE from library standard
INFO(SPCOCN-1000): Pin: I132.B selected.
INFO(SPCOCN-1507): Adding version 1 of part TESTPOINT_L from library misc
INFO(SPCOCN-1507): Adding version 1 of part TESTPOINT_L from library misc
INFO(SPCOCN-1507): Adding version 1 of part TESTPOINT_L from library misc
INFO(SPCOCN-1507): Adding version 1 of part TESTPOINT_L from library misc
INFO(SPCOCN-1507): Adding version 1 of part TESTPOINT_L from library misc
INFO(SPCOCN-1507): Adding version 1 of part TESTPOINT_L from library misc
INFO(SPCOCN-1507): Adding version 1 of part TESTPOINT_L from library misc
INFO(SPCOCN-1507): Adding version 1 of part TESTPOINT_L from library misc
INFO(SPCOCN-1507): Adding version 1 of part TESTPOINT_L from library misc
INFO(SPCOCN-1507): Adding version 1 of part TESTPOINT_L from library misc
INFO(SPCOCN-1070): Checking drawing...
INFO(SPCOCN-1024): Drawing not written.
INFO(SPCOCN-1001): Component: I133 selected.
WARNING(SPCOCN-1200): Using group A
INFO(SPCOCN-1195): Group "A" contains:   9 bodies   35 properties   0 notes   9 wires   0 dots   0 images
INFO(SPCOCN-1070): Checking drawing...
INFO(SPCOCN-1028): writing <tubii_lib>PORTS.SCH.1.1:
INFO(SPCOCN-1044): writing binary file...
INFO(SPCOCN-1049): writing ASCII file...
INFO(SPCOCN-1053): writing connectivity file...
INFO(SPCOCN-1054): ...written

CSDirect 16.6-p007 (v16-6-112F)

Netlisting block ports

Processing page 1

Following ports were added to the block 'ports' : 
		caen_out
The connectivity of parent blocks will be updated by saving the following pages:
		Block: tubii	Page: 1

INFO(SPCOCN-1028): writing <tubii_lib>tubii.SCH.1.1:
INFO(SPCOCN-1044): writing binary file...
INFO(SPCOCN-1049): writing ASCII file...
INFO(SPCOCN-1053): writing connectivity file...
INFO(SPCOCN-1054): ...written

CSDirect 16.6-p007 (v16-6-112F)

Netlisting block tubii

Processing page 1

WARNING(SPCOCN-2106): Errors and warnings were found while updating connectivity of pages due to port addition. 
Check the following markers file for errors and warnings:
temp/ports.sch_1.mkr


INFO(SPCOCN-1640): writing occurrence data...
INFO(SPCOCN-1054): ...written
INFO(SPCOCN-1445): Reading TUBII.SCH.1.1 into drawing #3.
INFO(SPCOCN-1001): Component: I101 selected.
INFO(SPCOCN-1445): Reading CAEN.SCH.1.1 into drawing #3.
INFO(SPCOCN-1001): Component: I3 selected.
INFO(SPCOCN-1445): Reading CAEN_COMS.SCH.1.1 into drawing #3.
INFO(SPCOCN-1070): Checking drawing...
INFO(SPCOCN-1028): writing <tubii_lib>CAEN_COMS.SCH.1.1:
INFO(SPCOCN-1044): writing binary file...
INFO(SPCOCN-1049): writing ASCII file...
INFO(SPCOCN-1053): writing connectivity file...
INFO(SPCOCN-1054): ...written

CSDirect 16.6-p007 (v16-6-112F)

Netlisting block caen_coms

Processing page 1

Following ports were added to the block 'caen_coms' : 
		scope_out
The connectivity of parent blocks will be updated by saving the following pages:
		Block: caen	Page: 1

INFO(SPCOCN-1028): writing <tubii_lib>caen.SCH.1.1:
INFO(SPCOCN-1044): writing binary file...
INFO(SPCOCN-1049): writing ASCII file...
INFO(SPCOCN-1053): writing connectivity file...
INFO(SPCOCN-1054): ...written

CSDirect 16.6-p007 (v16-6-112F)

Netlisting block caen

Processing page 1

WARNING(SPCOCN-2106): Errors and warnings were found while updating connectivity of pages due to port addition. 
Check the following markers file for errors and warnings:
temp/caen_coms.sch_1.mkr


INFO(SPCOCN-1640): writing occurrence data...
INFO(SPCOCN-1054): ...written
INFO(SPCOCN-1445): Reading CAEN.SCH.1.1 into drawing #3.
INFO(SPCOCN-1070): Checking drawing...
INFO(SPCOCN-1028): writing <tubii_lib>CAEN_COMS.SYM.1.1:
INFO(SPCOCN-1051): writing body file...
INFO(SPCOCN-1054): ...written
No netlisting errors found. 

INFO(SPCOCN-1070): Checking drawing...
INFO(SPCOCN-1028): writing <tubii_lib>CAEN.SCH.1.1:
INFO(SPCOCN-1044): writing binary file...
INFO(SPCOCN-1049): writing ASCII file...
INFO(SPCOCN-1053): writing connectivity file...
INFO(SPCOCN-1054): ...written

CSDirect 16.6-p007 (v16-6-112F)

Netlisting block caen

Processing page 1

Following ports were added to the block 'caen' : 
		scope_out
The connectivity of parent blocks will be updated by saving the following pages:
		Block: tubii	Page: 1

INFO(SPCOCN-1028): writing <tubii_lib>tubii.SCH.1.1:
INFO(SPCOCN-1044): writing binary file...
INFO(SPCOCN-1049): writing ASCII file...
INFO(SPCOCN-1053): writing connectivity file...
INFO(SPCOCN-1054): ...written

CSDirect 16.6-p007 (v16-6-112F)

Netlisting block tubii

Processing page 1

WARNING(SPCOCN-2106): Errors and warnings were found while updating connectivity of pages due to port addition. 
Check the following markers file for errors and warnings:
temp/caen.sch_1.mkr


INFO(SPCOCN-1640): writing occurrence data...
INFO(SPCOCN-1054): ...written
INFO(SPCOCN-1445): Reading TUBII.SCH.1.1 into drawing #3.
INFO(SPCOCN-1070): Checking drawing...
INFO(SPCOCN-1028): writing <tubii_lib>PORTS.SYM.1.1:
INFO(SPCOCN-1051): writing body file...
INFO(SPCOCN-1054): ...written
WARNING(SPCOCN-1080): Block 'PORTS' Errors/Warnings found during save operation.  Load the following marker file:temp/ports.mkr.
INFO(SPCOCN-1028): writing <tubii_lib>CAEN.SYM.1.1:
INFO(SPCOCN-1051): writing body file...
INFO(SPCOCN-1054): ...written
No netlisting errors found. 

WARNING(SPCOCN-1080): Block 'MICROZEDCONNECTION' Errors/Warnings found during save operation.  Load the following marker file:temp/microzedconnection.mkr.
INFO(SPCOCN-1028): writing <tubii_lib>TUBII.SCH.1.1:
INFO(SPCOCN-1044): writing binary file...
INFO(SPCOCN-1049): writing ASCII file...
INFO(SPCOCN-1053): writing connectivity file...
INFO(SPCOCN-1054): ...written

CSDirect 16.6-p007 (v16-6-112F)

Netlisting block tubii

Processing page 1

INFO(SPCOCN-1640): writing occurrence data...
INFO(SPCOCN-1054): ...written
INFO(SPCOCN-1070): Checking drawing...
INFO(SPCOCN-1024): Drawing not written.
INFO(SPCOCN-1070): Checking drawing...
WARNING(SPCOCN-1080): Block 'PORTS' Errors/Warnings found during save operation.  Load the following marker file:temp/ports.mkr.
WARNING(SPCOCN-1080): Block 'MICROZEDCONNECTION' Errors/Warnings found during save operation.  Load the following marker file:temp/microzedconnection.mkr.
INFO(SPCOCN-1028): writing <tubii_lib>TUBII.SCH.1.1:
INFO(SPCOCN-1044): writing binary file...
INFO(SPCOCN-1049): writing ASCII file...
INFO(SPCOCN-1053): writing connectivity file...
INFO(SPCOCN-1054): ...written

CSDirect 16.6-p007 (v16-6-112F)

Netlisting block tubii

Processing page 1

INFO(SPCOCN-1640): writing occurrence data...
INFO(SPCOCN-1054): ...written
INFO(SPCOCN-1001): Component: I104 selected.
INFO(SPCOCN-1445): Reading PORTS.SCH.1.1 into drawing #3.
WARNING(SPCOCN-1200): Using group A
INFO(SPCOCN-1195): Group "A" contains:   9 bodies   31 properties   0 notes   9 wires   0 dots   0 images
WARNING(SPCOCN-982): The operation could not be performed because no object on the drawing was selected.
INFO(SPCOCN-1070): Checking drawing...
INFO(SPCOCN-1028): writing <tubii_lib>PORTS.SCH.1.1:
INFO(SPCOCN-1044): writing binary file...
INFO(SPCOCN-1049): writing ASCII file...
INFO(SPCOCN-1053): writing connectivity file...
INFO(SPCOCN-1054): ...written

CSDirect 16.6-p007 (v16-6-112F)

Netlisting block ports

Processing page 1

INFO(SPCOCN-1640): writing occurrence data...
INFO(SPCOCN-1054): ...written
INFO(SPCOCN-1445): Reading PORTS.SCH.1.1 into drawing #3.
INFO(SPCOCN-1445): Reading PORTS.SCH.1.1 into drawing #3.
INFO(SPCOCN-1445): Reading TUBII.SCH.1.1 into drawing #3.
INFO(SPCOCN-1445): Reading PORTS.SCH.1.1 into drawing #3.
INFO(SPCOCN-1445): Reading PORTS.SCH.1.1 into drawing #3.
INFO(SPCOCN-1445): Reading PORTS.SCH.1.1 into drawing #3.
INFO(SPCOCN-1445): Reading TUBII.SCH.1.1 into drawing #3.
INFO(SPCOCN-1001): Component: I65 selected.
INFO(SPCOCN-1445): Reading BASE_MON.SCH.1.1 into drawing #3.
INFO(SPCOCN-1445): Reading TUBII.SCH.1.1 into drawing #3.
INFO(SPCOCN-1001): Component: I103 selected.
INFO(SPCOCN-1445): Reading GENERIC_UTILITIES.SCH.1.1 into drawing #3.
INFO(SPCOCN-1445): Reading TUBII.SCH.1.1 into drawing #3.
INFO(SPCOCN-1001): Component: I106 selected.
INFO(SPCOCN-1001): Component: I106 selected.
INFO(SPCOCN-1445): Reading PORTS2.SCH.1.1 into drawing #3.
INFO(SPCOCN-1001): Component: I20 selected.
INFO(SPCOCN-1445): Reading LATCHEXTTRIG.SCH.1.1 into drawing #3.
INFO(SPCOCN-1445): Reading PORTS2.SCH.1.1 into drawing #3.
INFO(SPCOCN-1445): Reading TUBII.SCH.1.1 into drawing #3.
INFO(SPCOCN-1001): Component: I99 selected.
INFO(SPCOCN-1445): Reading CLOCKS.SCH.1.1 into drawing #3.
INFO(SPCOCN-1445): Reading TUBII.SCH.1.1 into drawing #3.
INFO(SPCOCN-1001): Component: I98 selected.
INFO(SPCOCN-1854): The drawing TUBII.SCH.1.1
INFO(SPCOCN-578): will be retained as drawing #3.
INFO(SPCOCN-1445): Reading ELLIE.SCH.1.1 into drawing #2.
INFO(SPCOCN-1001): Component: I1 selected.
INFO(SPCOCN-1001): Component: I1 selected.
INFO(SPCOCN-1001): Component: I1 selected.
INFO(SPCOCN-1001): Component: I1 selected.
INFO(SPCOCN-1001): Component: I1 selected.
INFO(SPCOCN-1445): Reading ELLIE_TALK.SCH.1.1 into drawing #2.
INFO(SPCOCN-1445): Reading ELLIE.SCH.1.1 into drawing #2.
INFO(SPCOCN-1443): TUBII.SCH.1.1 has been previously edited as drawing #3.
INFO(SPCOCN-1001): Component: I106 selected.
INFO(SPCOCN-1854): The drawing TUBII.SCH.1.1
INFO(SPCOCN-578): will be retained as drawing #3.
INFO(SPCOCN-1445): Reading PORTS2.SCH.1.1 into drawing #6.
WARNING(SPCOCN-982): The operation could not be performed because no object on the drawing was selected.
INFO(SPCOCN-1070): Checking drawing...
INFO(SPCOCN-1028): writing <tubii_lib>PORTS2.SCH.1.1:
INFO(SPCOCN-1044): writing binary file...
INFO(SPCOCN-1049): writing ASCII file...
INFO(SPCOCN-1053): writing connectivity file...
INFO(SPCOCN-1054): ...written

CSDirect 16.6-p007 (v16-6-112F)

Netlisting block ports2

Processing page 1

Following ports were added to the block 'ports2' : 
		smellie_delay_in
		smellie_delay_out
		smellie_pulse_out
		tellie_delay_in
		tellie_delay_out
		tellie_pulse_out
The connectivity of parent blocks will be updated by saving the following pages:
		Block: tubii	Page: 1

INFO(SPCOCN-1028): writing <tubii_lib>tubii.SCH.1.1:
INFO(SPCOCN-1044): writing binary file...
INFO(SPCOCN-1049): writing ASCII file...
INFO(SPCOCN-1053): writing connectivity file...
INFO(SPCOCN-1054): ...written

CSDirect 16.6-p007 (v16-6-112F)

Netlisting block tubii

Processing page 1

WARNING(SPCOCN-2106): Errors and warnings were found while updating connectivity of pages due to port addition. 
Check the following markers file for errors and warnings:
temp/ports2.sch_1.mkr


INFO(SPCOCN-1640): writing occurrence data...
INFO(SPCOCN-1054): ...written
INFO(SPCOCN-1445): Reading TUBII.SCH.1.1 into drawing #6.
WARNING(SPCOCN-982): The operation could not be performed because no object on the drawing was selected.
select 
WARNING(SPCOCN-1200): Using group A
WARNING(SPCOCN-1196): Group  "A" is empty.
; 
INFO(SPCOCN-1001): Component: I104 selected.
INFO(SPCOCN-1001): Component: I104 selected.
INFO(SPCOCN-1854): The drawing TUBII.SCH.1.1
INFO(SPCOCN-578): will be retained as drawing #6.
INFO(SPCOCN-1445): Reading PORTS.SCH.1.1 into drawing #7.
INFO(SPCOCN-1443): TUBII.SCH.1.1 has been previously edited as drawing #6.
INFO(SPCOCN-1001): Component: I104 selected.
INFO(SPCOCN-1854): The drawing TUBII.SCH.1.1
INFO(SPCOCN-578): will be retained as drawing #6.
INFO(SPCOCN-1445): Reading PORTS.SCH.1.1 into drawing #7.
INFO(SPCOCN-1443): TUBII.SCH.1.1 has been previously edited as drawing #6.
INFO(SPCOCN-1854): The drawing TUBII.SCH.1.1
INFO(SPCOCN-578): will be retained as drawing #6.
INFO(SPCOCN-1445): Reading POWERS.SCH.1.1 into drawing #7.
INFO(SPCOCN-1445): Reading MICROZEDCONNECTION.SCH.1.1 into drawing #7.
WARNING(SPCOCN-515): Design Name: <tubii_lib>MICROZEDCONNECTION.SCH.1.1


All the required libraries are not included in the cds.lib file. Make sure your project setup has all the necessary libraries. Exit Design Entry HDL and add the required libraries to the project using the Project Setup utility of Project Manager. The parts missing from the available libraries are: 
   PATCH_PROBE.SYM.1.1
INFO(SPCOCN-1445): Reading BASE_MON.SCH.1.1 into drawing #7.
INFO(SPCOCN-1854): The drawing BASE_MON.SCH.1.1
INFO(SPCOCN-578): will be retained as drawing #7.
INFO(SPCOCN-1445): Reading ECAL_CONTROL.SCH.1.1 into drawing #8.
INFO(SPCOCN-1070): Checking drawing...
INFO(SPCOCN-1028): writing <tubii_lib>ECAL_CONTROL.SCH.1.1:
INFO(SPCOCN-1044): writing binary file...
INFO(SPCOCN-1049): writing ASCII file...
INFO(SPCOCN-1053): writing connectivity file...
INFO(SPCOCN-1054): ...written

CSDirect 16.6-p007 (v16-6-112F)

Netlisting block ecal_control

Processing page 1

No netlisting errors found. 

INFO(SPCOCN-1640): writing occurrence data...
INFO(SPCOCN-1054): ...written
INFO(SPCOCN-1445): Reading ELLIE.SCH.1.1 into drawing #8.
INFO(SPCOCN-1445): Reading ELLIE_TALK.SCH.1.1 into drawing #8.
INFO(SPCOCN-1445): Reading CLOCKS.SCH.1.1 into drawing #8.
INFO(SPCOCN-1001): Component: I1 selected.
INFO(SPCOCN-1445): Reading TUBII_TIME.SCH.1.1 into drawing #8.
INFO(SPCOCN-1445): Reading GT_DELAYS.SCH.1.1 into drawing #8.
INFO(SPCOCN-1445): Reading TUBII_CLKS.SCH.1.1 into drawing #8.
INFO(SPCOCN-1445): Reading GT_DELAYS.SCH.1.1 into drawing #8.
INFO(SPCOCN-1854): The drawing GT_DELAYS.SCH.1.1
INFO(SPCOCN-578): will be retained as drawing #8.
INFO(SPCOCN-1445): Reading SELECT_LO_SRC.SCH.1.1 into drawing #9.
INFO(SPCOCN-1854): The drawing SELECT_LO_SRC.SCH.1.1
INFO(SPCOCN-578): will be retained as drawing #9.
INFO(SPCOCN-1445): Reading ASYNCDELAYS.SCH.1.1 into drawing #10.
INFO(SPCOCN-1445): Reading LED_PULSE.SCH.1.1 into drawing #10.
INFO(SPCOCN-1445): Reading CAEN.SCH.1.1 into drawing #10.
INFO(SPCOCN-1445): Reading CAEN_CHAT.SCH.1.1 into drawing #10.
INFO(SPCOCN-1445): Reading CAEN_COMS.SCH.1.1 into drawing #10.
INFO(SPCOCN-1443): CAEN_BUFFER.SCH.1.1 has been previously edited as drawing #1.
ERROR(SPCOCN-2050): The replicated block's drawing CAEN_BUFFER.SCH.1.1 has been modified since the last save operation. Please save it before moving out of drawing. Otherwise changes may be lost.
INFO(SPCOCN-1070): Checking drawing...
INFO(SPCOCN-1028): writing <tubii_lib>CAEN_BUFFER.SCH.1.1:
INFO(SPCOCN-1044): writing binary file...
INFO(SPCOCN-1049): writing ASCII file...
INFO(SPCOCN-1053): writing connectivity file...
INFO(SPCOCN-1054): ...written

CSDirect 16.6-p007 (v16-6-112F)

Netlisting block caen_buffer

Processing page 1

No netlisting errors found. 

INFO(SPCOCN-1640): writing occurrence data...
INFO(SPCOCN-1054): ...written
INFO(SPCOCN-1445): Reading COMPARATORS.SCH.1.1 into drawing #1.
INFO(SPCOCN-1445): Reading FASTCOMP.SCH.1.1 into drawing #1.
INFO(SPCOCN-1070): Checking drawing...
INFO(SPCOCN-1028): writing <tubii_lib>FASTCOMP.SCH.1.1:
INFO(SPCOCN-1044): writing binary file...
INFO(SPCOCN-1049): writing ASCII file...
INFO(SPCOCN-1053): writing connectivity file...
INFO(SPCOCN-1054): ...written

CSDirect 16.6-p007 (v16-6-112F)

Netlisting block fastcomp

Processing page 1

No netlisting errors found. 

INFO(SPCOCN-1640): writing occurrence data...
INFO(SPCOCN-1054): ...written
WARNING(SPCOCN-982): The operation could not be performed because no object on the drawing was selected.
INFO(SPCOCN-1070): Checking drawing...
INFO(SPCOCN-1028): writing <tubii_lib>FASTCOMP.SCH.1.1:
INFO(SPCOCN-1044): writing binary file...
INFO(SPCOCN-1049): writing ASCII file...
INFO(SPCOCN-1053): writing connectivity file...
INFO(SPCOCN-1054): ...written

CSDirect 16.6-p007 (v16-6-112F)

Netlisting block fastcomp

Processing page 1

No netlisting errors found. 

INFO(SPCOCN-1640): writing occurrence data...
INFO(SPCOCN-1054): ...written
INFO(SPCOCN-1445): Reading COMPARATORS.SCH.1.1 into drawing #1.
INFO(SPCOCN-1001): Component: I1 selected.
INFO(SPCOCN-1445): Reading FASTCOMP.SCH.1.1 into drawing #1.
INFO(SPCOCN-1445): Reading TUNCOMP.SCH.1.1 into drawing #1.
INFO(SPCOCN-999): Signal: LE selected.
WARNING(SPCOCN-982): The operation could not be performed because no object on the drawing was selected.
WARNING(SPCOCN-982): The operation could not be performed because no object on the drawing was selected.
INFO(SPCOCN-1070): Checking drawing...
INFO(SPCOCN-1028): writing <tubii_lib>TUNCOMP.SCH.1.1:
INFO(SPCOCN-1044): writing binary file...
INFO(SPCOCN-1049): writing ASCII file...
INFO(SPCOCN-1053): writing connectivity file...
INFO(SPCOCN-1054): ...written

CSDirect 16.6-p007 (v16-6-112F)

Netlisting block tuncomp

Processing page 1

No netlisting errors found. 

INFO(SPCOCN-1640): writing occurrence data...
INFO(SPCOCN-1054): ...written
INFO(SPCOCN-1445): Reading POWERS.SCH.1.1 into drawing #1.
INFO(SPCOCN-1445): Reading TUNCOMP.SCH.1.1 into drawing #1.
INFO(SPCOCN-1070): Checking drawing...
INFO(SPCOCN-1028): writing <tubii_lib>TUNCOMP.SCH.1.1:
INFO(SPCOCN-1044): writing binary file...
INFO(SPCOCN-1049): writing ASCII file...
INFO(SPCOCN-1053): writing connectivity file...
INFO(SPCOCN-1054): ...written

CSDirect 16.6-p007 (v16-6-112F)

Netlisting block tuncomp

Processing page 1

No netlisting errors found. 

INFO(SPCOCN-1640): writing occurrence data...
INFO(SPCOCN-1054): ...written
INFO(SPCOCN-1445): Reading COMPARATORS.SCH.1.1 into drawing #1.
INFO(SPCOCN-1445): Reading FASTCOMP.SCH.1.1 into drawing #1.
INFO(SPCOCN-1445): Reading TUNCOMP.SCH.1.1 into drawing #1.
INFO(SPCOCN-1445): Reading GENERIC_UTILITIES.SCH.1.1 into drawing #1.
INFO(SPCOCN-1445): Reading GENERIC_PULSE.SCH.1.1 into drawing #1.
INFO(SPCOCN-1854): The drawing GENERIC_PULSE.SCH.1.1
INFO(SPCOCN-578): will be retained as drawing #1.
INFO(SPCOCN-1445): Reading GENERIC_DELAYS.SCH.1.1 into drawing #10.
INFO(SPCOCN-1854): The drawing GENERIC_DELAYS.SCH.1.1
INFO(SPCOCN-578): will be retained as drawing #10.
INFO(SPCOCN-1445): Reading RIBBONDELAY.SCH.1.1 into drawing #11.
INFO(SPCOCN-1445): Reading PULSE_INVERTER.SCH.1.1 into drawing #11.
INFO(SPCOCN-1507): Adding version 1 of part TESTPOINT_L from library misc
INFO(SPCOCN-1507): Adding version 1 of part TESTPOINT_L from library misc
ERROR(SPCOCN-2044): Unable to add design generic_utilities because adding a parent design to a design is not supported.
INFO(SPCOCN-1507): Adding version 1 of part GND from library misc
INFO(SPCOCN-1507): Adding version 1 of part GND from library misc
INFO(SPCOCN-1070): Checking drawing...
INFO(SPCOCN-1028): writing <tubii_lib>PULSE_INVERTER.SCH.1.1:
INFO(SPCOCN-1044): writing binary file...
INFO(SPCOCN-1049): writing ASCII file...
INFO(SPCOCN-1053): writing connectivity file...
INFO(SPCOCN-1054): ...written

CSDirect 16.6-p007 (v16-6-112F)

Netlisting block pulse_inverter

Processing page 1

No netlisting errors found. 

INFO(SPCOCN-1640): writing occurrence data...
INFO(SPCOCN-1054): ...written
INFO(SPCOCN-1070): Checking drawing...
INFO(SPCOCN-1028): writing <tubii_lib>PULSE_INVERTER.SCH.1.1:
INFO(SPCOCN-1044): writing binary file...
INFO(SPCOCN-1049): writing ASCII file...
INFO(SPCOCN-1053): writing connectivity file...
INFO(SPCOCN-1054): ...written

CSDirect 16.6-p007 (v16-6-112F)

Netlisting block pulse_inverter

Processing page 1

No netlisting errors found. 

INFO(SPCOCN-1640): writing occurrence data...
INFO(SPCOCN-1054): ...written
INFO(SPCOCN-1445): Reading RIBBONDELAY.SCH.1.1 into drawing #11.
INFO(SPCOCN-1445): Reading PULSE_SCALER.SCH.1.1 into drawing #11.
INFO(SPCOCN-1854): The drawing PULSE_SCALER.SCH.1.1
INFO(SPCOCN-578): will be retained as drawing #11.
INFO(SPCOCN-1445): Reading PORTS.SCH.1.1 into drawing #12.
INFO(SPCOCN-1445): Reading NIM-ECL.SCH.1.1 into drawing #12.
INFO(SPCOCN-1070): Checking drawing...
INFO(SPCOCN-1028): writing <tubii_lib>NIM-ECL.SCH.1.1:
INFO(SPCOCN-1044): writing binary file...
INFO(SPCOCN-1049): writing ASCII file...
INFO(SPCOCN-1053): writing connectivity file...
INFO(SPCOCN-1054): ...written

CSDirect 16.6-p007 (v16-6-112F)

Netlisting block nim-ecl

Processing page 1

No netlisting errors found. 

INFO(SPCOCN-1640): writing occurrence data...
INFO(SPCOCN-1054): ...written
INFO(SPCOCN-1445): Reading LVDS-ECL.SCH.1.1 into drawing #12.
INFO(SPCOCN-1070): Checking drawing...
INFO(SPCOCN-1028): writing <tubii_lib>LVDS-ECL.SCH.1.1:
INFO(SPCOCN-1044): writing binary file...
INFO(SPCOCN-1049): writing ASCII file...
INFO(SPCOCN-1053): writing connectivity file...
INFO(SPCOCN-1054): ...written

CSDirect 16.6-p007 (v16-6-112F)

Netlisting block lvds-ecl

Processing page 1

INFO(SPCOCN-1640): writing occurrence data...
INFO(SPCOCN-1054): ...written
INFO(SPCOCN-1445): Reading PORTS.SCH.1.1 into drawing #12.
INFO(SPCOCN-1445): Reading LVDS-ECL.SCH.1.1 into drawing #12.
INFO(SPCOCN-1445): Reading PORTS.SCH.1.1 into drawing #12.
INFO(SPCOCN-1445): Reading LVDS-ECL.SCH.1.1 into drawing #12.
INFO(SPCOCN-1070): Checking drawing...
INFO(SPCOCN-1028): writing <tubii_lib>LVDS-ECL.SCH.1.1:
INFO(SPCOCN-1044): writing binary file...
INFO(SPCOCN-1049): writing ASCII file...
INFO(SPCOCN-1053): writing connectivity file...
INFO(SPCOCN-1054): ...written

CSDirect 16.6-p007 (v16-6-112F)

Netlisting block lvds-ecl

Processing page 1

No netlisting errors found. 

Following ports were added to the block 'lvds-ecl' : 
		lvdsl_in
The connectivity of parent blocks will be updated by saving the following pages:
		Block: ports	Page: 1

INFO(SPCOCN-1028): writing <tubii_lib>ports.SCH.1.1:
INFO(SPCOCN-1044): writing binary file...
INFO(SPCOCN-1049): writing ASCII file...
INFO(SPCOCN-1053): writing connectivity file...
INFO(SPCOCN-1054): ...written

CSDirect 16.6-p007 (v16-6-112F)

Netlisting block ports

Processing page 1

INFO(SPCOCN-1640): writing occurrence data...
INFO(SPCOCN-1054): ...written
INFO(SPCOCN-1445): Reading ECL-LVDS.SCH.1.1 into drawing #12.
INFO(SPCOCN-1070): Checking drawing...
INFO(SPCOCN-1028): writing <tubii_lib>ECL-LVDS.SCH.1.1:
INFO(SPCOCN-1044): writing binary file...
INFO(SPCOCN-1049): writing ASCII file...
INFO(SPCOCN-1053): writing connectivity file...
INFO(SPCOCN-1054): ...written

CSDirect 16.6-p007 (v16-6-112F)

Netlisting block ecl-lvds

Processing page 1

No netlisting errors found. 

INFO(SPCOCN-1640): writing occurrence data...
INFO(SPCOCN-1054): ...written
INFO(SPCOCN-1445): Reading ECL-NIM.SCH.1.1 into drawing #12.
No note or property selected.

INFO(SPCOCN-1070): Checking drawing...
INFO(SPCOCN-1028): writing <tubii_lib>ECL-NIM.SCH.1.1:
INFO(SPCOCN-1044): writing binary file...
INFO(SPCOCN-1049): writing ASCII file...
INFO(SPCOCN-1053): writing connectivity file...
INFO(SPCOCN-1054): ...written

CSDirect 16.6-p007 (v16-6-112F)

Netlisting block ecl-nim

Processing page 1

No netlisting errors found. 

INFO(SPCOCN-1640): writing occurrence data...
INFO(SPCOCN-1054): ...written
INFO(SPCOCN-1445): Reading TTL-ECL.SCH.1.1 into drawing #12.
INFO(SPCOCN-1070): Checking drawing...
INFO(SPCOCN-1028): writing <tubii_lib>TTL-ECL.SCH.1.1:
INFO(SPCOCN-1044): writing binary file...
INFO(SPCOCN-1049): writing ASCII file...
INFO(SPCOCN-1053): writing connectivity file...
INFO(SPCOCN-1054): ...written

CSDirect 16.6-p007 (v16-6-112F)

Netlisting block ttl-ecl

Processing page 1

No netlisting errors found. 

INFO(SPCOCN-1640): writing occurrence data...
INFO(SPCOCN-1054): ...written
INFO(SPCOCN-1445): Reading ECL-TTL.SCH.1.1 into drawing #12.
INFO(SPCOCN-1070): Checking drawing...
INFO(SPCOCN-1028): writing <tubii_lib>ECL-TTL.SCH.1.1:
INFO(SPCOCN-1044): writing binary file...
INFO(SPCOCN-1049): writing ASCII file...
INFO(SPCOCN-1053): writing connectivity file...
INFO(SPCOCN-1054): ...written

CSDirect 16.6-p007 (v16-6-112F)

Netlisting block ecl-ttl

Processing page 1

No netlisting errors found. 

INFO(SPCOCN-1640): writing occurrence data...
INFO(SPCOCN-1054): ...written
INFO(SPCOCN-1445): Reading CNTRL_REGISTER.SCH.1.1 into drawing #12.
INFO(SPCOCN-1445): Reading PORTS2.SCH.1.1 into drawing #12.
No note or property selected.

INFO(SPCOCN-1070): Checking drawing...
INFO(SPCOCN-1028): writing <tubii_lib>PORTS2.SCH.1.1:
INFO(SPCOCN-1044): writing binary file...
INFO(SPCOCN-1049): writing ASCII file...
INFO(SPCOCN-1053): writing connectivity file...
INFO(SPCOCN-1054): ...written

CSDirect 16.6-p007 (v16-6-112F)

Netlisting block ports2

Processing page 1

INFO(SPCOCN-1640): writing occurrence data...
INFO(SPCOCN-1054): ...written
INFO(SPCOCN-1445): Reading CNTRL_REGISTER.SCH.1.1 into drawing #12.
INFO(SPCOCN-1445): Reading ECL-TTL.SCH.1.1 into drawing #12.
INFO(SPCOCN-1445): Reading CNTRL_REGISTER.SCH.1.1 into drawing #12.
INFO(SPCOCN-1445): Reading PORTS2.SCH.1.1 into drawing #12.
INFO(SPCOCN-1443): TUBII.SCH.1.1 has been previously edited as drawing #6.
INFO(SPCOCN-1854): The drawing TUBII.SCH.1.1
INFO(SPCOCN-578): will be retained as drawing #6.
INFO(SPCOCN-1445): Reading PORTS2.SCH.1.1 into drawing #12.
INFO(SPCOCN-1070): Checking drawing...
INFO(SPCOCN-1028): writing <tubii_lib>PORTS2.SCH.1.1:
INFO(SPCOCN-1044): writing binary file...
INFO(SPCOCN-1049): writing ASCII file...
INFO(SPCOCN-1053): writing connectivity file...
INFO(SPCOCN-1054): ...written

CSDirect 16.6-p007 (v16-6-112F)

Netlisting block ports2

Processing page 1

Following ports were added to the block 'ports2' : 
		burst_trig
The connectivity of parent blocks will be updated by saving the following pages:
		Block: tubii	Page: 1

INFO(SPCOCN-1028): writing <tubii_lib>tubii.SCH.1.1:
INFO(SPCOCN-1044): writing binary file...
INFO(SPCOCN-1049): writing ASCII file...
INFO(SPCOCN-1053): writing connectivity file...
INFO(SPCOCN-1054): ...written

CSDirect 16.6-p007 (v16-6-112F)

Netlisting block tubii

Processing page 1

WARNING(SPCOCN-2106): Errors and warnings were found while updating connectivity of pages due to port addition. 
Check the following markers file for errors and warnings:
temp/ports2.sch_1.mkr


INFO(SPCOCN-1640): writing occurrence data...
INFO(SPCOCN-1054): ...written
INFO(SPCOCN-1445): Reading TUBII.SCH.1.1 into drawing #12.
INFO(SPCOCN-1445): Reading PORTS2.SCH.1.1 into drawing #12.
INFO(SPCOCN-1445): Reading LATCHEXTTRIG.SCH.1.1 into drawing #12.
INFO(SPCOCN-1445): Reading TUBII_TRIGGERS.SCH.1.1 into drawing #12.
WARNING(SPCOCN-982): The operation could not be performed because no object on the drawing was selected.
WARNING(SPCOCN-982): The operation could not be performed because no object on the drawing was selected.
WARNING(SPCOCN-982): The operation could not be performed because no object on the drawing was selected.
INFO(SPCOCN-1070): Checking drawing...
INFO(SPCOCN-1028): writing <tubii_lib>TUBII_TRIGGERS.SCH.1.1:
INFO(SPCOCN-1044): writing binary file...
INFO(SPCOCN-1049): writing ASCII file...
INFO(SPCOCN-1053): writing connectivity file...
INFO(SPCOCN-1054): ...written

CSDirect 16.6-p007 (v16-6-112F)

Netlisting block tubii_triggers

Processing page 1

No netlisting errors found. 

INFO(SPCOCN-1640): writing occurrence data...
INFO(SPCOCN-1054): ...written
INFO(SPCOCN-1070): Checking drawing...
INFO(SPCOCN-1028): writing <tubii_lib>TUBII_TRIGGERS.SCH.1.1:
INFO(SPCOCN-1044): writing binary file...
INFO(SPCOCN-1049): writing ASCII file...
INFO(SPCOCN-1053): writing connectivity file...
INFO(SPCOCN-1054): ...written

CSDirect 16.6-p007 (v16-6-112F)

Netlisting block tubii_triggers

Processing page 1

No netlisting errors found. 

INFO(SPCOCN-1640): writing occurrence data...
INFO(SPCOCN-1054): ...written
INFO(SPCOCN-1445): Reading ELLIE.SCH.1.1 into drawing #12.
INFO(SPCOCN-1854): The drawing ELLIE.SCH.1.1
INFO(SPCOCN-578): will be retained as drawing #12.
INFO(SPCOCN-1445): Reading TUBII_SPKR.SCH.1.1 into drawing #6.
INFO(SPCOCN-1443): ELLIE.SCH.1.1 has been previously edited as drawing #12.
INFO(SPCOCN-1854): The drawing ELLIE.SCH.1.1
INFO(SPCOCN-578): will be retained as drawing #12.
INFO(SPCOCN-1445): Reading PORTS2.SCH.1.1 into drawing #6.
INFO(SPCOCN-1445): Reading TUBII.SCH.1.1 into drawing #6.
INFO(SPCOCN-1070): Checking drawing...
INFO(SPCOCN-1028): writing <tubii_lib>PORTS2.SYM.1.1:
INFO(SPCOCN-1051): writing body file...
INFO(SPCOCN-1054): ...written
WARNING(SPCOCN-1080): Block 'PORTS2' Errors/Warnings found during save operation.  Load the following marker file:temp/ports2.mkr.
INFO(SPCOCN-1028): writing <tubii_lib>MICROZEDCONNECTION.SYM.1.1:
INFO(SPCOCN-1051): writing body file...
INFO(SPCOCN-1054): ...written
WARNING(SPCOCN-1080): Block 'MICROZEDCONNECTION' Errors/Warnings found during save operation.  Load the following marker file:temp/microzedconnection.mkr.
INFO(SPCOCN-1070): Checking drawing...
INFO(SPCOCN-1028): writing <tubii_lib>TUBII.SCH.1.1:
INFO(SPCOCN-1044): writing binary file...
INFO(SPCOCN-1049): writing ASCII file...
INFO(SPCOCN-1053): writing connectivity file...
INFO(SPCOCN-1054): ...written

CSDirect 16.6-p007 (v16-6-112F)

Netlisting block tubii

Processing page 1

INFO(SPCOCN-1640): writing occurrence data...
INFO(SPCOCN-1054): ...written
INFO(SPCOCN-1001): Component: I56 selected.
INFO(SPCOCN-1001): Component: I56 selected.
INFO(SPCOCN-1001): Component: I56 selected.
INFO(SPCOCN-1445): Reading MICROZEDCONNECTION.SCH.1.1 into drawing #6.
WARNING(SPCOCN-515): Design Name: <tubii_lib>MICROZEDCONNECTION.SCH.1.1


All the required libraries are not included in the cds.lib file. Make sure your project setup has all the necessary libraries. Exit Design Entry HDL and add the required libraries to the project using the Project Setup utility of Project Manager. The parts missing from the available libraries are: 
   PATCH_PROBE.SYM.1.1
INFO(SPCOCN-1507): Adding version 1 of part TESTPOINT_L from library misc
INFO(SPCOCN-1001): Component: I35 selected.
INFO(SPCOCN-1001): Component: I35 selected.
INFO(SPCOCN-1070): Checking drawing...
INFO(SPCOCN-1028): writing <tubii_lib>MICROZEDCONNECTION.SCH.1.1:
WARNING(SPCOCN-1031): Value of TITLE property on DRAWING body does not match actual drawing name.
INFO(SPCOCN-1044): writing binary file...
INFO(SPCOCN-1049): writing ASCII file...
INFO(SPCOCN-1053): writing connectivity file...
INFO(SPCOCN-1054): ...written

CSDirect 16.6-p007 (v16-6-112F)

Netlisting block microzedconnection

Processing page 1

INFO(SPCOCN-1640): writing occurrence data...
INFO(SPCOCN-1054): ...written
INFO(SPCOCN-1445): Reading TUBII.SCH.1.1 into drawing #6.
INFO(SPCOCN-1070): Checking drawing...
INFO(SPCOCN-1028): writing <tubii_lib>GENERIC_PULSE.SCH.1.1:
INFO(SPCOCN-1044): writing binary file...
INFO(SPCOCN-1049): writing ASCII file...
INFO(SPCOCN-1053): writing connectivity file...
INFO(SPCOCN-1054): ...written

CSDirect 16.6-p007 (v16-6-112F)

Netlisting block generic_pulse

Processing page 1

No netlisting errors found. 

INFO(SPCOCN-1640): writing occurrence data...
INFO(SPCOCN-1054): ...written
INFO(SPCOCN-1070): Checking drawing...
INFO(SPCOCN-1028): writing <tubii_lib>CAEN_PORTS.SCH.1.1:
INFO(SPCOCN-1044): writing binary file...
INFO(SPCOCN-1049): writing ASCII file...
INFO(SPCOCN-1053): writing connectivity file...
INFO(SPCOCN-1054): ...written

CSDirect 16.6-p007 (v16-6-112F)

Netlisting block caen_ports

Processing page 1

INFO(SPCOCN-1640): writing occurrence data...
INFO(SPCOCN-1054): ...written
INFO(SPCOCN-1070): Checking drawing...
INFO(SPCOCN-1028): writing <tubii_lib>BASE_MON.SCH.1.1:
INFO(SPCOCN-1044): writing binary file...
INFO(SPCOCN-1049): writing ASCII file...
INFO(SPCOCN-1053): writing connectivity file...
INFO(SPCOCN-1054): ...written

CSDirect 16.6-p007 (v16-6-112F)

Netlisting block base_mon

Processing page 1

No netlisting errors found. 

INFO(SPCOCN-1640): writing occurrence data...
INFO(SPCOCN-1054): ...written
INFO(SPCOCN-1070): Checking drawing...
INFO(SPCOCN-1028): writing <tubii_lib>GT_DELAYS.SCH.1.1:
INFO(SPCOCN-1044): writing binary file...
INFO(SPCOCN-1049): writing ASCII file...
INFO(SPCOCN-1053): writing connectivity file...
INFO(SPCOCN-1054): ...written

CSDirect 16.6-p007 (v16-6-112F)

Netlisting block gt_delays

Processing page 1

No netlisting errors found. 

INFO(SPCOCN-1640): writing occurrence data...
INFO(SPCOCN-1054): ...written
INFO(SPCOCN-1070): Checking drawing...
INFO(SPCOCN-1028): writing <tubii_lib>SELECT_LO_SRC.SCH.1.1:
INFO(SPCOCN-1044): writing binary file...
INFO(SPCOCN-1049): writing ASCII file...
INFO(SPCOCN-1053): writing connectivity file...
INFO(SPCOCN-1054): ...written

CSDirect 16.6-p007 (v16-6-112F)

Netlisting block select_lo_src

Processing page 1

No netlisting errors found. 

INFO(SPCOCN-1640): writing occurrence data...
INFO(SPCOCN-1054): ...written
INFO(SPCOCN-1070): Checking drawing...
INFO(SPCOCN-1028): writing <tubii_lib>GENERIC_DELAYS.SCH.1.1:
INFO(SPCOCN-1044): writing binary file...
INFO(SPCOCN-1049): writing ASCII file...
INFO(SPCOCN-1053): writing connectivity file...
INFO(SPCOCN-1054): ...written

CSDirect 16.6-p007 (v16-6-112F)

Netlisting block generic_delays

Processing page 1

No netlisting errors found. 

INFO(SPCOCN-1640): writing occurrence data...
INFO(SPCOCN-1054): ...written
INFO(SPCOCN-1070): Checking drawing...
INFO(SPCOCN-1028): writing <tubii_lib>PULSE_SCALER.SCH.1.1:
INFO(SPCOCN-1044): writing binary file...
INFO(SPCOCN-1049): writing ASCII file...
INFO(SPCOCN-1053): writing connectivity file...
INFO(SPCOCN-1054): ...written

CSDirect 16.6-p007 (v16-6-112F)

Netlisting block pulse_scaler

Processing page 1

No netlisting errors found. 

INFO(SPCOCN-1640): writing occurrence data...
INFO(SPCOCN-1054): ...written
INFO(SPCOCN-1070): Checking drawing...
INFO(SPCOCN-1028): writing <tubii_lib>ELLIE.SCH.1.1:
INFO(SPCOCN-1044): writing binary file...
INFO(SPCOCN-1049): writing ASCII file...
INFO(SPCOCN-1053): writing connectivity file...
INFO(SPCOCN-1054): ...written

CSDirect 16.6-p007 (v16-6-112F)

Netlisting block ellie

Processing page 1

No netlisting errors found. 

INFO(SPCOCN-1640): writing occurrence data...
INFO(SPCOCN-1054): ...written
