-------------------------------------------------------
nchdl_uprev Script - Version 15.00-d001
(c) Copyright 1998, Cadence Design Systems, Inc.
-------------------------------------------------------
Generated by nchdl_uprev Tue Mar 29 11:55:58 EDT 2011...

Source Lib/Design Dir:       /tape/snopcb/snolib_fec32
Source SCALD Map File: snolib_fec32.lib
Destination Lib/Design Dir:  /tape/nandorpcb/snolib

Making temporary dir in: /tmp 
-------------------------------------------------------
Processing Library PPT file: /tape/snopcb/snolib_fec32/bom_only.ppt...
-------------------------------------------------------
Processing Library PPT file: /tape/snopcb/snolib_fec32/bom_only_MB.ppt...
-------------------------------------------------------
Processing Library PPT file: /tape/snopcb/snolib_fec32/bom_only_XL.ppt...
-------------------------------------------------------
Processing Library PPT file: /tape/snopcb/snolib_fec32/bom_only_HV.ppt...
-------------------------------------------------------
Processing Library PPT file: /tape/snopcb/snolib_fec32/bom_only_DB.ppt...
-------------------------------------------------------
Processing Library PPT file: /tape/snopcb/snolib_fec32/bom_only_old-3.ppt...
-------------------------------------------------------
Processing Library PPT file: /tape/snopcb/snolib_fec32/bom_only_old-1.ppt...
-------------------------------------------------------
Processing Library PPT file: /tape/snopcb/snolib_fec32/bom_only_old-2.ppt...
-------------------------------------------------------
-------------------------------------------------------
Processing part: 10H131_L...

part view found for this cell part.1.1
-------------------------------------------------------
Processing part: 1N914SZ...

part view found for this cell part.1.1
-------------------------------------------------------
Processing part: 2N3904_L...

part view found for this cell part.1.1
-------------------------------------------------------
Processing part: 2N3904_SIZE...

-------------------------------------------------------
Processing part: 2N3904SZ...

part view found for this cell part.1.1
-------------------------------------------------------
Processing part: 2N3906_L...

part view found for this cell part.1.1
-------------------------------------------------------
Processing part: 2N4124_L...

part view found for this cell part.1.1
-------------------------------------------------------
Processing part: 2N4126_L...

part view found for this cell part.1.1
-------------------------------------------------------
Processing part: 4067B_L...

part view found for this cell part.1.1
Error: The pin 'S' does not exist in the symbol.css but exist in chips.prt
Error: chips and symbol out of sync!!
Error: The pin 'S' does not exist in the symbol.css but exist in chips.prt
Error: chips and symbol out of sync!!
Error: The pin 'S' does not exist in the symbol.css but exist in chips.prt
Error: chips and symbol out of sync!!
-------------------------------------------------------
Processing part: 74GTL16612...

Error: The pin 'GND1' does not exist in the chips.prt but exist in symbol.css
Error: chips and symbol out of sync!!
Error: The pin 'GND2' does not exist in the chips.prt but exist in symbol.css
Error: chips and symbol out of sync!!
Error: The pin 'GND3' does not exist in the chips.prt but exist in symbol.css
Error: chips and symbol out of sync!!
Error: The pin 'GND4' does not exist in the chips.prt but exist in symbol.css
Error: chips and symbol out of sync!!
Error: The pin 'GND5' does not exist in the chips.prt but exist in symbol.css
Error: chips and symbol out of sync!!
Error: The pin 'GND6' does not exist in the chips.prt but exist in symbol.css
Error: chips and symbol out of sync!!
Error: The pin 'GND7' does not exist in the chips.prt but exist in symbol.css
Error: chips and symbol out of sync!!
Error: The pin 'GND8' does not exist in the chips.prt but exist in symbol.css
Error: chips and symbol out of sync!!
-------------------------------------------------------
Processing part: 7815_L...

part view found for this cell part.1.1
-------------------------------------------------------
Processing part: 7815S_L...

part view found for this cell part.1.1
-------------------------------------------------------
Processing part: 7915_L...

part view found for this cell part.1.1
-------------------------------------------------------
Processing part: 7915S_L...

part view found for this cell part.1.1
-------------------------------------------------------
Processing part: AD22100KT...

VAN 1.06-s08 running at Mar 29, 2011  11:56:38
Copyright Cadence Design Systems, Inc. 1994, 1996
Compiling source file "verilog_lib/verilog.v"
Writing verilog_lib.AD22100KT:vlog_model
-------------------------------------------------------
Processing part: AD7575...

VAN 1.06-s08 running at Mar 29, 2011  11:56:39
Copyright Cadence Design Systems, Inc. 1994, 1996
Compiling source file "verilog_lib/noverilog.v"
Writing verilog_lib.AD7575:vlog_model
-------------------------------------------------------
Processing part: AD827...

VAN 1.06-s08 running at Mar 29, 2011  11:56:41
Copyright Cadence Design Systems, Inc. 1994, 1996
Compiling source file "verilog_lib/verilog.v"
Writing verilog_lib.ad827:vlog_model
-------------------------------------------------------
Processing part: AD842...

-------------------------------------------------------
Processing part: AD_AMP02_L...

part view found for this cell part.1.1
-------------------------------------------------------
Processing part: ADOP177G_L...

VAN 1.06-s08 running at Mar 29, 2011  11:56:45
Copyright Cadence Design Systems, Inc. 1994, 1996
Compiling source file "verilog_lib/verilog.v"
Writing verilog_lib.adop177g_l:vlog_model
-------------------------------------------------------
Processing part: ADREF02C_L...

VAN 1.06-s08 running at Mar 29, 2011  11:56:46
Copyright Cadence Design Systems, Inc. 1994, 1996
Compiling source file "verilog_lib/verilog.v"
Writing verilog_lib.adref02c_l:vlog_model
-------------------------------------------------------
Processing part: BPCAP...

-------------------------------------------------------
Processing part: BREGS96T...

ERROR: 'BREGS96T' has symbol (body) view with page
        greater than 1. Ignoring symbol '/tmp/uprev_27254/UPREV/body.1.1_keep' !!
VAN 1.06-s08 running at Mar 29, 2011  11:56:51
Copyright Cadence Design Systems, Inc. 1994, 1996
Compiling source file "verilog_lib/verilog.v"
Writing verilog_lib.bregs96t:vlog_model
Writing verilog_lib.bregs96_globals:vlog_model
Error: The pin 'SPAREOUT' does not exist in the symbol.css but exist in chips.prt
Error: chips and symbol out of sync!!
Error: The pin 'SPAREIN' does not exist in the symbol.css but exist in chips.prt
Error: chips and symbol out of sync!!
Error: The pin 'BREG_WR-' does not exist in the symbol.css but exist in chips.prt
Error: chips and symbol out of sync!!
Error: The pin 'BREG_WR-' does not exist in the symbol.css but exist in chips.prt
Error: chips and symbol out of sync!!
Error: The pin 'BREG_WR-' does not exist in the symbol.css but exist in chips.prt
Error: chips and symbol out of sync!!
Error: The pin 'BREG_WR-' does not exist in the symbol.css but exist in chips.prt
Error: chips and symbol out of sync!!
Error: The pin 'BREG_WR-' does not exist in the symbol.css but exist in chips.prt
Error: chips and symbol out of sync!!
Error: The pin 'BREG_WR-' does not exist in the symbol.css but exist in chips.prt
Error: chips and symbol out of sync!!
Error: The pin 'BREG_WR-' does not exist in the symbol.css but exist in chips.prt
Error: chips and symbol out of sync!!
Error: The pin 'BREG_WR-' does not exist in the symbol.css but exist in chips.prt
Error: chips and symbol out of sync!!
Error: The pin 'BREG_WR-' does not exist in the symbol.css but exist in chips.prt
Error: chips and symbol out of sync!!
Error: The pin 'BREG_WR-' does not exist in the symbol.css but exist in chips.prt
Error: chips and symbol out of sync!!
Error: The pin 'BREG_WR-' does not exist in the symbol.css but exist in chips.prt
Error: chips and symbol out of sync!!
Error: The pin 'BREG_WR-' does not exist in the symbol.css but exist in chips.prt
Error: chips and symbol out of sync!!
Error: The pin 'BREG_WR-' does not exist in the symbol.css but exist in chips.prt
Error: chips and symbol out of sync!!
Error: The pin 'BREG_WR-' does not exist in the symbol.css but exist in chips.prt
Error: chips and symbol out of sync!!
Error: The pin 'BREG_WR-' does not exist in the symbol.css but exist in chips.prt
Error: chips and symbol out of sync!!
Error: The pin 'BREG_RD-' does not exist in the symbol.css but exist in chips.prt
Error: chips and symbol out of sync!!
Error: The pin 'BREG_RD-' does not exist in the symbol.css but exist in chips.prt
Error: chips and symbol out of sync!!
Error: The pin 'BREG_RD-' does not exist in the symbol.css but exist in chips.prt
Error: chips and symbol out of sync!!
Error: The pin 'BREG_RD-' does not exist in the symbol.css but exist in chips.prt
Error: chips and symbol out of sync!!
Error: The pin 'BREG_RD-' does not exist in the symbol.css but exist in chips.prt
Error: chips and symbol out of sync!!
Error: The pin 'BREG_RD-' does not exist in the symbol.css but exist in chips.prt
Error: chips and symbol out of sync!!
Error: The pin 'BREG_RD-' does not exist in the symbol.css but exist in chips.prt
Error: chips and symbol out of sync!!
Error: The pin 'BREG_RD-' does not exist in the symbol.css but exist in chips.prt
Error: chips and symbol out of sync!!
Error: The pin 'BREG_RD-' does not exist in the symbol.css but exist in chips.prt
Error: chips and symbol out of sync!!
Error: The pin 'BREG_RD-' does not exist in the symbol.css but exist in chips.prt
Error: chips and symbol out of sync!!
Error: The pin 'BREG_RD-' does not exist in the symbol.css but exist in chips.prt
Error: chips and symbol out of sync!!
Error: The pin 'BREG_RD-' does not exist in the symbol.css but exist in chips.prt
Error: chips and symbol out of sync!!
Error: The pin 'BREG_RD-' does not exist in the symbol.css but exist in chips.prt
Error: chips and symbol out of sync!!
Error: The pin 'BREG_RD-' does not exist in the symbol.css but exist in chips.prt
Error: chips and symbol out of sync!!
Error: The pin 'BREG_RD-' does not exist in the symbol.css but exist in chips.prt
Error: chips and symbol out of sync!!
Error: The pin 'BA' does not exist in the symbol.css but exist in chips.prt
Error: chips and symbol out of sync!!
Error: The pin 'BA' does not exist in the symbol.css but exist in chips.prt
Error: chips and symbol out of sync!!
Error: The pin 'BA' does not exist in the symbol.css but exist in chips.prt
Error: chips and symbol out of sync!!
Error: The pin 'BA' does not exist in the symbol.css but exist in chips.prt
Error: chips and symbol out of sync!!
Error: The pin 'BA' does not exist in the symbol.css but exist in chips.prt
Error: chips and symbol out of sync!!
Error: The pin 'BA' does not exist in the symbol.css but exist in chips.prt
Error: chips and symbol out of sync!!
Error: The pin 'BA' does not exist in the symbol.css but exist in chips.prt
Error: chips and symbol out of sync!!
Error: The pin 'BA' does not exist in the symbol.css but exist in chips.prt
Error: chips and symbol out of sync!!
-------------------------------------------------------
Processing part: BREGST...

VAN 1.06-s08 running at Mar 29, 2011  11:56:52
Copyright Cadence Design Systems, Inc. 1994, 1996
Compiling source file "verilog_lib/verilog.v"
Writing verilog_lib.bregst:vlog_model
Writing verilog_lib.bregs_globals:vlog_model
Error: The pin 'BSQREG_SEL' does not exist in the symbol.css but exist in chips.prt
Error: chips and symbol out of sync!!
Error: The pin 'BSQREG_SEL' does not exist in the symbol.css but exist in chips.prt
Error: chips and symbol out of sync!!
Error: The pin 'BREG_WR-' does not exist in the symbol.css but exist in chips.prt
Error: chips and symbol out of sync!!
Error: The pin 'BREG_WR-' does not exist in the symbol.css but exist in chips.prt
Error: chips and symbol out of sync!!
Error: The pin 'BREG_WR-' does not exist in the symbol.css but exist in chips.prt
Error: chips and symbol out of sync!!
Error: The pin 'BREG_WR-' does not exist in the symbol.css but exist in chips.prt
Error: chips and symbol out of sync!!
Error: The pin 'BREG_WR-' does not exist in the symbol.css but exist in chips.prt
Error: chips and symbol out of sync!!
Error: The pin 'BREG_WR-' does not exist in the symbol.css but exist in chips.prt
Error: chips and symbol out of sync!!
Error: The pin 'BREG_WR-' does not exist in the symbol.css but exist in chips.prt
Error: chips and symbol out of sync!!
Error: The pin 'BREG_WR-' does not exist in the symbol.css but exist in chips.prt
Error: chips and symbol out of sync!!
Error: The pin 'BREG_WR-' does not exist in the symbol.css but exist in chips.prt
Error: chips and symbol out of sync!!
Error: The pin 'BREG_WR-' does not exist in the symbol.css but exist in chips.prt
Error: chips and symbol out of sync!!
Error: The pin 'BREG_WR-' does not exist in the symbol.css but exist in chips.prt
Error: chips and symbol out of sync!!
Error: The pin 'BREG_WR-' does not exist in the symbol.css but exist in chips.prt
Error: chips and symbol out of sync!!
Error: The pin 'BREG_WR-' does not exist in the symbol.css but exist in chips.prt
Error: chips and symbol out of sync!!
Error: The pin 'BREG_WR-' does not exist in the symbol.css but exist in chips.prt
Error: chips and symbol out of sync!!
Error: The pin 'BREG_WR-' does not exist in the symbol.css but exist in chips.prt
Error: chips and symbol out of sync!!
Error: The pin 'BREG_RD-' does not exist in the symbol.css but exist in chips.prt
Error: chips and symbol out of sync!!
Error: The pin 'BREG_RD-' does not exist in the symbol.css but exist in chips.prt
Error: chips and symbol out of sync!!
Error: The pin 'BREG_RD-' does not exist in the symbol.css but exist in chips.prt
Error: chips and symbol out of sync!!
Error: The pin 'BREG_RD-' does not exist in the symbol.css but exist in chips.prt
Error: chips and symbol out of sync!!
Error: The pin 'BREG_RD-' does not exist in the symbol.css but exist in chips.prt
Error: chips and symbol out of sync!!
Error: The pin 'BREG_RD-' does not exist in the symbol.css but exist in chips.prt
Error: chips and symbol out of sync!!
Error: The pin 'BREG_RD-' does not exist in the symbol.css but exist in chips.prt
Error: chips and symbol out of sync!!
Error: The pin 'BREG_RD-' does not exist in the symbol.css but exist in chips.prt
Error: chips and symbol out of sync!!
Error: The pin 'BREG_RD-' does not exist in the symbol.css but exist in chips.prt
Error: chips and symbol out of sync!!
Error: The pin 'BREG_RD-' does not exist in the symbol.css but exist in chips.prt
Error: chips and symbol out of sync!!
Error: The pin 'BREG_RD-' does not exist in the symbol.css but exist in chips.prt
Error: chips and symbol out of sync!!
Error: The pin 'BREG_RD-' does not exist in the symbol.css but exist in chips.prt
Error: chips and symbol out of sync!!
Error: The pin 'BREG_RD-' does not exist in the symbol.css but exist in chips.prt
Error: chips and symbol out of sync!!
Error: The pin 'BREG_RD-' does not exist in the symbol.css but exist in chips.prt
Error: chips and symbol out of sync!!
Error: The pin 'BREG_RD-' does not exist in the symbol.css but exist in chips.prt
Error: chips and symbol out of sync!!
Error: The pin 'BFIFOREG_SEL' does not exist in the symbol.css but exist in chips.prt
Error: chips and symbol out of sync!!
Error: The pin 'BA' does not exist in the symbol.css but exist in chips.prt
Error: chips and symbol out of sync!!
Error: The pin 'BA' does not exist in the symbol.css but exist in chips.prt
Error: chips and symbol out of sync!!
Error: The pin 'BA' does not exist in the symbol.css but exist in chips.prt
Error: chips and symbol out of sync!!
Error: The pin 'BA' does not exist in the symbol.css but exist in chips.prt
Error: chips and symbol out of sync!!
Error: The pin 'BA' does not exist in the symbol.css but exist in chips.prt
Error: chips and symbol out of sync!!
Error: The pin 'BA' does not exist in the symbol.css but exist in chips.prt
Error: chips and symbol out of sync!!
Error: The pin 'BA' does not exist in the symbol.css but exist in chips.prt
Error: chips and symbol out of sync!!
Error: The pin 'BA' does not exist in the symbol.css but exist in chips.prt
Error: chips and symbol out of sync!!
-------------------------------------------------------
Processing part: CA741_L...

part view found for this cell part.1.1
-------------------------------------------------------
Processing part: CAP_L...

part view found for this cell part.1.1
-------------------------------------------------------
Processing part: CGT24...

VAN 1.06-s08 running at Mar 29, 2011  11:56:57
Copyright Cadence Design Systems, Inc. 1994, 1996
Compiling source file "verilog_lib/verilog.v"
Writing verilog_lib.gt_countert:vlog_model
Writing verilog_lib.gt_counter_globals:vlog_model
Error: The pin 'BBD_CGT_HI' does not exist in the symbol.css but exist in chips.prt
Error: chips and symbol out of sync!!
Error: The pin 'BBD_CGT_HI' does not exist in the symbol.css but exist in chips.prt
Error: chips and symbol out of sync!!
Error: The pin 'BBD_CGT_HI' does not exist in the symbol.css but exist in chips.prt
Error: chips and symbol out of sync!!
Error: The pin 'BBD_CGT_HI' does not exist in the symbol.css but exist in chips.prt
Error: chips and symbol out of sync!!
Error: The pin 'BBD_CGT_HI' does not exist in the symbol.css but exist in chips.prt
Error: chips and symbol out of sync!!
Error: The pin 'BBD_CGT_HI' does not exist in the symbol.css but exist in chips.prt
Error: chips and symbol out of sync!!
Error: The pin 'BBD_CGT_HI' does not exist in the symbol.css but exist in chips.prt
Error: chips and symbol out of sync!!
-------------------------------------------------------
Processing part: CONN10T...

-------------------------------------------------------
Processing part: CONN12...

-------------------------------------------------------
Processing part: CONN165A...

part view found for this cell part.1.1
VAN 1.06-s08 running at Mar 29, 2011  11:57:01
Copyright Cadence Design Systems, Inc. 1994, 1996
Compiling source file "verilog_lib/verilog.v"
Writing verilog_lib.CONN165:vlog_model
-------------------------------------------------------
Processing part: CONN165...

VAN 1.06-s08 running at Mar 29, 2011  11:57:02
Copyright Cadence Design Systems, Inc. 1994, 1996
Compiling source file "verilog_lib/verilog.v"
Writing verilog_lib.CONN165:vlog_model
-------------------------------------------------------
Processing part: CONN16...

Error: The pin 'PIN<8..1>' does not exist in the chips.prt but exist in symbol.css
Error: chips and symbol out of sync!!
Error: The pin 'PIN<16..9>' does not exist in the chips.prt but exist in symbol.css
Error: chips and symbol out of sync!!
-------------------------------------------------------
Processing part: CONN25TO26...

-------------------------------------------------------
Processing part: CONN32...

-------------------------------------------------------
Processing part: CONN40...

-------------------------------------------------------
Processing part: CONN40_JACK...

VAN 1.06-s08 running at Mar 29, 2011  11:57:10
Copyright Cadence Design Systems, Inc. 1994, 1996
Compiling source file "verilog_lib/verilog.v"
Writing verilog_lib.CONN40_JACK:vlog_model
Error: The pin 'JACK' does not exist in the symbol.css but exist in chips.prt
Error: chips and symbol out of sync!!
Error: The pin 'JACK' does not exist in the symbol.css but exist in chips.prt
Error: chips and symbol out of sync!!
Error: The pin 'JACK' does not exist in the symbol.css but exist in chips.prt
Error: chips and symbol out of sync!!
Error: The pin 'JACK' does not exist in the symbol.css but exist in chips.prt
Error: chips and symbol out of sync!!
Error: The pin 'JACK' does not exist in the symbol.css but exist in chips.prt
Error: chips and symbol out of sync!!
Error: The pin 'JACK' does not exist in the symbol.css but exist in chips.prt
Error: chips and symbol out of sync!!
Error: The pin 'JACK' does not exist in the symbol.css but exist in chips.prt
Error: chips and symbol out of sync!!
Error: The pin 'JACK' does not exist in the symbol.css but exist in chips.prt
Error: chips and symbol out of sync!!
Error: The pin 'JACK' does not exist in the symbol.css but exist in chips.prt
Error: chips and symbol out of sync!!
Error: The pin 'JACK' does not exist in the symbol.css but exist in chips.prt
Error: chips and symbol out of sync!!
Error: The pin 'JACK' does not exist in the symbol.css but exist in chips.prt
Error: chips and symbol out of sync!!
Error: The pin 'JACK' does not exist in the symbol.css but exist in chips.prt
Error: chips and symbol out of sync!!
Error: The pin 'JACK' does not exist in the symbol.css but exist in chips.prt
Error: chips and symbol out of sync!!
Error: The pin 'JACK' does not exist in the symbol.css but exist in chips.prt
Error: chips and symbol out of sync!!
Error: The pin 'JACK' does not exist in the symbol.css but exist in chips.prt
Error: chips and symbol out of sync!!
Error: The pin 'JACK' does not exist in the symbol.css but exist in chips.prt
Error: chips and symbol out of sync!!
Error: The pin 'JACK' does not exist in the symbol.css but exist in chips.prt
Error: chips and symbol out of sync!!
Error: The pin 'JACK' does not exist in the symbol.css but exist in chips.prt
Error: chips and symbol out of sync!!
Error: The pin 'JACK' does not exist in the symbol.css but exist in chips.prt
Error: chips and symbol out of sync!!
Error: The pin 'JACK' does not exist in the symbol.css but exist in chips.prt
Error: chips and symbol out of sync!!
Error: The pin 'JACK' does not exist in the symbol.css but exist in chips.prt
Error: chips and symbol out of sync!!
Error: The pin 'JACK' does not exist in the symbol.css but exist in chips.prt
Error: chips and symbol out of sync!!
Error: The pin 'JACK' does not exist in the symbol.css but exist in chips.prt
Error: chips and symbol out of sync!!
Error: The pin 'JACK' does not exist in the symbol.css but exist in chips.prt
Error: chips and symbol out of sync!!
Error: The pin 'JACK' does not exist in the symbol.css but exist in chips.prt
Error: chips and symbol out of sync!!
Error: The pin 'JACK' does not exist in the symbol.css but exist in chips.prt
Error: chips and symbol out of sync!!
Error: The pin 'JACK' does not exist in the symbol.css but exist in chips.prt
Error: chips and symbol out of sync!!
Error: The pin 'JACK' does not exist in the symbol.css but exist in chips.prt
Error: chips and symbol out of sync!!
Error: The pin 'JACK' does not exist in the symbol.css but exist in chips.prt
Error: chips and symbol out of sync!!
Error: The pin 'JACK' does not exist in the symbol.css but exist in chips.prt
Error: chips and symbol out of sync!!
Error: The pin 'JACK' does not exist in the symbol.css but exist in chips.prt
Error: chips and symbol out of sync!!
Error: The pin 'JACK' does not exist in the symbol.css but exist in chips.prt
Error: chips and symbol out of sync!!
Error: The pin 'JACK' does not exist in the symbol.css but exist in chips.prt
Error: chips and symbol out of sync!!
Error: The pin 'JACK' does not exist in the symbol.css but exist in chips.prt
Error: chips and symbol out of sync!!
Error: The pin 'JACK' does not exist in the symbol.css but exist in chips.prt
Error: chips and symbol out of sync!!
Error: The pin 'JACK' does not exist in the symbol.css but exist in chips.prt
Error: chips and symbol out of sync!!
Error: The pin 'JACK' does not exist in the symbol.css but exist in chips.prt
Error: chips and symbol out of sync!!
Error: The pin 'JACK' does not exist in the symbol.css but exist in chips.prt
Error: chips and symbol out of sync!!
Error: The pin 'JACK' does not exist in the symbol.css but exist in chips.prt
Error: chips and symbol out of sync!!
-------------------------------------------------------
Processing part: CONN50...

VAN 1.06-s08 running at Mar 29, 2011  11:57:11
Copyright Cadence Design Systems, Inc. 1994, 1996
Compiling source file "verilog_lib/verilog.v"
Writing verilog_lib.CONN50:vlog_model
-------------------------------------------------------
Processing part: CONN50_JACK...

VAN 1.06-s08 running at Mar 29, 2011  11:57:13
Copyright Cadence Design Systems, Inc. 1994, 1996
Compiling source file "verilog_lib/verilog.v"
Writing verilog_lib.CONN40_JACK:vlog_model
Error: The pin 'JACK' does not exist in the symbol.css but exist in chips.prt
Error: chips and symbol out of sync!!
Error: The pin 'JACK' does not exist in the symbol.css but exist in chips.prt
Error: chips and symbol out of sync!!
Error: The pin 'JACK' does not exist in the symbol.css but exist in chips.prt
Error: chips and symbol out of sync!!
Error: The pin 'JACK' does not exist in the symbol.css but exist in chips.prt
Error: chips and symbol out of sync!!
Error: The pin 'JACK' does not exist in the symbol.css but exist in chips.prt
Error: chips and symbol out of sync!!
Error: The pin 'JACK' does not exist in the symbol.css but exist in chips.prt
Error: chips and symbol out of sync!!
Error: The pin 'JACK' does not exist in the symbol.css but exist in chips.prt
Error: chips and symbol out of sync!!
Error: The pin 'JACK' does not exist in the symbol.css but exist in chips.prt
Error: chips and symbol out of sync!!
Error: The pin 'JACK' does not exist in the symbol.css but exist in chips.prt
Error: chips and symbol out of sync!!
Error: The pin 'JACK' does not exist in the symbol.css but exist in chips.prt
Error: chips and symbol out of sync!!
Error: The pin 'JACK' does not exist in the symbol.css but exist in chips.prt
Error: chips and symbol out of sync!!
Error: The pin 'JACK' does not exist in the symbol.css but exist in chips.prt
Error: chips and symbol out of sync!!
Error: The pin 'JACK' does not exist in the symbol.css but exist in chips.prt
Error: chips and symbol out of sync!!
Error: The pin 'JACK' does not exist in the symbol.css but exist in chips.prt
Error: chips and symbol out of sync!!
Error: The pin 'JACK' does not exist in the symbol.css but exist in chips.prt
Error: chips and symbol out of sync!!
Error: The pin 'JACK' does not exist in the symbol.css but exist in chips.prt
Error: chips and symbol out of sync!!
Error: The pin 'JACK' does not exist in the symbol.css but exist in chips.prt
Error: chips and symbol out of sync!!
Error: The pin 'JACK' does not exist in the symbol.css but exist in chips.prt
Error: chips and symbol out of sync!!
Error: The pin 'JACK' does not exist in the symbol.css but exist in chips.prt
Error: chips and symbol out of sync!!
Error: The pin 'JACK' does not exist in the symbol.css but exist in chips.prt
Error: chips and symbol out of sync!!
Error: The pin 'JACK' does not exist in the symbol.css but exist in chips.prt
Error: chips and symbol out of sync!!
Error: The pin 'JACK' does not exist in the symbol.css but exist in chips.prt
Error: chips and symbol out of sync!!
Error: The pin 'JACK' does not exist in the symbol.css but exist in chips.prt
Error: chips and symbol out of sync!!
Error: The pin 'JACK' does not exist in the symbol.css but exist in chips.prt
Error: chips and symbol out of sync!!
Error: The pin 'JACK' does not exist in the symbol.css but exist in chips.prt
Error: chips and symbol out of sync!!
Error: The pin 'JACK' does not exist in the symbol.css but exist in chips.prt
Error: chips and symbol out of sync!!
Error: The pin 'JACK' does not exist in the symbol.css but exist in chips.prt
Error: chips and symbol out of sync!!
Error: The pin 'JACK' does not exist in the symbol.css but exist in chips.prt
Error: chips and symbol out of sync!!
Error: The pin 'JACK' does not exist in the symbol.css but exist in chips.prt
Error: chips and symbol out of sync!!
Error: The pin 'JACK' does not exist in the symbol.css but exist in chips.prt
Error: chips and symbol out of sync!!
Error: The pin 'JACK' does not exist in the symbol.css but exist in chips.prt
Error: chips and symbol out of sync!!
Error: The pin 'JACK' does not exist in the symbol.css but exist in chips.prt
Error: chips and symbol out of sync!!
Error: The pin 'JACK' does not exist in the symbol.css but exist in chips.prt
Error: chips and symbol out of sync!!
Error: The pin 'JACK' does not exist in the symbol.css but exist in chips.prt
Error: chips and symbol out of sync!!
Error: The pin 'JACK' does not exist in the symbol.css but exist in chips.prt
Error: chips and symbol out of sync!!
Error: The pin 'JACK' does not exist in the symbol.css but exist in chips.prt
Error: chips and symbol out of sync!!
Error: The pin 'JACK' does not exist in the symbol.css but exist in chips.prt
Error: chips and symbol out of sync!!
Error: The pin 'JACK' does not exist in the symbol.css but exist in chips.prt
Error: chips and symbol out of sync!!
Error: The pin 'JACK' does not exist in the symbol.css but exist in chips.prt
Error: chips and symbol out of sync!!
Error: The pin 'JACK' does not exist in the symbol.css but exist in chips.prt
Error: chips and symbol out of sync!!
Error: The pin 'JACK' does not exist in the symbol.css but exist in chips.prt
Error: chips and symbol out of sync!!
Error: The pin 'JACK' does not exist in the symbol.css but exist in chips.prt
Error: chips and symbol out of sync!!
Error: The pin 'JACK' does not exist in the symbol.css but exist in chips.prt
Error: chips and symbol out of sync!!
Error: The pin 'JACK' does not exist in the symbol.css but exist in chips.prt
Error: chips and symbol out of sync!!
Error: The pin 'JACK' does not exist in the symbol.css but exist in chips.prt
Error: chips and symbol out of sync!!
Error: The pin 'JACK' does not exist in the symbol.css but exist in chips.prt
Error: chips and symbol out of sync!!
Error: The pin 'JACK' does not exist in the symbol.css but exist in chips.prt
Error: chips and symbol out of sync!!
Error: The pin 'JACK' does not exist in the symbol.css but exist in chips.prt
Error: chips and symbol out of sync!!
Error: The pin 'JACK' does not exist in the symbol.css but exist in chips.prt
Error: chips and symbol out of sync!!
-------------------------------------------------------
Processing part: CONN90...

VAN 1.06-s08 running at Mar 29, 2011  11:57:15
Copyright Cadence Design Systems, Inc. 1994, 1996
Compiling source file "verilog_lib/verilog.v"
Writing verilog_lib.CONN90:vlog_model
-------------------------------------------------------
Processing part: CONN90_JACK...

VAN 1.06-s08 running at Mar 29, 2011  11:57:16
Copyright Cadence Design Systems, Inc. 1994, 1996
Compiling source file "verilog_lib/verilog.v"
Writing verilog_lib.CONN90_JACK:vlog_model
Error: The pin 'JACK' does not exist in the symbol.css but exist in chips.prt
Error: chips and symbol out of sync!!
Error: The pin 'JACK' does not exist in the symbol.css but exist in chips.prt
Error: chips and symbol out of sync!!
Error: The pin 'JACK' does not exist in the symbol.css but exist in chips.prt
Error: chips and symbol out of sync!!
Error: The pin 'JACK' does not exist in the symbol.css but exist in chips.prt
Error: chips and symbol out of sync!!
Error: The pin 'JACK' does not exist in the symbol.css but exist in chips.prt
Error: chips and symbol out of sync!!
Error: The pin 'JACK' does not exist in the symbol.css but exist in chips.prt
Error: chips and symbol out of sync!!
Error: The pin 'JACK' does not exist in the symbol.css but exist in chips.prt
Error: chips and symbol out of sync!!
Error: The pin 'JACK' does not exist in the symbol.css but exist in chips.prt
Error: chips and symbol out of sync!!
Error: The pin 'JACK' does not exist in the symbol.css but exist in chips.prt
Error: chips and symbol out of sync!!
Error: The pin 'JACK' does not exist in the symbol.css but exist in chips.prt
Error: chips and symbol out of sync!!
Error: The pin 'JACK' does not exist in the symbol.css but exist in chips.prt
Error: chips and symbol out of sync!!
Error: The pin 'JACK' does not exist in the symbol.css but exist in chips.prt
Error: chips and symbol out of sync!!
Error: The pin 'JACK' does not exist in the symbol.css but exist in chips.prt
Error: chips and symbol out of sync!!
Error: The pin 'JACK' does not exist in the symbol.css but exist in chips.prt
Error: chips and symbol out of sync!!
Error: The pin 'JACK' does not exist in the symbol.css but exist in chips.prt
Error: chips and symbol out of sync!!
Error: The pin 'JACK' does not exist in the symbol.css but exist in chips.prt
Error: chips and symbol out of sync!!
Error: The pin 'JACK' does not exist in the symbol.css but exist in chips.prt
Error: chips and symbol out of sync!!
Error: The pin 'JACK' does not exist in the symbol.css but exist in chips.prt
Error: chips and symbol out of sync!!
Error: The pin 'JACK' does not exist in the symbol.css but exist in chips.prt
Error: chips and symbol out of sync!!
Error: The pin 'JACK' does not exist in the symbol.css but exist in chips.prt
Error: chips and symbol out of sync!!
Error: The pin 'JACK' does not exist in the symbol.css but exist in chips.prt
Error: chips and symbol out of sync!!
Error: The pin 'JACK' does not exist in the symbol.css but exist in chips.prt
Error: chips and symbol out of sync!!
Error: The pin 'JACK' does not exist in the symbol.css but exist in chips.prt
Error: chips and symbol out of sync!!
Error: The pin 'JACK' does not exist in the symbol.css but exist in chips.prt
Error: chips and symbol out of sync!!
Error: The pin 'JACK' does not exist in the symbol.css but exist in chips.prt
Error: chips and symbol out of sync!!
Error: The pin 'JACK' does not exist in the symbol.css but exist in chips.prt
Error: chips and symbol out of sync!!
Error: The pin 'JACK' does not exist in the symbol.css but exist in chips.prt
Error: chips and symbol out of sync!!
Error: The pin 'JACK' does not exist in the symbol.css but exist in chips.prt
Error: chips and symbol out of sync!!
Error: The pin 'JACK' does not exist in the symbol.css but exist in chips.prt
Error: chips and symbol out of sync!!
Error: The pin 'JACK' does not exist in the symbol.css but exist in chips.prt
Error: chips and symbol out of sync!!
Error: The pin 'JACK' does not exist in the symbol.css but exist in chips.prt
Error: chips and symbol out of sync!!
Error: The pin 'JACK' does not exist in the symbol.css but exist in chips.prt
Error: chips and symbol out of sync!!
Error: The pin 'JACK' does not exist in the symbol.css but exist in chips.prt
Error: chips and symbol out of sync!!
Error: The pin 'JACK' does not exist in the symbol.css but exist in chips.prt
Error: chips and symbol out of sync!!
Error: The pin 'JACK' does not exist in the symbol.css but exist in chips.prt
Error: chips and symbol out of sync!!
Error: The pin 'JACK' does not exist in the symbol.css but exist in chips.prt
Error: chips and symbol out of sync!!
Error: The pin 'JACK' does not exist in the symbol.css but exist in chips.prt
Error: chips and symbol out of sync!!
Error: The pin 'JACK' does not exist in the symbol.css but exist in chips.prt
Error: chips and symbol out of sync!!
Error: The pin 'JACK' does not exist in the symbol.css but exist in chips.prt
Error: chips and symbol out of sync!!
Error: The pin 'JACK' does not exist in the symbol.css but exist in chips.prt
Error: chips and symbol out of sync!!
Error: The pin 'JACK' does not exist in the symbol.css but exist in chips.prt
Error: chips and symbol out of sync!!
Error: The pin 'JACK' does not exist in the symbol.css but exist in chips.prt
Error: chips and symbol out of sync!!
Error: The pin 'JACK' does not exist in the symbol.css but exist in chips.prt
Error: chips and symbol out of sync!!
Error: The pin 'JACK' does not exist in the symbol.css but exist in chips.prt
Error: chips and symbol out of sync!!
Error: The pin 'JACK' does not exist in the symbol.css but exist in chips.prt
Error: chips and symbol out of sync!!
Error: The pin 'JACK' does not exist in the symbol.css but exist in chips.prt
Error: chips and symbol out of sync!!
Error: The pin 'JACK' does not exist in the symbol.css but exist in chips.prt
Error: chips and symbol out of sync!!
Error: The pin 'JACK' does not exist in the symbol.css but exist in chips.prt
Error: chips and symbol out of sync!!
Error: The pin 'JACK' does not exist in the symbol.css but exist in chips.prt
Error: chips and symbol out of sync!!
Error: The pin 'JACK' does not exist in the symbol.css but exist in chips.prt
Error: chips and symbol out of sync!!
Error: The pin 'JACK' does not exist in the symbol.css but exist in chips.prt
Error: chips and symbol out of sync!!
Error: The pin 'JACK' does not exist in the symbol.css but exist in chips.prt
Error: chips and symbol out of sync!!
Error: The pin 'JACK' does not exist in the symbol.css but exist in chips.prt
Error: chips and symbol out of sync!!
Error: The pin 'JACK' does not exist in the symbol.css but exist in chips.prt
Error: chips and symbol out of sync!!
Error: The pin 'JACK' does not exist in the symbol.css but exist in chips.prt
Error: chips and symbol out of sync!!
Error: The pin 'JACK' does not exist in the symbol.css but exist in chips.prt
Error: chips and symbol out of sync!!
Error: The pin 'JACK' does not exist in the symbol.css but exist in chips.prt
Error: chips and symbol out of sync!!
Error: The pin 'JACK' does not exist in the symbol.css but exist in chips.prt
Error: chips and symbol out of sync!!
Error: The pin 'JACK' does not exist in the symbol.css but exist in chips.prt
Error: chips and symbol out of sync!!
Error: The pin 'JACK' does not exist in the symbol.css but exist in chips.prt
Error: chips and symbol out of sync!!
Error: The pin 'JACK' does not exist in the symbol.css but exist in chips.prt
Error: chips and symbol out of sync!!
Error: The pin 'JACK' does not exist in the symbol.css but exist in chips.prt
Error: chips and symbol out of sync!!
Error: The pin 'JACK' does not exist in the symbol.css but exist in chips.prt
Error: chips and symbol out of sync!!
Error: The pin 'JACK' does not exist in the symbol.css but exist in chips.prt
Error: chips and symbol out of sync!!
Error: The pin 'JACK' does not exist in the symbol.css but exist in chips.prt
Error: chips and symbol out of sync!!
Error: The pin 'JACK' does not exist in the symbol.css but exist in chips.prt
Error: chips and symbol out of sync!!
Error: The pin 'JACK' does not exist in the symbol.css but exist in chips.prt
Error: chips and symbol out of sync!!
Error: The pin 'JACK' does not exist in the symbol.css but exist in chips.prt
Error: chips and symbol out of sync!!
Error: The pin 'JACK' does not exist in the symbol.css but exist in chips.prt
Error: chips and symbol out of sync!!
Error: The pin 'JACK' does not exist in the symbol.css but exist in chips.prt
Error: chips and symbol out of sync!!
Error: The pin 'JACK' does not exist in the symbol.css but exist in chips.prt
Error: chips and symbol out of sync!!
Error: The pin 'JACK' does not exist in the symbol.css but exist in chips.prt
Error: chips and symbol out of sync!!
Error: The pin 'JACK' does not exist in the symbol.css but exist in chips.prt
Error: chips and symbol out of sync!!
Error: The pin 'JACK' does not exist in the symbol.css but exist in chips.prt
Error: chips and symbol out of sync!!
Error: The pin 'JACK' does not exist in the symbol.css but exist in chips.prt
Error: chips and symbol out of sync!!
Error: The pin 'JACK' does not exist in the symbol.css but exist in chips.prt
Error: chips and symbol out of sync!!
Error: The pin 'JACK' does not exist in the symbol.css but exist in chips.prt
Error: chips and symbol out of sync!!
Error: The pin 'JACK' does not exist in the symbol.css but exist in chips.prt
Error: chips and symbol out of sync!!
Error: The pin 'JACK' does not exist in the symbol.css but exist in chips.prt
Error: chips and symbol out of sync!!
Error: The pin 'JACK' does not exist in the symbol.css but exist in chips.prt
Error: chips and symbol out of sync!!
Error: The pin 'JACK' does not exist in the symbol.css but exist in chips.prt
Error: chips and symbol out of sync!!
Error: The pin 'JACK' does not exist in the symbol.css but exist in chips.prt
Error: chips and symbol out of sync!!
Error: The pin 'JACK' does not exist in the symbol.css but exist in chips.prt
Error: chips and symbol out of sync!!
Error: The pin 'JACK' does not exist in the symbol.css but exist in chips.prt
Error: chips and symbol out of sync!!
Error: The pin 'JACK' does not exist in the symbol.css but exist in chips.prt
Error: chips and symbol out of sync!!
Error: The pin 'JACK' does not exist in the symbol.css but exist in chips.prt
Error: chips and symbol out of sync!!
Error: The pin 'JACK' does not exist in the symbol.css but exist in chips.prt
Error: chips and symbol out of sync!!
Error: The pin 'JACK' does not exist in the symbol.css but exist in chips.prt
Error: chips and symbol out of sync!!
Error: The pin 'JACK' does not exist in the symbol.css but exist in chips.prt
Error: chips and symbol out of sync!!
-------------------------------------------------------
Processing part: CONN96...

-------------------------------------------------------
Processing part: DG506A_L...

part view found for this cell part.1.1
Error: The pin 'A' does not exist in the symbol.css but exist in chips.prt
Error: chips and symbol out of sync!!
Error: The pin 'A' does not exist in the symbol.css but exist in chips.prt
Error: chips and symbol out of sync!!
Error: The pin 'A' does not exist in the symbol.css but exist in chips.prt
Error: chips and symbol out of sync!!
-------------------------------------------------------
Processing part: DIOSZ...

-------------------------------------------------------
Processing part: DIPSWITCH...

part view found for this cell part.1.1
-------------------------------------------------------
Processing part: DRAMSIMMB...

-------------------------------------------------------
Processing part: DRAMSIMM...

-------------------------------------------------------
Processing part: ECAP...

-------------------------------------------------------
Processing part: EUROCONN...

VAN 1.06-s08 running at Mar 29, 2011  11:57:27
Copyright Cadence Design Systems, Inc. 1994, 1996
Compiling source file "verilog_lib/verilog.v"
Writing verilog_lib.EUROCONN:vlog_model
-------------------------------------------------------
Processing part: FEC32D_INCONN...

-------------------------------------------------------
Processing part: FEC32D_OUTCONN...

-------------------------------------------------------
Processing part: FIFO_CTRL...

ERROR: 'FIFO_CTRL' has symbol view which are
        not of the form .*.* Ignoring symbol '/tmp/uprev_27254/UPREV/body.1.1.orig' !!
ERROR: 'FIFO_CTRL' has symbol view which are
        not of the form .*.* Ignoring symbol '/tmp/uprev_27254/UPREV/body.1.1.rapidpart' !!
VAN 1.06-s08 running at Mar 29, 2011  11:57:32
Copyright Cadence Design Systems, Inc. 1994, 1996
Compiling source file "verilog_lib/verilog.v"
Writing verilog_lib.fifo_ctrl:vlog_model
Writing verilog_lib.fifo_ctrl_globals:vlog_model
Error: The pin 'BXREG_ADD' does not exist in the symbol.css but exist in chips.prt
Error: chips and symbol out of sync!!
Error: The pin 'BD' does not exist in the symbol.css but exist in chips.prt
Error: chips and symbol out of sync!!
Error: The pin 'BD' does not exist in the symbol.css but exist in chips.prt
Error: chips and symbol out of sync!!
Error: The pin 'BD' does not exist in the symbol.css but exist in chips.prt
Error: chips and symbol out of sync!!
Error: The pin 'BD' does not exist in the symbol.css but exist in chips.prt
Error: chips and symbol out of sync!!
Error: The pin 'BD' does not exist in the symbol.css but exist in chips.prt
Error: chips and symbol out of sync!!
Error: The pin 'BD' does not exist in the symbol.css but exist in chips.prt
Error: chips and symbol out of sync!!
Error: The pin 'BD' does not exist in the symbol.css but exist in chips.prt
Error: chips and symbol out of sync!!
Error: The pin 'BD' does not exist in the symbol.css but exist in chips.prt
Error: chips and symbol out of sync!!
Error: The pin 'BD' does not exist in the symbol.css but exist in chips.prt
Error: chips and symbol out of sync!!
Error: The pin 'BD' does not exist in the symbol.css but exist in chips.prt
Error: chips and symbol out of sync!!
Error: The pin 'BD' does not exist in the symbol.css but exist in chips.prt
Error: chips and symbol out of sync!!
Error: The pin 'BD' does not exist in the symbol.css but exist in chips.prt
Error: chips and symbol out of sync!!
Error: The pin 'BD' does not exist in the symbol.css but exist in chips.prt
Error: chips and symbol out of sync!!
Error: The pin 'BD' does not exist in the symbol.css but exist in chips.prt
Error: chips and symbol out of sync!!
Error: The pin 'BD' does not exist in the symbol.css but exist in chips.prt
Error: chips and symbol out of sync!!
Error: The pin 'BD' does not exist in the symbol.css but exist in chips.prt
Error: chips and symbol out of sync!!
Error: The pin 'BD' does not exist in the symbol.css but exist in chips.prt
Error: chips and symbol out of sync!!
Error: The pin 'BD' does not exist in the symbol.css but exist in chips.prt
Error: chips and symbol out of sync!!
Error: The pin 'BD' does not exist in the symbol.css but exist in chips.prt
Error: chips and symbol out of sync!!
Error: The pin 'BADD_OUT' does not exist in the symbol.css but exist in chips.prt
Error: chips and symbol out of sync!!
Error: The pin 'BADD_OUT' does not exist in the symbol.css but exist in chips.prt
Error: chips and symbol out of sync!!
Error: The pin 'BADD_OUT' does not exist in the symbol.css but exist in chips.prt
Error: chips and symbol out of sync!!
Error: The pin 'BADD_OUT' does not exist in the symbol.css but exist in chips.prt
Error: chips and symbol out of sync!!
Error: The pin 'BADD_OUT' does not exist in the symbol.css but exist in chips.prt
Error: chips and symbol out of sync!!
Error: The pin 'BADD_OUT' does not exist in the symbol.css but exist in chips.prt
Error: chips and symbol out of sync!!
Error: The pin 'BADD_OUT' does not exist in the symbol.css but exist in chips.prt
Error: chips and symbol out of sync!!
Error: The pin 'BADD_OUT' does not exist in the symbol.css but exist in chips.prt
Error: chips and symbol out of sync!!
Error: The pin 'BADD_OUT' does not exist in the symbol.css but exist in chips.prt
Error: chips and symbol out of sync!!
Error: The pin 'BADD_OUT' does not exist in the symbol.css but exist in chips.prt
Error: chips and symbol out of sync!!
Error: The pin 'BADD_OUT' does not exist in the symbol.css but exist in chips.prt
Error: chips and symbol out of sync!!
Error: The pin 'BADD_OUT' does not exist in the symbol.css but exist in chips.prt
Error: chips and symbol out of sync!!
Error: The pin 'BADD_OUT' does not exist in the symbol.css but exist in chips.prt
Error: chips and symbol out of sync!!
Error: The pin 'BADD_OUT' does not exist in the symbol.css but exist in chips.prt
Error: chips and symbol out of sync!!
Error: The pin 'BADD_OUT' does not exist in the symbol.css but exist in chips.prt
Error: chips and symbol out of sync!!
Error: The pin 'BADD_OUT' does not exist in the symbol.css but exist in chips.prt
Error: chips and symbol out of sync!!
Error: The pin 'BADD_OUT' does not exist in the symbol.css but exist in chips.prt
Error: chips and symbol out of sync!!
Error: The pin 'BADD_OUT' does not exist in the symbol.css but exist in chips.prt
Error: chips and symbol out of sync!!
Error: The pin 'BADD_OUT' does not exist in the symbol.css but exist in chips.prt
Error: chips and symbol out of sync!!
-------------------------------------------------------
Processing part: HC4051_L...

part view found for this cell part.1.1
VAN 1.06-s08 running at Mar 29, 2011  11:57:34
Copyright Cadence Design Systems, Inc. 1994, 1996
Compiling source file "verilog_lib/verilog.v"
Writing verilog_lib.HC4051:vlog_model
Writing verilog_lib.muxdemux:vlog_model
Error: The pin 'S' does not exist in the symbol.css but exist in chips.prt
Error: chips and symbol out of sync!!
Error: The pin 'S' does not exist in the symbol.css but exist in chips.prt
Error: chips and symbol out of sync!!
-------------------------------------------------------
Processing part: HVCAP...

-------------------------------------------------------
Processing part: HVPIN...

-------------------------------------------------------
Processing part: HVPININ...

-------------------------------------------------------
Processing part: INDUCTOR_L...

part view found for this cell part.1.1
-------------------------------------------------------
Processing part: LDR1201_L...

part view found for this cell part.1.1
VAN 1.06-s08 running at Mar 29, 2011  11:57:40
Copyright Cadence Design Systems, Inc. 1994, 1996
Compiling source file "verilog_lib/verilog.v"
Writing verilog_lib.ldr1201_l:vlog_model
-------------------------------------------------------
Processing part: LED_L...

part view found for this cell part.1.1
-------------------------------------------------------
Processing part: LF356_L...

part view found for this cell part.1.1
VAN 1.06-s08 running at Mar 29, 2011  11:57:43
Copyright Cadence Design Systems, Inc. 1994, 1996
Compiling source file "verilog_lib/verilog.v"
Writing verilog_lib.lf356_l:vlog_model
-------------------------------------------------------
Processing part: LM308_L...

part view found for this cell part.1.1
DDB_ERROR: Invalid separator char 'DDB_INFO: File ./chips/chips.prt not loaded.
Warning : Error while referring chips_prt file
-------------------------------------------------------
Processing part: LM310_L...

part view found for this cell part.1.1
-------------------------------------------------------
Processing part: LM317T_L...

part view found for this cell part.1.1
-------------------------------------------------------
Processing part: LM337S_L...

part view found for this cell part.1.1
-------------------------------------------------------
Processing part: LM337T_L...

part view found for this cell part.1.1
-------------------------------------------------------
Processing part: LM35DM...

VAN 1.06-s08 running at Mar 29, 2011  11:57:54
Copyright Cadence Design Systems, Inc. 1994, 1996
Compiling source file "verilog_lib/verilog.v"
Writing verilog_lib.LM35DM:vlog_model
-------------------------------------------------------
Processing part: LM385BZ...

VAN 1.06-s08 running at Mar 29, 2011  11:57:56
Copyright Cadence Design Systems, Inc. 1994, 1996
Compiling source file "verilog_lib/verilog.v"
Writing verilog_lib.lm385bz:vlog_model
-------------------------------------------------------
Processing part: LT1185...

part view found for this cell part.1.1
VAN 1.06-s08 running at Mar 29, 2011  11:57:57
Copyright Cadence Design Systems, Inc. 1994, 1996
Compiling source file "verilog_lib/verilog.v"
Writing verilog_lib.lt1185:vlog_model
-------------------------------------------------------
Processing part: LT1364...

VAN 1.06-s08 running at Mar 29, 2011  11:57:59
Copyright Cadence Design Systems, Inc. 1994, 1996
Compiling source file "verilog_lib/verilog.v"
Writing verilog_lib.lt1364:vlog_model
-------------------------------------------------------
Processing part: MAX120...

-------------------------------------------------------
Processing part: MAX122...

-------------------------------------------------------
Processing part: MAX183...

-------------------------------------------------------
Processing part: MAX326...

-------------------------------------------------------
Processing part: MAX327...

-------------------------------------------------------
Processing part: MAX328...

-------------------------------------------------------
Processing part: MAX414...

-------------------------------------------------------
Processing part: MAX506...

-------------------------------------------------------
Processing part: MAX507...

-------------------------------------------------------
Processing part: MAX528...

Error: The pin 'OUT' does not exist in the symbol.css but exist in chips.prt
Error: chips and symbol out of sync!!
Error: The pin 'OUT' does not exist in the symbol.css but exist in chips.prt
Error: chips and symbol out of sync!!
Error: The pin 'OUT' does not exist in the symbol.css but exist in chips.prt
Error: chips and symbol out of sync!!
Error: The pin 'OUT' does not exist in the symbol.css but exist in chips.prt
Error: chips and symbol out of sync!!
Error: The pin 'OUT' does not exist in the symbol.css but exist in chips.prt
Error: chips and symbol out of sync!!
Error: The pin 'OUT' does not exist in the symbol.css but exist in chips.prt
Error: chips and symbol out of sync!!
Error: The pin 'OUT' does not exist in the symbol.css but exist in chips.prt
Error: chips and symbol out of sync!!
-------------------------------------------------------
Processing part: MAX529...

Error: The pin 'OUT' does not exist in the symbol.css but exist in chips.prt
Error: chips and symbol out of sync!!
Error: The pin 'OUT' does not exist in the symbol.css but exist in chips.prt
Error: chips and symbol out of sync!!
Error: The pin 'OUT' does not exist in the symbol.css but exist in chips.prt
Error: chips and symbol out of sync!!
Error: The pin 'OUT' does not exist in the symbol.css but exist in chips.prt
Error: chips and symbol out of sync!!
Error: The pin 'OUT' does not exist in the symbol.css but exist in chips.prt
Error: chips and symbol out of sync!!
Error: The pin 'OUT' does not exist in the symbol.css but exist in chips.prt
Error: chips and symbol out of sync!!
Error: The pin 'OUT' does not exist in the symbol.css but exist in chips.prt
Error: chips and symbol out of sync!!
-------------------------------------------------------
Processing part: MAX907...

-------------------------------------------------------
Processing part: MC7805K_L...

part view found for this cell part.1.1
VAN 1.06-s08 running at Mar 29, 2011  11:58:18
Copyright Cadence Design Systems, Inc. 1994, 1996
Compiling source file "verilog_lib/verilog.v"
Writing verilog_lib.mc7805k_l:vlog_model
-------------------------------------------------------
Processing part: MC7952KC...

VAN 1.06-s08 running at Mar 29, 2011  11:58:20
Copyright Cadence Design Systems, Inc. 1994, 1996
Compiling source file "verilog_lib/verilog.v"
Writing verilog_lib.mc7952kc:vlog_model
-------------------------------------------------------
Processing part: MIC29201...

part view found for this cell part.1.1
VAN 1.06-s08 running at Mar 29, 2011  11:58:21
Copyright Cadence Design Systems, Inc. 1994, 1996
Compiling source file "verilog_lib/verilog.v"
Writing verilog_lib.mic29201:vlog_model
-------------------------------------------------------
Processing part: MIC29373...

part view found for this cell part.1.1
VAN 1.06-s08 running at Mar 29, 2011  11:58:23
Copyright Cadence Design Systems, Inc. 1994, 1996
Compiling source file "verilog_lib/verilog.v"
Writing verilog_lib.mic29373:vlog_model
-------------------------------------------------------
Processing part: MIC2937A33...

part view found for this cell part.1.1
VAN 1.06-s08 running at Mar 29, 2011  11:58:24
Copyright Cadence Design Systems, Inc. 1994, 1996
Compiling source file "verilog_lib/verilog.v"
Writing verilog_lib.mic2937a33:vlog_model
-------------------------------------------------------
Processing part: MIC2941...

part view found for this cell part.1.1
VAN 1.06-s08 running at Mar 29, 2011  11:58:26
Copyright Cadence Design Systems, Inc. 1994, 1996
Compiling source file "verilog_lib/verilog.v"
Writing verilog_lib.mic2941:vlog_model
-------------------------------------------------------
Processing part: MMBT3906_L...

part view found for this cell part.1.1
-------------------------------------------------------
Processing part: MMBTH10_L...

part view found for this cell part.1.1
-------------------------------------------------------
Processing part: MX584...

-------------------------------------------------------
Processing part: NM93CS06...

VAN 1.06-s08 running at Mar 29, 2011  11:58:31
Copyright Cadence Design Systems, Inc. 1994, 1996
Compiling source file "verilog_lib/verilog.v"
Writing verilog_lib.NM93CS06:vlog_model
-------------------------------------------------------
Processing part: PCAP...

-------------------------------------------------------
Processing part: PENN A SIZE PAGE...

Info: No vhdl entity and Verilog Port Definition created in entity view 
      as Part is a Plumbing Body.
-------------------------------------------------------
Processing part: PENN B SIZE PAGE...

Info: No vhdl entity and Verilog Port Definition created in entity view 
      as Part is a Plumbing Body.
-------------------------------------------------------
Processing part: PFUSE...

-------------------------------------------------------
Processing part: RELAY...

-------------------------------------------------------
Processing part: RELAYSZ...

-------------------------------------------------------
Processing part: RES_L...

part view found for this cell part.1.1
-------------------------------------------------------
Processing part: SCHOTTKY...

part view found for this cell part.1.1
-------------------------------------------------------
Processing part: SEQ96NEWT...

ERROR: 'SEQ96NEWT' has symbol (body) view with page
        greater than 1. Ignoring symbol '/tmp/uprev_27254/UPREV/body.1.1_orig' !!
ERROR: 'SEQ96NEWT' has symbol (body) view with page
        greater than 1. Ignoring symbol '/tmp/uprev_27254/UPREV/body.1.2' !!
VAN 1.06-s08 running at Mar 29, 2011  11:58:41
Copyright Cadence Design Systems, Inc. 1994, 1996
Compiling source file "verilog_lib/verilog.v"
Writing verilog_lib.seq96newt:vlog_model
Writing verilog_lib.seq96new_globals:vlog_model
Error: The pin 'SQXREG_SEL' does not exist in the symbol.css but exist in chips.prt
Error: chips and symbol out of sync!!
Error: The pin 'SQXREG_SEL' does not exist in the symbol.css but exist in chips.prt
Error: chips and symbol out of sync!!
Error: The pin 'SQTAG' does not exist in the symbol.css but exist in chips.prt
Error: chips and symbol out of sync!!
Error: The pin 'SQTAG' does not exist in the symbol.css but exist in chips.prt
Error: chips and symbol out of sync!!
Error: The pin 'SQTAG' does not exist in the symbol.css but exist in chips.prt
Error: chips and symbol out of sync!!
Error: The pin 'SQTAG' does not exist in the symbol.css but exist in chips.prt
Error: chips and symbol out of sync!!
Error: The pin 'SQLATCH' does not exist in the symbol.css but exist in chips.prt
Error: chips and symbol out of sync!!
Error: The pin 'SQLATCH' does not exist in the symbol.css but exist in chips.prt
Error: chips and symbol out of sync!!
Error: The pin 'SQLATCH' does not exist in the symbol.css but exist in chips.prt
Error: chips and symbol out of sync!!
Error: The pin 'SQENW-' does not exist in the symbol.css but exist in chips.prt
Error: chips and symbol out of sync!!
Error: The pin 'SQENW-' does not exist in the symbol.css but exist in chips.prt
Error: chips and symbol out of sync!!
Error: The pin 'SQDAV' does not exist in the symbol.css but exist in chips.prt
Error: chips and symbol out of sync!!
Error: The pin 'SQDAV' does not exist in the symbol.css but exist in chips.prt
Error: chips and symbol out of sync!!
Error: The pin 'SQDAV' does not exist in the symbol.css but exist in chips.prt
Error: chips and symbol out of sync!!
Error: The pin 'SQDAV' does not exist in the symbol.css but exist in chips.prt
Error: chips and symbol out of sync!!
Error: The pin 'SQDAV' does not exist in the symbol.css but exist in chips.prt
Error: chips and symbol out of sync!!
Error: The pin 'SQDAV' does not exist in the symbol.css but exist in chips.prt
Error: chips and symbol out of sync!!
Error: The pin 'SQDAV' does not exist in the symbol.css but exist in chips.prt
Error: chips and symbol out of sync!!
Error: The pin 'SQDAV' does not exist in the symbol.css but exist in chips.prt
Error: chips and symbol out of sync!!
Error: The pin 'SQDAV' does not exist in the symbol.css but exist in chips.prt
Error: chips and symbol out of sync!!
Error: The pin 'SQDAV' does not exist in the symbol.css but exist in chips.prt
Error: chips and symbol out of sync!!
Error: The pin 'SQDAV' does not exist in the symbol.css but exist in chips.prt
Error: chips and symbol out of sync!!
Error: The pin 'SQDAV' does not exist in the symbol.css but exist in chips.prt
Error: chips and symbol out of sync!!
Error: The pin 'SQDAV' does not exist in the symbol.css but exist in chips.prt
Error: chips and symbol out of sync!!
Error: The pin 'SQDAV' does not exist in the symbol.css but exist in chips.prt
Error: chips and symbol out of sync!!
Error: The pin 'SQDAV' does not exist in the symbol.css but exist in chips.prt
Error: chips and symbol out of sync!!
Error: The pin 'SQDAV' does not exist in the symbol.css but exist in chips.prt
Error: chips and symbol out of sync!!
Error: The pin 'SQDAV' does not exist in the symbol.css but exist in chips.prt
Error: chips and symbol out of sync!!
Error: The pin 'SQDAV' does not exist in the symbol.css but exist in chips.prt
Error: chips and symbol out of sync!!
Error: The pin 'SQDAV' does not exist in the symbol.css but exist in chips.prt
Error: chips and symbol out of sync!!
Error: The pin 'SQDAV' does not exist in the symbol.css but exist in chips.prt
Error: chips and symbol out of sync!!
Error: The pin 'SQDAV' does not exist in the symbol.css but exist in chips.prt
Error: chips and symbol out of sync!!
Error: The pin 'SQDAV' does not exist in the symbol.css but exist in chips.prt
Error: chips and symbol out of sync!!
Error: The pin 'SQDAV' does not exist in the symbol.css but exist in chips.prt
Error: chips and symbol out of sync!!
Error: The pin 'SQDAV' does not exist in the symbol.css but exist in chips.prt
Error: chips and symbol out of sync!!
Error: The pin 'SQDAV' does not exist in the symbol.css but exist in chips.prt
Error: chips and symbol out of sync!!
Error: The pin 'SQDAV' does not exist in the symbol.css but exist in chips.prt
Error: chips and symbol out of sync!!
Error: The pin 'SQDAV' does not exist in the symbol.css but exist in chips.prt
Error: chips and symbol out of sync!!
Error: The pin 'SQDAV' does not exist in the symbol.css but exist in chips.prt
Error: chips and symbol out of sync!!
Error: The pin 'SQDAV' does not exist in the symbol.css but exist in chips.prt
Error: chips and symbol out of sync!!
Error: The pin 'SQDAV' does not exist in the symbol.css but exist in chips.prt
Error: chips and symbol out of sync!!
Error: The pin 'SQDAV' does not exist in the symbol.css but exist in chips.prt
Error: chips and symbol out of sync!!
Error: The pin 'SQD' does not exist in the symbol.css but exist in chips.prt
Error: chips and symbol out of sync!!
Error: The pin 'SQD' does not exist in the symbol.css but exist in chips.prt
Error: chips and symbol out of sync!!
Error: The pin 'SQD' does not exist in the symbol.css but exist in chips.prt
Error: chips and symbol out of sync!!
Error: The pin 'SQD' does not exist in the symbol.css but exist in chips.prt
Error: chips and symbol out of sync!!
Error: The pin 'SQD' does not exist in the symbol.css but exist in chips.prt
Error: chips and symbol out of sync!!
Error: The pin 'SQD' does not exist in the symbol.css but exist in chips.prt
Error: chips and symbol out of sync!!
Error: The pin 'SQD' does not exist in the symbol.css but exist in chips.prt
Error: chips and symbol out of sync!!
Error: The pin 'SQD' does not exist in the symbol.css but exist in chips.prt
Error: chips and symbol out of sync!!
Error: The pin 'SQD' does not exist in the symbol.css but exist in chips.prt
Error: chips and symbol out of sync!!
Error: The pin 'SQD' does not exist in the symbol.css but exist in chips.prt
Error: chips and symbol out of sync!!
Error: The pin 'SQD' does not exist in the symbol.css but exist in chips.prt
Error: chips and symbol out of sync!!
Error: The pin 'SQD' does not exist in the symbol.css but exist in chips.prt
Error: chips and symbol out of sync!!
Error: The pin 'SQD' does not exist in the symbol.css but exist in chips.prt
Error: chips and symbol out of sync!!
Error: The pin 'SQD' does not exist in the symbol.css but exist in chips.prt
Error: chips and symbol out of sync!!
Error: The pin 'SQD' does not exist in the symbol.css but exist in chips.prt
Error: chips and symbol out of sync!!
Error: The pin 'SQD' does not exist in the symbol.css but exist in chips.prt
Error: chips and symbol out of sync!!
Error: The pin 'SQD' does not exist in the symbol.css but exist in chips.prt
Error: chips and symbol out of sync!!
Error: The pin 'SQD' does not exist in the symbol.css but exist in chips.prt
Error: chips and symbol out of sync!!
Error: The pin 'SQD' does not exist in the symbol.css but exist in chips.prt
Error: chips and symbol out of sync!!
Error: The pin 'SQD' does not exist in the symbol.css but exist in chips.prt
Error: chips and symbol out of sync!!
Error: The pin 'SQD' does not exist in the symbol.css but exist in chips.prt
Error: chips and symbol out of sync!!
Error: The pin 'SQD' does not exist in the symbol.css but exist in chips.prt
Error: chips and symbol out of sync!!
Error: The pin 'SQD' does not exist in the symbol.css but exist in chips.prt
Error: chips and symbol out of sync!!
Error: The pin 'SQD' does not exist in the symbol.css but exist in chips.prt
Error: chips and symbol out of sync!!
Error: The pin 'SQD' does not exist in the symbol.css but exist in chips.prt
Error: chips and symbol out of sync!!
Error: The pin 'SQD' does not exist in the symbol.css but exist in chips.prt
Error: chips and symbol out of sync!!
Error: The pin 'SQD' does not exist in the symbol.css but exist in chips.prt
Error: chips and symbol out of sync!!
Error: The pin 'SQD' does not exist in the symbol.css but exist in chips.prt
Error: chips and symbol out of sync!!
Error: The pin 'SQD' does not exist in the symbol.css but exist in chips.prt
Error: chips and symbol out of sync!!
Error: The pin 'SQD' does not exist in the symbol.css but exist in chips.prt
Error: chips and symbol out of sync!!
Error: The pin 'SQD' does not exist in the symbol.css but exist in chips.prt
Error: chips and symbol out of sync!!
Error: The pin 'SPAREOUT' does not exist in the symbol.css but exist in chips.prt
Error: chips and symbol out of sync!!
Error: The pin 'SPAREOUT' does not exist in the symbol.css but exist in chips.prt
Error: chips and symbol out of sync!!
Error: The pin 'SPAREIN' does not exist in the symbol.css but exist in chips.prt
Error: chips and symbol out of sync!!
Error: The pin 'SPAREIN' does not exist in the symbol.css but exist in chips.prt
Error: chips and symbol out of sync!!
-------------------------------------------------------
Processing part: SEQ96T...

ERROR: 'SEQ96T' has symbol view which are
        not of the form .*.* Ignoring symbol '/tmp/uprev_27254/UPREV/body.1.1.good' !!
ERROR: 'SEQ96T' has symbol view which are
        not of the form .*.* Ignoring symbol '/tmp/uprev_27254/UPREV/body.1.1.orig' !!
ERROR: 'SEQ96T' has symbol (body) view with page
        greater than 1. Ignoring symbol '/tmp/uprev_27254/UPREV/body.1.1_orig' !!
VAN 1.06-s08 running at Mar 29, 2011  11:58:43
Copyright Cadence Design Systems, Inc. 1994, 1996
Compiling source file "verilog_lib/verilog.v"
Writing verilog_lib.seq96t:vlog_model
Writing verilog_lib.seq96_globals:vlog_model
Error: The pin 'SQXREG_SEL' does not exist in the symbol.css but exist in chips.prt
Error: chips and symbol out of sync!!
Error: The pin 'SQXREG_SEL' does not exist in the symbol.css but exist in chips.prt
Error: chips and symbol out of sync!!
Error: The pin 'SQTAG' does not exist in the symbol.css but exist in chips.prt
Error: chips and symbol out of sync!!
Error: The pin 'SQTAG' does not exist in the symbol.css but exist in chips.prt
Error: chips and symbol out of sync!!
Error: The pin 'SQTAG' does not exist in the symbol.css but exist in chips.prt
Error: chips and symbol out of sync!!
Error: The pin 'SQTAG' does not exist in the symbol.css but exist in chips.prt
Error: chips and symbol out of sync!!
Error: The pin 'SQLATCH' does not exist in the symbol.css but exist in chips.prt
Error: chips and symbol out of sync!!
Error: The pin 'SQLATCH' does not exist in the symbol.css but exist in chips.prt
Error: chips and symbol out of sync!!
Error: The pin 'SQLATCH' does not exist in the symbol.css but exist in chips.prt
Error: chips and symbol out of sync!!
Error: The pin 'SQENW-' does not exist in the symbol.css but exist in chips.prt
Error: chips and symbol out of sync!!
Error: The pin 'SQENW-' does not exist in the symbol.css but exist in chips.prt
Error: chips and symbol out of sync!!
Error: The pin 'SQDAV' does not exist in the symbol.css but exist in chips.prt
Error: chips and symbol out of sync!!
Error: The pin 'SQDAV' does not exist in the symbol.css but exist in chips.prt
Error: chips and symbol out of sync!!
Error: The pin 'SQDAV' does not exist in the symbol.css but exist in chips.prt
Error: chips and symbol out of sync!!
Error: The pin 'SQDAV' does not exist in the symbol.css but exist in chips.prt
Error: chips and symbol out of sync!!
Error: The pin 'SQDAV' does not exist in the symbol.css but exist in chips.prt
Error: chips and symbol out of sync!!
Error: The pin 'SQDAV' does not exist in the symbol.css but exist in chips.prt
Error: chips and symbol out of sync!!
Error: The pin 'SQDAV' does not exist in the symbol.css but exist in chips.prt
Error: chips and symbol out of sync!!
Error: The pin 'SQDAV' does not exist in the symbol.css but exist in chips.prt
Error: chips and symbol out of sync!!
Error: The pin 'SQDAV' does not exist in the symbol.css but exist in chips.prt
Error: chips and symbol out of sync!!
Error: The pin 'SQDAV' does not exist in the symbol.css but exist in chips.prt
Error: chips and symbol out of sync!!
Error: The pin 'SQDAV' does not exist in the symbol.css but exist in chips.prt
Error: chips and symbol out of sync!!
Error: The pin 'SQDAV' does not exist in the symbol.css but exist in chips.prt
Error: chips and symbol out of sync!!
Error: The pin 'SQDAV' does not exist in the symbol.css but exist in chips.prt
Error: chips and symbol out of sync!!
Error: The pin 'SQDAV' does not exist in the symbol.css but exist in chips.prt
Error: chips and symbol out of sync!!
Error: The pin 'SQDAV' does not exist in the symbol.css but exist in chips.prt
Error: chips and symbol out of sync!!
Error: The pin 'SQDAV' does not exist in the symbol.css but exist in chips.prt
Error: chips and symbol out of sync!!
Error: The pin 'SQDAV' does not exist in the symbol.css but exist in chips.prt
Error: chips and symbol out of sync!!
Error: The pin 'SQDAV' does not exist in the symbol.css but exist in chips.prt
Error: chips and symbol out of sync!!
Error: The pin 'SQDAV' does not exist in the symbol.css but exist in chips.prt
Error: chips and symbol out of sync!!
Error: The pin 'SQDAV' does not exist in the symbol.css but exist in chips.prt
Error: chips and symbol out of sync!!
Error: The pin 'SQDAV' does not exist in the symbol.css but exist in chips.prt
Error: chips and symbol out of sync!!
Error: The pin 'SQDAV' does not exist in the symbol.css but exist in chips.prt
Error: chips and symbol out of sync!!
Error: The pin 'SQDAV' does not exist in the symbol.css but exist in chips.prt
Error: chips and symbol out of sync!!
Error: The pin 'SQDAV' does not exist in the symbol.css but exist in chips.prt
Error: chips and symbol out of sync!!
Error: The pin 'SQDAV' does not exist in the symbol.css but exist in chips.prt
Error: chips and symbol out of sync!!
Error: The pin 'SQDAV' does not exist in the symbol.css but exist in chips.prt
Error: chips and symbol out of sync!!
Error: The pin 'SQDAV' does not exist in the symbol.css but exist in chips.prt
Error: chips and symbol out of sync!!
Error: The pin 'SQDAV' does not exist in the symbol.css but exist in chips.prt
Error: chips and symbol out of sync!!
Error: The pin 'SQDAV' does not exist in the symbol.css but exist in chips.prt
Error: chips and symbol out of sync!!
Error: The pin 'SQDAV' does not exist in the symbol.css but exist in chips.prt
Error: chips and symbol out of sync!!
Error: The pin 'SQDAV' does not exist in the symbol.css but exist in chips.prt
Error: chips and symbol out of sync!!
Error: The pin 'SQD' does not exist in the symbol.css but exist in chips.prt
Error: chips and symbol out of sync!!
Error: The pin 'SQD' does not exist in the symbol.css but exist in chips.prt
Error: chips and symbol out of sync!!
Error: The pin 'SQD' does not exist in the symbol.css but exist in chips.prt
Error: chips and symbol out of sync!!
Error: The pin 'SQD' does not exist in the symbol.css but exist in chips.prt
Error: chips and symbol out of sync!!
Error: The pin 'SQD' does not exist in the symbol.css but exist in chips.prt
Error: chips and symbol out of sync!!
Error: The pin 'SQD' does not exist in the symbol.css but exist in chips.prt
Error: chips and symbol out of sync!!
Error: The pin 'SQD' does not exist in the symbol.css but exist in chips.prt
Error: chips and symbol out of sync!!
Error: The pin 'SQD' does not exist in the symbol.css but exist in chips.prt
Error: chips and symbol out of sync!!
Error: The pin 'SQD' does not exist in the symbol.css but exist in chips.prt
Error: chips and symbol out of sync!!
Error: The pin 'SQD' does not exist in the symbol.css but exist in chips.prt
Error: chips and symbol out of sync!!
Error: The pin 'SQD' does not exist in the symbol.css but exist in chips.prt
Error: chips and symbol out of sync!!
Error: The pin 'SQD' does not exist in the symbol.css but exist in chips.prt
Error: chips and symbol out of sync!!
Error: The pin 'SQD' does not exist in the symbol.css but exist in chips.prt
Error: chips and symbol out of sync!!
Error: The pin 'SQD' does not exist in the symbol.css but exist in chips.prt
Error: chips and symbol out of sync!!
Error: The pin 'SQD' does not exist in the symbol.css but exist in chips.prt
Error: chips and symbol out of sync!!
Error: The pin 'SQD' does not exist in the symbol.css but exist in chips.prt
Error: chips and symbol out of sync!!
Error: The pin 'SQD' does not exist in the symbol.css but exist in chips.prt
Error: chips and symbol out of sync!!
Error: The pin 'SQD' does not exist in the symbol.css but exist in chips.prt
Error: chips and symbol out of sync!!
Error: The pin 'SQD' does not exist in the symbol.css but exist in chips.prt
Error: chips and symbol out of sync!!
Error: The pin 'SQD' does not exist in the symbol.css but exist in chips.prt
Error: chips and symbol out of sync!!
Error: The pin 'SQD' does not exist in the symbol.css but exist in chips.prt
Error: chips and symbol out of sync!!
Error: The pin 'SQD' does not exist in the symbol.css but exist in chips.prt
Error: chips and symbol out of sync!!
Error: The pin 'SQD' does not exist in the symbol.css but exist in chips.prt
Error: chips and symbol out of sync!!
Error: The pin 'SQD' does not exist in the symbol.css but exist in chips.prt
Error: chips and symbol out of sync!!
Error: The pin 'SQD' does not exist in the symbol.css but exist in chips.prt
Error: chips and symbol out of sync!!
Error: The pin 'SQD' does not exist in the symbol.css but exist in chips.prt
Error: chips and symbol out of sync!!
Error: The pin 'SQD' does not exist in the symbol.css but exist in chips.prt
Error: chips and symbol out of sync!!
Error: The pin 'SQD' does not exist in the symbol.css but exist in chips.prt
Error: chips and symbol out of sync!!
Error: The pin 'SQD' does not exist in the symbol.css but exist in chips.prt
Error: chips and symbol out of sync!!
Error: The pin 'SQD' does not exist in the symbol.css but exist in chips.prt
Error: chips and symbol out of sync!!
Error: The pin 'SQD' does not exist in the symbol.css but exist in chips.prt
Error: chips and symbol out of sync!!
Error: The pin 'SQCHIP_SEL_EN' does not exist in the symbol.css but exist in chips.prt
Error: chips and symbol out of sync!!
Error: The pin 'SPAREIN<2..0>' does not exist in the chips.prt but exist in symbol.css
Error: chips and symbol out of sync!!
Error: The pin 'SPAREOUT<2..0>' does not exist in the chips.prt but exist in symbol.css
Error: chips and symbol out of sync!!
Error: The pin 'ADC_DONE' does not exist in the chips.prt but exist in symbol.css
Error: chips and symbol out of sync!!
Error: The pin 'SQCHIP_SEL_EN' does not exist in the chips.prt but exist in symbol.css
Error: chips and symbol out of sync!!
-------------------------------------------------------
Processing part: SEQUENCER32...

ERROR: 'SEQUENCER32' has symbol view which are
        not of the form .*.* Ignoring symbol '/tmp/uprev_27254/UPREV/body.1.1.good' !!
ERROR: 'SEQUENCER32' has symbol view which are
        not of the form .*.* Ignoring symbol '/tmp/uprev_27254/UPREV/body.1.1.rapidpart' !!
VAN 1.06-s08 running at Mar 29, 2011  11:58:45
Copyright Cadence Design Systems, Inc. 1994, 1996
Compiling source file "verilog_lib/verilog.v"
Writing verilog_lib.sequencer32:vlog_model
Writing verilog_lib.sequencer32_globals:vlog_model
Error: The pin 'BXREG_SEL' does not exist in the symbol.css but exist in chips.prt
Error: chips and symbol out of sync!!
Error: The pin 'BXREG_SEL' does not exist in the symbol.css but exist in chips.prt
Error: chips and symbol out of sync!!
Error: The pin 'BXDT' does not exist in the symbol.css but exist in chips.prt
Error: chips and symbol out of sync!!
Error: The pin 'BXDT' does not exist in the symbol.css but exist in chips.prt
Error: chips and symbol out of sync!!
Error: The pin 'BXDT' does not exist in the symbol.css but exist in chips.prt
Error: chips and symbol out of sync!!
Error: The pin 'BXDT' does not exist in the symbol.css but exist in chips.prt
Error: chips and symbol out of sync!!
Error: The pin 'BXDT' does not exist in the symbol.css but exist in chips.prt
Error: chips and symbol out of sync!!
Error: The pin 'BXDT' does not exist in the symbol.css but exist in chips.prt
Error: chips and symbol out of sync!!
Error: The pin 'BXDT' does not exist in the symbol.css but exist in chips.prt
Error: chips and symbol out of sync!!
Error: The pin 'BXDT' does not exist in the symbol.css but exist in chips.prt
Error: chips and symbol out of sync!!
Error: The pin 'BXDT' does not exist in the symbol.css but exist in chips.prt
Error: chips and symbol out of sync!!
Error: The pin 'BXDT' does not exist in the symbol.css but exist in chips.prt
Error: chips and symbol out of sync!!
Error: The pin 'BXDT' does not exist in the symbol.css but exist in chips.prt
Error: chips and symbol out of sync!!
Error: The pin 'BXDT' does not exist in the symbol.css but exist in chips.prt
Error: chips and symbol out of sync!!
Error: The pin 'BXDT' does not exist in the symbol.css but exist in chips.prt
Error: chips and symbol out of sync!!
Error: The pin 'BXDT' does not exist in the symbol.css but exist in chips.prt
Error: chips and symbol out of sync!!
Error: The pin 'BXDT' does not exist in the symbol.css but exist in chips.prt
Error: chips and symbol out of sync!!
Error: The pin 'BXDT' does not exist in the symbol.css but exist in chips.prt
Error: chips and symbol out of sync!!
Error: The pin 'BXDT' does not exist in the symbol.css but exist in chips.prt
Error: chips and symbol out of sync!!
Error: The pin 'BXDT' does not exist in the symbol.css but exist in chips.prt
Error: chips and symbol out of sync!!
Error: The pin 'BXDT' does not exist in the symbol.css but exist in chips.prt
Error: chips and symbol out of sync!!
Error: The pin 'BXDT' does not exist in the symbol.css but exist in chips.prt
Error: chips and symbol out of sync!!
Error: The pin 'BXDT' does not exist in the symbol.css but exist in chips.prt
Error: chips and symbol out of sync!!
Error: The pin 'BXDT' does not exist in the symbol.css but exist in chips.prt
Error: chips and symbol out of sync!!
Error: The pin 'BXDT' does not exist in the symbol.css but exist in chips.prt
Error: chips and symbol out of sync!!
Error: The pin 'BXDT' does not exist in the symbol.css but exist in chips.prt
Error: chips and symbol out of sync!!
Error: The pin 'BXDT' does not exist in the symbol.css but exist in chips.prt
Error: chips and symbol out of sync!!
Error: The pin 'BXDT' does not exist in the symbol.css but exist in chips.prt
Error: chips and symbol out of sync!!
Error: The pin 'BXDT' does not exist in the symbol.css but exist in chips.prt
Error: chips and symbol out of sync!!
Error: The pin 'BXDT' does not exist in the symbol.css but exist in chips.prt
Error: chips and symbol out of sync!!
Error: The pin 'BXDT' does not exist in the symbol.css but exist in chips.prt
Error: chips and symbol out of sync!!
Error: The pin 'BXDT' does not exist in the symbol.css but exist in chips.prt
Error: chips and symbol out of sync!!
Error: The pin 'BXDT' does not exist in the symbol.css but exist in chips.prt
Error: chips and symbol out of sync!!
Error: The pin 'BTAG' does not exist in the symbol.css but exist in chips.prt
Error: chips and symbol out of sync!!
Error: The pin 'BTAG' does not exist in the symbol.css but exist in chips.prt
Error: chips and symbol out of sync!!
Error: The pin 'BTAG' does not exist in the symbol.css but exist in chips.prt
Error: chips and symbol out of sync!!
Error: The pin 'BTAG' does not exist in the symbol.css but exist in chips.prt
Error: chips and symbol out of sync!!
Error: The pin 'BN_ENW' does not exist in the symbol.css but exist in chips.prt
Error: chips and symbol out of sync!!
Error: The pin 'BN_ENW' does not exist in the symbol.css but exist in chips.prt
Error: chips and symbol out of sync!!
Error: The pin 'BLATCH' does not exist in the symbol.css but exist in chips.prt
Error: chips and symbol out of sync!!
Error: The pin 'BLATCH' does not exist in the symbol.css but exist in chips.prt
Error: chips and symbol out of sync!!
Error: The pin 'BLATCH' does not exist in the symbol.css but exist in chips.prt
Error: chips and symbol out of sync!!
Error: The pin 'BDAVAIL' does not exist in the symbol.css but exist in chips.prt
Error: chips and symbol out of sync!!
Error: The pin 'BDAVAIL' does not exist in the symbol.css but exist in chips.prt
Error: chips and symbol out of sync!!
Error: The pin 'BDAVAIL' does not exist in the symbol.css but exist in chips.prt
Error: chips and symbol out of sync!!
Error: The pin 'BDAVAIL' does not exist in the symbol.css but exist in chips.prt
Error: chips and symbol out of sync!!
Error: The pin 'BDAVAIL' does not exist in the symbol.css but exist in chips.prt
Error: chips and symbol out of sync!!
Error: The pin 'BDAVAIL' does not exist in the symbol.css but exist in chips.prt
Error: chips and symbol out of sync!!
Error: The pin 'BDAVAIL' does not exist in the symbol.css but exist in chips.prt
Error: chips and symbol out of sync!!
Error: The pin 'BDAVAIL' does not exist in the symbol.css but exist in chips.prt
Error: chips and symbol out of sync!!
Error: The pin 'BDAVAIL' does not exist in the symbol.css but exist in chips.prt
Error: chips and symbol out of sync!!
Error: The pin 'BDAVAIL' does not exist in the symbol.css but exist in chips.prt
Error: chips and symbol out of sync!!
Error: The pin 'BDAVAIL' does not exist in the symbol.css but exist in chips.prt
Error: chips and symbol out of sync!!
Error: The pin 'BDAVAIL' does not exist in the symbol.css but exist in chips.prt
Error: chips and symbol out of sync!!
Error: The pin 'BDAVAIL' does not exist in the symbol.css but exist in chips.prt
Error: chips and symbol out of sync!!
Error: The pin 'BDAVAIL' does not exist in the symbol.css but exist in chips.prt
Error: chips and symbol out of sync!!
Error: The pin 'BDAVAIL' does not exist in the symbol.css but exist in chips.prt
Error: chips and symbol out of sync!!
Error: The pin 'BDAVAIL' does not exist in the symbol.css but exist in chips.prt
Error: chips and symbol out of sync!!
Error: The pin 'BDAVAIL' does not exist in the symbol.css but exist in chips.prt
Error: chips and symbol out of sync!!
Error: The pin 'BDAVAIL' does not exist in the symbol.css but exist in chips.prt
Error: chips and symbol out of sync!!
Error: The pin 'BDAVAIL' does not exist in the symbol.css but exist in chips.prt
Error: chips and symbol out of sync!!
Error: The pin 'BDAVAIL' does not exist in the symbol.css but exist in chips.prt
Error: chips and symbol out of sync!!
Error: The pin 'BDAVAIL' does not exist in the symbol.css but exist in chips.prt
Error: chips and symbol out of sync!!
Error: The pin 'BDAVAIL' does not exist in the symbol.css but exist in chips.prt
Error: chips and symbol out of sync!!
Error: The pin 'BDAVAIL' does not exist in the symbol.css but exist in chips.prt
Error: chips and symbol out of sync!!
Error: The pin 'BDAVAIL' does not exist in the symbol.css but exist in chips.prt
Error: chips and symbol out of sync!!
Error: The pin 'BDAVAIL' does not exist in the symbol.css but exist in chips.prt
Error: chips and symbol out of sync!!
Error: The pin 'BDAVAIL' does not exist in the symbol.css but exist in chips.prt
Error: chips and symbol out of sync!!
Error: The pin 'BDAVAIL' does not exist in the symbol.css but exist in chips.prt
Error: chips and symbol out of sync!!
Error: The pin 'BDAVAIL' does not exist in the symbol.css but exist in chips.prt
Error: chips and symbol out of sync!!
Error: The pin 'BDAVAIL' does not exist in the symbol.css but exist in chips.prt
Error: chips and symbol out of sync!!
Error: The pin 'BDAVAIL' does not exist in the symbol.css but exist in chips.prt
Error: chips and symbol out of sync!!
Error: The pin 'BDAVAIL' does not exist in the symbol.css but exist in chips.prt
Error: chips and symbol out of sync!!
-------------------------------------------------------
Processing part: SIP10...

-------------------------------------------------------
Processing part: SIP...

part view found for this cell part.1.1
-------------------------------------------------------
Processing part: SNOCMOS7...

-------------------------------------------------------
Processing part: SNODISC1...

-------------------------------------------------------
Processing part: SNODISC2...

-------------------------------------------------------
Processing part: SNODISCG...

-------------------------------------------------------
WARNING: 'snodisc2_hudson' source part dir does not exist
         in '/tape/snopcb/snolib_fec32' source lib dir!!
Ignoring part: SNODISC_HUDSON...
There might be error in RHS of .lib file for SNODISC_HUDSON
-------------------------------------------------------
Processing part: SNODISC...

-------------------------------------------------------
Processing part: SNOINT2...

VAN 1.06-s08 running at Mar 29, 2011  11:58:57
Copyright Cadence Design Systems, Inc. 1994, 1996
Compiling source file "verilog_lib/verilog.v"
Writing verilog_lib.SNOINT2:vlog_model
-------------------------------------------------------
Processing part: TESTPOINT_GND...

part view found for this cell part.1.1
VAN 1.06-s08 running at Mar 29, 2011  11:58:58
Copyright Cadence Design Systems, Inc. 1994, 1996
Compiling source file "verilog_lib/verilog.v"
Writing verilog_lib.TESTPOINT_LS:vlog_model
-------------------------------------------------------
Processing part: TESTPOINT_LS...

part view found for this cell part.1.1
VAN 1.06-s08 running at Mar 29, 2011  11:59:00
Copyright Cadence Design Systems, Inc. 1994, 1996
Compiling source file "verilog_lib/verilog.v"
Writing verilog_lib.TESTPOINT_LS:vlog_model
-------------------------------------------------------
Processing part: TESTPOINT_L...

part view found for this cell part.1.1
VAN 1.06-s08 running at Mar 29, 2011  11:59:01
Copyright Cadence Design Systems, Inc. 1994, 1996
Compiling source file "verilog_lib/verilog.v"
Writing verilog_lib.TESTPOINT_L:vlog_model
-------------------------------------------------------
Processing part: THM81000...

part view found for this cell part.1.1
-------------------------------------------------------
Processing part: TK11630...

-------------------------------------------------------
Processing part: TK11650...

-------------------------------------------------------
Processing part: TLC271...

VAN 1.06-s08 running at Mar 29, 2011  11:59:06
Copyright Cadence Design Systems, Inc. 1994, 1996
Compiling source file "verilog_lib/verilog.v"
Writing verilog_lib.adop177g_l:vlog_model
-------------------------------------------------------
Processing part: TLC272_L...

part view found for this cell part.1.1
-------------------------------------------------------
Processing part: TLC274...

part view found for this cell part.1.1
-------------------------------------------------------
Processing part: TP_PAD_LS...

part view found for this cell part.1.1
VAN 1.06-s08 running at Mar 29, 2011  11:59:10
Copyright Cadence Design Systems, Inc. 1994, 1996
Compiling source file "verilog_lib/verilog.v"
Writing verilog_lib.TP_PAD_LS:vlog_model
-------------------------------------------------------
Processing part: UPF1764...

part view found for this cell part.1.1
-------------------------------------------------------
Processing part: UPF1765...

-------------------------------------------------------
Processing part: UPFCT16244...

part view found for this cell part.1.1
-------------------------------------------------------
Processing part: UPFCT16245...

part view found for this cell part.1.1
-------------------------------------------------------
Processing part: UPFCT245...

-------------------------------------------------------
Processing part: UPFTC16245...

-------------------------------------------------------
Processing part: VME2000...

part view found for this cell part.1.1
-------------------------------------------------------
Processing part: VRES...

-------------------------------------------------------
Processing part: XC1736...

part view found for this cell part.1.1
-------------------------------------------------------
Processing part: XC3020...

part view found for this cell part.1.1
-------------------------------------------------------
Library                : snolib_fec32
Number_of_parts        : 130
Number_of_passed_parts : 124
Number_of_failed_parts : 0
Number_of_ignored_parts: 6
Failed_parts           : 
Ignored_parts          : FIFO_CTRL, PENN A SIZE PAGE, PENN B SIZE PAGE, SEQ96T, SEQUENCER32, SNODISC_HUDSON
-------------------------------------------------------
******************************************************
LIST OF CELLS IGNORED
-------------------------------------------------------
Ignoring part: SNODISC_HUDSON...
