-------------------------------------------------------
nchdl_uprev Script - Version 15.00-d001
(c) Copyright 1998, Cadence Design Systems, Inc.
-------------------------------------------------------
Generated by nchdl_uprev Tue Mar 29 11:59:24 EDT 2011...

Source Lib/Design Dir:       /tape/snopcb/neubauer/marklib
Source SCALD Map File: marklib.lib
Destination Lib/Design Dir:  /tape/nandorpcb/marklib

Making temporary dir in: /tmp 
-------------------------------------------------------
-------------------------------------------------------
Processing part: 10E016...

part view found for this cell part.1.1
VAN 1.06-s08 running at Mar 29, 2011  11:59:25
Copyright Cadence Design Systems, Inc. 1994, 1996
Compiling source file "verilog_lib/verilog.v"

Warning! Ignoring protected portion of design                    [Van-VANPRD]  
         "verilog_lib/verilog.v", 92: 

Warning! Ignoring protected portion of design                    [Van-VANPRD]  
         "verilog_lib/verilog.v", 198: 

Warning! Ignoring protected portion of design                    [Van-VANPRD]  
         "verilog_lib/verilog.v", 283: 
Writing verilog_lib.MC10E016:vlog_model
Writing verilog_lib.MC100E016_CHILD:vlog_model
Error: The pin 'Q' does not exist in the symbol.css but exist in chips.prt
Error: chips and symbol out of sync!!
Error: The pin 'Q' does not exist in the symbol.css but exist in chips.prt
Error: chips and symbol out of sync!!
Error: The pin 'Q' does not exist in the symbol.css but exist in chips.prt
Error: chips and symbol out of sync!!
Error: The pin 'Q' does not exist in the symbol.css but exist in chips.prt
Error: chips and symbol out of sync!!
Error: The pin 'Q' does not exist in the symbol.css but exist in chips.prt
Error: chips and symbol out of sync!!
Error: The pin 'Q' does not exist in the symbol.css but exist in chips.prt
Error: chips and symbol out of sync!!
Error: The pin 'Q' does not exist in the symbol.css but exist in chips.prt
Error: chips and symbol out of sync!!
Error: The pin 'P' does not exist in the symbol.css but exist in chips.prt
Error: chips and symbol out of sync!!
Error: The pin 'P' does not exist in the symbol.css but exist in chips.prt
Error: chips and symbol out of sync!!
Error: The pin 'P' does not exist in the symbol.css but exist in chips.prt
Error: chips and symbol out of sync!!
Error: The pin 'P' does not exist in the symbol.css but exist in chips.prt
Error: chips and symbol out of sync!!
Error: The pin 'P' does not exist in the symbol.css but exist in chips.prt
Error: chips and symbol out of sync!!
Error: The pin 'P' does not exist in the symbol.css but exist in chips.prt
Error: chips and symbol out of sync!!
Error: The pin 'P' does not exist in the symbol.css but exist in chips.prt
Error: chips and symbol out of sync!!
-------------------------------------------------------
Processing part: 10E101...

part view found for this cell part.1.1
VAN 1.06-s08 running at Mar 29, 2011  11:59:26
Copyright Cadence Design Systems, Inc. 1994, 1996
Compiling source file "verilog_lib/verilog.v"

Warning! Ignoring protected portion of design                    [Van-VANPRD]  
         "verilog_lib/verilog.v", 81: 

Warning! Ignoring protected portion of design                    [Van-VANPRD]  
         "verilog_lib/verilog.v", 128: 

Warning! Ignoring protected portion of design                    [Van-VANPRD]  
         "verilog_lib/verilog.v", 169: 
Writing verilog_lib.MC10E101:vlog_model
Writing verilog_lib.MC100E101_CHILD:vlog_model
-------------------------------------------------------
Processing part: 10E104...

part view found for this cell part.1.1
VAN 1.06-s08 running at Mar 29, 2011  11:59:28
Copyright Cadence Design Systems, Inc. 1994, 1996
Compiling source file "verilog_lib/verilog.v"

Warning! Ignoring protected portion of design                    [Van-VANPRD]  
         "verilog_lib/verilog.v", 100: 

Warning! Ignoring protected portion of design                    [Van-VANPRD]  
         "verilog_lib/verilog.v", 154: 

Warning! Ignoring protected portion of design                    [Van-VANPRD]  
         "verilog_lib/verilog.v", 206: 
Writing verilog_lib.MC10E104:vlog_model
Writing verilog_lib.MC100E104_CHILD:vlog_model
-------------------------------------------------------
Processing part: 10E107...

part view found for this cell part.1.1
VAN 1.06-s08 running at Mar 29, 2011  11:59:29
Copyright Cadence Design Systems, Inc. 1994, 1996
Compiling source file "verilog_lib/verilog.v"

Warning! Ignoring protected portion of design                    [Van-VANPRD]  
         "verilog_lib/verilog.v", 107: 

Warning! Ignoring protected portion of design                    [Van-VANPRD]  
         "verilog_lib/verilog.v", 160: 

Warning! Ignoring protected portion of design                    [Van-VANPRD]  
         "verilog_lib/verilog.v", 209: 
Writing verilog_lib.MC10E107:vlog_model
Writing verilog_lib.MC100E107_CHILD:vlog_model
-------------------------------------------------------
Processing part: 10E116...

part view found for this cell part.1.1
VAN 1.06-s08 running at Mar 29, 2011  11:59:31
Copyright Cadence Design Systems, Inc. 1994, 1996
Compiling source file "verilog_lib/verilog.v"

Warning! Ignoring protected portion of design                    [Van-VANPRD]  
         "verilog_lib/verilog.v", 103: 

Warning! Ignoring protected portion of design                    [Van-VANPRD]  
         "verilog_lib/verilog.v", 229: 

Error!   Identifier (F_DIFFD0) not declared                      [Van-IDSND]   
         "verilog_lib/verilog.v", 232: 

Error!   Identifier (F_SED0) not declared                        [Van-IDSND]   
         "verilog_lib/verilog.v", 234: 

Error!   Identifier (F_DIFFD1) not declared                      [Van-IDSND]   
         "verilog_lib/verilog.v", 236: 

Error!   Identifier (F_SED1) not declared                        [Van-IDSND]   
         "verilog_lib/verilog.v", 238: 

Error!   Identifier (F_DIFFD2) not declared                      [Van-IDSND]   
         "verilog_lib/verilog.v", 240: 

Error!   Identifier (F_SED2) not declared                        [Van-IDSND]   
         "verilog_lib/verilog.v", 242: 

Error!   Identifier (F_DIFFD3) not declared                      [Van-IDSND]   
         "verilog_lib/verilog.v", 244: 

Error!   Identifier (F_SED3) not declared                        [Van-IDSND]   
         "verilog_lib/verilog.v", 246: 

Error!   Identifier (F_DIFFD4) not declared                      [Van-IDSND]   
         "verilog_lib/verilog.v", 248: 

Error!   Identifier (F_SED4) not declared                        [Van-IDSND]   
         "verilog_lib/verilog.v", 250: 

Warning! Ignoring protected portion of design                    [Van-VANPRD]  
         "verilog_lib/verilog.v", 322: 
Warning: /cad/SPB1601/tools/chdl_uprev/bin/van returned status=1 for part:10e116 and model:verilog.v...
-------------------------------------------------------
Processing part: 10E131...

part view found for this cell part.1.1
VAN 1.06-s08 running at Mar 29, 2011  11:59:33
Copyright Cadence Design Systems, Inc. 1994, 1996
Compiling source file "verilog_lib/verilog.v"

Warning! Ignoring protected portion of design                    [Van-VANPRD]  
         "verilog_lib/verilog.v", 94: 

Warning! Ignoring protected portion of design                    [Van-VANPRD]  
         "verilog_lib/verilog.v", 167: 

Warning! Ignoring protected portion of design                    [Van-VANPRD]  
         "verilog_lib/verilog.v", 299: 
Writing verilog_lib.MC10E131:vlog_model
Writing verilog_lib.MC100E131_CHILD:vlog_model
-------------------------------------------------------
Processing part: 10EL34...

part view found for this cell part.1.1
VAN 1.06-s08 running at Mar 29, 2011  11:59:34
Copyright Cadence Design Systems, Inc. 1994, 1996
Compiling source file "verilog_lib/verilog.v"
Writing verilog_lib.MC10EL34:vlog_model
-------------------------------------------------------
Processing part: 10H103_L...

part view found for this cell part.1.1
-------------------------------------------------------
Processing part: 10H104_L...

part view found for this cell part.1.1
VAN 1.06-s08 running at Mar 29, 2011  11:59:37
Copyright Cadence Design Systems, Inc. 1994, 1996
Compiling source file "verilog_lib/verilog.v"

Warning! Ignoring protected portion of design                    [Van-VANPRD]  
         "verilog_lib/verilog.v", 57: 

Warning! Ignoring protected portion of design                    [Van-VANPRD]  
         "verilog_lib/verilog.v", 89: 

Warning! Ignoring protected portion of design                    [Van-VANPRD]  
         "verilog_lib/verilog.v", 108: 
Writing verilog_lib.MC10H104_L:vlog_model
Writing verilog_lib.MC10H104_CHILD:vlog_model
-------------------------------------------------------
Processing part: 10H600...

part view found for this cell part.1.1
-------------------------------------------------------
Processing part: 10H601...

part view found for this cell part.1.1
-------------------------------------------------------
Processing part: 10H602...

part view found for this cell part.1.1
-------------------------------------------------------
Processing part: 10H603...

part view found for this cell part.1.1
VAN 1.06-s08 running at Mar 29, 2011  11:59:42
Copyright Cadence Design Systems, Inc. 1994, 1996
Compiling source file "verilog_lib/verilog.v"
Writing verilog_lib.MC10H603:vlog_model
-------------------------------------------------------
Processing part: 10H604...

part view found for this cell part.1.1
VAN 1.06-s08 running at Mar 29, 2011  11:59:44
Copyright Cadence Design Systems, Inc. 1994, 1996
Compiling source file "verilog_lib/verilog.v"
Writing verilog_lib.MC10H604:vlog_model
-------------------------------------------------------
Processing part: 10H605...

part view found for this cell part.1.1
VAN 1.06-s08 running at Mar 29, 2011  11:59:45
Copyright Cadence Design Systems, Inc. 1994, 1996
Compiling source file "verilog_lib/verilog.v"
Writing verilog_lib.MC10H605:vlog_model
-------------------------------------------------------
Processing part: AD7243...

part view found for this cell part.1.1
VAN 1.06-s08 running at Mar 29, 2011  11:59:47
Copyright Cadence Design Systems, Inc. 1994, 1996
Compiling source file "verilog_lib/verilog.v"

Error!   Port (QR_) not declared as input, output or inout       [Van-PNINO]   
         "verilog_lib/verilog.v", 8: 

Error!   Port (TRIG_) not declared as input, output or inout     [Van-PNINO]   
         "verilog_lib/verilog.v", 8: 

Error!   Port (RESET_) not declared as input, output or inout    [Van-PNINO]   
         "verilog_lib/verilog.v", 8: 

Error!   Port (OFF_ADJ) not declared as input, output or inout   [Van-PNINO]   
         "verilog_lib/verilog.v", 8: 

Error!   Port (CS) not declared as input, output or inout        [Van-PNINO]   
         "verilog_lib/verilog.v", 8: 

Error!   Port (RS) not declared as input, output or inout        [Van-PNINO]   
         "verilog_lib/verilog.v", 8: 

Error!   Port (ECL_REF) not declared as input, output or inout   [Van-PNINO]   
         "verilog_lib/verilog.v", 8: 

Error!   Port (LE) not declared as input, output or inout        [Van-PNINO]   
         "verilog_lib/verilog.v", 8: 

Error!   Port (ECL_COM) not declared as input, output or inout   [Van-PNINO]   
         "verilog_lib/verilog.v", 8: 

Error!   Port (RESET) not declared as input, output or inout     [Van-PNINO]   
         "verilog_lib/verilog.v", 8: 
Warning: /cad/SPB1601/tools/chdl_uprev/bin/van returned status=1 for part:ad7243 and model:verilog.v...
Error: The pin 'D<7>' does not exist in the chips.prt but exist in symbol.css
Error: chips and symbol out of sync!!
Error: The pin 'D<6>' does not exist in the chips.prt but exist in symbol.css
Error: chips and symbol out of sync!!
Error: The pin 'D<5>' does not exist in the chips.prt but exist in symbol.css
Error: chips and symbol out of sync!!
Error: The pin 'D<4>' does not exist in the chips.prt but exist in symbol.css
Error: chips and symbol out of sync!!
Error: The pin 'D<3>' does not exist in the chips.prt but exist in symbol.css
Error: chips and symbol out of sync!!
Error: The pin 'D<2>' does not exist in the chips.prt but exist in symbol.css
Error: chips and symbol out of sync!!
Error: The pin 'D<1>' does not exist in the chips.prt but exist in symbol.css
Error: chips and symbol out of sync!!
Error: The pin 'D<0>' does not exist in the chips.prt but exist in symbol.css
Error: chips and symbol out of sync!!
Error: The pin 'Q' does not exist in the chips.prt but exist in symbol.css
Error: chips and symbol out of sync!!
Error: The pin 'Q*' does not exist in the chips.prt but exist in symbol.css
Error: chips and symbol out of sync!!
Error: The pin 'QR*' does not exist in the chips.prt but exist in symbol.css
Error: chips and symbol out of sync!!
Error: The pin 'TRIG' does not exist in the chips.prt but exist in symbol.css
Error: chips and symbol out of sync!!
Error: The pin 'TRIG*' does not exist in the chips.prt but exist in symbol.css
Error: chips and symbol out of sync!!
Error: The pin 'RESET*' does not exist in the chips.prt but exist in symbol.css
Error: chips and symbol out of sync!!
Error: The pin 'OFF ADJ' does not exist in the chips.prt but exist in symbol.css
Error: chips and symbol out of sync!!
Error: The pin 'CS' does not exist in the chips.prt but exist in symbol.css
Error: chips and symbol out of sync!!
Error: The pin 'RS' does not exist in the chips.prt but exist in symbol.css
Error: chips and symbol out of sync!!
Error: The pin 'ECL REF' does not exist in the chips.prt but exist in symbol.css
Error: chips and symbol out of sync!!
Error: The pin 'LE' does not exist in the chips.prt but exist in symbol.css
Error: chips and symbol out of sync!!
Error: The pin 'ECL COM' does not exist in the chips.prt but exist in symbol.css
Error: chips and symbol out of sync!!
Error: The pin 'RESET' does not exist in the chips.prt but exist in symbol.css
Error: chips and symbol out of sync!!
-------------------------------------------------------
Processing part: AD9500...

VAN 1.06-s08 running at Mar 29, 2011  11:59:48
Copyright Cadence Design Systems, Inc. 1994, 1996
Compiling source file "verilog_lib/verilog.v"
Writing verilog_lib.AD9500:vlog_model
Error: The pin 'D' does not exist in the symbol.css but exist in chips.prt
Error: chips and symbol out of sync!!
Error: The pin 'D' does not exist in the symbol.css but exist in chips.prt
Error: chips and symbol out of sync!!
Error: The pin 'D' does not exist in the symbol.css but exist in chips.prt
Error: chips and symbol out of sync!!
Error: The pin 'D' does not exist in the symbol.css but exist in chips.prt
Error: chips and symbol out of sync!!
Error: The pin 'D' does not exist in the symbol.css but exist in chips.prt
Error: chips and symbol out of sync!!
Error: The pin 'D' does not exist in the symbol.css but exist in chips.prt
Error: chips and symbol out of sync!!
Error: The pin 'D' does not exist in the symbol.css but exist in chips.prt
Error: chips and symbol out of sync!!
-------------------------------------------------------
Processing part: CLOCK100...

part view found for this cell part.1.1
-------------------------------------------------------
Processing part: HFBR_1312T...

part view found for this cell part.1.1
-------------------------------------------------------
Processing part: HFBR_2316T...

part view found for this cell part.1.1
-------------------------------------------------------
Processing part: IDS_C10...

part view found for this cell part.1.1
VAN 1.06-s08 running at Mar 29, 2011  11:59:53
Copyright Cadence Design Systems, Inc. 1994, 1996
Compiling source file "verilog_lib/verilog.v"
Writing verilog_lib.IDS_C10:vlog_model
-------------------------------------------------------
Processing part: IDS_C14...

part view found for this cell part.1.1
VAN 1.06-s08 running at Mar 29, 2011  11:59:54
Copyright Cadence Design Systems, Inc. 1994, 1996
Compiling source file "verilog_lib/verilog.v"
Writing verilog_lib.IDS_C14:vlog_model
-------------------------------------------------------
Processing part: IDS_C34...

part view found for this cell part.1.1
VAN 1.06-s08 running at Mar 29, 2011  11:59:56
Copyright Cadence Design Systems, Inc. 1994, 1996
Compiling source file "verilog_lib/verilog.v"
Writing verilog_lib.IDS_C34:vlog_model
-------------------------------------------------------
Processing part: IDT7201A_L...

part view found for this cell part.1.1
VAN 1.06-s08 running at Mar 29, 2011  11:59:58
Copyright Cadence Design Systems, Inc. 1994, 1996
Compiling source file "verilog_lib/verilog.v"
Writing verilog_lib.IDT7201A_L:vlog_model
Error: The pin 'D' does not exist in the symbol.css but exist in chips.prt
Error: chips and symbol out of sync!!
Error: The pin 'D' does not exist in the symbol.css but exist in chips.prt
Error: chips and symbol out of sync!!
Error: The pin 'D' does not exist in the symbol.css but exist in chips.prt
Error: chips and symbol out of sync!!
Error: The pin 'D' does not exist in the symbol.css but exist in chips.prt
Error: chips and symbol out of sync!!
Error: The pin 'D' does not exist in the symbol.css but exist in chips.prt
Error: chips and symbol out of sync!!
Error: The pin 'D' does not exist in the symbol.css but exist in chips.prt
Error: chips and symbol out of sync!!
Error: The pin 'D' does not exist in the symbol.css but exist in chips.prt
Error: chips and symbol out of sync!!
Error: The pin 'D' does not exist in the symbol.css but exist in chips.prt
Error: chips and symbol out of sync!!
Error: The pin 'Q' does not exist in the symbol.css but exist in chips.prt
Error: chips and symbol out of sync!!
Error: The pin 'Q' does not exist in the symbol.css but exist in chips.prt
Error: chips and symbol out of sync!!
Error: The pin 'Q' does not exist in the symbol.css but exist in chips.prt
Error: chips and symbol out of sync!!
Error: The pin 'Q' does not exist in the symbol.css but exist in chips.prt
Error: chips and symbol out of sync!!
Error: The pin 'Q' does not exist in the symbol.css but exist in chips.prt
Error: chips and symbol out of sync!!
Error: The pin 'Q' does not exist in the symbol.css but exist in chips.prt
Error: chips and symbol out of sync!!
Error: The pin 'Q' does not exist in the symbol.css but exist in chips.prt
Error: chips and symbol out of sync!!
Error: The pin 'Q' does not exist in the symbol.css but exist in chips.prt
Error: chips and symbol out of sync!!
-------------------------------------------------------
Processing part: IDT7282...

part view found for this cell part.1.1
VAN 1.06-s08 running at Mar 29, 2011  11:59:59
Copyright Cadence Design Systems, Inc. 1994, 1996
Compiling source file "verilog_lib/verilog.v"
Writing verilog_lib.IDT7282:vlog_model
-------------------------------------------------------
Processing part: JUMPER...

part view found for this cell part.1.1
ERROR: 'JUMPER' has symbol (body) view with page
        greater than 1. Ignoring symbol '/tmp/uprev_18439/UPREV/body.1.2' !!
VAN 1.06-s08 running at Mar 29, 2011  12:00:01
Copyright Cadence Design Systems, Inc. 1994, 1996
Compiling source file "verilog_lib/verilog.v"
Writing verilog_lib.JUMPER:vlog_model
-------------------------------------------------------
Processing part: MC10198...

part view found for this cell part.1.1
VAN 1.06-s08 running at Mar 29, 2011  12:00:02
Copyright Cadence Design Systems, Inc. 1994, 1996
Compiling source file "verilog_lib/verilog.v"

Error!   Port (QR_) not declared as input, output or inout       [Van-PNINO]   
         "verilog_lib/verilog.v", 8: 

Error!   Port (TRIG_) not declared as input, output or inout     [Van-PNINO]   
         "verilog_lib/verilog.v", 8: 

Error!   Port (RESET_) not declared as input, output or inout    [Van-PNINO]   
         "verilog_lib/verilog.v", 8: 

Error!   Port (OFF_ADJ) not declared as input, output or inout   [Van-PNINO]   
         "verilog_lib/verilog.v", 8: 

Error!   Port (CS) not declared as input, output or inout        [Van-PNINO]   
         "verilog_lib/verilog.v", 8: 

Error!   Port (RS) not declared as input, output or inout        [Van-PNINO]   
         "verilog_lib/verilog.v", 8: 

Error!   Port (ECL_REF) not declared as input, output or inout   [Van-PNINO]   
         "verilog_lib/verilog.v", 8: 

Error!   Port (LE) not declared as input, output or inout        [Van-PNINO]   
         "verilog_lib/verilog.v", 8: 

Error!   Port (ECL_COM) not declared as input, output or inout   [Van-PNINO]   
         "verilog_lib/verilog.v", 8: 

Error!   Port (RESET) not declared as input, output or inout     [Van-PNINO]   
         "verilog_lib/verilog.v", 8: 
Warning: /cad/SPB1601/tools/chdl_uprev/bin/van returned status=1 for part:mc10198 and model:verilog.v...
Error: The pin 'HSTRIG' does not exist in the symbol.css but exist in chips.prt
Error: chips and symbol out of sync!!
Error: The pin 'TRIG' does not exist in the symbol.css but exist in chips.prt
Error: chips and symbol out of sync!!
Error: The pin 'ENEG' does not exist in the symbol.css but exist in chips.prt
Error: chips and symbol out of sync!!
Error: The pin 'EPWC' does not exist in the symbol.css but exist in chips.prt
Error: chips and symbol out of sync!!
Error: The pin 'EPOS' does not exist in the symbol.css but exist in chips.prt
Error: chips and symbol out of sync!!
Error: The pin 'REXT' does not exist in the symbol.css but exist in chips.prt
Error: chips and symbol out of sync!!
Error: The pin 'CEXT' does not exist in the symbol.css but exist in chips.prt
Error: chips and symbol out of sync!!
Error: The pin 'Q' does not exist in the symbol.css but exist in chips.prt
Error: chips and symbol out of sync!!
Error: The pin 'Q' does not exist in the symbol.css but exist in chips.prt
Error: chips and symbol out of sync!!
Error: The pin 'EPOS' does not exist in the symbol.css but exist in chips.prt
Error: chips and symbol out of sync!!
Error: The pin 'ENEG' does not exist in the symbol.css but exist in chips.prt
Error: chips and symbol out of sync!!
Error: The pin 'TRIG' does not exist in the symbol.css but exist in chips.prt
Error: chips and symbol out of sync!!
Error: The pin 'HSTRIG' does not exist in the symbol.css but exist in chips.prt
Error: chips and symbol out of sync!!
Error: The pin 'EPWC' does not exist in the symbol.css but exist in chips.prt
Error: chips and symbol out of sync!!
Error: The pin 'REXT' does not exist in the symbol.css but exist in chips.prt
Error: chips and symbol out of sync!!
Error: The pin 'CEXT' does not exist in the symbol.css but exist in chips.prt
Error: chips and symbol out of sync!!
Error: The pin 'Q' does not exist in the symbol.css but exist in chips.prt
Error: chips and symbol out of sync!!
Error: The pin 'Q' does not exist in the symbol.css but exist in chips.prt
Error: chips and symbol out of sync!!
Error: The pin 'D<7>' does not exist in the chips.prt but exist in symbol.css
Error: chips and symbol out of sync!!
Error: The pin 'D<6>' does not exist in the chips.prt but exist in symbol.css
Error: chips and symbol out of sync!!
Error: The pin 'D<5>' does not exist in the chips.prt but exist in symbol.css
Error: chips and symbol out of sync!!
Error: The pin 'D<4>' does not exist in the chips.prt but exist in symbol.css
Error: chips and symbol out of sync!!
Error: The pin 'D<3>' does not exist in the chips.prt but exist in symbol.css
Error: chips and symbol out of sync!!
Error: The pin 'D<2>' does not exist in the chips.prt but exist in symbol.css
Error: chips and symbol out of sync!!
Error: The pin 'D<1>' does not exist in the chips.prt but exist in symbol.css
Error: chips and symbol out of sync!!
Error: The pin 'D<0>' does not exist in the chips.prt but exist in symbol.css
Error: chips and symbol out of sync!!
Error: The pin 'QR*' does not exist in the chips.prt but exist in symbol.css
Error: chips and symbol out of sync!!
Error: The pin 'TRIG*' does not exist in the chips.prt but exist in symbol.css
Error: chips and symbol out of sync!!
Error: The pin 'RESET*' does not exist in the chips.prt but exist in symbol.css
Error: chips and symbol out of sync!!
Error: The pin 'OFF ADJ' does not exist in the chips.prt but exist in symbol.css
Error: chips and symbol out of sync!!
Error: The pin 'CS' does not exist in the chips.prt but exist in symbol.css
Error: chips and symbol out of sync!!
Error: The pin 'RS' does not exist in the chips.prt but exist in symbol.css
Error: chips and symbol out of sync!!
Error: The pin 'ECL REF' does not exist in the chips.prt but exist in symbol.css
Error: chips and symbol out of sync!!
Error: The pin 'LE' does not exist in the chips.prt but exist in symbol.css
Error: chips and symbol out of sync!!
Error: The pin 'ECL COM' does not exist in the chips.prt but exist in symbol.css
Error: chips and symbol out of sync!!
Error: The pin 'RESET' does not exist in the chips.prt but exist in symbol.css
Error: chips and symbol out of sync!!
-------------------------------------------------------
Processing part: SMLED...

part view found for this cell part.1.1
VAN 1.06-s08 running at Mar 29, 2011  12:00:04
Copyright Cadence Design Systems, Inc. 1994, 1996
Compiling source file "verilog_lib/verilog.v"
Writing verilog_lib.SMLED:vlog_model
-------------------------------------------------------
Processing part: XCOUNTSYNCT...

VAN 1.06-s08 running at Mar 29, 2011  12:00:06
Copyright Cadence Design Systems, Inc. 1994, 1996
Compiling source file "verilog_lib/verilog.v"
Writing verilog_lib.xcountsynct:vlog_model
Writing verilog_lib.xcountsync_globals:vlog_model
Error: The pin 'XTRIGCOMB' does not exist in the symbol.css but exist in chips.prt
Error: chips and symbol out of sync!!
Error: The pin 'XTRIGCOMB' does not exist in the symbol.css but exist in chips.prt
Error: chips and symbol out of sync!!
Error: The pin 'XTRIGCOMB' does not exist in the symbol.css but exist in chips.prt
Error: chips and symbol out of sync!!
Error: The pin 'XTRIGCOMB' does not exist in the symbol.css but exist in chips.prt
Error: chips and symbol out of sync!!
Error: The pin 'XTRIGCOMB' does not exist in the symbol.css but exist in chips.prt
Error: chips and symbol out of sync!!
Error: The pin 'XTRIGCOMB' does not exist in the symbol.css but exist in chips.prt
Error: chips and symbol out of sync!!
Error: The pin 'XTRIGCOMB' does not exist in the symbol.css but exist in chips.prt
Error: chips and symbol out of sync!!
Error: The pin 'XTRIGCOMB' does not exist in the symbol.css but exist in chips.prt
Error: chips and symbol out of sync!!
Error: The pin 'XFF_LA' does not exist in the symbol.css but exist in chips.prt
Error: chips and symbol out of sync!!
Error: The pin 'XFF_LA' does not exist in the symbol.css but exist in chips.prt
Error: chips and symbol out of sync!!
Error: The pin 'XFF_LA' does not exist in the symbol.css but exist in chips.prt
Error: chips and symbol out of sync!!
Error: The pin 'XFF_LA' does not exist in the symbol.css but exist in chips.prt
Error: chips and symbol out of sync!!
Error: The pin 'XFF_LA' does not exist in the symbol.css but exist in chips.prt
Error: chips and symbol out of sync!!
Error: The pin 'XFF_LA' does not exist in the symbol.css but exist in chips.prt
Error: chips and symbol out of sync!!
Error: The pin 'XFF_LA' does not exist in the symbol.css but exist in chips.prt
Error: chips and symbol out of sync!!
Error: The pin 'XFF_LA' does not exist in the symbol.css but exist in chips.prt
Error: chips and symbol out of sync!!
Error: The pin 'XFF_LA' does not exist in the symbol.css but exist in chips.prt
Error: chips and symbol out of sync!!
Error: The pin 'XFF_LA' does not exist in the symbol.css but exist in chips.prt
Error: chips and symbol out of sync!!
Error: The pin 'XFF_LA' does not exist in the symbol.css but exist in chips.prt
Error: chips and symbol out of sync!!
Error: The pin 'XFF_LA' does not exist in the symbol.css but exist in chips.prt
Error: chips and symbol out of sync!!
Error: The pin 'XFF_LA' does not exist in the symbol.css but exist in chips.prt
Error: chips and symbol out of sync!!
Error: The pin 'XFF_LA' does not exist in the symbol.css but exist in chips.prt
Error: chips and symbol out of sync!!
Error: The pin 'XFF_LA' does not exist in the symbol.css but exist in chips.prt
Error: chips and symbol out of sync!!
Error: The pin 'XFF_LA' does not exist in the symbol.css but exist in chips.prt
Error: chips and symbol out of sync!!
Error: The pin 'XFF_LA' does not exist in the symbol.css but exist in chips.prt
Error: chips and symbol out of sync!!
Error: The pin 'XFF_LA' does not exist in the symbol.css but exist in chips.prt
Error: chips and symbol out of sync!!
Error: The pin 'XFF_LA' does not exist in the symbol.css but exist in chips.prt
Error: chips and symbol out of sync!!
Error: The pin 'XFF_LA' does not exist in the symbol.css but exist in chips.prt
Error: chips and symbol out of sync!!
Error: The pin 'XFF_LA' does not exist in the symbol.css but exist in chips.prt
Error: chips and symbol out of sync!!
Error: The pin 'XFF_LA' does not exist in the symbol.css but exist in chips.prt
Error: chips and symbol out of sync!!
Error: The pin 'XFF_LA' does not exist in the symbol.css but exist in chips.prt
Error: chips and symbol out of sync!!
Error: The pin 'XERR' does not exist in the symbol.css but exist in chips.prt
Error: chips and symbol out of sync!!
Error: The pin 'XERR' does not exist in the symbol.css but exist in chips.prt
Error: chips and symbol out of sync!!
Error: The pin 'XERR' does not exist in the symbol.css but exist in chips.prt
Error: chips and symbol out of sync!!
Error: The pin 'XERR' does not exist in the symbol.css but exist in chips.prt
Error: chips and symbol out of sync!!
Error: The pin 'XERR' does not exist in the symbol.css but exist in chips.prt
Error: chips and symbol out of sync!!
Error: The pin 'XERR' does not exist in the symbol.css but exist in chips.prt
Error: chips and symbol out of sync!!
Error: The pin 'XEF_LA' does not exist in the symbol.css but exist in chips.prt
Error: chips and symbol out of sync!!
Error: The pin 'XEF_LA' does not exist in the symbol.css but exist in chips.prt
Error: chips and symbol out of sync!!
Error: The pin 'XEF_LA' does not exist in the symbol.css but exist in chips.prt
Error: chips and symbol out of sync!!
Error: The pin 'XEF_LA' does not exist in the symbol.css but exist in chips.prt
Error: chips and symbol out of sync!!
Error: The pin 'XEF_LA' does not exist in the symbol.css but exist in chips.prt
Error: chips and symbol out of sync!!
Error: The pin 'XEF_LA' does not exist in the symbol.css but exist in chips.prt
Error: chips and symbol out of sync!!
Error: The pin 'XEF_LA' does not exist in the symbol.css but exist in chips.prt
Error: chips and symbol out of sync!!
Error: The pin 'XEF_LA' does not exist in the symbol.css but exist in chips.prt
Error: chips and symbol out of sync!!
Error: The pin 'XEF_LA' does not exist in the symbol.css but exist in chips.prt
Error: chips and symbol out of sync!!
Error: The pin 'XEF_LA' does not exist in the symbol.css but exist in chips.prt
Error: chips and symbol out of sync!!
Error: The pin 'XEF_LA' does not exist in the symbol.css but exist in chips.prt
Error: chips and symbol out of sync!!
Error: The pin 'XEF_LA' does not exist in the symbol.css but exist in chips.prt
Error: chips and symbol out of sync!!
Error: The pin 'XEF_LA' does not exist in the symbol.css but exist in chips.prt
Error: chips and symbol out of sync!!
Error: The pin 'XEF_LA' does not exist in the symbol.css but exist in chips.prt
Error: chips and symbol out of sync!!
Error: The pin 'XEF_LA' does not exist in the symbol.css but exist in chips.prt
Error: chips and symbol out of sync!!
Error: The pin 'XEF_LA' does not exist in the symbol.css but exist in chips.prt
Error: chips and symbol out of sync!!
Error: The pin 'XEF_LA' does not exist in the symbol.css but exist in chips.prt
Error: chips and symbol out of sync!!
Error: The pin 'XEF_LA' does not exist in the symbol.css but exist in chips.prt
Error: chips and symbol out of sync!!
Error: The pin 'XEF_LA' does not exist in the symbol.css but exist in chips.prt
Error: chips and symbol out of sync!!
Error: The pin 'XEF_LA' does not exist in the symbol.css but exist in chips.prt
Error: chips and symbol out of sync!!
Error: The pin 'XEF_LA' does not exist in the symbol.css but exist in chips.prt
Error: chips and symbol out of sync!!
Error: The pin 'XEF_LA' does not exist in the symbol.css but exist in chips.prt
Error: chips and symbol out of sync!!
Error: The pin 'XEF_LA' does not exist in the symbol.css but exist in chips.prt
Error: chips and symbol out of sync!!
Error: The pin 'SPARES' does not exist in the symbol.css but exist in chips.prt
Error: chips and symbol out of sync!!
Error: The pin 'SPARES' does not exist in the symbol.css but exist in chips.prt
Error: chips and symbol out of sync!!
Error: The pin 'SPARES' does not exist in the symbol.css but exist in chips.prt
Error: chips and symbol out of sync!!
Error: The pin 'SPARES' does not exist in the symbol.css but exist in chips.prt
Error: chips and symbol out of sync!!
Error: The pin 'SPARES' does not exist in the symbol.css but exist in chips.prt
Error: chips and symbol out of sync!!
Error: The pin 'SPARES' does not exist in the symbol.css but exist in chips.prt
Error: chips and symbol out of sync!!
Error: The pin 'SPARES' does not exist in the symbol.css but exist in chips.prt
Error: chips and symbol out of sync!!
Error: The pin 'SPARES' does not exist in the symbol.css but exist in chips.prt
Error: chips and symbol out of sync!!
Error: The pin 'SPARES' does not exist in the symbol.css but exist in chips.prt
Error: chips and symbol out of sync!!
-------------------------------------------------------
Processing part: XMEMFIFOT...

VAN 1.06-s08 running at Mar 29, 2011  12:00:07
Copyright Cadence Design Systems, Inc. 1994, 1996
Compiling source file "verilog_lib/verilog.v"
Writing verilog_lib.xmemfifot:vlog_model
Writing verilog_lib.xmemfifo_globals:vlog_model
Error: The pin 'XSIMM_EN-' does not exist in the symbol.css but exist in chips.prt
Error: chips and symbol out of sync!!
Error: The pin 'XSIMM_EN-' does not exist in the symbol.css but exist in chips.prt
Error: chips and symbol out of sync!!
Error: The pin 'XSIMM_EN-' does not exist in the symbol.css but exist in chips.prt
Error: chips and symbol out of sync!!
Error: The pin 'XSIMM_EN-' does not exist in the symbol.css but exist in chips.prt
Error: chips and symbol out of sync!!
Error: The pin 'XSIMM_EN-' does not exist in the symbol.css but exist in chips.prt
Error: chips and symbol out of sync!!
Error: The pin 'XSIMM_EN-' does not exist in the symbol.css but exist in chips.prt
Error: chips and symbol out of sync!!
Error: The pin 'XSIMM_EN-' does not exist in the symbol.css but exist in chips.prt
Error: chips and symbol out of sync!!
Error: The pin 'XBWR_ADD' does not exist in the symbol.css but exist in chips.prt
Error: chips and symbol out of sync!!
Error: The pin 'XBWR_ADD' does not exist in the symbol.css but exist in chips.prt
Error: chips and symbol out of sync!!
Error: The pin 'XBWR_ADD' does not exist in the symbol.css but exist in chips.prt
Error: chips and symbol out of sync!!
Error: The pin 'XBWR_ADD' does not exist in the symbol.css but exist in chips.prt
Error: chips and symbol out of sync!!
Error: The pin 'XBWR_ADD' does not exist in the symbol.css but exist in chips.prt
Error: chips and symbol out of sync!!
Error: The pin 'XBWR_ADD' does not exist in the symbol.css but exist in chips.prt
Error: chips and symbol out of sync!!
Error: The pin 'XBWR_ADD' does not exist in the symbol.css but exist in chips.prt
Error: chips and symbol out of sync!!
Error: The pin 'XBWR_ADD' does not exist in the symbol.css but exist in chips.prt
Error: chips and symbol out of sync!!
Error: The pin 'XBWR_ADD' does not exist in the symbol.css but exist in chips.prt
Error: chips and symbol out of sync!!
Error: The pin 'XBWR_ADD' does not exist in the symbol.css but exist in chips.prt
Error: chips and symbol out of sync!!
Error: The pin 'XBWR_ADD' does not exist in the symbol.css but exist in chips.prt
Error: chips and symbol out of sync!!
Error: The pin 'XBWR_ADD' does not exist in the symbol.css but exist in chips.prt
Error: chips and symbol out of sync!!
Error: The pin 'XBWR_ADD' does not exist in the symbol.css but exist in chips.prt
Error: chips and symbol out of sync!!
Error: The pin 'XBWR_ADD' does not exist in the symbol.css but exist in chips.prt
Error: chips and symbol out of sync!!
Error: The pin 'XBWR_ADD' does not exist in the symbol.css but exist in chips.prt
Error: chips and symbol out of sync!!
Error: The pin 'XBWR_ADD' does not exist in the symbol.css but exist in chips.prt
Error: chips and symbol out of sync!!
Error: The pin 'XBWR_ADD' does not exist in the symbol.css but exist in chips.prt
Error: chips and symbol out of sync!!
Error: The pin 'XBWR_ADD' does not exist in the symbol.css but exist in chips.prt
Error: chips and symbol out of sync!!
Error: The pin 'XBWR_ADD' does not exist in the symbol.css but exist in chips.prt
Error: chips and symbol out of sync!!
Error: The pin 'XBBA' does not exist in the symbol.css but exist in chips.prt
Error: chips and symbol out of sync!!
Error: The pin 'XBBA' does not exist in the symbol.css but exist in chips.prt
Error: chips and symbol out of sync!!
Error: The pin 'XBBA' does not exist in the symbol.css but exist in chips.prt
Error: chips and symbol out of sync!!
Error: The pin 'XBBA' does not exist in the symbol.css but exist in chips.prt
Error: chips and symbol out of sync!!
Error: The pin 'XBBA' does not exist in the symbol.css but exist in chips.prt
Error: chips and symbol out of sync!!
Error: The pin 'XBBA' does not exist in the symbol.css but exist in chips.prt
Error: chips and symbol out of sync!!
Error: The pin 'XBBA' does not exist in the symbol.css but exist in chips.prt
Error: chips and symbol out of sync!!
Error: The pin 'XBBA' does not exist in the symbol.css but exist in chips.prt
Error: chips and symbol out of sync!!
Error: The pin 'XBBA' does not exist in the symbol.css but exist in chips.prt
Error: chips and symbol out of sync!!
Error: The pin 'XBBA' does not exist in the symbol.css but exist in chips.prt
Error: chips and symbol out of sync!!
Error: The pin 'XBBA' does not exist in the symbol.css but exist in chips.prt
Error: chips and symbol out of sync!!
Error: The pin 'XBBA' does not exist in the symbol.css but exist in chips.prt
Error: chips and symbol out of sync!!
Error: The pin 'XBBA' does not exist in the symbol.css but exist in chips.prt
Error: chips and symbol out of sync!!
Error: The pin 'XBBA' does not exist in the symbol.css but exist in chips.prt
Error: chips and symbol out of sync!!
Error: The pin 'XBBA' does not exist in the symbol.css but exist in chips.prt
Error: chips and symbol out of sync!!
Error: The pin 'XBBA' does not exist in the symbol.css but exist in chips.prt
Error: chips and symbol out of sync!!
Error: The pin 'XBBA' does not exist in the symbol.css but exist in chips.prt
Error: chips and symbol out of sync!!
Error: The pin 'XBBA' does not exist in the symbol.css but exist in chips.prt
Error: chips and symbol out of sync!!
Error: The pin 'XBBA' does not exist in the symbol.css but exist in chips.prt
Error: chips and symbol out of sync!!
Error: The pin 'XBBA' does not exist in the symbol.css but exist in chips.prt
Error: chips and symbol out of sync!!
Error: The pin 'XBBA' does not exist in the symbol.css but exist in chips.prt
Error: chips and symbol out of sync!!
Error: The pin 'XBBA' does not exist in the symbol.css but exist in chips.prt
Error: chips and symbol out of sync!!
Error: The pin 'SPARES' does not exist in the symbol.css but exist in chips.prt
Error: chips and symbol out of sync!!
Error: The pin 'SPARES' does not exist in the symbol.css but exist in chips.prt
Error: chips and symbol out of sync!!
Error: The pin 'SPARES' does not exist in the symbol.css but exist in chips.prt
Error: chips and symbol out of sync!!
Error: The pin 'SPARES' does not exist in the symbol.css but exist in chips.prt
Error: chips and symbol out of sync!!
Error: The pin 'SPARES' does not exist in the symbol.css but exist in chips.prt
Error: chips and symbol out of sync!!
Error: The pin 'SPARES' does not exist in the symbol.css but exist in chips.prt
Error: chips and symbol out of sync!!
Error: The pin 'SPARES' does not exist in the symbol.css but exist in chips.prt
Error: chips and symbol out of sync!!
Error: The pin 'SPARES' does not exist in the symbol.css but exist in chips.prt
Error: chips and symbol out of sync!!
Error: The pin 'SPARES' does not exist in the symbol.css but exist in chips.prt
Error: chips and symbol out of sync!!
-------------------------------------------------------
Processing part: XVMETRIG3T...

VAN 1.06-s08 running at Mar 29, 2011  12:00:09
Copyright Cadence Design Systems, Inc. 1994, 1996
Compiling source file "verilog_lib/verilog.v"
Writing verilog_lib.xvmetrig3t:vlog_model
Writing verilog_lib.xvmetrig3_globals:vlog_model
Error: The pin 'XREGWR_LA' does not exist in the symbol.css but exist in chips.prt
Error: chips and symbol out of sync!!
Error: The pin 'XREGWR_LA' does not exist in the symbol.css but exist in chips.prt
Error: chips and symbol out of sync!!
Error: The pin 'XREGWR_LA' does not exist in the symbol.css but exist in chips.prt
Error: chips and symbol out of sync!!
Error: The pin 'XREGWR_LA' does not exist in the symbol.css but exist in chips.prt
Error: chips and symbol out of sync!!
Error: The pin 'XREGWR_LA' does not exist in the symbol.css but exist in chips.prt
Error: chips and symbol out of sync!!
Error: The pin 'XREGWR_LA' does not exist in the symbol.css but exist in chips.prt
Error: chips and symbol out of sync!!
Error: The pin 'XREGWR_LA' does not exist in the symbol.css but exist in chips.prt
Error: chips and symbol out of sync!!
Error: The pin 'XREGWR_LA' does not exist in the symbol.css but exist in chips.prt
Error: chips and symbol out of sync!!
Error: The pin 'XREGWR_LA' does not exist in the symbol.css but exist in chips.prt
Error: chips and symbol out of sync!!
Error: The pin 'XREGWR_LA' does not exist in the symbol.css but exist in chips.prt
Error: chips and symbol out of sync!!
Error: The pin 'XREGWR_LA' does not exist in the symbol.css but exist in chips.prt
Error: chips and symbol out of sync!!
Error: The pin 'XREGWR_LA' does not exist in the symbol.css but exist in chips.prt
Error: chips and symbol out of sync!!
Error: The pin 'XREGWR_LA' does not exist in the symbol.css but exist in chips.prt
Error: chips and symbol out of sync!!
Error: The pin 'XREGWR_LA' does not exist in the symbol.css but exist in chips.prt
Error: chips and symbol out of sync!!
Error: The pin 'XREGWR_LA' does not exist in the symbol.css but exist in chips.prt
Error: chips and symbol out of sync!!
Error: The pin 'XREGWR_LA' does not exist in the symbol.css but exist in chips.prt
Error: chips and symbol out of sync!!
Error: The pin 'XREGWR_LA' does not exist in the symbol.css but exist in chips.prt
Error: chips and symbol out of sync!!
Error: The pin 'XREGWR_LA' does not exist in the symbol.css but exist in chips.prt
Error: chips and symbol out of sync!!
Error: The pin 'XREGWR_LA' does not exist in the symbol.css but exist in chips.prt
Error: chips and symbol out of sync!!
Error: The pin 'XREGWR_LA' does not exist in the symbol.css but exist in chips.prt
Error: chips and symbol out of sync!!
Error: The pin 'XREGWR_LA' does not exist in the symbol.css but exist in chips.prt
Error: chips and symbol out of sync!!
Error: The pin 'XREGWR_LA' does not exist in the symbol.css but exist in chips.prt
Error: chips and symbol out of sync!!
Error: The pin 'XREGWR_LA' does not exist in the symbol.css but exist in chips.prt
Error: chips and symbol out of sync!!
Error: The pin 'XREGWR_LA' does not exist in the symbol.css but exist in chips.prt
Error: chips and symbol out of sync!!
Error: The pin 'XREGWR_LA' does not exist in the symbol.css but exist in chips.prt
Error: chips and symbol out of sync!!
Error: The pin 'XREGWR_LA' does not exist in the symbol.css but exist in chips.prt
Error: chips and symbol out of sync!!
Error: The pin 'XREGWR_LA' does not exist in the symbol.css but exist in chips.prt
Error: chips and symbol out of sync!!
Error: The pin 'XREGWR_LA' does not exist in the symbol.css but exist in chips.prt
Error: chips and symbol out of sync!!
Error: The pin 'XREGWR_LA' does not exist in the symbol.css but exist in chips.prt
Error: chips and symbol out of sync!!
Error: The pin 'XREGWR_LA' does not exist in the symbol.css but exist in chips.prt
Error: chips and symbol out of sync!!
Error: The pin 'XREGWR_LA' does not exist in the symbol.css but exist in chips.prt
Error: chips and symbol out of sync!!
Error: The pin 'XREGRD_LA' does not exist in the symbol.css but exist in chips.prt
Error: chips and symbol out of sync!!
Error: The pin 'XREGRD_LA' does not exist in the symbol.css but exist in chips.prt
Error: chips and symbol out of sync!!
Error: The pin 'XREGRD_LA' does not exist in the symbol.css but exist in chips.prt
Error: chips and symbol out of sync!!
Error: The pin 'XREGRD_LA' does not exist in the symbol.css but exist in chips.prt
Error: chips and symbol out of sync!!
Error: The pin 'XREGRD_LA' does not exist in the symbol.css but exist in chips.prt
Error: chips and symbol out of sync!!
Error: The pin 'XREGRD_LA' does not exist in the symbol.css but exist in chips.prt
Error: chips and symbol out of sync!!
Error: The pin 'XREGRD_LA' does not exist in the symbol.css but exist in chips.prt
Error: chips and symbol out of sync!!
Error: The pin 'XREGRD_LA' does not exist in the symbol.css but exist in chips.prt
Error: chips and symbol out of sync!!
Error: The pin 'XREGRD_LA' does not exist in the symbol.css but exist in chips.prt
Error: chips and symbol out of sync!!
Error: The pin 'XREGRD_LA' does not exist in the symbol.css but exist in chips.prt
Error: chips and symbol out of sync!!
Error: The pin 'XREGRD_LA' does not exist in the symbol.css but exist in chips.prt
Error: chips and symbol out of sync!!
Error: The pin 'XREGRD_LA' does not exist in the symbol.css but exist in chips.prt
Error: chips and symbol out of sync!!
Error: The pin 'XREGRD_LA' does not exist in the symbol.css but exist in chips.prt
Error: chips and symbol out of sync!!
Error: The pin 'XREGRD_LA' does not exist in the symbol.css but exist in chips.prt
Error: chips and symbol out of sync!!
Error: The pin 'XREGRD_LA' does not exist in the symbol.css but exist in chips.prt
Error: chips and symbol out of sync!!
Error: The pin 'XREGRD_LA' does not exist in the symbol.css but exist in chips.prt
Error: chips and symbol out of sync!!
Error: The pin 'XREGRD_LA' does not exist in the symbol.css but exist in chips.prt
Error: chips and symbol out of sync!!
Error: The pin 'XREGRD_LA' does not exist in the symbol.css but exist in chips.prt
Error: chips and symbol out of sync!!
Error: The pin 'XREGRD_LA' does not exist in the symbol.css but exist in chips.prt
Error: chips and symbol out of sync!!
Error: The pin 'XREGRD_LA' does not exist in the symbol.css but exist in chips.prt
Error: chips and symbol out of sync!!
Error: The pin 'XREGRD_LA' does not exist in the symbol.css but exist in chips.prt
Error: chips and symbol out of sync!!
Error: The pin 'XREGRD_LA' does not exist in the symbol.css but exist in chips.prt
Error: chips and symbol out of sync!!
Error: The pin 'XREGRD_LA' does not exist in the symbol.css but exist in chips.prt
Error: chips and symbol out of sync!!
Error: The pin 'XREGRD_LA' does not exist in the symbol.css but exist in chips.prt
Error: chips and symbol out of sync!!
Error: The pin 'XREGRD_LA' does not exist in the symbol.css but exist in chips.prt
Error: chips and symbol out of sync!!
Error: The pin 'XREGRD_LA' does not exist in the symbol.css but exist in chips.prt
Error: chips and symbol out of sync!!
Error: The pin 'XREGRD_LA' does not exist in the symbol.css but exist in chips.prt
Error: chips and symbol out of sync!!
Error: The pin 'XREGRD_LA' does not exist in the symbol.css but exist in chips.prt
Error: chips and symbol out of sync!!
Error: The pin 'XREGRD_LA' does not exist in the symbol.css but exist in chips.prt
Error: chips and symbol out of sync!!
Error: The pin 'XREGRD_LA' does not exist in the symbol.css but exist in chips.prt
Error: chips and symbol out of sync!!
Error: The pin 'XREGRD_LA' does not exist in the symbol.css but exist in chips.prt
Error: chips and symbol out of sync!!
Error: The pin 'XBAM' does not exist in the symbol.css but exist in chips.prt
Error: chips and symbol out of sync!!
Error: The pin 'XBAM' does not exist in the symbol.css but exist in chips.prt
Error: chips and symbol out of sync!!
Error: The pin 'XBAM' does not exist in the symbol.css but exist in chips.prt
Error: chips and symbol out of sync!!
Error: The pin 'XBAM' does not exist in the symbol.css but exist in chips.prt
Error: chips and symbol out of sync!!
Error: The pin 'XBAM' does not exist in the symbol.css but exist in chips.prt
Error: chips and symbol out of sync!!
Error: The pin 'XBA' does not exist in the symbol.css but exist in chips.prt
Error: chips and symbol out of sync!!
Error: The pin 'XBA' does not exist in the symbol.css but exist in chips.prt
Error: chips and symbol out of sync!!
Error: The pin 'XBA' does not exist in the symbol.css but exist in chips.prt
Error: chips and symbol out of sync!!
Error: The pin 'XBA' does not exist in the symbol.css but exist in chips.prt
Error: chips and symbol out of sync!!
Error: The pin 'XBA' does not exist in the symbol.css but exist in chips.prt
Error: chips and symbol out of sync!!
Error: The pin 'XBA' does not exist in the symbol.css but exist in chips.prt
Error: chips and symbol out of sync!!
Error: The pin 'XBA' does not exist in the symbol.css but exist in chips.prt
Error: chips and symbol out of sync!!
Error: The pin 'XBA' does not exist in the symbol.css but exist in chips.prt
Error: chips and symbol out of sync!!
Error: The pin 'XBA' does not exist in the symbol.css but exist in chips.prt
Error: chips and symbol out of sync!!
Error: The pin 'XBA' does not exist in the symbol.css but exist in chips.prt
Error: chips and symbol out of sync!!
Error: The pin 'XBA' does not exist in the symbol.css but exist in chips.prt
Error: chips and symbol out of sync!!
Error: The pin 'XBA' does not exist in the symbol.css but exist in chips.prt
Error: chips and symbol out of sync!!
Error: The pin 'XBA' does not exist in the symbol.css but exist in chips.prt
Error: chips and symbol out of sync!!
Error: The pin 'XBA' does not exist in the symbol.css but exist in chips.prt
Error: chips and symbol out of sync!!
Error: The pin 'XBA' does not exist in the symbol.css but exist in chips.prt
Error: chips and symbol out of sync!!
Error: The pin 'XBA' does not exist in the symbol.css but exist in chips.prt
Error: chips and symbol out of sync!!
Error: The pin 'XBA' does not exist in the symbol.css but exist in chips.prt
Error: chips and symbol out of sync!!
Error: The pin 'XBA' does not exist in the symbol.css but exist in chips.prt
Error: chips and symbol out of sync!!
Error: The pin 'XBA' does not exist in the symbol.css but exist in chips.prt
Error: chips and symbol out of sync!!
Error: The pin 'XBA' does not exist in the symbol.css but exist in chips.prt
Error: chips and symbol out of sync!!
Error: The pin 'XBA' does not exist in the symbol.css but exist in chips.prt
Error: chips and symbol out of sync!!
Error: The pin 'XBA' does not exist in the symbol.css but exist in chips.prt
Error: chips and symbol out of sync!!
Error: The pin 'XBA' does not exist in the symbol.css but exist in chips.prt
Error: chips and symbol out of sync!!
Error: The pin 'XBA' does not exist in the symbol.css but exist in chips.prt
Error: chips and symbol out of sync!!
Error: The pin 'XBA' does not exist in the symbol.css but exist in chips.prt
Error: chips and symbol out of sync!!
Error: The pin 'XBA' does not exist in the symbol.css but exist in chips.prt
Error: chips and symbol out of sync!!
Error: The pin 'XBA' does not exist in the symbol.css but exist in chips.prt
Error: chips and symbol out of sync!!
Error: The pin 'XBA' does not exist in the symbol.css but exist in chips.prt
Error: chips and symbol out of sync!!
Error: The pin 'XBA' does not exist in the symbol.css but exist in chips.prt
Error: chips and symbol out of sync!!
Error: The pin 'XBA' does not exist in the symbol.css but exist in chips.prt
Error: chips and symbol out of sync!!
Error: The pin 'XBA' does not exist in the symbol.css but exist in chips.prt
Error: chips and symbol out of sync!!
Error: The pin 'SPARES' does not exist in the symbol.css but exist in chips.prt
Error: chips and symbol out of sync!!
Error: The pin 'SPARES' does not exist in the symbol.css but exist in chips.prt
Error: chips and symbol out of sync!!
Error: The pin 'SPARES' does not exist in the symbol.css but exist in chips.prt
Error: chips and symbol out of sync!!
-------------------------------------------------------
Library                : marklib
Number_of_parts        : 31
Number_of_passed_parts : 31
Number_of_failed_parts : 0
Number_of_ignored_parts: 0
Failed_parts           : 
Ignored_parts          : 
-------------------------------------------------------
