-------------------------------------------------------
nchdl_uprev Script - Version 15.00-d001
(c) Copyright 1998, Cadence Design Systems, Inc.
-------------------------------------------------------
Generated by nchdl_uprev Tue Mar 29 12:00:10 EDT 2011...

Source Lib/Design Dir:       /tape/jrk/timecard/mylib
Source SCALD Map File: mylib.lib
Destination Lib/Design Dir:  /tape/nandorpcb/jrklib

Making temporary dir in: /tmp 
-------------------------------------------------------
-------------------------------------------------------
Processing part: 10H600...

-------------------------------------------------------
Processing part: 1N4000_L...

-------------------------------------------------------
Processing part: AD781...

-------------------------------------------------------
Processing part: AD876...

Error: The pin 'D' does not exist in the symbol.css but exist in chips.prt
Error: chips and symbol out of sync!!
Error: The pin 'D' does not exist in the symbol.css but exist in chips.prt
Error: chips and symbol out of sync!!
Error: The pin 'D' does not exist in the symbol.css but exist in chips.prt
Error: chips and symbol out of sync!!
Error: The pin 'D' does not exist in the symbol.css but exist in chips.prt
Error: chips and symbol out of sync!!
Error: The pin 'D' does not exist in the symbol.css but exist in chips.prt
Error: chips and symbol out of sync!!
Error: The pin 'D' does not exist in the symbol.css but exist in chips.prt
Error: chips and symbol out of sync!!
Error: The pin 'D' does not exist in the symbol.css but exist in chips.prt
Error: chips and symbol out of sync!!
Error: The pin 'D' does not exist in the symbol.css but exist in chips.prt
Error: chips and symbol out of sync!!
Error: The pin 'D' does not exist in the symbol.css but exist in chips.prt
Error: chips and symbol out of sync!!
-------------------------------------------------------
Processing part: AD9020...

Error: The pin 'D' does not exist in the symbol.css but exist in chips.prt
Error: chips and symbol out of sync!!
Error: The pin 'D' does not exist in the symbol.css but exist in chips.prt
Error: chips and symbol out of sync!!
Error: The pin 'D' does not exist in the symbol.css but exist in chips.prt
Error: chips and symbol out of sync!!
Error: The pin 'D' does not exist in the symbol.css but exist in chips.prt
Error: chips and symbol out of sync!!
Error: The pin 'D' does not exist in the symbol.css but exist in chips.prt
Error: chips and symbol out of sync!!
Error: The pin 'D' does not exist in the symbol.css but exist in chips.prt
Error: chips and symbol out of sync!!
Error: The pin 'D' does not exist in the symbol.css but exist in chips.prt
Error: chips and symbol out of sync!!
Error: The pin 'D' does not exist in the symbol.css but exist in chips.prt
Error: chips and symbol out of sync!!
Error: The pin 'D' does not exist in the symbol.css but exist in chips.prt
Error: chips and symbol out of sync!!
-------------------------------------------------------
Processing part: AD9048...

-------------------------------------------------------
Processing part: AD9500_OLD...

Error: The pin 'D' does not exist in the symbol.css but exist in chips.prt
Error: chips and symbol out of sync!!
Error: The pin 'D' does not exist in the symbol.css but exist in chips.prt
Error: chips and symbol out of sync!!
Error: The pin 'D' does not exist in the symbol.css but exist in chips.prt
Error: chips and symbol out of sync!!
Error: The pin 'D' does not exist in the symbol.css but exist in chips.prt
Error: chips and symbol out of sync!!
Error: The pin 'D' does not exist in the symbol.css but exist in chips.prt
Error: chips and symbol out of sync!!
Error: The pin 'D' does not exist in the symbol.css but exist in chips.prt
Error: chips and symbol out of sync!!
Error: The pin 'D' does not exist in the symbol.css but exist in chips.prt
Error: chips and symbol out of sync!!
-------------------------------------------------------
Processing part: AD96685...

part view found for this cell part.1.1
-------------------------------------------------------
Processing part: BAS16LT1...

part view found for this cell part.1.1
-------------------------------------------------------
Processing part: CONN96J...

-------------------------------------------------------
Processing part: CONNJ96...

-------------------------------------------------------
Processing part: DIN3_32...

part view found for this cell part.1.1
DDB_ERROR: Expected ':' char on line 4.
DDB_INFO: File ./chips/chips.prt not loaded.
Warning : Error while referring chips_prt file
-------------------------------------------------------
Processing part: HE721C0510...

part view found for this cell part.1.1
-------------------------------------------------------
Processing part: IDS_C10...

part view found for this cell part.1.1
-------------------------------------------------------
Processing part: LM309H_L...

part view found for this cell part.1.1
Error: The pin 'REF' does not exist in the chips.prt but exist in symbol.css
Error: chips and symbol out of sync!!
-------------------------------------------------------
Processing part: MAX674A...

-------------------------------------------------------
Processing part: MIC2937A12...

part view found for this cell part.1.1
VAN 1.06-s08 running at Mar 29, 2011  12:00:32
Copyright Cadence Design Systems, Inc. 1994, 1996
Compiling source file "verilog_lib/verilog.v"
Writing verilog_lib.mc7805k_l:vlog_model
-------------------------------------------------------
Processing part: MMBTH10LT1...

part view found for this cell part.1.1
-------------------------------------------------------
Processing part: MMBTH81LT1...

part view found for this cell part.1.1
-------------------------------------------------------
Processing part: RES_J...

part view found for this cell part.1.1
-------------------------------------------------------
Processing part: RES_LJ...

part view found for this cell part.1.1
-------------------------------------------------------
Processing part: RES_POWER...

part view found for this cell part.1.1
-------------------------------------------------------
Processing part: SIMFIFO4...

Error: The pin 'BD' does not exist in the symbol.css but exist in chips.prt
Error: chips and symbol out of sync!!
Error: The pin 'BD' does not exist in the symbol.css but exist in chips.prt
Error: chips and symbol out of sync!!
Error: The pin 'BD' does not exist in the symbol.css but exist in chips.prt
Error: chips and symbol out of sync!!
Error: The pin 'BD' does not exist in the symbol.css but exist in chips.prt
Error: chips and symbol out of sync!!
Error: The pin 'BD' does not exist in the symbol.css but exist in chips.prt
Error: chips and symbol out of sync!!
Error: The pin 'BD' does not exist in the symbol.css but exist in chips.prt
Error: chips and symbol out of sync!!
Error: The pin 'BD' does not exist in the symbol.css but exist in chips.prt
Error: chips and symbol out of sync!!
Error: The pin 'BD' does not exist in the symbol.css but exist in chips.prt
Error: chips and symbol out of sync!!
Error: The pin 'BD' does not exist in the symbol.css but exist in chips.prt
Error: chips and symbol out of sync!!
Error: The pin 'BD' does not exist in the symbol.css but exist in chips.prt
Error: chips and symbol out of sync!!
Error: The pin 'BD' does not exist in the symbol.css but exist in chips.prt
Error: chips and symbol out of sync!!
Error: The pin 'BD' does not exist in the symbol.css but exist in chips.prt
Error: chips and symbol out of sync!!
Error: The pin 'BD' does not exist in the symbol.css but exist in chips.prt
Error: chips and symbol out of sync!!
Error: The pin 'BD' does not exist in the symbol.css but exist in chips.prt
Error: chips and symbol out of sync!!
Error: The pin 'BD' does not exist in the symbol.css but exist in chips.prt
Error: chips and symbol out of sync!!
Error: The pin 'BD' does not exist in the symbol.css but exist in chips.prt
Error: chips and symbol out of sync!!
Error: The pin 'BD' does not exist in the symbol.css but exist in chips.prt
Error: chips and symbol out of sync!!
Error: The pin 'BD' does not exist in the symbol.css but exist in chips.prt
Error: chips and symbol out of sync!!
Error: The pin 'BD' does not exist in the symbol.css but exist in chips.prt
Error: chips and symbol out of sync!!
Error: The pin 'BADD_OUT' does not exist in the symbol.css but exist in chips.prt
Error: chips and symbol out of sync!!
Error: The pin 'BADD_OUT' does not exist in the symbol.css but exist in chips.prt
Error: chips and symbol out of sync!!
Error: The pin 'BADD_OUT' does not exist in the symbol.css but exist in chips.prt
Error: chips and symbol out of sync!!
Error: The pin 'BADD_OUT' does not exist in the symbol.css but exist in chips.prt
Error: chips and symbol out of sync!!
Error: The pin 'BADD_OUT' does not exist in the symbol.css but exist in chips.prt
Error: chips and symbol out of sync!!
Error: The pin 'BADD_OUT' does not exist in the symbol.css but exist in chips.prt
Error: chips and symbol out of sync!!
Error: The pin 'BADD_OUT' does not exist in the symbol.css but exist in chips.prt
Error: chips and symbol out of sync!!
Error: The pin 'BADD_OUT' does not exist in the symbol.css but exist in chips.prt
Error: chips and symbol out of sync!!
Error: The pin 'BADD_OUT' does not exist in the symbol.css but exist in chips.prt
Error: chips and symbol out of sync!!
Error: The pin 'BADD_OUT' does not exist in the symbol.css but exist in chips.prt
Error: chips and symbol out of sync!!
Error: The pin 'BADD_OUT' does not exist in the symbol.css but exist in chips.prt
Error: chips and symbol out of sync!!
Error: The pin 'BADD_OUT' does not exist in the symbol.css but exist in chips.prt
Error: chips and symbol out of sync!!
Error: The pin 'BADD_OUT' does not exist in the symbol.css but exist in chips.prt
Error: chips and symbol out of sync!!
Error: The pin 'BADD_OUT' does not exist in the symbol.css but exist in chips.prt
Error: chips and symbol out of sync!!
Error: The pin 'BADD_OUT' does not exist in the symbol.css but exist in chips.prt
Error: chips and symbol out of sync!!
Error: The pin 'BADD_OUT' does not exist in the symbol.css but exist in chips.prt
Error: chips and symbol out of sync!!
Error: The pin 'BADD_OUT' does not exist in the symbol.css but exist in chips.prt
Error: chips and symbol out of sync!!
Error: The pin 'BADD_OUT' does not exist in the symbol.css but exist in chips.prt
Error: chips and symbol out of sync!!
Error: The pin 'BADD_OUT' does not exist in the symbol.css but exist in chips.prt
Error: chips and symbol out of sync!!
Error: The pin 'BXREG_ADD' does not exist in the symbol.css but exist in chips.prt
Error: chips and symbol out of sync!!
-------------------------------------------------------
Processing part: SMBCONN...

part view found for this cell part.1.1
VAN 1.06-s08 running at Mar 29, 2011  12:00:43
Copyright Cadence Design Systems, Inc. 1994, 1996
Compiling source file "verilog_lib/verilog.v"
Writing verilog_lib.IDS_C10:vlog_model
-------------------------------------------------------
Processing part: TRIMPOT...

part view found for this cell part.1.1
-------------------------------------------------------
Processing part: ZPACK_A...

part view found for this cell part.1.1
-------------------------------------------------------
Processing part: ZPACK_C...

-------------------------------------------------------
Library                : mylib
Number_of_parts        : 27
Number_of_passed_parts : 27
Number_of_failed_parts : 0
Number_of_ignored_parts: 0
Failed_parts           : 
Ignored_parts          : 
-------------------------------------------------------
