-------------------------------------------------------
nchdl_uprev Script - Version 15.00-d001
(c) Copyright 1998, Cadence Design Systems, Inc.
-------------------------------------------------------
Generated by nchdl_uprev Tue Mar 29 12:00:49 EDT 2011...

Source Lib/Design Dir:       /tape/jrk/timecard/awb_lib
Source SCALD Map File: private.dev
Destination Lib/Design Dir:  /tape/nandorpcb/awb_lib

Making temporary dir in: /tmp 
-------------------------------------------------------
Processing Library Cat file: private.cat...
-------------------------------------------------------
Processing part: 2N4124J...

-------------------------------------------------------
Processing part: 2N4126J...

-------------------------------------------------------
Processing part: 2N5583J...

-------------------------------------------------------
Processing part: MRF5583_L...

part view found for this cell part.1.1
-------------------------------------------------------
Processing part: MRF5943_J...

-------------------------------------------------------
Processing part: MRF5943...

part view found for this cell part.1.1
-------------------------------------------------------
Processing part: OPJRK...

WARNING: Did not find entry for OPJRK in cat file
-------------------------------------------------------
Library                : private
Number_of_parts        : 7
Number_of_passed_parts : 7
Number_of_failed_parts : 0
Number_of_ignored_parts: 0
Failed_parts           : 
Ignored_parts          : 
-------------------------------------------------------
