FILE_TYPE=LIBRARY_PARTS;
TIME=' COMPILATION ON THU MAY 25 10:34:44 1995  ';
primitive 'LM385BZ_SOIC';
  pin
    'ANODE':
      PIN_NUMBER='(4)';
      PIN_TYPE='ANALOG';
      NO_LOAD_CHECK='BOTH';
      UNKNOWN_LOADING='TRUE';
    'CATHODE':
      PIN_NUMBER='(8)';
      PIN_TYPE='ANALOG';
      NO_LOAD_CHECK='BOTH';
      UNKNOWN_LOADING='TRUE';
  end_pin;
  body
    JEDEC_TYPE='SOIC8';
    CLASS='IC';
    PART_NAME='LM385BZ';
    BODY_NAME='LM385BZ';
    NC_PINS='(1,2,3,5,6,7)';
  end_body;
end_primitive;
END.
