FILE_TYPE=LIBRARY_PARTS;
TIME=' COMPILATION ON THU JAN 10 12:01:33 1991  ';
primitive '10H116','10H116_DIP';
  pin
    'Y'<0>:
      OUTPUT_LOAD='(-7.4,-23.8)';
      OUTPUT_TYPE='(OE,OR)';
      PIN_NUMBER='(15,7,3)';
    'V':
      OUTPUT_LOAD='(-7.4,-23.8)';
      OUTPUT_TYPE='(OE,OR)';
      PIN_NUMBER='(11,11,11)';
    'A'<0>:
      INPUT_LOAD='(0.001,0.095)';
      PIN_NUMBER='(13,10,5)';
    '-Y'<0>:
      OUTPUT_LOAD='(-7.4,-23.8)';
      OUTPUT_TYPE='(OE,OR)';
      PIN_NUMBER='(14,6,2)';
    '-B'<0>:
      INPUT_LOAD='(0.001,0.095)';
      PIN_NUMBER='(12,9,4)';
  end_pin;
  body
    BODY_NAME='10H116';
    POWER_PINS='(GND2:1;GND1:16;VEE:8)';
    FAMILY='ECL10KH';
    SECTION='1';
    JEDEC_TYPE='DIP16_3';
    CLASS='IC';
    PART_NAME='10H116';
    TECH='10KH';  
  end_body;
end_primitive;
primitive '10H116_PLCC';
  pin
    'Y'<0>:
      OUTPUT_LOAD='(-7.4,-23.8)';
      OUTPUT_TYPE='(OE,OR)';
      PIN_NUMBER='(19,9,4)';
    'V':
      OUTPUT_LOAD='(-7.4,-23.8)';
      OUTPUT_TYPE='(OE,OR)';
      PIN_NUMBER='(14,14,14)';
    'A'<0>:
      INPUT_LOAD='(0.001,0.095)';
      PIN_NUMBER='(17,13,7)';
    '-Y'<0>:
      OUTPUT_LOAD='(-7.4,-23.8)';
      OUTPUT_TYPE='(OE,OR)';
      PIN_NUMBER='(18,8,3)';
    '-B'<0>:
      INPUT_LOAD='(0.001,0.095)';
      PIN_NUMBER='(15,12,5)';
  end_pin;
  body
    BODY_NAME='10H116';
    POWER_PINS='(GND2:2;GND1:20;VEE:10)';
    FAMILY='ECL10KH';
    SECTION='1';
    NC_PINS='(16,11,6,1)';
    JEDEC_TYPE='PLCC20';
    CLASS='IC';
    PART_NAME='10H116';
    TECH='10KH';  
  end_body;
end_primitive;
END.
