\BOOKMARK [1][-]{section.1}{Motivation for TUBii}{}
\BOOKMARK [1][-]{section.2}{The MicroZed}{}
\BOOKMARK [1][-]{section.3}{Clocks}{}
\BOOKMARK [1][-]{section.4}{ELLIE}{}
\BOOKMARK [1][-]{section.5}{GT Timing}{}
\BOOKMARK [1][-]{section.6}{CAEN Interface}{}
\BOOKMARK [1][-]{section.7}{Trigger Fan-In}{}
\BOOKMARK [1][-]{section.8}{Baseline Monitoring}{}
\BOOKMARK [1][-]{section.9}{Ecal Control}{}
\BOOKMARK [1][-]{section.10}{General Utilities}{}
\BOOKMARK [2][-]{subsection.10.1}{Comparators}{section.10}
\BOOKMARK [2][-]{subsection.10.2}{Delays}{section.10}
\BOOKMARK [2][-]{subsection.10.3}{Pulser}{section.10}
\BOOKMARK [2][-]{subsection.10.4}{Pulse Inverter}{section.10}
\BOOKMARK [2][-]{subsection.10.5}{Ribbon Delay}{section.10}
\BOOKMARK [2][-]{subsection.10.6}{Pulse Scaler}{section.10}
\BOOKMARK [2][-]{subsection.10.7}{Translation}{section.10}
\BOOKMARK [1][-]{section.11}{Speaker}{}
\BOOKMARK [1][-]{section.12}{Inner Workings}{}
\BOOKMARK [2][-]{subsection.12.1}{Shift Register Addressing}{section.12}
\BOOKMARK [2][-]{subsection.12.2}{Control Register}{section.12}
\BOOKMARK [2][-]{subsection.12.3}{Powers}{section.12}
\BOOKMARK [1][-]{section.13}{Abandoned Dreams}{}
\BOOKMARK [2][-]{subsection.13.1}{High NHit Alert}{section.13}
\BOOKMARK [2][-]{subsection.13.2}{LCD Display}{section.13}
