csnetlister 16.6-p001 (v16-6-112A) 9/10/2012

Loading design tub_spk
Loading connectivity of page 1

CSDirect 16.6-p001 (v16-6-112A)
Netlisting block tub_spk
Processing page 1


********************************
Netlisting completed for block tub_spk
 Number of errors: 0
 Number of warnings: 0
********************************

Loading design tub_ledfanout
Loading connectivity of page 1

CSDirect 16.6-p001 (v16-6-112A)
Netlisting block tub_ledfanout
Processing page 1

ERROR(SPCOCD-174): Output of tap is unconnected.
Object description:
 Page: 1  Instance: 127p  Cell name: tap  Pin: S 

ERROR(SPCOCD-174): Output of tap is unconnected.
Object description:
 Page: 1  Instance: 126p  Cell name: tap  Pin: S 

ERROR(SPCOCD-174): Output of tap is unconnected.
Object description:
 Page: 1  Instance: 125p  Cell name: tap  Pin: S 

ERROR(SPCOCD-174): Output of tap is unconnected.
Object description:
 Page: 1  Instance: 124p  Cell name: tap  Pin: S 

ERROR(SPCOCD-174): Output of tap is unconnected.
Object description:
 Page: 1  Instance: 123p  Cell name: tap  Pin: S 

ERROR(SPCOCD-174): Output of tap is unconnected.
Object description:
 Page: 1  Instance: 122p  Cell name: tap  Pin: S 

ERROR(SPCOCD-174): Output of tap is unconnected.
Object description:
 Page: 1  Instance: 121p  Cell name: tap  Pin: S 

ERROR(SPCOCD-174): Output of tap is unconnected.
Object description:
 Page: 1  Instance: 120p  Cell name: tap  Pin: S 

ERROR(SPCOCD-174): Output of tap is unconnected.
Object description:
 Page: 1  Instance: 119p  Cell name: tap  Pin: S 

ERROR(SPCOCD-174): Output of tap is unconnected.
Object description:
 Page: 1  Instance: 118p  Cell name: tap  Pin: S 

ERROR(SPCOCD-174): Output of tap is unconnected.
Object description:
 Page: 1  Instance: 117p  Cell name: tap  Pin: S 

ERROR(SPCOCD-174): Output of tap is unconnected.
Object description:
 Page: 1  Instance: 116p  Cell name: tap  Pin: S 

ERROR(SPCOCD-174): Output of tap is unconnected.
Object description:
 Page: 1  Instance: 115p  Cell name: tap  Pin: S 

ERROR(SPCOCD-174): Output of tap is unconnected.
Object description:
 Page: 1  Instance: 114p  Cell name: tap  Pin: S 

ERROR(SPCOCD-174): Output of tap is unconnected.
Object description:
 Page: 1  Instance: 113p  Cell name: tap  Pin: S 

ERROR(SPCOCD-174): Output of tap is unconnected.
Object description:
 Page: 1  Instance: 112p  Cell name: tap  Pin: S 

ERROR(SPCOCD-174): Output of tap is unconnected.
Object description:
 Page: 1  Instance: 111p  Cell name: tap  Pin: S 

ERROR(SPCOCD-174): Output of tap is unconnected.
Object description:
 Page: 1  Instance: 110p  Cell name: tap  Pin: S 

ERROR(SPCOCD-174): Output of tap is unconnected.
Object description:
 Page: 1  Instance: 109p  Cell name: tap  Pin: S 

ERROR(SPCOCD-174): Output of tap is unconnected.
Object description:
 Page: 1  Instance: 108p  Cell name: tap  Pin: S 

ERROR(SPCOCD-174): Output of tap is unconnected.
Object description:
 Page: 1  Instance: 107p  Cell name: tap  Pin: S 

ERROR(SPCOCD-174): Output of tap is unconnected.
Object description:
 Page: 1  Instance: 106p  Cell name: tap  Pin: S 

ERROR(SPCOCD-174): Output of tap is unconnected.
Object description:
 Page: 1  Instance: 105p  Cell name: tap  Pin: S 

ERROR(SPCOCD-174): Output of tap is unconnected.
Object description:
 Page: 1  Instance: 104p  Cell name: tap  Pin: S 


********************************
Netlisting completed for block tub_ledfanout
 Number of errors: 24
 Number of warnings: 0
********************************

Loading design tub_power
Loading connectivity of page 1

CSDirect 16.6-p001 (v16-6-112A)
Netlisting block tub_power
Processing page 1


********************************
Netlisting completed for block tub_power
 Number of errors: 0
 Number of warnings: 0
********************************

Loading design tub_disc
Loading connectivity of page 1

CSDirect 16.6-p001 (v16-6-112A)
Netlisting block tub_disc
Processing page 1


********************************
Netlisting completed for block tub_disc
 Number of errors: 0
 Number of warnings: 0
********************************

Loading design tub
Loading connectivity of page 1

CSDirect 16.6-p001 (v16-6-112A)
Netlisting block tub
Processing page 1


********************************
Netlisting completed for block tub
 Number of errors: 0
 Number of warnings: 0
********************************

Error Markers File: temp/csnetlister.mkr
Netlist Log File: temp/csnetlister.log
