FILE_TYPE=LIBRARY_PARTS;
TIME=' COMPILATION ON TUE FEB  1 20:05:28 1994  ';
primitive 'MAX327';
  pin
    'IN3':
      PIN_NUMBER='(11)';
      INPUT_LOAD='(-0.01,0.01)';
    'IN2':
      PIN_NUMBER='(14)';
      INPUT_LOAD='(-0.01,0.01)';
    'IN1':
      PIN_NUMBER='(3)';
      INPUT_LOAD='(-0.01,0.01)';
    'IN4':
      PIN_NUMBER='(6)';
      INPUT_LOAD='(-0.01,0.01)';
    'C3':
      PIN_NUMBER='(9)';
      INPUT_LOAD='(-0.01,0.01)';
    'C2':
      PIN_NUMBER='(16)';
      INPUT_LOAD='(-0.01,0.01)';
    'C4':
      PIN_NUMBER='(8)';
      INPUT_LOAD='(-0.01,0.01)';
    'C1':
      PIN_NUMBER='(1)';
      INPUT_LOAD='(-0.01,0.01)';
    'OUT2':
      PIN_NUMBER='(15)';
      OUTPUT_LOAD='(1.0,-1.0)';
    'OUT3':
      PIN_NUMBER='(10)';
      OUTPUT_LOAD='(1.0,-1.0)';
    'OUT1':
      PIN_NUMBER='(2)';
      OUTPUT_LOAD='(1.0,-1.0)';
    'OUT4':
      PIN_NUMBER='(7)';
      OUTPUT_LOAD='(1.0,-1.0)';
    'VMINUS':
      PIN_NUMBER='(13)';
      INPUT_LOAD='(-0.01,0.01)';
    'VPLUS':
      PIN_NUMBER='(4)';
      INPUT_LOAD='(-0.01,0.01)';
  end_pin;
  body
    JEDEC_TYPE='DIP16_3';
    CLASS='IC';
  end_body;
end_primitive;
END.
