FILE_TYPE=LIBRARY_PARTS;
TIME=' COMPILATION ON WED JAN 19 09:25:25 1994  ';
primitive 'IDT7201a';
  pin
    'D'<8>:
      PIN_NUMBER='(2)';
      INPUT_LOAD='(-0.001,0.001)';
    'D'<7>:
      PIN_NUMBER='(24)';
      INPUT_LOAD='(-0.001,0.001)';
    'D'<6>:
      PIN_NUMBER='(25)';
      INPUT_LOAD='(-0.001,0.001)';
    'D'<5>:
      PIN_NUMBER='(26)';
      INPUT_LOAD='(-0.001,0.001)';
    'D'<4>:
      PIN_NUMBER='(27)';
      INPUT_LOAD='(-0.001,0.001)';
    'D'<3>:
      PIN_NUMBER='(3)';
      INPUT_LOAD='(-0.001,0.001)';
    'D'<2>:
      PIN_NUMBER='(4)';
      INPUT_LOAD='(-0.001,0.001)';
    'D'<1>:
      PIN_NUMBER='(5)';
      INPUT_LOAD='(-0.001,0.001)';
    'D'<0>:
      PIN_NUMBER='(6)';
      INPUT_LOAD='(-0.001,0.001)';
    '-EF':
      PIN_NUMBER='(21)';
      OUTPUT_LOAD='(8,-2)';
    '-FF':
      PIN_NUMBER='(8)';
      OUTPUT_LOAD='(8,-2)';
    '-FL/RT':
      PIN_NUMBER='(23)';
      INPUT_LOAD='(-0.001,0.001)';
    'Q'<8>:
      PIN_NUMBER='(13)';
      INPUT_LOAD='(-0.01,0.01)';
      OUTPUT_LOAD='(8,-2)';
      OUTPUT_TYPE='(TS,TS)';
    'Q'<7>:
      PIN_NUMBER='(19)';
      INPUT_LOAD='(-0.01,0.01)';
      OUTPUT_LOAD='(8,-2)';
      OUTPUT_TYPE='(TS,TS)';
    'Q'<6>:
      PIN_NUMBER='(18)';
      INPUT_LOAD='(-0.01,0.01)';
      OUTPUT_LOAD='(8,-2)';
      OUTPUT_TYPE='(TS,TS)';
    'Q'<5>:
      PIN_NUMBER='(17)';
      INPUT_LOAD='(-0.01,0.01)';
      OUTPUT_LOAD='(8,-2)';
      OUTPUT_TYPE='(TS,TS)';
    'Q'<4>:
      PIN_NUMBER='(16)';
      INPUT_LOAD='(-0.01,0.01)';
      OUTPUT_LOAD='(8,-2)';
      OUTPUT_TYPE='(TS,TS)';
    'Q'<3>:
      PIN_NUMBER='(12)';
      INPUT_LOAD='(-0.01,0.01)';
      OUTPUT_LOAD='(8,-2)';
      OUTPUT_TYPE='(TS,TS)';
    'Q'<2>:
      PIN_NUMBER='(11)';
      INPUT_LOAD='(-0.01,0.01)';
      OUTPUT_LOAD='(8,-2)';
      OUTPUT_TYPE='(TS,TS)';
    'Q'<1>:
      PIN_NUMBER='(10)';
      INPUT_LOAD='(-0.01,0.01)';
      OUTPUT_LOAD='(8,-2)';
      OUTPUT_TYPE='(TS,TS)';
    'Q'<0>:
      PIN_NUMBER='(9)';
      INPUT_LOAD='(-0.01,0.01)';
      OUTPUT_LOAD='(8,-2)';
      OUTPUT_TYPE='(TS,TS)';
    '-R':
      PIN_NUMBER='(15)';
      INPUT_LOAD='(-0.001,0.001)';
    '-RS':
      PIN_NUMBER='(22)';
      INPUT_LOAD='(-0.001,0.001)';
    '-W':
      PIN_NUMBER='(1)';
      INPUT_LOAD='(-0.001,0.001)';
    '-XI':
      PIN_NUMBER='(7)';
      INPUT_LOAD='(-0.001,0.001)';
    '-XO/HF':
      PIN_NUMBER='(20)';
      OUTPUT_LOAD='(8,-2)';
  end_pin;
  body
    JEDEC_TYPE='DIP28_3';
    CLASS='IC';
    BODY_NAME='IDT7201a';
    PART_NAME='IDT7201a';
    FAMILY='MEMORY';
    TECH='CMOS';  
    POWER_PINS='(VCC:28)';
    POWER_PINS='(GND:14)';
  end_body;
end_primitive;
primitive 'IDT7201a_DIP1';
  pin
    'D'<8>:
      PIN_NUMBER='(2)';
      INPUT_LOAD='(-0.001,0.001)';
    'D'<7>:
      PIN_NUMBER='(24)';
      INPUT_LOAD='(-0.001,0.001)';
    'D'<6>:
      PIN_NUMBER='(25)';
      INPUT_LOAD='(-0.001,0.001)';
    'D'<5>:
      PIN_NUMBER='(26)';
      INPUT_LOAD='(-0.001,0.001)';
    'D'<4>:
      PIN_NUMBER='(27)';
      INPUT_LOAD='(-0.001,0.001)';
    'D'<3>:
      PIN_NUMBER='(3)';
      INPUT_LOAD='(-0.001,0.001)';
    'D'<2>:
      PIN_NUMBER='(4)';
      INPUT_LOAD='(-0.001,0.001)';
    'D'<1>:
      PIN_NUMBER='(5)';
      INPUT_LOAD='(-0.001,0.001)';
    'D'<0>:
      PIN_NUMBER='(6)';
      INPUT_LOAD='(-0.001,0.001)';
    '-EF':
      PIN_NUMBER='(21)';
      OUTPUT_LOAD='(8,-2)';
    '-FF':
      PIN_NUMBER='(8)';
      OUTPUT_LOAD='(8,-2)';
    '-FL/RT':
      PIN_NUMBER='(23)';
      INPUT_LOAD='(-0.001,0.001)';
    'Q'<8>:
      PIN_NUMBER='(13)';
      INPUT_LOAD='(-0.01,0.01)';
      OUTPUT_LOAD='(8,-2)';
      OUTPUT_TYPE='(TS,TS)';
    'Q'<7>:
      PIN_NUMBER='(19)';
      INPUT_LOAD='(-0.01,0.01)';
      OUTPUT_LOAD='(8,-2)';
      OUTPUT_TYPE='(TS,TS)';
    'Q'<6>:
      PIN_NUMBER='(18)';
      INPUT_LOAD='(-0.01,0.01)';
      OUTPUT_LOAD='(8,-2)';
      OUTPUT_TYPE='(TS,TS)';
    'Q'<5>:
      PIN_NUMBER='(17)';
      INPUT_LOAD='(-0.01,0.01)';
      OUTPUT_LOAD='(8,-2)';
      OUTPUT_TYPE='(TS,TS)';
    'Q'<4>:
      PIN_NUMBER='(16)';
      INPUT_LOAD='(-0.01,0.01)';
      OUTPUT_LOAD='(8,-2)';
      OUTPUT_TYPE='(TS,TS)';
    'Q'<3>:
      PIN_NUMBER='(12)';
      INPUT_LOAD='(-0.01,0.01)';
      OUTPUT_LOAD='(8,-2)';
      OUTPUT_TYPE='(TS,TS)';
    'Q'<2>:
      PIN_NUMBER='(11)';
      INPUT_LOAD='(-0.01,0.01)';
      OUTPUT_LOAD='(8,-2)';
      OUTPUT_TYPE='(TS,TS)';
    'Q'<1>:
      PIN_NUMBER='(10)';
      INPUT_LOAD='(-0.01,0.01)';
      OUTPUT_LOAD='(8,-2)';
      OUTPUT_TYPE='(TS,TS)';
    'Q'<0>:
      PIN_NUMBER='(9)';
      INPUT_LOAD='(-0.01,0.01)';
      OUTPUT_LOAD='(8,-2)';
      OUTPUT_TYPE='(TS,TS)';
    '-R':
      PIN_NUMBER='(15)';
      INPUT_LOAD='(-0.001,0.001)';
    '-RS':
      PIN_NUMBER='(22)';
      INPUT_LOAD='(-0.001,0.001)';
    '-W':
      PIN_NUMBER='(1)';
      INPUT_LOAD='(-0.001,0.001)';
    '-XI':
      PIN_NUMBER='(7)';
      INPUT_LOAD='(-0.001,0.001)';
    '-XO/HF':
      PIN_NUMBER='(20)';
      OUTPUT_LOAD='(8,-2)';
  end_pin;
  body
    JEDEC_TYPE='DIP28_6';
    CLASS='IC';
    BODY_NAME='IDT7201a';
    PART_NAME='IDT7201a';
    FAMILY='MEMORY';
    TECH='CMOS';  
    POWER_PINS='(VCC:28)';
    POWER_PINS='(GND:14)';
  end_body;
end_primitive;
primitive 'IDT7201a_PLCC';
  pin
    'D'<8>:
      PIN_NUMBER='(3)';
      INPUT_LOAD='(-0.001,0.001)';
    'D'<7>:
      PIN_NUMBER='(28)';
      INPUT_LOAD='(-0.001,0.001)';
    'D'<6>:
      PIN_NUMBER='(29)';
      INPUT_LOAD='(-0.001,0.001)';
    'D'<5>:
      PIN_NUMBER='(30)';
      INPUT_LOAD='(-0.001,0.001)';
    'D'<4>:
      PIN_NUMBER='(31)';
      INPUT_LOAD='(-0.001,0.001)';
    'D'<3>:
      PIN_NUMBER='(4)';
      INPUT_LOAD='(-0.001,0.001)';
    'D'<2>:
      PIN_NUMBER='(5)';
      INPUT_LOAD='(-0.001,0.001)';
    'D'<1>:
      PIN_NUMBER='(6)';
      INPUT_LOAD='(-0.001,0.001)';
    'D'<0>:
      PIN_NUMBER='(7)';
      INPUT_LOAD='(-0.001,0.001)';
    '-EF':
      PIN_NUMBER='(24)';
      OUTPUT_LOAD='(8,-2)';
    '-FF':
      PIN_NUMBER='(9)';
      OUTPUT_LOAD='(8,-2)';
    '-FL/RT':
      PIN_NUMBER='(26)';
      INPUT_LOAD='(-0.001,0.001)';
    'Q'<8>:
      PIN_NUMBER='(15)';
      INPUT_LOAD='(-0.01,0.01)';
      OUTPUT_LOAD='(8,-2)';
      OUTPUT_TYPE='(TS,TS)';
    'Q'<7>:
      PIN_NUMBER='(22)';
      INPUT_LOAD='(-0.01,0.01)';
      OUTPUT_LOAD='(8,-2)';
      OUTPUT_TYPE='(TS,TS)';
    'Q'<6>:
      PIN_NUMBER='(21)';
      INPUT_LOAD='(-0.01,0.01)';
      OUTPUT_LOAD='(8,-2)';
      OUTPUT_TYPE='(TS,TS)';
    'Q'<5>:
      PIN_NUMBER='(20)';
      INPUT_LOAD='(-0.01,0.01)';
      OUTPUT_LOAD='(8,-2)';
      OUTPUT_TYPE='(TS,TS)';
    'Q'<4>:
      PIN_NUMBER='(19)';
      INPUT_LOAD='(-0.01,0.01)';
      OUTPUT_LOAD='(8,-2)';
      OUTPUT_TYPE='(TS,TS)';
    'Q'<3>:
      PIN_NUMBER='(14)';
      INPUT_LOAD='(-0.01,0.01)';
      OUTPUT_LOAD='(8,-2)';
      OUTPUT_TYPE='(TS,TS)';
    'Q'<2>:
      PIN_NUMBER='(13)';
      INPUT_LOAD='(-0.01,0.01)';
      OUTPUT_LOAD='(8,-2)';
      OUTPUT_TYPE='(TS,TS)';
    'Q'<1>:
      PIN_NUMBER='(11)';
      INPUT_LOAD='(-0.01,0.01)';
      OUTPUT_LOAD='(8,-2)';
      OUTPUT_TYPE='(TS,TS)';
    'Q'<0>:
      PIN_NUMBER='(10)';
      INPUT_LOAD='(-0.01,0.01)';
      OUTPUT_LOAD='(8,-2)';
      OUTPUT_TYPE='(TS,TS)';
    '-R':
      PIN_NUMBER='(18)';
      INPUT_LOAD='(-0.001,0.001)';
    '-RS':
      PIN_NUMBER='(25)';
      INPUT_LOAD='(-0.001,0.001)';
    '-W':
      PIN_NUMBER='(2)';
      INPUT_LOAD='(-0.001,0.001)';
    '-XI':
      PIN_NUMBER='(8)';
      INPUT_LOAD='(-0.001,0.001)';
    '-XO/HF':
      PIN_NUMBER='(23)';
      OUTPUT_LOAD='(8,-2)';
  end_pin;
  body
    JEDEC_TYPE='PLCC32';
    CLASS='IC';
    BODY_NAME='IDT7201a';
    PART_NAME='IDT7201a';
    FAMILY='MEMORY';
    TECH='CMOS';  
    POWER_PINS='(VCC:32)';
    POWER_PINS='(GND:16)';
    NC_PINS='(1,12,17,27)';
  end_body;
end_primitive;
primitive 'IDT7201a_SOJ';
  pin
    'D'<8>:
      PIN_NUMBER='(2)';
      INPUT_LOAD='(-0.001,0.001)';
    'D'<7>:
      PIN_NUMBER='(24)';
      INPUT_LOAD='(-0.001,0.001)';
    'D'<6>:
      PIN_NUMBER='(25)';
      INPUT_LOAD='(-0.001,0.001)';
    'D'<5>:
      PIN_NUMBER='(26)';
      INPUT_LOAD='(-0.001,0.001)';
    'D'<4>:
      PIN_NUMBER='(27)';
      INPUT_LOAD='(-0.001,0.001)';
    'D'<3>:
      PIN_NUMBER='(3)';
      INPUT_LOAD='(-0.001,0.001)';
    'D'<2>:
      PIN_NUMBER='(4)';
      INPUT_LOAD='(-0.001,0.001)';
    'D'<1>:
      PIN_NUMBER='(5)';
      INPUT_LOAD='(-0.001,0.001)';
    'D'<0>:
      PIN_NUMBER='(6)';
      INPUT_LOAD='(-0.001,0.001)';
    '-EF':
      PIN_NUMBER='(21)';
      OUTPUT_LOAD='(8,-2)';
    '-FF':
      PIN_NUMBER='(8)';
      OUTPUT_LOAD='(8,-2)';
    '-FL/RT':
      PIN_NUMBER='(23)';
      INPUT_LOAD='(-0.001,0.001)';
    'Q'<8>:
      PIN_NUMBER='(13)';
      INPUT_LOAD='(-0.01,0.01)';
      OUTPUT_LOAD='(8,-2)';
      OUTPUT_TYPE='(TS,TS)';
    'Q'<7>:
      PIN_NUMBER='(19)';
      INPUT_LOAD='(-0.01,0.01)';
      OUTPUT_LOAD='(8,-2)';
      OUTPUT_TYPE='(TS,TS)';
    'Q'<6>:
      PIN_NUMBER='(18)';
      INPUT_LOAD='(-0.01,0.01)';
      OUTPUT_LOAD='(8,-2)';
      OUTPUT_TYPE='(TS,TS)';
    'Q'<5>:
      PIN_NUMBER='(17)';
      INPUT_LOAD='(-0.01,0.01)';
      OUTPUT_LOAD='(8,-2)';
      OUTPUT_TYPE='(TS,TS)';
    'Q'<4>:
      PIN_NUMBER='(16)';
      INPUT_LOAD='(-0.01,0.01)';
      OUTPUT_LOAD='(8,-2)';
      OUTPUT_TYPE='(TS,TS)';
    'Q'<3>:
      PIN_NUMBER='(12)';
      INPUT_LOAD='(-0.01,0.01)';
      OUTPUT_LOAD='(8,-2)';
      OUTPUT_TYPE='(TS,TS)';
    'Q'<2>:
      PIN_NUMBER='(11)';
      INPUT_LOAD='(-0.01,0.01)';
      OUTPUT_LOAD='(8,-2)';
      OUTPUT_TYPE='(TS,TS)';
    'Q'<1>:
      PIN_NUMBER='(10)';
      INPUT_LOAD='(-0.01,0.01)';
      OUTPUT_LOAD='(8,-2)';
      OUTPUT_TYPE='(TS,TS)';
    'Q'<0>:
      PIN_NUMBER='(9)';
      INPUT_LOAD='(-0.01,0.01)';
      OUTPUT_LOAD='(8,-2)';
      OUTPUT_TYPE='(TS,TS)';
    '-R':
      PIN_NUMBER='(15)';
      INPUT_LOAD='(-0.001,0.001)';
    '-RS':
      PIN_NUMBER='(22)';
      INPUT_LOAD='(-0.001,0.001)';
    '-W':
      PIN_NUMBER='(1)';
      INPUT_LOAD='(-0.001,0.001)';
    '-XI':
      PIN_NUMBER='(7)';
      INPUT_LOAD='(-0.001,0.001)';
    '-XO/HF':
      PIN_NUMBER='(20)';
      OUTPUT_LOAD='(8,-2)';
  end_pin;
  body
    JEDEC_TYPE='NONE';
    CLASS='IC';
    BODY_NAME='IDT7201a';
    PART_NAME='IDT7201a';
    FAMILY='MEMORY';
    TECH='CMOS';  
    POWER_PINS='(VCC:28)';
    POWER_PINS='(GND:14)';
  end_body;
end_primitive;
primitive 'IDT7201a_SOIC';
  pin
    'D'<8>:
      PIN_NUMBER='(2)';
      INPUT_LOAD='(-0.001,0.001)';
    'D'<7>:
      PIN_NUMBER='(24)';
      INPUT_LOAD='(-0.001,0.001)';
    'D'<6>:
      PIN_NUMBER='(25)';
      INPUT_LOAD='(-0.001,0.001)';
    'D'<5>:
      PIN_NUMBER='(26)';
      INPUT_LOAD='(-0.001,0.001)';
    'D'<4>:
      PIN_NUMBER='(27)';
      INPUT_LOAD='(-0.001,0.001)';
    'D'<3>:
      PIN_NUMBER='(3)';
      INPUT_LOAD='(-0.001,0.001)';
    'D'<2>:
      PIN_NUMBER='(4)';
      INPUT_LOAD='(-0.001,0.001)';
    'D'<1>:
      PIN_NUMBER='(5)';
      INPUT_LOAD='(-0.001,0.001)';
    'D'<0>:
      PIN_NUMBER='(6)';
      INPUT_LOAD='(-0.001,0.001)';
    '-EF':
      PIN_NUMBER='(21)';
      OUTPUT_LOAD='(8,-2)';
    '-FF':
      PIN_NUMBER='(8)';
      OUTPUT_LOAD='(8,-2)';
    '-FL/RT':
      PIN_NUMBER='(23)';
      INPUT_LOAD='(-0.001,0.001)';
    'Q'<8>:
      PIN_NUMBER='(13)';
      INPUT_LOAD='(-0.01,0.01)';
      OUTPUT_LOAD='(8,-2)';
      OUTPUT_TYPE='(TS,TS)';
    'Q'<7>:
      PIN_NUMBER='(19)';
      INPUT_LOAD='(-0.01,0.01)';
      OUTPUT_LOAD='(8,-2)';
      OUTPUT_TYPE='(TS,TS)';
    'Q'<6>:
      PIN_NUMBER='(18)';
      INPUT_LOAD='(-0.01,0.01)';
      OUTPUT_LOAD='(8,-2)';
      OUTPUT_TYPE='(TS,TS)';
    'Q'<5>:
      PIN_NUMBER='(17)';
      INPUT_LOAD='(-0.01,0.01)';
      OUTPUT_LOAD='(8,-2)';
      OUTPUT_TYPE='(TS,TS)';
    'Q'<4>:
      PIN_NUMBER='(16)';
      INPUT_LOAD='(-0.01,0.01)';
      OUTPUT_LOAD='(8,-2)';
      OUTPUT_TYPE='(TS,TS)';
    'Q'<3>:
      PIN_NUMBER='(12)';
      INPUT_LOAD='(-0.01,0.01)';
      OUTPUT_LOAD='(8,-2)';
      OUTPUT_TYPE='(TS,TS)';
    'Q'<2>:
      PIN_NUMBER='(11)';
      INPUT_LOAD='(-0.01,0.01)';
      OUTPUT_LOAD='(8,-2)';
      OUTPUT_TYPE='(TS,TS)';
    'Q'<1>:
      PIN_NUMBER='(10)';
      INPUT_LOAD='(-0.01,0.01)';
      OUTPUT_LOAD='(8,-2)';
      OUTPUT_TYPE='(TS,TS)';
    'Q'<0>:
      PIN_NUMBER='(9)';
      INPUT_LOAD='(-0.01,0.01)';
      OUTPUT_LOAD='(8,-2)';
      OUTPUT_TYPE='(TS,TS)';
    '-R':
      PIN_NUMBER='(15)';
      INPUT_LOAD='(-0.001,0.001)';
    '-RS':
      PIN_NUMBER='(22)';
      INPUT_LOAD='(-0.001,0.001)';
    '-W':
      PIN_NUMBER='(1)';
      INPUT_LOAD='(-0.001,0.001)';
    '-XI':
      PIN_NUMBER='(7)';
      INPUT_LOAD='(-0.001,0.001)';
    '-XO/HF':
      PIN_NUMBER='(20)';
      OUTPUT_LOAD='(8,-2)';
  end_pin;
  body
    JEDEC_TYPE='SOIC28W';
    CLASS='IC';
    BODY_NAME='IDT7201a';
    PART_NAME='IDT7201a';
    FAMILY='MEMORY';
    TECH='CMOS';  
    POWER_PINS='(VCC:28)';
    POWER_PINS='(GND:14)';
  end_body;
end_primitive;
primitive 'IDT7201a_LCCS';
  pin
    'D'<8>:
      PIN_NUMBER='(3)';
      INPUT_LOAD='(-0.001,0.001)';
    'D'<7>:
      PIN_NUMBER='(28)';
      INPUT_LOAD='(-0.001,0.001)';
    'D'<6>:
      PIN_NUMBER='(29)';
      INPUT_LOAD='(-0.001,0.001)';
    'D'<5>:
      PIN_NUMBER='(30)';
      INPUT_LOAD='(-0.001,0.001)';
    'D'<4>:
      PIN_NUMBER='(31)';
      INPUT_LOAD='(-0.001,0.001)';
    'D'<3>:
      PIN_NUMBER='(4)';
      INPUT_LOAD='(-0.001,0.001)';
    'D'<2>:
      PIN_NUMBER='(5)';
      INPUT_LOAD='(-0.001,0.001)';
    'D'<1>:
      PIN_NUMBER='(6)';
      INPUT_LOAD='(-0.001,0.001)';
    'D'<0>:
      PIN_NUMBER='(7)';
      INPUT_LOAD='(-0.001,0.001)';
    '-EF':
      PIN_NUMBER='(24)';
      OUTPUT_LOAD='(8,-2)';
    '-FF':
      PIN_NUMBER='(9)';
      OUTPUT_LOAD='(8,-2)';
    '-FL/RT':
      PIN_NUMBER='(26)';
      INPUT_LOAD='(-0.001,0.001)';
    'Q'<8>:
      PIN_NUMBER='(15)';
      INPUT_LOAD='(-0.01,0.01)';
      OUTPUT_LOAD='(8,-2)';
      OUTPUT_TYPE='(TS,TS)';
    'Q'<7>:
      PIN_NUMBER='(22)';
      INPUT_LOAD='(-0.01,0.01)';
      OUTPUT_LOAD='(8,-2)';
      OUTPUT_TYPE='(TS,TS)';
    'Q'<6>:
      PIN_NUMBER='(21)';
      INPUT_LOAD='(-0.01,0.01)';
      OUTPUT_LOAD='(8,-2)';
      OUTPUT_TYPE='(TS,TS)';
    'Q'<5>:
      PIN_NUMBER='(20)';
      INPUT_LOAD='(-0.01,0.01)';
      OUTPUT_LOAD='(8,-2)';
      OUTPUT_TYPE='(TS,TS)';
    'Q'<4>:
      PIN_NUMBER='(19)';
      INPUT_LOAD='(-0.01,0.01)';
      OUTPUT_LOAD='(8,-2)';
      OUTPUT_TYPE='(TS,TS)';
    'Q'<3>:
      PIN_NUMBER='(14)';
      INPUT_LOAD='(-0.01,0.01)';
      OUTPUT_LOAD='(8,-2)';
      OUTPUT_TYPE='(TS,TS)';
    'Q'<2>:
      PIN_NUMBER='(13)';
      INPUT_LOAD='(-0.01,0.01)';
      OUTPUT_LOAD='(8,-2)';
      OUTPUT_TYPE='(TS,TS)';
    'Q'<1>:
      PIN_NUMBER='(11)';
      INPUT_LOAD='(-0.01,0.01)';
      OUTPUT_LOAD='(8,-2)';
      OUTPUT_TYPE='(TS,TS)';
    'Q'<0>:
      PIN_NUMBER='(10)';
      INPUT_LOAD='(-0.01,0.01)';
      OUTPUT_LOAD='(8,-2)';
      OUTPUT_TYPE='(TS,TS)';
    '-R':
      PIN_NUMBER='(18)';
      INPUT_LOAD='(-0.001,0.001)';
    '-RS':
      PIN_NUMBER='(25)';
      INPUT_LOAD='(-0.001,0.001)';
    '-W':
      PIN_NUMBER='(2)';
      INPUT_LOAD='(-0.001,0.001)';
    '-XI':
      PIN_NUMBER='(8)';
      INPUT_LOAD='(-0.001,0.001)';
    '-XO/HF':
      PIN_NUMBER='(23)';
      OUTPUT_LOAD='(8,-2)';
  end_pin;
  body
    JEDEC_TYPE='LCCS32';
    CLASS='IC';
    BODY_NAME='IDT7201a';
    PART_NAME='IDT7201a';
    FAMILY='MEMORY';
    TECH='CMOS';  
    POWER_PINS='(VCC:32)';
    POWER_PINS='(GND:16)';
    NC_PINS='(1,12,17,27)';
  end_body;
end_primitive;
primitive 'IDT7201a_DIP2';
  pin
    'D'<8>:
      PIN_NUMBER='(2)';
      INPUT_LOAD='(-0.01,0.01)';
    'D'<7>:
      PIN_NUMBER='(24)';
      INPUT_LOAD='(-0.01,0.01)';
    'D'<6>:
      PIN_NUMBER='(25)';
      INPUT_LOAD='(-0.01,0.01)';
    'D'<5>:
      PIN_NUMBER='(26)';
      INPUT_LOAD='(-0.01,0.01)';
    'D'<4>:
      PIN_NUMBER='(27)';
      INPUT_LOAD='(-0.01,0.01)';
    'D'<3>:
      PIN_NUMBER='(3)';
      INPUT_LOAD='(-0.01,0.01)';
    'D'<2>:
      PIN_NUMBER='(4)';
      INPUT_LOAD='(-0.01,0.01)';
    'D'<1>:
      PIN_NUMBER='(5)';
      INPUT_LOAD='(-0.01,0.01)';
    'D'<0>:
      PIN_NUMBER='(6)';
      INPUT_LOAD='(-0.01,0.01)';
    '-EF':
      PIN_NUMBER='(21)';
      OUTPUT_LOAD='(8,-2)';
    '-FF':
      PIN_NUMBER='(8)';
      OUTPUT_LOAD='(8,-2)';
    '-FL/RT':
      PIN_NUMBER='(23)';
      INPUT_LOAD='(-0.01,0.01)';
    'Q'<8>:
      PIN_NUMBER='(13)';
      INPUT_LOAD='(-0.01,0.01)';
      OUTPUT_LOAD='(8,-2)';
      OUTPUT_TYPE='(TS,TS)';
    'Q'<7>:
      PIN_NUMBER='(19)';
      INPUT_LOAD='(-0.01,0.01)';
      OUTPUT_LOAD='(8,-2)';
      OUTPUT_TYPE='(TS,TS)';
    'Q'<6>:
      PIN_NUMBER='(18)';
      INPUT_LOAD='(-0.01,0.01)';
      OUTPUT_LOAD='(8,-2)';
      OUTPUT_TYPE='(TS,TS)';
    'Q'<5>:
      PIN_NUMBER='(17)';
      INPUT_LOAD='(-0.01,0.01)';
      OUTPUT_LOAD='(8,-2)';
      OUTPUT_TYPE='(TS,TS)';
    'Q'<4>:
      PIN_NUMBER='(16)';
      INPUT_LOAD='(-0.01,0.01)';
      OUTPUT_LOAD='(8,-2)';
      OUTPUT_TYPE='(TS,TS)';
    'Q'<3>:
      PIN_NUMBER='(12)';
      INPUT_LOAD='(-0.01,0.01)';
      OUTPUT_LOAD='(8,-2)';
      OUTPUT_TYPE='(TS,TS)';
    'Q'<2>:
      PIN_NUMBER='(11)';
      INPUT_LOAD='(-0.01,0.01)';
      OUTPUT_LOAD='(8,-2)';
      OUTPUT_TYPE='(TS,TS)';
    'Q'<1>:
      PIN_NUMBER='(10)';
      INPUT_LOAD='(-0.01,0.01)';
      OUTPUT_LOAD='(8,-2)';
      OUTPUT_TYPE='(TS,TS)';
    'Q'<0>:
      PIN_NUMBER='(9)';
      INPUT_LOAD='(-0.01,0.01)';
      OUTPUT_LOAD='(8,-2)';
      OUTPUT_TYPE='(TS,TS)';
    '-R':
      PIN_NUMBER='(15)';
      INPUT_LOAD='(-0.01,0.01)';
    '-RS':
      PIN_NUMBER='(22)';
      INPUT_LOAD='(-0.01,0.01)';
    '-W':
      PIN_NUMBER='(1)';
      INPUT_LOAD='(-0.01,0.01)';
    '-XI':
      PIN_NUMBER='(7)';
      INPUT_LOAD='(-0.01,0.01)';
    '-XO/HF':
      PIN_NUMBER='(20)';
      OUTPUT_LOAD='(8,-2)';
  end_pin;
  body
    JEDEC_TYPE='DIP28_3';
    CLASS='IC';
    BODY_NAME='IDT7201a';
    PART_NAME='IDT7201a';
    FAMILY='MEMORY';
    TECH='CMOS';  
    POWER_PINS='(VCC:28)';
    POWER_PINS='(GND:14)';
  end_body;
end_primitive;
primitive 'IDT7201a_DIP3';
  pin
    'D'<8>:
      PIN_NUMBER='(2)';
      INPUT_LOAD='(-0.01,0.01)';
    'D'<7>:
      PIN_NUMBER='(24)';
      INPUT_LOAD='(-0.01,0.01)';
    'D'<6>:
      PIN_NUMBER='(25)';
      INPUT_LOAD='(-0.01,0.01)';
    'D'<5>:
      PIN_NUMBER='(26)';
      INPUT_LOAD='(-0.01,0.01)';
    'D'<4>:
      PIN_NUMBER='(27)';
      INPUT_LOAD='(-0.01,0.01)';
    'D'<3>:
      PIN_NUMBER='(3)';
      INPUT_LOAD='(-0.01,0.01)';
    'D'<2>:
      PIN_NUMBER='(4)';
      INPUT_LOAD='(-0.01,0.01)';
    'D'<1>:
      PIN_NUMBER='(5)';
      INPUT_LOAD='(-0.01,0.01)';
    'D'<0>:
      PIN_NUMBER='(6)';
      INPUT_LOAD='(-0.01,0.01)';
    '-EF':
      PIN_NUMBER='(21)';
      OUTPUT_LOAD='(8,-2)';
    '-FF':
      PIN_NUMBER='(8)';
      OUTPUT_LOAD='(8,-2)';
    '-FL/RT':
      PIN_NUMBER='(23)';
      INPUT_LOAD='(-0.01,0.01)';
    'Q'<8>:
      PIN_NUMBER='(13)';
      INPUT_LOAD='(-0.01,0.01)';
      OUTPUT_LOAD='(8,-2)';
      OUTPUT_TYPE='(TS,TS)';
    'Q'<7>:
      PIN_NUMBER='(19)';
      INPUT_LOAD='(-0.01,0.01)';
      OUTPUT_LOAD='(8,-2)';
      OUTPUT_TYPE='(TS,TS)';
    'Q'<6>:
      PIN_NUMBER='(18)';
      INPUT_LOAD='(-0.01,0.01)';
      OUTPUT_LOAD='(8,-2)';
      OUTPUT_TYPE='(TS,TS)';
    'Q'<5>:
      PIN_NUMBER='(17)';
      INPUT_LOAD='(-0.01,0.01)';
      OUTPUT_LOAD='(8,-2)';
      OUTPUT_TYPE='(TS,TS)';
    'Q'<4>:
      PIN_NUMBER='(16)';
      INPUT_LOAD='(-0.01,0.01)';
      OUTPUT_LOAD='(8,-2)';
      OUTPUT_TYPE='(TS,TS)';
    'Q'<3>:
      PIN_NUMBER='(12)';
      INPUT_LOAD='(-0.01,0.01)';
      OUTPUT_LOAD='(8,-2)';
      OUTPUT_TYPE='(TS,TS)';
    'Q'<2>:
      PIN_NUMBER='(11)';
      INPUT_LOAD='(-0.01,0.01)';
      OUTPUT_LOAD='(8,-2)';
      OUTPUT_TYPE='(TS,TS)';
    'Q'<1>:
      PIN_NUMBER='(10)';
      INPUT_LOAD='(-0.01,0.01)';
      OUTPUT_LOAD='(8,-2)';
      OUTPUT_TYPE='(TS,TS)';
    'Q'<0>:
      PIN_NUMBER='(9)';
      INPUT_LOAD='(-0.01,0.01)';
      OUTPUT_LOAD='(8,-2)';
      OUTPUT_TYPE='(TS,TS)';
    '-R':
      PIN_NUMBER='(15)';
      INPUT_LOAD='(-0.01,0.01)';
    '-RS':
      PIN_NUMBER='(22)';
      INPUT_LOAD='(-0.01,0.01)';
    '-W':
      PIN_NUMBER='(1)';
      INPUT_LOAD='(-0.01,0.01)';
    '-XI':
      PIN_NUMBER='(7)';
      INPUT_LOAD='(-0.01,0.01)';
    '-XO/HF':
      PIN_NUMBER='(20)';
      OUTPUT_LOAD='(8,-2)';
  end_pin;
  body
    JEDEC_TYPE='DIP28_6';
    CLASS='IC';
    BODY_NAME='IDT7201a';
    PART_NAME='IDT7201a';
    FAMILY='MEMORY';
    TECH='CMOS';  
    POWER_PINS='(VCC:28)';
    POWER_PINS='(GND:14)';
  end_body;
end_primitive;
primitive 'IDT7201a_LCCS1';
  pin
    'D'<8>:
      PIN_NUMBER='(3)';
      INPUT_LOAD='(-0.01,0.01)';
    'D'<7>:
      PIN_NUMBER='(28)';
      INPUT_LOAD='(-0.01,0.01)';
    'D'<6>:
      PIN_NUMBER='(29)';
      INPUT_LOAD='(-0.01,0.01)';
    'D'<5>:
      PIN_NUMBER='(30)';
      INPUT_LOAD='(-0.01,0.01)';
    'D'<4>:
      PIN_NUMBER='(31)';
      INPUT_LOAD='(-0.01,0.01)';
    'D'<3>:
      PIN_NUMBER='(4)';
      INPUT_LOAD='(-0.01,0.01)';
    'D'<2>:
      PIN_NUMBER='(5)';
      INPUT_LOAD='(-0.01,0.01)';
    'D'<1>:
      PIN_NUMBER='(6)';
      INPUT_LOAD='(-0.01,0.01)';
    'D'<0>:
      PIN_NUMBER='(7)';
      INPUT_LOAD='(-0.01,0.01)';
    '-EF':
      PIN_NUMBER='(24)';
      OUTPUT_LOAD='(8,-2)';
    '-FF':
      PIN_NUMBER='(9)';
      OUTPUT_LOAD='(8,-2)';
    '-FL/RT':
      PIN_NUMBER='(26)';
      INPUT_LOAD='(-0.01,0.01)';
    'Q'<8>:
      PIN_NUMBER='(15)';
      INPUT_LOAD='(-0.01,0.01)';
      OUTPUT_LOAD='(8,-2)';
      OUTPUT_TYPE='(TS,TS)';
    'Q'<7>:
      PIN_NUMBER='(22)';
      INPUT_LOAD='(-0.01,0.01)';
      OUTPUT_LOAD='(8,-2)';
      OUTPUT_TYPE='(TS,TS)';
    'Q'<6>:
      PIN_NUMBER='(21)';
      INPUT_LOAD='(-0.01,0.01)';
      OUTPUT_LOAD='(8,-2)';
      OUTPUT_TYPE='(TS,TS)';
    'Q'<5>:
      PIN_NUMBER='(20)';
      INPUT_LOAD='(-0.01,0.01)';
      OUTPUT_LOAD='(8,-2)';
      OUTPUT_TYPE='(TS,TS)';
    'Q'<4>:
      PIN_NUMBER='(19)';
      INPUT_LOAD='(-0.01,0.01)';
      OUTPUT_LOAD='(8,-2)';
      OUTPUT_TYPE='(TS,TS)';
    'Q'<3>:
      PIN_NUMBER='(14)';
      INPUT_LOAD='(-0.01,0.01)';
      OUTPUT_LOAD='(8,-2)';
      OUTPUT_TYPE='(TS,TS)';
    'Q'<2>:
      PIN_NUMBER='(13)';
      INPUT_LOAD='(-0.01,0.01)';
      OUTPUT_LOAD='(8,-2)';
      OUTPUT_TYPE='(TS,TS)';
    'Q'<1>:
      PIN_NUMBER='(11)';
      INPUT_LOAD='(-0.01,0.01)';
      OUTPUT_LOAD='(8,-2)';
      OUTPUT_TYPE='(TS,TS)';
    'Q'<0>:
      PIN_NUMBER='(10)';
      INPUT_LOAD='(-0.01,0.01)';
      OUTPUT_LOAD='(8,-2)';
      OUTPUT_TYPE='(TS,TS)';
    '-R':
      PIN_NUMBER='(18)';
      INPUT_LOAD='(-0.01,0.01)';
    '-RS':
      PIN_NUMBER='(25)';
      INPUT_LOAD='(-0.01,0.01)';
    '-W':
      PIN_NUMBER='(2)';
      INPUT_LOAD='(-0.01,0.01)';
    '-XI':
      PIN_NUMBER='(8)';
      INPUT_LOAD='(-0.01,0.01)';
    '-XO/HF':
      PIN_NUMBER='(23)';
      OUTPUT_LOAD='(8,-2)';
  end_pin;
  body
    JEDEC_TYPE='LCCS32';
    CLASS='IC';
    BODY_NAME='IDT7201a';
    PART_NAME='IDT7201a';
    FAMILY='MEMORY';
    TECH='CMOS';  
    POWER_PINS='(VCC:32)';
    POWER_PINS='(GND:16)';
    NC_PINS='(1,12,17,27)';
  end_body;
end_primitive;
END.
