FILE_TYPE=LIBRARY_PARTS ;
TIME=' Compilation on Tue Oct 17 16:06:10 1989  ';
PRIMITIVE 'AD96685';
 PIN
  'GRND1':
   PIN_NUMBER='(1)';
  'LTCH':
   PIN_NUMBER='(6)';
  'INN':
   PIN_NUMBER='(4)';
  'QN':
   PIN_NUMBER='(12)';
  'QP':
   PIN_NUMBER='(11)';
  'INP':
   PIN_NUMBER='(3)';
  'VN':
   PIN_NUMBER='(8)';
  'VP':
   PIN_NUMBER='(2)';
  'GRND2':
   PIN_NUMBER='(16)';
 END_PIN;
 BODY
  PATH='34P';
  DRAWING='ICDEVICES.LOGIC.1.1';
  VER='1';
  XY='(950,2800)';
  PHYS_DES_PREFIX='U';
  DIR='NEWIC.LIB';
  ROT='0';
  NC_PINS='(5,7,9,10,13,14,15)';
  PINCOUNT='16';
  JEDEC_TYPE='SOIC16';
  CLASS='IC';
  SIZE='1';
 END_BODY;
END_PRIMITIVE;
END.
